[2022-12-23T22:34:33.846+0000] {taskinstance.py:1087} INFO - Dependencies all met for <TaskInstance: parking_pipeline.is_api_available scheduled__2022-12-23T22:32:33.152166+00:00 [queued]>
[2022-12-23T22:34:33.852+0000] {taskinstance.py:1087} INFO - Dependencies all met for <TaskInstance: parking_pipeline.is_api_available scheduled__2022-12-23T22:32:33.152166+00:00 [queued]>
[2022-12-23T22:34:33.853+0000] {taskinstance.py:1283} INFO - 
--------------------------------------------------------------------------------
[2022-12-23T22:34:33.854+0000] {taskinstance.py:1284} INFO - Starting attempt 1 of 2
[2022-12-23T22:34:33.855+0000] {taskinstance.py:1285} INFO - 
--------------------------------------------------------------------------------
[2022-12-23T22:34:33.866+0000] {taskinstance.py:1304} INFO - Executing <Task(HttpSensor): is_api_available> on 2022-12-23 22:32:33.152166+00:00
[2022-12-23T22:34:33.871+0000] {standard_task_runner.py:55} INFO - Started process 560 to run task
[2022-12-23T22:34:33.875+0000] {standard_task_runner.py:82} INFO - Running: ['***', 'tasks', 'run', 'parking_pipeline', 'is_api_available', 'scheduled__2022-12-23T22:32:33.152166+00:00', '--job-id', '125', '--raw', '--subdir', 'DAGS_FOLDER/parking_dag.py', '--cfg-path', '/tmp/tmp577__ks1']
[2022-12-23T22:34:33.878+0000] {standard_task_runner.py:83} INFO - Job 125: Subtask is_api_available
[2022-12-23T22:34:34.096+0000] {task_command.py:389} INFO - Running <TaskInstance: parking_pipeline.is_api_available scheduled__2022-12-23T22:32:33.152166+00:00 [running]> on host 1437489fb73b
[2022-12-23T22:34:34.167+0000] {taskinstance.py:1513} INFO - Exporting the following env vars:
AIRFLOW_CTX_DAG_OWNER=Airflow
AIRFLOW_CTX_DAG_ID=parking_pipeline
AIRFLOW_CTX_TASK_ID=is_api_available
AIRFLOW_CTX_EXECUTION_DATE=2022-12-23T22:32:33.152166+00:00
AIRFLOW_CTX_TRY_NUMBER=1
AIRFLOW_CTX_DAG_RUN_ID=scheduled__2022-12-23T22:32:33.152166+00:00
[2022-12-23T22:34:34.169+0000] {http.py:122} INFO - Poking: 
[2022-12-23T22:34:34.182+0000] {base.py:73} INFO - Using connection ID 'is_api_available' for task execution.
[2022-12-23T22:34:34.184+0000] {http.py:150} INFO - Sending 'GET' to url: https://datahub-v2.arlingtonva.us/api/ParkingMeter/ParkingTransactions
[2022-12-23T22:34:34.323+0000] {base.py:228} INFO - Success criteria met. Exiting.
[2022-12-23T22:34:34.336+0000] {taskinstance.py:1327} INFO - Marking task as SUCCESS. dag_id=parking_pipeline, task_id=is_api_available, execution_date=20221223T223233, start_date=20221223T223433, end_date=20221223T223434
[2022-12-23T22:34:34.373+0000] {local_task_job.py:159} INFO - Task exited with return code 0
[2022-12-23T22:34:34.518+0000] {taskinstance.py:2582} INFO - 1 downstream tasks scheduled from follow-on schedule check
