[2024-10-29 03:27:19,687] {taskinstance.py:1159} INFO - Dependencies all met for <TaskInstance: parking_pipeline.load_data scheduled__2024-10-29T03:25:09.727694+00:00 [queued]>
[2024-10-29 03:27:19,704] {taskinstance.py:1159} INFO - Dependencies all met for <TaskInstance: parking_pipeline.load_data scheduled__2024-10-29T03:25:09.727694+00:00 [queued]>
[2024-10-29 03:27:19,705] {taskinstance.py:1356} INFO - 
--------------------------------------------------------------------------------
[2024-10-29 03:27:19,706] {taskinstance.py:1357} INFO - Starting attempt 1 of 2
[2024-10-29 03:27:19,706] {taskinstance.py:1358} INFO - 
--------------------------------------------------------------------------------
[2024-10-29 03:27:19,726] {taskinstance.py:1377} INFO - Executing <Task(PythonOperator): load_data> on 2024-10-29 03:25:09.727694+00:00
[2024-10-29 03:27:19,736] {standard_task_runner.py:52} INFO - Started process 2332 to run task
[2024-10-29 03:27:19,738] {standard_task_runner.py:79} INFO - Running: ['***', 'tasks', 'run', 'parking_pipeline', 'load_data', 'scheduled__2024-10-29T03:25:09.727694+00:00', '--job-id', '842', '--raw', '--subdir', 'DAGS_FOLDER/parking_dag.py', '--cfg-path', '/tmp/tmpjmxq0vi7', '--error-file', '/tmp/tmpoasog09b']
[2024-10-29 03:27:19,740] {standard_task_runner.py:80} INFO - Job 842: Subtask load_data
[2024-10-29 03:27:19,817] {task_command.py:369} INFO - Running <TaskInstance: parking_pipeline.load_data scheduled__2024-10-29T03:25:09.727694+00:00 [running]> on host 6da7af54a32a
[2024-10-29 03:27:19,916] {taskinstance.py:1571} INFO - Exporting the following env vars:
AIRFLOW_CTX_DAG_OWNER=Airflow
AIRFLOW_CTX_DAG_ID=parking_pipeline
AIRFLOW_CTX_TASK_ID=load_data
AIRFLOW_CTX_EXECUTION_DATE=2024-10-29T03:25:09.727694+00:00
AIRFLOW_CTX_TRY_NUMBER=1
AIRFLOW_CTX_DAG_RUN_ID=scheduled__2024-10-29T03:25:09.727694+00:00
[2024-10-29 03:27:19,928] {postgres.py:127} INFO - Running copy expert: COPY parking_data FROM stdin WITH DELIMITER as ',', filename: ./tmp/processed_parking_data_00.csv
[2024-10-29 03:27:19,942] {base.py:68} INFO - Using connection ID 'postgres' for task execution.
[2024-10-29 03:27:19,956] {python.py:173} INFO - Done. Returned value was: None
[2024-10-29 03:27:19,973] {taskinstance.py:1400} INFO - Marking task as SUCCESS. dag_id=parking_pipeline, task_id=load_data, execution_date=20241029T032509, start_date=20241029T032719, end_date=20241029T032719
[2024-10-29 03:27:20,034] {local_task_job.py:156} INFO - Task exited with return code 0
[2024-10-29 03:27:20,076] {local_task_job.py:273} INFO - 0 downstream tasks scheduled from follow-on schedule check
