[2024-10-29 03:01:16,441] {taskinstance.py:1159} INFO - Dependencies all met for <TaskInstance: parking_pipeline.store_data_json scheduled__2024-10-29T02:59:06.469061+00:00 [queued]>
[2024-10-29 03:01:16,463] {taskinstance.py:1159} INFO - Dependencies all met for <TaskInstance: parking_pipeline.store_data_json scheduled__2024-10-29T02:59:06.469061+00:00 [queued]>
[2024-10-29 03:01:16,464] {taskinstance.py:1356} INFO - 
--------------------------------------------------------------------------------
[2024-10-29 03:01:16,465] {taskinstance.py:1357} INFO - Starting attempt 1 of 2
[2024-10-29 03:01:16,465] {taskinstance.py:1358} INFO - 
--------------------------------------------------------------------------------
[2024-10-29 03:01:16,497] {taskinstance.py:1377} INFO - Executing <Task(PythonOperator): store_data_json> on 2024-10-29 02:59:06.469061+00:00
[2024-10-29 03:01:16,509] {standard_task_runner.py:52} INFO - Started process 870 to run task
[2024-10-29 03:01:16,512] {standard_task_runner.py:79} INFO - Running: ['***', 'tasks', 'run', 'parking_pipeline', 'store_data_json', 'scheduled__2024-10-29T02:59:06.469061+00:00', '--job-id', '745', '--raw', '--subdir', 'DAGS_FOLDER/parking_dag.py', '--cfg-path', '/tmp/tmp_ca3r34l', '--error-file', '/tmp/tmp24nzyklr']
[2024-10-29 03:01:16,515] {standard_task_runner.py:80} INFO - Job 745: Subtask store_data_json
[2024-10-29 03:01:16,636] {task_command.py:369} INFO - Running <TaskInstance: parking_pipeline.store_data_json scheduled__2024-10-29T02:59:06.469061+00:00 [running]> on host 6da7af54a32a
[2024-10-29 03:01:16,784] {taskinstance.py:1571} INFO - Exporting the following env vars:
AIRFLOW_CTX_DAG_OWNER=Airflow
AIRFLOW_CTX_DAG_ID=parking_pipeline
AIRFLOW_CTX_TASK_ID=store_data_json
AIRFLOW_CTX_EXECUTION_DATE=2024-10-29T02:59:06.469061+00:00
AIRFLOW_CTX_TRY_NUMBER=1
AIRFLOW_CTX_DAG_RUN_ID=scheduled__2024-10-29T02:59:06.469061+00:00
[2024-10-29 03:01:16,821] {logging_mixin.py:115} INFO - Error storing data in JSON format: 'Variable parking_data_json_path does not exist'. Task will continue.
[2024-10-29 03:01:16,822] {python.py:173} INFO - Done. Returned value was: None
[2024-10-29 03:01:16,847] {taskinstance.py:1400} INFO - Marking task as SUCCESS. dag_id=parking_pipeline, task_id=store_data_json, execution_date=20241029T025906, start_date=20241029T030116, end_date=20241029T030116
[2024-10-29 03:01:16,888] {local_task_job.py:156} INFO - Task exited with return code 0
[2024-10-29 03:01:16,970] {local_task_job.py:273} INFO - 1 downstream tasks scheduled from follow-on schedule check
