[2022-12-26 21:19:49,196] {taskinstance.py:1159} INFO - Dependencies all met for <TaskInstance: parking_pipeline.is_api_available manual__2022-12-26T21:19:47.851287+00:00 [queued]>
[2022-12-26 21:19:49,203] {taskinstance.py:1159} INFO - Dependencies all met for <TaskInstance: parking_pipeline.is_api_available manual__2022-12-26T21:19:47.851287+00:00 [queued]>
[2022-12-26 21:19:49,203] {taskinstance.py:1356} INFO - 
--------------------------------------------------------------------------------
[2022-12-26 21:19:49,204] {taskinstance.py:1357} INFO - Starting attempt 1 of 2
[2022-12-26 21:19:49,205] {taskinstance.py:1358} INFO - 
--------------------------------------------------------------------------------
[2022-12-26 21:19:49,214] {taskinstance.py:1377} INFO - Executing <Task(HttpSensor): is_api_available> on 2022-12-26 21:19:47.851287+00:00
[2022-12-26 21:19:49,219] {standard_task_runner.py:52} INFO - Started process 4438 to run task
[2022-12-26 21:19:49,224] {standard_task_runner.py:79} INFO - Running: ['***', 'tasks', 'run', 'parking_pipeline', 'is_api_available', 'manual__2022-12-26T21:19:47.851287+00:00', '--job-id', '180', '--raw', '--subdir', 'DAGS_FOLDER/parking_dag.py', '--cfg-path', '/tmp/tmpy13lvp2g', '--error-file', '/tmp/tmpz1y5r4gp']
[2022-12-26 21:19:49,226] {standard_task_runner.py:80} INFO - Job 180: Subtask is_api_available
[2022-12-26 21:19:49,280] {task_command.py:369} INFO - Running <TaskInstance: parking_pipeline.is_api_available manual__2022-12-26T21:19:47.851287+00:00 [running]> on host 3d3eee352115
[2022-12-26 21:19:49,349] {taskinstance.py:1571} INFO - Exporting the following env vars:
AIRFLOW_CTX_DAG_OWNER=Airflow
AIRFLOW_CTX_DAG_ID=parking_pipeline
AIRFLOW_CTX_TASK_ID=is_api_available
AIRFLOW_CTX_EXECUTION_DATE=2022-12-26T21:19:47.851287+00:00
AIRFLOW_CTX_TRY_NUMBER=1
AIRFLOW_CTX_DAG_RUN_ID=manual__2022-12-26T21:19:47.851287+00:00
[2022-12-26 21:19:49,350] {http.py:97} INFO - Poking: 
[2022-12-26 21:19:49,361] {base.py:68} INFO - Using connection ID 'is_api_available' for task execution.
[2022-12-26 21:19:49,363] {http.py:129} INFO - Sending 'GET' to url: https://datahub-v2.arlingtonva.us/api/ParkingMeter/ParkingTransactions
[2022-12-26 21:19:49,520] {base.py:301} INFO - Success criteria met. Exiting.
[2022-12-26 21:19:49,537] {taskinstance.py:1400} INFO - Marking task as SUCCESS. dag_id=parking_pipeline, task_id=is_api_available, execution_date=20221226T211947, start_date=20221226T211949, end_date=20221226T211949
[2022-12-26 21:19:49,565] {local_task_job.py:156} INFO - Task exited with return code 0
[2022-12-26 21:19:49,606] {local_task_job.py:273} INFO - 1 downstream tasks scheduled from follow-on schedule check
