[2024-10-29 02:03:10,026] {taskinstance.py:1159} INFO - Dependencies all met for <TaskInstance: parking_pipeline.load_data scheduled__2024-10-29T02:01:00.645479+00:00 [queued]>
[2024-10-29 02:03:10,043] {taskinstance.py:1159} INFO - Dependencies all met for <TaskInstance: parking_pipeline.load_data scheduled__2024-10-29T02:01:00.645479+00:00 [queued]>
[2024-10-29 02:03:10,044] {taskinstance.py:1356} INFO - 
--------------------------------------------------------------------------------
[2024-10-29 02:03:10,045] {taskinstance.py:1357} INFO - Starting attempt 1 of 2
[2024-10-29 02:03:10,045] {taskinstance.py:1358} INFO - 
--------------------------------------------------------------------------------
[2024-10-29 02:03:10,066] {taskinstance.py:1377} INFO - Executing <Task(PythonOperator): load_data> on 2024-10-29 02:01:00.645479+00:00
[2024-10-29 02:03:10,074] {standard_task_runner.py:52} INFO - Started process 875 to run task
[2024-10-29 02:03:10,077] {standard_task_runner.py:79} INFO - Running: ['***', 'tasks', 'run', 'parking_pipeline', 'load_data', 'scheduled__2024-10-29T02:01:00.645479+00:00', '--job-id', '429', '--raw', '--subdir', 'DAGS_FOLDER/parking_dag.py', '--cfg-path', '/tmp/tmphypyr03j', '--error-file', '/tmp/tmpx9mtmvr8']
[2024-10-29 02:03:10,079] {standard_task_runner.py:80} INFO - Job 429: Subtask load_data
[2024-10-29 02:03:10,153] {task_command.py:369} INFO - Running <TaskInstance: parking_pipeline.load_data scheduled__2024-10-29T02:01:00.645479+00:00 [running]> on host 34572bdb7b7c
[2024-10-29 02:03:10,263] {taskinstance.py:1571} INFO - Exporting the following env vars:
AIRFLOW_CTX_DAG_OWNER=Airflow
AIRFLOW_CTX_DAG_ID=parking_pipeline
AIRFLOW_CTX_TASK_ID=load_data
AIRFLOW_CTX_EXECUTION_DATE=2024-10-29T02:01:00.645479+00:00
AIRFLOW_CTX_TRY_NUMBER=1
AIRFLOW_CTX_DAG_RUN_ID=scheduled__2024-10-29T02:01:00.645479+00:00
[2024-10-29 02:03:10,278] {postgres.py:127} INFO - Running copy expert: COPY parking_data FROM stdin WITH DELIMITER as ',', filename: ./tmp/processed_parking_data_00.csv
[2024-10-29 02:03:10,294] {base.py:68} INFO - Using connection ID 'postgres' for task execution.
[2024-10-29 02:03:10,306] {python.py:173} INFO - Done. Returned value was: None
[2024-10-29 02:03:10,328] {taskinstance.py:1400} INFO - Marking task as SUCCESS. dag_id=parking_pipeline, task_id=load_data, execution_date=20241029T020100, start_date=20241029T020310, end_date=20241029T020310
[2024-10-29 02:03:10,374] {local_task_job.py:156} INFO - Task exited with return code 0
[2024-10-29 02:03:10,418] {local_task_job.py:273} INFO - 0 downstream tasks scheduled from follow-on schedule check
