[2024-10-20 13:24:10,111] {taskinstance.py:1159} INFO - Dependencies all met for <TaskInstance: parking_pipeline.is_api_available scheduled__2024-10-20T13:21:26.542506+00:00 [queued]>
[2024-10-20 13:24:10,123] {taskinstance.py:1159} INFO - Dependencies all met for <TaskInstance: parking_pipeline.is_api_available scheduled__2024-10-20T13:21:26.542506+00:00 [queued]>
[2024-10-20 13:24:10,124] {taskinstance.py:1356} INFO - 
--------------------------------------------------------------------------------
[2024-10-20 13:24:10,125] {taskinstance.py:1357} INFO - Starting attempt 1 of 2
[2024-10-20 13:24:10,125] {taskinstance.py:1358} INFO - 
--------------------------------------------------------------------------------
[2024-10-20 13:24:10,147] {taskinstance.py:1377} INFO - Executing <Task(HttpSensor): is_api_available> on 2024-10-20 13:21:26.542506+00:00
[2024-10-20 13:24:10,154] {standard_task_runner.py:52} INFO - Started process 74 to run task
[2024-10-20 13:24:10,158] {standard_task_runner.py:79} INFO - Running: ['***', 'tasks', 'run', 'parking_pipeline', 'is_api_available', 'scheduled__2024-10-20T13:21:26.542506+00:00', '--job-id', '105', '--raw', '--subdir', 'DAGS_FOLDER/parking_dag.py', '--cfg-path', '/tmp/tmp7qo7hmfq', '--error-file', '/tmp/tmp0aspusrv']
[2024-10-20 13:24:10,159] {standard_task_runner.py:80} INFO - Job 105: Subtask is_api_available
[2024-10-20 13:24:10,223] {task_command.py:369} INFO - Running <TaskInstance: parking_pipeline.is_api_available scheduled__2024-10-20T13:21:26.542506+00:00 [running]> on host cca6e04cab7b
[2024-10-20 13:24:10,302] {taskinstance.py:1571} INFO - Exporting the following env vars:
AIRFLOW_CTX_DAG_OWNER=Airflow
AIRFLOW_CTX_DAG_ID=parking_pipeline
AIRFLOW_CTX_TASK_ID=is_api_available
AIRFLOW_CTX_EXECUTION_DATE=2024-10-20T13:21:26.542506+00:00
AIRFLOW_CTX_TRY_NUMBER=1
AIRFLOW_CTX_DAG_RUN_ID=scheduled__2024-10-20T13:21:26.542506+00:00
[2024-10-20 13:24:10,303] {http.py:97} INFO - Poking: 
[2024-10-20 13:24:10,316] {base.py:68} INFO - Using connection ID 'is_api_available' for task execution.
[2024-10-20 13:24:10,318] {http.py:129} INFO - Sending 'GET' to url: https://datahub-v2.arlingtonva.us/api/ParkingMeter/ParkingTransactions
[2024-10-20 13:24:12,279] {base.py:301} INFO - Success criteria met. Exiting.
[2024-10-20 13:24:12,309] {taskinstance.py:1400} INFO - Marking task as SUCCESS. dag_id=parking_pipeline, task_id=is_api_available, execution_date=20241020T132126, start_date=20241020T132410, end_date=20241020T132412
[2024-10-20 13:24:12,340] {local_task_job.py:156} INFO - Task exited with return code 0
[2024-10-20 13:24:12,417] {local_task_job.py:273} INFO - 1 downstream tasks scheduled from follow-on schedule check
