[2024-10-20 14:44:34,071] {taskinstance.py:1159} INFO - Dependencies all met for <TaskInstance: parking_pipeline.load_data scheduled__2024-10-20T14:42:26.233770+00:00 [queued]>
[2024-10-20 14:44:34,083] {taskinstance.py:1159} INFO - Dependencies all met for <TaskInstance: parking_pipeline.load_data scheduled__2024-10-20T14:42:26.233770+00:00 [queued]>
[2024-10-20 14:44:34,084] {taskinstance.py:1356} INFO - 
--------------------------------------------------------------------------------
[2024-10-20 14:44:34,084] {taskinstance.py:1357} INFO - Starting attempt 1 of 2
[2024-10-20 14:44:34,085] {taskinstance.py:1358} INFO - 
--------------------------------------------------------------------------------
[2024-10-20 14:44:34,102] {taskinstance.py:1377} INFO - Executing <Task(PythonOperator): load_data> on 2024-10-20 14:42:26.233770+00:00
[2024-10-20 14:44:34,109] {standard_task_runner.py:52} INFO - Started process 2506 to run task
[2024-10-20 14:44:34,112] {standard_task_runner.py:79} INFO - Running: ['***', 'tasks', 'run', 'parking_pipeline', 'load_data', 'scheduled__2024-10-20T14:42:26.233770+00:00', '--job-id', '294', '--raw', '--subdir', 'DAGS_FOLDER/parking_dag.py', '--cfg-path', '/tmp/tmphd9zc69u', '--error-file', '/tmp/tmp3va9h9_k']
[2024-10-20 14:44:34,113] {standard_task_runner.py:80} INFO - Job 294: Subtask load_data
[2024-10-20 14:44:34,169] {task_command.py:369} INFO - Running <TaskInstance: parking_pipeline.load_data scheduled__2024-10-20T14:42:26.233770+00:00 [running]> on host 4047801f839c
[2024-10-20 14:44:34,252] {taskinstance.py:1571} INFO - Exporting the following env vars:
AIRFLOW_CTX_DAG_OWNER=Airflow
AIRFLOW_CTX_DAG_ID=parking_pipeline
AIRFLOW_CTX_TASK_ID=load_data
AIRFLOW_CTX_EXECUTION_DATE=2024-10-20T14:42:26.233770+00:00
AIRFLOW_CTX_TRY_NUMBER=1
AIRFLOW_CTX_DAG_RUN_ID=scheduled__2024-10-20T14:42:26.233770+00:00
[2024-10-20 14:44:34,261] {postgres.py:127} INFO - Running copy expert: COPY parking_data FROM stdin WITH DELIMITER as ',', filename: ./tmp/processed_parking_data_00.csv
[2024-10-20 14:44:34,272] {base.py:68} INFO - Using connection ID 'postgres' for task execution.
[2024-10-20 14:44:34,281] {python.py:173} INFO - Done. Returned value was: None
[2024-10-20 14:44:34,295] {taskinstance.py:1400} INFO - Marking task as SUCCESS. dag_id=parking_pipeline, task_id=load_data, execution_date=20241020T144226, start_date=20241020T144434, end_date=20241020T144434
[2024-10-20 14:44:34,326] {local_task_job.py:156} INFO - Task exited with return code 0
[2024-10-20 14:44:34,361] {local_task_job.py:273} INFO - 0 downstream tasks scheduled from follow-on schedule check
