[2024-10-29 02:52:58,264] {taskinstance.py:1159} INFO - Dependencies all met for <TaskInstance: parking_pipeline.store_data_csv scheduled__2024-10-29T02:50:47.869139+00:00 [queued]>
[2024-10-29 02:52:58,278] {taskinstance.py:1159} INFO - Dependencies all met for <TaskInstance: parking_pipeline.store_data_csv scheduled__2024-10-29T02:50:47.869139+00:00 [queued]>
[2024-10-29 02:52:58,279] {taskinstance.py:1356} INFO - 
--------------------------------------------------------------------------------
[2024-10-29 02:52:58,280] {taskinstance.py:1357} INFO - Starting attempt 1 of 2
[2024-10-29 02:52:58,281] {taskinstance.py:1358} INFO - 
--------------------------------------------------------------------------------
[2024-10-29 02:52:58,304] {taskinstance.py:1377} INFO - Executing <Task(PythonOperator): store_data_csv> on 2024-10-29 02:50:47.869139+00:00
[2024-10-29 02:52:58,311] {standard_task_runner.py:52} INFO - Started process 294 to run task
[2024-10-29 02:52:58,315] {standard_task_runner.py:79} INFO - Running: ['***', 'tasks', 'run', 'parking_pipeline', 'store_data_csv', 'scheduled__2024-10-29T02:50:47.869139+00:00', '--job-id', '665', '--raw', '--subdir', 'DAGS_FOLDER/parking_dag.py', '--cfg-path', '/tmp/tmpq1l7scj_', '--error-file', '/tmp/tmp21sln8bt']
[2024-10-29 02:52:58,316] {standard_task_runner.py:80} INFO - Job 665: Subtask store_data_csv
[2024-10-29 02:52:58,384] {task_command.py:369} INFO - Running <TaskInstance: parking_pipeline.store_data_csv scheduled__2024-10-29T02:50:47.869139+00:00 [running]> on host 6da7af54a32a
[2024-10-29 02:52:58,491] {taskinstance.py:1571} INFO - Exporting the following env vars:
AIRFLOW_CTX_DAG_OWNER=Airflow
AIRFLOW_CTX_DAG_ID=parking_pipeline
AIRFLOW_CTX_TASK_ID=store_data_csv
AIRFLOW_CTX_EXECUTION_DATE=2024-10-29T02:50:47.869139+00:00
AIRFLOW_CTX_TRY_NUMBER=1
AIRFLOW_CTX_DAG_RUN_ID=scheduled__2024-10-29T02:50:47.869139+00:00
[2024-10-29 02:52:58,539] {python.py:173} INFO - Done. Returned value was: None
[2024-10-29 02:52:58,579] {taskinstance.py:1400} INFO - Marking task as SUCCESS. dag_id=parking_pipeline, task_id=store_data_csv, execution_date=20241029T025047, start_date=20241029T025258, end_date=20241029T025258
[2024-10-29 02:52:58,608] {local_task_job.py:156} INFO - Task exited with return code 0
[2024-10-29 02:52:58,657] {local_task_job.py:273} INFO - 1 downstream tasks scheduled from follow-on schedule check
