[2022-12-26 20:06:52,298] {taskinstance.py:1159} INFO - Dependencies all met for <TaskInstance: parking_pipeline.create_table scheduled__2022-12-26T20:04:49.971774+00:00 [queued]>
[2022-12-26 20:06:52,307] {taskinstance.py:1159} INFO - Dependencies all met for <TaskInstance: parking_pipeline.create_table scheduled__2022-12-26T20:04:49.971774+00:00 [queued]>
[2022-12-26 20:06:52,307] {taskinstance.py:1356} INFO - 
--------------------------------------------------------------------------------
[2022-12-26 20:06:52,308] {taskinstance.py:1357} INFO - Starting attempt 1 of 2
[2022-12-26 20:06:52,309] {taskinstance.py:1358} INFO - 
--------------------------------------------------------------------------------
[2022-12-26 20:06:52,318] {taskinstance.py:1377} INFO - Executing <Task(PostgresOperator): create_table> on 2022-12-26 20:04:49.971774+00:00
[2022-12-26 20:06:52,323] {standard_task_runner.py:52} INFO - Started process 303 to run task
[2022-12-26 20:06:52,327] {standard_task_runner.py:79} INFO - Running: ['***', 'tasks', 'run', 'parking_pipeline', 'create_table', 'scheduled__2022-12-26T20:04:49.971774+00:00', '--job-id', '9', '--raw', '--subdir', 'DAGS_FOLDER/parking_dag.py', '--cfg-path', '/tmp/tmpq765d_kk', '--error-file', '/tmp/tmpxh6m2e4n']
[2022-12-26 20:06:52,329] {standard_task_runner.py:80} INFO - Job 9: Subtask create_table
[2022-12-26 20:06:52,385] {task_command.py:369} INFO - Running <TaskInstance: parking_pipeline.create_table scheduled__2022-12-26T20:04:49.971774+00:00 [running]> on host 3d3eee352115
[2022-12-26 20:06:52,449] {taskinstance.py:1571} INFO - Exporting the following env vars:
AIRFLOW_CTX_DAG_OWNER=Airflow
AIRFLOW_CTX_DAG_ID=parking_pipeline
AIRFLOW_CTX_TASK_ID=create_table
AIRFLOW_CTX_EXECUTION_DATE=2022-12-26T20:04:49.971774+00:00
AIRFLOW_CTX_TRY_NUMBER=1
AIRFLOW_CTX_DAG_RUN_ID=scheduled__2022-12-26T20:04:49.971774+00:00
[2022-12-26 20:06:52,459] {base.py:68} INFO - Using connection ID 'postgres' for task execution.
[2022-12-26 20:06:52,466] {dbapi.py:208} INFO - Running statement: 
            drop table if exists parking_data;
            create table parking_data(
                parkingTransactionKey int not null,
                symbol text not null
            );
        , parameters: None
[2022-12-26 20:06:52,486] {taskinstance.py:1400} INFO - Marking task as SUCCESS. dag_id=parking_pipeline, task_id=create_table, execution_date=20221226T200449, start_date=20221226T200652, end_date=20221226T200652
[2022-12-26 20:06:52,542] {local_task_job.py:156} INFO - Task exited with return code 0
[2022-12-26 20:06:52,578] {local_task_job.py:273} INFO - 1 downstream tasks scheduled from follow-on schedule check
