[2024-10-29 02:55:08,379] {taskinstance.py:1159} INFO - Dependencies all met for <TaskInstance: parking_pipeline.store_data_json scheduled__2024-10-29T02:52:55.489732+00:00 [queued]>
[2024-10-29 02:55:08,399] {taskinstance.py:1159} INFO - Dependencies all met for <TaskInstance: parking_pipeline.store_data_json scheduled__2024-10-29T02:52:55.489732+00:00 [queued]>
[2024-10-29 02:55:08,400] {taskinstance.py:1356} INFO - 
--------------------------------------------------------------------------------
[2024-10-29 02:55:08,401] {taskinstance.py:1357} INFO - Starting attempt 1 of 2
[2024-10-29 02:55:08,401] {taskinstance.py:1358} INFO - 
--------------------------------------------------------------------------------
[2024-10-29 02:55:08,432] {taskinstance.py:1377} INFO - Executing <Task(PythonOperator): store_data_json> on 2024-10-29 02:52:55.489732+00:00
[2024-10-29 02:55:08,443] {standard_task_runner.py:52} INFO - Started process 481 to run task
[2024-10-29 02:55:08,448] {standard_task_runner.py:79} INFO - Running: ['***', 'tasks', 'run', 'parking_pipeline', 'store_data_json', 'scheduled__2024-10-29T02:52:55.489732+00:00', '--job-id', '696', '--raw', '--subdir', 'DAGS_FOLDER/parking_dag.py', '--cfg-path', '/tmp/tmphxikw4qj', '--error-file', '/tmp/tmp58f7m9j8']
[2024-10-29 02:55:08,450] {standard_task_runner.py:80} INFO - Job 696: Subtask store_data_json
[2024-10-29 02:55:08,562] {task_command.py:369} INFO - Running <TaskInstance: parking_pipeline.store_data_json scheduled__2024-10-29T02:52:55.489732+00:00 [running]> on host 6da7af54a32a
[2024-10-29 02:55:08,729] {taskinstance.py:1571} INFO - Exporting the following env vars:
AIRFLOW_CTX_DAG_OWNER=Airflow
AIRFLOW_CTX_DAG_ID=parking_pipeline
AIRFLOW_CTX_TASK_ID=store_data_json
AIRFLOW_CTX_EXECUTION_DATE=2024-10-29T02:52:55.489732+00:00
AIRFLOW_CTX_TRY_NUMBER=1
AIRFLOW_CTX_DAG_RUN_ID=scheduled__2024-10-29T02:52:55.489732+00:00
[2024-10-29 02:55:08,772] {logging_mixin.py:115} INFO - Error storing data in JSON format: 'Variable parking_data_json_path does not exist'. Task will continue.
[2024-10-29 02:55:08,773] {python.py:173} INFO - Done. Returned value was: None
[2024-10-29 02:55:08,801] {taskinstance.py:1400} INFO - Marking task as SUCCESS. dag_id=parking_pipeline, task_id=store_data_json, execution_date=20241029T025255, start_date=20241029T025508, end_date=20241029T025508
[2024-10-29 02:55:08,863] {local_task_job.py:156} INFO - Task exited with return code 0
[2024-10-29 02:55:08,968] {local_task_job.py:273} INFO - 1 downstream tasks scheduled from follow-on schedule check
