[2022-12-23T21:42:13.116+0000] {taskinstance.py:1087} INFO - Dependencies all met for <TaskInstance: parking_pipeline.is_api_available scheduled__2022-12-23T21:40:11.669810+00:00 [queued]>
[2022-12-23T21:42:13.123+0000] {taskinstance.py:1087} INFO - Dependencies all met for <TaskInstance: parking_pipeline.is_api_available scheduled__2022-12-23T21:40:11.669810+00:00 [queued]>
[2022-12-23T21:42:13.124+0000] {taskinstance.py:1283} INFO - 
--------------------------------------------------------------------------------
[2022-12-23T21:42:13.124+0000] {taskinstance.py:1284} INFO - Starting attempt 1 of 2
[2022-12-23T21:42:13.125+0000] {taskinstance.py:1285} INFO - 
--------------------------------------------------------------------------------
[2022-12-23T21:42:13.137+0000] {taskinstance.py:1304} INFO - Executing <Task(HttpSensor): is_api_available> on 2022-12-23 21:40:11.669810+00:00
[2022-12-23T21:42:13.142+0000] {standard_task_runner.py:55} INFO - Started process 11721 to run task
[2022-12-23T21:42:13.146+0000] {standard_task_runner.py:82} INFO - Running: ['***', 'tasks', 'run', 'parking_pipeline', 'is_api_available', 'scheduled__2022-12-23T21:40:11.669810+00:00', '--job-id', '47', '--raw', '--subdir', 'DAGS_FOLDER/parking_dag.py', '--cfg-path', '/tmp/tmp232bcpta']
[2022-12-23T21:42:13.149+0000] {standard_task_runner.py:83} INFO - Job 47: Subtask is_api_available
[2022-12-23T21:42:13.229+0000] {task_command.py:389} INFO - Running <TaskInstance: parking_pipeline.is_api_available scheduled__2022-12-23T21:40:11.669810+00:00 [running]> on host 0330eddd684a
[2022-12-23T21:42:13.532+0000] {taskinstance.py:1513} INFO - Exporting the following env vars:
AIRFLOW_CTX_DAG_OWNER=Airflow
AIRFLOW_CTX_DAG_ID=parking_pipeline
AIRFLOW_CTX_TASK_ID=is_api_available
AIRFLOW_CTX_EXECUTION_DATE=2022-12-23T21:40:11.669810+00:00
AIRFLOW_CTX_TRY_NUMBER=1
AIRFLOW_CTX_DAG_RUN_ID=scheduled__2022-12-23T21:40:11.669810+00:00
[2022-12-23T21:42:13.534+0000] {http.py:122} INFO - Poking: 
[2022-12-23T21:42:13.545+0000] {base.py:73} INFO - Using connection ID 'is_api_available' for task execution.
[2022-12-23T21:42:13.547+0000] {http.py:150} INFO - Sending 'GET' to url: https://datahub-v2.arlingtonva.us/api/ParkingMeter/ParkingTransactions
[2022-12-23T21:42:13.693+0000] {base.py:228} INFO - Success criteria met. Exiting.
[2022-12-23T21:42:13.706+0000] {taskinstance.py:1327} INFO - Marking task as SUCCESS. dag_id=parking_pipeline, task_id=is_api_available, execution_date=20221223T214011, start_date=20221223T214213, end_date=20221223T214213
[2022-12-23T21:42:13.768+0000] {local_task_job.py:159} INFO - Task exited with return code 0
[2022-12-23T21:42:13.797+0000] {taskinstance.py:2582} INFO - 1 downstream tasks scheduled from follow-on schedule check
