[2024-10-29 01:57:09,816] {taskinstance.py:1159} INFO - Dependencies all met for <TaskInstance: parking_pipeline.load_data scheduled__2024-10-29T01:55:00.645479+00:00 [queued]>
[2024-10-29 01:57:09,833] {taskinstance.py:1159} INFO - Dependencies all met for <TaskInstance: parking_pipeline.load_data scheduled__2024-10-29T01:55:00.645479+00:00 [queued]>
[2024-10-29 01:57:09,833] {taskinstance.py:1356} INFO - 
--------------------------------------------------------------------------------
[2024-10-29 01:57:09,844] {taskinstance.py:1357} INFO - Starting attempt 1 of 2
[2024-10-29 01:57:09,845] {taskinstance.py:1358} INFO - 
--------------------------------------------------------------------------------
[2024-10-29 01:57:09,868] {taskinstance.py:1377} INFO - Executing <Task(PythonOperator): load_data> on 2024-10-29 01:55:00.645479+00:00
[2024-10-29 01:57:09,876] {standard_task_runner.py:52} INFO - Started process 568 to run task
[2024-10-29 01:57:09,879] {standard_task_runner.py:79} INFO - Running: ['***', 'tasks', 'run', 'parking_pipeline', 'load_data', 'scheduled__2024-10-29T01:55:00.645479+00:00', '--job-id', '414', '--raw', '--subdir', 'DAGS_FOLDER/parking_dag.py', '--cfg-path', '/tmp/tmphfgzl8f1', '--error-file', '/tmp/tmptzx2kagw']
[2024-10-29 01:57:09,881] {standard_task_runner.py:80} INFO - Job 414: Subtask load_data
[2024-10-29 01:57:09,960] {task_command.py:369} INFO - Running <TaskInstance: parking_pipeline.load_data scheduled__2024-10-29T01:55:00.645479+00:00 [running]> on host 34572bdb7b7c
[2024-10-29 01:57:10,064] {taskinstance.py:1571} INFO - Exporting the following env vars:
AIRFLOW_CTX_DAG_OWNER=Airflow
AIRFLOW_CTX_DAG_ID=parking_pipeline
AIRFLOW_CTX_TASK_ID=load_data
AIRFLOW_CTX_EXECUTION_DATE=2024-10-29T01:55:00.645479+00:00
AIRFLOW_CTX_TRY_NUMBER=1
AIRFLOW_CTX_DAG_RUN_ID=scheduled__2024-10-29T01:55:00.645479+00:00
[2024-10-29 01:57:10,075] {postgres.py:127} INFO - Running copy expert: COPY parking_data FROM stdin WITH DELIMITER as ',', filename: ./tmp/processed_parking_data_00.csv
[2024-10-29 01:57:10,087] {base.py:68} INFO - Using connection ID 'postgres' for task execution.
[2024-10-29 01:57:10,096] {python.py:173} INFO - Done. Returned value was: None
[2024-10-29 01:57:10,113] {taskinstance.py:1400} INFO - Marking task as SUCCESS. dag_id=parking_pipeline, task_id=load_data, execution_date=20241029T015500, start_date=20241029T015709, end_date=20241029T015710
[2024-10-29 01:57:10,173] {local_task_job.py:156} INFO - Task exited with return code 0
[2024-10-29 01:57:10,219] {local_task_job.py:273} INFO - 0 downstream tasks scheduled from follow-on schedule check
