[2024-10-20 14:22:32,951] {taskinstance.py:1159} INFO - Dependencies all met for <TaskInstance: parking_pipeline.transform_data scheduled__2024-10-20T14:20:25.775451+00:00 [queued]>
[2024-10-20 14:22:32,964] {taskinstance.py:1159} INFO - Dependencies all met for <TaskInstance: parking_pipeline.transform_data scheduled__2024-10-20T14:20:25.775451+00:00 [queued]>
[2024-10-20 14:22:32,964] {taskinstance.py:1356} INFO - 
--------------------------------------------------------------------------------
[2024-10-20 14:22:32,965] {taskinstance.py:1357} INFO - Starting attempt 1 of 2
[2024-10-20 14:22:32,965] {taskinstance.py:1358} INFO - 
--------------------------------------------------------------------------------
[2024-10-20 14:22:32,983] {taskinstance.py:1377} INFO - Executing <Task(PythonOperator): transform_data> on 2024-10-20 14:20:25.775451+00:00
[2024-10-20 14:22:32,991] {standard_task_runner.py:52} INFO - Started process 1328 to run task
[2024-10-20 14:22:32,993] {standard_task_runner.py:79} INFO - Running: ['***', 'tasks', 'run', 'parking_pipeline', 'transform_data', 'scheduled__2024-10-20T14:20:25.775451+00:00', '--job-id', '238', '--raw', '--subdir', 'DAGS_FOLDER/parking_dag.py', '--cfg-path', '/tmp/tmpx362cdum', '--error-file', '/tmp/tmpuwblq7zg']
[2024-10-20 14:22:32,994] {standard_task_runner.py:80} INFO - Job 238: Subtask transform_data
[2024-10-20 14:22:33,053] {task_command.py:369} INFO - Running <TaskInstance: parking_pipeline.transform_data scheduled__2024-10-20T14:20:25.775451+00:00 [running]> on host 4047801f839c
[2024-10-20 14:22:33,151] {taskinstance.py:1571} INFO - Exporting the following env vars:
AIRFLOW_CTX_DAG_OWNER=Airflow
AIRFLOW_CTX_DAG_ID=parking_pipeline
AIRFLOW_CTX_TASK_ID=transform_data
AIRFLOW_CTX_EXECUTION_DATE=2024-10-20T14:20:25.775451+00:00
AIRFLOW_CTX_TRY_NUMBER=1
AIRFLOW_CTX_DAG_RUN_ID=scheduled__2024-10-20T14:20:25.775451+00:00
[2024-10-20 14:22:33,181] {python.py:173} INFO - Done. Returned value was: None
[2024-10-20 14:22:33,195] {taskinstance.py:1400} INFO - Marking task as SUCCESS. dag_id=parking_pipeline, task_id=transform_data, execution_date=20241020T142025, start_date=20241020T142232, end_date=20241020T142233
[2024-10-20 14:22:33,247] {local_task_job.py:156} INFO - Task exited with return code 0
[2024-10-20 14:22:33,289] {local_task_job.py:273} INFO - 1 downstream tasks scheduled from follow-on schedule check
