[2022-12-26 20:35:05,621] {taskinstance.py:1159} INFO - Dependencies all met for <TaskInstance: parking_pipeline.transform_data scheduled__2022-12-26T20:33:00.988104+00:00 [queued]>
[2022-12-26 20:35:05,627] {taskinstance.py:1159} INFO - Dependencies all met for <TaskInstance: parking_pipeline.transform_data scheduled__2022-12-26T20:33:00.988104+00:00 [queued]>
[2022-12-26 20:35:05,628] {taskinstance.py:1356} INFO - 
--------------------------------------------------------------------------------
[2022-12-26 20:35:05,628] {taskinstance.py:1357} INFO - Starting attempt 1 of 2
[2022-12-26 20:35:05,629] {taskinstance.py:1358} INFO - 
--------------------------------------------------------------------------------
[2022-12-26 20:35:05,639] {taskinstance.py:1377} INFO - Executing <Task(PythonOperator): transform_data> on 2022-12-26 20:33:00.988104+00:00
[2022-12-26 20:35:05,643] {standard_task_runner.py:52} INFO - Started process 1951 to run task
[2022-12-26 20:35:05,647] {standard_task_runner.py:79} INFO - Running: ['***', 'tasks', 'run', 'parking_pipeline', 'transform_data', 'scheduled__2022-12-26T20:33:00.988104+00:00', '--job-id', '91', '--raw', '--subdir', 'DAGS_FOLDER/parking_dag.py', '--cfg-path', '/tmp/tmpl4nt12qg', '--error-file', '/tmp/tmpcan52oke']
[2022-12-26 20:35:05,648] {standard_task_runner.py:80} INFO - Job 91: Subtask transform_data
[2022-12-26 20:35:05,704] {task_command.py:369} INFO - Running <TaskInstance: parking_pipeline.transform_data scheduled__2022-12-26T20:33:00.988104+00:00 [running]> on host 3d3eee352115
[2022-12-26 20:35:05,777] {taskinstance.py:1571} INFO - Exporting the following env vars:
AIRFLOW_CTX_DAG_OWNER=Airflow
AIRFLOW_CTX_DAG_ID=parking_pipeline
AIRFLOW_CTX_TASK_ID=transform_data
AIRFLOW_CTX_EXECUTION_DATE=2022-12-26T20:33:00.988104+00:00
AIRFLOW_CTX_TRY_NUMBER=1
AIRFLOW_CTX_DAG_RUN_ID=scheduled__2022-12-26T20:33:00.988104+00:00
[2022-12-26 20:35:05,805] {python.py:173} INFO - Done. Returned value was: None
[2022-12-26 20:35:05,822] {taskinstance.py:1400} INFO - Marking task as SUCCESS. dag_id=parking_pipeline, task_id=transform_data, execution_date=20221226T203300, start_date=20221226T203505, end_date=20221226T203505
[2022-12-26 20:35:05,861] {local_task_job.py:156} INFO - Task exited with return code 0
[2022-12-26 20:35:05,892] {local_task_job.py:273} INFO - 0 downstream tasks scheduled from follow-on schedule check
