[2022-12-27 23:27:45,205] {taskinstance.py:1159} INFO - Dependencies all met for <TaskInstance: parking_pipeline.create_table manual__2022-12-27T23:27:42.865732+00:00 [queued]>
[2022-12-27 23:27:45,212] {taskinstance.py:1159} INFO - Dependencies all met for <TaskInstance: parking_pipeline.create_table manual__2022-12-27T23:27:42.865732+00:00 [queued]>
[2022-12-27 23:27:45,213] {taskinstance.py:1356} INFO - 
--------------------------------------------------------------------------------
[2022-12-27 23:27:45,214] {taskinstance.py:1357} INFO - Starting attempt 1 of 2
[2022-12-27 23:27:45,214] {taskinstance.py:1358} INFO - 
--------------------------------------------------------------------------------
[2022-12-27 23:27:45,223] {taskinstance.py:1377} INFO - Executing <Task(PostgresOperator): create_table> on 2022-12-27 23:27:42.865732+00:00
[2022-12-27 23:27:45,228] {standard_task_runner.py:52} INFO - Started process 14136 to run task
[2022-12-27 23:27:45,232] {standard_task_runner.py:79} INFO - Running: ['***', 'tasks', 'run', 'parking_pipeline', 'create_table', 'manual__2022-12-27T23:27:42.865732+00:00', '--job-id', '741', '--raw', '--subdir', 'DAGS_FOLDER/parking_dag.py', '--cfg-path', '/tmp/tmpau2tog96', '--error-file', '/tmp/tmp_m2aplgz']
[2022-12-27 23:27:45,234] {standard_task_runner.py:80} INFO - Job 741: Subtask create_table
[2022-12-27 23:27:45,289] {task_command.py:369} INFO - Running <TaskInstance: parking_pipeline.create_table manual__2022-12-27T23:27:42.865732+00:00 [running]> on host 8fbeee8d3d5a
[2022-12-27 23:27:45,355] {taskinstance.py:1571} INFO - Exporting the following env vars:
AIRFLOW_CTX_DAG_OWNER=Airflow
AIRFLOW_CTX_DAG_ID=parking_pipeline
AIRFLOW_CTX_TASK_ID=create_table
AIRFLOW_CTX_EXECUTION_DATE=2022-12-27T23:27:42.865732+00:00
AIRFLOW_CTX_TRY_NUMBER=1
AIRFLOW_CTX_DAG_RUN_ID=manual__2022-12-27T23:27:42.865732+00:00
[2022-12-27 23:27:45,366] {base.py:68} INFO - Using connection ID 'postgres' for task execution.
[2022-12-27 23:27:45,372] {dbapi.py:208} INFO - Running statement: 
            drop table if exists parking_data;
            create table parking_data(
                startDtm text not null,
                endDtm text not null,
                transactionAmt float not null,
                paymentTypeName text not null,
                transactionStatusCode text not null,
                maxHoursCnt float,
                meterTypeDsc text not null,
                dollarPerHourRate float not null,
                activeStatusInd bool not null,
                metroAreaName text not null
            );
        , parameters: None
[2022-12-27 23:27:45,394] {taskinstance.py:1400} INFO - Marking task as SUCCESS. dag_id=parking_pipeline, task_id=create_table, execution_date=20221227T232742, start_date=20221227T232745, end_date=20221227T232745
[2022-12-27 23:27:45,446] {local_task_job.py:156} INFO - Task exited with return code 0
[2022-12-27 23:27:45,486] {local_task_job.py:273} INFO - 1 downstream tasks scheduled from follow-on schedule check
