[2024-10-20 14:50:34,962] {taskinstance.py:1159} INFO - Dependencies all met for <TaskInstance: parking_pipeline.load_data scheduled__2024-10-20T14:48:26.233770+00:00 [queued]>
[2024-10-20 14:50:34,974] {taskinstance.py:1159} INFO - Dependencies all met for <TaskInstance: parking_pipeline.load_data scheduled__2024-10-20T14:48:26.233770+00:00 [queued]>
[2024-10-20 14:50:34,974] {taskinstance.py:1356} INFO - 
--------------------------------------------------------------------------------
[2024-10-20 14:50:34,975] {taskinstance.py:1357} INFO - Starting attempt 1 of 2
[2024-10-20 14:50:34,976] {taskinstance.py:1358} INFO - 
--------------------------------------------------------------------------------
[2024-10-20 14:50:34,991] {taskinstance.py:1377} INFO - Executing <Task(PythonOperator): load_data> on 2024-10-20 14:48:26.233770+00:00
[2024-10-20 14:50:34,998] {standard_task_runner.py:52} INFO - Started process 2821 to run task
[2024-10-20 14:50:35,001] {standard_task_runner.py:79} INFO - Running: ['***', 'tasks', 'run', 'parking_pipeline', 'load_data', 'scheduled__2024-10-20T14:48:26.233770+00:00', '--job-id', '309', '--raw', '--subdir', 'DAGS_FOLDER/parking_dag.py', '--cfg-path', '/tmp/tmpzp2lknu6', '--error-file', '/tmp/tmpyl2d4v2b']
[2024-10-20 14:50:35,002] {standard_task_runner.py:80} INFO - Job 309: Subtask load_data
[2024-10-20 14:50:35,059] {task_command.py:369} INFO - Running <TaskInstance: parking_pipeline.load_data scheduled__2024-10-20T14:48:26.233770+00:00 [running]> on host 4047801f839c
[2024-10-20 14:50:35,145] {taskinstance.py:1571} INFO - Exporting the following env vars:
AIRFLOW_CTX_DAG_OWNER=Airflow
AIRFLOW_CTX_DAG_ID=parking_pipeline
AIRFLOW_CTX_TASK_ID=load_data
AIRFLOW_CTX_EXECUTION_DATE=2024-10-20T14:48:26.233770+00:00
AIRFLOW_CTX_TRY_NUMBER=1
AIRFLOW_CTX_DAG_RUN_ID=scheduled__2024-10-20T14:48:26.233770+00:00
[2024-10-20 14:50:35,158] {postgres.py:127} INFO - Running copy expert: COPY parking_data FROM stdin WITH DELIMITER as ',', filename: ./tmp/processed_parking_data_00.csv
[2024-10-20 14:50:35,168] {base.py:68} INFO - Using connection ID 'postgres' for task execution.
[2024-10-20 14:50:35,178] {python.py:173} INFO - Done. Returned value was: None
[2024-10-20 14:50:35,192] {taskinstance.py:1400} INFO - Marking task as SUCCESS. dag_id=parking_pipeline, task_id=load_data, execution_date=20241020T144826, start_date=20241020T145034, end_date=20241020T145035
[2024-10-20 14:50:35,214] {local_task_job.py:156} INFO - Task exited with return code 0
[2024-10-20 14:50:35,247] {local_task_job.py:273} INFO - 0 downstream tasks scheduled from follow-on schedule check
