[2022-12-26 20:31:02,535] {taskinstance.py:1159} INFO - Dependencies all met for <TaskInstance: parking_pipeline.create_table scheduled__2022-12-26T20:29:00.988104+00:00 [queued]>
[2022-12-26 20:31:02,548] {taskinstance.py:1159} INFO - Dependencies all met for <TaskInstance: parking_pipeline.create_table scheduled__2022-12-26T20:29:00.988104+00:00 [queued]>
[2022-12-26 20:31:02,549] {taskinstance.py:1356} INFO - 
--------------------------------------------------------------------------------
[2022-12-26 20:31:02,549] {taskinstance.py:1357} INFO - Starting attempt 1 of 2
[2022-12-26 20:31:02,550] {taskinstance.py:1358} INFO - 
--------------------------------------------------------------------------------
[2022-12-26 20:31:02,561] {taskinstance.py:1377} INFO - Executing <Task(PostgresOperator): create_table> on 2022-12-26 20:29:00.988104+00:00
[2022-12-26 20:31:02,566] {standard_task_runner.py:52} INFO - Started process 1688 to run task
[2022-12-26 20:31:02,571] {standard_task_runner.py:79} INFO - Running: ['***', 'tasks', 'run', 'parking_pipeline', 'create_table', 'scheduled__2022-12-26T20:29:00.988104+00:00', '--job-id', '72', '--raw', '--subdir', 'DAGS_FOLDER/parking_dag.py', '--cfg-path', '/tmp/tmps1ptwcq8', '--error-file', '/tmp/tmp9z4is5wo']
[2022-12-26 20:31:02,572] {standard_task_runner.py:80} INFO - Job 72: Subtask create_table
[2022-12-26 20:31:02,625] {task_command.py:369} INFO - Running <TaskInstance: parking_pipeline.create_table scheduled__2022-12-26T20:29:00.988104+00:00 [running]> on host 3d3eee352115
[2022-12-26 20:31:02,683] {taskinstance.py:1571} INFO - Exporting the following env vars:
AIRFLOW_CTX_DAG_OWNER=Airflow
AIRFLOW_CTX_DAG_ID=parking_pipeline
AIRFLOW_CTX_TASK_ID=create_table
AIRFLOW_CTX_EXECUTION_DATE=2022-12-26T20:29:00.988104+00:00
AIRFLOW_CTX_TRY_NUMBER=1
AIRFLOW_CTX_DAG_RUN_ID=scheduled__2022-12-26T20:29:00.988104+00:00
[2022-12-26 20:31:02,693] {base.py:68} INFO - Using connection ID 'postgres' for task execution.
[2022-12-26 20:31:02,700] {dbapi.py:208} INFO - Running statement: 
            drop table if exists parking_data;
            create table parking_data(
                parkingTransactionKey int not null,
                symbol text not null
            );
        , parameters: None
[2022-12-26 20:31:02,719] {taskinstance.py:1400} INFO - Marking task as SUCCESS. dag_id=parking_pipeline, task_id=create_table, execution_date=20221226T202900, start_date=20221226T203102, end_date=20221226T203102
[2022-12-26 20:31:02,742] {local_task_job.py:156} INFO - Task exited with return code 0
[2022-12-26 20:31:02,777] {local_task_job.py:273} INFO - 1 downstream tasks scheduled from follow-on schedule check
