[2024-10-20 13:20:01,787] {taskinstance.py:1159} INFO - Dependencies all met for <TaskInstance: parking_pipeline.is_api_available scheduled__2024-10-20T13:17:26.542506+00:00 [queued]>
[2024-10-20 13:20:01,800] {taskinstance.py:1159} INFO - Dependencies all met for <TaskInstance: parking_pipeline.is_api_available scheduled__2024-10-20T13:17:26.542506+00:00 [queued]>
[2024-10-20 13:20:01,800] {taskinstance.py:1356} INFO - 
--------------------------------------------------------------------------------
[2024-10-20 13:20:01,809] {taskinstance.py:1357} INFO - Starting attempt 1 of 2
[2024-10-20 13:20:01,809] {taskinstance.py:1358} INFO - 
--------------------------------------------------------------------------------
[2024-10-20 13:20:01,830] {taskinstance.py:1377} INFO - Executing <Task(HttpSensor): is_api_available> on 2024-10-20 13:17:26.542506+00:00
[2024-10-20 13:20:01,837] {standard_task_runner.py:52} INFO - Started process 74 to run task
[2024-10-20 13:20:01,840] {standard_task_runner.py:79} INFO - Running: ['***', 'tasks', 'run', 'parking_pipeline', 'is_api_available', 'scheduled__2024-10-20T13:17:26.542506+00:00', '--job-id', '91', '--raw', '--subdir', 'DAGS_FOLDER/parking_dag.py', '--cfg-path', '/tmp/tmpef6mj8dt', '--error-file', '/tmp/tmpkgi4n1rw']
[2024-10-20 13:20:01,842] {standard_task_runner.py:80} INFO - Job 91: Subtask is_api_available
[2024-10-20 13:20:01,909] {task_command.py:369} INFO - Running <TaskInstance: parking_pipeline.is_api_available scheduled__2024-10-20T13:17:26.542506+00:00 [running]> on host 1fca498fbeb9
[2024-10-20 13:20:02,009] {taskinstance.py:1571} INFO - Exporting the following env vars:
AIRFLOW_CTX_DAG_OWNER=Airflow
AIRFLOW_CTX_DAG_ID=parking_pipeline
AIRFLOW_CTX_TASK_ID=is_api_available
AIRFLOW_CTX_EXECUTION_DATE=2024-10-20T13:17:26.542506+00:00
AIRFLOW_CTX_TRY_NUMBER=1
AIRFLOW_CTX_DAG_RUN_ID=scheduled__2024-10-20T13:17:26.542506+00:00
[2024-10-20 13:20:02,010] {http.py:97} INFO - Poking: 
[2024-10-20 13:20:02,023] {base.py:68} INFO - Using connection ID 'is_api_available' for task execution.
[2024-10-20 13:20:02,024] {http.py:129} INFO - Sending 'GET' to url: https://datahub-v2.arlingtonva.us/api/ParkingMeter/ParkingTransactions
[2024-10-20 13:20:03,379] {base.py:301} INFO - Success criteria met. Exiting.
[2024-10-20 13:20:03,395] {taskinstance.py:1400} INFO - Marking task as SUCCESS. dag_id=parking_pipeline, task_id=is_api_available, execution_date=20241020T131726, start_date=20241020T132001, end_date=20241020T132003
[2024-10-20 13:20:03,421] {local_task_job.py:156} INFO - Task exited with return code 0
[2024-10-20 13:20:03,487] {local_task_job.py:273} INFO - 1 downstream tasks scheduled from follow-on schedule check
