[2022-12-28 20:29:49,772] {taskinstance.py:1159} INFO - Dependencies all met for <TaskInstance: parking_pipeline.load_data scheduled__2022-12-28T20:27:43.276734+00:00 [queued]>
[2022-12-28 20:29:49,778] {taskinstance.py:1159} INFO - Dependencies all met for <TaskInstance: parking_pipeline.load_data scheduled__2022-12-28T20:27:43.276734+00:00 [queued]>
[2022-12-28 20:29:49,779] {taskinstance.py:1356} INFO - 
--------------------------------------------------------------------------------
[2022-12-28 20:29:49,779] {taskinstance.py:1357} INFO - Starting attempt 1 of 2
[2022-12-28 20:29:49,780] {taskinstance.py:1358} INFO - 
--------------------------------------------------------------------------------
[2022-12-28 20:29:49,789] {taskinstance.py:1377} INFO - Executing <Task(PythonOperator): load_data> on 2022-12-28 20:27:43.276734+00:00
[2022-12-28 20:29:49,794] {standard_task_runner.py:52} INFO - Started process 1587 to run task
[2022-12-28 20:29:49,797] {standard_task_runner.py:79} INFO - Running: ['***', 'tasks', 'run', 'parking_pipeline', 'load_data', 'scheduled__2022-12-28T20:27:43.276734+00:00', '--job-id', '92', '--raw', '--subdir', 'DAGS_FOLDER/parking_dag.py', '--cfg-path', '/tmp/tmpoqhp_fv7', '--error-file', '/tmp/tmpfxd2pzn2']
[2022-12-28 20:29:49,799] {standard_task_runner.py:80} INFO - Job 92: Subtask load_data
[2022-12-28 20:29:49,850] {task_command.py:369} INFO - Running <TaskInstance: parking_pipeline.load_data scheduled__2022-12-28T20:27:43.276734+00:00 [running]> on host 8be693a2d03b
[2022-12-28 20:29:49,908] {taskinstance.py:1571} INFO - Exporting the following env vars:
AIRFLOW_CTX_DAG_OWNER=Airflow
AIRFLOW_CTX_DAG_ID=parking_pipeline
AIRFLOW_CTX_TASK_ID=load_data
AIRFLOW_CTX_EXECUTION_DATE=2022-12-28T20:27:43.276734+00:00
AIRFLOW_CTX_TRY_NUMBER=1
AIRFLOW_CTX_DAG_RUN_ID=scheduled__2022-12-28T20:27:43.276734+00:00
[2022-12-28 20:29:49,918] {postgres.py:127} INFO - Running copy expert: COPY parking_data FROM stdin WITH DELIMITER as ',', filename: ./tmp/processed_parking_data_00.csv
[2022-12-28 20:29:49,927] {base.py:68} INFO - Using connection ID 'postgres' for task execution.
[2022-12-28 20:29:49,937] {python.py:173} INFO - Done. Returned value was: None
[2022-12-28 20:29:49,949] {taskinstance.py:1400} INFO - Marking task as SUCCESS. dag_id=parking_pipeline, task_id=load_data, execution_date=20221228T202743, start_date=20221228T202949, end_date=20221228T202949
[2022-12-28 20:29:49,970] {local_task_job.py:156} INFO - Task exited with return code 0
[2022-12-28 20:29:49,998] {local_task_job.py:273} INFO - 0 downstream tasks scheduled from follow-on schedule check
