[2022-12-27 20:27:10,991] {taskinstance.py:1159} INFO - Dependencies all met for <TaskInstance: parking_pipeline.is_api_available scheduled__2022-12-27T20:25:09.510022+00:00 [queued]>
[2022-12-27 20:27:10,999] {taskinstance.py:1159} INFO - Dependencies all met for <TaskInstance: parking_pipeline.is_api_available scheduled__2022-12-27T20:25:09.510022+00:00 [queued]>
[2022-12-27 20:27:11,000] {taskinstance.py:1356} INFO - 
--------------------------------------------------------------------------------
[2022-12-27 20:27:11,000] {taskinstance.py:1357} INFO - Starting attempt 1 of 2
[2022-12-27 20:27:11,001] {taskinstance.py:1358} INFO - 
--------------------------------------------------------------------------------
[2022-12-27 20:27:11,010] {taskinstance.py:1377} INFO - Executing <Task(HttpSensor): is_api_available> on 2022-12-27 20:25:09.510022+00:00
[2022-12-27 20:27:11,015] {standard_task_runner.py:52} INFO - Started process 6169 to run task
[2022-12-27 20:27:11,019] {standard_task_runner.py:79} INFO - Running: ['***', 'tasks', 'run', 'parking_pipeline', 'is_api_available', 'scheduled__2022-12-27T20:25:09.510022+00:00', '--job-id', '200', '--raw', '--subdir', 'DAGS_FOLDER/parking_dag.py', '--cfg-path', '/tmp/tmpdn__vm79', '--error-file', '/tmp/tmpz40ug8p6']
[2022-12-27 20:27:11,020] {standard_task_runner.py:80} INFO - Job 200: Subtask is_api_available
[2022-12-27 20:27:11,071] {task_command.py:369} INFO - Running <TaskInstance: parking_pipeline.is_api_available scheduled__2022-12-27T20:25:09.510022+00:00 [running]> on host 8fbeee8d3d5a
[2022-12-27 20:27:11,131] {taskinstance.py:1571} INFO - Exporting the following env vars:
AIRFLOW_CTX_DAG_OWNER=Airflow
AIRFLOW_CTX_DAG_ID=parking_pipeline
AIRFLOW_CTX_TASK_ID=is_api_available
AIRFLOW_CTX_EXECUTION_DATE=2022-12-27T20:25:09.510022+00:00
AIRFLOW_CTX_TRY_NUMBER=1
AIRFLOW_CTX_DAG_RUN_ID=scheduled__2022-12-27T20:25:09.510022+00:00
[2022-12-27 20:27:11,132] {http.py:97} INFO - Poking: 
[2022-12-27 20:27:11,143] {base.py:68} INFO - Using connection ID 'is_api_available' for task execution.
[2022-12-27 20:27:11,145] {http.py:129} INFO - Sending 'GET' to url: https://datahub-v2.arlingtonva.us/api/ParkingMeter/ParkingTransactions
[2022-12-27 20:27:11,291] {base.py:301} INFO - Success criteria met. Exiting.
[2022-12-27 20:27:11,305] {taskinstance.py:1400} INFO - Marking task as SUCCESS. dag_id=parking_pipeline, task_id=is_api_available, execution_date=20221227T202509, start_date=20221227T202710, end_date=20221227T202711
[2022-12-27 20:27:11,356] {local_task_job.py:156} INFO - Task exited with return code 0
[2022-12-27 20:27:11,396] {local_task_job.py:273} INFO - 1 downstream tasks scheduled from follow-on schedule check
