[2022-12-26 20:08:48,978] {taskinstance.py:1159} INFO - Dependencies all met for <TaskInstance: parking_pipeline.is_api_available manual__2022-12-26T20:08:48.270610+00:00 [queued]>
[2022-12-26 20:08:48,985] {taskinstance.py:1159} INFO - Dependencies all met for <TaskInstance: parking_pipeline.is_api_available manual__2022-12-26T20:08:48.270610+00:00 [queued]>
[2022-12-26 20:08:48,986] {taskinstance.py:1356} INFO - 
--------------------------------------------------------------------------------
[2022-12-26 20:08:48,986] {taskinstance.py:1357} INFO - Starting attempt 1 of 2
[2022-12-26 20:08:48,987] {taskinstance.py:1358} INFO - 
--------------------------------------------------------------------------------
[2022-12-26 20:08:48,996] {taskinstance.py:1377} INFO - Executing <Task(HttpSensor): is_api_available> on 2022-12-26 20:08:48.270610+00:00
[2022-12-26 20:08:49,003] {standard_task_runner.py:52} INFO - Started process 440 to run task
[2022-12-26 20:08:49,008] {standard_task_runner.py:79} INFO - Running: ['***', 'tasks', 'run', 'parking_pipeline', 'is_api_available', 'manual__2022-12-26T20:08:48.270610+00:00', '--job-id', '24', '--raw', '--subdir', 'DAGS_FOLDER/parking_dag.py', '--cfg-path', '/tmp/tmp7efu1wd5', '--error-file', '/tmp/tmp7f8o86af']
[2022-12-26 20:08:49,010] {standard_task_runner.py:80} INFO - Job 24: Subtask is_api_available
[2022-12-26 20:08:49,068] {task_command.py:369} INFO - Running <TaskInstance: parking_pipeline.is_api_available manual__2022-12-26T20:08:48.270610+00:00 [running]> on host 3d3eee352115
[2022-12-26 20:08:49,135] {taskinstance.py:1571} INFO - Exporting the following env vars:
AIRFLOW_CTX_DAG_OWNER=Airflow
AIRFLOW_CTX_DAG_ID=parking_pipeline
AIRFLOW_CTX_TASK_ID=is_api_available
AIRFLOW_CTX_EXECUTION_DATE=2022-12-26T20:08:48.270610+00:00
AIRFLOW_CTX_TRY_NUMBER=1
AIRFLOW_CTX_DAG_RUN_ID=manual__2022-12-26T20:08:48.270610+00:00
[2022-12-26 20:08:49,136] {http.py:97} INFO - Poking: 
[2022-12-26 20:08:49,149] {base.py:68} INFO - Using connection ID 'is_api_available' for task execution.
[2022-12-26 20:08:49,151] {http.py:129} INFO - Sending 'GET' to url: https://datahub-v2.arlingtonva.us/api/ParkingMeter/ParkingTransactions
[2022-12-26 20:08:49,338] {base.py:301} INFO - Success criteria met. Exiting.
[2022-12-26 20:08:49,354] {taskinstance.py:1400} INFO - Marking task as SUCCESS. dag_id=parking_pipeline, task_id=is_api_available, execution_date=20221226T200848, start_date=20221226T200848, end_date=20221226T200849
[2022-12-26 20:08:49,387] {local_task_job.py:156} INFO - Task exited with return code 0
[2022-12-26 20:08:49,429] {local_task_job.py:273} INFO - 1 downstream tasks scheduled from follow-on schedule check
