[2022-12-27 21:57:01,060] {taskinstance.py:1159} INFO - Dependencies all met for <TaskInstance: parking_pipeline.create_table scheduled__2022-12-27T21:54:59.379113+00:00 [queued]>
[2022-12-27 21:57:01,068] {taskinstance.py:1159} INFO - Dependencies all met for <TaskInstance: parking_pipeline.create_table scheduled__2022-12-27T21:54:59.379113+00:00 [queued]>
[2022-12-27 21:57:01,068] {taskinstance.py:1356} INFO - 
--------------------------------------------------------------------------------
[2022-12-27 21:57:01,069] {taskinstance.py:1357} INFO - Starting attempt 1 of 2
[2022-12-27 21:57:01,070] {taskinstance.py:1358} INFO - 
--------------------------------------------------------------------------------
[2022-12-27 21:57:01,079] {taskinstance.py:1377} INFO - Executing <Task(PostgresOperator): create_table> on 2022-12-27 21:54:59.379113+00:00
[2022-12-27 21:57:01,084] {standard_task_runner.py:52} INFO - Started process 10928 to run task
[2022-12-27 21:57:01,089] {standard_task_runner.py:79} INFO - Running: ['***', 'tasks', 'run', 'parking_pipeline', 'create_table', 'scheduled__2022-12-27T21:54:59.379113+00:00', '--job-id', '615', '--raw', '--subdir', 'DAGS_FOLDER/parking_dag.py', '--cfg-path', '/tmp/tmpavf4zxmh', '--error-file', '/tmp/tmp7rsilg1h']
[2022-12-27 21:57:01,090] {standard_task_runner.py:80} INFO - Job 615: Subtask create_table
[2022-12-27 21:57:01,143] {task_command.py:369} INFO - Running <TaskInstance: parking_pipeline.create_table scheduled__2022-12-27T21:54:59.379113+00:00 [running]> on host 8fbeee8d3d5a
[2022-12-27 21:57:01,208] {taskinstance.py:1571} INFO - Exporting the following env vars:
AIRFLOW_CTX_DAG_OWNER=Airflow
AIRFLOW_CTX_DAG_ID=parking_pipeline
AIRFLOW_CTX_TASK_ID=create_table
AIRFLOW_CTX_EXECUTION_DATE=2022-12-27T21:54:59.379113+00:00
AIRFLOW_CTX_TRY_NUMBER=1
AIRFLOW_CTX_DAG_RUN_ID=scheduled__2022-12-27T21:54:59.379113+00:00
[2022-12-27 21:57:01,219] {base.py:68} INFO - Using connection ID 'postgres' for task execution.
[2022-12-27 21:57:01,225] {dbapi.py:208} INFO - Running statement: 
            drop table if exists parking_data;
            create table parking_data(
                parkingTransactionKey int not null,
                symbol text not null
            );
        , parameters: None
[2022-12-27 21:57:01,245] {taskinstance.py:1400} INFO - Marking task as SUCCESS. dag_id=parking_pipeline, task_id=create_table, execution_date=20221227T215459, start_date=20221227T215701, end_date=20221227T215701
[2022-12-27 21:57:01,301] {local_task_job.py:156} INFO - Task exited with return code 0
[2022-12-27 21:57:01,341] {local_task_job.py:273} INFO - 1 downstream tasks scheduled from follow-on schedule check
