[2024-10-20 14:22:26,873] {taskinstance.py:1159} INFO - Dependencies all met for <TaskInstance: parking_pipeline.is_api_available scheduled__2024-10-20T14:20:25.775451+00:00 [queued]>
[2024-10-20 14:22:26,884] {taskinstance.py:1159} INFO - Dependencies all met for <TaskInstance: parking_pipeline.is_api_available scheduled__2024-10-20T14:20:25.775451+00:00 [queued]>
[2024-10-20 14:22:26,884] {taskinstance.py:1356} INFO - 
--------------------------------------------------------------------------------
[2024-10-20 14:22:26,885] {taskinstance.py:1357} INFO - Starting attempt 1 of 2
[2024-10-20 14:22:26,886] {taskinstance.py:1358} INFO - 
--------------------------------------------------------------------------------
[2024-10-20 14:22:26,901] {taskinstance.py:1377} INFO - Executing <Task(HttpSensor): is_api_available> on 2024-10-20 14:20:25.775451+00:00
[2024-10-20 14:22:26,908] {standard_task_runner.py:52} INFO - Started process 1310 to run task
[2024-10-20 14:22:26,910] {standard_task_runner.py:79} INFO - Running: ['***', 'tasks', 'run', 'parking_pipeline', 'is_api_available', 'scheduled__2024-10-20T14:20:25.775451+00:00', '--job-id', '235', '--raw', '--subdir', 'DAGS_FOLDER/parking_dag.py', '--cfg-path', '/tmp/tmpavbgoqqk', '--error-file', '/tmp/tmp501s5_ud']
[2024-10-20 14:22:26,911] {standard_task_runner.py:80} INFO - Job 235: Subtask is_api_available
[2024-10-20 14:22:26,968] {task_command.py:369} INFO - Running <TaskInstance: parking_pipeline.is_api_available scheduled__2024-10-20T14:20:25.775451+00:00 [running]> on host 4047801f839c
[2024-10-20 14:22:27,051] {taskinstance.py:1571} INFO - Exporting the following env vars:
AIRFLOW_CTX_DAG_OWNER=Airflow
AIRFLOW_CTX_DAG_ID=parking_pipeline
AIRFLOW_CTX_TASK_ID=is_api_available
AIRFLOW_CTX_EXECUTION_DATE=2024-10-20T14:20:25.775451+00:00
AIRFLOW_CTX_TRY_NUMBER=1
AIRFLOW_CTX_DAG_RUN_ID=scheduled__2024-10-20T14:20:25.775451+00:00
[2024-10-20 14:22:27,052] {http.py:97} INFO - Poking: 
[2024-10-20 14:22:27,062] {base.py:68} INFO - Using connection ID 'is_api_available' for task execution.
[2024-10-20 14:22:27,063] {http.py:129} INFO - Sending 'GET' to url: https://datahub-v2.arlingtonva.us/api/ParkingMeter/ParkingTransactions
[2024-10-20 14:22:28,325] {base.py:301} INFO - Success criteria met. Exiting.
[2024-10-20 14:22:28,340] {taskinstance.py:1400} INFO - Marking task as SUCCESS. dag_id=parking_pipeline, task_id=is_api_available, execution_date=20241020T142025, start_date=20241020T142226, end_date=20241020T142228
[2024-10-20 14:22:28,369] {local_task_job.py:156} INFO - Task exited with return code 0
[2024-10-20 14:22:28,424] {local_task_job.py:273} INFO - 1 downstream tasks scheduled from follow-on schedule check
