[2022-12-26 20:53:04,807] {taskinstance.py:1159} INFO - Dependencies all met for <TaskInstance: parking_pipeline.transform_data scheduled__2022-12-26T20:51:00.403738+00:00 [queued]>
[2022-12-26 20:53:04,814] {taskinstance.py:1159} INFO - Dependencies all met for <TaskInstance: parking_pipeline.transform_data scheduled__2022-12-26T20:51:00.403738+00:00 [queued]>
[2022-12-26 20:53:04,815] {taskinstance.py:1356} INFO - 
--------------------------------------------------------------------------------
[2022-12-26 20:53:04,815] {taskinstance.py:1357} INFO - Starting attempt 1 of 2
[2022-12-26 20:53:04,816] {taskinstance.py:1358} INFO - 
--------------------------------------------------------------------------------
[2022-12-26 20:53:04,826] {taskinstance.py:1377} INFO - Executing <Task(PythonOperator): transform_data> on 2022-12-26 20:51:00.403738+00:00
[2022-12-26 20:53:04,830] {standard_task_runner.py:52} INFO - Started process 2953 to run task
[2022-12-26 20:53:04,834] {standard_task_runner.py:79} INFO - Running: ['***', 'tasks', 'run', 'parking_pipeline', 'transform_data', 'scheduled__2022-12-26T20:51:00.403738+00:00', '--job-id', '127', '--raw', '--subdir', 'DAGS_FOLDER/parking_dag.py', '--cfg-path', '/tmp/tmpa1b0t54e', '--error-file', '/tmp/tmpwmf1p9cl']
[2022-12-26 20:53:04,835] {standard_task_runner.py:80} INFO - Job 127: Subtask transform_data
[2022-12-26 20:53:04,896] {task_command.py:369} INFO - Running <TaskInstance: parking_pipeline.transform_data scheduled__2022-12-26T20:51:00.403738+00:00 [running]> on host 3d3eee352115
[2022-12-26 20:53:04,971] {taskinstance.py:1571} INFO - Exporting the following env vars:
AIRFLOW_CTX_DAG_OWNER=Airflow
AIRFLOW_CTX_DAG_ID=parking_pipeline
AIRFLOW_CTX_TASK_ID=transform_data
AIRFLOW_CTX_EXECUTION_DATE=2022-12-26T20:51:00.403738+00:00
AIRFLOW_CTX_TRY_NUMBER=1
AIRFLOW_CTX_DAG_RUN_ID=scheduled__2022-12-26T20:51:00.403738+00:00
[2022-12-26 20:53:05,012] {logging_mixin.py:115} INFO -     parkingTransactionKey transactionSourceCode  ... zoneSpaceCnt      metroAreaName
0                       8                   IPS  ...         1.00           Ballston
1                      14                   IPS  ...         2.00       Crystal City
2                      39                   IPS  ...         2.00         Courthouse
3                      50                   IPS  ...         2.00           Ballston
4                      57                   IPS  ...         3.00         Courthouse
5                      71                   IPS  ...         2.00         Courthouse
6                      89                   IPS  ...         5.00            Rosslyn
7                     101                   IPS  ...         1.00            Rosslyn
8                     123                   IPS  ...         3.00         Courthouse
9                     132                   IPS  ...         1.00  Virginia Hospital
10                    141                   IPS  ...         3.00         Courthouse
11                    170                   IPS  ...         3.00         Courthouse
12                    195                   IPS  ...         None               None
13                    225                   IPS  ...         8.00          Clarendon
14                    230                   IPS  ...        12.00       Crystal City
15                    259                   IPS  ...         1.00       CRYSTAL CITY
16                    266                   IPS  ...         4.00         Courthouse
17                    281                   IPS  ...         2.00      Columbia Pike
18                    291                   IPS  ...         4.00      Pentagon City
19                    295                   IPS  ...         4.00       Crystal City
20                    310                   IPS  ...         2.00      Pentagon City
21                    317                   IPS  ...         2.00      Columbia Pike
22                    329                   IPS  ...         1.00          Clarendon
23                    353                   IPS  ...         1.00           Ballston
24                    362                   IPS  ...         1.00       Crystal City
25                    373                   IPS  ...         3.00          Clarendon
26                    382                   IPS  ...         4.00         Courthouse
27                    389                   IPS  ...         2.00           Ballston
28                    407                   IPS  ...        12.00       Crystal City
29                    414                   IPS  ...         1.00           Ballston
30                    425                   IPS  ...         8.00          Clarendon
31                    470                   IPS  ...        10.00    Virginia Square
32                    485                   IPS  ...         1.00      Pentagon City
33                    499                   IPS  ...         1.00       Crystal City
34                    518                   IPS  ...         1.00       Crystal City
35                    525                   IPS  ...         1.00        Shirlington
36                    540                   IPS  ...        11.00       Crystal City
37                    555                   IPS  ...         8.00          Clarendon
38                    566                   IPS  ...         2.00      Columbia Pike
39                    573                   IPS  ...         2.00            Lee Hwy
40                    578                   IPS  ...         1.00      Columbia Pike
41                    582                   IPS  ...         4.00         Courthouse
42                    588                   IPS  ...         1.00      Pentagon City
43                    608                   IPS  ...         1.00        Shirlington
44                    615                   IPS  ...         3.00         Courthouse
45                    631                   IPS  ...         3.00         Courthouse
46                    648                   IPS  ...         2.00           Ballston
47                    673                   IPS  ...         1.00       Crystal City
48                    694                   IPS  ...         1.00           Ballston
49                    708                   IPS  ...         2.00       Crystal City

[50 rows x 25 columns]
[2022-12-26 20:53:05,016] {python.py:173} INFO - Done. Returned value was: None
[2022-12-26 20:53:05,029] {taskinstance.py:1400} INFO - Marking task as SUCCESS. dag_id=parking_pipeline, task_id=transform_data, execution_date=20221226T205100, start_date=20221226T205304, end_date=20221226T205305
[2022-12-26 20:53:05,088] {local_task_job.py:156} INFO - Task exited with return code 0
[2022-12-26 20:53:05,119] {local_task_job.py:273} INFO - 0 downstream tasks scheduled from follow-on schedule check
