[2022-12-28 20:16:49,117] {taskinstance.py:1159} INFO - Dependencies all met for <TaskInstance: parking_pipeline.is_api_available scheduled__2022-12-28T20:14:47.677790+00:00 [queued]>
[2022-12-28 20:16:49,124] {taskinstance.py:1159} INFO - Dependencies all met for <TaskInstance: parking_pipeline.is_api_available scheduled__2022-12-28T20:14:47.677790+00:00 [queued]>
[2022-12-28 20:16:49,126] {taskinstance.py:1356} INFO - 
--------------------------------------------------------------------------------
[2022-12-28 20:16:49,127] {taskinstance.py:1357} INFO - Starting attempt 1 of 2
[2022-12-28 20:16:49,128] {taskinstance.py:1358} INFO - 
--------------------------------------------------------------------------------
[2022-12-28 20:16:49,137] {taskinstance.py:1377} INFO - Executing <Task(HttpSensor): is_api_available> on 2022-12-28 20:14:47.677790+00:00
[2022-12-28 20:16:49,142] {standard_task_runner.py:52} INFO - Started process 804 to run task
[2022-12-28 20:16:49,146] {standard_task_runner.py:79} INFO - Running: ['***', 'tasks', 'run', 'parking_pipeline', 'is_api_available', 'scheduled__2022-12-28T20:14:47.677790+00:00', '--job-id', '40', '--raw', '--subdir', 'DAGS_FOLDER/parking_dag.py', '--cfg-path', '/tmp/tmp30_8mg5d', '--error-file', '/tmp/tmpbpm5acbp']
[2022-12-28 20:16:49,148] {standard_task_runner.py:80} INFO - Job 40: Subtask is_api_available
[2022-12-28 20:16:49,201] {task_command.py:369} INFO - Running <TaskInstance: parking_pipeline.is_api_available scheduled__2022-12-28T20:14:47.677790+00:00 [running]> on host 8be693a2d03b
[2022-12-28 20:16:49,263] {taskinstance.py:1571} INFO - Exporting the following env vars:
AIRFLOW_CTX_DAG_OWNER=Airflow
AIRFLOW_CTX_DAG_ID=parking_pipeline
AIRFLOW_CTX_TASK_ID=is_api_available
AIRFLOW_CTX_EXECUTION_DATE=2022-12-28T20:14:47.677790+00:00
AIRFLOW_CTX_TRY_NUMBER=1
AIRFLOW_CTX_DAG_RUN_ID=scheduled__2022-12-28T20:14:47.677790+00:00
[2022-12-28 20:16:49,264] {http.py:97} INFO - Poking: 
[2022-12-28 20:16:49,275] {base.py:68} INFO - Using connection ID 'is_api_available' for task execution.
[2022-12-28 20:16:49,277] {http.py:129} INFO - Sending 'GET' to url: https://datahub-v2.arlingtonva.us/api/ParkingMeter/ParkingTransactions
[2022-12-28 20:16:49,423] {base.py:301} INFO - Success criteria met. Exiting.
[2022-12-28 20:16:49,437] {taskinstance.py:1400} INFO - Marking task as SUCCESS. dag_id=parking_pipeline, task_id=is_api_available, execution_date=20221228T201447, start_date=20221228T201649, end_date=20221228T201649
[2022-12-28 20:16:49,479] {local_task_job.py:156} INFO - Task exited with return code 0
[2022-12-28 20:16:49,524] {local_task_job.py:273} INFO - 1 downstream tasks scheduled from follow-on schedule check
