[2022-12-28 20:25:47,821] {taskinstance.py:1159} INFO - Dependencies all met for <TaskInstance: parking_pipeline.load_data scheduled__2022-12-28T20:23:43.276734+00:00 [queued]>
[2022-12-28 20:25:47,828] {taskinstance.py:1159} INFO - Dependencies all met for <TaskInstance: parking_pipeline.load_data scheduled__2022-12-28T20:23:43.276734+00:00 [queued]>
[2022-12-28 20:25:47,829] {taskinstance.py:1356} INFO - 
--------------------------------------------------------------------------------
[2022-12-28 20:25:47,830] {taskinstance.py:1357} INFO - Starting attempt 1 of 2
[2022-12-28 20:25:47,830] {taskinstance.py:1358} INFO - 
--------------------------------------------------------------------------------
[2022-12-28 20:25:47,840] {taskinstance.py:1377} INFO - Executing <Task(PythonOperator): load_data> on 2022-12-28 20:23:43.276734+00:00
[2022-12-28 20:25:47,846] {standard_task_runner.py:52} INFO - Started process 1358 to run task
[2022-12-28 20:25:47,851] {standard_task_runner.py:79} INFO - Running: ['***', 'tasks', 'run', 'parking_pipeline', 'load_data', 'scheduled__2022-12-28T20:23:43.276734+00:00', '--job-id', '82', '--raw', '--subdir', 'DAGS_FOLDER/parking_dag.py', '--cfg-path', '/tmp/tmprvuhb3x9', '--error-file', '/tmp/tmp7ii0qzth']
[2022-12-28 20:25:47,853] {standard_task_runner.py:80} INFO - Job 82: Subtask load_data
[2022-12-28 20:25:47,910] {task_command.py:369} INFO - Running <TaskInstance: parking_pipeline.load_data scheduled__2022-12-28T20:23:43.276734+00:00 [running]> on host 8be693a2d03b
[2022-12-28 20:25:47,970] {taskinstance.py:1571} INFO - Exporting the following env vars:
AIRFLOW_CTX_DAG_OWNER=Airflow
AIRFLOW_CTX_DAG_ID=parking_pipeline
AIRFLOW_CTX_TASK_ID=load_data
AIRFLOW_CTX_EXECUTION_DATE=2022-12-28T20:23:43.276734+00:00
AIRFLOW_CTX_TRY_NUMBER=1
AIRFLOW_CTX_DAG_RUN_ID=scheduled__2022-12-28T20:23:43.276734+00:00
[2022-12-28 20:25:47,981] {postgres.py:127} INFO - Running copy expert: COPY parking_data FROM stdin WITH DELIMITER as ',', filename: ./tmp/processed_parking_data_00.csv
[2022-12-28 20:25:47,991] {base.py:68} INFO - Using connection ID 'postgres' for task execution.
[2022-12-28 20:25:48,001] {python.py:173} INFO - Done. Returned value was: None
[2022-12-28 20:25:48,014] {taskinstance.py:1400} INFO - Marking task as SUCCESS. dag_id=parking_pipeline, task_id=load_data, execution_date=20221228T202343, start_date=20221228T202547, end_date=20221228T202548
[2022-12-28 20:25:48,065] {local_task_job.py:156} INFO - Task exited with return code 0
[2022-12-28 20:25:48,098] {local_task_job.py:273} INFO - 0 downstream tasks scheduled from follow-on schedule check
