[2022-12-26 21:26:36,995] {taskinstance.py:1159} INFO - Dependencies all met for <TaskInstance: parking_pipeline.is_api_available scheduled__2022-12-26T21:24:36.086456+00:00 [queued]>
[2022-12-26 21:26:37,002] {taskinstance.py:1159} INFO - Dependencies all met for <TaskInstance: parking_pipeline.is_api_available scheduled__2022-12-26T21:24:36.086456+00:00 [queued]>
[2022-12-26 21:26:37,003] {taskinstance.py:1356} INFO - 
--------------------------------------------------------------------------------
[2022-12-26 21:26:37,003] {taskinstance.py:1357} INFO - Starting attempt 1 of 2
[2022-12-26 21:26:37,004] {taskinstance.py:1358} INFO - 
--------------------------------------------------------------------------------
[2022-12-26 21:26:37,013] {taskinstance.py:1377} INFO - Executing <Task(HttpSensor): is_api_available> on 2022-12-26 21:24:36.086456+00:00
[2022-12-26 21:26:37,018] {standard_task_runner.py:52} INFO - Started process 226 to run task
[2022-12-26 21:26:37,022] {standard_task_runner.py:79} INFO - Running: ['***', 'tasks', 'run', 'parking_pipeline', 'is_api_available', 'scheduled__2022-12-26T21:24:36.086456+00:00', '--job-id', '7', '--raw', '--subdir', 'DAGS_FOLDER/parking_dag.py', '--cfg-path', '/tmp/tmpj09oj7sf', '--error-file', '/tmp/tmpvllfgmmr']
[2022-12-26 21:26:37,024] {standard_task_runner.py:80} INFO - Job 7: Subtask is_api_available
[2022-12-26 21:26:37,078] {task_command.py:369} INFO - Running <TaskInstance: parking_pipeline.is_api_available scheduled__2022-12-26T21:24:36.086456+00:00 [running]> on host 6ae44adb8f1d
[2022-12-26 21:26:37,141] {taskinstance.py:1571} INFO - Exporting the following env vars:
AIRFLOW_CTX_DAG_OWNER=Airflow
AIRFLOW_CTX_DAG_ID=parking_pipeline
AIRFLOW_CTX_TASK_ID=is_api_available
AIRFLOW_CTX_EXECUTION_DATE=2022-12-26T21:24:36.086456+00:00
AIRFLOW_CTX_TRY_NUMBER=1
AIRFLOW_CTX_DAG_RUN_ID=scheduled__2022-12-26T21:24:36.086456+00:00
[2022-12-26 21:26:37,143] {http.py:97} INFO - Poking: 
[2022-12-26 21:26:37,154] {base.py:68} INFO - Using connection ID 'is_api_available' for task execution.
[2022-12-26 21:26:37,156] {http.py:129} INFO - Sending 'GET' to url: https://datahub-v2.arlingtonva.us/api/ParkingMeter/ParkingTransactions
[2022-12-26 21:26:37,303] {base.py:301} INFO - Success criteria met. Exiting.
[2022-12-26 21:26:37,319] {taskinstance.py:1400} INFO - Marking task as SUCCESS. dag_id=parking_pipeline, task_id=is_api_available, execution_date=20221226T212436, start_date=20221226T212636, end_date=20221226T212637
[2022-12-26 21:26:37,360] {local_task_job.py:156} INFO - Task exited with return code 0
[2022-12-26 21:26:37,400] {local_task_job.py:273} INFO - 1 downstream tasks scheduled from follow-on schedule check
