[2022-12-26 20:06:53,423] {taskinstance.py:1159} INFO - Dependencies all met for <TaskInstance: parking_pipeline.extract_user scheduled__2022-12-26T20:04:49.971774+00:00 [queued]>
[2022-12-26 20:06:53,431] {taskinstance.py:1159} INFO - Dependencies all met for <TaskInstance: parking_pipeline.extract_user scheduled__2022-12-26T20:04:49.971774+00:00 [queued]>
[2022-12-26 20:06:53,432] {taskinstance.py:1356} INFO - 
--------------------------------------------------------------------------------
[2022-12-26 20:06:53,433] {taskinstance.py:1357} INFO - Starting attempt 1 of 2
[2022-12-26 20:06:53,433] {taskinstance.py:1358} INFO - 
--------------------------------------------------------------------------------
[2022-12-26 20:06:53,443] {taskinstance.py:1377} INFO - Executing <Task(SimpleHttpOperator): extract_user> on 2022-12-26 20:04:49.971774+00:00
[2022-12-26 20:06:53,448] {standard_task_runner.py:52} INFO - Started process 306 to run task
[2022-12-26 20:06:53,453] {standard_task_runner.py:79} INFO - Running: ['***', 'tasks', 'run', 'parking_pipeline', 'extract_user', 'scheduled__2022-12-26T20:04:49.971774+00:00', '--job-id', '10', '--raw', '--subdir', 'DAGS_FOLDER/parking_dag.py', '--cfg-path', '/tmp/tmpnc9csy20', '--error-file', '/tmp/tmpt_gjugx3']
[2022-12-26 20:06:53,454] {standard_task_runner.py:80} INFO - Job 10: Subtask extract_user
[2022-12-26 20:06:53,506] {task_command.py:369} INFO - Running <TaskInstance: parking_pipeline.extract_user scheduled__2022-12-26T20:04:49.971774+00:00 [running]> on host 3d3eee352115
[2022-12-26 20:06:53,566] {taskinstance.py:1571} INFO - Exporting the following env vars:
AIRFLOW_CTX_DAG_OWNER=Airflow
AIRFLOW_CTX_DAG_ID=parking_pipeline
AIRFLOW_CTX_TASK_ID=extract_user
AIRFLOW_CTX_EXECUTION_DATE=2022-12-26T20:04:49.971774+00:00
AIRFLOW_CTX_TRY_NUMBER=1
AIRFLOW_CTX_DAG_RUN_ID=scheduled__2022-12-26T20:04:49.971774+00:00
[2022-12-26 20:06:53,567] {http.py:102} INFO - Calling HTTP method
[2022-12-26 20:06:53,577] {base.py:68} INFO - Using connection ID 'is_api_available' for task execution.
[2022-12-26 20:06:53,578] {http.py:129} INFO - Sending 'GET' to url: https://datahub-v2.arlingtonva.us/api/ParkingMeter/ParkingTransactions/?$top=50
[2022-12-26 20:06:53,753] {http.py:106} INFO - [
  {
    "parkingTransactionKey": 8,
    "transactionSourceCode": "IPS",
    "meterId": "FAH4312N",
    "zoneNbr": "54163",
    "startDtm": "2015-12-31T17:12:10.000Z",
    "endDtm": "2015-12-31T18:00:00.000Z",
    "transactionAmt": "1.25",
    "paymentTypeName": "Credit Card",
    "transactionStatusCode": "Approved",
    "meterManufacturerName": "IPS",
    "blockNbr": 4300,
    "sourceStreetDisplayName": "FAIRFAX DR",
    "sideDirectionName": "East",
    "latitudeCrd": "38.88198287",
    "longitudeCrd": "-77.11512619",
    "statePlaneXCrd": "11877129.80375000",
    "statePlaneYCrd": "7007222.03312500",
    "handicapInd": true,
    "timeRestrictionDsc": "MON-SAT 8AM-6PM",
    "maxHoursCnt": "12.0",
    "meterTypeDsc": "Double",
    "dollarPerHourRate": "1.25",
    "activeStatusInd": false,
    "zoneSpaceCnt": "1.00",
    "metroAreaName": "Ballston"
  },
  {
    "parkingTransactionKey": 14,
    "transactionSourceCode": "IPS",
    "meterId": "CRH2500S",
    "zoneNbr": "54065",
    "startDtm": "2015-12-31T16:57:39.000Z",
    "endDtm": "2015-12-31T18:00:01.000Z",
    "transactionAmt": "1.75",
    "paymentTypeName": "Coins",
    "transactionStatusCode": null,
    "meterManufacturerName": "IPS",
    "blockNbr": 2500,
    "sourceStreetDisplayName": "CRYSTAL DR",
    "sideDirectionName": "West",
    "latitudeCrd": "38.85120916",
    "longitudeCrd": "-77.05026149",
    "statePlaneXCrd": "11895769.40187500",
    "statePlaneYCrd": "6996300.72125000",
    "handicapInd": true,
    "timeRestrictionDsc": "MON-SAT 8AM-6PM",
    "maxHoursCnt": "4.0",
    "meterTypeDsc": "Double",
    "dollarPerHourRate": "1.25",
    "activeStatusInd": true,
    "zoneSpaceCnt": "2.00",
    "metroAreaName": "Crystal City"
  },
  {
    "parkingTransactionKey": 39,
    "transactionSourceCode": "IPS",
    "meterId": "ULH1412N",
    "zoneNbr": "54408",
    "startDtm": "2015-12-31T15:04:19.000Z",
    "endDtm": "2015-12-31T17:04:19.000Z",
    "transactionAmt": "1.35",
    "paymentTypeName": "Coins",
    "transactionStatusCode": null,
    "meterManufacturerName": "IPS",
    "blockNbr": 1400,
    "sourceStreetDisplayName": "N UHLE ST",
    "sideDirectionName": "West",
    "latitudeCrd": "38.88985375",
    "longitudeCrd": "-77.08474623",
    "statePlaneXCrd": "11885732.76812500",
    "statePlaneYCrd": "7010220.16374999",
    "handicapInd": true,
    "timeRestrictionDsc": "MON - SAT 8AM - 8PM",
    "maxHoursCnt": "1.0",
    "meterTypeDsc": "Single",
    "dollarPerHourRate": "1.75",
    "activeStatusInd": false,
    "zoneSpaceCnt": "2.00",
    "metroAreaName": "Courthouse"
  },
  {
    "parkingTransactionKey": 50,
    "transactionSourceCode": "IPS",
    "meterId": "RAH500N",
    "zoneNbr": "54634",
    "startDtm": "2015-12-31T14:26:41.000Z",
    "endDtm": "2015-12-31T18:00:00.000Z",
    "transactionAmt": "3.75",
    "paymentTypeName": "Credit Card",
    "transactionStatusCode": "Approved",
    "meterManufacturerName": "MacKay",
    "blockNbr": 500,
    "sourceStreetDisplayName": "N RANDOLPH ST",
    "sideDirectionName": "East",
    "latitudeCrd": "38.87762673",
    "longitudeCrd": "-77.10958651",
    "statePlaneXCrd": "11878730.61437500",
    "statePlaneYCrd": "7005659.54250000",
    "handicapInd": false,
    "timeRestrictionDsc": "MON-FRI 8AM-6PM",
    "maxHoursCnt": "12.0",
    "meterTypeDsc": "Single",
    "dollarPerHourRate": "1.00",
    "activeStatusInd": true,
    "zoneSpaceCnt": "2.00",
    "metroAreaName": "Ballston"
  },
  {
    "parkingTransactionKey": 57,
    "transactionSourceCode": "IPS",
    "meterId": "317N",
    "zoneNbr": "54469",
    "startDtm": "2015-12-31T14:04:57.000Z",
    "endDtm": "2015-12-31T14:36:57.000Z",
    "transactionAmt": "0.80",
    "paymentTypeName": "Coins",
    "transactionStatusCode": null,
    "meterManufacturerName": "IPS",
    "blockNbr": 1400,
    "sourceStreetDisplayName": "N COURTHOUSE RD",
    "sideDirectionName": "North",
    "latitudeCrd": "38.89058732",
    "longitudeCrd": "-77.08467526",
    "statePlaneXCrd": "11885748.84937500",
    "statePlaneYCrd": "7010487.61062500",
    "handicapInd": true,
    "timeRestrictionDsc": "MON - FRI 8AM - 8PM, SAT 6AM - 12PM",
    "maxHoursCnt": "1.0",
    "meterTypeDsc": "Single",
    "dollarPerHourRate": "1.75",
    "activeStatusInd": false,
    "zoneSpaceCnt": "3.00",
    "metroAreaName": "Courthouse"
  },
  {
    "parkingTransactionKey": 71,
    "transactionSourceCode": "IPS",
    "meterId": "ULH1412N",
    "zoneNbr": "54408",
    "startDtm": "2015-12-31T13:24:19.000Z",
    "endDtm": "2015-12-31T15:16:41.000Z",
    "transactionAmt": "0.85",
    "paymentTypeName": "Coins",
    "transactionStatusCode": null,
    "meterManufacturerName": "IPS",
    "blockNbr": 1400,
    "sourceStreetDisplayName": "N UHLE ST",
    "sideDirectionName": "West",
    "latitudeCrd": "38.88985375",
    "longitudeCrd": "-77.08474623",
    "statePlaneXCrd": "11885732.76812500",
    "statePlaneYCrd": "7010220.16374999",
    "handicapInd": true,
    "timeRestrictionDsc": "MON - SAT 8AM - 8PM",
    "maxHoursCnt": "1.0",
    "meterTypeDsc": "Single",
    "dollarPerHourRate": "1.75",
    "activeStatusInd": false,
    "zoneSpaceCnt": "2.00",
    "metroAreaName": "Courthouse"
  },
  {
    "parkingTransactionKey": 89,
    "transactionSourceCode": "IPS",
    "meterId": "191106N",
    "zoneNbr": "54520",
    "startDtm": "2015-12-31T12:21:24.000Z",
    "endDtm": "2015-12-31T13:11:24.000Z",
    "transactionAmt": "1.25",
    "paymentTypeName": "Coins",
    "transactionStatusCode": null,
    "meterManufacturerName": "IPS",
    "blockNbr": 1100,
    "sourceStreetDisplayName": "19TH ST N",
    "sideDirectionName": "East",
    "latitudeCrd": "38.89699722",
    "longitudeCrd": "-77.07008220",
    "statePlaneXCrd": "11889865.64812500",
    "statePlaneYCrd": "7012886.19062500",
    "handicapInd": false,
    "timeRestrictionDsc": "MON-SAT 8AM-6PM",
    "maxHoursCnt": "4.0",
    "meterTypeDsc": "Double",
    "dollarPerHourRate": "1.25",
    "activeStatusInd": true,
    "zoneSpaceCnt": "5.00",
    "metroAreaName": "Rosslyn"
  },
  {
    "parkingTransactionKey": 101,
    "transactionSourceCode": "IPS",
    "meterId": "QNH1600N",
    "zoneNbr": "54525",
    "startDtm": "2015-12-31T12:06:03.000Z",
    "endDtm": "2015-12-31T13:06:03.000Z",
    "transactionAmt": "1.50",
    "paymentTypeName": "Coins",
    "transactionStatusCode": null,
    "meterManufacturerName": "IPS",
    "blockNbr": 1600,
    "sourceStreetDisplayName": "N QUINN ST",
    "sideDirectionName": "West",
    "latitudeCrd": "38.89381150",
    "longitudeCrd": "-77.07865384",
    "statePlaneXCrd": "11887444.35625000",
    "statePlaneYCrd": "7011688.20125000",
    "handicapInd": true,
    "timeRestrictionDsc": "MON-SAT 8AM-6PM",
    "maxHoursCnt": "4.0",
    "meterTypeDsc": "Single",
    "dollarPerHourRate": "1.25",
    "activeStatusInd": true,
    "zoneSpaceCnt": "1.00",
    "metroAreaName": "Rosslyn"
  },
  {
    "parkingTransactionKey": 123,
    "transactionSourceCode": "IPS",
    "meterId": "317N",
    "zoneNbr": "54469",
    "startDtm": "2015-12-31T10:47:38.000Z",
    "endDtm": "2015-12-31T11:07:38.000Z",
    "transactionAmt": "0.50",
    "paymentTypeName": "Coins",
    "transactionStatusCode": null,
    "meterManufacturerName": "IPS",
    "blockNbr": 1400,
    "sourceStreetDisplayName": "N COURTHOUSE RD",
    "sideDirectionName": "North",
    "latitudeCrd": "38.89058732",
    "longitudeCrd": "-77.08467526",
    "statePlaneXCrd": "11885748.84937500",
    "statePlaneYCrd": "7010487.61062500",
    "handicapInd": true,
    "timeRestrictionDsc": "MON - FRI 8AM - 8PM, SAT 6AM - 12PM",
    "maxHoursCnt": "1.0",
    "meterTypeDsc": "Single",
    "dollarPerHourRate": "1.75",
    "activeStatusInd": false,
    "zoneSpaceCnt": "3.00",
    "metroAreaName": "Courthouse"
  },
  {
    "parkingTransactionKey": 132,
    "transactionSourceCode": "IPS",
    "meterId": "GMH1621N",
    "zoneNbr": "54593",
    "startDtm": "2015-12-31T09:44:48.000Z",
    "endDtm": "2015-12-31T10:05:09.000Z",
    "transactionAmt": "0.50",
    "paymentTypeName": "Coins",
    "transactionStatusCode": null,
    "meterManufacturerName": "IPS",
    "blockNbr": 1600,
    "sourceStreetDisplayName": "N GEORGE MASON DR",
    "sideDirectionName": "East",
    "latitudeCrd": "38.88851264",
    "longitudeCrd": "-77.12831895",
    "statePlaneXCrd": "11873339.15875000",
    "statePlaneYCrd": "7009543.53874999",
    "handicapInd": true,
    "timeRestrictionDsc": "MON - SAT 8AM - 8PM",
    "maxHoursCnt": "4.0",
    "meterTypeDsc": "Single",
    "dollarPerHourRate": "1.50",
    "activeStatusInd": false,
    "zoneSpaceCnt": "1.00",
    "metroAreaName": "Virginia Hospital"
  },
  {
    "parkingTransactionKey": 141,
    "transactionSourceCode": "IPS",
    "meterId": "317N",
    "zoneNbr": "54469",
    "startDtm": "2015-12-31T08:21:37.000Z",
    "endDtm": "2015-12-31T08:39:37.000Z",
    "transactionAmt": "0.45",
    "paymentTypeName": "Coins",
    "transactionStatusCode": null,
    "meterManufacturerName": "IPS",
    "blockNbr": 1400,
    "sourceStreetDisplayName": "N COURTHOUSE RD",
    "sideDirectionName": "North",
    "latitudeCrd": "38.89058732",
    "longitudeCrd": "-77.08467526",
    "statePlaneXCrd": "11885748.84937500",
    "statePlaneYCrd": "7010487.61062500",
    "handicapInd": true,
    "timeRestrictionDsc": "MON - FRI 8AM - 8PM, SAT 6AM - 12PM",
    "maxHoursCnt": "1.0",
    "meterTypeDsc": "Single",
    "dollarPerHourRate": "1.75",
    "activeStatusInd": false,
    "zoneSpaceCnt": "3.00",
    "metroAreaName": "Courthouse"
  },
  {
    "parkingTransactionKey": 170,
    "transactionSourceCode": "IPS",
    "meterId": "CB2504N",
    "zoneNbr": "54439",
    "startDtm": "2016-12-31T17:28:51.000Z",
    "endDtm": "2016-12-31T18:00:01.000Z",
    "transactionAmt": "0.10",
    "paymentTypeName": "Coins",
    "transactionStatusCode": null,
    "meterManufacturerName": "MacKay",
    "blockNbr": 2500,
    "sourceStreetDisplayName": "CLARENDON BLVD",
    "sideDirectionName": "South",
    "latitudeCrd": "38.88919241",
    "longitudeCrd": "-77.08933184",
    "statePlaneXCrd": "11884431.39750000",
    "statePlaneYCrd": "7009959.24312501",
    "handicapInd": false,
    "timeRestrictionDsc": "MON-SAT 8AM-6PM",
    "maxHoursCnt": "2.0",
    "meterTypeDsc": "Single",
    "dollarPerHourRate": "1.25",
    "activeStatusInd": true,
    "zoneSpaceCnt": "3.00",
    "metroAreaName": "Courthouse"
  },
  {
    "parkingTransactionKey": 195,
    "transactionSourceCode": "IPS",
    "meterId": "Spares (Arlington VA)",
    "zoneNbr": null,
    "startDtm": "2016-12-31T16:53:46.000Z",
    "endDtm": "2016-12-31T17:33:46.000Z",
    "transactionAmt": "0.50",
    "paymentTypeName": "Coins",
    "transactionStatusCode": null,
    "meterManufacturerName": null,
    "blockNbr": null,
    "sourceStreetDisplayName": null,
    "sideDirectionName": null,
    "latitudeCrd": null,
    "longitudeCrd": null,
    "statePlaneXCrd": null,
    "statePlaneYCrd": null,
    "handicapInd": null,
    "timeRestrictionDsc": null,
    "maxHoursCnt": null,
    "meterTypeDsc": null,
    "dollarPerHourRate": null,
    "activeStatusInd": false,
    "zoneSpaceCnt": null,
    "metroAreaName": null
  },
  {
    "parkingTransactionKey": 225,
    "transactionSourceCode": "IPS",
    "meterId": "HI1103N",
    "zoneNbr": "54251",
    "startDtm": "2016-12-31T15:23:47.000Z",
    "endDtm": "2016-12-31T15:43:47.000Z",
    "transactionAmt": "0.50",
    "paymentTypeName": "Coins",
    "transactionStatusCode": null,
    "meterManufacturerName": "IPS",
    "blockNbr": 1100,
    "sourceStreetDisplayName": "N HIGHLAND ST",
    "sideDirectionName": "East",
    "latitudeCrd": "38.88591789",
    "longitudeCrd": "-77.09472341",
    "statePlaneXCrd": "11882915.18750000",
    "statePlaneYCrd": "7008743.26312500",
    "handicapInd": false,
    "timeRestrictionDsc": "MON - SAT 8AM - 8PM",
    "maxHoursCnt": "2.0",
    "meterTypeDsc": "Single",
    "dollarPerHourRate": "1.75",
    "activeStatusInd": false,
    "zoneSpaceCnt": "8.00",
    "metroAreaName": "Clarendon"
  },
  {
    "parkingTransactionKey": 230,
    "transactionSourceCode": "IPS",
    "meterId": "CLA2603S",
    "zoneNbr": "54037",
    "startDtm": "2016-12-31T15:12:11.000Z",
    "endDtm": "2016-12-31T15:22:11.000Z",
    "transactionAmt": "0.25",
    "paymentTypeName": "Coins",
    "transactionStatusCode": null,
    "meterManufacturerName": "POM",
    "blockNbr": 2600,
    "sourceStreetDisplayName": "S CLARK ST",
    "sideDirectionName": "East",
    "latitudeCrd": "38.85042650",
    "longitudeCrd": "-77.05184554",
    "statePlaneXCrd": "11895322.83500000",
    "statePlaneYCrd": "6996008.59125000",
    "handicapInd": false,
    "timeRestrictionDsc": "MON-SAT 8AM-6PM",
    "maxHoursCnt": "2.0",
    "meterTypeDsc": "Double",
    "dollarPerHourRate": "1.25",
    "activeStatusInd": true,
    "zoneSpaceCnt": "12.00",
    "metroAreaName": "Crystal City"
  },
  {
    "parkingTransactionKey": 259,
    "transactionSourceCode": "IPS",
    "meterId": "CRH1700S",
    "zoneNbr": "54688",
    "startDtm": "2016-12-31T14:31:27.000Z",
    "endDtm": "2016-12-31T14:57:15.000Z",
    "transactionAmt": "0.10",
    "paymentTypeName": "Coins",
    "transactionStatusCode": null,
    "meterManufacturerName": "IPS",
    "blockNbr": 1700,
    "sourceStreetDisplayName": "CRYSTAL DR",
    "sideDirectionName": "West",
    "latitudeCrd": "38.85829174",
    "longitudeCrd": "-77.04929791",
    "statePlaneXCrd": "11896003.02375000",
    "statePlaneYCrd": "6998884.19875000",
    "handicapInd": true,
    "timeRestrictionDsc": "MON - SAT 8AM - 8PM",
    "maxHoursCnt": "4.0",
    "meterTypeDsc": "Single",
    "dollarPerHourRate": "1.50",
    "activeStatusInd": false,
    "zoneSpaceCnt": "1.00",
    "metroAreaName": "CRYSTAL CITY"
  },
  {
    "parkingTransactionKey": 266,
    "transactionSourceCode": "IPS",
    "meterId": "CB2406N",
    "zoneNbr": "54441",
    "startDtm": "2016-12-31T14:21:22.000Z",
    "endDtm": "2016-12-31T14:41:22.000Z",
    "transactionAmt": "0.50",
    "paymentTypeName": "Coins",
    "transactionStatusCode": null,
    "meterManufacturerName": "IPS",
    "blockNbr": 2400,
    "sourceStreetDisplayName": "CLARENDON BLVD",
    "sideDirectionName": "South",
    "latitudeCrd": "38.88964198",
    "longitudeCrd": "-77.08819931",
    "statePlaneXCrd": "11884751.20187500",
    "statePlaneYCrd": "7010127.91249999",
    "handicapInd": false,
    "timeRestrictionDsc": "MON-SAT 8AM-6PM",
    "maxHoursCnt": "2.0",
    "meterTypeDsc": "Single",
    "dollarPerHourRate": "1.25",
    "activeStatusInd": true,
    "zoneSpaceCnt": "4.00",
    "metroAreaName": "Courthouse"
  },
  {
    "parkingTransactionKey": 281,
    "transactionSourceCode": "IPS",
    "meterId": "AD905S",
    "zoneNbr": "54669",
    "startDtm": "2016-12-31T13:56:48.000Z",
    "endDtm": "2016-12-31T13:56:48.000Z",
    "transactionAmt": "0.50",
    "paymentTypeName": "Coins",
    "transactionStatusCode": null,
    "meterManufacturerName": "IPS",
    "blockNbr": 900,
    "sourceStreetDisplayName": "S ADAMS ST",
    "sideDirectionName": "West",
    "latitudeCrd": "38.86399214",
    "longitudeCrd": "-77.08347786",
    "statePlaneXCrd": "11886239.07562500",
    "statePlaneYCrd": "7000808.04187500",
    "handicapInd": false,
    "timeRestrictionDsc": "MON - SAT 8AM - 8PM",
    "maxHoursCnt": "2.0",
    "meterTypeDsc": "Double",
    "dollarPerHourRate": "1.75",
    "activeStatusInd": false,
    "zoneSpaceCnt": "2.00",
    "metroAreaName": "Columbia Pike"
  },
  {
    "parkingTransactionKey": 291,
    "transactionSourceCode": "IPS",
    "meterId": "ELH1203S",
    "zoneNbr": "54664",
    "startDtm": "2016-12-31T13:48:44.000Z",
    "endDtm": "2016-12-31T14:08:44.000Z",
    "transactionAmt": "0.50",
    "paymentTypeName": "Coins",
    "transactionStatusCode": null,
    "meterManufacturerName": "IPS",
    "blockNbr": 1200,
    "sourceStreetDisplayName": "S ELM ST",
    "sideDirectionName": "East",
    "latitudeCrd": "38.86212107",
    "longitudeCrd": "-77.05545411",
    "statePlaneXCrd": "11894228.25312500",
    "statePlaneYCrd": "7000251.02124999",
    "handicapInd": true,
    "timeRestrictionDsc": "MON - SAT 8AM - 8PM",
    "maxHoursCnt": "4.0",
    "meterTypeDsc": "Double",
    "dollarPerHourRate": "1.50",
    "activeStatusInd": false,
    "zoneSpaceCnt": "4.00",
    "metroAreaName": "Pentagon City"
  },
  {
    "parkingTransactionKey": 295,
    "transactionSourceCode": "IPS",
    "meterId": "CLAH2310S",
    "zoneNbr": "54061",
    "startDtm": "2016-12-31T13:48:03.000Z",
    "endDtm": "2016-12-31T13:58:03.000Z",
    "transactionAmt": "0.25",
    "paymentTypeName": "Coins",
    "transactionStatusCode": null,
    "meterManufacturerName": "IPS",
    "blockNbr": 2300,
    "sourceStreetDisplayName": "S CLARK ST",
    "sideDirectionName": "West",
    "latitudeCrd": "38.85270628",
    "longitudeCrd": "-77.05210596",
    "statePlaneXCrd": "11895235.58437500",
    "statePlaneYCrd": "6996837.61187500",
    "handicapInd": false,
    "timeRestrictionDsc": "MON - SAT 8AM - 8PM",
    "maxHoursCnt": "4.0",
    "meterTypeDsc": "Single",
    "dollarPerHourRate": "1.50",
    "activeStatusInd": false,
    "zoneSpaceCnt": "4.00",
    "metroAreaName": "Crystal City"
  },
  {
    "parkingTransactionKey": 310,
    "transactionSourceCode": "IPS",
    "meterId": "JO1323S",
    "zoneNbr": "54377",
    "startDtm": "2016-12-31T13:33:09.000Z",
    "endDtm": "2016-12-31T13:53:07.000Z",
    "transactionAmt": "0.25",
    "paymentTypeName": "Coins",
    "transactionStatusCode": null,
    "meterManufacturerName": "POM",
    "blockNbr": 1300,
    "sourceStreetDisplayName": "S JOYCE ST",
    "sideDirectionName": "East",
    "latitudeCrd": "38.86299261",
    "longitudeCrd": "-77.06349297",
    "statePlaneXCrd": "11891934.54187500",
    "statePlaneYCrd": "7000532.47750001",
    "handicapInd": false,
    "timeRestrictionDsc": "MON-SAT 8AM-6PM",
    "maxHoursCnt": "30.0",
    "meterTypeDsc": "Single",
    "dollarPerHourRate": "1.25",
    "activeStatusInd": true,
    "zoneSpaceCnt": "2.00",
    "metroAreaName": "Pentagon City"
  },
  {
    "parkingTransactionKey": 317,
    "transactionSourceCode": "IPS",
    "meterId": "AD905S",
    "zoneNbr": "54669",
    "startDtm": "2016-12-31T13:26:31.000Z",
    "endDtm": "2016-12-31T13:26:31.000Z",
    "transactionAmt": "0.25",
    "paymentTypeName": "Coins",
    "transactionStatusCode": null,
    "meterManufacturerName": "IPS",
    "blockNbr": 900,
    "sourceStreetDisplayName": "S ADAMS ST",
    "sideDirectionName": "West",
    "latitudeCrd": "38.86399214",
    "longitudeCrd": "-77.08347786",
    "statePlaneXCrd": "11886239.07562500",
    "statePlaneYCrd": "7000808.04187500",
    "handicapInd": false,
    "timeRestrictionDsc": "MON - SAT 8AM - 8PM",
    "maxHoursCnt": "2.0",
    "meterTypeDsc": "Double",
    "dollarPerHourRate": "1.75",
    "activeStatusInd": false,
    "zoneSpaceCnt": "2.00",
    "metroAreaName": "Columbia Pike"
  },
  {
    "parkingTransactionKey": 329,
    "transactionSourceCode": "IPS",
    "meterId": "GAH1200N",
    "zoneNbr": "54690",
    "startDtm": "2016-12-31T13:15:17.000Z",
    "endDtm": "2016-12-31T14:35:17.000Z",
    "transactionAmt": "2.00",
    "paymentTypeName": "Coins",
    "transactionStatusCode": null,
    "meterManufacturerName": "IPS",
    "blockNbr": 1200,
    "sourceStreetDisplayName": "N GARFIELD ST",
    "sideDirectionName": "East",
    "latitudeCrd": "38.88726493",
    "longitudeCrd": "-77.09391335",
    "statePlaneXCrd": "11883138.22937500",
    "statePlaneYCrd": "7009237.32937500",
    "handicapInd": true,
    "timeRestrictionDsc": "MON-SAT 8AM-6PM",
    "maxHoursCnt": "4.0",
    "meterTypeDsc": "Single",
    "dollarPerHourRate": "1.50",
    "activeStatusInd": false,
    "zoneSpaceCnt": "1.00",
    "metroAreaName": "Clarendon"
  },
  {
    "parkingTransactionKey": 353,
    "transactionSourceCode": "IPS",
    "meterId": "SU800N",
    "zoneNbr": "54122",
    "startDtm": "2016-12-31T12:35:02.000Z",
    "endDtm": "2016-12-31T13:35:02.000Z",
    "transactionAmt": "0.25",
    "paymentTypeName": "Coins",
    "transactionStatusCode": null,
    "meterManufacturerName": "POM",
    "blockNbr": 800,
    "sourceStreetDisplayName": "N STUART ST",
    "sideDirectionName": "East",
    "latitudeCrd": "38.88033327",
    "longitudeCrd": "-77.11167623",
    "statePlaneXCrd": "11878120.86750000",
    "statePlaneYCrd": "7006636.14875001",
    "handicapInd": false,
    "timeRestrictionDsc": "MON-SAT 8AM-6PM",
    "maxHoursCnt": "1.0",
    "meterTypeDsc": "Double",
    "dollarPerHourRate": "1.25",
    "activeStatusInd": false,
    "zoneSpaceCnt": "1.00",
    "metroAreaName": "Ballston"
  },
  {
    "parkingTransactionKey": 362,
    "transactionSourceCode": "IPS",
    "meterId": "23H704S",
    "zoneNbr": "54324",
    "startDtm": "2016-12-31T12:25:09.000Z",
    "endDtm": "2016-12-31T14:25:09.000Z",
    "transactionAmt": "3.00",
    "paymentTypeName": "Credit Card",
    "transactionStatusCode": "Approved",
    "meterManufacturerName": "IPS",
    "blockNbr": 700,
    "sourceStreetDisplayName": "23RD ST S",
    "sideDirectionName": "South",
    "latitudeCrd": "38.85322556",
    "longitudeCrd": "-77.05900538",
    "statePlaneXCrd": "11893268.02312500",
    "statePlaneYCrd": "6996995.79500000",
    "handicapInd": true,
    "timeRestrictionDsc": "MON - SAT 8AM - 8PM",
    "maxHoursCnt": "4.0",
    "meterTypeDsc": "Single",
    "dollarPerHourRate": "1.75",
    "activeStatusInd": false,
    "zoneSpaceCnt": "1.00",
    "metroAreaName": "Crystal City"
  },
  {
    "parkingTransactionKey": 373,
    "transactionSourceCode": "IPS",
    "meterId": "Ga903N",
    "zoneNbr": "54256",
    "startDtm": "2016-12-31T11:59:36.000Z",
    "endDtm": "2016-12-31T13:59:36.000Z",
    "transactionAmt": "3.00",
    "paymentTypeName": "Credit Card",
    "transactionStatusCode": "Approved",
    "meterManufacturerName": "MacKay",
    "blockNbr": 900,
    "sourceStreetDisplayName": "N GARFIELD ST",
    "sideDirectionName": "West",
    "latitudeCrd": "38.88416808",
    "longitudeCrd": "-77.09361362",
    "statePlaneXCrd": "11883240.81500000",
    "statePlaneYCrd": "7008110.88937500",
    "handicapInd": false,
    "timeRestrictionDsc": "MON-SAT 8AM-6PM",
    "maxHoursCnt": "4.0",
    "meterTypeDsc": "Single",
    "dollarPerHourRate": "1.25",
    "activeStatusInd": false,
    "zoneSpaceCnt": "3.00",
    "metroAreaName": "Clarendon"
  },
  {
    "parkingTransactionKey": 382,
    "transactionSourceCode": "IPS",
    "meterId": "CB2402N",
    "zoneNbr": "54441",
    "startDtm": "2016-12-31T11:40:18.000Z",
    "endDtm": "2016-12-31T13:40:18.000Z",
    "transactionAmt": "3.00",
    "paymentTypeName": "Credit Card",
    "transactionStatusCode": "Approved",
    "meterManufacturerName": "MacKay",
    "blockNbr": 2400,
    "sourceStreetDisplayName": "CLARENDON BLVD",
    "sideDirectionName": "South",
    "latitudeCrd": "38.88979256",
    "longitudeCrd": "-77.08781182",
    "statePlaneXCrd": "11884860.63875000",
    "statePlaneYCrd": "7010184.44437499",
    "handicapInd": false,
    "timeRestrictionDsc": "MON-SAT 8AM-6PM",
    "maxHoursCnt": "2.0",
    "meterTypeDsc": "Double",
    "dollarPerHourRate": "1.25",
    "activeStatusInd": true,
    "zoneSpaceCnt": "4.00",
    "metroAreaName": "Courthouse"
  },
  {
    "parkingTransactionKey": 389,
    "transactionSourceCode": "IPS",
    "meterId": "H149N",
    "zoneNbr": "54118",
    "startDtm": "2016-12-31T11:33:56.000Z",
    "endDtm": "2016-12-31T12:13:47.000Z",
    "transactionAmt": "0.50",
    "paymentTypeName": "Coins",
    "transactionStatusCode": null,
    "meterManufacturerName": "IPS",
    "blockNbr": 4200,
    "sourceStreetDisplayName": "WILSON BLVD",
    "sideDirectionName": "East",
    "latitudeCrd": "38.87933459",
    "longitudeCrd": "-77.11227052",
    "statePlaneXCrd": "11877957.20562500",
    "statePlaneYCrd": "7006269.91500001",
    "handicapInd": true,
    "timeRestrictionDsc": "MON - SAT 8AM - 8PM",
    "maxHoursCnt": "4.0",
    "meterTypeDsc": "Single",
    "dollarPerHourRate": "1.50",
    "activeStatusInd": false,
    "zoneSpaceCnt": "2.00",
    "metroAreaName": "Ballston"
  },
  {
    "parkingTransactionKey": 407,
    "transactionSourceCode": "IPS",
    "meterId": "CLA2601S",
    "zoneNbr": "54037",
    "startDtm": "2016-12-31T11:06:20.000Z",
    "endDtm": "2016-12-31T12:07:43.000Z",
    "transactionAmt": "0.10",
    "paymentTypeName": "Coins",
    "transactionStatusCode": null,
    "meterManufacturerName": "POM",
    "blockNbr": 2600,
    "sourceStreetDisplayName": "S CLARK ST",
    "sideDirectionName": "East",
    "latitudeCrd": "38.85044167",
    "longitudeCrd": "-77.05183772",
    "statePlaneXCrd": "11895324.97312500",
    "statePlaneYCrd": "6996014.15125000",
    "handicapInd": false,
    "timeRestrictionDsc": "MON-SAT 8AM-6PM",
    "maxHoursCnt": "2.0",
    "meterTypeDsc": "Double",
    "dollarPerHourRate": "1.25",
    "activeStatusInd": true,
    "zoneSpaceCnt": "12.00",
    "metroAreaName": "Crystal City"
  },
  {
    "parkingTransactionKey": 414,
    "transactionSourceCode": "IPS",
    "meterId": "9H4114N",
    "zoneNbr": "54327",
    "startDtm": "2016-12-31T10:53:26.000Z",
    "endDtm": "2016-12-31T11:03:26.000Z",
    "transactionAmt": "0.25",
    "paymentTypeName": "Coins",
    "transactionStatusCode": null,
    "meterManufacturerName": "IPS",
    "blockNbr": 4100,
    "sourceStreetDisplayName": "9TH ST N",
    "sideDirectionName": "East",
    "latitudeCrd": "38.88098324",
    "longitudeCrd": "-77.11056471",
    "statePlaneXCrd": "11878433.66812500",
    "statePlaneYCrd": "7006877.62812500",
    "handicapInd": true,
    "timeRestrictionDsc": "MON-SAT 8AM-6PM",
    "maxHoursCnt": "2.0",
    "meterTypeDsc": "Double",
    "dollarPerHourRate": "1.25",
    "activeStatusInd": true,
    "zoneSpaceCnt": "1.00",
    "metroAreaName": "Ballston"
  },
  {
    "parkingTransactionKey": 425,
    "transactionSourceCode": "IPS",
    "meterId": "HI1103N",
    "zoneNbr": "54251",
    "startDtm": "2016-12-31T10:40:59.000Z",
    "endDtm": "2016-12-31T10:50:59.000Z",
    "transactionAmt": "0.25",
    "paymentTypeName": "Coins",
    "transactionStatusCode": null,
    "meterManufacturerName": "IPS",
    "blockNbr": 1100,
    "sourceStreetDisplayName": "N HIGHLAND ST",
    "sideDirectionName": "East",
    "latitudeCrd": "38.88591789",
    "longitudeCrd": "-77.09472341",
    "statePlaneXCrd": "11882915.18750000",
    "statePlaneYCrd": "7008743.26312500",
    "handicapInd": false,
    "timeRestrictionDsc": "MON - SAT 8AM - 8PM",
    "maxHoursCnt": "2.0",
    "meterTypeDsc": "Single",
    "dollarPerHourRate": "1.75",
    "activeStatusInd": false,
    "zoneSpaceCnt": "8.00",
    "metroAreaName": "Clarendon"
  },
  {
    "parkingTransactionKey": 470,
    "transactionSourceCode": "IPS",
    "meterId": "103700N",
    "zoneNbr": "54226",
    "startDtm": "2016-12-31T09:10:59.000Z",
    "endDtm": "2016-12-31T10:10:26.000Z",
    "transactionAmt": "0.50",
    "paymentTypeName": "Coins",
    "transactionStatusCode": null,
    "meterManufacturerName": "POM",
    "blockNbr": 3600,
    "sourceStreetDisplayName": "10TH ST N",
    "sideDirectionName": "East",
    "latitudeCrd": "38.88358061",
    "longitudeCrd": "-77.10510514",
    "statePlaneXCrd": "11879973.29500000",
    "statePlaneYCrd": "7007847.05062500",
    "handicapInd": false,
    "timeRestrictionDsc": "MON-SAT 8AM-6PM",
    "maxHoursCnt": "2.0",
    "meterTypeDsc": "Single",
    "dollarPerHourRate": "1.25",
    "activeStatusInd": true,
    "zoneSpaceCnt": "10.00",
    "metroAreaName": "Virginia Square"
  },
  {
    "parkingTransactionKey": 485,
    "transactionSourceCode": "IPS",
    "meterId": "JO1315 S",
    "zoneNbr": "54375",
    "startDtm": "2016-12-30T20:46:38.000Z",
    "endDtm": "2016-12-30T20:46:38.000Z",
    "transactionAmt": "0.05",
    "paymentTypeName": "Coins",
    "transactionStatusCode": null,
    "meterManufacturerName": "IPS",
    "blockNbr": 1300,
    "sourceStreetDisplayName": "S JOYCE ST",
    "sideDirectionName": "East",
    "latitudeCrd": "38.86394566",
    "longitudeCrd": "-77.06327377",
    "statePlaneXCrd": "11891991.51687500",
    "statePlaneYCrd": "7000880.51187500",
    "handicapInd": false,
    "timeRestrictionDsc": "MON - SAT 8AM - 8PM",
    "maxHoursCnt": "1.0",
    "meterTypeDsc": "Single",
    "dollarPerHourRate": "1.75",
    "activeStatusInd": false,
    "zoneSpaceCnt": "1.00",
    "metroAreaName": "Pentagon City"
  },
  {
    "parkingTransactionKey": 499,
    "transactionSourceCode": "IPS",
    "meterId": "22H501S",
    "zoneNbr": "54726",
    "startDtm": "2016-12-30T17:32:49.000Z",
    "endDtm": "2016-12-30T17:34:49.000Z",
    "transactionAmt": "0.05",
    "paymentTypeName": "Coins",
    "transactionStatusCode": null,
    "meterManufacturerName": "IPS",
    "blockNbr": 500,
    "sourceStreetDisplayName": "22nd ST S",
    "sideDirectionName": "North",
    "latitudeCrd": "38.85423976",
    "longitudeCrd": "-77.05361195",
    "statePlaneXCrd": "11894797.95750000",
    "statePlaneYCrd": "6997389.27062500",
    "handicapInd": true,
    "timeRestrictionDsc": "MON-FRI 8AM-6PM",
    "maxHoursCnt": "12.0",
    "meterTypeDsc": "Single",
    "dollarPerHourRate": "1.00",
    "activeStatusInd": true,
    "zoneSpaceCnt": "1.00",
    "metroAreaName": "Crystal City"
  },
  {
    "parkingTransactionKey": 518,
    "transactionSourceCode": "IPS",
    "meterId": "EAH2401S",
    "zoneNbr": "54691",
    "startDtm": "2016-12-30T16:56:44.000Z",
    "endDtm": "2016-12-30T17:06:44.000Z",
    "transactionAmt": "0.25",
    "paymentTypeName": "Coins",
    "transactionStatusCode": null,
    "meterManufacturerName": "IPS",
    "blockNbr": 2400,
    "sourceStreetDisplayName": "S EADS ST",
    "sideDirectionName": "East",
    "latitudeCrd": "38.85225409",
    "longitudeCrd": "-77.05341242",
    "statePlaneXCrd": "11894866.16750000",
    "statePlaneYCrd": "6996667.08062500",
    "handicapInd": true,
    "timeRestrictionDsc": "MON - SAT 8AM - 8PM",
    "maxHoursCnt": "4.0",
    "meterTypeDsc": "Single",
    "dollarPerHourRate": "1.50",
    "activeStatusInd": false,
    "zoneSpaceCnt": "1.00",
    "metroAreaName": "Crystal City"
  },
  {
    "parkingTransactionKey": 525,
    "transactionSourceCode": "IPS",
    "meterId": "CAH4102S",
    "zoneNbr": "54703",
    "startDtm": "2016-12-30T16:45:24.000Z",
    "endDtm": "2016-12-30T18:00:01.000Z",
    "transactionAmt": "0.25",
    "paymentTypeName": "Coins",
    "transactionStatusCode": null,
    "meterManufacturerName": "IPS",
    "blockNbr": 4100,
    "sourceStreetDisplayName": "CAMPBELL AVE",
    "sideDirectionName": "North",
    "latitudeCrd": "38.84084040",
    "longitudeCrd": "-77.08954221",
    "statePlaneXCrd": "11884642.07062500",
    "statePlaneYCrd": "6992350.62750000",
    "handicapInd": true,
    "timeRestrictionDsc": "MON - SAT 8AM - 8PM",
    "maxHoursCnt": "4.0",
    "meterTypeDsc": "Single",
    "dollarPerHourRate": "1.50",
    "activeStatusInd": false,
    "zoneSpaceCnt": "1.00",
    "metroAreaName": "Shirlington"
  },
  {
    "parkingTransactionKey": 540,
    "transactionSourceCode": "IPS",
    "meterId": "23504S",
    "zoneNbr": "54072",
    "startDtm": "2016-12-30T16:20:39.000Z",
    "endDtm": "2016-12-30T17:00:39.000Z",
    "transactionAmt": "1.00",
    "paymentTypeName": "Credit Card",
    "transactionStatusCode": "Approved",
    "meterManufacturerName": "IPS",
    "blockNbr": 500,
    "sourceStreetDisplayName": "23RD ST S",
    "sideDirectionName": "South",
    "latitudeCrd": "38.85330584",
    "longitudeCrd": "-77.05414778",
    "statePlaneXCrd": "11894650.74125000",
    "statePlaneYCrd": "6997046.77937500",
    "handicapInd": false,
    "timeRestrictionDsc": "MON - SAT 8AM - 8PM",
    "maxHoursCnt": "2.0",
    "meterTypeDsc": "Single",
    "dollarPerHourRate": "1.75",
    "activeStatusInd": false,
    "zoneSpaceCnt": "11.00",
    "metroAreaName": "Crystal City"
  },
  {
    "parkingTransactionKey": 555,
    "transactionSourceCode": "IPS",
    "meterId": "HI1101N",
    "zoneNbr": "54251",
    "startDtm": "2016-12-30T16:08:59.000Z",
    "endDtm": "2016-12-30T16:38:59.000Z",
    "transactionAmt": "0.75",
    "paymentTypeName": "Coins",
    "transactionStatusCode": null,
    "meterManufacturerName": "IPS",
    "blockNbr": 1100,
    "sourceStreetDisplayName": "N HIGHLAND ST",
    "sideDirectionName": "East",
    "latitudeCrd": "38.88598430",
    "longitudeCrd": "-77.09472021",
    "statePlaneXCrd": "11882915.02500000",
    "statePlaneYCrd": "7008770.28375000",
    "handicapInd": false,
    "timeRestrictionDsc": "MON - SAT 8AM - 8PM",
    "maxHoursCnt": "2.0",
    "meterTypeDsc": "Single",
    "dollarPerHourRate": "1.75",
    "activeStatusInd": true,
    "zoneSpaceCnt": "8.00",
    "metroAreaName": "Clarendon"
  },
  {
    "parkingTransactionKey": 566,
    "transactionSourceCode": "IPS",
    "meterId": "AD905S",
    "zoneNbr": "54669",
    "startDtm": "2016-12-30T16:00:59.000Z",
    "endDtm": "2016-12-30T16:55:43.000Z",
    "transactionAmt": "0.05",
    "paymentTypeName": "Coins",
    "transactionStatusCode": null,
    "meterManufacturerName": "IPS",
    "blockNbr": 900,
    "sourceStreetDisplayName": "S ADAMS ST",
    "sideDirectionName": "West",
    "latitudeCrd": "38.86399214",
    "longitudeCrd": "-77.08347786",
    "statePlaneXCrd": "11886239.07562500",
    "statePlaneYCrd": "7000808.04187500",
    "handicapInd": false,
    "timeRestrictionDsc": "MON - SAT 8AM - 8PM",
    "maxHoursCnt": "2.0",
    "meterTypeDsc": "Double",
    "dollarPerHourRate": "1.75",
    "activeStatusInd": false,
    "zoneSpaceCnt": "2.00",
    "metroAreaName": "Columbia Pike"
  },
  {
    "parkingTransactionKey": 573,
    "transactionSourceCode": "IPS",
    "meterId": "PO2003N",
    "zoneNbr": "54603",
    "startDtm": "2016-12-30T15:54:13.000Z",
    "endDtm": "2016-12-30T16:47:15.000Z",
    "transactionAmt": "0.05",
    "paymentTypeName": "Coins",
    "transactionStatusCode": null,
    "meterManufacturerName": "Duncan",
    "blockNbr": 2000,
    "sourceStreetDisplayName": "N POLLARD ST",
    "sideDirectionName": "East",
    "latitudeCrd": "38.89638838",
    "longitudeCrd": "-77.10710107",
    "statePlaneXCrd": "11879334.42500000",
    "statePlaneYCrd": "7012502.49875000",
    "handicapInd": false,
    "timeRestrictionDsc": "MON-SAT 8AM-6PM",
    "maxHoursCnt": "2.0",
    "meterTypeDsc": "Double",
    "dollarPerHourRate": "1.25",
    "activeStatusInd": true,
    "zoneSpaceCnt": "2.00",
    "metroAreaName": "Lee Hwy"
  },
  {
    "parkingTransactionKey": 578,
    "transactionSourceCode": "IPS",
    "meterId": "WRH921S",
    "zoneNbr": "54574",
    "startDtm": "2016-12-30T15:52:53.000Z",
    "endDtm": "2016-12-30T16:02:53.000Z",
    "transactionAmt": "0.25",
    "paymentTypeName": "Coins",
    "transactionStatusCode": null,
    "meterManufacturerName": "IPS",
    "blockNbr": 900,
    "sourceStreetDisplayName": "S WALTER REED DR",
    "sideDirectionName": "West",
    "latitudeCrd": "38.86310214",
    "longitudeCrd": "-77.08699856",
    "statePlaneXCrd": "11885241.70625000",
    "statePlaneYCrd": "7000468.49562500",
    "handicapInd": true,
    "timeRestrictionDsc": "MON - SAT 8AM - 8PM",
    "maxHoursCnt": "2.0",
    "meterTypeDsc": "Single",
    "dollarPerHourRate": "1.25",
    "activeStatusInd": false,
    "zoneSpaceCnt": "1.00",
    "metroAreaName": "Columbia Pike"
  },
  {
    "parkingTransactionKey": 582,
    "transactionSourceCode": "IPS",
    "meterId": "CB2402N",
    "zoneNbr": "54441",
    "startDtm": "2016-12-30T15:47:24.000Z",
    "endDtm": "2016-12-30T16:17:18.000Z",
    "transactionAmt": "0.25",
    "paymentTypeName": "Coins",
    "transactionStatusCode": null,
    "meterManufacturerName": "MacKay",
    "blockNbr": 2400,
    "sourceStreetDisplayName": "CLARENDON BLVD",
    "sideDirectionName": "South",
    "latitudeCrd": "38.88979256",
    "longitudeCrd": "-77.08781182",
    "statePlaneXCrd": "11884860.63875000",
    "statePlaneYCrd": "7010184.44437499",
    "handicapInd": false,
    "timeRestrictionDsc": "MON-SAT 8AM-6PM",
    "maxHoursCnt": "2.0",
    "meterTypeDsc": "Double",
    "dollarPerHourRate": "1.25",
    "activeStatusInd": true,
    "zoneSpaceCnt": "4.00",
    "metroAreaName": "Courthouse"
  },
  {
    "parkingTransactionKey": 588,
    "transactionSourceCode": "IPS",
    "meterId": "JO1315 S",
    "zoneNbr": "54375",
    "startDtm": "2016-12-30T15:45:00.000Z",
    "endDtm": "2016-12-30T16:11:00.000Z",
    "transactionAmt": "0.65",
    "paymentTypeName": "Coins",
    "transactionStatusCode": null,
    "meterManufacturerName": "IPS",
    "blockNbr": 1300,
    "sourceStreetDisplayName": "S JOYCE ST",
    "sideDirectionName": "East",
    "latitudeCrd": "38.86394566",
    "longitudeCrd": "-77.06327377",
    "statePlaneXCrd": "11891991.51687500",
    "statePlaneYCrd": "7000880.51187500",
    "handicapInd": false,
    "timeRestrictionDsc": "MON - SAT 8AM - 8PM",
    "maxHoursCnt": "1.0",
    "meterTypeDsc": "Single",
    "dollarPerHourRate": "1.75",
    "activeStatusInd": false,
    "zoneSpaceCnt": "1.00",
    "metroAreaName": "Pentagon City"
  },
  {
    "parkingTransactionKey": 608,
    "transactionSourceCode": "IPS",
    "meterId": "CAH4102S",
    "zoneNbr": "54703",
    "startDtm": "2016-12-30T15:20:23.000Z",
    "endDtm": "2016-12-30T18:00:01.000Z",
    "transactionAmt": "1.00",
    "paymentTypeName": "Coins",
    "transactionStatusCode": null,
    "meterManufacturerName": "IPS",
    "blockNbr": 4100,
    "sourceStreetDisplayName": "CAMPBELL AVE",
    "sideDirectionName": "North",
    "latitudeCrd": "38.84084040",
    "longitudeCrd": "-77.08954221",
    "statePlaneXCrd": "11884642.07062500",
    "statePlaneYCrd": "6992350.62750000",
    "handicapInd": true,
    "timeRestrictionDsc": "MON - SAT 8AM - 8PM",
    "maxHoursCnt": "4.0",
    "meterTypeDsc": "Single",
    "dollarPerHourRate": "1.50",
    "activeStatusInd": false,
    "zoneSpaceCnt": "1.00",
    "metroAreaName": "Shirlington"
  },
  {
    "parkingTransactionKey": 615,
    "transactionSourceCode": "IPS",
    "meterId": "CB2502N",
    "zoneNbr": "54439",
    "startDtm": "2016-12-30T15:17:29.000Z",
    "endDtm": "2016-12-30T17:17:29.000Z",
    "transactionAmt": "3.00",
    "paymentTypeName": "Credit Card",
    "transactionStatusCode": "Approved",
    "meterManufacturerName": "MacKay",
    "blockNbr": 2500,
    "sourceStreetDisplayName": "CLARENDON BLVD",
    "sideDirectionName": "South",
    "latitudeCrd": "38.88921897",
    "longitudeCrd": "-77.08925861",
    "statePlaneXCrd": "11884452.09000000",
    "statePlaneYCrd": "7009969.23312500",
    "handicapInd": false,
    "timeRestrictionDsc": "MON-SAT 8AM-6PM",
    "maxHoursCnt": "2.0",
    "meterTypeDsc": "Double",
    "dollarPerHourRate": "1.25",
    "activeStatusInd": true,
    "zoneSpaceCnt": "3.00",
    "metroAreaName": "Courthouse"
  },
  {
    "parkingTransactionKey": 631,
    "transactionSourceCode": "IPS",
    "meterId": "H313N",
    "zoneNbr": "54468",
    "startDtm": "2016-12-30T15:02:42.000Z",
    "endDtm": "2016-12-30T15:24:43.000Z",
    "transactionAmt": "0.25",
    "paymentTypeName": "Coins",
    "transactionStatusCode": null,
    "meterManufacturerName": "IPS",
    "blockNbr": 2100,
    "sourceStreetDisplayName": "N COURTHOUSE RD",
    "sideDirectionName": "West",
    "latitudeCrd": "38.89049664",
    "longitudeCrd": "-77.08485747",
    "statePlaneXCrd": "11885697.50000000",
    "statePlaneYCrd": "7010453.78937501",
    "handicapInd": true,
    "timeRestrictionDsc": "MON - FRI 8AM - 8PM, SAT 6AM - 12PM",
    "maxHoursCnt": "12.0",
    "meterTypeDsc": "Single",
    "dollarPerHourRate": "1.50",
    "activeStatusInd": false,
    "zoneSpaceCnt": "3.00",
    "metroAreaName": "Courthouse"
  },
  {
    "parkingTransactionKey": 648,
    "transactionSourceCode": "IPS",
    "meterId": "GLBH601N",
    "zoneNbr": "54144",
    "startDtm": "2016-12-30T14:39:16.000Z",
    "endDtm": "2016-12-30T14:53:16.000Z",
    "transactionAmt": "0.35",
    "paymentTypeName": "Coins",
    "transactionStatusCode": null,
    "meterManufacturerName": "IPS",
    "blockNbr": 600,
    "sourceStreetDisplayName": "N GLEBE RD",
    "sideDirectionName": "East",
    "latitudeCrd": "38.87893089",
    "longitudeCrd": "-77.11192351",
    "statePlaneXCrd": "11878058.20187500",
    "statePlaneYCrd": "7006124.39500000",
    "handicapInd": true,
    "timeRestrictionDsc": "MON - SAT 8AM - 8PM",
    "maxHoursCnt": "4.0",
    "meterTypeDsc": "Double",
    "dollarPerHourRate": "1.50",
    "activeStatusInd": false,
    "zoneSpaceCnt": "2.00",
    "metroAreaName": "Ballston"
  },
  {
    "parkingTransactionKey": 673,
    "transactionSourceCode": "IPS",
    "meterId": "CRH2106S",
    "zoneNbr": "54655",
    "startDtm": "2016-12-30T14:16:58.000Z",
    "endDtm": "2016-12-30T14:28:58.000Z",
    "transactionAmt": "0.30",
    "paymentTypeName": "Coins",
    "transactionStatusCode": null,
    "meterManufacturerName": "IPS",
    "blockNbr": 2100,
    "sourceStreetDisplayName": "CRYSTAL DR",
    "sideDirectionName": "West",
    "latitudeCrd": "38.85534793",
    "longitudeCrd": "-77.04948640",
    "statePlaneXCrd": "11895966.29375000",
    "statePlaneYCrd": "6997811.35250001",
    "handicapInd": true,
    "timeRestrictionDsc": "MON - SAT 8AM - 8PM",
    "maxHoursCnt": "4.0",
    "meterTypeDsc": "Double",
    "dollarPerHourRate": "1.50",
    "activeStatusInd": false,
    "zoneSpaceCnt": "1.00",
    "metroAreaName": "Crystal City"
  },
  {
    "parkingTransactionKey": 694,
    "transactionSourceCode": "IPS",
    "meterId": "9H4001N",
    "zoneNbr": "54160",
    "startDtm": "2016-12-30T13:57:58.000Z",
    "endDtm": "2016-12-30T14:07:58.000Z",
    "transactionAmt": "0.25",
    "paymentTypeName": "Coins",
    "transactionStatusCode": null,
    "meterManufacturerName": "IPS",
    "blockNbr": 4000,
    "sourceStreetDisplayName": "9TH ST N",
    "sideDirectionName": "North",
    "latitudeCrd": "38.88112507",
    "longitudeCrd": "-77.10870390",
    "statePlaneXCrd": "11878962.54187500",
    "statePlaneYCrd": "7006937.30187500",
    "handicapInd": true,
    "timeRestrictionDsc": "MON-SAT 8AM-6PM",
    "maxHoursCnt": "4.0",
    "meterTypeDsc": "Double",
    "dollarPerHourRate": "1.25",
    "activeStatusInd": true,
    "zoneSpaceCnt": "1.00",
    "metroAreaName": "Ballston"
  },
  {
    "parkingTransactionKey": 708,
    "transactionSourceCode": "IPS",
    "meterId": "EAH1714S",
    "zoneNbr": "54675",
    "startDtm": "2016-12-30T13:45:51.000Z",
    "endDtm": "2016-12-30T14:11:45.000Z",
    "transactionAmt": "0.50",
    "paymentTypeName": "Coins",
    "transactionStatusCode": null,
    "meterManufacturerName": "IPS",
    "blockNbr": 1700,
    "sourceStreetDisplayName": "S EADS ST",
    "sideDirectionName": "West",
    "latitudeCrd": "38.85817399",
    "longitudeCrd": "-77.05331025",
    "statePlaneXCrd": "11894861.28437500",
    "statePlaneYCrd": "6998823.29000001",
    "handicapInd": true,
    "timeRestrictionDsc": "MON - SAT 8AM - 8PM",
    "maxHoursCnt": "4.0",
    "meterTypeDsc": "Double",
    "dollarPerHourRate": "1.50",
    "activeStatusInd": false,
    "zoneSpaceCnt": "2.00",
    "metroAreaName": "Crystal City"
  }
]
[2022-12-26 20:06:53,793] {taskinstance.py:1400} INFO - Marking task as SUCCESS. dag_id=parking_pipeline, task_id=extract_user, execution_date=20221226T200449, start_date=20221226T200653, end_date=20221226T200653
[2022-12-26 20:06:53,834] {local_task_job.py:156} INFO - Task exited with return code 0
[2022-12-26 20:06:53,867] {local_task_job.py:273} INFO - 1 downstream tasks scheduled from follow-on schedule check
