[2022-12-26 17:18:56,682] {taskinstance.py:1159} INFO - Dependencies all met for <TaskInstance: parking_pipeline.transform_data scheduled__2022-12-26T17:16:52.174581+00:00 [queued]>
[2022-12-26 17:18:56,688] {taskinstance.py:1159} INFO - Dependencies all met for <TaskInstance: parking_pipeline.transform_data scheduled__2022-12-26T17:16:52.174581+00:00 [queued]>
[2022-12-26 17:18:56,689] {taskinstance.py:1356} INFO - 
--------------------------------------------------------------------------------
[2022-12-26 17:18:56,690] {taskinstance.py:1357} INFO - Starting attempt 1 of 2
[2022-12-26 17:18:56,690] {taskinstance.py:1358} INFO - 
--------------------------------------------------------------------------------
[2022-12-26 17:18:56,699] {taskinstance.py:1377} INFO - Executing <Task(PythonOperator): transform_data> on 2022-12-26 17:16:52.174581+00:00
[2022-12-26 17:18:56,704] {standard_task_runner.py:52} INFO - Started process 3491 to run task
[2022-12-26 17:18:56,708] {standard_task_runner.py:79} INFO - Running: ['***', 'tasks', 'run', 'parking_pipeline', 'transform_data', 'scheduled__2022-12-26T17:16:52.174581+00:00', '--job-id', '98', '--raw', '--subdir', 'DAGS_FOLDER/parking_dag.py', '--cfg-path', '/tmp/tmpdxpg6qv6', '--error-file', '/tmp/tmpkskd_tg5']
[2022-12-26 17:18:56,710] {standard_task_runner.py:80} INFO - Job 98: Subtask transform_data
[2022-12-26 17:18:56,761] {task_command.py:369} INFO - Running <TaskInstance: parking_pipeline.transform_data scheduled__2022-12-26T17:16:52.174581+00:00 [running]> on host a4f1a67a8720
[2022-12-26 17:18:56,819] {taskinstance.py:1571} INFO - Exporting the following env vars:
AIRFLOW_CTX_DAG_OWNER=Airflow
AIRFLOW_CTX_DAG_ID=parking_pipeline
AIRFLOW_CTX_TASK_ID=transform_data
AIRFLOW_CTX_EXECUTION_DATE=2022-12-26T17:16:52.174581+00:00
AIRFLOW_CTX_TRY_NUMBER=1
AIRFLOW_CTX_DAG_RUN_ID=scheduled__2022-12-26T17:16:52.174581+00:00
[2022-12-26 17:18:56,839] {python.py:173} INFO - Done. Returned value was: None
[2022-12-26 17:18:56,852] {taskinstance.py:1400} INFO - Marking task as SUCCESS. dag_id=parking_pipeline, task_id=transform_data, execution_date=20221226T171652, start_date=20221226T171856, end_date=20221226T171856
[2022-12-26 17:18:56,882] {local_task_job.py:156} INFO - Task exited with return code 0
[2022-12-26 17:18:56,911] {local_task_job.py:273} INFO - 0 downstream tasks scheduled from follow-on schedule check
