[2024-10-22 03:10:24,907] {taskinstance.py:1159} INFO - Dependencies all met for <TaskInstance: parking_pipeline.load_data scheduled__2024-10-22T03:08:10.879477+00:00 [queued]>
[2024-10-22 03:10:24,922] {taskinstance.py:1159} INFO - Dependencies all met for <TaskInstance: parking_pipeline.load_data scheduled__2024-10-22T03:08:10.879477+00:00 [queued]>
[2024-10-22 03:10:24,923] {taskinstance.py:1356} INFO - 
--------------------------------------------------------------------------------
[2024-10-22 03:10:24,923] {taskinstance.py:1357} INFO - Starting attempt 1 of 2
[2024-10-22 03:10:24,924] {taskinstance.py:1358} INFO - 
--------------------------------------------------------------------------------
[2024-10-22 03:10:24,945] {taskinstance.py:1377} INFO - Executing <Task(PythonOperator): load_data> on 2024-10-22 03:08:10.879477+00:00
[2024-10-22 03:10:24,953] {standard_task_runner.py:52} INFO - Started process 107 to run task
[2024-10-22 03:10:24,957] {standard_task_runner.py:79} INFO - Running: ['***', 'tasks', 'run', 'parking_pipeline', 'load_data', 'scheduled__2024-10-22T03:08:10.879477+00:00', '--job-id', '350', '--raw', '--subdir', 'DAGS_FOLDER/parking_dag.py', '--cfg-path', '/tmp/tmp2ozg9jdo', '--error-file', '/tmp/tmpafc2jkev']
[2024-10-22 03:10:24,959] {standard_task_runner.py:80} INFO - Job 350: Subtask load_data
[2024-10-22 03:10:25,031] {task_command.py:369} INFO - Running <TaskInstance: parking_pipeline.load_data scheduled__2024-10-22T03:08:10.879477+00:00 [running]> on host 09e0b15a696c
[2024-10-22 03:10:25,133] {taskinstance.py:1571} INFO - Exporting the following env vars:
AIRFLOW_CTX_DAG_OWNER=Airflow
AIRFLOW_CTX_DAG_ID=parking_pipeline
AIRFLOW_CTX_TASK_ID=load_data
AIRFLOW_CTX_EXECUTION_DATE=2024-10-22T03:08:10.879477+00:00
AIRFLOW_CTX_TRY_NUMBER=1
AIRFLOW_CTX_DAG_RUN_ID=scheduled__2024-10-22T03:08:10.879477+00:00
[2024-10-22 03:10:25,145] {postgres.py:127} INFO - Running copy expert: COPY parking_data FROM stdin WITH DELIMITER as ',', filename: ./tmp/processed_parking_data_00.csv
[2024-10-22 03:10:25,156] {base.py:68} INFO - Using connection ID 'postgres' for task execution.
[2024-10-22 03:10:25,164] {python.py:173} INFO - Done. Returned value was: None
[2024-10-22 03:10:25,181] {taskinstance.py:1400} INFO - Marking task as SUCCESS. dag_id=parking_pipeline, task_id=load_data, execution_date=20241022T030810, start_date=20241022T031024, end_date=20241022T031025
[2024-10-22 03:10:25,210] {local_task_job.py:156} INFO - Task exited with return code 0
[2024-10-22 03:10:25,264] {local_task_job.py:273} INFO - 0 downstream tasks scheduled from follow-on schedule check
