[2024-10-20 14:24:33,128] {taskinstance.py:1159} INFO - Dependencies all met for <TaskInstance: parking_pipeline.transform_data scheduled__2024-10-20T14:22:25.775451+00:00 [queued]>
[2024-10-20 14:24:33,139] {taskinstance.py:1159} INFO - Dependencies all met for <TaskInstance: parking_pipeline.transform_data scheduled__2024-10-20T14:22:25.775451+00:00 [queued]>
[2024-10-20 14:24:33,140] {taskinstance.py:1356} INFO - 
--------------------------------------------------------------------------------
[2024-10-20 14:24:33,140] {taskinstance.py:1357} INFO - Starting attempt 1 of 2
[2024-10-20 14:24:33,141] {taskinstance.py:1358} INFO - 
--------------------------------------------------------------------------------
[2024-10-20 14:24:33,157] {taskinstance.py:1377} INFO - Executing <Task(PythonOperator): transform_data> on 2024-10-20 14:22:25.775451+00:00
[2024-10-20 14:24:33,164] {standard_task_runner.py:52} INFO - Started process 1434 to run task
[2024-10-20 14:24:33,166] {standard_task_runner.py:79} INFO - Running: ['***', 'tasks', 'run', 'parking_pipeline', 'transform_data', 'scheduled__2024-10-20T14:22:25.775451+00:00', '--job-id', '243', '--raw', '--subdir', 'DAGS_FOLDER/parking_dag.py', '--cfg-path', '/tmp/tmptvak3s7r', '--error-file', '/tmp/tmpv0bb1qu_']
[2024-10-20 14:24:33,167] {standard_task_runner.py:80} INFO - Job 243: Subtask transform_data
[2024-10-20 14:24:33,222] {task_command.py:369} INFO - Running <TaskInstance: parking_pipeline.transform_data scheduled__2024-10-20T14:22:25.775451+00:00 [running]> on host 4047801f839c
[2024-10-20 14:24:33,299] {taskinstance.py:1571} INFO - Exporting the following env vars:
AIRFLOW_CTX_DAG_OWNER=Airflow
AIRFLOW_CTX_DAG_ID=parking_pipeline
AIRFLOW_CTX_TASK_ID=transform_data
AIRFLOW_CTX_EXECUTION_DATE=2024-10-20T14:22:25.775451+00:00
AIRFLOW_CTX_TRY_NUMBER=1
AIRFLOW_CTX_DAG_RUN_ID=scheduled__2024-10-20T14:22:25.775451+00:00
[2024-10-20 14:24:33,329] {python.py:173} INFO - Done. Returned value was: None
[2024-10-20 14:24:33,343] {taskinstance.py:1400} INFO - Marking task as SUCCESS. dag_id=parking_pipeline, task_id=transform_data, execution_date=20241020T142225, start_date=20241020T142433, end_date=20241020T142433
[2024-10-20 14:24:33,380] {local_task_job.py:156} INFO - Task exited with return code 0
[2024-10-20 14:24:33,420] {local_task_job.py:273} INFO - 1 downstream tasks scheduled from follow-on schedule check
