[2022-12-23T21:38:13.575+0000] {taskinstance.py:1087} INFO - Dependencies all met for <TaskInstance: parking_pipeline.create_table scheduled__2022-12-23T21:36:11.669810+00:00 [queued]>
[2022-12-23T21:38:13.583+0000] {taskinstance.py:1087} INFO - Dependencies all met for <TaskInstance: parking_pipeline.create_table scheduled__2022-12-23T21:36:11.669810+00:00 [queued]>
[2022-12-23T21:38:13.584+0000] {taskinstance.py:1283} INFO - 
--------------------------------------------------------------------------------
[2022-12-23T21:38:13.584+0000] {taskinstance.py:1284} INFO - Starting attempt 1 of 2
[2022-12-23T21:38:13.585+0000] {taskinstance.py:1285} INFO - 
--------------------------------------------------------------------------------
[2022-12-23T21:38:13.594+0000] {taskinstance.py:1304} INFO - Executing <Task(PostgresOperator): create_table> on 2022-12-23 21:36:11.669810+00:00
[2022-12-23T21:38:13.599+0000] {standard_task_runner.py:55} INFO - Started process 11413 to run task
[2022-12-23T21:38:13.603+0000] {standard_task_runner.py:82} INFO - Running: ['***', 'tasks', 'run', 'parking_pipeline', 'create_table', 'scheduled__2022-12-23T21:36:11.669810+00:00', '--job-id', '44', '--raw', '--subdir', 'DAGS_FOLDER/parking_dag.py', '--cfg-path', '/tmp/tmp__brzu1q']
[2022-12-23T21:38:13.606+0000] {standard_task_runner.py:83} INFO - Job 44: Subtask create_table
[2022-12-23T21:38:13.796+0000] {task_command.py:389} INFO - Running <TaskInstance: parking_pipeline.create_table scheduled__2022-12-23T21:36:11.669810+00:00 [running]> on host 0330eddd684a
[2022-12-23T21:38:13.851+0000] {taskinstance.py:1513} INFO - Exporting the following env vars:
AIRFLOW_CTX_DAG_OWNER=Airflow
AIRFLOW_CTX_DAG_ID=parking_pipeline
AIRFLOW_CTX_TASK_ID=create_table
AIRFLOW_CTX_EXECUTION_DATE=2022-12-23T21:36:11.669810+00:00
AIRFLOW_CTX_TRY_NUMBER=1
AIRFLOW_CTX_DAG_RUN_ID=scheduled__2022-12-23T21:36:11.669810+00:00
[2022-12-23T21:38:13.853+0000] {sql.py:253} INFO - Executing: 
            drop table if exists parking_data;
            create table parking_data(
                rate float not null,
                symbol text not null
            );
        
[2022-12-23T21:38:13.863+0000] {base.py:73} INFO - Using connection ID 'postgres' for task execution.
[2022-12-23T21:38:13.990+0000] {base.py:73} INFO - Using connection ID 'postgres' for task execution.
[2022-12-23T21:38:13.996+0000] {sql.py:364} INFO - Running statement: 
            drop table if exists parking_data;
            create table parking_data(
                rate float not null,
                symbol text not null
            );
        , parameters: None
[2022-12-23T21:38:14.011+0000] {taskinstance.py:1327} INFO - Marking task as SUCCESS. dag_id=parking_pipeline, task_id=create_table, execution_date=20221223T213611, start_date=20221223T213813, end_date=20221223T213814
[2022-12-23T21:38:14.061+0000] {local_task_job.py:159} INFO - Task exited with return code 0
[2022-12-23T21:38:14.079+0000] {taskinstance.py:2582} INFO - 0 downstream tasks scheduled from follow-on schedule check
