[2022-12-26 21:21:02,425] {taskinstance.py:1159} INFO - Dependencies all met for <TaskInstance: parking_pipeline.transform_data scheduled__2022-12-26T21:18:57.313229+00:00 [queued]>
[2022-12-26 21:21:02,432] {taskinstance.py:1159} INFO - Dependencies all met for <TaskInstance: parking_pipeline.transform_data scheduled__2022-12-26T21:18:57.313229+00:00 [queued]>
[2022-12-26 21:21:02,432] {taskinstance.py:1356} INFO - 
--------------------------------------------------------------------------------
[2022-12-26 21:21:02,433] {taskinstance.py:1357} INFO - Starting attempt 1 of 2
[2022-12-26 21:21:02,434] {taskinstance.py:1358} INFO - 
--------------------------------------------------------------------------------
[2022-12-26 21:21:02,443] {taskinstance.py:1377} INFO - Executing <Task(PythonOperator): transform_data> on 2022-12-26 21:18:57.313229+00:00
[2022-12-26 21:21:02,447] {standard_task_runner.py:52} INFO - Started process 4521 to run task
[2022-12-26 21:21:02,451] {standard_task_runner.py:79} INFO - Running: ['***', 'tasks', 'run', 'parking_pipeline', 'transform_data', 'scheduled__2022-12-26T21:18:57.313229+00:00', '--job-id', '187', '--raw', '--subdir', 'DAGS_FOLDER/parking_dag.py', '--cfg-path', '/tmp/tmpqkl81f9z', '--error-file', '/tmp/tmp1cnfn9wj']
[2022-12-26 21:21:02,453] {standard_task_runner.py:80} INFO - Job 187: Subtask transform_data
[2022-12-26 21:21:02,506] {task_command.py:369} INFO - Running <TaskInstance: parking_pipeline.transform_data scheduled__2022-12-26T21:18:57.313229+00:00 [running]> on host 3d3eee352115
[2022-12-26 21:21:02,572] {taskinstance.py:1571} INFO - Exporting the following env vars:
AIRFLOW_CTX_DAG_OWNER=Airflow
AIRFLOW_CTX_DAG_ID=parking_pipeline
AIRFLOW_CTX_TASK_ID=transform_data
AIRFLOW_CTX_EXECUTION_DATE=2022-12-26T21:18:57.313229+00:00
AIRFLOW_CTX_TRY_NUMBER=1
AIRFLOW_CTX_DAG_RUN_ID=scheduled__2022-12-26T21:18:57.313229+00:00
[2022-12-26 21:21:02,594] {python.py:173} INFO - Done. Returned value was: None
[2022-12-26 21:21:02,607] {taskinstance.py:1400} INFO - Marking task as SUCCESS. dag_id=parking_pipeline, task_id=transform_data, execution_date=20221226T211857, start_date=20221226T212102, end_date=20221226T212102
[2022-12-26 21:21:02,664] {local_task_job.py:156} INFO - Task exited with return code 0
[2022-12-26 21:21:02,694] {local_task_job.py:273} INFO - 0 downstream tasks scheduled from follow-on schedule check
