[2022-12-28 20:25:47,222] {taskinstance.py:1159} INFO - Dependencies all met for <TaskInstance: parking_pipeline.transform_data scheduled__2022-12-28T20:23:43.276734+00:00 [queued]>
[2022-12-28 20:25:47,228] {taskinstance.py:1159} INFO - Dependencies all met for <TaskInstance: parking_pipeline.transform_data scheduled__2022-12-28T20:23:43.276734+00:00 [queued]>
[2022-12-28 20:25:47,229] {taskinstance.py:1356} INFO - 
--------------------------------------------------------------------------------
[2022-12-28 20:25:47,230] {taskinstance.py:1357} INFO - Starting attempt 1 of 2
[2022-12-28 20:25:47,230] {taskinstance.py:1358} INFO - 
--------------------------------------------------------------------------------
[2022-12-28 20:25:47,239] {taskinstance.py:1377} INFO - Executing <Task(PythonOperator): transform_data> on 2022-12-28 20:23:43.276734+00:00
[2022-12-28 20:25:47,244] {standard_task_runner.py:52} INFO - Started process 1355 to run task
[2022-12-28 20:25:47,248] {standard_task_runner.py:79} INFO - Running: ['***', 'tasks', 'run', 'parking_pipeline', 'transform_data', 'scheduled__2022-12-28T20:23:43.276734+00:00', '--job-id', '81', '--raw', '--subdir', 'DAGS_FOLDER/parking_dag.py', '--cfg-path', '/tmp/tmpf1i79450', '--error-file', '/tmp/tmpbxi_ehmv']
[2022-12-28 20:25:47,249] {standard_task_runner.py:80} INFO - Job 81: Subtask transform_data
[2022-12-28 20:25:47,302] {task_command.py:369} INFO - Running <TaskInstance: parking_pipeline.transform_data scheduled__2022-12-28T20:23:43.276734+00:00 [running]> on host 8be693a2d03b
[2022-12-28 20:25:47,365] {taskinstance.py:1571} INFO - Exporting the following env vars:
AIRFLOW_CTX_DAG_OWNER=Airflow
AIRFLOW_CTX_DAG_ID=parking_pipeline
AIRFLOW_CTX_TASK_ID=transform_data
AIRFLOW_CTX_EXECUTION_DATE=2022-12-28T20:23:43.276734+00:00
AIRFLOW_CTX_TRY_NUMBER=1
AIRFLOW_CTX_DAG_RUN_ID=scheduled__2022-12-28T20:23:43.276734+00:00
[2022-12-28 20:25:47,398] {python.py:173} INFO - Done. Returned value was: None
[2022-12-28 20:25:47,411] {taskinstance.py:1400} INFO - Marking task as SUCCESS. dag_id=parking_pipeline, task_id=transform_data, execution_date=20221228T202343, start_date=20221228T202547, end_date=20221228T202547
[2022-12-28 20:25:47,460] {local_task_job.py:156} INFO - Task exited with return code 0
[2022-12-28 20:25:47,496] {local_task_job.py:273} INFO - 0 downstream tasks scheduled from follow-on schedule check
