[2022-12-27 21:47:30,478] {taskinstance.py:1159} INFO - Dependencies all met for <TaskInstance: parking_pipeline.is_api_available manual__2022-12-27T21:47:29.568252+00:00 [queued]>
[2022-12-27 21:47:30,487] {taskinstance.py:1159} INFO - Dependencies all met for <TaskInstance: parking_pipeline.is_api_available manual__2022-12-27T21:47:29.568252+00:00 [queued]>
[2022-12-27 21:47:30,488] {taskinstance.py:1356} INFO - 
--------------------------------------------------------------------------------
[2022-12-27 21:47:30,488] {taskinstance.py:1357} INFO - Starting attempt 1 of 2
[2022-12-27 21:47:30,489] {taskinstance.py:1358} INFO - 
--------------------------------------------------------------------------------
[2022-12-27 21:47:30,518] {taskinstance.py:1377} INFO - Executing <Task(HttpSensor): is_api_available> on 2022-12-27 21:47:29.568252+00:00
[2022-12-27 21:47:30,531] {standard_task_runner.py:52} INFO - Started process 10247 to run task
[2022-12-27 21:47:30,537] {standard_task_runner.py:79} INFO - Running: ['***', 'tasks', 'run', 'parking_pipeline', 'is_api_available', 'manual__2022-12-27T21:47:29.568252+00:00', '--job-id', '542', '--raw', '--subdir', 'DAGS_FOLDER/parking_dag.py', '--cfg-path', '/tmp/tmpjiy2dhfi', '--error-file', '/tmp/tmpb8yuoqyj']
[2022-12-27 21:47:30,539] {standard_task_runner.py:80} INFO - Job 542: Subtask is_api_available
[2022-12-27 21:47:30,605] {task_command.py:369} INFO - Running <TaskInstance: parking_pipeline.is_api_available manual__2022-12-27T21:47:29.568252+00:00 [running]> on host 8fbeee8d3d5a
[2022-12-27 21:47:30,679] {taskinstance.py:1571} INFO - Exporting the following env vars:
AIRFLOW_CTX_DAG_OWNER=Airflow
AIRFLOW_CTX_DAG_ID=parking_pipeline
AIRFLOW_CTX_TASK_ID=is_api_available
AIRFLOW_CTX_EXECUTION_DATE=2022-12-27T21:47:29.568252+00:00
AIRFLOW_CTX_TRY_NUMBER=1
AIRFLOW_CTX_DAG_RUN_ID=manual__2022-12-27T21:47:29.568252+00:00
[2022-12-27 21:47:30,681] {http.py:97} INFO - Poking: 
[2022-12-27 21:47:30,695] {base.py:68} INFO - Using connection ID 'is_api_available' for task execution.
[2022-12-27 21:47:30,700] {http.py:129} INFO - Sending 'GET' to url: https://datahub-v2.arlingtonva.us/api/ParkingMeter/ParkingTransactions
[2022-12-27 21:47:30,848] {base.py:301} INFO - Success criteria met. Exiting.
[2022-12-27 21:47:30,863] {taskinstance.py:1400} INFO - Marking task as SUCCESS. dag_id=parking_pipeline, task_id=is_api_available, execution_date=20221227T214729, start_date=20221227T214730, end_date=20221227T214730
[2022-12-27 21:47:30,917] {local_task_job.py:156} INFO - Task exited with return code 0
[2022-12-27 21:47:30,962] {local_task_job.py:273} INFO - 1 downstream tasks scheduled from follow-on schedule check
