[2024-10-29 03:21:10,879] {taskinstance.py:1159} INFO - Dependencies all met for <TaskInstance: parking_pipeline.is_api_available scheduled__2024-10-29T03:19:09.727694+00:00 [queued]>
[2024-10-29 03:21:10,893] {taskinstance.py:1159} INFO - Dependencies all met for <TaskInstance: parking_pipeline.is_api_available scheduled__2024-10-29T03:19:09.727694+00:00 [queued]>
[2024-10-29 03:21:10,893] {taskinstance.py:1356} INFO - 
--------------------------------------------------------------------------------
[2024-10-29 03:21:10,894] {taskinstance.py:1357} INFO - Starting attempt 1 of 2
[2024-10-29 03:21:10,895] {taskinstance.py:1358} INFO - 
--------------------------------------------------------------------------------
[2024-10-29 03:21:10,916] {taskinstance.py:1377} INFO - Executing <Task(HttpSensor): is_api_available> on 2024-10-29 03:19:09.727694+00:00
[2024-10-29 03:21:10,923] {standard_task_runner.py:52} INFO - Started process 1980 to run task
[2024-10-29 03:21:10,926] {standard_task_runner.py:79} INFO - Running: ['***', 'tasks', 'run', 'parking_pipeline', 'is_api_available', 'scheduled__2024-10-29T03:19:09.727694+00:00', '--job-id', '815', '--raw', '--subdir', 'DAGS_FOLDER/parking_dag.py', '--cfg-path', '/tmp/tmpo21bw4q7', '--error-file', '/tmp/tmpbtlj5jp1']
[2024-10-29 03:21:10,927] {standard_task_runner.py:80} INFO - Job 815: Subtask is_api_available
[2024-10-29 03:21:11,000] {task_command.py:369} INFO - Running <TaskInstance: parking_pipeline.is_api_available scheduled__2024-10-29T03:19:09.727694+00:00 [running]> on host 6da7af54a32a
[2024-10-29 03:21:11,103] {taskinstance.py:1571} INFO - Exporting the following env vars:
AIRFLOW_CTX_DAG_OWNER=Airflow
AIRFLOW_CTX_DAG_ID=parking_pipeline
AIRFLOW_CTX_TASK_ID=is_api_available
AIRFLOW_CTX_EXECUTION_DATE=2024-10-29T03:19:09.727694+00:00
AIRFLOW_CTX_TRY_NUMBER=1
AIRFLOW_CTX_DAG_RUN_ID=scheduled__2024-10-29T03:19:09.727694+00:00
[2024-10-29 03:21:11,105] {http.py:97} INFO - Poking: 
[2024-10-29 03:21:11,118] {base.py:68} INFO - Using connection ID 'is_api_available' for task execution.
[2024-10-29 03:21:11,120] {http.py:129} INFO - Sending 'GET' to url: https://datahub-v2.arlingtonva.us/api/ParkingMeter/ParkingTransactions
[2024-10-29 03:21:12,097] {base.py:301} INFO - Success criteria met. Exiting.
[2024-10-29 03:21:12,116] {taskinstance.py:1400} INFO - Marking task as SUCCESS. dag_id=parking_pipeline, task_id=is_api_available, execution_date=20241029T031909, start_date=20241029T032110, end_date=20241029T032112
[2024-10-29 03:21:12,186] {local_task_job.py:156} INFO - Task exited with return code 0
[2024-10-29 03:21:12,270] {local_task_job.py:273} INFO - 1 downstream tasks scheduled from follow-on schedule check
