[2022-12-28 20:33:50,334] {taskinstance.py:1159} INFO - Dependencies all met for <TaskInstance: parking_pipeline.load_data scheduled__2022-12-28T20:31:43.276734+00:00 [queued]>
[2022-12-28 20:33:50,340] {taskinstance.py:1159} INFO - Dependencies all met for <TaskInstance: parking_pipeline.load_data scheduled__2022-12-28T20:31:43.276734+00:00 [queued]>
[2022-12-28 20:33:50,341] {taskinstance.py:1356} INFO - 
--------------------------------------------------------------------------------
[2022-12-28 20:33:50,342] {taskinstance.py:1357} INFO - Starting attempt 1 of 2
[2022-12-28 20:33:50,342] {taskinstance.py:1358} INFO - 
--------------------------------------------------------------------------------
[2022-12-28 20:33:50,351] {taskinstance.py:1377} INFO - Executing <Task(PythonOperator): load_data> on 2022-12-28 20:31:43.276734+00:00
[2022-12-28 20:33:50,355] {standard_task_runner.py:52} INFO - Started process 1814 to run task
[2022-12-28 20:33:50,359] {standard_task_runner.py:79} INFO - Running: ['***', 'tasks', 'run', 'parking_pipeline', 'load_data', 'scheduled__2022-12-28T20:31:43.276734+00:00', '--job-id', '102', '--raw', '--subdir', 'DAGS_FOLDER/parking_dag.py', '--cfg-path', '/tmp/tmpdf7zmnnc', '--error-file', '/tmp/tmpkt_xnkm5']
[2022-12-28 20:33:50,361] {standard_task_runner.py:80} INFO - Job 102: Subtask load_data
[2022-12-28 20:33:50,415] {task_command.py:369} INFO - Running <TaskInstance: parking_pipeline.load_data scheduled__2022-12-28T20:31:43.276734+00:00 [running]> on host 8be693a2d03b
[2022-12-28 20:33:50,479] {taskinstance.py:1571} INFO - Exporting the following env vars:
AIRFLOW_CTX_DAG_OWNER=Airflow
AIRFLOW_CTX_DAG_ID=parking_pipeline
AIRFLOW_CTX_TASK_ID=load_data
AIRFLOW_CTX_EXECUTION_DATE=2022-12-28T20:31:43.276734+00:00
AIRFLOW_CTX_TRY_NUMBER=1
AIRFLOW_CTX_DAG_RUN_ID=scheduled__2022-12-28T20:31:43.276734+00:00
[2022-12-28 20:33:50,489] {postgres.py:127} INFO - Running copy expert: COPY parking_data FROM stdin WITH DELIMITER as ',', filename: ./tmp/processed_parking_data_00.csv
[2022-12-28 20:33:50,499] {base.py:68} INFO - Using connection ID 'postgres' for task execution.
[2022-12-28 20:33:50,509] {python.py:173} INFO - Done. Returned value was: None
[2022-12-28 20:33:50,522] {taskinstance.py:1400} INFO - Marking task as SUCCESS. dag_id=parking_pipeline, task_id=load_data, execution_date=20221228T203143, start_date=20221228T203350, end_date=20221228T203350
[2022-12-28 20:33:50,574] {local_task_job.py:156} INFO - Task exited with return code 0
[2022-12-28 20:33:50,606] {local_task_job.py:273} INFO - 0 downstream tasks scheduled from follow-on schedule check
