[2022-12-26 18:00:11,513] {taskinstance.py:1159} INFO - Dependencies all met for <TaskInstance: parking_pipeline.is_api_available scheduled__2022-12-26T17:58:10.868382+00:00 [queued]>
[2022-12-26 18:00:11,520] {taskinstance.py:1159} INFO - Dependencies all met for <TaskInstance: parking_pipeline.is_api_available scheduled__2022-12-26T17:58:10.868382+00:00 [queued]>
[2022-12-26 18:00:11,521] {taskinstance.py:1356} INFO - 
--------------------------------------------------------------------------------
[2022-12-26 18:00:11,521] {taskinstance.py:1357} INFO - Starting attempt 1 of 2
[2022-12-26 18:00:11,522] {taskinstance.py:1358} INFO - 
--------------------------------------------------------------------------------
[2022-12-26 18:00:11,531] {taskinstance.py:1377} INFO - Executing <Task(HttpSensor): is_api_available> on 2022-12-26 17:58:10.868382+00:00
[2022-12-26 18:00:11,536] {standard_task_runner.py:52} INFO - Started process 5204 to run task
[2022-12-26 18:00:11,541] {standard_task_runner.py:79} INFO - Running: ['***', 'tasks', 'run', 'parking_pipeline', 'is_api_available', 'scheduled__2022-12-26T17:58:10.868382+00:00', '--job-id', '179', '--raw', '--subdir', 'DAGS_FOLDER/parking_dag.py', '--cfg-path', '/tmp/tmp5ptz7njc', '--error-file', '/tmp/tmpn0o2i9wf']
[2022-12-26 18:00:11,542] {standard_task_runner.py:80} INFO - Job 179: Subtask is_api_available
[2022-12-26 18:00:11,615] {task_command.py:369} INFO - Running <TaskInstance: parking_pipeline.is_api_available scheduled__2022-12-26T17:58:10.868382+00:00 [running]> on host a4f1a67a8720
[2022-12-26 18:00:11,679] {taskinstance.py:1571} INFO - Exporting the following env vars:
AIRFLOW_CTX_DAG_OWNER=Airflow
AIRFLOW_CTX_DAG_ID=parking_pipeline
AIRFLOW_CTX_TASK_ID=is_api_available
AIRFLOW_CTX_EXECUTION_DATE=2022-12-26T17:58:10.868382+00:00
AIRFLOW_CTX_TRY_NUMBER=1
AIRFLOW_CTX_DAG_RUN_ID=scheduled__2022-12-26T17:58:10.868382+00:00
[2022-12-26 18:00:11,681] {http.py:97} INFO - Poking: 
[2022-12-26 18:00:11,692] {base.py:68} INFO - Using connection ID 'is_api_available' for task execution.
[2022-12-26 18:00:11,694] {http.py:129} INFO - Sending 'GET' to url: https://datahub-v2.arlingtonva.us/api/ParkingMeter/ParkingTransactions
[2022-12-26 18:00:11,843] {base.py:301} INFO - Success criteria met. Exiting.
[2022-12-26 18:00:11,862] {taskinstance.py:1400} INFO - Marking task as SUCCESS. dag_id=parking_pipeline, task_id=is_api_available, execution_date=20221226T175810, start_date=20221226T180011, end_date=20221226T180011
[2022-12-26 18:00:11,914] {local_task_job.py:156} INFO - Task exited with return code 0
[2022-12-26 18:00:11,958] {local_task_job.py:273} INFO - 1 downstream tasks scheduled from follow-on schedule check
