[2022-12-22T23:53:23.951+0000] {processor.py:153} INFO - Started process (PID=197) to work on /home/airflow/.local/lib/python3.7/site-packages/airflow/example_dags/example_task_group.py
[2022-12-22T23:53:23.953+0000] {processor.py:743} INFO - Processing file /home/airflow/.local/lib/python3.7/site-packages/airflow/example_dags/example_task_group.py for tasks to queue
[2022-12-22T23:53:23.954+0000] {logging_mixin.py:137} INFO - [2022-12-22T23:53:23.954+0000] {dagbag.py:538} INFO - Filling up the DagBag from /home/airflow/.local/lib/python3.7/site-packages/airflow/example_dags/example_task_group.py
[2022-12-22T23:53:23.973+0000] {processor.py:753} INFO - DAG(s) dict_keys(['example_task_group']) retrieved from /home/airflow/.local/lib/python3.7/site-packages/airflow/example_dags/example_task_group.py
[2022-12-22T23:53:23.997+0000] {logging_mixin.py:137} INFO - [2022-12-22T23:53:23.997+0000] {dag.py:2676} INFO - Sync 1 DAGs
[2022-12-22T23:53:24.017+0000] {logging_mixin.py:137} INFO - [2022-12-22T23:53:24.017+0000] {dag.py:3427} INFO - Setting next_dagrun for example_task_group to 2022-12-21T23:53:24.017406+00:00, run_after=2022-12-22T23:53:24.017406+00:00
[2022-12-22T23:53:24.036+0000] {processor.py:175} INFO - Processing /home/airflow/.local/lib/python3.7/site-packages/airflow/example_dags/example_task_group.py took 0.088 seconds
[2022-12-22T23:53:54.801+0000] {processor.py:153} INFO - Started process (PID=422) to work on /home/airflow/.local/lib/python3.7/site-packages/airflow/example_dags/example_task_group.py
[2022-12-22T23:53:54.802+0000] {processor.py:743} INFO - Processing file /home/airflow/.local/lib/python3.7/site-packages/airflow/example_dags/example_task_group.py for tasks to queue
[2022-12-22T23:53:54.803+0000] {logging_mixin.py:137} INFO - [2022-12-22T23:53:54.803+0000] {dagbag.py:538} INFO - Filling up the DagBag from /home/airflow/.local/lib/python3.7/site-packages/airflow/example_dags/example_task_group.py
[2022-12-22T23:53:54.817+0000] {processor.py:753} INFO - DAG(s) dict_keys(['example_task_group']) retrieved from /home/airflow/.local/lib/python3.7/site-packages/airflow/example_dags/example_task_group.py
[2022-12-22T23:53:54.849+0000] {logging_mixin.py:137} INFO - [2022-12-22T23:53:54.848+0000] {dag.py:2676} INFO - Sync 1 DAGs
[2022-12-22T23:53:54.867+0000] {logging_mixin.py:137} INFO - [2022-12-22T23:53:54.867+0000] {dag.py:3427} INFO - Setting next_dagrun for example_task_group to 2022-12-21T23:53:54.867403+00:00, run_after=2022-12-22T23:53:54.867403+00:00
[2022-12-22T23:53:54.881+0000] {processor.py:175} INFO - Processing /home/airflow/.local/lib/python3.7/site-packages/airflow/example_dags/example_task_group.py took 0.083 seconds
[2022-12-22T23:54:25.571+0000] {processor.py:153} INFO - Started process (PID=636) to work on /home/airflow/.local/lib/python3.7/site-packages/airflow/example_dags/example_task_group.py
[2022-12-22T23:54:25.572+0000] {processor.py:743} INFO - Processing file /home/airflow/.local/lib/python3.7/site-packages/airflow/example_dags/example_task_group.py for tasks to queue
[2022-12-22T23:54:25.573+0000] {logging_mixin.py:137} INFO - [2022-12-22T23:54:25.573+0000] {dagbag.py:538} INFO - Filling up the DagBag from /home/airflow/.local/lib/python3.7/site-packages/airflow/example_dags/example_task_group.py
[2022-12-22T23:54:25.586+0000] {processor.py:753} INFO - DAG(s) dict_keys(['example_task_group']) retrieved from /home/airflow/.local/lib/python3.7/site-packages/airflow/example_dags/example_task_group.py
[2022-12-22T23:54:25.617+0000] {logging_mixin.py:137} INFO - [2022-12-22T23:54:25.617+0000] {dag.py:2676} INFO - Sync 1 DAGs
[2022-12-22T23:54:25.635+0000] {logging_mixin.py:137} INFO - [2022-12-22T23:54:25.634+0000] {dag.py:3427} INFO - Setting next_dagrun for example_task_group to 2022-12-21T23:54:25.634659+00:00, run_after=2022-12-22T23:54:25.634659+00:00
[2022-12-22T23:54:25.648+0000] {processor.py:175} INFO - Processing /home/airflow/.local/lib/python3.7/site-packages/airflow/example_dags/example_task_group.py took 0.081 seconds
[2022-12-22T23:54:55.757+0000] {processor.py:153} INFO - Started process (PID=862) to work on /home/airflow/.local/lib/python3.7/site-packages/airflow/example_dags/example_task_group.py
[2022-12-22T23:54:55.759+0000] {processor.py:743} INFO - Processing file /home/airflow/.local/lib/python3.7/site-packages/airflow/example_dags/example_task_group.py for tasks to queue
[2022-12-22T23:54:55.760+0000] {logging_mixin.py:137} INFO - [2022-12-22T23:54:55.760+0000] {dagbag.py:538} INFO - Filling up the DagBag from /home/airflow/.local/lib/python3.7/site-packages/airflow/example_dags/example_task_group.py
[2022-12-22T23:54:55.774+0000] {processor.py:753} INFO - DAG(s) dict_keys(['example_task_group']) retrieved from /home/airflow/.local/lib/python3.7/site-packages/airflow/example_dags/example_task_group.py
[2022-12-22T23:54:55.806+0000] {logging_mixin.py:137} INFO - [2022-12-22T23:54:55.806+0000] {dag.py:2676} INFO - Sync 1 DAGs
[2022-12-22T23:54:55.824+0000] {logging_mixin.py:137} INFO - [2022-12-22T23:54:55.824+0000] {dag.py:3427} INFO - Setting next_dagrun for example_task_group to 2022-12-21T23:54:55.824452+00:00, run_after=2022-12-22T23:54:55.824452+00:00
[2022-12-22T23:54:55.838+0000] {processor.py:175} INFO - Processing /home/airflow/.local/lib/python3.7/site-packages/airflow/example_dags/example_task_group.py took 0.085 seconds
[2022-12-22T23:55:26.571+0000] {processor.py:153} INFO - Started process (PID=1088) to work on /home/airflow/.local/lib/python3.7/site-packages/airflow/example_dags/example_task_group.py
[2022-12-22T23:55:26.573+0000] {processor.py:743} INFO - Processing file /home/airflow/.local/lib/python3.7/site-packages/airflow/example_dags/example_task_group.py for tasks to queue
[2022-12-22T23:55:26.574+0000] {logging_mixin.py:137} INFO - [2022-12-22T23:55:26.573+0000] {dagbag.py:538} INFO - Filling up the DagBag from /home/airflow/.local/lib/python3.7/site-packages/airflow/example_dags/example_task_group.py
[2022-12-22T23:55:26.588+0000] {processor.py:753} INFO - DAG(s) dict_keys(['example_task_group']) retrieved from /home/airflow/.local/lib/python3.7/site-packages/airflow/example_dags/example_task_group.py
[2022-12-22T23:55:26.619+0000] {logging_mixin.py:137} INFO - [2022-12-22T23:55:26.619+0000] {dag.py:2676} INFO - Sync 1 DAGs
[2022-12-22T23:55:26.637+0000] {logging_mixin.py:137} INFO - [2022-12-22T23:55:26.637+0000] {dag.py:3427} INFO - Setting next_dagrun for example_task_group to 2022-12-21T23:55:26.637061+00:00, run_after=2022-12-22T23:55:26.637061+00:00
[2022-12-22T23:55:26.652+0000] {processor.py:175} INFO - Processing /home/airflow/.local/lib/python3.7/site-packages/airflow/example_dags/example_task_group.py took 0.084 seconds
[2022-12-22T23:55:57.326+0000] {processor.py:153} INFO - Started process (PID=1302) to work on /home/airflow/.local/lib/python3.7/site-packages/airflow/example_dags/example_task_group.py
[2022-12-22T23:55:57.328+0000] {processor.py:743} INFO - Processing file /home/airflow/.local/lib/python3.7/site-packages/airflow/example_dags/example_task_group.py for tasks to queue
[2022-12-22T23:55:57.329+0000] {logging_mixin.py:137} INFO - [2022-12-22T23:55:57.328+0000] {dagbag.py:538} INFO - Filling up the DagBag from /home/airflow/.local/lib/python3.7/site-packages/airflow/example_dags/example_task_group.py
[2022-12-22T23:55:57.341+0000] {processor.py:753} INFO - DAG(s) dict_keys(['example_task_group']) retrieved from /home/airflow/.local/lib/python3.7/site-packages/airflow/example_dags/example_task_group.py
[2022-12-22T23:55:57.372+0000] {logging_mixin.py:137} INFO - [2022-12-22T23:55:57.372+0000] {dag.py:2676} INFO - Sync 1 DAGs
[2022-12-22T23:55:57.390+0000] {logging_mixin.py:137} INFO - [2022-12-22T23:55:57.390+0000] {dag.py:3427} INFO - Setting next_dagrun for example_task_group to 2022-12-21T23:55:57.389861+00:00, run_after=2022-12-22T23:55:57.389861+00:00
[2022-12-22T23:55:57.403+0000] {processor.py:175} INFO - Processing /home/airflow/.local/lib/python3.7/site-packages/airflow/example_dags/example_task_group.py took 0.080 seconds
[2022-12-22T23:56:28.386+0000] {processor.py:153} INFO - Started process (PID=1525) to work on /home/airflow/.local/lib/python3.7/site-packages/airflow/example_dags/example_task_group.py
[2022-12-22T23:56:28.387+0000] {processor.py:743} INFO - Processing file /home/airflow/.local/lib/python3.7/site-packages/airflow/example_dags/example_task_group.py for tasks to queue
[2022-12-22T23:56:28.388+0000] {logging_mixin.py:137} INFO - [2022-12-22T23:56:28.388+0000] {dagbag.py:538} INFO - Filling up the DagBag from /home/airflow/.local/lib/python3.7/site-packages/airflow/example_dags/example_task_group.py
[2022-12-22T23:56:28.401+0000] {processor.py:753} INFO - DAG(s) dict_keys(['example_task_group']) retrieved from /home/airflow/.local/lib/python3.7/site-packages/airflow/example_dags/example_task_group.py
[2022-12-22T23:56:28.434+0000] {logging_mixin.py:137} INFO - [2022-12-22T23:56:28.434+0000] {dag.py:2676} INFO - Sync 1 DAGs
[2022-12-22T23:56:28.452+0000] {logging_mixin.py:137} INFO - [2022-12-22T23:56:28.452+0000] {dag.py:3427} INFO - Setting next_dagrun for example_task_group to 2022-12-21T23:56:28.452459+00:00, run_after=2022-12-22T23:56:28.452459+00:00
[2022-12-22T23:56:28.466+0000] {processor.py:175} INFO - Processing /home/airflow/.local/lib/python3.7/site-packages/airflow/example_dags/example_task_group.py took 0.084 seconds
[2022-12-22T23:56:59.051+0000] {processor.py:153} INFO - Started process (PID=1753) to work on /home/airflow/.local/lib/python3.7/site-packages/airflow/example_dags/example_task_group.py
[2022-12-22T23:56:59.053+0000] {processor.py:743} INFO - Processing file /home/airflow/.local/lib/python3.7/site-packages/airflow/example_dags/example_task_group.py for tasks to queue
[2022-12-22T23:56:59.054+0000] {logging_mixin.py:137} INFO - [2022-12-22T23:56:59.054+0000] {dagbag.py:538} INFO - Filling up the DagBag from /home/airflow/.local/lib/python3.7/site-packages/airflow/example_dags/example_task_group.py
[2022-12-22T23:56:59.071+0000] {processor.py:753} INFO - DAG(s) dict_keys(['example_task_group']) retrieved from /home/airflow/.local/lib/python3.7/site-packages/airflow/example_dags/example_task_group.py
[2022-12-22T23:56:59.108+0000] {logging_mixin.py:137} INFO - [2022-12-22T23:56:59.108+0000] {dag.py:2676} INFO - Sync 1 DAGs
[2022-12-22T23:56:59.131+0000] {logging_mixin.py:137} INFO - [2022-12-22T23:56:59.131+0000] {dag.py:3427} INFO - Setting next_dagrun for example_task_group to 2022-12-21T23:56:59.130866+00:00, run_after=2022-12-22T23:56:59.130866+00:00
[2022-12-22T23:56:59.149+0000] {processor.py:175} INFO - Processing /home/airflow/.local/lib/python3.7/site-packages/airflow/example_dags/example_task_group.py took 0.102 seconds
[2022-12-22T23:57:29.812+0000] {processor.py:153} INFO - Started process (PID=1966) to work on /home/airflow/.local/lib/python3.7/site-packages/airflow/example_dags/example_task_group.py
[2022-12-22T23:57:29.813+0000] {processor.py:743} INFO - Processing file /home/airflow/.local/lib/python3.7/site-packages/airflow/example_dags/example_task_group.py for tasks to queue
[2022-12-22T23:57:29.814+0000] {logging_mixin.py:137} INFO - [2022-12-22T23:57:29.814+0000] {dagbag.py:538} INFO - Filling up the DagBag from /home/airflow/.local/lib/python3.7/site-packages/airflow/example_dags/example_task_group.py
[2022-12-22T23:57:29.827+0000] {processor.py:753} INFO - DAG(s) dict_keys(['example_task_group']) retrieved from /home/airflow/.local/lib/python3.7/site-packages/airflow/example_dags/example_task_group.py
[2022-12-22T23:57:29.858+0000] {logging_mixin.py:137} INFO - [2022-12-22T23:57:29.858+0000] {dag.py:2676} INFO - Sync 1 DAGs
[2022-12-22T23:57:29.877+0000] {logging_mixin.py:137} INFO - [2022-12-22T23:57:29.877+0000] {dag.py:3427} INFO - Setting next_dagrun for example_task_group to 2022-12-21T23:57:29.876787+00:00, run_after=2022-12-22T23:57:29.876787+00:00
[2022-12-22T23:57:29.892+0000] {processor.py:175} INFO - Processing /home/airflow/.local/lib/python3.7/site-packages/airflow/example_dags/example_task_group.py took 0.082 seconds
[2022-12-22T23:58:00.574+0000] {processor.py:153} INFO - Started process (PID=2195) to work on /home/airflow/.local/lib/python3.7/site-packages/airflow/example_dags/example_task_group.py
[2022-12-22T23:58:00.576+0000] {processor.py:743} INFO - Processing file /home/airflow/.local/lib/python3.7/site-packages/airflow/example_dags/example_task_group.py for tasks to queue
[2022-12-22T23:58:00.576+0000] {logging_mixin.py:137} INFO - [2022-12-22T23:58:00.576+0000] {dagbag.py:538} INFO - Filling up the DagBag from /home/airflow/.local/lib/python3.7/site-packages/airflow/example_dags/example_task_group.py
[2022-12-22T23:58:00.590+0000] {processor.py:753} INFO - DAG(s) dict_keys(['example_task_group']) retrieved from /home/airflow/.local/lib/python3.7/site-packages/airflow/example_dags/example_task_group.py
[2022-12-22T23:58:00.621+0000] {logging_mixin.py:137} INFO - [2022-12-22T23:58:00.621+0000] {dag.py:2676} INFO - Sync 1 DAGs
[2022-12-22T23:58:00.640+0000] {logging_mixin.py:137} INFO - [2022-12-22T23:58:00.640+0000] {dag.py:3427} INFO - Setting next_dagrun for example_task_group to 2022-12-21T23:58:00.639800+00:00, run_after=2022-12-22T23:58:00.639800+00:00
[2022-12-22T23:58:00.653+0000] {processor.py:175} INFO - Processing /home/airflow/.local/lib/python3.7/site-packages/airflow/example_dags/example_task_group.py took 0.082 seconds
[2022-12-22T23:58:31.354+0000] {processor.py:153} INFO - Started process (PID=2422) to work on /home/airflow/.local/lib/python3.7/site-packages/airflow/example_dags/example_task_group.py
[2022-12-22T23:58:31.355+0000] {processor.py:743} INFO - Processing file /home/airflow/.local/lib/python3.7/site-packages/airflow/example_dags/example_task_group.py for tasks to queue
[2022-12-22T23:58:31.356+0000] {logging_mixin.py:137} INFO - [2022-12-22T23:58:31.356+0000] {dagbag.py:538} INFO - Filling up the DagBag from /home/airflow/.local/lib/python3.7/site-packages/airflow/example_dags/example_task_group.py
[2022-12-22T23:58:31.370+0000] {processor.py:753} INFO - DAG(s) dict_keys(['example_task_group']) retrieved from /home/airflow/.local/lib/python3.7/site-packages/airflow/example_dags/example_task_group.py
[2022-12-22T23:58:31.403+0000] {logging_mixin.py:137} INFO - [2022-12-22T23:58:31.403+0000] {dag.py:2676} INFO - Sync 1 DAGs
[2022-12-22T23:58:31.423+0000] {logging_mixin.py:137} INFO - [2022-12-22T23:58:31.422+0000] {dag.py:3427} INFO - Setting next_dagrun for example_task_group to 2022-12-21T23:58:31.422684+00:00, run_after=2022-12-22T23:58:31.422684+00:00
[2022-12-22T23:58:31.437+0000] {processor.py:175} INFO - Processing /home/airflow/.local/lib/python3.7/site-packages/airflow/example_dags/example_task_group.py took 0.086 seconds
[2022-12-22T23:59:02.356+0000] {processor.py:153} INFO - Started process (PID=2636) to work on /home/airflow/.local/lib/python3.7/site-packages/airflow/example_dags/example_task_group.py
[2022-12-22T23:59:02.357+0000] {processor.py:743} INFO - Processing file /home/airflow/.local/lib/python3.7/site-packages/airflow/example_dags/example_task_group.py for tasks to queue
[2022-12-22T23:59:02.358+0000] {logging_mixin.py:137} INFO - [2022-12-22T23:59:02.358+0000] {dagbag.py:538} INFO - Filling up the DagBag from /home/airflow/.local/lib/python3.7/site-packages/airflow/example_dags/example_task_group.py
[2022-12-22T23:59:02.372+0000] {processor.py:753} INFO - DAG(s) dict_keys(['example_task_group']) retrieved from /home/airflow/.local/lib/python3.7/site-packages/airflow/example_dags/example_task_group.py
[2022-12-22T23:59:02.405+0000] {logging_mixin.py:137} INFO - [2022-12-22T23:59:02.405+0000] {dag.py:2676} INFO - Sync 1 DAGs
[2022-12-22T23:59:02.424+0000] {logging_mixin.py:137} INFO - [2022-12-22T23:59:02.424+0000] {dag.py:3427} INFO - Setting next_dagrun for example_task_group to 2022-12-21T23:59:02.424408+00:00, run_after=2022-12-22T23:59:02.424408+00:00
[2022-12-22T23:59:02.438+0000] {processor.py:175} INFO - Processing /home/airflow/.local/lib/python3.7/site-packages/airflow/example_dags/example_task_group.py took 0.087 seconds
[2022-12-22T23:59:33.212+0000] {processor.py:153} INFO - Started process (PID=2863) to work on /home/airflow/.local/lib/python3.7/site-packages/airflow/example_dags/example_task_group.py
[2022-12-22T23:59:33.214+0000] {processor.py:743} INFO - Processing file /home/airflow/.local/lib/python3.7/site-packages/airflow/example_dags/example_task_group.py for tasks to queue
[2022-12-22T23:59:33.216+0000] {logging_mixin.py:137} INFO - [2022-12-22T23:59:33.216+0000] {dagbag.py:538} INFO - Filling up the DagBag from /home/airflow/.local/lib/python3.7/site-packages/airflow/example_dags/example_task_group.py
[2022-12-22T23:59:33.229+0000] {processor.py:753} INFO - DAG(s) dict_keys(['example_task_group']) retrieved from /home/airflow/.local/lib/python3.7/site-packages/airflow/example_dags/example_task_group.py
[2022-12-22T23:59:33.261+0000] {logging_mixin.py:137} INFO - [2022-12-22T23:59:33.261+0000] {dag.py:2676} INFO - Sync 1 DAGs
[2022-12-22T23:59:33.281+0000] {logging_mixin.py:137} INFO - [2022-12-22T23:59:33.280+0000] {dag.py:3427} INFO - Setting next_dagrun for example_task_group to 2022-12-21T23:59:33.280709+00:00, run_after=2022-12-22T23:59:33.280709+00:00
[2022-12-22T23:59:33.295+0000] {processor.py:175} INFO - Processing /home/airflow/.local/lib/python3.7/site-packages/airflow/example_dags/example_task_group.py took 0.086 seconds
