[2022-12-22T23:53:23.537+0000] {processor.py:153} INFO - Started process (PID=177) to work on /home/airflow/.local/lib/python3.7/site-packages/airflow/example_dags/example_branch_python_dop_operator_3.py
[2022-12-22T23:53:23.538+0000] {processor.py:743} INFO - Processing file /home/airflow/.local/lib/python3.7/site-packages/airflow/example_dags/example_branch_python_dop_operator_3.py for tasks to queue
[2022-12-22T23:53:23.540+0000] {logging_mixin.py:137} INFO - [2022-12-22T23:53:23.539+0000] {dagbag.py:538} INFO - Filling up the DagBag from /home/airflow/.local/lib/python3.7/site-packages/airflow/example_dags/example_branch_python_dop_operator_3.py
[2022-12-22T23:53:23.563+0000] {processor.py:753} INFO - DAG(s) dict_keys(['example_branch_dop_operator_v3']) retrieved from /home/airflow/.local/lib/python3.7/site-packages/airflow/example_dags/example_branch_python_dop_operator_3.py
[2022-12-22T23:53:23.584+0000] {logging_mixin.py:137} INFO - [2022-12-22T23:53:23.584+0000] {dag.py:2676} INFO - Sync 1 DAGs
[2022-12-22T23:53:23.606+0000] {logging_mixin.py:137} INFO - [2022-12-22T23:53:23.605+0000] {dag.py:3427} INFO - Setting next_dagrun for example_branch_dop_operator_v3 to 2022-12-22T23:52:00+00:00, run_after=2022-12-22T23:53:00+00:00
[2022-12-22T23:53:23.619+0000] {processor.py:175} INFO - Processing /home/airflow/.local/lib/python3.7/site-packages/airflow/example_dags/example_branch_python_dop_operator_3.py took 0.085 seconds
[2022-12-22T23:53:54.445+0000] {processor.py:153} INFO - Started process (PID=402) to work on /home/airflow/.local/lib/python3.7/site-packages/airflow/example_dags/example_branch_python_dop_operator_3.py
[2022-12-22T23:53:54.447+0000] {processor.py:743} INFO - Processing file /home/airflow/.local/lib/python3.7/site-packages/airflow/example_dags/example_branch_python_dop_operator_3.py for tasks to queue
[2022-12-22T23:53:54.448+0000] {logging_mixin.py:137} INFO - [2022-12-22T23:53:54.448+0000] {dagbag.py:538} INFO - Filling up the DagBag from /home/airflow/.local/lib/python3.7/site-packages/airflow/example_dags/example_branch_python_dop_operator_3.py
[2022-12-22T23:53:54.468+0000] {processor.py:753} INFO - DAG(s) dict_keys(['example_branch_dop_operator_v3']) retrieved from /home/airflow/.local/lib/python3.7/site-packages/airflow/example_dags/example_branch_python_dop_operator_3.py
[2022-12-22T23:53:54.499+0000] {logging_mixin.py:137} INFO - [2022-12-22T23:53:54.499+0000] {dag.py:2676} INFO - Sync 1 DAGs
[2022-12-22T23:53:54.520+0000] {logging_mixin.py:137} INFO - [2022-12-22T23:53:54.520+0000] {dag.py:3427} INFO - Setting next_dagrun for example_branch_dop_operator_v3 to 2022-12-22T23:52:00+00:00, run_after=2022-12-22T23:53:00+00:00
[2022-12-22T23:53:54.533+0000] {processor.py:175} INFO - Processing /home/airflow/.local/lib/python3.7/site-packages/airflow/example_dags/example_branch_python_dop_operator_3.py took 0.091 seconds
[2022-12-22T23:54:25.225+0000] {processor.py:153} INFO - Started process (PID=616) to work on /home/airflow/.local/lib/python3.7/site-packages/airflow/example_dags/example_branch_python_dop_operator_3.py
[2022-12-22T23:54:25.227+0000] {processor.py:743} INFO - Processing file /home/airflow/.local/lib/python3.7/site-packages/airflow/example_dags/example_branch_python_dop_operator_3.py for tasks to queue
[2022-12-22T23:54:25.228+0000] {logging_mixin.py:137} INFO - [2022-12-22T23:54:25.228+0000] {dagbag.py:538} INFO - Filling up the DagBag from /home/airflow/.local/lib/python3.7/site-packages/airflow/example_dags/example_branch_python_dop_operator_3.py
[2022-12-22T23:54:25.247+0000] {processor.py:753} INFO - DAG(s) dict_keys(['example_branch_dop_operator_v3']) retrieved from /home/airflow/.local/lib/python3.7/site-packages/airflow/example_dags/example_branch_python_dop_operator_3.py
[2022-12-22T23:54:25.277+0000] {logging_mixin.py:137} INFO - [2022-12-22T23:54:25.277+0000] {dag.py:2676} INFO - Sync 1 DAGs
[2022-12-22T23:54:25.297+0000] {logging_mixin.py:137} INFO - [2022-12-22T23:54:25.297+0000] {dag.py:3427} INFO - Setting next_dagrun for example_branch_dop_operator_v3 to 2022-12-22T23:53:00+00:00, run_after=2022-12-22T23:54:00+00:00
[2022-12-22T23:54:25.310+0000] {processor.py:175} INFO - Processing /home/airflow/.local/lib/python3.7/site-packages/airflow/example_dags/example_branch_python_dop_operator_3.py took 0.088 seconds
[2022-12-22T23:54:55.394+0000] {processor.py:153} INFO - Started process (PID=842) to work on /home/airflow/.local/lib/python3.7/site-packages/airflow/example_dags/example_branch_python_dop_operator_3.py
[2022-12-22T23:54:55.395+0000] {processor.py:743} INFO - Processing file /home/airflow/.local/lib/python3.7/site-packages/airflow/example_dags/example_branch_python_dop_operator_3.py for tasks to queue
[2022-12-22T23:54:55.396+0000] {logging_mixin.py:137} INFO - [2022-12-22T23:54:55.396+0000] {dagbag.py:538} INFO - Filling up the DagBag from /home/airflow/.local/lib/python3.7/site-packages/airflow/example_dags/example_branch_python_dop_operator_3.py
[2022-12-22T23:54:55.415+0000] {processor.py:753} INFO - DAG(s) dict_keys(['example_branch_dop_operator_v3']) retrieved from /home/airflow/.local/lib/python3.7/site-packages/airflow/example_dags/example_branch_python_dop_operator_3.py
[2022-12-22T23:54:55.446+0000] {logging_mixin.py:137} INFO - [2022-12-22T23:54:55.446+0000] {dag.py:2676} INFO - Sync 1 DAGs
[2022-12-22T23:54:55.466+0000] {logging_mixin.py:137} INFO - [2022-12-22T23:54:55.466+0000] {dag.py:3427} INFO - Setting next_dagrun for example_branch_dop_operator_v3 to 2022-12-22T23:53:00+00:00, run_after=2022-12-22T23:54:00+00:00
[2022-12-22T23:54:55.479+0000] {processor.py:175} INFO - Processing /home/airflow/.local/lib/python3.7/site-packages/airflow/example_dags/example_branch_python_dop_operator_3.py took 0.089 seconds
[2022-12-22T23:55:26.217+0000] {processor.py:153} INFO - Started process (PID=1068) to work on /home/airflow/.local/lib/python3.7/site-packages/airflow/example_dags/example_branch_python_dop_operator_3.py
[2022-12-22T23:55:26.218+0000] {processor.py:743} INFO - Processing file /home/airflow/.local/lib/python3.7/site-packages/airflow/example_dags/example_branch_python_dop_operator_3.py for tasks to queue
[2022-12-22T23:55:26.219+0000] {logging_mixin.py:137} INFO - [2022-12-22T23:55:26.219+0000] {dagbag.py:538} INFO - Filling up the DagBag from /home/airflow/.local/lib/python3.7/site-packages/airflow/example_dags/example_branch_python_dop_operator_3.py
[2022-12-22T23:55:26.239+0000] {processor.py:753} INFO - DAG(s) dict_keys(['example_branch_dop_operator_v3']) retrieved from /home/airflow/.local/lib/python3.7/site-packages/airflow/example_dags/example_branch_python_dop_operator_3.py
[2022-12-22T23:55:26.270+0000] {logging_mixin.py:137} INFO - [2022-12-22T23:55:26.270+0000] {dag.py:2676} INFO - Sync 1 DAGs
[2022-12-22T23:55:26.291+0000] {logging_mixin.py:137} INFO - [2022-12-22T23:55:26.290+0000] {dag.py:3427} INFO - Setting next_dagrun for example_branch_dop_operator_v3 to 2022-12-22T23:54:00+00:00, run_after=2022-12-22T23:55:00+00:00
[2022-12-22T23:55:26.303+0000] {processor.py:175} INFO - Processing /home/airflow/.local/lib/python3.7/site-packages/airflow/example_dags/example_branch_python_dop_operator_3.py took 0.090 seconds
[2022-12-22T23:55:56.979+0000] {processor.py:153} INFO - Started process (PID=1282) to work on /home/airflow/.local/lib/python3.7/site-packages/airflow/example_dags/example_branch_python_dop_operator_3.py
[2022-12-22T23:55:56.981+0000] {processor.py:743} INFO - Processing file /home/airflow/.local/lib/python3.7/site-packages/airflow/example_dags/example_branch_python_dop_operator_3.py for tasks to queue
[2022-12-22T23:55:56.981+0000] {logging_mixin.py:137} INFO - [2022-12-22T23:55:56.981+0000] {dagbag.py:538} INFO - Filling up the DagBag from /home/airflow/.local/lib/python3.7/site-packages/airflow/example_dags/example_branch_python_dop_operator_3.py
[2022-12-22T23:55:57.001+0000] {processor.py:753} INFO - DAG(s) dict_keys(['example_branch_dop_operator_v3']) retrieved from /home/airflow/.local/lib/python3.7/site-packages/airflow/example_dags/example_branch_python_dop_operator_3.py
[2022-12-22T23:55:57.032+0000] {logging_mixin.py:137} INFO - [2022-12-22T23:55:57.032+0000] {dag.py:2676} INFO - Sync 1 DAGs
[2022-12-22T23:55:57.052+0000] {logging_mixin.py:137} INFO - [2022-12-22T23:55:57.052+0000] {dag.py:3427} INFO - Setting next_dagrun for example_branch_dop_operator_v3 to 2022-12-22T23:54:00+00:00, run_after=2022-12-22T23:55:00+00:00
[2022-12-22T23:55:57.066+0000] {processor.py:175} INFO - Processing /home/airflow/.local/lib/python3.7/site-packages/airflow/example_dags/example_branch_python_dop_operator_3.py took 0.090 seconds
[2022-12-22T23:56:28.135+0000] {processor.py:153} INFO - Started process (PID=1508) to work on /home/airflow/.local/lib/python3.7/site-packages/airflow/example_dags/example_branch_python_dop_operator_3.py
[2022-12-22T23:56:28.138+0000] {processor.py:743} INFO - Processing file /home/airflow/.local/lib/python3.7/site-packages/airflow/example_dags/example_branch_python_dop_operator_3.py for tasks to queue
[2022-12-22T23:56:28.139+0000] {logging_mixin.py:137} INFO - [2022-12-22T23:56:28.139+0000] {dagbag.py:538} INFO - Filling up the DagBag from /home/airflow/.local/lib/python3.7/site-packages/airflow/example_dags/example_branch_python_dop_operator_3.py
[2022-12-22T23:56:28.159+0000] {processor.py:753} INFO - DAG(s) dict_keys(['example_branch_dop_operator_v3']) retrieved from /home/airflow/.local/lib/python3.7/site-packages/airflow/example_dags/example_branch_python_dop_operator_3.py
[2022-12-22T23:56:28.193+0000] {logging_mixin.py:137} INFO - [2022-12-22T23:56:28.193+0000] {dag.py:2676} INFO - Sync 1 DAGs
[2022-12-22T23:56:28.216+0000] {logging_mixin.py:137} INFO - [2022-12-22T23:56:28.216+0000] {dag.py:3427} INFO - Setting next_dagrun for example_branch_dop_operator_v3 to 2022-12-22T23:55:00+00:00, run_after=2022-12-22T23:56:00+00:00
[2022-12-22T23:56:28.229+0000] {processor.py:175} INFO - Processing /home/airflow/.local/lib/python3.7/site-packages/airflow/example_dags/example_branch_python_dop_operator_3.py took 0.097 seconds
[2022-12-22T23:56:58.709+0000] {processor.py:153} INFO - Started process (PID=1735) to work on /home/airflow/.local/lib/python3.7/site-packages/airflow/example_dags/example_branch_python_dop_operator_3.py
[2022-12-22T23:56:58.711+0000] {processor.py:743} INFO - Processing file /home/airflow/.local/lib/python3.7/site-packages/airflow/example_dags/example_branch_python_dop_operator_3.py for tasks to queue
[2022-12-22T23:56:58.712+0000] {logging_mixin.py:137} INFO - [2022-12-22T23:56:58.712+0000] {dagbag.py:538} INFO - Filling up the DagBag from /home/airflow/.local/lib/python3.7/site-packages/airflow/example_dags/example_branch_python_dop_operator_3.py
[2022-12-22T23:56:58.732+0000] {processor.py:753} INFO - DAG(s) dict_keys(['example_branch_dop_operator_v3']) retrieved from /home/airflow/.local/lib/python3.7/site-packages/airflow/example_dags/example_branch_python_dop_operator_3.py
[2022-12-22T23:56:58.767+0000] {logging_mixin.py:137} INFO - [2022-12-22T23:56:58.767+0000] {dag.py:2676} INFO - Sync 1 DAGs
[2022-12-22T23:56:58.791+0000] {logging_mixin.py:137} INFO - [2022-12-22T23:56:58.791+0000] {dag.py:3427} INFO - Setting next_dagrun for example_branch_dop_operator_v3 to 2022-12-22T23:55:00+00:00, run_after=2022-12-22T23:56:00+00:00
[2022-12-22T23:56:58.807+0000] {processor.py:175} INFO - Processing /home/airflow/.local/lib/python3.7/site-packages/airflow/example_dags/example_branch_python_dop_operator_3.py took 0.106 seconds
[2022-12-22T23:57:29.559+0000] {processor.py:153} INFO - Started process (PID=1949) to work on /home/airflow/.local/lib/python3.7/site-packages/airflow/example_dags/example_branch_python_dop_operator_3.py
[2022-12-22T23:57:29.560+0000] {processor.py:743} INFO - Processing file /home/airflow/.local/lib/python3.7/site-packages/airflow/example_dags/example_branch_python_dop_operator_3.py for tasks to queue
[2022-12-22T23:57:29.561+0000] {logging_mixin.py:137} INFO - [2022-12-22T23:57:29.561+0000] {dagbag.py:538} INFO - Filling up the DagBag from /home/airflow/.local/lib/python3.7/site-packages/airflow/example_dags/example_branch_python_dop_operator_3.py
[2022-12-22T23:57:29.579+0000] {processor.py:753} INFO - DAG(s) dict_keys(['example_branch_dop_operator_v3']) retrieved from /home/airflow/.local/lib/python3.7/site-packages/airflow/example_dags/example_branch_python_dop_operator_3.py
[2022-12-22T23:57:29.615+0000] {logging_mixin.py:137} INFO - [2022-12-22T23:57:29.615+0000] {dag.py:2676} INFO - Sync 1 DAGs
[2022-12-22T23:57:29.638+0000] {logging_mixin.py:137} INFO - [2022-12-22T23:57:29.638+0000] {dag.py:3427} INFO - Setting next_dagrun for example_branch_dop_operator_v3 to 2022-12-22T23:56:00+00:00, run_after=2022-12-22T23:57:00+00:00
[2022-12-22T23:57:29.653+0000] {processor.py:175} INFO - Processing /home/airflow/.local/lib/python3.7/site-packages/airflow/example_dags/example_branch_python_dop_operator_3.py took 0.099 seconds
[2022-12-22T23:58:00.344+0000] {processor.py:153} INFO - Started process (PID=2175) to work on /home/airflow/.local/lib/python3.7/site-packages/airflow/example_dags/example_branch_python_dop_operator_3.py
[2022-12-22T23:58:00.346+0000] {processor.py:743} INFO - Processing file /home/airflow/.local/lib/python3.7/site-packages/airflow/example_dags/example_branch_python_dop_operator_3.py for tasks to queue
[2022-12-22T23:58:00.347+0000] {logging_mixin.py:137} INFO - [2022-12-22T23:58:00.347+0000] {dagbag.py:538} INFO - Filling up the DagBag from /home/airflow/.local/lib/python3.7/site-packages/airflow/example_dags/example_branch_python_dop_operator_3.py
[2022-12-22T23:58:00.365+0000] {processor.py:753} INFO - DAG(s) dict_keys(['example_branch_dop_operator_v3']) retrieved from /home/airflow/.local/lib/python3.7/site-packages/airflow/example_dags/example_branch_python_dop_operator_3.py
[2022-12-22T23:58:00.398+0000] {logging_mixin.py:137} INFO - [2022-12-22T23:58:00.398+0000] {dag.py:2676} INFO - Sync 1 DAGs
[2022-12-22T23:58:00.418+0000] {logging_mixin.py:137} INFO - [2022-12-22T23:58:00.418+0000] {dag.py:3427} INFO - Setting next_dagrun for example_branch_dop_operator_v3 to 2022-12-22T23:57:00+00:00, run_after=2022-12-22T23:58:00+00:00
[2022-12-22T23:58:00.430+0000] {processor.py:175} INFO - Processing /home/airflow/.local/lib/python3.7/site-packages/airflow/example_dags/example_branch_python_dop_operator_3.py took 0.090 seconds
[2022-12-22T23:58:30.912+0000] {processor.py:153} INFO - Started process (PID=2399) to work on /home/airflow/.local/lib/python3.7/site-packages/airflow/example_dags/example_branch_python_dop_operator_3.py
[2022-12-22T23:58:30.913+0000] {processor.py:743} INFO - Processing file /home/airflow/.local/lib/python3.7/site-packages/airflow/example_dags/example_branch_python_dop_operator_3.py for tasks to queue
[2022-12-22T23:58:30.914+0000] {logging_mixin.py:137} INFO - [2022-12-22T23:58:30.914+0000] {dagbag.py:538} INFO - Filling up the DagBag from /home/airflow/.local/lib/python3.7/site-packages/airflow/example_dags/example_branch_python_dop_operator_3.py
[2022-12-22T23:58:30.933+0000] {processor.py:753} INFO - DAG(s) dict_keys(['example_branch_dop_operator_v3']) retrieved from /home/airflow/.local/lib/python3.7/site-packages/airflow/example_dags/example_branch_python_dop_operator_3.py
[2022-12-22T23:58:30.969+0000] {logging_mixin.py:137} INFO - [2022-12-22T23:58:30.969+0000] {dag.py:2676} INFO - Sync 1 DAGs
[2022-12-22T23:58:30.990+0000] {logging_mixin.py:137} INFO - [2022-12-22T23:58:30.990+0000] {dag.py:3427} INFO - Setting next_dagrun for example_branch_dop_operator_v3 to 2022-12-22T23:57:00+00:00, run_after=2022-12-22T23:58:00+00:00
[2022-12-22T23:58:31.003+0000] {processor.py:175} INFO - Processing /home/airflow/.local/lib/python3.7/site-packages/airflow/example_dags/example_branch_python_dop_operator_3.py took 0.094 seconds
[2022-12-22T23:59:01.947+0000] {processor.py:153} INFO - Started process (PID=2616) to work on /home/airflow/.local/lib/python3.7/site-packages/airflow/example_dags/example_branch_python_dop_operator_3.py
[2022-12-22T23:59:01.948+0000] {processor.py:743} INFO - Processing file /home/airflow/.local/lib/python3.7/site-packages/airflow/example_dags/example_branch_python_dop_operator_3.py for tasks to queue
[2022-12-22T23:59:01.949+0000] {logging_mixin.py:137} INFO - [2022-12-22T23:59:01.949+0000] {dagbag.py:538} INFO - Filling up the DagBag from /home/airflow/.local/lib/python3.7/site-packages/airflow/example_dags/example_branch_python_dop_operator_3.py
[2022-12-22T23:59:01.973+0000] {processor.py:753} INFO - DAG(s) dict_keys(['example_branch_dop_operator_v3']) retrieved from /home/airflow/.local/lib/python3.7/site-packages/airflow/example_dags/example_branch_python_dop_operator_3.py
[2022-12-22T23:59:02.008+0000] {logging_mixin.py:137} INFO - [2022-12-22T23:59:02.008+0000] {dag.py:2676} INFO - Sync 1 DAGs
[2022-12-22T23:59:02.043+0000] {logging_mixin.py:137} INFO - [2022-12-22T23:59:02.043+0000] {dag.py:3427} INFO - Setting next_dagrun for example_branch_dop_operator_v3 to 2022-12-22T23:58:00+00:00, run_after=2022-12-22T23:59:00+00:00
[2022-12-22T23:59:02.064+0000] {processor.py:175} INFO - Processing /home/airflow/.local/lib/python3.7/site-packages/airflow/example_dags/example_branch_python_dop_operator_3.py took 0.121 seconds
[2022-12-22T23:59:32.843+0000] {processor.py:153} INFO - Started process (PID=2843) to work on /home/airflow/.local/lib/python3.7/site-packages/airflow/example_dags/example_branch_python_dop_operator_3.py
[2022-12-22T23:59:32.845+0000] {processor.py:743} INFO - Processing file /home/airflow/.local/lib/python3.7/site-packages/airflow/example_dags/example_branch_python_dop_operator_3.py for tasks to queue
[2022-12-22T23:59:32.846+0000] {logging_mixin.py:137} INFO - [2022-12-22T23:59:32.846+0000] {dagbag.py:538} INFO - Filling up the DagBag from /home/airflow/.local/lib/python3.7/site-packages/airflow/example_dags/example_branch_python_dop_operator_3.py
[2022-12-22T23:59:32.864+0000] {processor.py:753} INFO - DAG(s) dict_keys(['example_branch_dop_operator_v3']) retrieved from /home/airflow/.local/lib/python3.7/site-packages/airflow/example_dags/example_branch_python_dop_operator_3.py
[2022-12-22T23:59:32.895+0000] {logging_mixin.py:137} INFO - [2022-12-22T23:59:32.895+0000] {dag.py:2676} INFO - Sync 1 DAGs
[2022-12-22T23:59:32.916+0000] {logging_mixin.py:137} INFO - [2022-12-22T23:59:32.916+0000] {dag.py:3427} INFO - Setting next_dagrun for example_branch_dop_operator_v3 to 2022-12-22T23:58:00+00:00, run_after=2022-12-22T23:59:00+00:00
[2022-12-22T23:59:32.931+0000] {processor.py:175} INFO - Processing /home/airflow/.local/lib/python3.7/site-packages/airflow/example_dags/example_branch_python_dop_operator_3.py took 0.091 seconds
