[2022-12-22T23:53:25.488+0000] {processor.py:153} INFO - Started process (PID=310) to work on /home/airflow/.local/lib/python3.7/site-packages/airflow/example_dags/example_short_circuit_operator.py
[2022-12-22T23:53:25.489+0000] {processor.py:743} INFO - Processing file /home/airflow/.local/lib/python3.7/site-packages/airflow/example_dags/example_short_circuit_operator.py for tasks to queue
[2022-12-22T23:53:25.490+0000] {logging_mixin.py:137} INFO - [2022-12-22T23:53:25.490+0000] {dagbag.py:538} INFO - Filling up the DagBag from /home/airflow/.local/lib/python3.7/site-packages/airflow/example_dags/example_short_circuit_operator.py
[2022-12-22T23:53:25.507+0000] {processor.py:753} INFO - DAG(s) dict_keys(['example_short_circuit_operator']) retrieved from /home/airflow/.local/lib/python3.7/site-packages/airflow/example_dags/example_short_circuit_operator.py
[2022-12-22T23:53:25.536+0000] {logging_mixin.py:137} INFO - [2022-12-22T23:53:25.536+0000] {dag.py:2676} INFO - Sync 1 DAGs
[2022-12-22T23:53:25.559+0000] {logging_mixin.py:137} INFO - [2022-12-22T23:53:25.559+0000] {dag.py:3427} INFO - Setting next_dagrun for example_short_circuit_operator to 2022-12-21T23:53:25.559042+00:00, run_after=2022-12-22T23:53:25.559042+00:00
[2022-12-22T23:53:25.575+0000] {processor.py:175} INFO - Processing /home/airflow/.local/lib/python3.7/site-packages/airflow/example_dags/example_short_circuit_operator.py took 0.090 seconds
[2022-12-22T23:53:56.348+0000] {processor.py:153} INFO - Started process (PID=535) to work on /home/airflow/.local/lib/python3.7/site-packages/airflow/example_dags/example_short_circuit_operator.py
[2022-12-22T23:53:56.349+0000] {processor.py:743} INFO - Processing file /home/airflow/.local/lib/python3.7/site-packages/airflow/example_dags/example_short_circuit_operator.py for tasks to queue
[2022-12-22T23:53:56.350+0000] {logging_mixin.py:137} INFO - [2022-12-22T23:53:56.350+0000] {dagbag.py:538} INFO - Filling up the DagBag from /home/airflow/.local/lib/python3.7/site-packages/airflow/example_dags/example_short_circuit_operator.py
[2022-12-22T23:53:56.364+0000] {processor.py:753} INFO - DAG(s) dict_keys(['example_short_circuit_operator']) retrieved from /home/airflow/.local/lib/python3.7/site-packages/airflow/example_dags/example_short_circuit_operator.py
[2022-12-22T23:53:56.397+0000] {logging_mixin.py:137} INFO - [2022-12-22T23:53:56.397+0000] {dag.py:2676} INFO - Sync 1 DAGs
[2022-12-22T23:53:56.415+0000] {logging_mixin.py:137} INFO - [2022-12-22T23:53:56.415+0000] {dag.py:3427} INFO - Setting next_dagrun for example_short_circuit_operator to 2022-12-21T23:53:56.415205+00:00, run_after=2022-12-22T23:53:56.415205+00:00
[2022-12-22T23:53:56.428+0000] {processor.py:175} INFO - Processing /home/airflow/.local/lib/python3.7/site-packages/airflow/example_dags/example_short_circuit_operator.py took 0.083 seconds
[2022-12-22T23:54:27.498+0000] {processor.py:153} INFO - Started process (PID=762) to work on /home/airflow/.local/lib/python3.7/site-packages/airflow/example_dags/example_short_circuit_operator.py
[2022-12-22T23:54:27.500+0000] {processor.py:743} INFO - Processing file /home/airflow/.local/lib/python3.7/site-packages/airflow/example_dags/example_short_circuit_operator.py for tasks to queue
[2022-12-22T23:54:27.501+0000] {logging_mixin.py:137} INFO - [2022-12-22T23:54:27.501+0000] {dagbag.py:538} INFO - Filling up the DagBag from /home/airflow/.local/lib/python3.7/site-packages/airflow/example_dags/example_short_circuit_operator.py
[2022-12-22T23:54:27.519+0000] {processor.py:753} INFO - DAG(s) dict_keys(['example_short_circuit_operator']) retrieved from /home/airflow/.local/lib/python3.7/site-packages/airflow/example_dags/example_short_circuit_operator.py
[2022-12-22T23:54:27.554+0000] {logging_mixin.py:137} INFO - [2022-12-22T23:54:27.554+0000] {dag.py:2676} INFO - Sync 1 DAGs
[2022-12-22T23:54:27.576+0000] {logging_mixin.py:137} INFO - [2022-12-22T23:54:27.576+0000] {dag.py:3427} INFO - Setting next_dagrun for example_short_circuit_operator to 2022-12-21T23:54:27.576006+00:00, run_after=2022-12-22T23:54:27.576006+00:00
[2022-12-22T23:54:27.591+0000] {processor.py:175} INFO - Processing /home/airflow/.local/lib/python3.7/site-packages/airflow/example_dags/example_short_circuit_operator.py took 0.099 seconds
[2022-12-22T23:54:58.304+0000] {processor.py:153} INFO - Started process (PID=975) to work on /home/airflow/.local/lib/python3.7/site-packages/airflow/example_dags/example_short_circuit_operator.py
[2022-12-22T23:54:58.306+0000] {processor.py:743} INFO - Processing file /home/airflow/.local/lib/python3.7/site-packages/airflow/example_dags/example_short_circuit_operator.py for tasks to queue
[2022-12-22T23:54:58.307+0000] {logging_mixin.py:137} INFO - [2022-12-22T23:54:58.307+0000] {dagbag.py:538} INFO - Filling up the DagBag from /home/airflow/.local/lib/python3.7/site-packages/airflow/example_dags/example_short_circuit_operator.py
[2022-12-22T23:54:58.321+0000] {processor.py:753} INFO - DAG(s) dict_keys(['example_short_circuit_operator']) retrieved from /home/airflow/.local/lib/python3.7/site-packages/airflow/example_dags/example_short_circuit_operator.py
[2022-12-22T23:54:58.353+0000] {logging_mixin.py:137} INFO - [2022-12-22T23:54:58.353+0000] {dag.py:2676} INFO - Sync 1 DAGs
[2022-12-22T23:54:58.372+0000] {logging_mixin.py:137} INFO - [2022-12-22T23:54:58.372+0000] {dag.py:3427} INFO - Setting next_dagrun for example_short_circuit_operator to 2022-12-21T23:54:58.371825+00:00, run_after=2022-12-22T23:54:58.371825+00:00
[2022-12-22T23:54:58.387+0000] {processor.py:175} INFO - Processing /home/airflow/.local/lib/python3.7/site-packages/airflow/example_dags/example_short_circuit_operator.py took 0.086 seconds
[2022-12-22T23:55:29.060+0000] {processor.py:153} INFO - Started process (PID=1201) to work on /home/airflow/.local/lib/python3.7/site-packages/airflow/example_dags/example_short_circuit_operator.py
[2022-12-22T23:55:29.062+0000] {processor.py:743} INFO - Processing file /home/airflow/.local/lib/python3.7/site-packages/airflow/example_dags/example_short_circuit_operator.py for tasks to queue
[2022-12-22T23:55:29.063+0000] {logging_mixin.py:137} INFO - [2022-12-22T23:55:29.063+0000] {dagbag.py:538} INFO - Filling up the DagBag from /home/airflow/.local/lib/python3.7/site-packages/airflow/example_dags/example_short_circuit_operator.py
[2022-12-22T23:55:29.076+0000] {processor.py:753} INFO - DAG(s) dict_keys(['example_short_circuit_operator']) retrieved from /home/airflow/.local/lib/python3.7/site-packages/airflow/example_dags/example_short_circuit_operator.py
[2022-12-22T23:55:29.108+0000] {logging_mixin.py:137} INFO - [2022-12-22T23:55:29.108+0000] {dag.py:2676} INFO - Sync 1 DAGs
[2022-12-22T23:55:29.127+0000] {logging_mixin.py:137} INFO - [2022-12-22T23:55:29.127+0000] {dag.py:3427} INFO - Setting next_dagrun for example_short_circuit_operator to 2022-12-21T23:55:29.126868+00:00, run_after=2022-12-22T23:55:29.126868+00:00
[2022-12-22T23:55:29.141+0000] {processor.py:175} INFO - Processing /home/airflow/.local/lib/python3.7/site-packages/airflow/example_dags/example_short_circuit_operator.py took 0.084 seconds
[2022-12-22T23:56:00.045+0000] {processor.py:153} INFO - Started process (PID=1427) to work on /home/airflow/.local/lib/python3.7/site-packages/airflow/example_dags/example_short_circuit_operator.py
[2022-12-22T23:56:00.047+0000] {processor.py:743} INFO - Processing file /home/airflow/.local/lib/python3.7/site-packages/airflow/example_dags/example_short_circuit_operator.py for tasks to queue
[2022-12-22T23:56:00.048+0000] {logging_mixin.py:137} INFO - [2022-12-22T23:56:00.048+0000] {dagbag.py:538} INFO - Filling up the DagBag from /home/airflow/.local/lib/python3.7/site-packages/airflow/example_dags/example_short_circuit_operator.py
[2022-12-22T23:56:00.064+0000] {processor.py:753} INFO - DAG(s) dict_keys(['example_short_circuit_operator']) retrieved from /home/airflow/.local/lib/python3.7/site-packages/airflow/example_dags/example_short_circuit_operator.py
[2022-12-22T23:56:00.117+0000] {logging_mixin.py:137} INFO - [2022-12-22T23:56:00.117+0000] {dag.py:2676} INFO - Sync 1 DAGs
[2022-12-22T23:56:00.141+0000] {logging_mixin.py:137} INFO - [2022-12-22T23:56:00.141+0000] {dag.py:3427} INFO - Setting next_dagrun for example_short_circuit_operator to 2022-12-21T23:56:00.140884+00:00, run_after=2022-12-22T23:56:00.140884+00:00
[2022-12-22T23:56:00.165+0000] {processor.py:175} INFO - Processing /home/airflow/.local/lib/python3.7/site-packages/airflow/example_dags/example_short_circuit_operator.py took 0.123 seconds
[2022-12-22T23:56:30.902+0000] {processor.py:153} INFO - Started process (PID=1641) to work on /home/airflow/.local/lib/python3.7/site-packages/airflow/example_dags/example_short_circuit_operator.py
[2022-12-22T23:56:30.905+0000] {processor.py:743} INFO - Processing file /home/airflow/.local/lib/python3.7/site-packages/airflow/example_dags/example_short_circuit_operator.py for tasks to queue
[2022-12-22T23:56:30.906+0000] {logging_mixin.py:137} INFO - [2022-12-22T23:56:30.906+0000] {dagbag.py:538} INFO - Filling up the DagBag from /home/airflow/.local/lib/python3.7/site-packages/airflow/example_dags/example_short_circuit_operator.py
[2022-12-22T23:56:30.919+0000] {processor.py:753} INFO - DAG(s) dict_keys(['example_short_circuit_operator']) retrieved from /home/airflow/.local/lib/python3.7/site-packages/airflow/example_dags/example_short_circuit_operator.py
[2022-12-22T23:56:30.954+0000] {logging_mixin.py:137} INFO - [2022-12-22T23:56:30.954+0000] {dag.py:2676} INFO - Sync 1 DAGs
[2022-12-22T23:56:30.973+0000] {logging_mixin.py:137} INFO - [2022-12-22T23:56:30.973+0000] {dag.py:3427} INFO - Setting next_dagrun for example_short_circuit_operator to 2022-12-21T23:56:30.973165+00:00, run_after=2022-12-22T23:56:30.973165+00:00
[2022-12-22T23:56:30.988+0000] {processor.py:175} INFO - Processing /home/airflow/.local/lib/python3.7/site-packages/airflow/example_dags/example_short_circuit_operator.py took 0.089 seconds
[2022-12-22T23:57:01.663+0000] {processor.py:153} INFO - Started process (PID=1868) to work on /home/airflow/.local/lib/python3.7/site-packages/airflow/example_dags/example_short_circuit_operator.py
[2022-12-22T23:57:01.664+0000] {processor.py:743} INFO - Processing file /home/airflow/.local/lib/python3.7/site-packages/airflow/example_dags/example_short_circuit_operator.py for tasks to queue
[2022-12-22T23:57:01.665+0000] {logging_mixin.py:137} INFO - [2022-12-22T23:57:01.665+0000] {dagbag.py:538} INFO - Filling up the DagBag from /home/airflow/.local/lib/python3.7/site-packages/airflow/example_dags/example_short_circuit_operator.py
[2022-12-22T23:57:01.679+0000] {processor.py:753} INFO - DAG(s) dict_keys(['example_short_circuit_operator']) retrieved from /home/airflow/.local/lib/python3.7/site-packages/airflow/example_dags/example_short_circuit_operator.py
[2022-12-22T23:57:01.712+0000] {logging_mixin.py:137} INFO - [2022-12-22T23:57:01.712+0000] {dag.py:2676} INFO - Sync 1 DAGs
[2022-12-22T23:57:01.731+0000] {logging_mixin.py:137} INFO - [2022-12-22T23:57:01.731+0000] {dag.py:3427} INFO - Setting next_dagrun for example_short_circuit_operator to 2022-12-21T23:57:01.730970+00:00, run_after=2022-12-22T23:57:01.730970+00:00
[2022-12-22T23:57:01.745+0000] {processor.py:175} INFO - Processing /home/airflow/.local/lib/python3.7/site-packages/airflow/example_dags/example_short_circuit_operator.py took 0.086 seconds
[2022-12-22T23:57:32.284+0000] {processor.py:153} INFO - Started process (PID=2082) to work on /home/airflow/.local/lib/python3.7/site-packages/airflow/example_dags/example_short_circuit_operator.py
[2022-12-22T23:57:32.286+0000] {processor.py:743} INFO - Processing file /home/airflow/.local/lib/python3.7/site-packages/airflow/example_dags/example_short_circuit_operator.py for tasks to queue
[2022-12-22T23:57:32.287+0000] {logging_mixin.py:137} INFO - [2022-12-22T23:57:32.287+0000] {dagbag.py:538} INFO - Filling up the DagBag from /home/airflow/.local/lib/python3.7/site-packages/airflow/example_dags/example_short_circuit_operator.py
[2022-12-22T23:57:32.302+0000] {processor.py:753} INFO - DAG(s) dict_keys(['example_short_circuit_operator']) retrieved from /home/airflow/.local/lib/python3.7/site-packages/airflow/example_dags/example_short_circuit_operator.py
[2022-12-22T23:57:32.340+0000] {logging_mixin.py:137} INFO - [2022-12-22T23:57:32.340+0000] {dag.py:2676} INFO - Sync 1 DAGs
[2022-12-22T23:57:32.363+0000] {logging_mixin.py:137} INFO - [2022-12-22T23:57:32.363+0000] {dag.py:3427} INFO - Setting next_dagrun for example_short_circuit_operator to 2022-12-21T23:57:32.363503+00:00, run_after=2022-12-22T23:57:32.363503+00:00
[2022-12-22T23:57:32.384+0000] {processor.py:175} INFO - Processing /home/airflow/.local/lib/python3.7/site-packages/airflow/example_dags/example_short_circuit_operator.py took 0.104 seconds
[2022-12-22T23:58:02.966+0000] {processor.py:153} INFO - Started process (PID=2308) to work on /home/airflow/.local/lib/python3.7/site-packages/airflow/example_dags/example_short_circuit_operator.py
[2022-12-22T23:58:02.967+0000] {processor.py:743} INFO - Processing file /home/airflow/.local/lib/python3.7/site-packages/airflow/example_dags/example_short_circuit_operator.py for tasks to queue
[2022-12-22T23:58:02.968+0000] {logging_mixin.py:137} INFO - [2022-12-22T23:58:02.968+0000] {dagbag.py:538} INFO - Filling up the DagBag from /home/airflow/.local/lib/python3.7/site-packages/airflow/example_dags/example_short_circuit_operator.py
[2022-12-22T23:58:02.982+0000] {processor.py:753} INFO - DAG(s) dict_keys(['example_short_circuit_operator']) retrieved from /home/airflow/.local/lib/python3.7/site-packages/airflow/example_dags/example_short_circuit_operator.py
[2022-12-22T23:58:03.015+0000] {logging_mixin.py:137} INFO - [2022-12-22T23:58:03.015+0000] {dag.py:2676} INFO - Sync 1 DAGs
[2022-12-22T23:58:03.036+0000] {logging_mixin.py:137} INFO - [2022-12-22T23:58:03.036+0000] {dag.py:3427} INFO - Setting next_dagrun for example_short_circuit_operator to 2022-12-21T23:58:03.035987+00:00, run_after=2022-12-22T23:58:03.035987+00:00
[2022-12-22T23:58:03.049+0000] {processor.py:175} INFO - Processing /home/airflow/.local/lib/python3.7/site-packages/airflow/example_dags/example_short_circuit_operator.py took 0.086 seconds
[2022-12-22T23:58:33.932+0000] {processor.py:153} INFO - Started process (PID=2535) to work on /home/airflow/.local/lib/python3.7/site-packages/airflow/example_dags/example_short_circuit_operator.py
[2022-12-22T23:58:33.934+0000] {processor.py:743} INFO - Processing file /home/airflow/.local/lib/python3.7/site-packages/airflow/example_dags/example_short_circuit_operator.py for tasks to queue
[2022-12-22T23:58:33.935+0000] {logging_mixin.py:137} INFO - [2022-12-22T23:58:33.935+0000] {dagbag.py:538} INFO - Filling up the DagBag from /home/airflow/.local/lib/python3.7/site-packages/airflow/example_dags/example_short_circuit_operator.py
[2022-12-22T23:58:33.950+0000] {processor.py:753} INFO - DAG(s) dict_keys(['example_short_circuit_operator']) retrieved from /home/airflow/.local/lib/python3.7/site-packages/airflow/example_dags/example_short_circuit_operator.py
[2022-12-22T23:58:33.985+0000] {logging_mixin.py:137} INFO - [2022-12-22T23:58:33.985+0000] {dag.py:2676} INFO - Sync 1 DAGs
[2022-12-22T23:58:34.005+0000] {logging_mixin.py:137} INFO - [2022-12-22T23:58:34.005+0000] {dag.py:3427} INFO - Setting next_dagrun for example_short_circuit_operator to 2022-12-21T23:58:34.005124+00:00, run_after=2022-12-22T23:58:34.005124+00:00
[2022-12-22T23:58:34.021+0000] {processor.py:175} INFO - Processing /home/airflow/.local/lib/python3.7/site-packages/airflow/example_dags/example_short_circuit_operator.py took 0.092 seconds
[2022-12-22T23:59:04.914+0000] {processor.py:153} INFO - Started process (PID=2749) to work on /home/airflow/.local/lib/python3.7/site-packages/airflow/example_dags/example_short_circuit_operator.py
[2022-12-22T23:59:04.915+0000] {processor.py:743} INFO - Processing file /home/airflow/.local/lib/python3.7/site-packages/airflow/example_dags/example_short_circuit_operator.py for tasks to queue
[2022-12-22T23:59:04.916+0000] {logging_mixin.py:137} INFO - [2022-12-22T23:59:04.916+0000] {dagbag.py:538} INFO - Filling up the DagBag from /home/airflow/.local/lib/python3.7/site-packages/airflow/example_dags/example_short_circuit_operator.py
[2022-12-22T23:59:04.933+0000] {processor.py:753} INFO - DAG(s) dict_keys(['example_short_circuit_operator']) retrieved from /home/airflow/.local/lib/python3.7/site-packages/airflow/example_dags/example_short_circuit_operator.py
[2022-12-22T23:59:04.972+0000] {logging_mixin.py:137} INFO - [2022-12-22T23:59:04.972+0000] {dag.py:2676} INFO - Sync 1 DAGs
[2022-12-22T23:59:04.993+0000] {logging_mixin.py:137} INFO - [2022-12-22T23:59:04.993+0000] {dag.py:3427} INFO - Setting next_dagrun for example_short_circuit_operator to 2022-12-21T23:59:04.992982+00:00, run_after=2022-12-22T23:59:04.992982+00:00
[2022-12-22T23:59:05.008+0000] {processor.py:175} INFO - Processing /home/airflow/.local/lib/python3.7/site-packages/airflow/example_dags/example_short_circuit_operator.py took 0.097 seconds
[2022-12-22T23:59:35.739+0000] {processor.py:153} INFO - Started process (PID=2976) to work on /home/airflow/.local/lib/python3.7/site-packages/airflow/example_dags/example_short_circuit_operator.py
[2022-12-22T23:59:35.740+0000] {processor.py:743} INFO - Processing file /home/airflow/.local/lib/python3.7/site-packages/airflow/example_dags/example_short_circuit_operator.py for tasks to queue
[2022-12-22T23:59:35.741+0000] {logging_mixin.py:137} INFO - [2022-12-22T23:59:35.741+0000] {dagbag.py:538} INFO - Filling up the DagBag from /home/airflow/.local/lib/python3.7/site-packages/airflow/example_dags/example_short_circuit_operator.py
[2022-12-22T23:59:35.755+0000] {processor.py:753} INFO - DAG(s) dict_keys(['example_short_circuit_operator']) retrieved from /home/airflow/.local/lib/python3.7/site-packages/airflow/example_dags/example_short_circuit_operator.py
[2022-12-22T23:59:35.787+0000] {logging_mixin.py:137} INFO - [2022-12-22T23:59:35.787+0000] {dag.py:2676} INFO - Sync 1 DAGs
[2022-12-22T23:59:35.807+0000] {logging_mixin.py:137} INFO - [2022-12-22T23:59:35.807+0000] {dag.py:3427} INFO - Setting next_dagrun for example_short_circuit_operator to 2022-12-21T23:59:35.807540+00:00, run_after=2022-12-22T23:59:35.807540+00:00
[2022-12-22T23:59:35.821+0000] {processor.py:175} INFO - Processing /home/airflow/.local/lib/python3.7/site-packages/airflow/example_dags/example_short_circuit_operator.py took 0.085 seconds
