[2022-12-22T23:53:24.700+0000] {processor.py:153} INFO - Started process (PID=250) to work on /home/airflow/.local/lib/python3.7/site-packages/airflow/example_dags/example_external_task_marker_dag.py
[2022-12-22T23:53:24.701+0000] {processor.py:743} INFO - Processing file /home/airflow/.local/lib/python3.7/site-packages/airflow/example_dags/example_external_task_marker_dag.py for tasks to queue
[2022-12-22T23:53:24.702+0000] {logging_mixin.py:137} INFO - [2022-12-22T23:53:24.702+0000] {dagbag.py:538} INFO - Filling up the DagBag from /home/airflow/.local/lib/python3.7/site-packages/airflow/example_dags/example_external_task_marker_dag.py
[2022-12-22T23:53:24.718+0000] {processor.py:753} INFO - DAG(s) dict_keys(['example_external_task_marker_parent', 'example_external_task_marker_child']) retrieved from /home/airflow/.local/lib/python3.7/site-packages/airflow/example_dags/example_external_task_marker_dag.py
[2022-12-22T23:53:24.750+0000] {logging_mixin.py:137} INFO - [2022-12-22T23:53:24.750+0000] {dag.py:2676} INFO - Sync 2 DAGs
[2022-12-22T23:53:24.769+0000] {logging_mixin.py:137} INFO - [2022-12-22T23:53:24.769+0000] {dag.py:3427} INFO - Setting next_dagrun for example_external_task_marker_child to None, run_after=None
[2022-12-22T23:53:24.773+0000] {logging_mixin.py:137} INFO - [2022-12-22T23:53:24.773+0000] {dag.py:3427} INFO - Setting next_dagrun for example_external_task_marker_parent to None, run_after=None
[2022-12-22T23:53:24.789+0000] {processor.py:175} INFO - Processing /home/airflow/.local/lib/python3.7/site-packages/airflow/example_dags/example_external_task_marker_dag.py took 0.092 seconds
[2022-12-22T23:53:55.608+0000] {processor.py:153} INFO - Started process (PID=475) to work on /home/airflow/.local/lib/python3.7/site-packages/airflow/example_dags/example_external_task_marker_dag.py
[2022-12-22T23:53:55.609+0000] {processor.py:743} INFO - Processing file /home/airflow/.local/lib/python3.7/site-packages/airflow/example_dags/example_external_task_marker_dag.py for tasks to queue
[2022-12-22T23:53:55.610+0000] {logging_mixin.py:137} INFO - [2022-12-22T23:53:55.610+0000] {dagbag.py:538} INFO - Filling up the DagBag from /home/airflow/.local/lib/python3.7/site-packages/airflow/example_dags/example_external_task_marker_dag.py
[2022-12-22T23:53:55.623+0000] {processor.py:753} INFO - DAG(s) dict_keys(['example_external_task_marker_child', 'example_external_task_marker_parent']) retrieved from /home/airflow/.local/lib/python3.7/site-packages/airflow/example_dags/example_external_task_marker_dag.py
[2022-12-22T23:53:55.683+0000] {logging_mixin.py:137} INFO - [2022-12-22T23:53:55.683+0000] {dag.py:2676} INFO - Sync 2 DAGs
[2022-12-22T23:53:55.699+0000] {logging_mixin.py:137} INFO - [2022-12-22T23:53:55.699+0000] {dag.py:3427} INFO - Setting next_dagrun for example_external_task_marker_child to None, run_after=None
[2022-12-22T23:53:55.702+0000] {logging_mixin.py:137} INFO - [2022-12-22T23:53:55.702+0000] {dag.py:3427} INFO - Setting next_dagrun for example_external_task_marker_parent to None, run_after=None
[2022-12-22T23:53:55.714+0000] {processor.py:175} INFO - Processing /home/airflow/.local/lib/python3.7/site-packages/airflow/example_dags/example_external_task_marker_dag.py took 0.110 seconds
[2022-12-22T23:54:26.380+0000] {processor.py:153} INFO - Started process (PID=698) to work on /home/airflow/.local/lib/python3.7/site-packages/airflow/example_dags/example_external_task_marker_dag.py
[2022-12-22T23:54:26.381+0000] {processor.py:743} INFO - Processing file /home/airflow/.local/lib/python3.7/site-packages/airflow/example_dags/example_external_task_marker_dag.py for tasks to queue
[2022-12-22T23:54:26.382+0000] {logging_mixin.py:137} INFO - [2022-12-22T23:54:26.382+0000] {dagbag.py:538} INFO - Filling up the DagBag from /home/airflow/.local/lib/python3.7/site-packages/airflow/example_dags/example_external_task_marker_dag.py
[2022-12-22T23:54:26.401+0000] {processor.py:753} INFO - DAG(s) dict_keys(['example_external_task_marker_child', 'example_external_task_marker_parent']) retrieved from /home/airflow/.local/lib/python3.7/site-packages/airflow/example_dags/example_external_task_marker_dag.py
[2022-12-22T23:54:26.439+0000] {logging_mixin.py:137} INFO - [2022-12-22T23:54:26.439+0000] {dag.py:2676} INFO - Sync 2 DAGs
[2022-12-22T23:54:26.461+0000] {logging_mixin.py:137} INFO - [2022-12-22T23:54:26.460+0000] {dag.py:3427} INFO - Setting next_dagrun for example_external_task_marker_child to None, run_after=None
[2022-12-22T23:54:26.464+0000] {logging_mixin.py:137} INFO - [2022-12-22T23:54:26.464+0000] {dag.py:3427} INFO - Setting next_dagrun for example_external_task_marker_parent to None, run_after=None
[2022-12-22T23:54:26.477+0000] {processor.py:175} INFO - Processing /home/airflow/.local/lib/python3.7/site-packages/airflow/example_dags/example_external_task_marker_dag.py took 0.100 seconds
[2022-12-22T23:54:56.510+0000] {processor.py:153} INFO - Started process (PID=915) to work on /home/airflow/.local/lib/python3.7/site-packages/airflow/example_dags/example_external_task_marker_dag.py
[2022-12-22T23:54:56.512+0000] {processor.py:743} INFO - Processing file /home/airflow/.local/lib/python3.7/site-packages/airflow/example_dags/example_external_task_marker_dag.py for tasks to queue
[2022-12-22T23:54:56.513+0000] {logging_mixin.py:137} INFO - [2022-12-22T23:54:56.513+0000] {dagbag.py:538} INFO - Filling up the DagBag from /home/airflow/.local/lib/python3.7/site-packages/airflow/example_dags/example_external_task_marker_dag.py
[2022-12-22T23:54:56.525+0000] {processor.py:753} INFO - DAG(s) dict_keys(['example_external_task_marker_parent', 'example_external_task_marker_child']) retrieved from /home/airflow/.local/lib/python3.7/site-packages/airflow/example_dags/example_external_task_marker_dag.py
[2022-12-22T23:54:56.574+0000] {logging_mixin.py:137} INFO - [2022-12-22T23:54:56.574+0000] {dag.py:2676} INFO - Sync 2 DAGs
[2022-12-22T23:54:56.594+0000] {logging_mixin.py:137} INFO - [2022-12-22T23:54:56.593+0000] {dag.py:3427} INFO - Setting next_dagrun for example_external_task_marker_child to None, run_after=None
[2022-12-22T23:54:56.597+0000] {logging_mixin.py:137} INFO - [2022-12-22T23:54:56.597+0000] {dag.py:3427} INFO - Setting next_dagrun for example_external_task_marker_parent to None, run_after=None
[2022-12-22T23:54:56.610+0000] {processor.py:175} INFO - Processing /home/airflow/.local/lib/python3.7/site-packages/airflow/example_dags/example_external_task_marker_dag.py took 0.103 seconds
[2022-12-22T23:55:27.405+0000] {processor.py:153} INFO - Started process (PID=1143) to work on /home/airflow/.local/lib/python3.7/site-packages/airflow/example_dags/example_external_task_marker_dag.py
[2022-12-22T23:55:27.406+0000] {processor.py:743} INFO - Processing file /home/airflow/.local/lib/python3.7/site-packages/airflow/example_dags/example_external_task_marker_dag.py for tasks to queue
[2022-12-22T23:55:27.407+0000] {logging_mixin.py:137} INFO - [2022-12-22T23:55:27.407+0000] {dagbag.py:538} INFO - Filling up the DagBag from /home/airflow/.local/lib/python3.7/site-packages/airflow/example_dags/example_external_task_marker_dag.py
[2022-12-22T23:55:27.419+0000] {processor.py:753} INFO - DAG(s) dict_keys(['example_external_task_marker_parent', 'example_external_task_marker_child']) retrieved from /home/airflow/.local/lib/python3.7/site-packages/airflow/example_dags/example_external_task_marker_dag.py
[2022-12-22T23:55:27.452+0000] {logging_mixin.py:137} INFO - [2022-12-22T23:55:27.451+0000] {dag.py:2676} INFO - Sync 2 DAGs
[2022-12-22T23:55:27.469+0000] {logging_mixin.py:137} INFO - [2022-12-22T23:55:27.469+0000] {dag.py:3427} INFO - Setting next_dagrun for example_external_task_marker_child to None, run_after=None
[2022-12-22T23:55:27.473+0000] {logging_mixin.py:137} INFO - [2022-12-22T23:55:27.473+0000] {dag.py:3427} INFO - Setting next_dagrun for example_external_task_marker_parent to None, run_after=None
[2022-12-22T23:55:27.485+0000] {processor.py:175} INFO - Processing /home/airflow/.local/lib/python3.7/site-packages/airflow/example_dags/example_external_task_marker_dag.py took 0.083 seconds
[2022-12-22T23:55:58.078+0000] {processor.py:153} INFO - Started process (PID=1355) to work on /home/airflow/.local/lib/python3.7/site-packages/airflow/example_dags/example_external_task_marker_dag.py
[2022-12-22T23:55:58.080+0000] {processor.py:743} INFO - Processing file /home/airflow/.local/lib/python3.7/site-packages/airflow/example_dags/example_external_task_marker_dag.py for tasks to queue
[2022-12-22T23:55:58.081+0000] {logging_mixin.py:137} INFO - [2022-12-22T23:55:58.081+0000] {dagbag.py:538} INFO - Filling up the DagBag from /home/airflow/.local/lib/python3.7/site-packages/airflow/example_dags/example_external_task_marker_dag.py
[2022-12-22T23:55:58.093+0000] {processor.py:753} INFO - DAG(s) dict_keys(['example_external_task_marker_parent', 'example_external_task_marker_child']) retrieved from /home/airflow/.local/lib/python3.7/site-packages/airflow/example_dags/example_external_task_marker_dag.py
[2022-12-22T23:55:58.127+0000] {logging_mixin.py:137} INFO - [2022-12-22T23:55:58.127+0000] {dag.py:2676} INFO - Sync 2 DAGs
[2022-12-22T23:55:58.146+0000] {logging_mixin.py:137} INFO - [2022-12-22T23:55:58.146+0000] {dag.py:3427} INFO - Setting next_dagrun for example_external_task_marker_child to None, run_after=None
[2022-12-22T23:55:58.149+0000] {logging_mixin.py:137} INFO - [2022-12-22T23:55:58.149+0000] {dag.py:3427} INFO - Setting next_dagrun for example_external_task_marker_parent to None, run_after=None
[2022-12-22T23:55:58.166+0000] {processor.py:175} INFO - Processing /home/airflow/.local/lib/python3.7/site-packages/airflow/example_dags/example_external_task_marker_dag.py took 0.090 seconds
[2022-12-22T23:56:29.123+0000] {processor.py:153} INFO - Started process (PID=1581) to work on /home/airflow/.local/lib/python3.7/site-packages/airflow/example_dags/example_external_task_marker_dag.py
[2022-12-22T23:56:29.124+0000] {processor.py:743} INFO - Processing file /home/airflow/.local/lib/python3.7/site-packages/airflow/example_dags/example_external_task_marker_dag.py for tasks to queue
[2022-12-22T23:56:29.125+0000] {logging_mixin.py:137} INFO - [2022-12-22T23:56:29.125+0000] {dagbag.py:538} INFO - Filling up the DagBag from /home/airflow/.local/lib/python3.7/site-packages/airflow/example_dags/example_external_task_marker_dag.py
[2022-12-22T23:56:29.136+0000] {processor.py:753} INFO - DAG(s) dict_keys(['example_external_task_marker_child', 'example_external_task_marker_parent']) retrieved from /home/airflow/.local/lib/python3.7/site-packages/airflow/example_dags/example_external_task_marker_dag.py
[2022-12-22T23:56:29.169+0000] {logging_mixin.py:137} INFO - [2022-12-22T23:56:29.169+0000] {dag.py:2676} INFO - Sync 2 DAGs
[2022-12-22T23:56:29.188+0000] {logging_mixin.py:137} INFO - [2022-12-22T23:56:29.188+0000] {dag.py:3427} INFO - Setting next_dagrun for example_external_task_marker_child to None, run_after=None
[2022-12-22T23:56:29.191+0000] {logging_mixin.py:137} INFO - [2022-12-22T23:56:29.191+0000] {dag.py:3427} INFO - Setting next_dagrun for example_external_task_marker_parent to None, run_after=None
[2022-12-22T23:56:29.202+0000] {processor.py:175} INFO - Processing /home/airflow/.local/lib/python3.7/site-packages/airflow/example_dags/example_external_task_marker_dag.py took 0.082 seconds
[2022-12-22T23:56:59.906+0000] {processor.py:153} INFO - Started process (PID=1808) to work on /home/airflow/.local/lib/python3.7/site-packages/airflow/example_dags/example_external_task_marker_dag.py
[2022-12-22T23:56:59.908+0000] {processor.py:743} INFO - Processing file /home/airflow/.local/lib/python3.7/site-packages/airflow/example_dags/example_external_task_marker_dag.py for tasks to queue
[2022-12-22T23:56:59.909+0000] {logging_mixin.py:137} INFO - [2022-12-22T23:56:59.909+0000] {dagbag.py:538} INFO - Filling up the DagBag from /home/airflow/.local/lib/python3.7/site-packages/airflow/example_dags/example_external_task_marker_dag.py
[2022-12-22T23:56:59.921+0000] {processor.py:753} INFO - DAG(s) dict_keys(['example_external_task_marker_child', 'example_external_task_marker_parent']) retrieved from /home/airflow/.local/lib/python3.7/site-packages/airflow/example_dags/example_external_task_marker_dag.py
[2022-12-22T23:56:59.954+0000] {logging_mixin.py:137} INFO - [2022-12-22T23:56:59.954+0000] {dag.py:2676} INFO - Sync 2 DAGs
[2022-12-22T23:56:59.974+0000] {logging_mixin.py:137} INFO - [2022-12-22T23:56:59.974+0000] {dag.py:3427} INFO - Setting next_dagrun for example_external_task_marker_child to None, run_after=None
[2022-12-22T23:56:59.977+0000] {logging_mixin.py:137} INFO - [2022-12-22T23:56:59.977+0000] {dag.py:3427} INFO - Setting next_dagrun for example_external_task_marker_parent to None, run_after=None
[2022-12-22T23:56:59.989+0000] {processor.py:175} INFO - Processing /home/airflow/.local/lib/python3.7/site-packages/airflow/example_dags/example_external_task_marker_dag.py took 0.085 seconds
[2022-12-22T23:57:30.521+0000] {processor.py:153} INFO - Started process (PID=2022) to work on /home/airflow/.local/lib/python3.7/site-packages/airflow/example_dags/example_external_task_marker_dag.py
[2022-12-22T23:57:30.523+0000] {processor.py:743} INFO - Processing file /home/airflow/.local/lib/python3.7/site-packages/airflow/example_dags/example_external_task_marker_dag.py for tasks to queue
[2022-12-22T23:57:30.524+0000] {logging_mixin.py:137} INFO - [2022-12-22T23:57:30.524+0000] {dagbag.py:538} INFO - Filling up the DagBag from /home/airflow/.local/lib/python3.7/site-packages/airflow/example_dags/example_external_task_marker_dag.py
[2022-12-22T23:57:30.537+0000] {processor.py:753} INFO - DAG(s) dict_keys(['example_external_task_marker_parent', 'example_external_task_marker_child']) retrieved from /home/airflow/.local/lib/python3.7/site-packages/airflow/example_dags/example_external_task_marker_dag.py
[2022-12-22T23:57:30.572+0000] {logging_mixin.py:137} INFO - [2022-12-22T23:57:30.572+0000] {dag.py:2676} INFO - Sync 2 DAGs
[2022-12-22T23:57:30.589+0000] {logging_mixin.py:137} INFO - [2022-12-22T23:57:30.589+0000] {dag.py:3427} INFO - Setting next_dagrun for example_external_task_marker_child to None, run_after=None
[2022-12-22T23:57:30.593+0000] {logging_mixin.py:137} INFO - [2022-12-22T23:57:30.593+0000] {dag.py:3427} INFO - Setting next_dagrun for example_external_task_marker_parent to None, run_after=None
[2022-12-22T23:57:30.604+0000] {processor.py:175} INFO - Processing /home/airflow/.local/lib/python3.7/site-packages/airflow/example_dags/example_external_task_marker_dag.py took 0.086 seconds
[2022-12-22T23:58:01.250+0000] {processor.py:153} INFO - Started process (PID=2248) to work on /home/airflow/.local/lib/python3.7/site-packages/airflow/example_dags/example_external_task_marker_dag.py
[2022-12-22T23:58:01.252+0000] {processor.py:743} INFO - Processing file /home/airflow/.local/lib/python3.7/site-packages/airflow/example_dags/example_external_task_marker_dag.py for tasks to queue
[2022-12-22T23:58:01.253+0000] {logging_mixin.py:137} INFO - [2022-12-22T23:58:01.253+0000] {dagbag.py:538} INFO - Filling up the DagBag from /home/airflow/.local/lib/python3.7/site-packages/airflow/example_dags/example_external_task_marker_dag.py
[2022-12-22T23:58:01.265+0000] {processor.py:753} INFO - DAG(s) dict_keys(['example_external_task_marker_child', 'example_external_task_marker_parent']) retrieved from /home/airflow/.local/lib/python3.7/site-packages/airflow/example_dags/example_external_task_marker_dag.py
[2022-12-22T23:58:01.298+0000] {logging_mixin.py:137} INFO - [2022-12-22T23:58:01.298+0000] {dag.py:2676} INFO - Sync 2 DAGs
[2022-12-22T23:58:01.317+0000] {logging_mixin.py:137} INFO - [2022-12-22T23:58:01.317+0000] {dag.py:3427} INFO - Setting next_dagrun for example_external_task_marker_child to None, run_after=None
[2022-12-22T23:58:01.320+0000] {logging_mixin.py:137} INFO - [2022-12-22T23:58:01.320+0000] {dag.py:3427} INFO - Setting next_dagrun for example_external_task_marker_parent to None, run_after=None
[2022-12-22T23:58:01.331+0000] {processor.py:175} INFO - Processing /home/airflow/.local/lib/python3.7/site-packages/airflow/example_dags/example_external_task_marker_dag.py took 0.084 seconds
[2022-12-22T23:58:32.209+0000] {processor.py:153} INFO - Started process (PID=2475) to work on /home/airflow/.local/lib/python3.7/site-packages/airflow/example_dags/example_external_task_marker_dag.py
[2022-12-22T23:58:32.211+0000] {processor.py:743} INFO - Processing file /home/airflow/.local/lib/python3.7/site-packages/airflow/example_dags/example_external_task_marker_dag.py for tasks to queue
[2022-12-22T23:58:32.212+0000] {logging_mixin.py:137} INFO - [2022-12-22T23:58:32.212+0000] {dagbag.py:538} INFO - Filling up the DagBag from /home/airflow/.local/lib/python3.7/site-packages/airflow/example_dags/example_external_task_marker_dag.py
[2022-12-22T23:58:32.224+0000] {processor.py:753} INFO - DAG(s) dict_keys(['example_external_task_marker_parent', 'example_external_task_marker_child']) retrieved from /home/airflow/.local/lib/python3.7/site-packages/airflow/example_dags/example_external_task_marker_dag.py
[2022-12-22T23:58:32.259+0000] {logging_mixin.py:137} INFO - [2022-12-22T23:58:32.259+0000] {dag.py:2676} INFO - Sync 2 DAGs
[2022-12-22T23:58:32.278+0000] {logging_mixin.py:137} INFO - [2022-12-22T23:58:32.278+0000] {dag.py:3427} INFO - Setting next_dagrun for example_external_task_marker_child to None, run_after=None
[2022-12-22T23:58:32.281+0000] {logging_mixin.py:137} INFO - [2022-12-22T23:58:32.280+0000] {dag.py:3427} INFO - Setting next_dagrun for example_external_task_marker_parent to None, run_after=None
[2022-12-22T23:58:32.292+0000] {processor.py:175} INFO - Processing /home/airflow/.local/lib/python3.7/site-packages/airflow/example_dags/example_external_task_marker_dag.py took 0.086 seconds
[2022-12-22T23:59:03.248+0000] {processor.py:153} INFO - Started process (PID=2691) to work on /home/airflow/.local/lib/python3.7/site-packages/airflow/example_dags/example_external_task_marker_dag.py
[2022-12-22T23:59:03.250+0000] {processor.py:743} INFO - Processing file /home/airflow/.local/lib/python3.7/site-packages/airflow/example_dags/example_external_task_marker_dag.py for tasks to queue
[2022-12-22T23:59:03.251+0000] {logging_mixin.py:137} INFO - [2022-12-22T23:59:03.251+0000] {dagbag.py:538} INFO - Filling up the DagBag from /home/airflow/.local/lib/python3.7/site-packages/airflow/example_dags/example_external_task_marker_dag.py
[2022-12-22T23:59:03.264+0000] {processor.py:753} INFO - DAG(s) dict_keys(['example_external_task_marker_child', 'example_external_task_marker_parent']) retrieved from /home/airflow/.local/lib/python3.7/site-packages/airflow/example_dags/example_external_task_marker_dag.py
[2022-12-22T23:59:03.300+0000] {logging_mixin.py:137} INFO - [2022-12-22T23:59:03.300+0000] {dag.py:2676} INFO - Sync 2 DAGs
[2022-12-22T23:59:03.318+0000] {logging_mixin.py:137} INFO - [2022-12-22T23:59:03.318+0000] {dag.py:3427} INFO - Setting next_dagrun for example_external_task_marker_child to None, run_after=None
[2022-12-22T23:59:03.321+0000] {logging_mixin.py:137} INFO - [2022-12-22T23:59:03.321+0000] {dag.py:3427} INFO - Setting next_dagrun for example_external_task_marker_parent to None, run_after=None
[2022-12-22T23:59:03.334+0000] {processor.py:175} INFO - Processing /home/airflow/.local/lib/python3.7/site-packages/airflow/example_dags/example_external_task_marker_dag.py took 0.089 seconds
[2022-12-22T23:59:33.972+0000] {processor.py:153} INFO - Started process (PID=2916) to work on /home/airflow/.local/lib/python3.7/site-packages/airflow/example_dags/example_external_task_marker_dag.py
[2022-12-22T23:59:33.973+0000] {processor.py:743} INFO - Processing file /home/airflow/.local/lib/python3.7/site-packages/airflow/example_dags/example_external_task_marker_dag.py for tasks to queue
[2022-12-22T23:59:33.974+0000] {logging_mixin.py:137} INFO - [2022-12-22T23:59:33.974+0000] {dagbag.py:538} INFO - Filling up the DagBag from /home/airflow/.local/lib/python3.7/site-packages/airflow/example_dags/example_external_task_marker_dag.py
[2022-12-22T23:59:33.986+0000] {processor.py:753} INFO - DAG(s) dict_keys(['example_external_task_marker_child', 'example_external_task_marker_parent']) retrieved from /home/airflow/.local/lib/python3.7/site-packages/airflow/example_dags/example_external_task_marker_dag.py
[2022-12-22T23:59:34.021+0000] {logging_mixin.py:137} INFO - [2022-12-22T23:59:34.020+0000] {dag.py:2676} INFO - Sync 2 DAGs
[2022-12-22T23:59:34.040+0000] {logging_mixin.py:137} INFO - [2022-12-22T23:59:34.040+0000] {dag.py:3427} INFO - Setting next_dagrun for example_external_task_marker_child to None, run_after=None
[2022-12-22T23:59:34.043+0000] {logging_mixin.py:137} INFO - [2022-12-22T23:59:34.043+0000] {dag.py:3427} INFO - Setting next_dagrun for example_external_task_marker_parent to None, run_after=None
[2022-12-22T23:59:34.055+0000] {processor.py:175} INFO - Processing /home/airflow/.local/lib/python3.7/site-packages/airflow/example_dags/example_external_task_marker_dag.py took 0.086 seconds
