[2022-12-22T23:53:24.963+0000] {processor.py:153} INFO - Started process (PID=265) to work on /home/airflow/.local/lib/python3.7/site-packages/airflow/example_dags/example_complex.py
[2022-12-22T23:53:24.965+0000] {processor.py:743} INFO - Processing file /home/airflow/.local/lib/python3.7/site-packages/airflow/example_dags/example_complex.py for tasks to queue
[2022-12-22T23:53:24.966+0000] {logging_mixin.py:137} INFO - [2022-12-22T23:53:24.966+0000] {dagbag.py:538} INFO - Filling up the DagBag from /home/airflow/.local/lib/python3.7/site-packages/airflow/example_dags/example_complex.py
[2022-12-22T23:53:24.979+0000] {logging_mixin.py:137} INFO - [2022-12-22T23:53:24.979+0000] {taskmixin.py:205} WARNING - Dependency <Task(BashOperator): create_entry_group>, delete_entry_group already registered for DAG: example_complex
[2022-12-22T23:53:24.980+0000] {logging_mixin.py:137} INFO - [2022-12-22T23:53:24.980+0000] {taskmixin.py:205} WARNING - Dependency <Task(BashOperator): delete_entry_group>, create_entry_group already registered for DAG: example_complex
[2022-12-22T23:53:24.981+0000] {logging_mixin.py:137} INFO - [2022-12-22T23:53:24.980+0000] {taskmixin.py:205} WARNING - Dependency <Task(BashOperator): create_entry_gcs>, delete_entry already registered for DAG: example_complex
[2022-12-22T23:53:24.981+0000] {logging_mixin.py:137} INFO - [2022-12-22T23:53:24.981+0000] {taskmixin.py:205} WARNING - Dependency <Task(BashOperator): delete_entry>, create_entry_gcs already registered for DAG: example_complex
[2022-12-22T23:53:24.982+0000] {logging_mixin.py:137} INFO - [2022-12-22T23:53:24.982+0000] {taskmixin.py:205} WARNING - Dependency <Task(BashOperator): create_tag>, delete_tag already registered for DAG: example_complex
[2022-12-22T23:53:24.983+0000] {logging_mixin.py:137} INFO - [2022-12-22T23:53:24.983+0000] {taskmixin.py:205} WARNING - Dependency <Task(BashOperator): delete_tag>, create_tag already registered for DAG: example_complex
[2022-12-22T23:53:24.989+0000] {processor.py:753} INFO - DAG(s) dict_keys(['example_complex']) retrieved from /home/airflow/.local/lib/python3.7/site-packages/airflow/example_dags/example_complex.py
[2022-12-22T23:53:25.011+0000] {logging_mixin.py:137} INFO - [2022-12-22T23:53:25.011+0000] {dag.py:2676} INFO - Sync 1 DAGs
[2022-12-22T23:53:25.030+0000] {logging_mixin.py:137} INFO - [2022-12-22T23:53:25.030+0000] {dag.py:3427} INFO - Setting next_dagrun for example_complex to None, run_after=None
[2022-12-22T23:53:25.044+0000] {processor.py:175} INFO - Processing /home/airflow/.local/lib/python3.7/site-packages/airflow/example_dags/example_complex.py took 0.085 seconds
[2022-12-22T23:53:55.774+0000] {processor.py:153} INFO - Started process (PID=490) to work on /home/airflow/.local/lib/python3.7/site-packages/airflow/example_dags/example_complex.py
[2022-12-22T23:53:55.776+0000] {processor.py:743} INFO - Processing file /home/airflow/.local/lib/python3.7/site-packages/airflow/example_dags/example_complex.py for tasks to queue
[2022-12-22T23:53:55.777+0000] {logging_mixin.py:137} INFO - [2022-12-22T23:53:55.777+0000] {dagbag.py:538} INFO - Filling up the DagBag from /home/airflow/.local/lib/python3.7/site-packages/airflow/example_dags/example_complex.py
[2022-12-22T23:53:55.786+0000] {logging_mixin.py:137} INFO - [2022-12-22T23:53:55.786+0000] {taskmixin.py:205} WARNING - Dependency <Task(BashOperator): create_entry_group>, delete_entry_group already registered for DAG: example_complex
[2022-12-22T23:53:55.787+0000] {logging_mixin.py:137} INFO - [2022-12-22T23:53:55.787+0000] {taskmixin.py:205} WARNING - Dependency <Task(BashOperator): delete_entry_group>, create_entry_group already registered for DAG: example_complex
[2022-12-22T23:53:55.787+0000] {logging_mixin.py:137} INFO - [2022-12-22T23:53:55.787+0000] {taskmixin.py:205} WARNING - Dependency <Task(BashOperator): create_entry_gcs>, delete_entry already registered for DAG: example_complex
[2022-12-22T23:53:55.788+0000] {logging_mixin.py:137} INFO - [2022-12-22T23:53:55.788+0000] {taskmixin.py:205} WARNING - Dependency <Task(BashOperator): delete_entry>, create_entry_gcs already registered for DAG: example_complex
[2022-12-22T23:53:55.789+0000] {logging_mixin.py:137} INFO - [2022-12-22T23:53:55.789+0000] {taskmixin.py:205} WARNING - Dependency <Task(BashOperator): create_tag>, delete_tag already registered for DAG: example_complex
[2022-12-22T23:53:55.790+0000] {logging_mixin.py:137} INFO - [2022-12-22T23:53:55.790+0000] {taskmixin.py:205} WARNING - Dependency <Task(BashOperator): delete_tag>, create_tag already registered for DAG: example_complex
[2022-12-22T23:53:55.796+0000] {processor.py:753} INFO - DAG(s) dict_keys(['example_complex']) retrieved from /home/airflow/.local/lib/python3.7/site-packages/airflow/example_dags/example_complex.py
[2022-12-22T23:53:55.833+0000] {logging_mixin.py:137} INFO - [2022-12-22T23:53:55.833+0000] {dag.py:2676} INFO - Sync 1 DAGs
[2022-12-22T23:53:55.851+0000] {logging_mixin.py:137} INFO - [2022-12-22T23:53:55.851+0000] {dag.py:3427} INFO - Setting next_dagrun for example_complex to None, run_after=None
[2022-12-22T23:53:55.865+0000] {processor.py:175} INFO - Processing /home/airflow/.local/lib/python3.7/site-packages/airflow/example_dags/example_complex.py took 0.093 seconds
[2022-12-22T23:54:26.655+0000] {processor.py:153} INFO - Started process (PID=713) to work on /home/airflow/.local/lib/python3.7/site-packages/airflow/example_dags/example_complex.py
[2022-12-22T23:54:26.659+0000] {processor.py:743} INFO - Processing file /home/airflow/.local/lib/python3.7/site-packages/airflow/example_dags/example_complex.py for tasks to queue
[2022-12-22T23:54:26.663+0000] {logging_mixin.py:137} INFO - [2022-12-22T23:54:26.661+0000] {dagbag.py:538} INFO - Filling up the DagBag from /home/airflow/.local/lib/python3.7/site-packages/airflow/example_dags/example_complex.py
[2022-12-22T23:54:26.682+0000] {logging_mixin.py:137} INFO - [2022-12-22T23:54:26.682+0000] {taskmixin.py:205} WARNING - Dependency <Task(BashOperator): create_entry_group>, delete_entry_group already registered for DAG: example_complex
[2022-12-22T23:54:26.683+0000] {logging_mixin.py:137} INFO - [2022-12-22T23:54:26.683+0000] {taskmixin.py:205} WARNING - Dependency <Task(BashOperator): delete_entry_group>, create_entry_group already registered for DAG: example_complex
[2022-12-22T23:54:26.684+0000] {logging_mixin.py:137} INFO - [2022-12-22T23:54:26.684+0000] {taskmixin.py:205} WARNING - Dependency <Task(BashOperator): create_entry_gcs>, delete_entry already registered for DAG: example_complex
[2022-12-22T23:54:26.684+0000] {logging_mixin.py:137} INFO - [2022-12-22T23:54:26.684+0000] {taskmixin.py:205} WARNING - Dependency <Task(BashOperator): delete_entry>, create_entry_gcs already registered for DAG: example_complex
[2022-12-22T23:54:26.685+0000] {logging_mixin.py:137} INFO - [2022-12-22T23:54:26.685+0000] {taskmixin.py:205} WARNING - Dependency <Task(BashOperator): create_tag>, delete_tag already registered for DAG: example_complex
[2022-12-22T23:54:26.686+0000] {logging_mixin.py:137} INFO - [2022-12-22T23:54:26.686+0000] {taskmixin.py:205} WARNING - Dependency <Task(BashOperator): delete_tag>, create_tag already registered for DAG: example_complex
[2022-12-22T23:54:26.692+0000] {processor.py:753} INFO - DAG(s) dict_keys(['example_complex']) retrieved from /home/airflow/.local/lib/python3.7/site-packages/airflow/example_dags/example_complex.py
[2022-12-22T23:54:26.740+0000] {logging_mixin.py:137} INFO - [2022-12-22T23:54:26.740+0000] {dag.py:2676} INFO - Sync 1 DAGs
[2022-12-22T23:54:26.783+0000] {logging_mixin.py:137} INFO - [2022-12-22T23:54:26.783+0000] {dag.py:3427} INFO - Setting next_dagrun for example_complex to None, run_after=None
[2022-12-22T23:54:26.812+0000] {processor.py:175} INFO - Processing /home/airflow/.local/lib/python3.7/site-packages/airflow/example_dags/example_complex.py took 0.160 seconds
[2022-12-22T23:54:57.784+0000] {processor.py:153} INFO - Started process (PID=932) to work on /home/airflow/.local/lib/python3.7/site-packages/airflow/example_dags/example_complex.py
[2022-12-22T23:54:57.786+0000] {processor.py:743} INFO - Processing file /home/airflow/.local/lib/python3.7/site-packages/airflow/example_dags/example_complex.py for tasks to queue
[2022-12-22T23:54:57.787+0000] {logging_mixin.py:137} INFO - [2022-12-22T23:54:57.787+0000] {dagbag.py:538} INFO - Filling up the DagBag from /home/airflow/.local/lib/python3.7/site-packages/airflow/example_dags/example_complex.py
[2022-12-22T23:54:57.796+0000] {logging_mixin.py:137} INFO - [2022-12-22T23:54:57.796+0000] {taskmixin.py:205} WARNING - Dependency <Task(BashOperator): create_entry_group>, delete_entry_group already registered for DAG: example_complex
[2022-12-22T23:54:57.797+0000] {logging_mixin.py:137} INFO - [2022-12-22T23:54:57.797+0000] {taskmixin.py:205} WARNING - Dependency <Task(BashOperator): delete_entry_group>, create_entry_group already registered for DAG: example_complex
[2022-12-22T23:54:57.798+0000] {logging_mixin.py:137} INFO - [2022-12-22T23:54:57.797+0000] {taskmixin.py:205} WARNING - Dependency <Task(BashOperator): create_entry_gcs>, delete_entry already registered for DAG: example_complex
[2022-12-22T23:54:57.798+0000] {logging_mixin.py:137} INFO - [2022-12-22T23:54:57.798+0000] {taskmixin.py:205} WARNING - Dependency <Task(BashOperator): delete_entry>, create_entry_gcs already registered for DAG: example_complex
[2022-12-22T23:54:57.799+0000] {logging_mixin.py:137} INFO - [2022-12-22T23:54:57.799+0000] {taskmixin.py:205} WARNING - Dependency <Task(BashOperator): create_tag>, delete_tag already registered for DAG: example_complex
[2022-12-22T23:54:57.799+0000] {logging_mixin.py:137} INFO - [2022-12-22T23:54:57.799+0000] {taskmixin.py:205} WARNING - Dependency <Task(BashOperator): delete_tag>, create_tag already registered for DAG: example_complex
[2022-12-22T23:54:57.805+0000] {processor.py:753} INFO - DAG(s) dict_keys(['example_complex']) retrieved from /home/airflow/.local/lib/python3.7/site-packages/airflow/example_dags/example_complex.py
[2022-12-22T23:54:57.841+0000] {logging_mixin.py:137} INFO - [2022-12-22T23:54:57.841+0000] {dag.py:2676} INFO - Sync 1 DAGs
[2022-12-22T23:54:57.859+0000] {logging_mixin.py:137} INFO - [2022-12-22T23:54:57.858+0000] {dag.py:3427} INFO - Setting next_dagrun for example_complex to None, run_after=None
[2022-12-22T23:54:57.871+0000] {processor.py:175} INFO - Processing /home/airflow/.local/lib/python3.7/site-packages/airflow/example_dags/example_complex.py took 0.090 seconds
[2022-12-22T23:55:28.541+0000] {processor.py:153} INFO - Started process (PID=1158) to work on /home/airflow/.local/lib/python3.7/site-packages/airflow/example_dags/example_complex.py
[2022-12-22T23:55:28.543+0000] {processor.py:743} INFO - Processing file /home/airflow/.local/lib/python3.7/site-packages/airflow/example_dags/example_complex.py for tasks to queue
[2022-12-22T23:55:28.544+0000] {logging_mixin.py:137} INFO - [2022-12-22T23:55:28.544+0000] {dagbag.py:538} INFO - Filling up the DagBag from /home/airflow/.local/lib/python3.7/site-packages/airflow/example_dags/example_complex.py
[2022-12-22T23:55:28.554+0000] {logging_mixin.py:137} INFO - [2022-12-22T23:55:28.553+0000] {taskmixin.py:205} WARNING - Dependency <Task(BashOperator): create_entry_group>, delete_entry_group already registered for DAG: example_complex
[2022-12-22T23:55:28.554+0000] {logging_mixin.py:137} INFO - [2022-12-22T23:55:28.554+0000] {taskmixin.py:205} WARNING - Dependency <Task(BashOperator): delete_entry_group>, create_entry_group already registered for DAG: example_complex
[2022-12-22T23:55:28.555+0000] {logging_mixin.py:137} INFO - [2022-12-22T23:55:28.555+0000] {taskmixin.py:205} WARNING - Dependency <Task(BashOperator): create_entry_gcs>, delete_entry already registered for DAG: example_complex
[2022-12-22T23:55:28.556+0000] {logging_mixin.py:137} INFO - [2022-12-22T23:55:28.556+0000] {taskmixin.py:205} WARNING - Dependency <Task(BashOperator): delete_entry>, create_entry_gcs already registered for DAG: example_complex
[2022-12-22T23:55:28.556+0000] {logging_mixin.py:137} INFO - [2022-12-22T23:55:28.556+0000] {taskmixin.py:205} WARNING - Dependency <Task(BashOperator): create_tag>, delete_tag already registered for DAG: example_complex
[2022-12-22T23:55:28.558+0000] {logging_mixin.py:137} INFO - [2022-12-22T23:55:28.557+0000] {taskmixin.py:205} WARNING - Dependency <Task(BashOperator): delete_tag>, create_tag already registered for DAG: example_complex
[2022-12-22T23:55:28.564+0000] {processor.py:753} INFO - DAG(s) dict_keys(['example_complex']) retrieved from /home/airflow/.local/lib/python3.7/site-packages/airflow/example_dags/example_complex.py
[2022-12-22T23:55:28.602+0000] {logging_mixin.py:137} INFO - [2022-12-22T23:55:28.602+0000] {dag.py:2676} INFO - Sync 1 DAGs
[2022-12-22T23:55:28.620+0000] {logging_mixin.py:137} INFO - [2022-12-22T23:55:28.620+0000] {dag.py:3427} INFO - Setting next_dagrun for example_complex to None, run_after=None
[2022-12-22T23:55:28.633+0000] {processor.py:175} INFO - Processing /home/airflow/.local/lib/python3.7/site-packages/airflow/example_dags/example_complex.py took 0.094 seconds
[2022-12-22T23:55:59.312+0000] {processor.py:153} INFO - Started process (PID=1379) to work on /home/airflow/.local/lib/python3.7/site-packages/airflow/example_dags/example_complex.py
[2022-12-22T23:55:59.314+0000] {processor.py:743} INFO - Processing file /home/airflow/.local/lib/python3.7/site-packages/airflow/example_dags/example_complex.py for tasks to queue
[2022-12-22T23:55:59.315+0000] {logging_mixin.py:137} INFO - [2022-12-22T23:55:59.315+0000] {dagbag.py:538} INFO - Filling up the DagBag from /home/airflow/.local/lib/python3.7/site-packages/airflow/example_dags/example_complex.py
[2022-12-22T23:55:59.324+0000] {logging_mixin.py:137} INFO - [2022-12-22T23:55:59.324+0000] {taskmixin.py:205} WARNING - Dependency <Task(BashOperator): create_entry_group>, delete_entry_group already registered for DAG: example_complex
[2022-12-22T23:55:59.325+0000] {logging_mixin.py:137} INFO - [2022-12-22T23:55:59.325+0000] {taskmixin.py:205} WARNING - Dependency <Task(BashOperator): delete_entry_group>, create_entry_group already registered for DAG: example_complex
[2022-12-22T23:55:59.326+0000] {logging_mixin.py:137} INFO - [2022-12-22T23:55:59.326+0000] {taskmixin.py:205} WARNING - Dependency <Task(BashOperator): create_entry_gcs>, delete_entry already registered for DAG: example_complex
[2022-12-22T23:55:59.327+0000] {logging_mixin.py:137} INFO - [2022-12-22T23:55:59.326+0000] {taskmixin.py:205} WARNING - Dependency <Task(BashOperator): delete_entry>, create_entry_gcs already registered for DAG: example_complex
[2022-12-22T23:55:59.328+0000] {logging_mixin.py:137} INFO - [2022-12-22T23:55:59.328+0000] {taskmixin.py:205} WARNING - Dependency <Task(BashOperator): create_tag>, delete_tag already registered for DAG: example_complex
[2022-12-22T23:55:59.329+0000] {logging_mixin.py:137} INFO - [2022-12-22T23:55:59.328+0000] {taskmixin.py:205} WARNING - Dependency <Task(BashOperator): delete_tag>, create_tag already registered for DAG: example_complex
[2022-12-22T23:55:59.336+0000] {processor.py:753} INFO - DAG(s) dict_keys(['example_complex']) retrieved from /home/airflow/.local/lib/python3.7/site-packages/airflow/example_dags/example_complex.py
[2022-12-22T23:55:59.382+0000] {logging_mixin.py:137} INFO - [2022-12-22T23:55:59.382+0000] {dag.py:2676} INFO - Sync 1 DAGs
[2022-12-22T23:55:59.402+0000] {logging_mixin.py:137} INFO - [2022-12-22T23:55:59.402+0000] {dag.py:3427} INFO - Setting next_dagrun for example_complex to None, run_after=None
[2022-12-22T23:55:59.418+0000] {processor.py:175} INFO - Processing /home/airflow/.local/lib/python3.7/site-packages/airflow/example_dags/example_complex.py took 0.109 seconds
[2022-12-22T23:56:30.369+0000] {processor.py:153} INFO - Started process (PID=1598) to work on /home/airflow/.local/lib/python3.7/site-packages/airflow/example_dags/example_complex.py
[2022-12-22T23:56:30.371+0000] {processor.py:743} INFO - Processing file /home/airflow/.local/lib/python3.7/site-packages/airflow/example_dags/example_complex.py for tasks to queue
[2022-12-22T23:56:30.372+0000] {logging_mixin.py:137} INFO - [2022-12-22T23:56:30.372+0000] {dagbag.py:538} INFO - Filling up the DagBag from /home/airflow/.local/lib/python3.7/site-packages/airflow/example_dags/example_complex.py
[2022-12-22T23:56:30.382+0000] {logging_mixin.py:137} INFO - [2022-12-22T23:56:30.382+0000] {taskmixin.py:205} WARNING - Dependency <Task(BashOperator): create_entry_group>, delete_entry_group already registered for DAG: example_complex
[2022-12-22T23:56:30.382+0000] {logging_mixin.py:137} INFO - [2022-12-22T23:56:30.382+0000] {taskmixin.py:205} WARNING - Dependency <Task(BashOperator): delete_entry_group>, create_entry_group already registered for DAG: example_complex
[2022-12-22T23:56:30.383+0000] {logging_mixin.py:137} INFO - [2022-12-22T23:56:30.383+0000] {taskmixin.py:205} WARNING - Dependency <Task(BashOperator): create_entry_gcs>, delete_entry already registered for DAG: example_complex
[2022-12-22T23:56:30.384+0000] {logging_mixin.py:137} INFO - [2022-12-22T23:56:30.383+0000] {taskmixin.py:205} WARNING - Dependency <Task(BashOperator): delete_entry>, create_entry_gcs already registered for DAG: example_complex
[2022-12-22T23:56:30.384+0000] {logging_mixin.py:137} INFO - [2022-12-22T23:56:30.384+0000] {taskmixin.py:205} WARNING - Dependency <Task(BashOperator): create_tag>, delete_tag already registered for DAG: example_complex
[2022-12-22T23:56:30.385+0000] {logging_mixin.py:137} INFO - [2022-12-22T23:56:30.385+0000] {taskmixin.py:205} WARNING - Dependency <Task(BashOperator): delete_tag>, create_tag already registered for DAG: example_complex
[2022-12-22T23:56:30.391+0000] {processor.py:753} INFO - DAG(s) dict_keys(['example_complex']) retrieved from /home/airflow/.local/lib/python3.7/site-packages/airflow/example_dags/example_complex.py
[2022-12-22T23:56:30.431+0000] {logging_mixin.py:137} INFO - [2022-12-22T23:56:30.431+0000] {dag.py:2676} INFO - Sync 1 DAGs
[2022-12-22T23:56:30.451+0000] {logging_mixin.py:137} INFO - [2022-12-22T23:56:30.450+0000] {dag.py:3427} INFO - Setting next_dagrun for example_complex to None, run_after=None
[2022-12-22T23:56:30.465+0000] {processor.py:175} INFO - Processing /home/airflow/.local/lib/python3.7/site-packages/airflow/example_dags/example_complex.py took 0.099 seconds
[2022-12-22T23:57:01.149+0000] {processor.py:153} INFO - Started process (PID=1825) to work on /home/airflow/.local/lib/python3.7/site-packages/airflow/example_dags/example_complex.py
[2022-12-22T23:57:01.151+0000] {processor.py:743} INFO - Processing file /home/airflow/.local/lib/python3.7/site-packages/airflow/example_dags/example_complex.py for tasks to queue
[2022-12-22T23:57:01.152+0000] {logging_mixin.py:137} INFO - [2022-12-22T23:57:01.152+0000] {dagbag.py:538} INFO - Filling up the DagBag from /home/airflow/.local/lib/python3.7/site-packages/airflow/example_dags/example_complex.py
[2022-12-22T23:57:01.161+0000] {logging_mixin.py:137} INFO - [2022-12-22T23:57:01.161+0000] {taskmixin.py:205} WARNING - Dependency <Task(BashOperator): create_entry_group>, delete_entry_group already registered for DAG: example_complex
[2022-12-22T23:57:01.161+0000] {logging_mixin.py:137} INFO - [2022-12-22T23:57:01.161+0000] {taskmixin.py:205} WARNING - Dependency <Task(BashOperator): delete_entry_group>, create_entry_group already registered for DAG: example_complex
[2022-12-22T23:57:01.162+0000] {logging_mixin.py:137} INFO - [2022-12-22T23:57:01.162+0000] {taskmixin.py:205} WARNING - Dependency <Task(BashOperator): create_entry_gcs>, delete_entry already registered for DAG: example_complex
[2022-12-22T23:57:01.162+0000] {logging_mixin.py:137} INFO - [2022-12-22T23:57:01.162+0000] {taskmixin.py:205} WARNING - Dependency <Task(BashOperator): delete_entry>, create_entry_gcs already registered for DAG: example_complex
[2022-12-22T23:57:01.163+0000] {logging_mixin.py:137} INFO - [2022-12-22T23:57:01.163+0000] {taskmixin.py:205} WARNING - Dependency <Task(BashOperator): create_tag>, delete_tag already registered for DAG: example_complex
[2022-12-22T23:57:01.164+0000] {logging_mixin.py:137} INFO - [2022-12-22T23:57:01.164+0000] {taskmixin.py:205} WARNING - Dependency <Task(BashOperator): delete_tag>, create_tag already registered for DAG: example_complex
[2022-12-22T23:57:01.171+0000] {processor.py:753} INFO - DAG(s) dict_keys(['example_complex']) retrieved from /home/airflow/.local/lib/python3.7/site-packages/airflow/example_dags/example_complex.py
[2022-12-22T23:57:01.207+0000] {logging_mixin.py:137} INFO - [2022-12-22T23:57:01.207+0000] {dag.py:2676} INFO - Sync 1 DAGs
[2022-12-22T23:57:01.225+0000] {logging_mixin.py:137} INFO - [2022-12-22T23:57:01.225+0000] {dag.py:3427} INFO - Setting next_dagrun for example_complex to None, run_after=None
[2022-12-22T23:57:01.238+0000] {processor.py:175} INFO - Processing /home/airflow/.local/lib/python3.7/site-packages/airflow/example_dags/example_complex.py took 0.092 seconds
[2022-12-22T23:57:31.729+0000] {processor.py:153} INFO - Started process (PID=2039) to work on /home/airflow/.local/lib/python3.7/site-packages/airflow/example_dags/example_complex.py
[2022-12-22T23:57:31.731+0000] {processor.py:743} INFO - Processing file /home/airflow/.local/lib/python3.7/site-packages/airflow/example_dags/example_complex.py for tasks to queue
[2022-12-22T23:57:31.732+0000] {logging_mixin.py:137} INFO - [2022-12-22T23:57:31.731+0000] {dagbag.py:538} INFO - Filling up the DagBag from /home/airflow/.local/lib/python3.7/site-packages/airflow/example_dags/example_complex.py
[2022-12-22T23:57:31.742+0000] {logging_mixin.py:137} INFO - [2022-12-22T23:57:31.741+0000] {taskmixin.py:205} WARNING - Dependency <Task(BashOperator): create_entry_group>, delete_entry_group already registered for DAG: example_complex
[2022-12-22T23:57:31.742+0000] {logging_mixin.py:137} INFO - [2022-12-22T23:57:31.742+0000] {taskmixin.py:205} WARNING - Dependency <Task(BashOperator): delete_entry_group>, create_entry_group already registered for DAG: example_complex
[2022-12-22T23:57:31.743+0000] {logging_mixin.py:137} INFO - [2022-12-22T23:57:31.743+0000] {taskmixin.py:205} WARNING - Dependency <Task(BashOperator): create_entry_gcs>, delete_entry already registered for DAG: example_complex
[2022-12-22T23:57:31.743+0000] {logging_mixin.py:137} INFO - [2022-12-22T23:57:31.743+0000] {taskmixin.py:205} WARNING - Dependency <Task(BashOperator): delete_entry>, create_entry_gcs already registered for DAG: example_complex
[2022-12-22T23:57:31.744+0000] {logging_mixin.py:137} INFO - [2022-12-22T23:57:31.744+0000] {taskmixin.py:205} WARNING - Dependency <Task(BashOperator): create_tag>, delete_tag already registered for DAG: example_complex
[2022-12-22T23:57:31.745+0000] {logging_mixin.py:137} INFO - [2022-12-22T23:57:31.745+0000] {taskmixin.py:205} WARNING - Dependency <Task(BashOperator): delete_tag>, create_tag already registered for DAG: example_complex
[2022-12-22T23:57:31.751+0000] {processor.py:753} INFO - DAG(s) dict_keys(['example_complex']) retrieved from /home/airflow/.local/lib/python3.7/site-packages/airflow/example_dags/example_complex.py
[2022-12-22T23:57:31.788+0000] {logging_mixin.py:137} INFO - [2022-12-22T23:57:31.788+0000] {dag.py:2676} INFO - Sync 1 DAGs
[2022-12-22T23:57:31.809+0000] {logging_mixin.py:137} INFO - [2022-12-22T23:57:31.809+0000] {dag.py:3427} INFO - Setting next_dagrun for example_complex to None, run_after=None
[2022-12-22T23:57:31.825+0000] {processor.py:175} INFO - Processing /home/airflow/.local/lib/python3.7/site-packages/airflow/example_dags/example_complex.py took 0.098 seconds
[2022-12-22T23:58:02.423+0000] {processor.py:153} INFO - Started process (PID=2265) to work on /home/airflow/.local/lib/python3.7/site-packages/airflow/example_dags/example_complex.py
[2022-12-22T23:58:02.425+0000] {processor.py:743} INFO - Processing file /home/airflow/.local/lib/python3.7/site-packages/airflow/example_dags/example_complex.py for tasks to queue
[2022-12-22T23:58:02.426+0000] {logging_mixin.py:137} INFO - [2022-12-22T23:58:02.426+0000] {dagbag.py:538} INFO - Filling up the DagBag from /home/airflow/.local/lib/python3.7/site-packages/airflow/example_dags/example_complex.py
[2022-12-22T23:58:02.435+0000] {logging_mixin.py:137} INFO - [2022-12-22T23:58:02.435+0000] {taskmixin.py:205} WARNING - Dependency <Task(BashOperator): create_entry_group>, delete_entry_group already registered for DAG: example_complex
[2022-12-22T23:58:02.436+0000] {logging_mixin.py:137} INFO - [2022-12-22T23:58:02.436+0000] {taskmixin.py:205} WARNING - Dependency <Task(BashOperator): delete_entry_group>, create_entry_group already registered for DAG: example_complex
[2022-12-22T23:58:02.436+0000] {logging_mixin.py:137} INFO - [2022-12-22T23:58:02.436+0000] {taskmixin.py:205} WARNING - Dependency <Task(BashOperator): create_entry_gcs>, delete_entry already registered for DAG: example_complex
[2022-12-22T23:58:02.437+0000] {logging_mixin.py:137} INFO - [2022-12-22T23:58:02.437+0000] {taskmixin.py:205} WARNING - Dependency <Task(BashOperator): delete_entry>, create_entry_gcs already registered for DAG: example_complex
[2022-12-22T23:58:02.438+0000] {logging_mixin.py:137} INFO - [2022-12-22T23:58:02.438+0000] {taskmixin.py:205} WARNING - Dependency <Task(BashOperator): create_tag>, delete_tag already registered for DAG: example_complex
[2022-12-22T23:58:02.438+0000] {logging_mixin.py:137} INFO - [2022-12-22T23:58:02.438+0000] {taskmixin.py:205} WARNING - Dependency <Task(BashOperator): delete_tag>, create_tag already registered for DAG: example_complex
[2022-12-22T23:58:02.445+0000] {processor.py:753} INFO - DAG(s) dict_keys(['example_complex']) retrieved from /home/airflow/.local/lib/python3.7/site-packages/airflow/example_dags/example_complex.py
[2022-12-22T23:58:02.481+0000] {logging_mixin.py:137} INFO - [2022-12-22T23:58:02.481+0000] {dag.py:2676} INFO - Sync 1 DAGs
[2022-12-22T23:58:02.500+0000] {logging_mixin.py:137} INFO - [2022-12-22T23:58:02.500+0000] {dag.py:3427} INFO - Setting next_dagrun for example_complex to None, run_after=None
[2022-12-22T23:58:02.513+0000] {processor.py:175} INFO - Processing /home/airflow/.local/lib/python3.7/site-packages/airflow/example_dags/example_complex.py took 0.093 seconds
[2022-12-22T23:58:33.412+0000] {processor.py:153} INFO - Started process (PID=2492) to work on /home/airflow/.local/lib/python3.7/site-packages/airflow/example_dags/example_complex.py
[2022-12-22T23:58:33.414+0000] {processor.py:743} INFO - Processing file /home/airflow/.local/lib/python3.7/site-packages/airflow/example_dags/example_complex.py for tasks to queue
[2022-12-22T23:58:33.415+0000] {logging_mixin.py:137} INFO - [2022-12-22T23:58:33.415+0000] {dagbag.py:538} INFO - Filling up the DagBag from /home/airflow/.local/lib/python3.7/site-packages/airflow/example_dags/example_complex.py
[2022-12-22T23:58:33.424+0000] {logging_mixin.py:137} INFO - [2022-12-22T23:58:33.424+0000] {taskmixin.py:205} WARNING - Dependency <Task(BashOperator): create_entry_group>, delete_entry_group already registered for DAG: example_complex
[2022-12-22T23:58:33.425+0000] {logging_mixin.py:137} INFO - [2022-12-22T23:58:33.425+0000] {taskmixin.py:205} WARNING - Dependency <Task(BashOperator): delete_entry_group>, create_entry_group already registered for DAG: example_complex
[2022-12-22T23:58:33.426+0000] {logging_mixin.py:137} INFO - [2022-12-22T23:58:33.426+0000] {taskmixin.py:205} WARNING - Dependency <Task(BashOperator): create_entry_gcs>, delete_entry already registered for DAG: example_complex
[2022-12-22T23:58:33.426+0000] {logging_mixin.py:137} INFO - [2022-12-22T23:58:33.426+0000] {taskmixin.py:205} WARNING - Dependency <Task(BashOperator): delete_entry>, create_entry_gcs already registered for DAG: example_complex
[2022-12-22T23:58:33.427+0000] {logging_mixin.py:137} INFO - [2022-12-22T23:58:33.427+0000] {taskmixin.py:205} WARNING - Dependency <Task(BashOperator): create_tag>, delete_tag already registered for DAG: example_complex
[2022-12-22T23:58:33.427+0000] {logging_mixin.py:137} INFO - [2022-12-22T23:58:33.427+0000] {taskmixin.py:205} WARNING - Dependency <Task(BashOperator): delete_tag>, create_tag already registered for DAG: example_complex
[2022-12-22T23:58:33.434+0000] {processor.py:753} INFO - DAG(s) dict_keys(['example_complex']) retrieved from /home/airflow/.local/lib/python3.7/site-packages/airflow/example_dags/example_complex.py
[2022-12-22T23:58:33.470+0000] {logging_mixin.py:137} INFO - [2022-12-22T23:58:33.470+0000] {dag.py:2676} INFO - Sync 1 DAGs
[2022-12-22T23:58:33.489+0000] {logging_mixin.py:137} INFO - [2022-12-22T23:58:33.489+0000] {dag.py:3427} INFO - Setting next_dagrun for example_complex to None, run_after=None
[2022-12-22T23:58:33.502+0000] {processor.py:175} INFO - Processing /home/airflow/.local/lib/python3.7/site-packages/airflow/example_dags/example_complex.py took 0.092 seconds
[2022-12-22T23:59:04.396+0000] {processor.py:153} INFO - Started process (PID=2706) to work on /home/airflow/.local/lib/python3.7/site-packages/airflow/example_dags/example_complex.py
[2022-12-22T23:59:04.397+0000] {processor.py:743} INFO - Processing file /home/airflow/.local/lib/python3.7/site-packages/airflow/example_dags/example_complex.py for tasks to queue
[2022-12-22T23:59:04.398+0000] {logging_mixin.py:137} INFO - [2022-12-22T23:59:04.398+0000] {dagbag.py:538} INFO - Filling up the DagBag from /home/airflow/.local/lib/python3.7/site-packages/airflow/example_dags/example_complex.py
[2022-12-22T23:59:04.407+0000] {logging_mixin.py:137} INFO - [2022-12-22T23:59:04.407+0000] {taskmixin.py:205} WARNING - Dependency <Task(BashOperator): create_entry_group>, delete_entry_group already registered for DAG: example_complex
[2022-12-22T23:59:04.408+0000] {logging_mixin.py:137} INFO - [2022-12-22T23:59:04.408+0000] {taskmixin.py:205} WARNING - Dependency <Task(BashOperator): delete_entry_group>, create_entry_group already registered for DAG: example_complex
[2022-12-22T23:59:04.408+0000] {logging_mixin.py:137} INFO - [2022-12-22T23:59:04.408+0000] {taskmixin.py:205} WARNING - Dependency <Task(BashOperator): create_entry_gcs>, delete_entry already registered for DAG: example_complex
[2022-12-22T23:59:04.409+0000] {logging_mixin.py:137} INFO - [2022-12-22T23:59:04.409+0000] {taskmixin.py:205} WARNING - Dependency <Task(BashOperator): delete_entry>, create_entry_gcs already registered for DAG: example_complex
[2022-12-22T23:59:04.410+0000] {logging_mixin.py:137} INFO - [2022-12-22T23:59:04.410+0000] {taskmixin.py:205} WARNING - Dependency <Task(BashOperator): create_tag>, delete_tag already registered for DAG: example_complex
[2022-12-22T23:59:04.410+0000] {logging_mixin.py:137} INFO - [2022-12-22T23:59:04.410+0000] {taskmixin.py:205} WARNING - Dependency <Task(BashOperator): delete_tag>, create_tag already registered for DAG: example_complex
[2022-12-22T23:59:04.417+0000] {processor.py:753} INFO - DAG(s) dict_keys(['example_complex']) retrieved from /home/airflow/.local/lib/python3.7/site-packages/airflow/example_dags/example_complex.py
[2022-12-22T23:59:04.450+0000] {logging_mixin.py:137} INFO - [2022-12-22T23:59:04.450+0000] {dag.py:2676} INFO - Sync 1 DAGs
[2022-12-22T23:59:04.467+0000] {logging_mixin.py:137} INFO - [2022-12-22T23:59:04.467+0000] {dag.py:3427} INFO - Setting next_dagrun for example_complex to None, run_after=None
[2022-12-22T23:59:04.480+0000] {processor.py:175} INFO - Processing /home/airflow/.local/lib/python3.7/site-packages/airflow/example_dags/example_complex.py took 0.086 seconds
[2022-12-22T23:59:35.211+0000] {processor.py:153} INFO - Started process (PID=2933) to work on /home/airflow/.local/lib/python3.7/site-packages/airflow/example_dags/example_complex.py
[2022-12-22T23:59:35.212+0000] {processor.py:743} INFO - Processing file /home/airflow/.local/lib/python3.7/site-packages/airflow/example_dags/example_complex.py for tasks to queue
[2022-12-22T23:59:35.213+0000] {logging_mixin.py:137} INFO - [2022-12-22T23:59:35.213+0000] {dagbag.py:538} INFO - Filling up the DagBag from /home/airflow/.local/lib/python3.7/site-packages/airflow/example_dags/example_complex.py
[2022-12-22T23:59:35.223+0000] {logging_mixin.py:137} INFO - [2022-12-22T23:59:35.223+0000] {taskmixin.py:205} WARNING - Dependency <Task(BashOperator): create_entry_group>, delete_entry_group already registered for DAG: example_complex
[2022-12-22T23:59:35.223+0000] {logging_mixin.py:137} INFO - [2022-12-22T23:59:35.223+0000] {taskmixin.py:205} WARNING - Dependency <Task(BashOperator): delete_entry_group>, create_entry_group already registered for DAG: example_complex
[2022-12-22T23:59:35.225+0000] {logging_mixin.py:137} INFO - [2022-12-22T23:59:35.225+0000] {taskmixin.py:205} WARNING - Dependency <Task(BashOperator): create_entry_gcs>, delete_entry already registered for DAG: example_complex
[2022-12-22T23:59:35.225+0000] {logging_mixin.py:137} INFO - [2022-12-22T23:59:35.225+0000] {taskmixin.py:205} WARNING - Dependency <Task(BashOperator): delete_entry>, create_entry_gcs already registered for DAG: example_complex
[2022-12-22T23:59:35.226+0000] {logging_mixin.py:137} INFO - [2022-12-22T23:59:35.226+0000] {taskmixin.py:205} WARNING - Dependency <Task(BashOperator): create_tag>, delete_tag already registered for DAG: example_complex
[2022-12-22T23:59:35.227+0000] {logging_mixin.py:137} INFO - [2022-12-22T23:59:35.227+0000] {taskmixin.py:205} WARNING - Dependency <Task(BashOperator): delete_tag>, create_tag already registered for DAG: example_complex
[2022-12-22T23:59:35.233+0000] {processor.py:753} INFO - DAG(s) dict_keys(['example_complex']) retrieved from /home/airflow/.local/lib/python3.7/site-packages/airflow/example_dags/example_complex.py
[2022-12-22T23:59:35.270+0000] {logging_mixin.py:137} INFO - [2022-12-22T23:59:35.270+0000] {dag.py:2676} INFO - Sync 1 DAGs
[2022-12-22T23:59:35.289+0000] {logging_mixin.py:137} INFO - [2022-12-22T23:59:35.289+0000] {dag.py:3427} INFO - Setting next_dagrun for example_complex to None, run_after=None
[2022-12-22T23:59:35.302+0000] {processor.py:175} INFO - Processing /home/airflow/.local/lib/python3.7/site-packages/airflow/example_dags/example_complex.py took 0.094 seconds
