[2022-12-22T23:53:24.556+0000] {processor.py:153} INFO - Started process (PID=237) to work on /home/airflow/.local/lib/python3.7/site-packages/airflow/example_dags/example_datasets.py
[2022-12-22T23:53:24.557+0000] {processor.py:743} INFO - Processing file /home/airflow/.local/lib/python3.7/site-packages/airflow/example_dags/example_datasets.py for tasks to queue
[2022-12-22T23:53:24.558+0000] {logging_mixin.py:137} INFO - [2022-12-22T23:53:24.558+0000] {dagbag.py:538} INFO - Filling up the DagBag from /home/airflow/.local/lib/python3.7/site-packages/airflow/example_dags/example_datasets.py
[2022-12-22T23:53:24.575+0000] {processor.py:753} INFO - DAG(s) dict_keys(['dataset_consumes_1_and_2', 'dataset_consumes_1_never_scheduled', 'dataset_produces_2', 'dataset_consumes_1', 'dataset_produces_1', 'dataset_consumes_unknown_never_scheduled']) retrieved from /home/airflow/.local/lib/python3.7/site-packages/airflow/example_dags/example_datasets.py
[2022-12-22T23:53:24.601+0000] {logging_mixin.py:137} INFO - [2022-12-22T23:53:24.601+0000] {dag.py:2676} INFO - Sync 6 DAGs
[2022-12-22T23:53:24.621+0000] {logging_mixin.py:137} INFO - [2022-12-22T23:53:24.621+0000] {dag.py:3427} INFO - Setting next_dagrun for dataset_consumes_1 to None, run_after=None
[2022-12-22T23:53:24.624+0000] {logging_mixin.py:137} INFO - [2022-12-22T23:53:24.624+0000] {dag.py:3427} INFO - Setting next_dagrun for dataset_consumes_1_and_2 to None, run_after=None
[2022-12-22T23:53:24.626+0000] {logging_mixin.py:137} INFO - [2022-12-22T23:53:24.626+0000] {dag.py:3427} INFO - Setting next_dagrun for dataset_consumes_1_never_scheduled to None, run_after=None
[2022-12-22T23:53:24.627+0000] {logging_mixin.py:137} INFO - [2022-12-22T23:53:24.627+0000] {dag.py:3427} INFO - Setting next_dagrun for dataset_consumes_unknown_never_scheduled to None, run_after=None
[2022-12-22T23:53:24.629+0000] {logging_mixin.py:137} INFO - [2022-12-22T23:53:24.629+0000] {dag.py:3427} INFO - Setting next_dagrun for dataset_produces_1 to 2022-12-21T00:00:00+00:00, run_after=2022-12-22T00:00:00+00:00
[2022-12-22T23:53:24.631+0000] {logging_mixin.py:137} INFO - [2022-12-22T23:53:24.631+0000] {dag.py:3427} INFO - Setting next_dagrun for dataset_produces_2 to None, run_after=None
[2022-12-22T23:53:24.660+0000] {processor.py:175} INFO - Processing /home/airflow/.local/lib/python3.7/site-packages/airflow/example_dags/example_datasets.py took 0.107 seconds
[2022-12-22T23:53:55.360+0000] {processor.py:153} INFO - Started process (PID=459) to work on /home/airflow/.local/lib/python3.7/site-packages/airflow/example_dags/example_datasets.py
[2022-12-22T23:53:55.362+0000] {processor.py:743} INFO - Processing file /home/airflow/.local/lib/python3.7/site-packages/airflow/example_dags/example_datasets.py for tasks to queue
[2022-12-22T23:53:55.362+0000] {logging_mixin.py:137} INFO - [2022-12-22T23:53:55.362+0000] {dagbag.py:538} INFO - Filling up the DagBag from /home/airflow/.local/lib/python3.7/site-packages/airflow/example_dags/example_datasets.py
[2022-12-22T23:53:55.375+0000] {processor.py:753} INFO - DAG(s) dict_keys(['dataset_consumes_unknown_never_scheduled', 'dataset_consumes_1_and_2', 'dataset_consumes_1_never_scheduled', 'dataset_produces_1', 'dataset_produces_2', 'dataset_consumes_1']) retrieved from /home/airflow/.local/lib/python3.7/site-packages/airflow/example_dags/example_datasets.py
[2022-12-22T23:53:55.458+0000] {logging_mixin.py:137} INFO - [2022-12-22T23:53:55.458+0000] {dag.py:2676} INFO - Sync 6 DAGs
[2022-12-22T23:53:55.477+0000] {logging_mixin.py:137} INFO - [2022-12-22T23:53:55.476+0000] {dag.py:3427} INFO - Setting next_dagrun for dataset_consumes_1 to None, run_after=None
[2022-12-22T23:53:55.480+0000] {logging_mixin.py:137} INFO - [2022-12-22T23:53:55.480+0000] {dag.py:3427} INFO - Setting next_dagrun for dataset_consumes_1_and_2 to None, run_after=None
[2022-12-22T23:53:55.481+0000] {logging_mixin.py:137} INFO - [2022-12-22T23:53:55.481+0000] {dag.py:3427} INFO - Setting next_dagrun for dataset_consumes_1_never_scheduled to None, run_after=None
[2022-12-22T23:53:55.483+0000] {logging_mixin.py:137} INFO - [2022-12-22T23:53:55.483+0000] {dag.py:3427} INFO - Setting next_dagrun for dataset_consumes_unknown_never_scheduled to None, run_after=None
[2022-12-22T23:53:55.485+0000] {logging_mixin.py:137} INFO - [2022-12-22T23:53:55.485+0000] {dag.py:3427} INFO - Setting next_dagrun for dataset_produces_1 to 2022-12-21T00:00:00+00:00, run_after=2022-12-22T00:00:00+00:00
[2022-12-22T23:53:55.487+0000] {logging_mixin.py:137} INFO - [2022-12-22T23:53:55.487+0000] {dag.py:3427} INFO - Setting next_dagrun for dataset_produces_2 to None, run_after=None
[2022-12-22T23:53:55.512+0000] {processor.py:175} INFO - Processing /home/airflow/.local/lib/python3.7/site-packages/airflow/example_dags/example_datasets.py took 0.155 seconds
[2022-12-22T23:54:26.175+0000] {processor.py:153} INFO - Started process (PID=683) to work on /home/airflow/.local/lib/python3.7/site-packages/airflow/example_dags/example_datasets.py
[2022-12-22T23:54:26.176+0000] {processor.py:743} INFO - Processing file /home/airflow/.local/lib/python3.7/site-packages/airflow/example_dags/example_datasets.py for tasks to queue
[2022-12-22T23:54:26.177+0000] {logging_mixin.py:137} INFO - [2022-12-22T23:54:26.177+0000] {dagbag.py:538} INFO - Filling up the DagBag from /home/airflow/.local/lib/python3.7/site-packages/airflow/example_dags/example_datasets.py
[2022-12-22T23:54:26.192+0000] {processor.py:753} INFO - DAG(s) dict_keys(['dataset_consumes_1_and_2', 'dataset_consumes_1', 'dataset_produces_1', 'dataset_consumes_1_never_scheduled', 'dataset_produces_2', 'dataset_consumes_unknown_never_scheduled']) retrieved from /home/airflow/.local/lib/python3.7/site-packages/airflow/example_dags/example_datasets.py
[2022-12-22T23:54:26.243+0000] {logging_mixin.py:137} INFO - [2022-12-22T23:54:26.243+0000] {dag.py:2676} INFO - Sync 6 DAGs
[2022-12-22T23:54:26.263+0000] {logging_mixin.py:137} INFO - [2022-12-22T23:54:26.263+0000] {dag.py:3427} INFO - Setting next_dagrun for dataset_consumes_1 to None, run_after=None
[2022-12-22T23:54:26.267+0000] {logging_mixin.py:137} INFO - [2022-12-22T23:54:26.267+0000] {dag.py:3427} INFO - Setting next_dagrun for dataset_consumes_1_and_2 to None, run_after=None
[2022-12-22T23:54:26.269+0000] {logging_mixin.py:137} INFO - [2022-12-22T23:54:26.269+0000] {dag.py:3427} INFO - Setting next_dagrun for dataset_consumes_1_never_scheduled to None, run_after=None
[2022-12-22T23:54:26.271+0000] {logging_mixin.py:137} INFO - [2022-12-22T23:54:26.271+0000] {dag.py:3427} INFO - Setting next_dagrun for dataset_consumes_unknown_never_scheduled to None, run_after=None
[2022-12-22T23:54:26.274+0000] {logging_mixin.py:137} INFO - [2022-12-22T23:54:26.273+0000] {dag.py:3427} INFO - Setting next_dagrun for dataset_produces_1 to 2022-12-21T00:00:00+00:00, run_after=2022-12-22T00:00:00+00:00
[2022-12-22T23:54:26.275+0000] {logging_mixin.py:137} INFO - [2022-12-22T23:54:26.275+0000] {dag.py:3427} INFO - Setting next_dagrun for dataset_produces_2 to None, run_after=None
[2022-12-22T23:54:26.314+0000] {processor.py:175} INFO - Processing /home/airflow/.local/lib/python3.7/site-packages/airflow/example_dags/example_datasets.py took 0.142 seconds
[2022-12-22T23:54:56.353+0000] {processor.py:153} INFO - Started process (PID=902) to work on /home/airflow/.local/lib/python3.7/site-packages/airflow/example_dags/example_datasets.py
[2022-12-22T23:54:56.354+0000] {processor.py:743} INFO - Processing file /home/airflow/.local/lib/python3.7/site-packages/airflow/example_dags/example_datasets.py for tasks to queue
[2022-12-22T23:54:56.355+0000] {logging_mixin.py:137} INFO - [2022-12-22T23:54:56.355+0000] {dagbag.py:538} INFO - Filling up the DagBag from /home/airflow/.local/lib/python3.7/site-packages/airflow/example_dags/example_datasets.py
[2022-12-22T23:54:56.370+0000] {processor.py:753} INFO - DAG(s) dict_keys(['dataset_produces_2', 'dataset_consumes_unknown_never_scheduled', 'dataset_consumes_1', 'dataset_consumes_1_and_2', 'dataset_produces_1', 'dataset_consumes_1_never_scheduled']) retrieved from /home/airflow/.local/lib/python3.7/site-packages/airflow/example_dags/example_datasets.py
[2022-12-22T23:54:56.415+0000] {logging_mixin.py:137} INFO - [2022-12-22T23:54:56.414+0000] {dag.py:2676} INFO - Sync 6 DAGs
[2022-12-22T23:54:56.439+0000] {logging_mixin.py:137} INFO - [2022-12-22T23:54:56.438+0000] {dag.py:3427} INFO - Setting next_dagrun for dataset_consumes_1 to None, run_after=None
[2022-12-22T23:54:56.443+0000] {logging_mixin.py:137} INFO - [2022-12-22T23:54:56.442+0000] {dag.py:3427} INFO - Setting next_dagrun for dataset_consumes_1_and_2 to None, run_after=None
[2022-12-22T23:54:56.445+0000] {logging_mixin.py:137} INFO - [2022-12-22T23:54:56.445+0000] {dag.py:3427} INFO - Setting next_dagrun for dataset_consumes_1_never_scheduled to None, run_after=None
[2022-12-22T23:54:56.447+0000] {logging_mixin.py:137} INFO - [2022-12-22T23:54:56.446+0000] {dag.py:3427} INFO - Setting next_dagrun for dataset_consumes_unknown_never_scheduled to None, run_after=None
[2022-12-22T23:54:56.449+0000] {logging_mixin.py:137} INFO - [2022-12-22T23:54:56.449+0000] {dag.py:3427} INFO - Setting next_dagrun for dataset_produces_1 to 2022-12-21T00:00:00+00:00, run_after=2022-12-22T00:00:00+00:00
[2022-12-22T23:54:56.451+0000] {logging_mixin.py:137} INFO - [2022-12-22T23:54:56.451+0000] {dag.py:3427} INFO - Setting next_dagrun for dataset_produces_2 to None, run_after=None
[2022-12-22T23:54:56.478+0000] {processor.py:175} INFO - Processing /home/airflow/.local/lib/python3.7/site-packages/airflow/example_dags/example_datasets.py took 0.127 seconds
[2022-12-22T23:55:27.152+0000] {processor.py:153} INFO - Started process (PID=1128) to work on /home/airflow/.local/lib/python3.7/site-packages/airflow/example_dags/example_datasets.py
[2022-12-22T23:55:27.154+0000] {processor.py:743} INFO - Processing file /home/airflow/.local/lib/python3.7/site-packages/airflow/example_dags/example_datasets.py for tasks to queue
[2022-12-22T23:55:27.155+0000] {logging_mixin.py:137} INFO - [2022-12-22T23:55:27.155+0000] {dagbag.py:538} INFO - Filling up the DagBag from /home/airflow/.local/lib/python3.7/site-packages/airflow/example_dags/example_datasets.py
[2022-12-22T23:55:27.169+0000] {processor.py:753} INFO - DAG(s) dict_keys(['dataset_produces_2', 'dataset_produces_1', 'dataset_consumes_unknown_never_scheduled', 'dataset_consumes_1_and_2', 'dataset_consumes_1_never_scheduled', 'dataset_consumes_1']) retrieved from /home/airflow/.local/lib/python3.7/site-packages/airflow/example_dags/example_datasets.py
[2022-12-22T23:55:27.209+0000] {logging_mixin.py:137} INFO - [2022-12-22T23:55:27.208+0000] {dag.py:2676} INFO - Sync 6 DAGs
[2022-12-22T23:55:27.227+0000] {logging_mixin.py:137} INFO - [2022-12-22T23:55:27.227+0000] {dag.py:3427} INFO - Setting next_dagrun for dataset_consumes_1 to None, run_after=None
[2022-12-22T23:55:27.230+0000] {logging_mixin.py:137} INFO - [2022-12-22T23:55:27.230+0000] {dag.py:3427} INFO - Setting next_dagrun for dataset_consumes_1_and_2 to None, run_after=None
[2022-12-22T23:55:27.232+0000] {logging_mixin.py:137} INFO - [2022-12-22T23:55:27.231+0000] {dag.py:3427} INFO - Setting next_dagrun for dataset_consumes_1_never_scheduled to None, run_after=None
[2022-12-22T23:55:27.233+0000] {logging_mixin.py:137} INFO - [2022-12-22T23:55:27.233+0000] {dag.py:3427} INFO - Setting next_dagrun for dataset_consumes_unknown_never_scheduled to None, run_after=None
[2022-12-22T23:55:27.235+0000] {logging_mixin.py:137} INFO - [2022-12-22T23:55:27.235+0000] {dag.py:3427} INFO - Setting next_dagrun for dataset_produces_1 to 2022-12-21T00:00:00+00:00, run_after=2022-12-22T00:00:00+00:00
[2022-12-22T23:55:27.236+0000] {logging_mixin.py:137} INFO - [2022-12-22T23:55:27.236+0000] {dag.py:3427} INFO - Setting next_dagrun for dataset_produces_2 to None, run_after=None
[2022-12-22T23:55:27.260+0000] {processor.py:175} INFO - Processing /home/airflow/.local/lib/python3.7/site-packages/airflow/example_dags/example_datasets.py took 0.111 seconds
[2022-12-22T23:55:57.930+0000] {processor.py:153} INFO - Started process (PID=1342) to work on /home/airflow/.local/lib/python3.7/site-packages/airflow/example_dags/example_datasets.py
[2022-12-22T23:55:57.932+0000] {processor.py:743} INFO - Processing file /home/airflow/.local/lib/python3.7/site-packages/airflow/example_dags/example_datasets.py for tasks to queue
[2022-12-22T23:55:57.933+0000] {logging_mixin.py:137} INFO - [2022-12-22T23:55:57.933+0000] {dagbag.py:538} INFO - Filling up the DagBag from /home/airflow/.local/lib/python3.7/site-packages/airflow/example_dags/example_datasets.py
[2022-12-22T23:55:57.947+0000] {processor.py:753} INFO - DAG(s) dict_keys(['dataset_produces_2', 'dataset_consumes_1_and_2', 'dataset_consumes_1_never_scheduled', 'dataset_produces_1', 'dataset_consumes_1', 'dataset_consumes_unknown_never_scheduled']) retrieved from /home/airflow/.local/lib/python3.7/site-packages/airflow/example_dags/example_datasets.py
[2022-12-22T23:55:57.990+0000] {logging_mixin.py:137} INFO - [2022-12-22T23:55:57.990+0000] {dag.py:2676} INFO - Sync 6 DAGs
[2022-12-22T23:55:58.009+0000] {logging_mixin.py:137} INFO - [2022-12-22T23:55:58.009+0000] {dag.py:3427} INFO - Setting next_dagrun for dataset_consumes_1 to None, run_after=None
[2022-12-22T23:55:58.013+0000] {logging_mixin.py:137} INFO - [2022-12-22T23:55:58.013+0000] {dag.py:3427} INFO - Setting next_dagrun for dataset_consumes_1_and_2 to None, run_after=None
[2022-12-22T23:55:58.014+0000] {logging_mixin.py:137} INFO - [2022-12-22T23:55:58.014+0000] {dag.py:3427} INFO - Setting next_dagrun for dataset_consumes_1_never_scheduled to None, run_after=None
[2022-12-22T23:55:58.016+0000] {logging_mixin.py:137} INFO - [2022-12-22T23:55:58.016+0000] {dag.py:3427} INFO - Setting next_dagrun for dataset_consumes_unknown_never_scheduled to None, run_after=None
[2022-12-22T23:55:58.018+0000] {logging_mixin.py:137} INFO - [2022-12-22T23:55:58.018+0000] {dag.py:3427} INFO - Setting next_dagrun for dataset_produces_1 to 2022-12-21T00:00:00+00:00, run_after=2022-12-22T00:00:00+00:00
[2022-12-22T23:55:58.020+0000] {logging_mixin.py:137} INFO - [2022-12-22T23:55:58.020+0000] {dag.py:3427} INFO - Setting next_dagrun for dataset_produces_2 to None, run_after=None
[2022-12-22T23:55:58.046+0000] {processor.py:175} INFO - Processing /home/airflow/.local/lib/python3.7/site-packages/airflow/example_dags/example_datasets.py took 0.119 seconds
[2022-12-22T23:56:28.973+0000] {processor.py:153} INFO - Started process (PID=1566) to work on /home/airflow/.local/lib/python3.7/site-packages/airflow/example_dags/example_datasets.py
[2022-12-22T23:56:28.975+0000] {processor.py:743} INFO - Processing file /home/airflow/.local/lib/python3.7/site-packages/airflow/example_dags/example_datasets.py for tasks to queue
[2022-12-22T23:56:28.976+0000] {logging_mixin.py:137} INFO - [2022-12-22T23:56:28.976+0000] {dagbag.py:538} INFO - Filling up the DagBag from /home/airflow/.local/lib/python3.7/site-packages/airflow/example_dags/example_datasets.py
[2022-12-22T23:56:28.992+0000] {processor.py:753} INFO - DAG(s) dict_keys(['dataset_produces_2', 'dataset_consumes_1_and_2', 'dataset_consumes_1_never_scheduled', 'dataset_consumes_unknown_never_scheduled', 'dataset_produces_1', 'dataset_consumes_1']) retrieved from /home/airflow/.local/lib/python3.7/site-packages/airflow/example_dags/example_datasets.py
[2022-12-22T23:56:29.038+0000] {logging_mixin.py:137} INFO - [2022-12-22T23:56:29.038+0000] {dag.py:2676} INFO - Sync 6 DAGs
[2022-12-22T23:56:29.058+0000] {logging_mixin.py:137} INFO - [2022-12-22T23:56:29.058+0000] {dag.py:3427} INFO - Setting next_dagrun for dataset_consumes_1 to None, run_after=None
[2022-12-22T23:56:29.061+0000] {logging_mixin.py:137} INFO - [2022-12-22T23:56:29.061+0000] {dag.py:3427} INFO - Setting next_dagrun for dataset_consumes_1_and_2 to None, run_after=None
[2022-12-22T23:56:29.063+0000] {logging_mixin.py:137} INFO - [2022-12-22T23:56:29.063+0000] {dag.py:3427} INFO - Setting next_dagrun for dataset_consumes_1_never_scheduled to None, run_after=None
[2022-12-22T23:56:29.064+0000] {logging_mixin.py:137} INFO - [2022-12-22T23:56:29.064+0000] {dag.py:3427} INFO - Setting next_dagrun for dataset_consumes_unknown_never_scheduled to None, run_after=None
[2022-12-22T23:56:29.067+0000] {logging_mixin.py:137} INFO - [2022-12-22T23:56:29.067+0000] {dag.py:3427} INFO - Setting next_dagrun for dataset_produces_1 to 2022-12-21T00:00:00+00:00, run_after=2022-12-22T00:00:00+00:00
[2022-12-22T23:56:29.069+0000] {logging_mixin.py:137} INFO - [2022-12-22T23:56:29.069+0000] {dag.py:3427} INFO - Setting next_dagrun for dataset_produces_2 to None, run_after=None
[2022-12-22T23:56:29.091+0000] {processor.py:175} INFO - Processing /home/airflow/.local/lib/python3.7/site-packages/airflow/example_dags/example_datasets.py took 0.121 seconds
[2022-12-22T23:56:59.764+0000] {processor.py:153} INFO - Started process (PID=1795) to work on /home/airflow/.local/lib/python3.7/site-packages/airflow/example_dags/example_datasets.py
[2022-12-22T23:56:59.766+0000] {processor.py:743} INFO - Processing file /home/airflow/.local/lib/python3.7/site-packages/airflow/example_dags/example_datasets.py for tasks to queue
[2022-12-22T23:56:59.767+0000] {logging_mixin.py:137} INFO - [2022-12-22T23:56:59.767+0000] {dagbag.py:538} INFO - Filling up the DagBag from /home/airflow/.local/lib/python3.7/site-packages/airflow/example_dags/example_datasets.py
[2022-12-22T23:56:59.780+0000] {processor.py:753} INFO - DAG(s) dict_keys(['dataset_consumes_unknown_never_scheduled', 'dataset_consumes_1_never_scheduled', 'dataset_consumes_1', 'dataset_produces_1', 'dataset_produces_2', 'dataset_consumes_1_and_2']) retrieved from /home/airflow/.local/lib/python3.7/site-packages/airflow/example_dags/example_datasets.py
[2022-12-22T23:56:59.823+0000] {logging_mixin.py:137} INFO - [2022-12-22T23:56:59.823+0000] {dag.py:2676} INFO - Sync 6 DAGs
[2022-12-22T23:56:59.842+0000] {logging_mixin.py:137} INFO - [2022-12-22T23:56:59.842+0000] {dag.py:3427} INFO - Setting next_dagrun for dataset_consumes_1 to None, run_after=None
[2022-12-22T23:56:59.845+0000] {logging_mixin.py:137} INFO - [2022-12-22T23:56:59.845+0000] {dag.py:3427} INFO - Setting next_dagrun for dataset_consumes_1_and_2 to None, run_after=None
[2022-12-22T23:56:59.846+0000] {logging_mixin.py:137} INFO - [2022-12-22T23:56:59.846+0000] {dag.py:3427} INFO - Setting next_dagrun for dataset_consumes_1_never_scheduled to None, run_after=None
[2022-12-22T23:56:59.848+0000] {logging_mixin.py:137} INFO - [2022-12-22T23:56:59.848+0000] {dag.py:3427} INFO - Setting next_dagrun for dataset_consumes_unknown_never_scheduled to None, run_after=None
[2022-12-22T23:56:59.850+0000] {logging_mixin.py:137} INFO - [2022-12-22T23:56:59.850+0000] {dag.py:3427} INFO - Setting next_dagrun for dataset_produces_1 to 2022-12-21T00:00:00+00:00, run_after=2022-12-22T00:00:00+00:00
[2022-12-22T23:56:59.851+0000] {logging_mixin.py:137} INFO - [2022-12-22T23:56:59.851+0000] {dag.py:3427} INFO - Setting next_dagrun for dataset_produces_2 to None, run_after=None
[2022-12-22T23:56:59.876+0000] {processor.py:175} INFO - Processing /home/airflow/.local/lib/python3.7/site-packages/airflow/example_dags/example_datasets.py took 0.116 seconds
[2022-12-22T23:57:30.297+0000] {processor.py:153} INFO - Started process (PID=2007) to work on /home/airflow/.local/lib/python3.7/site-packages/airflow/example_dags/example_datasets.py
[2022-12-22T23:57:30.299+0000] {processor.py:743} INFO - Processing file /home/airflow/.local/lib/python3.7/site-packages/airflow/example_dags/example_datasets.py for tasks to queue
[2022-12-22T23:57:30.300+0000] {logging_mixin.py:137} INFO - [2022-12-22T23:57:30.300+0000] {dagbag.py:538} INFO - Filling up the DagBag from /home/airflow/.local/lib/python3.7/site-packages/airflow/example_dags/example_datasets.py
[2022-12-22T23:57:30.314+0000] {processor.py:753} INFO - DAG(s) dict_keys(['dataset_consumes_1_and_2', 'dataset_consumes_1_never_scheduled', 'dataset_produces_1', 'dataset_consumes_1', 'dataset_consumes_unknown_never_scheduled', 'dataset_produces_2']) retrieved from /home/airflow/.local/lib/python3.7/site-packages/airflow/example_dags/example_datasets.py
[2022-12-22T23:57:30.357+0000] {logging_mixin.py:137} INFO - [2022-12-22T23:57:30.357+0000] {dag.py:2676} INFO - Sync 6 DAGs
[2022-12-22T23:57:30.378+0000] {logging_mixin.py:137} INFO - [2022-12-22T23:57:30.377+0000] {dag.py:3427} INFO - Setting next_dagrun for dataset_consumes_1 to None, run_after=None
[2022-12-22T23:57:30.382+0000] {logging_mixin.py:137} INFO - [2022-12-22T23:57:30.382+0000] {dag.py:3427} INFO - Setting next_dagrun for dataset_consumes_1_and_2 to None, run_after=None
[2022-12-22T23:57:30.383+0000] {logging_mixin.py:137} INFO - [2022-12-22T23:57:30.383+0000] {dag.py:3427} INFO - Setting next_dagrun for dataset_consumes_1_never_scheduled to None, run_after=None
[2022-12-22T23:57:30.385+0000] {logging_mixin.py:137} INFO - [2022-12-22T23:57:30.385+0000] {dag.py:3427} INFO - Setting next_dagrun for dataset_consumes_unknown_never_scheduled to None, run_after=None
[2022-12-22T23:57:30.387+0000] {logging_mixin.py:137} INFO - [2022-12-22T23:57:30.387+0000] {dag.py:3427} INFO - Setting next_dagrun for dataset_produces_1 to 2022-12-21T00:00:00+00:00, run_after=2022-12-22T00:00:00+00:00
[2022-12-22T23:57:30.389+0000] {logging_mixin.py:137} INFO - [2022-12-22T23:57:30.389+0000] {dag.py:3427} INFO - Setting next_dagrun for dataset_produces_2 to None, run_after=None
[2022-12-22T23:57:30.414+0000] {processor.py:175} INFO - Processing /home/airflow/.local/lib/python3.7/site-packages/airflow/example_dags/example_datasets.py took 0.120 seconds
[2022-12-22T23:58:01.037+0000] {processor.py:153} INFO - Started process (PID=2233) to work on /home/airflow/.local/lib/python3.7/site-packages/airflow/example_dags/example_datasets.py
[2022-12-22T23:58:01.038+0000] {processor.py:743} INFO - Processing file /home/airflow/.local/lib/python3.7/site-packages/airflow/example_dags/example_datasets.py for tasks to queue
[2022-12-22T23:58:01.039+0000] {logging_mixin.py:137} INFO - [2022-12-22T23:58:01.039+0000] {dagbag.py:538} INFO - Filling up the DagBag from /home/airflow/.local/lib/python3.7/site-packages/airflow/example_dags/example_datasets.py
[2022-12-22T23:58:01.053+0000] {processor.py:753} INFO - DAG(s) dict_keys(['dataset_produces_2', 'dataset_consumes_unknown_never_scheduled', 'dataset_consumes_1', 'dataset_consumes_1_and_2', 'dataset_produces_1', 'dataset_consumes_1_never_scheduled']) retrieved from /home/airflow/.local/lib/python3.7/site-packages/airflow/example_dags/example_datasets.py
[2022-12-22T23:58:01.095+0000] {logging_mixin.py:137} INFO - [2022-12-22T23:58:01.095+0000] {dag.py:2676} INFO - Sync 6 DAGs
[2022-12-22T23:58:01.117+0000] {logging_mixin.py:137} INFO - [2022-12-22T23:58:01.117+0000] {dag.py:3427} INFO - Setting next_dagrun for dataset_consumes_1 to None, run_after=None
[2022-12-22T23:58:01.120+0000] {logging_mixin.py:137} INFO - [2022-12-22T23:58:01.120+0000] {dag.py:3427} INFO - Setting next_dagrun for dataset_consumes_1_and_2 to None, run_after=None
[2022-12-22T23:58:01.122+0000] {logging_mixin.py:137} INFO - [2022-12-22T23:58:01.122+0000] {dag.py:3427} INFO - Setting next_dagrun for dataset_consumes_1_never_scheduled to None, run_after=None
[2022-12-22T23:58:01.123+0000] {logging_mixin.py:137} INFO - [2022-12-22T23:58:01.123+0000] {dag.py:3427} INFO - Setting next_dagrun for dataset_consumes_unknown_never_scheduled to None, run_after=None
[2022-12-22T23:58:01.125+0000] {logging_mixin.py:137} INFO - [2022-12-22T23:58:01.125+0000] {dag.py:3427} INFO - Setting next_dagrun for dataset_produces_1 to 2022-12-21T00:00:00+00:00, run_after=2022-12-22T00:00:00+00:00
[2022-12-22T23:58:01.126+0000] {logging_mixin.py:137} INFO - [2022-12-22T23:58:01.126+0000] {dag.py:3427} INFO - Setting next_dagrun for dataset_produces_2 to None, run_after=None
[2022-12-22T23:58:01.148+0000] {processor.py:175} INFO - Processing /home/airflow/.local/lib/python3.7/site-packages/airflow/example_dags/example_datasets.py took 0.114 seconds
[2022-12-22T23:58:31.946+0000] {processor.py:153} INFO - Started process (PID=2460) to work on /home/airflow/.local/lib/python3.7/site-packages/airflow/example_dags/example_datasets.py
[2022-12-22T23:58:31.947+0000] {processor.py:743} INFO - Processing file /home/airflow/.local/lib/python3.7/site-packages/airflow/example_dags/example_datasets.py for tasks to queue
[2022-12-22T23:58:31.950+0000] {logging_mixin.py:137} INFO - [2022-12-22T23:58:31.950+0000] {dagbag.py:538} INFO - Filling up the DagBag from /home/airflow/.local/lib/python3.7/site-packages/airflow/example_dags/example_datasets.py
[2022-12-22T23:58:31.975+0000] {processor.py:753} INFO - DAG(s) dict_keys(['dataset_consumes_unknown_never_scheduled', 'dataset_consumes_1_and_2', 'dataset_produces_2', 'dataset_consumes_1_never_scheduled', 'dataset_consumes_1', 'dataset_produces_1']) retrieved from /home/airflow/.local/lib/python3.7/site-packages/airflow/example_dags/example_datasets.py
[2022-12-22T23:58:32.031+0000] {logging_mixin.py:137} INFO - [2022-12-22T23:58:32.030+0000] {dag.py:2676} INFO - Sync 6 DAGs
[2022-12-22T23:58:32.054+0000] {logging_mixin.py:137} INFO - [2022-12-22T23:58:32.054+0000] {dag.py:3427} INFO - Setting next_dagrun for dataset_consumes_1 to None, run_after=None
[2022-12-22T23:58:32.056+0000] {logging_mixin.py:137} INFO - [2022-12-22T23:58:32.056+0000] {dag.py:3427} INFO - Setting next_dagrun for dataset_consumes_1_and_2 to None, run_after=None
[2022-12-22T23:58:32.058+0000] {logging_mixin.py:137} INFO - [2022-12-22T23:58:32.058+0000] {dag.py:3427} INFO - Setting next_dagrun for dataset_consumes_1_never_scheduled to None, run_after=None
[2022-12-22T23:58:32.059+0000] {logging_mixin.py:137} INFO - [2022-12-22T23:58:32.059+0000] {dag.py:3427} INFO - Setting next_dagrun for dataset_consumes_unknown_never_scheduled to None, run_after=None
[2022-12-22T23:58:32.062+0000] {logging_mixin.py:137} INFO - [2022-12-22T23:58:32.061+0000] {dag.py:3427} INFO - Setting next_dagrun for dataset_produces_1 to 2022-12-21T00:00:00+00:00, run_after=2022-12-22T00:00:00+00:00
[2022-12-22T23:58:32.063+0000] {logging_mixin.py:137} INFO - [2022-12-22T23:58:32.063+0000] {dag.py:3427} INFO - Setting next_dagrun for dataset_produces_2 to None, run_after=None
[2022-12-22T23:58:32.086+0000] {processor.py:175} INFO - Processing /home/airflow/.local/lib/python3.7/site-packages/airflow/example_dags/example_datasets.py took 0.143 seconds
[2022-12-22T23:59:02.968+0000] {processor.py:153} INFO - Started process (PID=2674) to work on /home/airflow/.local/lib/python3.7/site-packages/airflow/example_dags/example_datasets.py
[2022-12-22T23:59:02.970+0000] {processor.py:743} INFO - Processing file /home/airflow/.local/lib/python3.7/site-packages/airflow/example_dags/example_datasets.py for tasks to queue
[2022-12-22T23:59:02.971+0000] {logging_mixin.py:137} INFO - [2022-12-22T23:59:02.971+0000] {dagbag.py:538} INFO - Filling up the DagBag from /home/airflow/.local/lib/python3.7/site-packages/airflow/example_dags/example_datasets.py
[2022-12-22T23:59:02.986+0000] {processor.py:753} INFO - DAG(s) dict_keys(['dataset_consumes_1_and_2', 'dataset_consumes_1_never_scheduled', 'dataset_produces_2', 'dataset_consumes_unknown_never_scheduled', 'dataset_consumes_1', 'dataset_produces_1']) retrieved from /home/airflow/.local/lib/python3.7/site-packages/airflow/example_dags/example_datasets.py
[2022-12-22T23:59:03.031+0000] {logging_mixin.py:137} INFO - [2022-12-22T23:59:03.031+0000] {dag.py:2676} INFO - Sync 6 DAGs
[2022-12-22T23:59:03.053+0000] {logging_mixin.py:137} INFO - [2022-12-22T23:59:03.053+0000] {dag.py:3427} INFO - Setting next_dagrun for dataset_consumes_1 to None, run_after=None
[2022-12-22T23:59:03.060+0000] {logging_mixin.py:137} INFO - [2022-12-22T23:59:03.060+0000] {dag.py:3427} INFO - Setting next_dagrun for dataset_consumes_1_and_2 to None, run_after=None
[2022-12-22T23:59:03.062+0000] {logging_mixin.py:137} INFO - [2022-12-22T23:59:03.062+0000] {dag.py:3427} INFO - Setting next_dagrun for dataset_consumes_1_never_scheduled to None, run_after=None
[2022-12-22T23:59:03.064+0000] {logging_mixin.py:137} INFO - [2022-12-22T23:59:03.064+0000] {dag.py:3427} INFO - Setting next_dagrun for dataset_consumes_unknown_never_scheduled to None, run_after=None
[2022-12-22T23:59:03.067+0000] {logging_mixin.py:137} INFO - [2022-12-22T23:59:03.067+0000] {dag.py:3427} INFO - Setting next_dagrun for dataset_produces_1 to 2022-12-21T00:00:00+00:00, run_after=2022-12-22T00:00:00+00:00
[2022-12-22T23:59:03.069+0000] {logging_mixin.py:137} INFO - [2022-12-22T23:59:03.069+0000] {dag.py:3427} INFO - Setting next_dagrun for dataset_produces_2 to None, run_after=None
[2022-12-22T23:59:03.098+0000] {processor.py:175} INFO - Processing /home/airflow/.local/lib/python3.7/site-packages/airflow/example_dags/example_datasets.py took 0.134 seconds
[2022-12-22T23:59:33.819+0000] {processor.py:153} INFO - Started process (PID=2903) to work on /home/airflow/.local/lib/python3.7/site-packages/airflow/example_dags/example_datasets.py
[2022-12-22T23:59:33.821+0000] {processor.py:743} INFO - Processing file /home/airflow/.local/lib/python3.7/site-packages/airflow/example_dags/example_datasets.py for tasks to queue
[2022-12-22T23:59:33.822+0000] {logging_mixin.py:137} INFO - [2022-12-22T23:59:33.822+0000] {dagbag.py:538} INFO - Filling up the DagBag from /home/airflow/.local/lib/python3.7/site-packages/airflow/example_dags/example_datasets.py
[2022-12-22T23:59:33.837+0000] {processor.py:753} INFO - DAG(s) dict_keys(['dataset_consumes_1_never_scheduled', 'dataset_consumes_1_and_2', 'dataset_consumes_unknown_never_scheduled', 'dataset_consumes_1', 'dataset_produces_1', 'dataset_produces_2']) retrieved from /home/airflow/.local/lib/python3.7/site-packages/airflow/example_dags/example_datasets.py
[2022-12-22T23:59:33.881+0000] {logging_mixin.py:137} INFO - [2022-12-22T23:59:33.881+0000] {dag.py:2676} INFO - Sync 6 DAGs
[2022-12-22T23:59:33.902+0000] {logging_mixin.py:137} INFO - [2022-12-22T23:59:33.902+0000] {dag.py:3427} INFO - Setting next_dagrun for dataset_consumes_1 to None, run_after=None
[2022-12-22T23:59:33.905+0000] {logging_mixin.py:137} INFO - [2022-12-22T23:59:33.905+0000] {dag.py:3427} INFO - Setting next_dagrun for dataset_consumes_1_and_2 to None, run_after=None
[2022-12-22T23:59:33.907+0000] {logging_mixin.py:137} INFO - [2022-12-22T23:59:33.907+0000] {dag.py:3427} INFO - Setting next_dagrun for dataset_consumes_1_never_scheduled to None, run_after=None
[2022-12-22T23:59:33.908+0000] {logging_mixin.py:137} INFO - [2022-12-22T23:59:33.908+0000] {dag.py:3427} INFO - Setting next_dagrun for dataset_consumes_unknown_never_scheduled to None, run_after=None
[2022-12-22T23:59:33.911+0000] {logging_mixin.py:137} INFO - [2022-12-22T23:59:33.911+0000] {dag.py:3427} INFO - Setting next_dagrun for dataset_produces_1 to 2022-12-21T00:00:00+00:00, run_after=2022-12-22T00:00:00+00:00
[2022-12-22T23:59:33.912+0000] {logging_mixin.py:137} INFO - [2022-12-22T23:59:33.912+0000] {dag.py:3427} INFO - Setting next_dagrun for dataset_produces_2 to None, run_after=None
[2022-12-22T23:59:33.937+0000] {processor.py:175} INFO - Processing /home/airflow/.local/lib/python3.7/site-packages/airflow/example_dags/example_datasets.py took 0.120 seconds
