[2022-12-22T23:53:25.111+0000] {processor.py:153} INFO - Started process (PID=280) to work on /home/airflow/.local/lib/python3.7/site-packages/airflow/example_dags/example_skip_dag.py
[2022-12-22T23:53:25.113+0000] {processor.py:743} INFO - Processing file /home/airflow/.local/lib/python3.7/site-packages/airflow/example_dags/example_skip_dag.py for tasks to queue
[2022-12-22T23:53:25.114+0000] {logging_mixin.py:137} INFO - [2022-12-22T23:53:25.114+0000] {dagbag.py:538} INFO - Filling up the DagBag from /home/airflow/.local/lib/python3.7/site-packages/airflow/example_dags/example_skip_dag.py
[2022-12-22T23:53:25.129+0000] {processor.py:753} INFO - DAG(s) dict_keys(['example_skip_dag']) retrieved from /home/airflow/.local/lib/python3.7/site-packages/airflow/example_dags/example_skip_dag.py
[2022-12-22T23:53:25.156+0000] {logging_mixin.py:137} INFO - [2022-12-22T23:53:25.156+0000] {dag.py:2676} INFO - Sync 1 DAGs
[2022-12-22T23:53:25.176+0000] {logging_mixin.py:137} INFO - [2022-12-22T23:53:25.176+0000] {dag.py:3427} INFO - Setting next_dagrun for example_skip_dag to 2022-12-21T23:53:25.175826+00:00, run_after=2022-12-22T23:53:25.175826+00:00
[2022-12-22T23:53:25.190+0000] {processor.py:175} INFO - Processing /home/airflow/.local/lib/python3.7/site-packages/airflow/example_dags/example_skip_dag.py took 0.082 seconds
[2022-12-22T23:53:56.007+0000] {processor.py:153} INFO - Started process (PID=507) to work on /home/airflow/.local/lib/python3.7/site-packages/airflow/example_dags/example_skip_dag.py
[2022-12-22T23:53:56.008+0000] {processor.py:743} INFO - Processing file /home/airflow/.local/lib/python3.7/site-packages/airflow/example_dags/example_skip_dag.py for tasks to queue
[2022-12-22T23:53:56.009+0000] {logging_mixin.py:137} INFO - [2022-12-22T23:53:56.009+0000] {dagbag.py:538} INFO - Filling up the DagBag from /home/airflow/.local/lib/python3.7/site-packages/airflow/example_dags/example_skip_dag.py
[2022-12-22T23:53:56.022+0000] {processor.py:753} INFO - DAG(s) dict_keys(['example_skip_dag']) retrieved from /home/airflow/.local/lib/python3.7/site-packages/airflow/example_dags/example_skip_dag.py
[2022-12-22T23:53:56.052+0000] {logging_mixin.py:137} INFO - [2022-12-22T23:53:56.052+0000] {dag.py:2676} INFO - Sync 1 DAGs
[2022-12-22T23:53:56.074+0000] {logging_mixin.py:137} INFO - [2022-12-22T23:53:56.074+0000] {dag.py:3427} INFO - Setting next_dagrun for example_skip_dag to 2022-12-21T23:53:56.073934+00:00, run_after=2022-12-22T23:53:56.073934+00:00
[2022-12-22T23:53:56.087+0000] {processor.py:175} INFO - Processing /home/airflow/.local/lib/python3.7/site-packages/airflow/example_dags/example_skip_dag.py took 0.083 seconds
[2022-12-22T23:54:26.962+0000] {processor.py:153} INFO - Started process (PID=731) to work on /home/airflow/.local/lib/python3.7/site-packages/airflow/example_dags/example_skip_dag.py
[2022-12-22T23:54:26.964+0000] {processor.py:743} INFO - Processing file /home/airflow/.local/lib/python3.7/site-packages/airflow/example_dags/example_skip_dag.py for tasks to queue
[2022-12-22T23:54:26.965+0000] {logging_mixin.py:137} INFO - [2022-12-22T23:54:26.965+0000] {dagbag.py:538} INFO - Filling up the DagBag from /home/airflow/.local/lib/python3.7/site-packages/airflow/example_dags/example_skip_dag.py
[2022-12-22T23:54:26.980+0000] {processor.py:753} INFO - DAG(s) dict_keys(['example_skip_dag']) retrieved from /home/airflow/.local/lib/python3.7/site-packages/airflow/example_dags/example_skip_dag.py
[2022-12-22T23:54:27.018+0000] {logging_mixin.py:137} INFO - [2022-12-22T23:54:27.017+0000] {dag.py:2676} INFO - Sync 1 DAGs
[2022-12-22T23:54:27.043+0000] {logging_mixin.py:137} INFO - [2022-12-22T23:54:27.042+0000] {dag.py:3427} INFO - Setting next_dagrun for example_skip_dag to 2022-12-21T23:54:27.042548+00:00, run_after=2022-12-22T23:54:27.042548+00:00
[2022-12-22T23:54:27.064+0000] {processor.py:175} INFO - Processing /home/airflow/.local/lib/python3.7/site-packages/airflow/example_dags/example_skip_dag.py took 0.108 seconds
[2022-12-22T23:54:57.944+0000] {processor.py:153} INFO - Started process (PID=945) to work on /home/airflow/.local/lib/python3.7/site-packages/airflow/example_dags/example_skip_dag.py
[2022-12-22T23:54:57.946+0000] {processor.py:743} INFO - Processing file /home/airflow/.local/lib/python3.7/site-packages/airflow/example_dags/example_skip_dag.py for tasks to queue
[2022-12-22T23:54:57.948+0000] {logging_mixin.py:137} INFO - [2022-12-22T23:54:57.948+0000] {dagbag.py:538} INFO - Filling up the DagBag from /home/airflow/.local/lib/python3.7/site-packages/airflow/example_dags/example_skip_dag.py
[2022-12-22T23:54:57.960+0000] {processor.py:753} INFO - DAG(s) dict_keys(['example_skip_dag']) retrieved from /home/airflow/.local/lib/python3.7/site-packages/airflow/example_dags/example_skip_dag.py
[2022-12-22T23:54:57.996+0000] {logging_mixin.py:137} INFO - [2022-12-22T23:54:57.996+0000] {dag.py:2676} INFO - Sync 1 DAGs
[2022-12-22T23:54:58.017+0000] {logging_mixin.py:137} INFO - [2022-12-22T23:54:58.017+0000] {dag.py:3427} INFO - Setting next_dagrun for example_skip_dag to 2022-12-21T23:54:58.017052+00:00, run_after=2022-12-22T23:54:58.017052+00:00
[2022-12-22T23:54:58.036+0000] {processor.py:175} INFO - Processing /home/airflow/.local/lib/python3.7/site-packages/airflow/example_dags/example_skip_dag.py took 0.094 seconds
[2022-12-22T23:55:28.703+0000] {processor.py:153} INFO - Started process (PID=1171) to work on /home/airflow/.local/lib/python3.7/site-packages/airflow/example_dags/example_skip_dag.py
[2022-12-22T23:55:28.704+0000] {processor.py:743} INFO - Processing file /home/airflow/.local/lib/python3.7/site-packages/airflow/example_dags/example_skip_dag.py for tasks to queue
[2022-12-22T23:55:28.705+0000] {logging_mixin.py:137} INFO - [2022-12-22T23:55:28.705+0000] {dagbag.py:538} INFO - Filling up the DagBag from /home/airflow/.local/lib/python3.7/site-packages/airflow/example_dags/example_skip_dag.py
[2022-12-22T23:55:28.717+0000] {processor.py:753} INFO - DAG(s) dict_keys(['example_skip_dag']) retrieved from /home/airflow/.local/lib/python3.7/site-packages/airflow/example_dags/example_skip_dag.py
[2022-12-22T23:55:28.748+0000] {logging_mixin.py:137} INFO - [2022-12-22T23:55:28.748+0000] {dag.py:2676} INFO - Sync 1 DAGs
[2022-12-22T23:55:28.767+0000] {logging_mixin.py:137} INFO - [2022-12-22T23:55:28.766+0000] {dag.py:3427} INFO - Setting next_dagrun for example_skip_dag to 2022-12-21T23:55:28.766664+00:00, run_after=2022-12-22T23:55:28.766664+00:00
[2022-12-22T23:55:28.782+0000] {processor.py:175} INFO - Processing /home/airflow/.local/lib/python3.7/site-packages/airflow/example_dags/example_skip_dag.py took 0.082 seconds
[2022-12-22T23:55:59.494+0000] {processor.py:153} INFO - Started process (PID=1394) to work on /home/airflow/.local/lib/python3.7/site-packages/airflow/example_dags/example_skip_dag.py
[2022-12-22T23:55:59.496+0000] {processor.py:743} INFO - Processing file /home/airflow/.local/lib/python3.7/site-packages/airflow/example_dags/example_skip_dag.py for tasks to queue
[2022-12-22T23:55:59.497+0000] {logging_mixin.py:137} INFO - [2022-12-22T23:55:59.497+0000] {dagbag.py:538} INFO - Filling up the DagBag from /home/airflow/.local/lib/python3.7/site-packages/airflow/example_dags/example_skip_dag.py
[2022-12-22T23:55:59.510+0000] {processor.py:753} INFO - DAG(s) dict_keys(['example_skip_dag']) retrieved from /home/airflow/.local/lib/python3.7/site-packages/airflow/example_dags/example_skip_dag.py
[2022-12-22T23:55:59.552+0000] {logging_mixin.py:137} INFO - [2022-12-22T23:55:59.552+0000] {dag.py:2676} INFO - Sync 1 DAGs
[2022-12-22T23:55:59.574+0000] {logging_mixin.py:137} INFO - [2022-12-22T23:55:59.574+0000] {dag.py:3427} INFO - Setting next_dagrun for example_skip_dag to 2022-12-21T23:55:59.574561+00:00, run_after=2022-12-22T23:55:59.574561+00:00
[2022-12-22T23:55:59.594+0000] {processor.py:175} INFO - Processing /home/airflow/.local/lib/python3.7/site-packages/airflow/example_dags/example_skip_dag.py took 0.103 seconds
[2022-12-22T23:56:30.537+0000] {processor.py:153} INFO - Started process (PID=1611) to work on /home/airflow/.local/lib/python3.7/site-packages/airflow/example_dags/example_skip_dag.py
[2022-12-22T23:56:30.539+0000] {processor.py:743} INFO - Processing file /home/airflow/.local/lib/python3.7/site-packages/airflow/example_dags/example_skip_dag.py for tasks to queue
[2022-12-22T23:56:30.540+0000] {logging_mixin.py:137} INFO - [2022-12-22T23:56:30.540+0000] {dagbag.py:538} INFO - Filling up the DagBag from /home/airflow/.local/lib/python3.7/site-packages/airflow/example_dags/example_skip_dag.py
[2022-12-22T23:56:30.553+0000] {processor.py:753} INFO - DAG(s) dict_keys(['example_skip_dag']) retrieved from /home/airflow/.local/lib/python3.7/site-packages/airflow/example_dags/example_skip_dag.py
[2022-12-22T23:56:30.586+0000] {logging_mixin.py:137} INFO - [2022-12-22T23:56:30.586+0000] {dag.py:2676} INFO - Sync 1 DAGs
[2022-12-22T23:56:30.606+0000] {logging_mixin.py:137} INFO - [2022-12-22T23:56:30.606+0000] {dag.py:3427} INFO - Setting next_dagrun for example_skip_dag to 2022-12-21T23:56:30.606503+00:00, run_after=2022-12-22T23:56:30.606503+00:00
[2022-12-22T23:56:30.622+0000] {processor.py:175} INFO - Processing /home/airflow/.local/lib/python3.7/site-packages/airflow/example_dags/example_skip_dag.py took 0.088 seconds
[2022-12-22T23:57:01.310+0000] {processor.py:153} INFO - Started process (PID=1838) to work on /home/airflow/.local/lib/python3.7/site-packages/airflow/example_dags/example_skip_dag.py
[2022-12-22T23:57:01.312+0000] {processor.py:743} INFO - Processing file /home/airflow/.local/lib/python3.7/site-packages/airflow/example_dags/example_skip_dag.py for tasks to queue
[2022-12-22T23:57:01.313+0000] {logging_mixin.py:137} INFO - [2022-12-22T23:57:01.313+0000] {dagbag.py:538} INFO - Filling up the DagBag from /home/airflow/.local/lib/python3.7/site-packages/airflow/example_dags/example_skip_dag.py
[2022-12-22T23:57:01.325+0000] {processor.py:753} INFO - DAG(s) dict_keys(['example_skip_dag']) retrieved from /home/airflow/.local/lib/python3.7/site-packages/airflow/example_dags/example_skip_dag.py
[2022-12-22T23:57:01.357+0000] {logging_mixin.py:137} INFO - [2022-12-22T23:57:01.356+0000] {dag.py:2676} INFO - Sync 1 DAGs
[2022-12-22T23:57:01.376+0000] {logging_mixin.py:137} INFO - [2022-12-22T23:57:01.375+0000] {dag.py:3427} INFO - Setting next_dagrun for example_skip_dag to 2022-12-21T23:57:01.375721+00:00, run_after=2022-12-22T23:57:01.375721+00:00
[2022-12-22T23:57:01.390+0000] {processor.py:175} INFO - Processing /home/airflow/.local/lib/python3.7/site-packages/airflow/example_dags/example_skip_dag.py took 0.082 seconds
[2022-12-22T23:57:31.897+0000] {processor.py:153} INFO - Started process (PID=2052) to work on /home/airflow/.local/lib/python3.7/site-packages/airflow/example_dags/example_skip_dag.py
[2022-12-22T23:57:31.899+0000] {processor.py:743} INFO - Processing file /home/airflow/.local/lib/python3.7/site-packages/airflow/example_dags/example_skip_dag.py for tasks to queue
[2022-12-22T23:57:31.900+0000] {logging_mixin.py:137} INFO - [2022-12-22T23:57:31.900+0000] {dagbag.py:538} INFO - Filling up the DagBag from /home/airflow/.local/lib/python3.7/site-packages/airflow/example_dags/example_skip_dag.py
[2022-12-22T23:57:31.913+0000] {processor.py:753} INFO - DAG(s) dict_keys(['example_skip_dag']) retrieved from /home/airflow/.local/lib/python3.7/site-packages/airflow/example_dags/example_skip_dag.py
[2022-12-22T23:57:31.947+0000] {logging_mixin.py:137} INFO - [2022-12-22T23:57:31.947+0000] {dag.py:2676} INFO - Sync 1 DAGs
[2022-12-22T23:57:31.968+0000] {logging_mixin.py:137} INFO - [2022-12-22T23:57:31.968+0000] {dag.py:3427} INFO - Setting next_dagrun for example_skip_dag to 2022-12-21T23:57:31.968540+00:00, run_after=2022-12-22T23:57:31.968540+00:00
[2022-12-22T23:57:31.985+0000] {processor.py:175} INFO - Processing /home/airflow/.local/lib/python3.7/site-packages/airflow/example_dags/example_skip_dag.py took 0.091 seconds
[2022-12-22T23:58:02.588+0000] {processor.py:153} INFO - Started process (PID=2278) to work on /home/airflow/.local/lib/python3.7/site-packages/airflow/example_dags/example_skip_dag.py
[2022-12-22T23:58:02.590+0000] {processor.py:743} INFO - Processing file /home/airflow/.local/lib/python3.7/site-packages/airflow/example_dags/example_skip_dag.py for tasks to queue
[2022-12-22T23:58:02.592+0000] {logging_mixin.py:137} INFO - [2022-12-22T23:58:02.592+0000] {dagbag.py:538} INFO - Filling up the DagBag from /home/airflow/.local/lib/python3.7/site-packages/airflow/example_dags/example_skip_dag.py
[2022-12-22T23:58:02.604+0000] {processor.py:753} INFO - DAG(s) dict_keys(['example_skip_dag']) retrieved from /home/airflow/.local/lib/python3.7/site-packages/airflow/example_dags/example_skip_dag.py
[2022-12-22T23:58:02.635+0000] {logging_mixin.py:137} INFO - [2022-12-22T23:58:02.635+0000] {dag.py:2676} INFO - Sync 1 DAGs
[2022-12-22T23:58:02.656+0000] {logging_mixin.py:137} INFO - [2022-12-22T23:58:02.656+0000] {dag.py:3427} INFO - Setting next_dagrun for example_skip_dag to 2022-12-21T23:58:02.656291+00:00, run_after=2022-12-22T23:58:02.656291+00:00
[2022-12-22T23:58:02.672+0000] {processor.py:175} INFO - Processing /home/airflow/.local/lib/python3.7/site-packages/airflow/example_dags/example_skip_dag.py took 0.087 seconds
[2022-12-22T23:58:33.577+0000] {processor.py:153} INFO - Started process (PID=2505) to work on /home/airflow/.local/lib/python3.7/site-packages/airflow/example_dags/example_skip_dag.py
[2022-12-22T23:58:33.578+0000] {processor.py:743} INFO - Processing file /home/airflow/.local/lib/python3.7/site-packages/airflow/example_dags/example_skip_dag.py for tasks to queue
[2022-12-22T23:58:33.579+0000] {logging_mixin.py:137} INFO - [2022-12-22T23:58:33.579+0000] {dagbag.py:538} INFO - Filling up the DagBag from /home/airflow/.local/lib/python3.7/site-packages/airflow/example_dags/example_skip_dag.py
[2022-12-22T23:58:33.591+0000] {processor.py:753} INFO - DAG(s) dict_keys(['example_skip_dag']) retrieved from /home/airflow/.local/lib/python3.7/site-packages/airflow/example_dags/example_skip_dag.py
[2022-12-22T23:58:33.623+0000] {logging_mixin.py:137} INFO - [2022-12-22T23:58:33.622+0000] {dag.py:2676} INFO - Sync 1 DAGs
[2022-12-22T23:58:33.642+0000] {logging_mixin.py:137} INFO - [2022-12-22T23:58:33.642+0000] {dag.py:3427} INFO - Setting next_dagrun for example_skip_dag to 2022-12-21T23:58:33.641779+00:00, run_after=2022-12-22T23:58:33.641779+00:00
[2022-12-22T23:58:33.657+0000] {processor.py:175} INFO - Processing /home/airflow/.local/lib/python3.7/site-packages/airflow/example_dags/example_skip_dag.py took 0.083 seconds
[2022-12-22T23:59:04.557+0000] {processor.py:153} INFO - Started process (PID=2719) to work on /home/airflow/.local/lib/python3.7/site-packages/airflow/example_dags/example_skip_dag.py
[2022-12-22T23:59:04.559+0000] {processor.py:743} INFO - Processing file /home/airflow/.local/lib/python3.7/site-packages/airflow/example_dags/example_skip_dag.py for tasks to queue
[2022-12-22T23:59:04.560+0000] {logging_mixin.py:137} INFO - [2022-12-22T23:59:04.559+0000] {dagbag.py:538} INFO - Filling up the DagBag from /home/airflow/.local/lib/python3.7/site-packages/airflow/example_dags/example_skip_dag.py
[2022-12-22T23:59:04.572+0000] {processor.py:753} INFO - DAG(s) dict_keys(['example_skip_dag']) retrieved from /home/airflow/.local/lib/python3.7/site-packages/airflow/example_dags/example_skip_dag.py
[2022-12-22T23:59:04.605+0000] {logging_mixin.py:137} INFO - [2022-12-22T23:59:04.604+0000] {dag.py:2676} INFO - Sync 1 DAGs
[2022-12-22T23:59:04.624+0000] {logging_mixin.py:137} INFO - [2022-12-22T23:59:04.624+0000] {dag.py:3427} INFO - Setting next_dagrun for example_skip_dag to 2022-12-21T23:59:04.624112+00:00, run_after=2022-12-22T23:59:04.624112+00:00
[2022-12-22T23:59:04.638+0000] {processor.py:175} INFO - Processing /home/airflow/.local/lib/python3.7/site-packages/airflow/example_dags/example_skip_dag.py took 0.084 seconds
[2022-12-22T23:59:35.381+0000] {processor.py:153} INFO - Started process (PID=2946) to work on /home/airflow/.local/lib/python3.7/site-packages/airflow/example_dags/example_skip_dag.py
[2022-12-22T23:59:35.382+0000] {processor.py:743} INFO - Processing file /home/airflow/.local/lib/python3.7/site-packages/airflow/example_dags/example_skip_dag.py for tasks to queue
[2022-12-22T23:59:35.384+0000] {logging_mixin.py:137} INFO - [2022-12-22T23:59:35.384+0000] {dagbag.py:538} INFO - Filling up the DagBag from /home/airflow/.local/lib/python3.7/site-packages/airflow/example_dags/example_skip_dag.py
[2022-12-22T23:59:35.396+0000] {processor.py:753} INFO - DAG(s) dict_keys(['example_skip_dag']) retrieved from /home/airflow/.local/lib/python3.7/site-packages/airflow/example_dags/example_skip_dag.py
[2022-12-22T23:59:35.428+0000] {logging_mixin.py:137} INFO - [2022-12-22T23:59:35.428+0000] {dag.py:2676} INFO - Sync 1 DAGs
[2022-12-22T23:59:35.450+0000] {logging_mixin.py:137} INFO - [2022-12-22T23:59:35.449+0000] {dag.py:3427} INFO - Setting next_dagrun for example_skip_dag to 2022-12-21T23:59:35.449620+00:00, run_after=2022-12-22T23:59:35.449620+00:00
[2022-12-22T23:59:35.463+0000] {processor.py:175} INFO - Processing /home/airflow/.local/lib/python3.7/site-packages/airflow/example_dags/example_skip_dag.py took 0.085 seconds
