[2022-12-22T23:53:24.078+0000] {processor.py:153} INFO - Started process (PID=209) to work on /home/airflow/.local/lib/python3.7/site-packages/airflow/example_dags/example_sla_dag.py
[2022-12-22T23:53:24.080+0000] {processor.py:743} INFO - Processing file /home/airflow/.local/lib/python3.7/site-packages/airflow/example_dags/example_sla_dag.py for tasks to queue
[2022-12-22T23:53:24.081+0000] {logging_mixin.py:137} INFO - [2022-12-22T23:53:24.081+0000] {dagbag.py:538} INFO - Filling up the DagBag from /home/airflow/.local/lib/python3.7/site-packages/airflow/example_dags/example_sla_dag.py
[2022-12-22T23:53:24.102+0000] {processor.py:753} INFO - DAG(s) dict_keys(['example_sla_dag']) retrieved from /home/airflow/.local/lib/python3.7/site-packages/airflow/example_dags/example_sla_dag.py
[2022-12-22T23:53:24.127+0000] {logging_mixin.py:137} INFO - [2022-12-22T23:53:24.127+0000] {dag.py:2676} INFO - Sync 1 DAGs
[2022-12-22T23:53:24.152+0000] {logging_mixin.py:137} INFO - [2022-12-22T23:53:24.152+0000] {dag.py:3427} INFO - Setting next_dagrun for example_sla_dag to 2022-12-22T23:50:00+00:00, run_after=2022-12-22T23:52:00+00:00
[2022-12-22T23:53:24.171+0000] {processor.py:175} INFO - Processing /home/airflow/.local/lib/python3.7/site-packages/airflow/example_dags/example_sla_dag.py took 0.095 seconds
[2022-12-22T23:53:55.028+0000] {processor.py:153} INFO - Started process (PID=437) to work on /home/airflow/.local/lib/python3.7/site-packages/airflow/example_dags/example_sla_dag.py
[2022-12-22T23:53:55.030+0000] {processor.py:743} INFO - Processing file /home/airflow/.local/lib/python3.7/site-packages/airflow/example_dags/example_sla_dag.py for tasks to queue
[2022-12-22T23:53:55.031+0000] {logging_mixin.py:137} INFO - [2022-12-22T23:53:55.031+0000] {dagbag.py:538} INFO - Filling up the DagBag from /home/airflow/.local/lib/python3.7/site-packages/airflow/example_dags/example_sla_dag.py
[2022-12-22T23:53:55.049+0000] {processor.py:753} INFO - DAG(s) dict_keys(['example_sla_dag']) retrieved from /home/airflow/.local/lib/python3.7/site-packages/airflow/example_dags/example_sla_dag.py
[2022-12-22T23:53:55.080+0000] {logging_mixin.py:137} INFO - [2022-12-22T23:53:55.080+0000] {dag.py:2676} INFO - Sync 1 DAGs
[2022-12-22T23:53:55.100+0000] {logging_mixin.py:137} INFO - [2022-12-22T23:53:55.100+0000] {dag.py:3427} INFO - Setting next_dagrun for example_sla_dag to 2022-12-22T23:50:00+00:00, run_after=2022-12-22T23:52:00+00:00
[2022-12-22T23:53:55.114+0000] {processor.py:175} INFO - Processing /home/airflow/.local/lib/python3.7/site-packages/airflow/example_dags/example_sla_dag.py took 0.089 seconds
[2022-12-22T23:54:25.794+0000] {processor.py:153} INFO - Started process (PID=651) to work on /home/airflow/.local/lib/python3.7/site-packages/airflow/example_dags/example_sla_dag.py
[2022-12-22T23:54:25.796+0000] {processor.py:743} INFO - Processing file /home/airflow/.local/lib/python3.7/site-packages/airflow/example_dags/example_sla_dag.py for tasks to queue
[2022-12-22T23:54:25.797+0000] {logging_mixin.py:137} INFO - [2022-12-22T23:54:25.797+0000] {dagbag.py:538} INFO - Filling up the DagBag from /home/airflow/.local/lib/python3.7/site-packages/airflow/example_dags/example_sla_dag.py
[2022-12-22T23:54:25.816+0000] {processor.py:753} INFO - DAG(s) dict_keys(['example_sla_dag']) retrieved from /home/airflow/.local/lib/python3.7/site-packages/airflow/example_dags/example_sla_dag.py
[2022-12-22T23:54:25.848+0000] {logging_mixin.py:137} INFO - [2022-12-22T23:54:25.848+0000] {dag.py:2676} INFO - Sync 1 DAGs
[2022-12-22T23:54:25.870+0000] {logging_mixin.py:137} INFO - [2022-12-22T23:54:25.869+0000] {dag.py:3427} INFO - Setting next_dagrun for example_sla_dag to 2022-12-22T23:52:00+00:00, run_after=2022-12-22T23:54:00+00:00
[2022-12-22T23:54:25.889+0000] {processor.py:175} INFO - Processing /home/airflow/.local/lib/python3.7/site-packages/airflow/example_dags/example_sla_dag.py took 0.098 seconds
[2022-12-22T23:54:55.998+0000] {processor.py:153} INFO - Started process (PID=877) to work on /home/airflow/.local/lib/python3.7/site-packages/airflow/example_dags/example_sla_dag.py
[2022-12-22T23:54:56.000+0000] {processor.py:743} INFO - Processing file /home/airflow/.local/lib/python3.7/site-packages/airflow/example_dags/example_sla_dag.py for tasks to queue
[2022-12-22T23:54:56.001+0000] {logging_mixin.py:137} INFO - [2022-12-22T23:54:56.001+0000] {dagbag.py:538} INFO - Filling up the DagBag from /home/airflow/.local/lib/python3.7/site-packages/airflow/example_dags/example_sla_dag.py
[2022-12-22T23:54:56.021+0000] {processor.py:753} INFO - DAG(s) dict_keys(['example_sla_dag']) retrieved from /home/airflow/.local/lib/python3.7/site-packages/airflow/example_dags/example_sla_dag.py
[2022-12-22T23:54:56.052+0000] {logging_mixin.py:137} INFO - [2022-12-22T23:54:56.052+0000] {dag.py:2676} INFO - Sync 1 DAGs
[2022-12-22T23:54:56.071+0000] {logging_mixin.py:137} INFO - [2022-12-22T23:54:56.071+0000] {dag.py:3427} INFO - Setting next_dagrun for example_sla_dag to 2022-12-22T23:52:00+00:00, run_after=2022-12-22T23:54:00+00:00
[2022-12-22T23:54:56.084+0000] {processor.py:175} INFO - Processing /home/airflow/.local/lib/python3.7/site-packages/airflow/example_dags/example_sla_dag.py took 0.089 seconds
[2022-12-22T23:55:26.806+0000] {processor.py:153} INFO - Started process (PID=1103) to work on /home/airflow/.local/lib/python3.7/site-packages/airflow/example_dags/example_sla_dag.py
[2022-12-22T23:55:26.807+0000] {processor.py:743} INFO - Processing file /home/airflow/.local/lib/python3.7/site-packages/airflow/example_dags/example_sla_dag.py for tasks to queue
[2022-12-22T23:55:26.808+0000] {logging_mixin.py:137} INFO - [2022-12-22T23:55:26.808+0000] {dagbag.py:538} INFO - Filling up the DagBag from /home/airflow/.local/lib/python3.7/site-packages/airflow/example_dags/example_sla_dag.py
[2022-12-22T23:55:26.827+0000] {processor.py:753} INFO - DAG(s) dict_keys(['example_sla_dag']) retrieved from /home/airflow/.local/lib/python3.7/site-packages/airflow/example_dags/example_sla_dag.py
[2022-12-22T23:55:26.859+0000] {logging_mixin.py:137} INFO - [2022-12-22T23:55:26.859+0000] {dag.py:2676} INFO - Sync 1 DAGs
[2022-12-22T23:55:26.881+0000] {logging_mixin.py:137} INFO - [2022-12-22T23:55:26.881+0000] {dag.py:3427} INFO - Setting next_dagrun for example_sla_dag to 2022-12-22T23:52:00+00:00, run_after=2022-12-22T23:54:00+00:00
[2022-12-22T23:55:26.895+0000] {processor.py:175} INFO - Processing /home/airflow/.local/lib/python3.7/site-packages/airflow/example_dags/example_sla_dag.py took 0.092 seconds
[2022-12-22T23:55:57.552+0000] {processor.py:153} INFO - Started process (PID=1317) to work on /home/airflow/.local/lib/python3.7/site-packages/airflow/example_dags/example_sla_dag.py
[2022-12-22T23:55:57.553+0000] {processor.py:743} INFO - Processing file /home/airflow/.local/lib/python3.7/site-packages/airflow/example_dags/example_sla_dag.py for tasks to queue
[2022-12-22T23:55:57.554+0000] {logging_mixin.py:137} INFO - [2022-12-22T23:55:57.554+0000] {dagbag.py:538} INFO - Filling up the DagBag from /home/airflow/.local/lib/python3.7/site-packages/airflow/example_dags/example_sla_dag.py
[2022-12-22T23:55:57.574+0000] {processor.py:753} INFO - DAG(s) dict_keys(['example_sla_dag']) retrieved from /home/airflow/.local/lib/python3.7/site-packages/airflow/example_dags/example_sla_dag.py
[2022-12-22T23:55:57.605+0000] {logging_mixin.py:137} INFO - [2022-12-22T23:55:57.605+0000] {dag.py:2676} INFO - Sync 1 DAGs
[2022-12-22T23:55:57.626+0000] {logging_mixin.py:137} INFO - [2022-12-22T23:55:57.626+0000] {dag.py:3427} INFO - Setting next_dagrun for example_sla_dag to 2022-12-22T23:52:00+00:00, run_after=2022-12-22T23:54:00+00:00
[2022-12-22T23:55:57.641+0000] {processor.py:175} INFO - Processing /home/airflow/.local/lib/python3.7/site-packages/airflow/example_dags/example_sla_dag.py took 0.092 seconds
[2022-12-22T23:56:28.612+0000] {processor.py:153} INFO - Started process (PID=1541) to work on /home/airflow/.local/lib/python3.7/site-packages/airflow/example_dags/example_sla_dag.py
[2022-12-22T23:56:28.613+0000] {processor.py:743} INFO - Processing file /home/airflow/.local/lib/python3.7/site-packages/airflow/example_dags/example_sla_dag.py for tasks to queue
[2022-12-22T23:56:28.615+0000] {logging_mixin.py:137} INFO - [2022-12-22T23:56:28.614+0000] {dagbag.py:538} INFO - Filling up the DagBag from /home/airflow/.local/lib/python3.7/site-packages/airflow/example_dags/example_sla_dag.py
[2022-12-22T23:56:28.632+0000] {processor.py:753} INFO - DAG(s) dict_keys(['example_sla_dag']) retrieved from /home/airflow/.local/lib/python3.7/site-packages/airflow/example_dags/example_sla_dag.py
[2022-12-22T23:56:28.669+0000] {logging_mixin.py:137} INFO - [2022-12-22T23:56:28.669+0000] {dag.py:2676} INFO - Sync 1 DAGs
[2022-12-22T23:56:28.692+0000] {logging_mixin.py:137} INFO - [2022-12-22T23:56:28.692+0000] {dag.py:3427} INFO - Setting next_dagrun for example_sla_dag to 2022-12-22T23:54:00+00:00, run_after=2022-12-22T23:56:00+00:00
[2022-12-22T23:56:28.708+0000] {processor.py:175} INFO - Processing /home/airflow/.local/lib/python3.7/site-packages/airflow/example_dags/example_sla_dag.py took 0.099 seconds
[2022-12-22T23:56:59.290+0000] {processor.py:153} INFO - Started process (PID=1767) to work on /home/airflow/.local/lib/python3.7/site-packages/airflow/example_dags/example_sla_dag.py
[2022-12-22T23:56:59.292+0000] {processor.py:743} INFO - Processing file /home/airflow/.local/lib/python3.7/site-packages/airflow/example_dags/example_sla_dag.py for tasks to queue
[2022-12-22T23:56:59.292+0000] {logging_mixin.py:137} INFO - [2022-12-22T23:56:59.292+0000] {dagbag.py:538} INFO - Filling up the DagBag from /home/airflow/.local/lib/python3.7/site-packages/airflow/example_dags/example_sla_dag.py
[2022-12-22T23:56:59.310+0000] {processor.py:753} INFO - DAG(s) dict_keys(['example_sla_dag']) retrieved from /home/airflow/.local/lib/python3.7/site-packages/airflow/example_dags/example_sla_dag.py
[2022-12-22T23:56:59.342+0000] {logging_mixin.py:137} INFO - [2022-12-22T23:56:59.342+0000] {dag.py:2676} INFO - Sync 1 DAGs
[2022-12-22T23:56:59.362+0000] {logging_mixin.py:137} INFO - [2022-12-22T23:56:59.362+0000] {dag.py:3427} INFO - Setting next_dagrun for example_sla_dag to 2022-12-22T23:54:00+00:00, run_after=2022-12-22T23:56:00+00:00
[2022-12-22T23:56:59.376+0000] {processor.py:175} INFO - Processing /home/airflow/.local/lib/python3.7/site-packages/airflow/example_dags/example_sla_dag.py took 0.088 seconds
[2022-12-22T23:57:30.025+0000] {processor.py:153} INFO - Started process (PID=1982) to work on /home/airflow/.local/lib/python3.7/site-packages/airflow/example_dags/example_sla_dag.py
[2022-12-22T23:57:30.027+0000] {processor.py:743} INFO - Processing file /home/airflow/.local/lib/python3.7/site-packages/airflow/example_dags/example_sla_dag.py for tasks to queue
[2022-12-22T23:57:30.028+0000] {logging_mixin.py:137} INFO - [2022-12-22T23:57:30.028+0000] {dagbag.py:538} INFO - Filling up the DagBag from /home/airflow/.local/lib/python3.7/site-packages/airflow/example_dags/example_sla_dag.py
[2022-12-22T23:57:30.048+0000] {processor.py:753} INFO - DAG(s) dict_keys(['example_sla_dag']) retrieved from /home/airflow/.local/lib/python3.7/site-packages/airflow/example_dags/example_sla_dag.py
[2022-12-22T23:57:30.083+0000] {logging_mixin.py:137} INFO - [2022-12-22T23:57:30.083+0000] {dag.py:2676} INFO - Sync 1 DAGs
[2022-12-22T23:57:30.105+0000] {logging_mixin.py:137} INFO - [2022-12-22T23:57:30.105+0000] {dag.py:3427} INFO - Setting next_dagrun for example_sla_dag to 2022-12-22T23:54:00+00:00, run_after=2022-12-22T23:56:00+00:00
[2022-12-22T23:57:30.120+0000] {processor.py:175} INFO - Processing /home/airflow/.local/lib/python3.7/site-packages/airflow/example_dags/example_sla_dag.py took 0.098 seconds
[2022-12-22T23:58:00.788+0000] {processor.py:153} INFO - Started process (PID=2208) to work on /home/airflow/.local/lib/python3.7/site-packages/airflow/example_dags/example_sla_dag.py
[2022-12-22T23:58:00.790+0000] {processor.py:743} INFO - Processing file /home/airflow/.local/lib/python3.7/site-packages/airflow/example_dags/example_sla_dag.py for tasks to queue
[2022-12-22T23:58:00.791+0000] {logging_mixin.py:137} INFO - [2022-12-22T23:58:00.791+0000] {dagbag.py:538} INFO - Filling up the DagBag from /home/airflow/.local/lib/python3.7/site-packages/airflow/example_dags/example_sla_dag.py
[2022-12-22T23:58:00.810+0000] {processor.py:753} INFO - DAG(s) dict_keys(['example_sla_dag']) retrieved from /home/airflow/.local/lib/python3.7/site-packages/airflow/example_dags/example_sla_dag.py
[2022-12-22T23:58:00.841+0000] {logging_mixin.py:137} INFO - [2022-12-22T23:58:00.841+0000] {dag.py:2676} INFO - Sync 1 DAGs
[2022-12-22T23:58:00.861+0000] {logging_mixin.py:137} INFO - [2022-12-22T23:58:00.860+0000] {dag.py:3427} INFO - Setting next_dagrun for example_sla_dag to 2022-12-22T23:56:00+00:00, run_after=2022-12-22T23:58:00+00:00
[2022-12-22T23:58:00.873+0000] {processor.py:175} INFO - Processing /home/airflow/.local/lib/python3.7/site-packages/airflow/example_dags/example_sla_dag.py took 0.089 seconds
[2022-12-22T23:58:31.615+0000] {processor.py:153} INFO - Started process (PID=2436) to work on /home/airflow/.local/lib/python3.7/site-packages/airflow/example_dags/example_sla_dag.py
[2022-12-22T23:58:31.616+0000] {processor.py:743} INFO - Processing file /home/airflow/.local/lib/python3.7/site-packages/airflow/example_dags/example_sla_dag.py for tasks to queue
[2022-12-22T23:58:31.617+0000] {logging_mixin.py:137} INFO - [2022-12-22T23:58:31.617+0000] {dagbag.py:538} INFO - Filling up the DagBag from /home/airflow/.local/lib/python3.7/site-packages/airflow/example_dags/example_sla_dag.py
[2022-12-22T23:58:31.638+0000] {processor.py:753} INFO - DAG(s) dict_keys(['example_sla_dag']) retrieved from /home/airflow/.local/lib/python3.7/site-packages/airflow/example_dags/example_sla_dag.py
[2022-12-22T23:58:31.677+0000] {logging_mixin.py:137} INFO - [2022-12-22T23:58:31.677+0000] {dag.py:2676} INFO - Sync 1 DAGs
[2022-12-22T23:58:31.701+0000] {logging_mixin.py:137} INFO - [2022-12-22T23:58:31.700+0000] {dag.py:3427} INFO - Setting next_dagrun for example_sla_dag to 2022-12-22T23:56:00+00:00, run_after=2022-12-22T23:58:00+00:00
[2022-12-22T23:58:31.717+0000] {processor.py:175} INFO - Processing /home/airflow/.local/lib/python3.7/site-packages/airflow/example_dags/example_sla_dag.py took 0.108 seconds
[2022-12-22T23:59:02.620+0000] {processor.py:153} INFO - Started process (PID=2651) to work on /home/airflow/.local/lib/python3.7/site-packages/airflow/example_dags/example_sla_dag.py
[2022-12-22T23:59:02.622+0000] {processor.py:743} INFO - Processing file /home/airflow/.local/lib/python3.7/site-packages/airflow/example_dags/example_sla_dag.py for tasks to queue
[2022-12-22T23:59:02.623+0000] {logging_mixin.py:137} INFO - [2022-12-22T23:59:02.623+0000] {dagbag.py:538} INFO - Filling up the DagBag from /home/airflow/.local/lib/python3.7/site-packages/airflow/example_dags/example_sla_dag.py
[2022-12-22T23:59:02.642+0000] {processor.py:753} INFO - DAG(s) dict_keys(['example_sla_dag']) retrieved from /home/airflow/.local/lib/python3.7/site-packages/airflow/example_dags/example_sla_dag.py
[2022-12-22T23:59:02.676+0000] {logging_mixin.py:137} INFO - [2022-12-22T23:59:02.676+0000] {dag.py:2676} INFO - Sync 1 DAGs
[2022-12-22T23:59:02.698+0000] {logging_mixin.py:137} INFO - [2022-12-22T23:59:02.698+0000] {dag.py:3427} INFO - Setting next_dagrun for example_sla_dag to 2022-12-22T23:56:00+00:00, run_after=2022-12-22T23:58:00+00:00
[2022-12-22T23:59:02.713+0000] {processor.py:175} INFO - Processing /home/airflow/.local/lib/python3.7/site-packages/airflow/example_dags/example_sla_dag.py took 0.097 seconds
[2022-12-22T23:59:33.447+0000] {processor.py:153} INFO - Started process (PID=2878) to work on /home/airflow/.local/lib/python3.7/site-packages/airflow/example_dags/example_sla_dag.py
[2022-12-22T23:59:33.449+0000] {processor.py:743} INFO - Processing file /home/airflow/.local/lib/python3.7/site-packages/airflow/example_dags/example_sla_dag.py for tasks to queue
[2022-12-22T23:59:33.450+0000] {logging_mixin.py:137} INFO - [2022-12-22T23:59:33.450+0000] {dagbag.py:538} INFO - Filling up the DagBag from /home/airflow/.local/lib/python3.7/site-packages/airflow/example_dags/example_sla_dag.py
[2022-12-22T23:59:33.470+0000] {processor.py:753} INFO - DAG(s) dict_keys(['example_sla_dag']) retrieved from /home/airflow/.local/lib/python3.7/site-packages/airflow/example_dags/example_sla_dag.py
[2022-12-22T23:59:33.503+0000] {logging_mixin.py:137} INFO - [2022-12-22T23:59:33.503+0000] {dag.py:2676} INFO - Sync 1 DAGs
[2022-12-22T23:59:33.524+0000] {logging_mixin.py:137} INFO - [2022-12-22T23:59:33.524+0000] {dag.py:3427} INFO - Setting next_dagrun for example_sla_dag to 2022-12-22T23:56:00+00:00, run_after=2022-12-22T23:58:00+00:00
[2022-12-22T23:59:33.537+0000] {processor.py:175} INFO - Processing /home/airflow/.local/lib/python3.7/site-packages/airflow/example_dags/example_sla_dag.py took 0.094 seconds
