[2022-12-22T23:53:23.326+0000] {processor.py:153} INFO - Started process (PID=167) to work on /home/airflow/.local/lib/python3.7/site-packages/airflow/example_dags/example_task_group_decorator.py
[2022-12-22T23:53:23.328+0000] {processor.py:743} INFO - Processing file /home/airflow/.local/lib/python3.7/site-packages/airflow/example_dags/example_task_group_decorator.py for tasks to queue
[2022-12-22T23:53:23.329+0000] {logging_mixin.py:137} INFO - [2022-12-22T23:53:23.329+0000] {dagbag.py:538} INFO - Filling up the DagBag from /home/airflow/.local/lib/python3.7/site-packages/airflow/example_dags/example_task_group_decorator.py
[2022-12-22T23:53:23.393+0000] {processor.py:753} INFO - DAG(s) dict_keys(['example_task_group_decorator']) retrieved from /home/airflow/.local/lib/python3.7/site-packages/airflow/example_dags/example_task_group_decorator.py
[2022-12-22T23:53:23.426+0000] {logging_mixin.py:137} INFO - [2022-12-22T23:53:23.426+0000] {dag.py:2676} INFO - Sync 1 DAGs
[2022-12-22T23:53:23.466+0000] {logging_mixin.py:137} INFO - [2022-12-22T23:53:23.466+0000] {dag.py:3427} INFO - Setting next_dagrun for example_task_group_decorator to 2022-12-21T23:53:23.466093+00:00, run_after=2022-12-22T23:53:23.466093+00:00
[2022-12-22T23:53:23.497+0000] {processor.py:175} INFO - Processing /home/airflow/.local/lib/python3.7/site-packages/airflow/example_dags/example_task_group_decorator.py took 0.182 seconds
[2022-12-22T23:53:54.299+0000] {processor.py:153} INFO - Started process (PID=392) to work on /home/airflow/.local/lib/python3.7/site-packages/airflow/example_dags/example_task_group_decorator.py
[2022-12-22T23:53:54.302+0000] {processor.py:743} INFO - Processing file /home/airflow/.local/lib/python3.7/site-packages/airflow/example_dags/example_task_group_decorator.py for tasks to queue
[2022-12-22T23:53:54.308+0000] {logging_mixin.py:137} INFO - [2022-12-22T23:53:54.307+0000] {dagbag.py:538} INFO - Filling up the DagBag from /home/airflow/.local/lib/python3.7/site-packages/airflow/example_dags/example_task_group_decorator.py
[2022-12-22T23:53:54.340+0000] {processor.py:753} INFO - DAG(s) dict_keys(['example_task_group_decorator']) retrieved from /home/airflow/.local/lib/python3.7/site-packages/airflow/example_dags/example_task_group_decorator.py
[2022-12-22T23:53:54.376+0000] {logging_mixin.py:137} INFO - [2022-12-22T23:53:54.376+0000] {dag.py:2676} INFO - Sync 1 DAGs
[2022-12-22T23:53:54.400+0000] {logging_mixin.py:137} INFO - [2022-12-22T23:53:54.400+0000] {dag.py:3427} INFO - Setting next_dagrun for example_task_group_decorator to 2022-12-21T23:53:54.399680+00:00, run_after=2022-12-22T23:53:54.399680+00:00
[2022-12-22T23:53:54.415+0000] {processor.py:175} INFO - Processing /home/airflow/.local/lib/python3.7/site-packages/airflow/example_dags/example_task_group_decorator.py took 0.122 seconds
[2022-12-22T23:54:25.102+0000] {processor.py:153} INFO - Started process (PID=606) to work on /home/airflow/.local/lib/python3.7/site-packages/airflow/example_dags/example_task_group_decorator.py
[2022-12-22T23:54:25.103+0000] {processor.py:743} INFO - Processing file /home/airflow/.local/lib/python3.7/site-packages/airflow/example_dags/example_task_group_decorator.py for tasks to queue
[2022-12-22T23:54:25.105+0000] {logging_mixin.py:137} INFO - [2022-12-22T23:54:25.105+0000] {dagbag.py:538} INFO - Filling up the DagBag from /home/airflow/.local/lib/python3.7/site-packages/airflow/example_dags/example_task_group_decorator.py
[2022-12-22T23:54:25.132+0000] {processor.py:753} INFO - DAG(s) dict_keys(['example_task_group_decorator']) retrieved from /home/airflow/.local/lib/python3.7/site-packages/airflow/example_dags/example_task_group_decorator.py
[2022-12-22T23:54:25.163+0000] {logging_mixin.py:137} INFO - [2022-12-22T23:54:25.162+0000] {dag.py:2676} INFO - Sync 1 DAGs
[2022-12-22T23:54:25.180+0000] {logging_mixin.py:137} INFO - [2022-12-22T23:54:25.180+0000] {dag.py:3427} INFO - Setting next_dagrun for example_task_group_decorator to 2022-12-21T23:54:25.180005+00:00, run_after=2022-12-22T23:54:25.180005+00:00
[2022-12-22T23:54:25.193+0000] {processor.py:175} INFO - Processing /home/airflow/.local/lib/python3.7/site-packages/airflow/example_dags/example_task_group_decorator.py took 0.096 seconds
[2022-12-22T23:54:55.259+0000] {processor.py:153} INFO - Started process (PID=832) to work on /home/airflow/.local/lib/python3.7/site-packages/airflow/example_dags/example_task_group_decorator.py
[2022-12-22T23:54:55.261+0000] {processor.py:743} INFO - Processing file /home/airflow/.local/lib/python3.7/site-packages/airflow/example_dags/example_task_group_decorator.py for tasks to queue
[2022-12-22T23:54:55.262+0000] {logging_mixin.py:137} INFO - [2022-12-22T23:54:55.262+0000] {dagbag.py:538} INFO - Filling up the DagBag from /home/airflow/.local/lib/python3.7/site-packages/airflow/example_dags/example_task_group_decorator.py
[2022-12-22T23:54:55.292+0000] {processor.py:753} INFO - DAG(s) dict_keys(['example_task_group_decorator']) retrieved from /home/airflow/.local/lib/python3.7/site-packages/airflow/example_dags/example_task_group_decorator.py
[2022-12-22T23:54:55.328+0000] {logging_mixin.py:137} INFO - [2022-12-22T23:54:55.328+0000] {dag.py:2676} INFO - Sync 1 DAGs
[2022-12-22T23:54:55.349+0000] {logging_mixin.py:137} INFO - [2022-12-22T23:54:55.349+0000] {dag.py:3427} INFO - Setting next_dagrun for example_task_group_decorator to 2022-12-21T23:54:55.348968+00:00, run_after=2022-12-22T23:54:55.348968+00:00
[2022-12-22T23:54:55.364+0000] {processor.py:175} INFO - Processing /home/airflow/.local/lib/python3.7/site-packages/airflow/example_dags/example_task_group_decorator.py took 0.110 seconds
[2022-12-22T23:55:26.098+0000] {processor.py:153} INFO - Started process (PID=1058) to work on /home/airflow/.local/lib/python3.7/site-packages/airflow/example_dags/example_task_group_decorator.py
[2022-12-22T23:55:26.099+0000] {processor.py:743} INFO - Processing file /home/airflow/.local/lib/python3.7/site-packages/airflow/example_dags/example_task_group_decorator.py for tasks to queue
[2022-12-22T23:55:26.100+0000] {logging_mixin.py:137} INFO - [2022-12-22T23:55:26.100+0000] {dagbag.py:538} INFO - Filling up the DagBag from /home/airflow/.local/lib/python3.7/site-packages/airflow/example_dags/example_task_group_decorator.py
[2022-12-22T23:55:26.123+0000] {processor.py:753} INFO - DAG(s) dict_keys(['example_task_group_decorator']) retrieved from /home/airflow/.local/lib/python3.7/site-packages/airflow/example_dags/example_task_group_decorator.py
[2022-12-22T23:55:26.154+0000] {logging_mixin.py:137} INFO - [2022-12-22T23:55:26.154+0000] {dag.py:2676} INFO - Sync 1 DAGs
[2022-12-22T23:55:26.173+0000] {logging_mixin.py:137} INFO - [2022-12-22T23:55:26.173+0000] {dag.py:3427} INFO - Setting next_dagrun for example_task_group_decorator to 2022-12-21T23:55:26.172893+00:00, run_after=2022-12-22T23:55:26.172893+00:00
[2022-12-22T23:55:26.187+0000] {processor.py:175} INFO - Processing /home/airflow/.local/lib/python3.7/site-packages/airflow/example_dags/example_task_group_decorator.py took 0.093 seconds
[2022-12-22T23:55:56.840+0000] {processor.py:153} INFO - Started process (PID=1272) to work on /home/airflow/.local/lib/python3.7/site-packages/airflow/example_dags/example_task_group_decorator.py
[2022-12-22T23:55:56.842+0000] {processor.py:743} INFO - Processing file /home/airflow/.local/lib/python3.7/site-packages/airflow/example_dags/example_task_group_decorator.py for tasks to queue
[2022-12-22T23:55:56.844+0000] {logging_mixin.py:137} INFO - [2022-12-22T23:55:56.844+0000] {dagbag.py:538} INFO - Filling up the DagBag from /home/airflow/.local/lib/python3.7/site-packages/airflow/example_dags/example_task_group_decorator.py
[2022-12-22T23:55:56.874+0000] {processor.py:753} INFO - DAG(s) dict_keys(['example_task_group_decorator']) retrieved from /home/airflow/.local/lib/python3.7/site-packages/airflow/example_dags/example_task_group_decorator.py
[2022-12-22T23:55:56.911+0000] {logging_mixin.py:137} INFO - [2022-12-22T23:55:56.911+0000] {dag.py:2676} INFO - Sync 1 DAGs
[2022-12-22T23:55:56.932+0000] {logging_mixin.py:137} INFO - [2022-12-22T23:55:56.932+0000] {dag.py:3427} INFO - Setting next_dagrun for example_task_group_decorator to 2022-12-21T23:55:56.931850+00:00, run_after=2022-12-22T23:55:56.931850+00:00
[2022-12-22T23:55:56.946+0000] {processor.py:175} INFO - Processing /home/airflow/.local/lib/python3.7/site-packages/airflow/example_dags/example_task_group_decorator.py took 0.112 seconds
[2022-12-22T23:56:27.978+0000] {processor.py:153} INFO - Started process (PID=1498) to work on /home/airflow/.local/lib/python3.7/site-packages/airflow/example_dags/example_task_group_decorator.py
[2022-12-22T23:56:27.981+0000] {processor.py:743} INFO - Processing file /home/airflow/.local/lib/python3.7/site-packages/airflow/example_dags/example_task_group_decorator.py for tasks to queue
[2022-12-22T23:56:27.983+0000] {logging_mixin.py:137} INFO - [2022-12-22T23:56:27.982+0000] {dagbag.py:538} INFO - Filling up the DagBag from /home/airflow/.local/lib/python3.7/site-packages/airflow/example_dags/example_task_group_decorator.py
[2022-12-22T23:56:28.013+0000] {processor.py:753} INFO - DAG(s) dict_keys(['example_task_group_decorator']) retrieved from /home/airflow/.local/lib/python3.7/site-packages/airflow/example_dags/example_task_group_decorator.py
[2022-12-22T23:56:28.065+0000] {logging_mixin.py:137} INFO - [2022-12-22T23:56:28.065+0000] {dag.py:2676} INFO - Sync 1 DAGs
[2022-12-22T23:56:28.087+0000] {logging_mixin.py:137} INFO - [2022-12-22T23:56:28.087+0000] {dag.py:3427} INFO - Setting next_dagrun for example_task_group_decorator to 2022-12-21T23:56:28.086747+00:00, run_after=2022-12-22T23:56:28.086747+00:00
[2022-12-22T23:56:28.102+0000] {processor.py:175} INFO - Processing /home/airflow/.local/lib/python3.7/site-packages/airflow/example_dags/example_task_group_decorator.py took 0.130 seconds
[2022-12-22T23:56:58.557+0000] {processor.py:153} INFO - Started process (PID=1725) to work on /home/airflow/.local/lib/python3.7/site-packages/airflow/example_dags/example_task_group_decorator.py
[2022-12-22T23:56:58.559+0000] {processor.py:743} INFO - Processing file /home/airflow/.local/lib/python3.7/site-packages/airflow/example_dags/example_task_group_decorator.py for tasks to queue
[2022-12-22T23:56:58.560+0000] {logging_mixin.py:137} INFO - [2022-12-22T23:56:58.560+0000] {dagbag.py:538} INFO - Filling up the DagBag from /home/airflow/.local/lib/python3.7/site-packages/airflow/example_dags/example_task_group_decorator.py
[2022-12-22T23:56:58.583+0000] {processor.py:753} INFO - DAG(s) dict_keys(['example_task_group_decorator']) retrieved from /home/airflow/.local/lib/python3.7/site-packages/airflow/example_dags/example_task_group_decorator.py
[2022-12-22T23:56:58.617+0000] {logging_mixin.py:137} INFO - [2022-12-22T23:56:58.616+0000] {dag.py:2676} INFO - Sync 1 DAGs
[2022-12-22T23:56:58.636+0000] {logging_mixin.py:137} INFO - [2022-12-22T23:56:58.636+0000] {dag.py:3427} INFO - Setting next_dagrun for example_task_group_decorator to 2022-12-21T23:56:58.636343+00:00, run_after=2022-12-22T23:56:58.636343+00:00
[2022-12-22T23:56:58.652+0000] {processor.py:175} INFO - Processing /home/airflow/.local/lib/python3.7/site-packages/airflow/example_dags/example_task_group_decorator.py took 0.097 seconds
[2022-12-22T23:57:29.438+0000] {processor.py:153} INFO - Started process (PID=1939) to work on /home/airflow/.local/lib/python3.7/site-packages/airflow/example_dags/example_task_group_decorator.py
[2022-12-22T23:57:29.440+0000] {processor.py:743} INFO - Processing file /home/airflow/.local/lib/python3.7/site-packages/airflow/example_dags/example_task_group_decorator.py for tasks to queue
[2022-12-22T23:57:29.442+0000] {logging_mixin.py:137} INFO - [2022-12-22T23:57:29.442+0000] {dagbag.py:538} INFO - Filling up the DagBag from /home/airflow/.local/lib/python3.7/site-packages/airflow/example_dags/example_task_group_decorator.py
[2022-12-22T23:57:29.464+0000] {processor.py:753} INFO - DAG(s) dict_keys(['example_task_group_decorator']) retrieved from /home/airflow/.local/lib/python3.7/site-packages/airflow/example_dags/example_task_group_decorator.py
[2022-12-22T23:57:29.496+0000] {logging_mixin.py:137} INFO - [2022-12-22T23:57:29.495+0000] {dag.py:2676} INFO - Sync 1 DAGs
[2022-12-22T23:57:29.515+0000] {logging_mixin.py:137} INFO - [2022-12-22T23:57:29.515+0000] {dag.py:3427} INFO - Setting next_dagrun for example_task_group_decorator to 2022-12-21T23:57:29.515459+00:00, run_after=2022-12-22T23:57:29.515459+00:00
[2022-12-22T23:57:29.529+0000] {processor.py:175} INFO - Processing /home/airflow/.local/lib/python3.7/site-packages/airflow/example_dags/example_task_group_decorator.py took 0.094 seconds
[2022-12-22T23:58:00.224+0000] {processor.py:153} INFO - Started process (PID=2165) to work on /home/airflow/.local/lib/python3.7/site-packages/airflow/example_dags/example_task_group_decorator.py
[2022-12-22T23:58:00.226+0000] {processor.py:743} INFO - Processing file /home/airflow/.local/lib/python3.7/site-packages/airflow/example_dags/example_task_group_decorator.py for tasks to queue
[2022-12-22T23:58:00.227+0000] {logging_mixin.py:137} INFO - [2022-12-22T23:58:00.227+0000] {dagbag.py:538} INFO - Filling up the DagBag from /home/airflow/.local/lib/python3.7/site-packages/airflow/example_dags/example_task_group_decorator.py
[2022-12-22T23:58:00.251+0000] {processor.py:753} INFO - DAG(s) dict_keys(['example_task_group_decorator']) retrieved from /home/airflow/.local/lib/python3.7/site-packages/airflow/example_dags/example_task_group_decorator.py
[2022-12-22T23:58:00.282+0000] {logging_mixin.py:137} INFO - [2022-12-22T23:58:00.281+0000] {dag.py:2676} INFO - Sync 1 DAGs
[2022-12-22T23:58:00.299+0000] {logging_mixin.py:137} INFO - [2022-12-22T23:58:00.299+0000] {dag.py:3427} INFO - Setting next_dagrun for example_task_group_decorator to 2022-12-21T23:58:00.299449+00:00, run_after=2022-12-22T23:58:00.299449+00:00
[2022-12-22T23:58:00.312+0000] {processor.py:175} INFO - Processing /home/airflow/.local/lib/python3.7/site-packages/airflow/example_dags/example_task_group_decorator.py took 0.093 seconds
[2022-12-22T23:58:30.777+0000] {processor.py:153} INFO - Started process (PID=2389) to work on /home/airflow/.local/lib/python3.7/site-packages/airflow/example_dags/example_task_group_decorator.py
[2022-12-22T23:58:30.779+0000] {processor.py:743} INFO - Processing file /home/airflow/.local/lib/python3.7/site-packages/airflow/example_dags/example_task_group_decorator.py for tasks to queue
[2022-12-22T23:58:30.781+0000] {logging_mixin.py:137} INFO - [2022-12-22T23:58:30.780+0000] {dagbag.py:538} INFO - Filling up the DagBag from /home/airflow/.local/lib/python3.7/site-packages/airflow/example_dags/example_task_group_decorator.py
[2022-12-22T23:58:30.807+0000] {processor.py:753} INFO - DAG(s) dict_keys(['example_task_group_decorator']) retrieved from /home/airflow/.local/lib/python3.7/site-packages/airflow/example_dags/example_task_group_decorator.py
[2022-12-22T23:58:30.844+0000] {logging_mixin.py:137} INFO - [2022-12-22T23:58:30.844+0000] {dag.py:2676} INFO - Sync 1 DAGs
[2022-12-22T23:58:30.864+0000] {logging_mixin.py:137} INFO - [2022-12-22T23:58:30.864+0000] {dag.py:3427} INFO - Setting next_dagrun for example_task_group_decorator to 2022-12-21T23:58:30.864194+00:00, run_after=2022-12-22T23:58:30.864194+00:00
[2022-12-22T23:58:30.879+0000] {processor.py:175} INFO - Processing /home/airflow/.local/lib/python3.7/site-packages/airflow/example_dags/example_task_group_decorator.py took 0.106 seconds
[2022-12-22T23:59:01.801+0000] {processor.py:153} INFO - Started process (PID=2606) to work on /home/airflow/.local/lib/python3.7/site-packages/airflow/example_dags/example_task_group_decorator.py
[2022-12-22T23:59:01.804+0000] {processor.py:743} INFO - Processing file /home/airflow/.local/lib/python3.7/site-packages/airflow/example_dags/example_task_group_decorator.py for tasks to queue
[2022-12-22T23:59:01.805+0000] {logging_mixin.py:137} INFO - [2022-12-22T23:59:01.805+0000] {dagbag.py:538} INFO - Filling up the DagBag from /home/airflow/.local/lib/python3.7/site-packages/airflow/example_dags/example_task_group_decorator.py
[2022-12-22T23:59:01.837+0000] {processor.py:753} INFO - DAG(s) dict_keys(['example_task_group_decorator']) retrieved from /home/airflow/.local/lib/python3.7/site-packages/airflow/example_dags/example_task_group_decorator.py
[2022-12-22T23:59:01.874+0000] {logging_mixin.py:137} INFO - [2022-12-22T23:59:01.874+0000] {dag.py:2676} INFO - Sync 1 DAGs
[2022-12-22T23:59:01.896+0000] {logging_mixin.py:137} INFO - [2022-12-22T23:59:01.896+0000] {dag.py:3427} INFO - Setting next_dagrun for example_task_group_decorator to 2022-12-21T23:59:01.895671+00:00, run_after=2022-12-22T23:59:01.895671+00:00
[2022-12-22T23:59:01.912+0000] {processor.py:175} INFO - Processing /home/airflow/.local/lib/python3.7/site-packages/airflow/example_dags/example_task_group_decorator.py took 0.116 seconds
[2022-12-22T23:59:32.722+0000] {processor.py:153} INFO - Started process (PID=2833) to work on /home/airflow/.local/lib/python3.7/site-packages/airflow/example_dags/example_task_group_decorator.py
[2022-12-22T23:59:32.723+0000] {processor.py:743} INFO - Processing file /home/airflow/.local/lib/python3.7/site-packages/airflow/example_dags/example_task_group_decorator.py for tasks to queue
[2022-12-22T23:59:32.724+0000] {logging_mixin.py:137} INFO - [2022-12-22T23:59:32.724+0000] {dagbag.py:538} INFO - Filling up the DagBag from /home/airflow/.local/lib/python3.7/site-packages/airflow/example_dags/example_task_group_decorator.py
[2022-12-22T23:59:32.749+0000] {processor.py:753} INFO - DAG(s) dict_keys(['example_task_group_decorator']) retrieved from /home/airflow/.local/lib/python3.7/site-packages/airflow/example_dags/example_task_group_decorator.py
[2022-12-22T23:59:32.781+0000] {logging_mixin.py:137} INFO - [2022-12-22T23:59:32.781+0000] {dag.py:2676} INFO - Sync 1 DAGs
[2022-12-22T23:59:32.800+0000] {logging_mixin.py:137} INFO - [2022-12-22T23:59:32.800+0000] {dag.py:3427} INFO - Setting next_dagrun for example_task_group_decorator to 2022-12-21T23:59:32.800254+00:00, run_after=2022-12-22T23:59:32.800254+00:00
[2022-12-22T23:59:32.814+0000] {processor.py:175} INFO - Processing /home/airflow/.local/lib/python3.7/site-packages/airflow/example_dags/example_task_group_decorator.py took 0.096 seconds
