[2022-12-22T23:53:23.649+0000] {processor.py:153} INFO - Started process (PID=182) to work on /home/airflow/.local/lib/python3.7/site-packages/airflow/example_dags/example_nested_branch_dag.py
[2022-12-22T23:53:23.650+0000] {processor.py:743} INFO - Processing file /home/airflow/.local/lib/python3.7/site-packages/airflow/example_dags/example_nested_branch_dag.py for tasks to queue
[2022-12-22T23:53:23.651+0000] {logging_mixin.py:137} INFO - [2022-12-22T23:53:23.651+0000] {dagbag.py:538} INFO - Filling up the DagBag from /home/airflow/.local/lib/python3.7/site-packages/airflow/example_dags/example_nested_branch_dag.py
[2022-12-22T23:53:23.673+0000] {processor.py:753} INFO - DAG(s) dict_keys(['example_nested_branch_dag']) retrieved from /home/airflow/.local/lib/python3.7/site-packages/airflow/example_dags/example_nested_branch_dag.py
[2022-12-22T23:53:23.704+0000] {logging_mixin.py:137} INFO - [2022-12-22T23:53:23.704+0000] {dag.py:2676} INFO - Sync 1 DAGs
[2022-12-22T23:53:23.737+0000] {logging_mixin.py:137} INFO - [2022-12-22T23:53:23.737+0000] {dag.py:3427} INFO - Setting next_dagrun for example_nested_branch_dag to 2022-12-21T00:00:00+00:00, run_after=2022-12-22T00:00:00+00:00
[2022-12-22T23:53:23.755+0000] {processor.py:175} INFO - Processing /home/airflow/.local/lib/python3.7/site-packages/airflow/example_dags/example_nested_branch_dag.py took 0.109 seconds
[2022-12-22T23:53:54.563+0000] {processor.py:153} INFO - Started process (PID=407) to work on /home/airflow/.local/lib/python3.7/site-packages/airflow/example_dags/example_nested_branch_dag.py
[2022-12-22T23:53:54.565+0000] {processor.py:743} INFO - Processing file /home/airflow/.local/lib/python3.7/site-packages/airflow/example_dags/example_nested_branch_dag.py for tasks to queue
[2022-12-22T23:53:54.566+0000] {logging_mixin.py:137} INFO - [2022-12-22T23:53:54.566+0000] {dagbag.py:538} INFO - Filling up the DagBag from /home/airflow/.local/lib/python3.7/site-packages/airflow/example_dags/example_nested_branch_dag.py
[2022-12-22T23:53:54.585+0000] {processor.py:753} INFO - DAG(s) dict_keys(['example_nested_branch_dag']) retrieved from /home/airflow/.local/lib/python3.7/site-packages/airflow/example_dags/example_nested_branch_dag.py
[2022-12-22T23:53:54.617+0000] {logging_mixin.py:137} INFO - [2022-12-22T23:53:54.617+0000] {dag.py:2676} INFO - Sync 1 DAGs
[2022-12-22T23:53:54.635+0000] {logging_mixin.py:137} INFO - [2022-12-22T23:53:54.635+0000] {dag.py:3427} INFO - Setting next_dagrun for example_nested_branch_dag to 2022-12-21T00:00:00+00:00, run_after=2022-12-22T00:00:00+00:00
[2022-12-22T23:53:54.649+0000] {processor.py:175} INFO - Processing /home/airflow/.local/lib/python3.7/site-packages/airflow/example_dags/example_nested_branch_dag.py took 0.089 seconds
[2022-12-22T23:54:25.338+0000] {processor.py:153} INFO - Started process (PID=621) to work on /home/airflow/.local/lib/python3.7/site-packages/airflow/example_dags/example_nested_branch_dag.py
[2022-12-22T23:54:25.339+0000] {processor.py:743} INFO - Processing file /home/airflow/.local/lib/python3.7/site-packages/airflow/example_dags/example_nested_branch_dag.py for tasks to queue
[2022-12-22T23:54:25.341+0000] {logging_mixin.py:137} INFO - [2022-12-22T23:54:25.341+0000] {dagbag.py:538} INFO - Filling up the DagBag from /home/airflow/.local/lib/python3.7/site-packages/airflow/example_dags/example_nested_branch_dag.py
[2022-12-22T23:54:25.360+0000] {processor.py:753} INFO - DAG(s) dict_keys(['example_nested_branch_dag']) retrieved from /home/airflow/.local/lib/python3.7/site-packages/airflow/example_dags/example_nested_branch_dag.py
[2022-12-22T23:54:25.392+0000] {logging_mixin.py:137} INFO - [2022-12-22T23:54:25.392+0000] {dag.py:2676} INFO - Sync 1 DAGs
[2022-12-22T23:54:25.410+0000] {logging_mixin.py:137} INFO - [2022-12-22T23:54:25.410+0000] {dag.py:3427} INFO - Setting next_dagrun for example_nested_branch_dag to 2022-12-21T00:00:00+00:00, run_after=2022-12-22T00:00:00+00:00
[2022-12-22T23:54:25.423+0000] {processor.py:175} INFO - Processing /home/airflow/.local/lib/python3.7/site-packages/airflow/example_dags/example_nested_branch_dag.py took 0.088 seconds
[2022-12-22T23:54:55.508+0000] {processor.py:153} INFO - Started process (PID=847) to work on /home/airflow/.local/lib/python3.7/site-packages/airflow/example_dags/example_nested_branch_dag.py
[2022-12-22T23:54:55.510+0000] {processor.py:743} INFO - Processing file /home/airflow/.local/lib/python3.7/site-packages/airflow/example_dags/example_nested_branch_dag.py for tasks to queue
[2022-12-22T23:54:55.511+0000] {logging_mixin.py:137} INFO - [2022-12-22T23:54:55.511+0000] {dagbag.py:538} INFO - Filling up the DagBag from /home/airflow/.local/lib/python3.7/site-packages/airflow/example_dags/example_nested_branch_dag.py
[2022-12-22T23:54:55.530+0000] {processor.py:753} INFO - DAG(s) dict_keys(['example_nested_branch_dag']) retrieved from /home/airflow/.local/lib/python3.7/site-packages/airflow/example_dags/example_nested_branch_dag.py
[2022-12-22T23:54:55.562+0000] {logging_mixin.py:137} INFO - [2022-12-22T23:54:55.562+0000] {dag.py:2676} INFO - Sync 1 DAGs
[2022-12-22T23:54:55.581+0000] {logging_mixin.py:137} INFO - [2022-12-22T23:54:55.581+0000] {dag.py:3427} INFO - Setting next_dagrun for example_nested_branch_dag to 2022-12-21T00:00:00+00:00, run_after=2022-12-22T00:00:00+00:00
[2022-12-22T23:54:55.595+0000] {processor.py:175} INFO - Processing /home/airflow/.local/lib/python3.7/site-packages/airflow/example_dags/example_nested_branch_dag.py took 0.090 seconds
[2022-12-22T23:55:26.334+0000] {processor.py:153} INFO - Started process (PID=1073) to work on /home/airflow/.local/lib/python3.7/site-packages/airflow/example_dags/example_nested_branch_dag.py
[2022-12-22T23:55:26.335+0000] {processor.py:743} INFO - Processing file /home/airflow/.local/lib/python3.7/site-packages/airflow/example_dags/example_nested_branch_dag.py for tasks to queue
[2022-12-22T23:55:26.336+0000] {logging_mixin.py:137} INFO - [2022-12-22T23:55:26.336+0000] {dagbag.py:538} INFO - Filling up the DagBag from /home/airflow/.local/lib/python3.7/site-packages/airflow/example_dags/example_nested_branch_dag.py
[2022-12-22T23:55:26.355+0000] {processor.py:753} INFO - DAG(s) dict_keys(['example_nested_branch_dag']) retrieved from /home/airflow/.local/lib/python3.7/site-packages/airflow/example_dags/example_nested_branch_dag.py
[2022-12-22T23:55:26.387+0000] {logging_mixin.py:137} INFO - [2022-12-22T23:55:26.387+0000] {dag.py:2676} INFO - Sync 1 DAGs
[2022-12-22T23:55:26.406+0000] {logging_mixin.py:137} INFO - [2022-12-22T23:55:26.406+0000] {dag.py:3427} INFO - Setting next_dagrun for example_nested_branch_dag to 2022-12-21T00:00:00+00:00, run_after=2022-12-22T00:00:00+00:00
[2022-12-22T23:55:26.420+0000] {processor.py:175} INFO - Processing /home/airflow/.local/lib/python3.7/site-packages/airflow/example_dags/example_nested_branch_dag.py took 0.089 seconds
[2022-12-22T23:55:57.094+0000] {processor.py:153} INFO - Started process (PID=1287) to work on /home/airflow/.local/lib/python3.7/site-packages/airflow/example_dags/example_nested_branch_dag.py
[2022-12-22T23:55:57.095+0000] {processor.py:743} INFO - Processing file /home/airflow/.local/lib/python3.7/site-packages/airflow/example_dags/example_nested_branch_dag.py for tasks to queue
[2022-12-22T23:55:57.096+0000] {logging_mixin.py:137} INFO - [2022-12-22T23:55:57.096+0000] {dagbag.py:538} INFO - Filling up the DagBag from /home/airflow/.local/lib/python3.7/site-packages/airflow/example_dags/example_nested_branch_dag.py
[2022-12-22T23:55:57.115+0000] {processor.py:753} INFO - DAG(s) dict_keys(['example_nested_branch_dag']) retrieved from /home/airflow/.local/lib/python3.7/site-packages/airflow/example_dags/example_nested_branch_dag.py
[2022-12-22T23:55:57.148+0000] {logging_mixin.py:137} INFO - [2022-12-22T23:55:57.148+0000] {dag.py:2676} INFO - Sync 1 DAGs
[2022-12-22T23:55:57.166+0000] {logging_mixin.py:137} INFO - [2022-12-22T23:55:57.166+0000] {dag.py:3427} INFO - Setting next_dagrun for example_nested_branch_dag to 2022-12-21T00:00:00+00:00, run_after=2022-12-22T00:00:00+00:00
[2022-12-22T23:55:57.180+0000] {processor.py:175} INFO - Processing /home/airflow/.local/lib/python3.7/site-packages/airflow/example_dags/example_nested_branch_dag.py took 0.089 seconds
[2022-12-22T23:56:28.140+0000] {processor.py:153} INFO - Started process (PID=1510) to work on /home/airflow/.local/lib/python3.7/site-packages/airflow/example_dags/example_nested_branch_dag.py
[2022-12-22T23:56:28.141+0000] {processor.py:743} INFO - Processing file /home/airflow/.local/lib/python3.7/site-packages/airflow/example_dags/example_nested_branch_dag.py for tasks to queue
[2022-12-22T23:56:28.142+0000] {logging_mixin.py:137} INFO - [2022-12-22T23:56:28.142+0000] {dagbag.py:538} INFO - Filling up the DagBag from /home/airflow/.local/lib/python3.7/site-packages/airflow/example_dags/example_nested_branch_dag.py
[2022-12-22T23:56:28.160+0000] {processor.py:753} INFO - DAG(s) dict_keys(['example_nested_branch_dag']) retrieved from /home/airflow/.local/lib/python3.7/site-packages/airflow/example_dags/example_nested_branch_dag.py
[2022-12-22T23:56:28.193+0000] {logging_mixin.py:137} INFO - [2022-12-22T23:56:28.193+0000] {dag.py:2676} INFO - Sync 1 DAGs
[2022-12-22T23:56:28.214+0000] {logging_mixin.py:137} INFO - [2022-12-22T23:56:28.214+0000] {dag.py:3427} INFO - Setting next_dagrun for example_nested_branch_dag to 2022-12-21T00:00:00+00:00, run_after=2022-12-22T00:00:00+00:00
[2022-12-22T23:56:28.227+0000] {processor.py:175} INFO - Processing /home/airflow/.local/lib/python3.7/site-packages/airflow/example_dags/example_nested_branch_dag.py took 0.090 seconds
[2022-12-22T23:56:58.843+0000] {processor.py:153} INFO - Started process (PID=1740) to work on /home/airflow/.local/lib/python3.7/site-packages/airflow/example_dags/example_nested_branch_dag.py
[2022-12-22T23:56:58.844+0000] {processor.py:743} INFO - Processing file /home/airflow/.local/lib/python3.7/site-packages/airflow/example_dags/example_nested_branch_dag.py for tasks to queue
[2022-12-22T23:56:58.845+0000] {logging_mixin.py:137} INFO - [2022-12-22T23:56:58.845+0000] {dagbag.py:538} INFO - Filling up the DagBag from /home/airflow/.local/lib/python3.7/site-packages/airflow/example_dags/example_nested_branch_dag.py
[2022-12-22T23:56:58.864+0000] {processor.py:753} INFO - DAG(s) dict_keys(['example_nested_branch_dag']) retrieved from /home/airflow/.local/lib/python3.7/site-packages/airflow/example_dags/example_nested_branch_dag.py
[2022-12-22T23:56:58.918+0000] {logging_mixin.py:137} INFO - [2022-12-22T23:56:58.918+0000] {dag.py:2676} INFO - Sync 1 DAGs
[2022-12-22T23:56:58.957+0000] {logging_mixin.py:137} INFO - [2022-12-22T23:56:58.956+0000] {dag.py:3427} INFO - Setting next_dagrun for example_nested_branch_dag to 2022-12-21T00:00:00+00:00, run_after=2022-12-22T00:00:00+00:00
[2022-12-22T23:56:58.977+0000] {processor.py:175} INFO - Processing /home/airflow/.local/lib/python3.7/site-packages/airflow/example_dags/example_nested_branch_dag.py took 0.137 seconds
[2022-12-22T23:57:29.562+0000] {processor.py:153} INFO - Started process (PID=1951) to work on /home/airflow/.local/lib/python3.7/site-packages/airflow/example_dags/example_nested_branch_dag.py
[2022-12-22T23:57:29.563+0000] {processor.py:743} INFO - Processing file /home/airflow/.local/lib/python3.7/site-packages/airflow/example_dags/example_nested_branch_dag.py for tasks to queue
[2022-12-22T23:57:29.564+0000] {logging_mixin.py:137} INFO - [2022-12-22T23:57:29.564+0000] {dagbag.py:538} INFO - Filling up the DagBag from /home/airflow/.local/lib/python3.7/site-packages/airflow/example_dags/example_nested_branch_dag.py
[2022-12-22T23:57:29.583+0000] {processor.py:753} INFO - DAG(s) dict_keys(['example_nested_branch_dag']) retrieved from /home/airflow/.local/lib/python3.7/site-packages/airflow/example_dags/example_nested_branch_dag.py
[2022-12-22T23:57:29.618+0000] {logging_mixin.py:137} INFO - [2022-12-22T23:57:29.618+0000] {dag.py:2676} INFO - Sync 1 DAGs
[2022-12-22T23:57:29.639+0000] {logging_mixin.py:137} INFO - [2022-12-22T23:57:29.639+0000] {dag.py:3427} INFO - Setting next_dagrun for example_nested_branch_dag to 2022-12-21T00:00:00+00:00, run_after=2022-12-22T00:00:00+00:00
[2022-12-22T23:57:29.654+0000] {processor.py:175} INFO - Processing /home/airflow/.local/lib/python3.7/site-packages/airflow/example_dags/example_nested_branch_dag.py took 0.095 seconds
[2022-12-22T23:58:00.348+0000] {processor.py:153} INFO - Started process (PID=2178) to work on /home/airflow/.local/lib/python3.7/site-packages/airflow/example_dags/example_nested_branch_dag.py
[2022-12-22T23:58:00.349+0000] {processor.py:743} INFO - Processing file /home/airflow/.local/lib/python3.7/site-packages/airflow/example_dags/example_nested_branch_dag.py for tasks to queue
[2022-12-22T23:58:00.350+0000] {logging_mixin.py:137} INFO - [2022-12-22T23:58:00.350+0000] {dagbag.py:538} INFO - Filling up the DagBag from /home/airflow/.local/lib/python3.7/site-packages/airflow/example_dags/example_nested_branch_dag.py
[2022-12-22T23:58:00.368+0000] {processor.py:753} INFO - DAG(s) dict_keys(['example_nested_branch_dag']) retrieved from /home/airflow/.local/lib/python3.7/site-packages/airflow/example_dags/example_nested_branch_dag.py
[2022-12-22T23:58:00.399+0000] {logging_mixin.py:137} INFO - [2022-12-22T23:58:00.399+0000] {dag.py:2676} INFO - Sync 1 DAGs
[2022-12-22T23:58:00.417+0000] {logging_mixin.py:137} INFO - [2022-12-22T23:58:00.417+0000] {dag.py:3427} INFO - Setting next_dagrun for example_nested_branch_dag to 2022-12-21T00:00:00+00:00, run_after=2022-12-22T00:00:00+00:00
[2022-12-22T23:58:00.430+0000] {processor.py:175} INFO - Processing /home/airflow/.local/lib/python3.7/site-packages/airflow/example_dags/example_nested_branch_dag.py took 0.085 seconds
[2022-12-22T23:58:31.037+0000] {processor.py:153} INFO - Started process (PID=2404) to work on /home/airflow/.local/lib/python3.7/site-packages/airflow/example_dags/example_nested_branch_dag.py
[2022-12-22T23:58:31.038+0000] {processor.py:743} INFO - Processing file /home/airflow/.local/lib/python3.7/site-packages/airflow/example_dags/example_nested_branch_dag.py for tasks to queue
[2022-12-22T23:58:31.039+0000] {logging_mixin.py:137} INFO - [2022-12-22T23:58:31.039+0000] {dagbag.py:538} INFO - Filling up the DagBag from /home/airflow/.local/lib/python3.7/site-packages/airflow/example_dags/example_nested_branch_dag.py
[2022-12-22T23:58:31.060+0000] {processor.py:753} INFO - DAG(s) dict_keys(['example_nested_branch_dag']) retrieved from /home/airflow/.local/lib/python3.7/site-packages/airflow/example_dags/example_nested_branch_dag.py
[2022-12-22T23:58:31.101+0000] {logging_mixin.py:137} INFO - [2022-12-22T23:58:31.101+0000] {dag.py:2676} INFO - Sync 1 DAGs
[2022-12-22T23:58:31.125+0000] {logging_mixin.py:137} INFO - [2022-12-22T23:58:31.125+0000] {dag.py:3427} INFO - Setting next_dagrun for example_nested_branch_dag to 2022-12-21T00:00:00+00:00, run_after=2022-12-22T00:00:00+00:00
[2022-12-22T23:58:31.146+0000] {processor.py:175} INFO - Processing /home/airflow/.local/lib/python3.7/site-packages/airflow/example_dags/example_nested_branch_dag.py took 0.114 seconds
[2022-12-22T23:59:02.095+0000] {processor.py:153} INFO - Started process (PID=2621) to work on /home/airflow/.local/lib/python3.7/site-packages/airflow/example_dags/example_nested_branch_dag.py
[2022-12-22T23:59:02.096+0000] {processor.py:743} INFO - Processing file /home/airflow/.local/lib/python3.7/site-packages/airflow/example_dags/example_nested_branch_dag.py for tasks to queue
[2022-12-22T23:59:02.097+0000] {logging_mixin.py:137} INFO - [2022-12-22T23:59:02.097+0000] {dagbag.py:538} INFO - Filling up the DagBag from /home/airflow/.local/lib/python3.7/site-packages/airflow/example_dags/example_nested_branch_dag.py
[2022-12-22T23:59:02.118+0000] {processor.py:753} INFO - DAG(s) dict_keys(['example_nested_branch_dag']) retrieved from /home/airflow/.local/lib/python3.7/site-packages/airflow/example_dags/example_nested_branch_dag.py
[2022-12-22T23:59:02.151+0000] {logging_mixin.py:137} INFO - [2022-12-22T23:59:02.151+0000] {dag.py:2676} INFO - Sync 1 DAGs
[2022-12-22T23:59:02.172+0000] {logging_mixin.py:137} INFO - [2022-12-22T23:59:02.171+0000] {dag.py:3427} INFO - Setting next_dagrun for example_nested_branch_dag to 2022-12-21T00:00:00+00:00, run_after=2022-12-22T00:00:00+00:00
[2022-12-22T23:59:02.188+0000] {processor.py:175} INFO - Processing /home/airflow/.local/lib/python3.7/site-packages/airflow/example_dags/example_nested_branch_dag.py took 0.096 seconds
[2022-12-22T23:59:32.963+0000] {processor.py:153} INFO - Started process (PID=2848) to work on /home/airflow/.local/lib/python3.7/site-packages/airflow/example_dags/example_nested_branch_dag.py
[2022-12-22T23:59:32.964+0000] {processor.py:743} INFO - Processing file /home/airflow/.local/lib/python3.7/site-packages/airflow/example_dags/example_nested_branch_dag.py for tasks to queue
[2022-12-22T23:59:32.966+0000] {logging_mixin.py:137} INFO - [2022-12-22T23:59:32.966+0000] {dagbag.py:538} INFO - Filling up the DagBag from /home/airflow/.local/lib/python3.7/site-packages/airflow/example_dags/example_nested_branch_dag.py
[2022-12-22T23:59:32.986+0000] {processor.py:753} INFO - DAG(s) dict_keys(['example_nested_branch_dag']) retrieved from /home/airflow/.local/lib/python3.7/site-packages/airflow/example_dags/example_nested_branch_dag.py
[2022-12-22T23:59:33.019+0000] {logging_mixin.py:137} INFO - [2022-12-22T23:59:33.019+0000] {dag.py:2676} INFO - Sync 1 DAGs
[2022-12-22T23:59:33.040+0000] {logging_mixin.py:137} INFO - [2022-12-22T23:59:33.039+0000] {dag.py:3427} INFO - Setting next_dagrun for example_nested_branch_dag to 2022-12-21T00:00:00+00:00, run_after=2022-12-22T00:00:00+00:00
[2022-12-22T23:59:33.053+0000] {processor.py:175} INFO - Processing /home/airflow/.local/lib/python3.7/site-packages/airflow/example_dags/example_nested_branch_dag.py took 0.094 seconds
