[2022-12-22T23:53:25.341+0000] {processor.py:153} INFO - Started process (PID=300) to work on /home/airflow/.local/lib/python3.7/site-packages/airflow/example_dags/example_subdag_operator.py
[2022-12-22T23:53:25.343+0000] {processor.py:743} INFO - Processing file /home/airflow/.local/lib/python3.7/site-packages/airflow/example_dags/example_subdag_operator.py for tasks to queue
[2022-12-22T23:53:25.344+0000] {logging_mixin.py:137} INFO - [2022-12-22T23:53:25.344+0000] {dagbag.py:538} INFO - Filling up the DagBag from /home/airflow/.local/lib/python3.7/site-packages/airflow/example_dags/example_subdag_operator.py
[2022-12-22T23:53:25.377+0000] {processor.py:753} INFO - DAG(s) dict_keys(['example_subdag_operator.section-1', 'example_subdag_operator.section-2', 'example_subdag_operator']) retrieved from /home/airflow/.local/lib/python3.7/site-packages/airflow/example_dags/example_subdag_operator.py
[2022-12-22T23:53:25.389+0000] {logging_mixin.py:137} INFO - [2022-12-22T23:53:25.389+0000] {dag.py:2676} INFO - Sync 3 DAGs
[2022-12-22T23:53:25.409+0000] {logging_mixin.py:137} INFO - [2022-12-22T23:53:25.409+0000] {dag.py:3427} INFO - Setting next_dagrun for example_subdag_operator to 2022-01-01T00:00:00+00:00, run_after=2022-01-01T00:00:00+00:00
[2022-12-22T23:53:25.412+0000] {logging_mixin.py:137} INFO - [2022-12-22T23:53:25.412+0000] {dag.py:3427} INFO - Setting next_dagrun for example_subdag_operator.section-1 to None, run_after=None
[2022-12-22T23:53:25.414+0000] {logging_mixin.py:137} INFO - [2022-12-22T23:53:25.414+0000] {dag.py:3427} INFO - Setting next_dagrun for example_subdag_operator.section-2 to None, run_after=None
[2022-12-22T23:53:25.421+0000] {logging_mixin.py:137} INFO - [2022-12-22T23:53:25.421+0000] {dag.py:2676} INFO - Sync 2 DAGs
[2022-12-22T23:53:25.427+0000] {logging_mixin.py:137} INFO - [2022-12-22T23:53:25.427+0000] {dag.py:3427} INFO - Setting next_dagrun for example_subdag_operator.section-1 to None, run_after=None
[2022-12-22T23:53:25.428+0000] {logging_mixin.py:137} INFO - [2022-12-22T23:53:25.428+0000] {dag.py:3427} INFO - Setting next_dagrun for example_subdag_operator.section-2 to None, run_after=None
[2022-12-22T23:53:25.439+0000] {processor.py:175} INFO - Processing /home/airflow/.local/lib/python3.7/site-packages/airflow/example_dags/example_subdag_operator.py took 0.102 seconds
[2022-12-22T23:53:56.223+0000] {processor.py:153} INFO - Started process (PID=527) to work on /home/airflow/.local/lib/python3.7/site-packages/airflow/example_dags/example_subdag_operator.py
[2022-12-22T23:53:56.225+0000] {processor.py:743} INFO - Processing file /home/airflow/.local/lib/python3.7/site-packages/airflow/example_dags/example_subdag_operator.py for tasks to queue
[2022-12-22T23:53:56.226+0000] {logging_mixin.py:137} INFO - [2022-12-22T23:53:56.225+0000] {dagbag.py:538} INFO - Filling up the DagBag from /home/airflow/.local/lib/python3.7/site-packages/airflow/example_dags/example_subdag_operator.py
[2022-12-22T23:53:56.254+0000] {processor.py:753} INFO - DAG(s) dict_keys(['example_subdag_operator.section-1', 'example_subdag_operator.section-2', 'example_subdag_operator']) retrieved from /home/airflow/.local/lib/python3.7/site-packages/airflow/example_dags/example_subdag_operator.py
[2022-12-22T23:53:56.276+0000] {logging_mixin.py:137} INFO - [2022-12-22T23:53:56.276+0000] {dag.py:2676} INFO - Sync 3 DAGs
[2022-12-22T23:53:56.294+0000] {logging_mixin.py:137} INFO - [2022-12-22T23:53:56.294+0000] {dag.py:3427} INFO - Setting next_dagrun for example_subdag_operator to 2022-01-01T00:00:00+00:00, run_after=2022-01-01T00:00:00+00:00
[2022-12-22T23:53:56.297+0000] {logging_mixin.py:137} INFO - [2022-12-22T23:53:56.297+0000] {dag.py:3427} INFO - Setting next_dagrun for example_subdag_operator.section-1 to None, run_after=None
[2022-12-22T23:53:56.299+0000] {logging_mixin.py:137} INFO - [2022-12-22T23:53:56.299+0000] {dag.py:3427} INFO - Setting next_dagrun for example_subdag_operator.section-2 to None, run_after=None
[2022-12-22T23:53:56.305+0000] {logging_mixin.py:137} INFO - [2022-12-22T23:53:56.305+0000] {dag.py:2676} INFO - Sync 2 DAGs
[2022-12-22T23:53:56.310+0000] {logging_mixin.py:137} INFO - [2022-12-22T23:53:56.310+0000] {dag.py:3427} INFO - Setting next_dagrun for example_subdag_operator.section-1 to None, run_after=None
[2022-12-22T23:53:56.311+0000] {logging_mixin.py:137} INFO - [2022-12-22T23:53:56.311+0000] {dag.py:3427} INFO - Setting next_dagrun for example_subdag_operator.section-2 to None, run_after=None
[2022-12-22T23:53:56.319+0000] {processor.py:175} INFO - Processing /home/airflow/.local/lib/python3.7/site-packages/airflow/example_dags/example_subdag_operator.py took 0.098 seconds
[2022-12-22T23:54:27.305+0000] {processor.py:153} INFO - Started process (PID=752) to work on /home/airflow/.local/lib/python3.7/site-packages/airflow/example_dags/example_subdag_operator.py
[2022-12-22T23:54:27.307+0000] {processor.py:743} INFO - Processing file /home/airflow/.local/lib/python3.7/site-packages/airflow/example_dags/example_subdag_operator.py for tasks to queue
[2022-12-22T23:54:27.311+0000] {logging_mixin.py:137} INFO - [2022-12-22T23:54:27.311+0000] {dagbag.py:538} INFO - Filling up the DagBag from /home/airflow/.local/lib/python3.7/site-packages/airflow/example_dags/example_subdag_operator.py
[2022-12-22T23:54:27.348+0000] {processor.py:753} INFO - DAG(s) dict_keys(['example_subdag_operator.section-1', 'example_subdag_operator.section-2', 'example_subdag_operator']) retrieved from /home/airflow/.local/lib/python3.7/site-packages/airflow/example_dags/example_subdag_operator.py
[2022-12-22T23:54:27.382+0000] {logging_mixin.py:137} INFO - [2022-12-22T23:54:27.382+0000] {dag.py:2676} INFO - Sync 3 DAGs
[2022-12-22T23:54:27.412+0000] {logging_mixin.py:137} INFO - [2022-12-22T23:54:27.412+0000] {dag.py:3427} INFO - Setting next_dagrun for example_subdag_operator to 2022-01-01T00:00:00+00:00, run_after=2022-01-01T00:00:00+00:00
[2022-12-22T23:54:27.417+0000] {logging_mixin.py:137} INFO - [2022-12-22T23:54:27.417+0000] {dag.py:3427} INFO - Setting next_dagrun for example_subdag_operator.section-1 to None, run_after=None
[2022-12-22T23:54:27.423+0000] {logging_mixin.py:137} INFO - [2022-12-22T23:54:27.423+0000] {dag.py:3427} INFO - Setting next_dagrun for example_subdag_operator.section-2 to None, run_after=None
[2022-12-22T23:54:27.434+0000] {logging_mixin.py:137} INFO - [2022-12-22T23:54:27.434+0000] {dag.py:2676} INFO - Sync 2 DAGs
[2022-12-22T23:54:27.440+0000] {logging_mixin.py:137} INFO - [2022-12-22T23:54:27.440+0000] {dag.py:3427} INFO - Setting next_dagrun for example_subdag_operator.section-1 to None, run_after=None
[2022-12-22T23:54:27.441+0000] {logging_mixin.py:137} INFO - [2022-12-22T23:54:27.440+0000] {dag.py:3427} INFO - Setting next_dagrun for example_subdag_operator.section-2 to None, run_after=None
[2022-12-22T23:54:27.453+0000] {processor.py:175} INFO - Processing /home/airflow/.local/lib/python3.7/site-packages/airflow/example_dags/example_subdag_operator.py took 0.150 seconds
[2022-12-22T23:54:58.176+0000] {processor.py:153} INFO - Started process (PID=965) to work on /home/airflow/.local/lib/python3.7/site-packages/airflow/example_dags/example_subdag_operator.py
[2022-12-22T23:54:58.177+0000] {processor.py:743} INFO - Processing file /home/airflow/.local/lib/python3.7/site-packages/airflow/example_dags/example_subdag_operator.py for tasks to queue
[2022-12-22T23:54:58.178+0000] {logging_mixin.py:137} INFO - [2022-12-22T23:54:58.178+0000] {dagbag.py:538} INFO - Filling up the DagBag from /home/airflow/.local/lib/python3.7/site-packages/airflow/example_dags/example_subdag_operator.py
[2022-12-22T23:54:58.208+0000] {processor.py:753} INFO - DAG(s) dict_keys(['example_subdag_operator.section-1', 'example_subdag_operator.section-2', 'example_subdag_operator']) retrieved from /home/airflow/.local/lib/python3.7/site-packages/airflow/example_dags/example_subdag_operator.py
[2022-12-22T23:54:58.231+0000] {logging_mixin.py:137} INFO - [2022-12-22T23:54:58.231+0000] {dag.py:2676} INFO - Sync 3 DAGs
[2022-12-22T23:54:58.250+0000] {logging_mixin.py:137} INFO - [2022-12-22T23:54:58.250+0000] {dag.py:3427} INFO - Setting next_dagrun for example_subdag_operator to 2022-01-01T00:00:00+00:00, run_after=2022-01-01T00:00:00+00:00
[2022-12-22T23:54:58.254+0000] {logging_mixin.py:137} INFO - [2022-12-22T23:54:58.254+0000] {dag.py:3427} INFO - Setting next_dagrun for example_subdag_operator.section-1 to None, run_after=None
[2022-12-22T23:54:58.255+0000] {logging_mixin.py:137} INFO - [2022-12-22T23:54:58.255+0000] {dag.py:3427} INFO - Setting next_dagrun for example_subdag_operator.section-2 to None, run_after=None
[2022-12-22T23:54:58.262+0000] {logging_mixin.py:137} INFO - [2022-12-22T23:54:58.261+0000] {dag.py:2676} INFO - Sync 2 DAGs
[2022-12-22T23:54:58.266+0000] {logging_mixin.py:137} INFO - [2022-12-22T23:54:58.266+0000] {dag.py:3427} INFO - Setting next_dagrun for example_subdag_operator.section-1 to None, run_after=None
[2022-12-22T23:54:58.266+0000] {logging_mixin.py:137} INFO - [2022-12-22T23:54:58.266+0000] {dag.py:3427} INFO - Setting next_dagrun for example_subdag_operator.section-2 to None, run_after=None
[2022-12-22T23:54:58.274+0000] {processor.py:175} INFO - Processing /home/airflow/.local/lib/python3.7/site-packages/airflow/example_dags/example_subdag_operator.py took 0.101 seconds
[2022-12-22T23:55:28.929+0000] {processor.py:153} INFO - Started process (PID=1191) to work on /home/airflow/.local/lib/python3.7/site-packages/airflow/example_dags/example_subdag_operator.py
[2022-12-22T23:55:28.930+0000] {processor.py:743} INFO - Processing file /home/airflow/.local/lib/python3.7/site-packages/airflow/example_dags/example_subdag_operator.py for tasks to queue
[2022-12-22T23:55:28.931+0000] {logging_mixin.py:137} INFO - [2022-12-22T23:55:28.931+0000] {dagbag.py:538} INFO - Filling up the DagBag from /home/airflow/.local/lib/python3.7/site-packages/airflow/example_dags/example_subdag_operator.py
[2022-12-22T23:55:28.960+0000] {processor.py:753} INFO - DAG(s) dict_keys(['example_subdag_operator.section-1', 'example_subdag_operator.section-2', 'example_subdag_operator']) retrieved from /home/airflow/.local/lib/python3.7/site-packages/airflow/example_dags/example_subdag_operator.py
[2022-12-22T23:55:28.983+0000] {logging_mixin.py:137} INFO - [2022-12-22T23:55:28.983+0000] {dag.py:2676} INFO - Sync 3 DAGs
[2022-12-22T23:55:29.003+0000] {logging_mixin.py:137} INFO - [2022-12-22T23:55:29.003+0000] {dag.py:3427} INFO - Setting next_dagrun for example_subdag_operator to 2022-01-01T00:00:00+00:00, run_after=2022-01-01T00:00:00+00:00
[2022-12-22T23:55:29.006+0000] {logging_mixin.py:137} INFO - [2022-12-22T23:55:29.006+0000] {dag.py:3427} INFO - Setting next_dagrun for example_subdag_operator.section-1 to None, run_after=None
[2022-12-22T23:55:29.007+0000] {logging_mixin.py:137} INFO - [2022-12-22T23:55:29.007+0000] {dag.py:3427} INFO - Setting next_dagrun for example_subdag_operator.section-2 to None, run_after=None
[2022-12-22T23:55:29.014+0000] {logging_mixin.py:137} INFO - [2022-12-22T23:55:29.014+0000] {dag.py:2676} INFO - Sync 2 DAGs
[2022-12-22T23:55:29.019+0000] {logging_mixin.py:137} INFO - [2022-12-22T23:55:29.019+0000] {dag.py:3427} INFO - Setting next_dagrun for example_subdag_operator.section-1 to None, run_after=None
[2022-12-22T23:55:29.020+0000] {logging_mixin.py:137} INFO - [2022-12-22T23:55:29.020+0000] {dag.py:3427} INFO - Setting next_dagrun for example_subdag_operator.section-2 to None, run_after=None
[2022-12-22T23:55:29.029+0000] {processor.py:175} INFO - Processing /home/airflow/.local/lib/python3.7/site-packages/airflow/example_dags/example_subdag_operator.py took 0.103 seconds
[2022-12-22T23:55:59.793+0000] {processor.py:153} INFO - Started process (PID=1414) to work on /home/airflow/.local/lib/python3.7/site-packages/airflow/example_dags/example_subdag_operator.py
[2022-12-22T23:55:59.795+0000] {processor.py:743} INFO - Processing file /home/airflow/.local/lib/python3.7/site-packages/airflow/example_dags/example_subdag_operator.py for tasks to queue
[2022-12-22T23:55:59.796+0000] {logging_mixin.py:137} INFO - [2022-12-22T23:55:59.795+0000] {dagbag.py:538} INFO - Filling up the DagBag from /home/airflow/.local/lib/python3.7/site-packages/airflow/example_dags/example_subdag_operator.py
[2022-12-22T23:55:59.873+0000] {processor.py:753} INFO - DAG(s) dict_keys(['example_subdag_operator.section-1', 'example_subdag_operator.section-2', 'example_subdag_operator']) retrieved from /home/airflow/.local/lib/python3.7/site-packages/airflow/example_dags/example_subdag_operator.py
[2022-12-22T23:55:59.934+0000] {logging_mixin.py:137} INFO - [2022-12-22T23:55:59.934+0000] {dag.py:2676} INFO - Sync 3 DAGs
[2022-12-22T23:55:59.971+0000] {logging_mixin.py:137} INFO - [2022-12-22T23:55:59.971+0000] {dag.py:3427} INFO - Setting next_dagrun for example_subdag_operator to 2022-01-01T00:00:00+00:00, run_after=2022-01-01T00:00:00+00:00
[2022-12-22T23:55:59.976+0000] {logging_mixin.py:137} INFO - [2022-12-22T23:55:59.976+0000] {dag.py:3427} INFO - Setting next_dagrun for example_subdag_operator.section-1 to None, run_after=None
[2022-12-22T23:55:59.978+0000] {logging_mixin.py:137} INFO - [2022-12-22T23:55:59.978+0000] {dag.py:3427} INFO - Setting next_dagrun for example_subdag_operator.section-2 to None, run_after=None
[2022-12-22T23:55:59.985+0000] {logging_mixin.py:137} INFO - [2022-12-22T23:55:59.985+0000] {dag.py:2676} INFO - Sync 2 DAGs
[2022-12-22T23:55:59.989+0000] {logging_mixin.py:137} INFO - [2022-12-22T23:55:59.989+0000] {dag.py:3427} INFO - Setting next_dagrun for example_subdag_operator.section-1 to None, run_after=None
[2022-12-22T23:55:59.990+0000] {logging_mixin.py:137} INFO - [2022-12-22T23:55:59.990+0000] {dag.py:3427} INFO - Setting next_dagrun for example_subdag_operator.section-2 to None, run_after=None
[2022-12-22T23:56:00.001+0000] {processor.py:175} INFO - Processing /home/airflow/.local/lib/python3.7/site-packages/airflow/example_dags/example_subdag_operator.py took 0.211 seconds
[2022-12-22T23:56:30.769+0000] {processor.py:153} INFO - Started process (PID=1631) to work on /home/airflow/.local/lib/python3.7/site-packages/airflow/example_dags/example_subdag_operator.py
[2022-12-22T23:56:30.771+0000] {processor.py:743} INFO - Processing file /home/airflow/.local/lib/python3.7/site-packages/airflow/example_dags/example_subdag_operator.py for tasks to queue
[2022-12-22T23:56:30.772+0000] {logging_mixin.py:137} INFO - [2022-12-22T23:56:30.772+0000] {dagbag.py:538} INFO - Filling up the DagBag from /home/airflow/.local/lib/python3.7/site-packages/airflow/example_dags/example_subdag_operator.py
[2022-12-22T23:56:30.802+0000] {processor.py:753} INFO - DAG(s) dict_keys(['example_subdag_operator.section-1', 'example_subdag_operator.section-2', 'example_subdag_operator']) retrieved from /home/airflow/.local/lib/python3.7/site-packages/airflow/example_dags/example_subdag_operator.py
[2022-12-22T23:56:30.825+0000] {logging_mixin.py:137} INFO - [2022-12-22T23:56:30.825+0000] {dag.py:2676} INFO - Sync 3 DAGs
[2022-12-22T23:56:30.844+0000] {logging_mixin.py:137} INFO - [2022-12-22T23:56:30.844+0000] {dag.py:3427} INFO - Setting next_dagrun for example_subdag_operator to 2022-01-01T00:00:00+00:00, run_after=2022-01-01T00:00:00+00:00
[2022-12-22T23:56:30.848+0000] {logging_mixin.py:137} INFO - [2022-12-22T23:56:30.848+0000] {dag.py:3427} INFO - Setting next_dagrun for example_subdag_operator.section-1 to None, run_after=None
[2022-12-22T23:56:30.849+0000] {logging_mixin.py:137} INFO - [2022-12-22T23:56:30.849+0000] {dag.py:3427} INFO - Setting next_dagrun for example_subdag_operator.section-2 to None, run_after=None
[2022-12-22T23:56:30.856+0000] {logging_mixin.py:137} INFO - [2022-12-22T23:56:30.856+0000] {dag.py:2676} INFO - Sync 2 DAGs
[2022-12-22T23:56:30.861+0000] {logging_mixin.py:137} INFO - [2022-12-22T23:56:30.861+0000] {dag.py:3427} INFO - Setting next_dagrun for example_subdag_operator.section-1 to None, run_after=None
[2022-12-22T23:56:30.862+0000] {logging_mixin.py:137} INFO - [2022-12-22T23:56:30.862+0000] {dag.py:3427} INFO - Setting next_dagrun for example_subdag_operator.section-2 to None, run_after=None
[2022-12-22T23:56:30.871+0000] {processor.py:175} INFO - Processing /home/airflow/.local/lib/python3.7/site-packages/airflow/example_dags/example_subdag_operator.py took 0.104 seconds
[2022-12-22T23:57:01.534+0000] {processor.py:153} INFO - Started process (PID=1858) to work on /home/airflow/.local/lib/python3.7/site-packages/airflow/example_dags/example_subdag_operator.py
[2022-12-22T23:57:01.535+0000] {processor.py:743} INFO - Processing file /home/airflow/.local/lib/python3.7/site-packages/airflow/example_dags/example_subdag_operator.py for tasks to queue
[2022-12-22T23:57:01.536+0000] {logging_mixin.py:137} INFO - [2022-12-22T23:57:01.536+0000] {dagbag.py:538} INFO - Filling up the DagBag from /home/airflow/.local/lib/python3.7/site-packages/airflow/example_dags/example_subdag_operator.py
[2022-12-22T23:57:01.565+0000] {processor.py:753} INFO - DAG(s) dict_keys(['example_subdag_operator.section-1', 'example_subdag_operator.section-2', 'example_subdag_operator']) retrieved from /home/airflow/.local/lib/python3.7/site-packages/airflow/example_dags/example_subdag_operator.py
[2022-12-22T23:57:01.587+0000] {logging_mixin.py:137} INFO - [2022-12-22T23:57:01.587+0000] {dag.py:2676} INFO - Sync 3 DAGs
[2022-12-22T23:57:01.606+0000] {logging_mixin.py:137} INFO - [2022-12-22T23:57:01.606+0000] {dag.py:3427} INFO - Setting next_dagrun for example_subdag_operator to 2022-01-01T00:00:00+00:00, run_after=2022-01-01T00:00:00+00:00
[2022-12-22T23:57:01.609+0000] {logging_mixin.py:137} INFO - [2022-12-22T23:57:01.609+0000] {dag.py:3427} INFO - Setting next_dagrun for example_subdag_operator.section-1 to None, run_after=None
[2022-12-22T23:57:01.611+0000] {logging_mixin.py:137} INFO - [2022-12-22T23:57:01.611+0000] {dag.py:3427} INFO - Setting next_dagrun for example_subdag_operator.section-2 to None, run_after=None
[2022-12-22T23:57:01.617+0000] {logging_mixin.py:137} INFO - [2022-12-22T23:57:01.617+0000] {dag.py:2676} INFO - Sync 2 DAGs
[2022-12-22T23:57:01.622+0000] {logging_mixin.py:137} INFO - [2022-12-22T23:57:01.622+0000] {dag.py:3427} INFO - Setting next_dagrun for example_subdag_operator.section-1 to None, run_after=None
[2022-12-22T23:57:01.623+0000] {logging_mixin.py:137} INFO - [2022-12-22T23:57:01.623+0000] {dag.py:3427} INFO - Setting next_dagrun for example_subdag_operator.section-2 to None, run_after=None
[2022-12-22T23:57:01.630+0000] {processor.py:175} INFO - Processing /home/airflow/.local/lib/python3.7/site-packages/airflow/example_dags/example_subdag_operator.py took 0.099 seconds
[2022-12-22T23:57:32.143+0000] {processor.py:153} INFO - Started process (PID=2072) to work on /home/airflow/.local/lib/python3.7/site-packages/airflow/example_dags/example_subdag_operator.py
[2022-12-22T23:57:32.145+0000] {processor.py:743} INFO - Processing file /home/airflow/.local/lib/python3.7/site-packages/airflow/example_dags/example_subdag_operator.py for tasks to queue
[2022-12-22T23:57:32.146+0000] {logging_mixin.py:137} INFO - [2022-12-22T23:57:32.146+0000] {dagbag.py:538} INFO - Filling up the DagBag from /home/airflow/.local/lib/python3.7/site-packages/airflow/example_dags/example_subdag_operator.py
[2022-12-22T23:57:32.175+0000] {processor.py:753} INFO - DAG(s) dict_keys(['example_subdag_operator.section-1', 'example_subdag_operator.section-2', 'example_subdag_operator']) retrieved from /home/airflow/.local/lib/python3.7/site-packages/airflow/example_dags/example_subdag_operator.py
[2022-12-22T23:57:32.198+0000] {logging_mixin.py:137} INFO - [2022-12-22T23:57:32.197+0000] {dag.py:2676} INFO - Sync 3 DAGs
[2022-12-22T23:57:32.219+0000] {logging_mixin.py:137} INFO - [2022-12-22T23:57:32.219+0000] {dag.py:3427} INFO - Setting next_dagrun for example_subdag_operator to 2022-01-01T00:00:00+00:00, run_after=2022-01-01T00:00:00+00:00
[2022-12-22T23:57:32.224+0000] {logging_mixin.py:137} INFO - [2022-12-22T23:57:32.224+0000] {dag.py:3427} INFO - Setting next_dagrun for example_subdag_operator.section-1 to None, run_after=None
[2022-12-22T23:57:32.226+0000] {logging_mixin.py:137} INFO - [2022-12-22T23:57:32.226+0000] {dag.py:3427} INFO - Setting next_dagrun for example_subdag_operator.section-2 to None, run_after=None
[2022-12-22T23:57:32.233+0000] {logging_mixin.py:137} INFO - [2022-12-22T23:57:32.233+0000] {dag.py:2676} INFO - Sync 2 DAGs
[2022-12-22T23:57:32.239+0000] {logging_mixin.py:137} INFO - [2022-12-22T23:57:32.239+0000] {dag.py:3427} INFO - Setting next_dagrun for example_subdag_operator.section-1 to None, run_after=None
[2022-12-22T23:57:32.240+0000] {logging_mixin.py:137} INFO - [2022-12-22T23:57:32.240+0000] {dag.py:3427} INFO - Setting next_dagrun for example_subdag_operator.section-2 to None, run_after=None
[2022-12-22T23:57:32.249+0000] {processor.py:175} INFO - Processing /home/airflow/.local/lib/python3.7/site-packages/airflow/example_dags/example_subdag_operator.py took 0.109 seconds
[2022-12-22T23:58:02.835+0000] {processor.py:153} INFO - Started process (PID=2298) to work on /home/airflow/.local/lib/python3.7/site-packages/airflow/example_dags/example_subdag_operator.py
[2022-12-22T23:58:02.837+0000] {processor.py:743} INFO - Processing file /home/airflow/.local/lib/python3.7/site-packages/airflow/example_dags/example_subdag_operator.py for tasks to queue
[2022-12-22T23:58:02.838+0000] {logging_mixin.py:137} INFO - [2022-12-22T23:58:02.838+0000] {dagbag.py:538} INFO - Filling up the DagBag from /home/airflow/.local/lib/python3.7/site-packages/airflow/example_dags/example_subdag_operator.py
[2022-12-22T23:58:02.867+0000] {processor.py:753} INFO - DAG(s) dict_keys(['example_subdag_operator.section-1', 'example_subdag_operator.section-2', 'example_subdag_operator']) retrieved from /home/airflow/.local/lib/python3.7/site-packages/airflow/example_dags/example_subdag_operator.py
[2022-12-22T23:58:02.890+0000] {logging_mixin.py:137} INFO - [2022-12-22T23:58:02.890+0000] {dag.py:2676} INFO - Sync 3 DAGs
[2022-12-22T23:58:02.910+0000] {logging_mixin.py:137} INFO - [2022-12-22T23:58:02.910+0000] {dag.py:3427} INFO - Setting next_dagrun for example_subdag_operator to 2022-01-01T00:00:00+00:00, run_after=2022-01-01T00:00:00+00:00
[2022-12-22T23:58:02.913+0000] {logging_mixin.py:137} INFO - [2022-12-22T23:58:02.913+0000] {dag.py:3427} INFO - Setting next_dagrun for example_subdag_operator.section-1 to None, run_after=None
[2022-12-22T23:58:02.915+0000] {logging_mixin.py:137} INFO - [2022-12-22T23:58:02.915+0000] {dag.py:3427} INFO - Setting next_dagrun for example_subdag_operator.section-2 to None, run_after=None
[2022-12-22T23:58:02.921+0000] {logging_mixin.py:137} INFO - [2022-12-22T23:58:02.921+0000] {dag.py:2676} INFO - Sync 2 DAGs
[2022-12-22T23:58:02.925+0000] {logging_mixin.py:137} INFO - [2022-12-22T23:58:02.925+0000] {dag.py:3427} INFO - Setting next_dagrun for example_subdag_operator.section-1 to None, run_after=None
[2022-12-22T23:58:02.926+0000] {logging_mixin.py:137} INFO - [2022-12-22T23:58:02.926+0000] {dag.py:3427} INFO - Setting next_dagrun for example_subdag_operator.section-2 to None, run_after=None
[2022-12-22T23:58:02.934+0000] {processor.py:175} INFO - Processing /home/airflow/.local/lib/python3.7/site-packages/airflow/example_dags/example_subdag_operator.py took 0.102 seconds
[2022-12-22T23:58:33.800+0000] {processor.py:153} INFO - Started process (PID=2525) to work on /home/airflow/.local/lib/python3.7/site-packages/airflow/example_dags/example_subdag_operator.py
[2022-12-22T23:58:33.801+0000] {processor.py:743} INFO - Processing file /home/airflow/.local/lib/python3.7/site-packages/airflow/example_dags/example_subdag_operator.py for tasks to queue
[2022-12-22T23:58:33.802+0000] {logging_mixin.py:137} INFO - [2022-12-22T23:58:33.802+0000] {dagbag.py:538} INFO - Filling up the DagBag from /home/airflow/.local/lib/python3.7/site-packages/airflow/example_dags/example_subdag_operator.py
[2022-12-22T23:58:33.832+0000] {processor.py:753} INFO - DAG(s) dict_keys(['example_subdag_operator.section-1', 'example_subdag_operator.section-2', 'example_subdag_operator']) retrieved from /home/airflow/.local/lib/python3.7/site-packages/airflow/example_dags/example_subdag_operator.py
[2022-12-22T23:58:33.855+0000] {logging_mixin.py:137} INFO - [2022-12-22T23:58:33.854+0000] {dag.py:2676} INFO - Sync 3 DAGs
[2022-12-22T23:58:33.875+0000] {logging_mixin.py:137} INFO - [2022-12-22T23:58:33.875+0000] {dag.py:3427} INFO - Setting next_dagrun for example_subdag_operator to 2022-01-01T00:00:00+00:00, run_after=2022-01-01T00:00:00+00:00
[2022-12-22T23:58:33.879+0000] {logging_mixin.py:137} INFO - [2022-12-22T23:58:33.878+0000] {dag.py:3427} INFO - Setting next_dagrun for example_subdag_operator.section-1 to None, run_after=None
[2022-12-22T23:58:33.880+0000] {logging_mixin.py:137} INFO - [2022-12-22T23:58:33.880+0000] {dag.py:3427} INFO - Setting next_dagrun for example_subdag_operator.section-2 to None, run_after=None
[2022-12-22T23:58:33.887+0000] {logging_mixin.py:137} INFO - [2022-12-22T23:58:33.886+0000] {dag.py:2676} INFO - Sync 2 DAGs
[2022-12-22T23:58:33.891+0000] {logging_mixin.py:137} INFO - [2022-12-22T23:58:33.891+0000] {dag.py:3427} INFO - Setting next_dagrun for example_subdag_operator.section-1 to None, run_after=None
[2022-12-22T23:58:33.892+0000] {logging_mixin.py:137} INFO - [2022-12-22T23:58:33.892+0000] {dag.py:3427} INFO - Setting next_dagrun for example_subdag_operator.section-2 to None, run_after=None
[2022-12-22T23:58:33.901+0000] {processor.py:175} INFO - Processing /home/airflow/.local/lib/python3.7/site-packages/airflow/example_dags/example_subdag_operator.py took 0.104 seconds
[2022-12-22T23:59:04.776+0000] {processor.py:153} INFO - Started process (PID=2739) to work on /home/airflow/.local/lib/python3.7/site-packages/airflow/example_dags/example_subdag_operator.py
[2022-12-22T23:59:04.778+0000] {processor.py:743} INFO - Processing file /home/airflow/.local/lib/python3.7/site-packages/airflow/example_dags/example_subdag_operator.py for tasks to queue
[2022-12-22T23:59:04.780+0000] {logging_mixin.py:137} INFO - [2022-12-22T23:59:04.780+0000] {dagbag.py:538} INFO - Filling up the DagBag from /home/airflow/.local/lib/python3.7/site-packages/airflow/example_dags/example_subdag_operator.py
[2022-12-22T23:59:04.808+0000] {processor.py:753} INFO - DAG(s) dict_keys(['example_subdag_operator.section-1', 'example_subdag_operator.section-2', 'example_subdag_operator']) retrieved from /home/airflow/.local/lib/python3.7/site-packages/airflow/example_dags/example_subdag_operator.py
[2022-12-22T23:59:04.830+0000] {logging_mixin.py:137} INFO - [2022-12-22T23:59:04.830+0000] {dag.py:2676} INFO - Sync 3 DAGs
[2022-12-22T23:59:04.849+0000] {logging_mixin.py:137} INFO - [2022-12-22T23:59:04.849+0000] {dag.py:3427} INFO - Setting next_dagrun for example_subdag_operator to 2022-01-01T00:00:00+00:00, run_after=2022-01-01T00:00:00+00:00
[2022-12-22T23:59:04.852+0000] {logging_mixin.py:137} INFO - [2022-12-22T23:59:04.852+0000] {dag.py:3427} INFO - Setting next_dagrun for example_subdag_operator.section-1 to None, run_after=None
[2022-12-22T23:59:04.854+0000] {logging_mixin.py:137} INFO - [2022-12-22T23:59:04.854+0000] {dag.py:3427} INFO - Setting next_dagrun for example_subdag_operator.section-2 to None, run_after=None
[2022-12-22T23:59:04.860+0000] {logging_mixin.py:137} INFO - [2022-12-22T23:59:04.860+0000] {dag.py:2676} INFO - Sync 2 DAGs
[2022-12-22T23:59:04.865+0000] {logging_mixin.py:137} INFO - [2022-12-22T23:59:04.865+0000] {dag.py:3427} INFO - Setting next_dagrun for example_subdag_operator.section-1 to None, run_after=None
[2022-12-22T23:59:04.866+0000] {logging_mixin.py:137} INFO - [2022-12-22T23:59:04.866+0000] {dag.py:3427} INFO - Setting next_dagrun for example_subdag_operator.section-2 to None, run_after=None
[2022-12-22T23:59:04.876+0000] {processor.py:175} INFO - Processing /home/airflow/.local/lib/python3.7/site-packages/airflow/example_dags/example_subdag_operator.py took 0.103 seconds
[2022-12-22T23:59:35.610+0000] {processor.py:153} INFO - Started process (PID=2966) to work on /home/airflow/.local/lib/python3.7/site-packages/airflow/example_dags/example_subdag_operator.py
[2022-12-22T23:59:35.612+0000] {processor.py:743} INFO - Processing file /home/airflow/.local/lib/python3.7/site-packages/airflow/example_dags/example_subdag_operator.py for tasks to queue
[2022-12-22T23:59:35.613+0000] {logging_mixin.py:137} INFO - [2022-12-22T23:59:35.613+0000] {dagbag.py:538} INFO - Filling up the DagBag from /home/airflow/.local/lib/python3.7/site-packages/airflow/example_dags/example_subdag_operator.py
[2022-12-22T23:59:35.643+0000] {processor.py:753} INFO - DAG(s) dict_keys(['example_subdag_operator.section-1', 'example_subdag_operator.section-2', 'example_subdag_operator']) retrieved from /home/airflow/.local/lib/python3.7/site-packages/airflow/example_dags/example_subdag_operator.py
[2022-12-22T23:59:35.665+0000] {logging_mixin.py:137} INFO - [2022-12-22T23:59:35.665+0000] {dag.py:2676} INFO - Sync 3 DAGs
[2022-12-22T23:59:35.686+0000] {logging_mixin.py:137} INFO - [2022-12-22T23:59:35.685+0000] {dag.py:3427} INFO - Setting next_dagrun for example_subdag_operator to 2022-01-01T00:00:00+00:00, run_after=2022-01-01T00:00:00+00:00
[2022-12-22T23:59:35.689+0000] {logging_mixin.py:137} INFO - [2022-12-22T23:59:35.688+0000] {dag.py:3427} INFO - Setting next_dagrun for example_subdag_operator.section-1 to None, run_after=None
[2022-12-22T23:59:35.690+0000] {logging_mixin.py:137} INFO - [2022-12-22T23:59:35.690+0000] {dag.py:3427} INFO - Setting next_dagrun for example_subdag_operator.section-2 to None, run_after=None
[2022-12-22T23:59:35.695+0000] {logging_mixin.py:137} INFO - [2022-12-22T23:59:35.695+0000] {dag.py:2676} INFO - Sync 2 DAGs
[2022-12-22T23:59:35.700+0000] {logging_mixin.py:137} INFO - [2022-12-22T23:59:35.700+0000] {dag.py:3427} INFO - Setting next_dagrun for example_subdag_operator.section-1 to None, run_after=None
[2022-12-22T23:59:35.700+0000] {logging_mixin.py:137} INFO - [2022-12-22T23:59:35.700+0000] {dag.py:3427} INFO - Setting next_dagrun for example_subdag_operator.section-2 to None, run_after=None
[2022-12-22T23:59:35.709+0000] {processor.py:175} INFO - Processing /home/airflow/.local/lib/python3.7/site-packages/airflow/example_dags/example_subdag_operator.py took 0.102 seconds
