[2022-12-22T23:53:24.445+0000] {processor.py:153} INFO - Started process (PID=232) to work on /home/airflow/.local/lib/python3.7/site-packages/airflow/example_dags/example_branch_operator_decorator.py
[2022-12-22T23:53:24.446+0000] {processor.py:743} INFO - Processing file /home/airflow/.local/lib/python3.7/site-packages/airflow/example_dags/example_branch_operator_decorator.py for tasks to queue
[2022-12-22T23:53:24.447+0000] {logging_mixin.py:137} INFO - [2022-12-22T23:53:24.447+0000] {dagbag.py:538} INFO - Filling up the DagBag from /home/airflow/.local/lib/python3.7/site-packages/airflow/example_dags/example_branch_operator_decorator.py
[2022-12-22T23:53:24.474+0000] {processor.py:753} INFO - DAG(s) dict_keys(['example_branch_python_operator_decorator']) retrieved from /home/airflow/.local/lib/python3.7/site-packages/airflow/example_dags/example_branch_operator_decorator.py
[2022-12-22T23:53:24.495+0000] {logging_mixin.py:137} INFO - [2022-12-22T23:53:24.494+0000] {dag.py:2676} INFO - Sync 1 DAGs
[2022-12-22T23:53:24.515+0000] {logging_mixin.py:137} INFO - [2022-12-22T23:53:24.514+0000] {dag.py:3427} INFO - Setting next_dagrun for example_branch_python_operator_decorator to 2022-12-21T00:00:00+00:00, run_after=2022-12-22T00:00:00+00:00
[2022-12-22T23:53:24.528+0000] {processor.py:175} INFO - Processing /home/airflow/.local/lib/python3.7/site-packages/airflow/example_dags/example_branch_operator_decorator.py took 0.085 seconds
[2022-12-22T23:53:55.358+0000] {processor.py:153} INFO - Started process (PID=457) to work on /home/airflow/.local/lib/python3.7/site-packages/airflow/example_dags/example_branch_operator_decorator.py
[2022-12-22T23:53:55.359+0000] {processor.py:743} INFO - Processing file /home/airflow/.local/lib/python3.7/site-packages/airflow/example_dags/example_branch_operator_decorator.py for tasks to queue
[2022-12-22T23:53:55.360+0000] {logging_mixin.py:137} INFO - [2022-12-22T23:53:55.360+0000] {dagbag.py:538} INFO - Filling up the DagBag from /home/airflow/.local/lib/python3.7/site-packages/airflow/example_dags/example_branch_operator_decorator.py
[2022-12-22T23:53:55.380+0000] {processor.py:753} INFO - DAG(s) dict_keys(['example_branch_python_operator_decorator']) retrieved from /home/airflow/.local/lib/python3.7/site-packages/airflow/example_dags/example_branch_operator_decorator.py
[2022-12-22T23:53:55.414+0000] {logging_mixin.py:137} INFO - [2022-12-22T23:53:55.413+0000] {dag.py:2676} INFO - Sync 1 DAGs
[2022-12-22T23:53:55.436+0000] {logging_mixin.py:137} INFO - [2022-12-22T23:53:55.436+0000] {dag.py:3427} INFO - Setting next_dagrun for example_branch_python_operator_decorator to 2022-12-21T00:00:00+00:00, run_after=2022-12-22T00:00:00+00:00
[2022-12-22T23:53:55.451+0000] {processor.py:175} INFO - Processing /home/airflow/.local/lib/python3.7/site-packages/airflow/example_dags/example_branch_operator_decorator.py took 0.097 seconds
[2022-12-22T23:54:26.062+0000] {processor.py:153} INFO - Started process (PID=675) to work on /home/airflow/.local/lib/python3.7/site-packages/airflow/example_dags/example_branch_operator_decorator.py
[2022-12-22T23:54:26.064+0000] {processor.py:743} INFO - Processing file /home/airflow/.local/lib/python3.7/site-packages/airflow/example_dags/example_branch_operator_decorator.py for tasks to queue
[2022-12-22T23:54:26.065+0000] {logging_mixin.py:137} INFO - [2022-12-22T23:54:26.065+0000] {dagbag.py:538} INFO - Filling up the DagBag from /home/airflow/.local/lib/python3.7/site-packages/airflow/example_dags/example_branch_operator_decorator.py
[2022-12-22T23:54:26.086+0000] {processor.py:753} INFO - DAG(s) dict_keys(['example_branch_python_operator_decorator']) retrieved from /home/airflow/.local/lib/python3.7/site-packages/airflow/example_dags/example_branch_operator_decorator.py
[2022-12-22T23:54:26.131+0000] {logging_mixin.py:137} INFO - [2022-12-22T23:54:26.131+0000] {dag.py:2676} INFO - Sync 1 DAGs
[2022-12-22T23:54:26.158+0000] {logging_mixin.py:137} INFO - [2022-12-22T23:54:26.158+0000] {dag.py:3427} INFO - Setting next_dagrun for example_branch_python_operator_decorator to 2022-12-21T00:00:00+00:00, run_after=2022-12-22T00:00:00+00:00
[2022-12-22T23:54:26.177+0000] {processor.py:175} INFO - Processing /home/airflow/.local/lib/python3.7/site-packages/airflow/example_dags/example_branch_operator_decorator.py took 0.119 seconds
[2022-12-22T23:54:56.245+0000] {processor.py:153} INFO - Started process (PID=895) to work on /home/airflow/.local/lib/python3.7/site-packages/airflow/example_dags/example_branch_operator_decorator.py
[2022-12-22T23:54:56.246+0000] {processor.py:743} INFO - Processing file /home/airflow/.local/lib/python3.7/site-packages/airflow/example_dags/example_branch_operator_decorator.py for tasks to queue
[2022-12-22T23:54:56.247+0000] {logging_mixin.py:137} INFO - [2022-12-22T23:54:56.247+0000] {dagbag.py:538} INFO - Filling up the DagBag from /home/airflow/.local/lib/python3.7/site-packages/airflow/example_dags/example_branch_operator_decorator.py
[2022-12-22T23:54:56.268+0000] {processor.py:753} INFO - DAG(s) dict_keys(['example_branch_python_operator_decorator']) retrieved from /home/airflow/.local/lib/python3.7/site-packages/airflow/example_dags/example_branch_operator_decorator.py
[2022-12-22T23:54:56.302+0000] {logging_mixin.py:137} INFO - [2022-12-22T23:54:56.302+0000] {dag.py:2676} INFO - Sync 1 DAGs
[2022-12-22T23:54:56.321+0000] {logging_mixin.py:137} INFO - [2022-12-22T23:54:56.321+0000] {dag.py:3427} INFO - Setting next_dagrun for example_branch_python_operator_decorator to 2022-12-21T00:00:00+00:00, run_after=2022-12-22T00:00:00+00:00
[2022-12-22T23:54:56.337+0000] {processor.py:175} INFO - Processing /home/airflow/.local/lib/python3.7/site-packages/airflow/example_dags/example_branch_operator_decorator.py took 0.095 seconds
[2022-12-22T23:55:27.037+0000] {processor.py:153} INFO - Started process (PID=1120) to work on /home/airflow/.local/lib/python3.7/site-packages/airflow/example_dags/example_branch_operator_decorator.py
[2022-12-22T23:55:27.038+0000] {processor.py:743} INFO - Processing file /home/airflow/.local/lib/python3.7/site-packages/airflow/example_dags/example_branch_operator_decorator.py for tasks to queue
[2022-12-22T23:55:27.039+0000] {logging_mixin.py:137} INFO - [2022-12-22T23:55:27.039+0000] {dagbag.py:538} INFO - Filling up the DagBag from /home/airflow/.local/lib/python3.7/site-packages/airflow/example_dags/example_branch_operator_decorator.py
[2022-12-22T23:55:27.059+0000] {processor.py:753} INFO - DAG(s) dict_keys(['example_branch_python_operator_decorator']) retrieved from /home/airflow/.local/lib/python3.7/site-packages/airflow/example_dags/example_branch_operator_decorator.py
[2022-12-22T23:55:27.092+0000] {logging_mixin.py:137} INFO - [2022-12-22T23:55:27.092+0000] {dag.py:2676} INFO - Sync 1 DAGs
[2022-12-22T23:55:27.112+0000] {logging_mixin.py:137} INFO - [2022-12-22T23:55:27.112+0000] {dag.py:3427} INFO - Setting next_dagrun for example_branch_python_operator_decorator to 2022-12-21T00:00:00+00:00, run_after=2022-12-22T00:00:00+00:00
[2022-12-22T23:55:27.126+0000] {processor.py:175} INFO - Processing /home/airflow/.local/lib/python3.7/site-packages/airflow/example_dags/example_branch_operator_decorator.py took 0.092 seconds
[2022-12-22T23:55:57.791+0000] {processor.py:153} INFO - Started process (PID=1334) to work on /home/airflow/.local/lib/python3.7/site-packages/airflow/example_dags/example_branch_operator_decorator.py
[2022-12-22T23:55:57.793+0000] {processor.py:743} INFO - Processing file /home/airflow/.local/lib/python3.7/site-packages/airflow/example_dags/example_branch_operator_decorator.py for tasks to queue
[2022-12-22T23:55:57.794+0000] {logging_mixin.py:137} INFO - [2022-12-22T23:55:57.794+0000] {dagbag.py:538} INFO - Filling up the DagBag from /home/airflow/.local/lib/python3.7/site-packages/airflow/example_dags/example_branch_operator_decorator.py
[2022-12-22T23:55:57.815+0000] {processor.py:753} INFO - DAG(s) dict_keys(['example_branch_python_operator_decorator']) retrieved from /home/airflow/.local/lib/python3.7/site-packages/airflow/example_dags/example_branch_operator_decorator.py
[2022-12-22T23:55:57.855+0000] {logging_mixin.py:137} INFO - [2022-12-22T23:55:57.855+0000] {dag.py:2676} INFO - Sync 1 DAGs
[2022-12-22T23:55:57.887+0000] {logging_mixin.py:137} INFO - [2022-12-22T23:55:57.887+0000] {dag.py:3427} INFO - Setting next_dagrun for example_branch_python_operator_decorator to 2022-12-21T00:00:00+00:00, run_after=2022-12-22T00:00:00+00:00
[2022-12-22T23:55:57.911+0000] {processor.py:175} INFO - Processing /home/airflow/.local/lib/python3.7/site-packages/airflow/example_dags/example_branch_operator_decorator.py took 0.123 seconds
[2022-12-22T23:56:28.864+0000] {processor.py:153} INFO - Started process (PID=1561) to work on /home/airflow/.local/lib/python3.7/site-packages/airflow/example_dags/example_branch_operator_decorator.py
[2022-12-22T23:56:28.865+0000] {processor.py:743} INFO - Processing file /home/airflow/.local/lib/python3.7/site-packages/airflow/example_dags/example_branch_operator_decorator.py for tasks to queue
[2022-12-22T23:56:28.866+0000] {logging_mixin.py:137} INFO - [2022-12-22T23:56:28.866+0000] {dagbag.py:538} INFO - Filling up the DagBag from /home/airflow/.local/lib/python3.7/site-packages/airflow/example_dags/example_branch_operator_decorator.py
[2022-12-22T23:56:28.886+0000] {processor.py:753} INFO - DAG(s) dict_keys(['example_branch_python_operator_decorator']) retrieved from /home/airflow/.local/lib/python3.7/site-packages/airflow/example_dags/example_branch_operator_decorator.py
[2022-12-22T23:56:28.919+0000] {logging_mixin.py:137} INFO - [2022-12-22T23:56:28.919+0000] {dag.py:2676} INFO - Sync 1 DAGs
[2022-12-22T23:56:28.942+0000] {logging_mixin.py:137} INFO - [2022-12-22T23:56:28.942+0000] {dag.py:3427} INFO - Setting next_dagrun for example_branch_python_operator_decorator to 2022-12-21T00:00:00+00:00, run_after=2022-12-22T00:00:00+00:00
[2022-12-22T23:56:28.957+0000] {processor.py:175} INFO - Processing /home/airflow/.local/lib/python3.7/site-packages/airflow/example_dags/example_branch_operator_decorator.py took 0.095 seconds
[2022-12-22T23:56:59.634+0000] {processor.py:153} INFO - Started process (PID=1790) to work on /home/airflow/.local/lib/python3.7/site-packages/airflow/example_dags/example_branch_operator_decorator.py
[2022-12-22T23:56:59.635+0000] {processor.py:743} INFO - Processing file /home/airflow/.local/lib/python3.7/site-packages/airflow/example_dags/example_branch_operator_decorator.py for tasks to queue
[2022-12-22T23:56:59.636+0000] {logging_mixin.py:137} INFO - [2022-12-22T23:56:59.636+0000] {dagbag.py:538} INFO - Filling up the DagBag from /home/airflow/.local/lib/python3.7/site-packages/airflow/example_dags/example_branch_operator_decorator.py
[2022-12-22T23:56:59.658+0000] {processor.py:753} INFO - DAG(s) dict_keys(['example_branch_python_operator_decorator']) retrieved from /home/airflow/.local/lib/python3.7/site-packages/airflow/example_dags/example_branch_operator_decorator.py
[2022-12-22T23:56:59.690+0000] {logging_mixin.py:137} INFO - [2022-12-22T23:56:59.690+0000] {dag.py:2676} INFO - Sync 1 DAGs
[2022-12-22T23:56:59.710+0000] {logging_mixin.py:137} INFO - [2022-12-22T23:56:59.710+0000] {dag.py:3427} INFO - Setting next_dagrun for example_branch_python_operator_decorator to 2022-12-21T00:00:00+00:00, run_after=2022-12-22T00:00:00+00:00
[2022-12-22T23:56:59.726+0000] {processor.py:175} INFO - Processing /home/airflow/.local/lib/python3.7/site-packages/airflow/example_dags/example_branch_operator_decorator.py took 0.096 seconds
[2022-12-22T23:57:30.270+0000] {processor.py:153} INFO - Started process (PID=2002) to work on /home/airflow/.local/lib/python3.7/site-packages/airflow/example_dags/example_branch_operator_decorator.py
[2022-12-22T23:57:30.272+0000] {processor.py:743} INFO - Processing file /home/airflow/.local/lib/python3.7/site-packages/airflow/example_dags/example_branch_operator_decorator.py for tasks to queue
[2022-12-22T23:57:30.273+0000] {logging_mixin.py:137} INFO - [2022-12-22T23:57:30.273+0000] {dagbag.py:538} INFO - Filling up the DagBag from /home/airflow/.local/lib/python3.7/site-packages/airflow/example_dags/example_branch_operator_decorator.py
[2022-12-22T23:57:30.296+0000] {processor.py:753} INFO - DAG(s) dict_keys(['example_branch_python_operator_decorator']) retrieved from /home/airflow/.local/lib/python3.7/site-packages/airflow/example_dags/example_branch_operator_decorator.py
[2022-12-22T23:57:30.330+0000] {logging_mixin.py:137} INFO - [2022-12-22T23:57:30.330+0000] {dag.py:2676} INFO - Sync 1 DAGs
[2022-12-22T23:57:30.351+0000] {logging_mixin.py:137} INFO - [2022-12-22T23:57:30.350+0000] {dag.py:3427} INFO - Setting next_dagrun for example_branch_python_operator_decorator to 2022-12-21T00:00:00+00:00, run_after=2022-12-22T00:00:00+00:00
[2022-12-22T23:57:30.365+0000] {processor.py:175} INFO - Processing /home/airflow/.local/lib/python3.7/site-packages/airflow/example_dags/example_branch_operator_decorator.py took 0.098 seconds
[2022-12-22T23:58:01.014+0000] {processor.py:153} INFO - Started process (PID=2228) to work on /home/airflow/.local/lib/python3.7/site-packages/airflow/example_dags/example_branch_operator_decorator.py
[2022-12-22T23:58:01.015+0000] {processor.py:743} INFO - Processing file /home/airflow/.local/lib/python3.7/site-packages/airflow/example_dags/example_branch_operator_decorator.py for tasks to queue
[2022-12-22T23:58:01.016+0000] {logging_mixin.py:137} INFO - [2022-12-22T23:58:01.016+0000] {dagbag.py:538} INFO - Filling up the DagBag from /home/airflow/.local/lib/python3.7/site-packages/airflow/example_dags/example_branch_operator_decorator.py
[2022-12-22T23:58:01.038+0000] {processor.py:753} INFO - DAG(s) dict_keys(['example_branch_python_operator_decorator']) retrieved from /home/airflow/.local/lib/python3.7/site-packages/airflow/example_dags/example_branch_operator_decorator.py
[2022-12-22T23:58:01.070+0000] {logging_mixin.py:137} INFO - [2022-12-22T23:58:01.070+0000] {dag.py:2676} INFO - Sync 1 DAGs
[2022-12-22T23:58:01.089+0000] {logging_mixin.py:137} INFO - [2022-12-22T23:58:01.089+0000] {dag.py:3427} INFO - Setting next_dagrun for example_branch_python_operator_decorator to 2022-12-21T00:00:00+00:00, run_after=2022-12-22T00:00:00+00:00
[2022-12-22T23:58:01.102+0000] {processor.py:175} INFO - Processing /home/airflow/.local/lib/python3.7/site-packages/airflow/example_dags/example_branch_operator_decorator.py took 0.092 seconds
[2022-12-22T23:58:31.894+0000] {processor.py:153} INFO - Started process (PID=2455) to work on /home/airflow/.local/lib/python3.7/site-packages/airflow/example_dags/example_branch_operator_decorator.py
[2022-12-22T23:58:31.895+0000] {processor.py:743} INFO - Processing file /home/airflow/.local/lib/python3.7/site-packages/airflow/example_dags/example_branch_operator_decorator.py for tasks to queue
[2022-12-22T23:58:31.896+0000] {logging_mixin.py:137} INFO - [2022-12-22T23:58:31.896+0000] {dagbag.py:538} INFO - Filling up the DagBag from /home/airflow/.local/lib/python3.7/site-packages/airflow/example_dags/example_branch_operator_decorator.py
[2022-12-22T23:58:31.915+0000] {processor.py:753} INFO - DAG(s) dict_keys(['example_branch_python_operator_decorator']) retrieved from /home/airflow/.local/lib/python3.7/site-packages/airflow/example_dags/example_branch_operator_decorator.py
[2022-12-22T23:58:31.955+0000] {logging_mixin.py:137} INFO - [2022-12-22T23:58:31.955+0000] {dag.py:2676} INFO - Sync 1 DAGs
[2022-12-22T23:58:31.986+0000] {logging_mixin.py:137} INFO - [2022-12-22T23:58:31.986+0000] {dag.py:3427} INFO - Setting next_dagrun for example_branch_python_operator_decorator to 2022-12-21T00:00:00+00:00, run_after=2022-12-22T00:00:00+00:00
[2022-12-22T23:58:32.005+0000] {processor.py:175} INFO - Processing /home/airflow/.local/lib/python3.7/site-packages/airflow/example_dags/example_branch_operator_decorator.py took 0.114 seconds
[2022-12-22T23:59:02.869+0000] {processor.py:153} INFO - Started process (PID=2669) to work on /home/airflow/.local/lib/python3.7/site-packages/airflow/example_dags/example_branch_operator_decorator.py
[2022-12-22T23:59:02.871+0000] {processor.py:743} INFO - Processing file /home/airflow/.local/lib/python3.7/site-packages/airflow/example_dags/example_branch_operator_decorator.py for tasks to queue
[2022-12-22T23:59:02.872+0000] {logging_mixin.py:137} INFO - [2022-12-22T23:59:02.872+0000] {dagbag.py:538} INFO - Filling up the DagBag from /home/airflow/.local/lib/python3.7/site-packages/airflow/example_dags/example_branch_operator_decorator.py
[2022-12-22T23:59:02.892+0000] {processor.py:753} INFO - DAG(s) dict_keys(['example_branch_python_operator_decorator']) retrieved from /home/airflow/.local/lib/python3.7/site-packages/airflow/example_dags/example_branch_operator_decorator.py
[2022-12-22T23:59:02.925+0000] {logging_mixin.py:137} INFO - [2022-12-22T23:59:02.925+0000] {dag.py:2676} INFO - Sync 1 DAGs
[2022-12-22T23:59:02.944+0000] {logging_mixin.py:137} INFO - [2022-12-22T23:59:02.944+0000] {dag.py:3427} INFO - Setting next_dagrun for example_branch_python_operator_decorator to 2022-12-21T00:00:00+00:00, run_after=2022-12-22T00:00:00+00:00
[2022-12-22T23:59:02.960+0000] {processor.py:175} INFO - Processing /home/airflow/.local/lib/python3.7/site-packages/airflow/example_dags/example_branch_operator_decorator.py took 0.094 seconds
[2022-12-22T23:59:33.712+0000] {processor.py:153} INFO - Started process (PID=2896) to work on /home/airflow/.local/lib/python3.7/site-packages/airflow/example_dags/example_branch_operator_decorator.py
[2022-12-22T23:59:33.714+0000] {processor.py:743} INFO - Processing file /home/airflow/.local/lib/python3.7/site-packages/airflow/example_dags/example_branch_operator_decorator.py for tasks to queue
[2022-12-22T23:59:33.715+0000] {logging_mixin.py:137} INFO - [2022-12-22T23:59:33.715+0000] {dagbag.py:538} INFO - Filling up the DagBag from /home/airflow/.local/lib/python3.7/site-packages/airflow/example_dags/example_branch_operator_decorator.py
[2022-12-22T23:59:33.733+0000] {processor.py:753} INFO - DAG(s) dict_keys(['example_branch_python_operator_decorator']) retrieved from /home/airflow/.local/lib/python3.7/site-packages/airflow/example_dags/example_branch_operator_decorator.py
[2022-12-22T23:59:33.765+0000] {logging_mixin.py:137} INFO - [2022-12-22T23:59:33.765+0000] {dag.py:2676} INFO - Sync 1 DAGs
[2022-12-22T23:59:33.785+0000] {logging_mixin.py:137} INFO - [2022-12-22T23:59:33.785+0000] {dag.py:3427} INFO - Setting next_dagrun for example_branch_python_operator_decorator to 2022-12-21T00:00:00+00:00, run_after=2022-12-22T00:00:00+00:00
[2022-12-22T23:59:33.799+0000] {processor.py:175} INFO - Processing /home/airflow/.local/lib/python3.7/site-packages/airflow/example_dags/example_branch_operator_decorator.py took 0.090 seconds
