[2022-12-22T23:53:25.860+0000] {processor.py:153} INFO - Started process (PID=340) to work on /home/airflow/.local/lib/python3.7/site-packages/airflow/example_dags/example_branch_labels.py
[2022-12-22T23:53:25.861+0000] {processor.py:743} INFO - Processing file /home/airflow/.local/lib/python3.7/site-packages/airflow/example_dags/example_branch_labels.py for tasks to queue
[2022-12-22T23:53:25.862+0000] {logging_mixin.py:137} INFO - [2022-12-22T23:53:25.862+0000] {dagbag.py:538} INFO - Filling up the DagBag from /home/airflow/.local/lib/python3.7/site-packages/airflow/example_dags/example_branch_labels.py
[2022-12-22T23:53:25.878+0000] {processor.py:753} INFO - DAG(s) dict_keys(['example_branch_labels']) retrieved from /home/airflow/.local/lib/python3.7/site-packages/airflow/example_dags/example_branch_labels.py
[2022-12-22T23:53:25.906+0000] {logging_mixin.py:137} INFO - [2022-12-22T23:53:25.906+0000] {dag.py:2676} INFO - Sync 1 DAGs
[2022-12-22T23:53:25.928+0000] {logging_mixin.py:137} INFO - [2022-12-22T23:53:25.928+0000] {dag.py:3427} INFO - Setting next_dagrun for example_branch_labels to 2022-12-21T00:00:00+00:00, run_after=2022-12-22T00:00:00+00:00
[2022-12-22T23:53:25.942+0000] {processor.py:175} INFO - Processing /home/airflow/.local/lib/python3.7/site-packages/airflow/example_dags/example_branch_labels.py took 0.085 seconds
[2022-12-22T23:53:56.686+0000] {processor.py:153} INFO - Started process (PID=565) to work on /home/airflow/.local/lib/python3.7/site-packages/airflow/example_dags/example_branch_labels.py
[2022-12-22T23:53:56.688+0000] {processor.py:743} INFO - Processing file /home/airflow/.local/lib/python3.7/site-packages/airflow/example_dags/example_branch_labels.py for tasks to queue
[2022-12-22T23:53:56.689+0000] {logging_mixin.py:137} INFO - [2022-12-22T23:53:56.688+0000] {dagbag.py:538} INFO - Filling up the DagBag from /home/airflow/.local/lib/python3.7/site-packages/airflow/example_dags/example_branch_labels.py
[2022-12-22T23:53:56.701+0000] {processor.py:753} INFO - DAG(s) dict_keys(['example_branch_labels']) retrieved from /home/airflow/.local/lib/python3.7/site-packages/airflow/example_dags/example_branch_labels.py
[2022-12-22T23:53:56.735+0000] {logging_mixin.py:137} INFO - [2022-12-22T23:53:56.735+0000] {dag.py:2676} INFO - Sync 1 DAGs
[2022-12-22T23:53:56.756+0000] {logging_mixin.py:137} INFO - [2022-12-22T23:53:56.756+0000] {dag.py:3427} INFO - Setting next_dagrun for example_branch_labels to 2022-12-21T00:00:00+00:00, run_after=2022-12-22T00:00:00+00:00
[2022-12-22T23:53:56.768+0000] {processor.py:175} INFO - Processing /home/airflow/.local/lib/python3.7/site-packages/airflow/example_dags/example_branch_labels.py took 0.085 seconds
[2022-12-22T23:54:27.882+0000] {processor.py:153} INFO - Started process (PID=791) to work on /home/airflow/.local/lib/python3.7/site-packages/airflow/example_dags/example_branch_labels.py
[2022-12-22T23:54:27.887+0000] {processor.py:743} INFO - Processing file /home/airflow/.local/lib/python3.7/site-packages/airflow/example_dags/example_branch_labels.py for tasks to queue
[2022-12-22T23:54:27.888+0000] {logging_mixin.py:137} INFO - [2022-12-22T23:54:27.888+0000] {dagbag.py:538} INFO - Filling up the DagBag from /home/airflow/.local/lib/python3.7/site-packages/airflow/example_dags/example_branch_labels.py
[2022-12-22T23:54:27.903+0000] {processor.py:753} INFO - DAG(s) dict_keys(['example_branch_labels']) retrieved from /home/airflow/.local/lib/python3.7/site-packages/airflow/example_dags/example_branch_labels.py
[2022-12-22T23:54:27.952+0000] {logging_mixin.py:137} INFO - [2022-12-22T23:54:27.952+0000] {dag.py:2676} INFO - Sync 1 DAGs
[2022-12-22T23:54:27.977+0000] {logging_mixin.py:137} INFO - [2022-12-22T23:54:27.977+0000] {dag.py:3427} INFO - Setting next_dagrun for example_branch_labels to 2022-12-21T00:00:00+00:00, run_after=2022-12-22T00:00:00+00:00
[2022-12-22T23:54:27.992+0000] {processor.py:175} INFO - Processing /home/airflow/.local/lib/python3.7/site-packages/airflow/example_dags/example_branch_labels.py took 0.113 seconds
[2022-12-22T23:54:58.646+0000] {processor.py:153} INFO - Started process (PID=1005) to work on /home/airflow/.local/lib/python3.7/site-packages/airflow/example_dags/example_branch_labels.py
[2022-12-22T23:54:58.648+0000] {processor.py:743} INFO - Processing file /home/airflow/.local/lib/python3.7/site-packages/airflow/example_dags/example_branch_labels.py for tasks to queue
[2022-12-22T23:54:58.649+0000] {logging_mixin.py:137} INFO - [2022-12-22T23:54:58.649+0000] {dagbag.py:538} INFO - Filling up the DagBag from /home/airflow/.local/lib/python3.7/site-packages/airflow/example_dags/example_branch_labels.py
[2022-12-22T23:54:58.661+0000] {processor.py:753} INFO - DAG(s) dict_keys(['example_branch_labels']) retrieved from /home/airflow/.local/lib/python3.7/site-packages/airflow/example_dags/example_branch_labels.py
[2022-12-22T23:54:58.693+0000] {logging_mixin.py:137} INFO - [2022-12-22T23:54:58.693+0000] {dag.py:2676} INFO - Sync 1 DAGs
[2022-12-22T23:54:58.711+0000] {logging_mixin.py:137} INFO - [2022-12-22T23:54:58.711+0000] {dag.py:3427} INFO - Setting next_dagrun for example_branch_labels to 2022-12-21T00:00:00+00:00, run_after=2022-12-22T00:00:00+00:00
[2022-12-22T23:54:58.724+0000] {processor.py:175} INFO - Processing /home/airflow/.local/lib/python3.7/site-packages/airflow/example_dags/example_branch_labels.py took 0.080 seconds
[2022-12-22T23:55:29.406+0000] {processor.py:153} INFO - Started process (PID=1231) to work on /home/airflow/.local/lib/python3.7/site-packages/airflow/example_dags/example_branch_labels.py
[2022-12-22T23:55:29.407+0000] {processor.py:743} INFO - Processing file /home/airflow/.local/lib/python3.7/site-packages/airflow/example_dags/example_branch_labels.py for tasks to queue
[2022-12-22T23:55:29.410+0000] {logging_mixin.py:137} INFO - [2022-12-22T23:55:29.409+0000] {dagbag.py:538} INFO - Filling up the DagBag from /home/airflow/.local/lib/python3.7/site-packages/airflow/example_dags/example_branch_labels.py
[2022-12-22T23:55:29.426+0000] {processor.py:753} INFO - DAG(s) dict_keys(['example_branch_labels']) retrieved from /home/airflow/.local/lib/python3.7/site-packages/airflow/example_dags/example_branch_labels.py
[2022-12-22T23:55:29.458+0000] {logging_mixin.py:137} INFO - [2022-12-22T23:55:29.458+0000] {dag.py:2676} INFO - Sync 1 DAGs
[2022-12-22T23:55:29.480+0000] {logging_mixin.py:137} INFO - [2022-12-22T23:55:29.480+0000] {dag.py:3427} INFO - Setting next_dagrun for example_branch_labels to 2022-12-21T00:00:00+00:00, run_after=2022-12-22T00:00:00+00:00
[2022-12-22T23:55:29.495+0000] {processor.py:175} INFO - Processing /home/airflow/.local/lib/python3.7/site-packages/airflow/example_dags/example_branch_labels.py took 0.092 seconds
[2022-12-22T23:56:00.511+0000] {processor.py:153} INFO - Started process (PID=1457) to work on /home/airflow/.local/lib/python3.7/site-packages/airflow/example_dags/example_branch_labels.py
[2022-12-22T23:56:00.512+0000] {processor.py:743} INFO - Processing file /home/airflow/.local/lib/python3.7/site-packages/airflow/example_dags/example_branch_labels.py for tasks to queue
[2022-12-22T23:56:00.513+0000] {logging_mixin.py:137} INFO - [2022-12-22T23:56:00.513+0000] {dagbag.py:538} INFO - Filling up the DagBag from /home/airflow/.local/lib/python3.7/site-packages/airflow/example_dags/example_branch_labels.py
[2022-12-22T23:56:00.526+0000] {processor.py:753} INFO - DAG(s) dict_keys(['example_branch_labels']) retrieved from /home/airflow/.local/lib/python3.7/site-packages/airflow/example_dags/example_branch_labels.py
[2022-12-22T23:56:00.576+0000] {logging_mixin.py:137} INFO - [2022-12-22T23:56:00.576+0000] {dag.py:2676} INFO - Sync 1 DAGs
[2022-12-22T23:56:00.611+0000] {logging_mixin.py:137} INFO - [2022-12-22T23:56:00.611+0000] {dag.py:3427} INFO - Setting next_dagrun for example_branch_labels to 2022-12-21T00:00:00+00:00, run_after=2022-12-22T00:00:00+00:00
[2022-12-22T23:56:00.630+0000] {processor.py:175} INFO - Processing /home/airflow/.local/lib/python3.7/site-packages/airflow/example_dags/example_branch_labels.py took 0.122 seconds
[2022-12-22T23:56:31.237+0000] {processor.py:153} INFO - Started process (PID=1671) to work on /home/airflow/.local/lib/python3.7/site-packages/airflow/example_dags/example_branch_labels.py
[2022-12-22T23:56:31.239+0000] {processor.py:743} INFO - Processing file /home/airflow/.local/lib/python3.7/site-packages/airflow/example_dags/example_branch_labels.py for tasks to queue
[2022-12-22T23:56:31.240+0000] {logging_mixin.py:137} INFO - [2022-12-22T23:56:31.240+0000] {dagbag.py:538} INFO - Filling up the DagBag from /home/airflow/.local/lib/python3.7/site-packages/airflow/example_dags/example_branch_labels.py
[2022-12-22T23:56:31.253+0000] {processor.py:753} INFO - DAG(s) dict_keys(['example_branch_labels']) retrieved from /home/airflow/.local/lib/python3.7/site-packages/airflow/example_dags/example_branch_labels.py
[2022-12-22T23:56:31.286+0000] {logging_mixin.py:137} INFO - [2022-12-22T23:56:31.285+0000] {dag.py:2676} INFO - Sync 1 DAGs
[2022-12-22T23:56:31.305+0000] {logging_mixin.py:137} INFO - [2022-12-22T23:56:31.304+0000] {dag.py:3427} INFO - Setting next_dagrun for example_branch_labels to 2022-12-21T00:00:00+00:00, run_after=2022-12-22T00:00:00+00:00
[2022-12-22T23:56:31.318+0000] {processor.py:175} INFO - Processing /home/airflow/.local/lib/python3.7/site-packages/airflow/example_dags/example_branch_labels.py took 0.083 seconds
[2022-12-22T23:57:01.998+0000] {processor.py:153} INFO - Started process (PID=1898) to work on /home/airflow/.local/lib/python3.7/site-packages/airflow/example_dags/example_branch_labels.py
[2022-12-22T23:57:01.999+0000] {processor.py:743} INFO - Processing file /home/airflow/.local/lib/python3.7/site-packages/airflow/example_dags/example_branch_labels.py for tasks to queue
[2022-12-22T23:57:02.000+0000] {logging_mixin.py:137} INFO - [2022-12-22T23:57:02.000+0000] {dagbag.py:538} INFO - Filling up the DagBag from /home/airflow/.local/lib/python3.7/site-packages/airflow/example_dags/example_branch_labels.py
[2022-12-22T23:57:02.013+0000] {processor.py:753} INFO - DAG(s) dict_keys(['example_branch_labels']) retrieved from /home/airflow/.local/lib/python3.7/site-packages/airflow/example_dags/example_branch_labels.py
[2022-12-22T23:57:02.045+0000] {logging_mixin.py:137} INFO - [2022-12-22T23:57:02.045+0000] {dag.py:2676} INFO - Sync 1 DAGs
[2022-12-22T23:57:02.064+0000] {logging_mixin.py:137} INFO - [2022-12-22T23:57:02.064+0000] {dag.py:3427} INFO - Setting next_dagrun for example_branch_labels to 2022-12-21T00:00:00+00:00, run_after=2022-12-22T00:00:00+00:00
[2022-12-22T23:57:02.077+0000] {processor.py:175} INFO - Processing /home/airflow/.local/lib/python3.7/site-packages/airflow/example_dags/example_branch_labels.py took 0.083 seconds
[2022-12-22T23:57:32.746+0000] {processor.py:153} INFO - Started process (PID=2121) to work on /home/airflow/.local/lib/python3.7/site-packages/airflow/example_dags/example_branch_labels.py
[2022-12-22T23:57:32.749+0000] {processor.py:743} INFO - Processing file /home/airflow/.local/lib/python3.7/site-packages/airflow/example_dags/example_branch_labels.py for tasks to queue
[2022-12-22T23:57:32.750+0000] {logging_mixin.py:137} INFO - [2022-12-22T23:57:32.750+0000] {dagbag.py:538} INFO - Filling up the DagBag from /home/airflow/.local/lib/python3.7/site-packages/airflow/example_dags/example_branch_labels.py
[2022-12-22T23:57:32.765+0000] {processor.py:753} INFO - DAG(s) dict_keys(['example_branch_labels']) retrieved from /home/airflow/.local/lib/python3.7/site-packages/airflow/example_dags/example_branch_labels.py
[2022-12-22T23:57:32.811+0000] {logging_mixin.py:137} INFO - [2022-12-22T23:57:32.811+0000] {dag.py:2676} INFO - Sync 1 DAGs
[2022-12-22T23:57:32.836+0000] {logging_mixin.py:137} INFO - [2022-12-22T23:57:32.836+0000] {dag.py:3427} INFO - Setting next_dagrun for example_branch_labels to 2022-12-21T00:00:00+00:00, run_after=2022-12-22T00:00:00+00:00
[2022-12-22T23:57:32.853+0000] {processor.py:175} INFO - Processing /home/airflow/.local/lib/python3.7/site-packages/airflow/example_dags/example_branch_labels.py took 0.110 seconds
[2022-12-22T23:58:03.303+0000] {processor.py:153} INFO - Started process (PID=2338) to work on /home/airflow/.local/lib/python3.7/site-packages/airflow/example_dags/example_branch_labels.py
[2022-12-22T23:58:03.305+0000] {processor.py:743} INFO - Processing file /home/airflow/.local/lib/python3.7/site-packages/airflow/example_dags/example_branch_labels.py for tasks to queue
[2022-12-22T23:58:03.306+0000] {logging_mixin.py:137} INFO - [2022-12-22T23:58:03.306+0000] {dagbag.py:538} INFO - Filling up the DagBag from /home/airflow/.local/lib/python3.7/site-packages/airflow/example_dags/example_branch_labels.py
[2022-12-22T23:58:03.319+0000] {processor.py:753} INFO - DAG(s) dict_keys(['example_branch_labels']) retrieved from /home/airflow/.local/lib/python3.7/site-packages/airflow/example_dags/example_branch_labels.py
[2022-12-22T23:58:03.350+0000] {logging_mixin.py:137} INFO - [2022-12-22T23:58:03.350+0000] {dag.py:2676} INFO - Sync 1 DAGs
[2022-12-22T23:58:03.371+0000] {logging_mixin.py:137} INFO - [2022-12-22T23:58:03.371+0000] {dag.py:3427} INFO - Setting next_dagrun for example_branch_labels to 2022-12-21T00:00:00+00:00, run_after=2022-12-22T00:00:00+00:00
[2022-12-22T23:58:03.385+0000] {processor.py:175} INFO - Processing /home/airflow/.local/lib/python3.7/site-packages/airflow/example_dags/example_branch_labels.py took 0.085 seconds
[2022-12-22T23:58:34.280+0000] {processor.py:153} INFO - Started process (PID=2565) to work on /home/airflow/.local/lib/python3.7/site-packages/airflow/example_dags/example_branch_labels.py
[2022-12-22T23:58:34.281+0000] {processor.py:743} INFO - Processing file /home/airflow/.local/lib/python3.7/site-packages/airflow/example_dags/example_branch_labels.py for tasks to queue
[2022-12-22T23:58:34.282+0000] {logging_mixin.py:137} INFO - [2022-12-22T23:58:34.282+0000] {dagbag.py:538} INFO - Filling up the DagBag from /home/airflow/.local/lib/python3.7/site-packages/airflow/example_dags/example_branch_labels.py
[2022-12-22T23:58:34.294+0000] {processor.py:753} INFO - DAG(s) dict_keys(['example_branch_labels']) retrieved from /home/airflow/.local/lib/python3.7/site-packages/airflow/example_dags/example_branch_labels.py
[2022-12-22T23:58:34.329+0000] {logging_mixin.py:137} INFO - [2022-12-22T23:58:34.329+0000] {dag.py:2676} INFO - Sync 1 DAGs
[2022-12-22T23:58:34.348+0000] {logging_mixin.py:137} INFO - [2022-12-22T23:58:34.348+0000] {dag.py:3427} INFO - Setting next_dagrun for example_branch_labels to 2022-12-21T00:00:00+00:00, run_after=2022-12-22T00:00:00+00:00
[2022-12-22T23:58:34.362+0000] {processor.py:175} INFO - Processing /home/airflow/.local/lib/python3.7/site-packages/airflow/example_dags/example_branch_labels.py took 0.086 seconds
[2022-12-22T23:59:05.272+0000] {processor.py:153} INFO - Started process (PID=2779) to work on /home/airflow/.local/lib/python3.7/site-packages/airflow/example_dags/example_branch_labels.py
[2022-12-22T23:59:05.273+0000] {processor.py:743} INFO - Processing file /home/airflow/.local/lib/python3.7/site-packages/airflow/example_dags/example_branch_labels.py for tasks to queue
[2022-12-22T23:59:05.274+0000] {logging_mixin.py:137} INFO - [2022-12-22T23:59:05.274+0000] {dagbag.py:538} INFO - Filling up the DagBag from /home/airflow/.local/lib/python3.7/site-packages/airflow/example_dags/example_branch_labels.py
[2022-12-22T23:59:05.288+0000] {processor.py:753} INFO - DAG(s) dict_keys(['example_branch_labels']) retrieved from /home/airflow/.local/lib/python3.7/site-packages/airflow/example_dags/example_branch_labels.py
[2022-12-22T23:59:05.326+0000] {logging_mixin.py:137} INFO - [2022-12-22T23:59:05.326+0000] {dag.py:2676} INFO - Sync 1 DAGs
[2022-12-22T23:59:05.346+0000] {logging_mixin.py:137} INFO - [2022-12-22T23:59:05.346+0000] {dag.py:3427} INFO - Setting next_dagrun for example_branch_labels to 2022-12-21T00:00:00+00:00, run_after=2022-12-22T00:00:00+00:00
[2022-12-22T23:59:05.361+0000] {processor.py:175} INFO - Processing /home/airflow/.local/lib/python3.7/site-packages/airflow/example_dags/example_branch_labels.py took 0.092 seconds
[2022-12-22T23:59:36.082+0000] {processor.py:153} INFO - Started process (PID=3006) to work on /home/airflow/.local/lib/python3.7/site-packages/airflow/example_dags/example_branch_labels.py
[2022-12-22T23:59:36.083+0000] {processor.py:743} INFO - Processing file /home/airflow/.local/lib/python3.7/site-packages/airflow/example_dags/example_branch_labels.py for tasks to queue
[2022-12-22T23:59:36.084+0000] {logging_mixin.py:137} INFO - [2022-12-22T23:59:36.084+0000] {dagbag.py:538} INFO - Filling up the DagBag from /home/airflow/.local/lib/python3.7/site-packages/airflow/example_dags/example_branch_labels.py
[2022-12-22T23:59:36.097+0000] {processor.py:753} INFO - DAG(s) dict_keys(['example_branch_labels']) retrieved from /home/airflow/.local/lib/python3.7/site-packages/airflow/example_dags/example_branch_labels.py
[2022-12-22T23:59:36.129+0000] {logging_mixin.py:137} INFO - [2022-12-22T23:59:36.129+0000] {dag.py:2676} INFO - Sync 1 DAGs
[2022-12-22T23:59:36.154+0000] {logging_mixin.py:137} INFO - [2022-12-22T23:59:36.153+0000] {dag.py:3427} INFO - Setting next_dagrun for example_branch_labels to 2022-12-21T00:00:00+00:00, run_after=2022-12-22T00:00:00+00:00
[2022-12-22T23:59:36.185+0000] {processor.py:175} INFO - Processing /home/airflow/.local/lib/python3.7/site-packages/airflow/example_dags/example_branch_labels.py took 0.106 seconds
