[2022-12-22T23:53:23.953+0000] {processor.py:153} INFO - Started process (PID=199) to work on /home/airflow/.local/lib/python3.7/site-packages/airflow/example_dags/example_latest_only.py
[2022-12-22T23:53:23.954+0000] {processor.py:743} INFO - Processing file /home/airflow/.local/lib/python3.7/site-packages/airflow/example_dags/example_latest_only.py for tasks to queue
[2022-12-22T23:53:23.955+0000] {logging_mixin.py:137} INFO - [2022-12-22T23:53:23.955+0000] {dagbag.py:538} INFO - Filling up the DagBag from /home/airflow/.local/lib/python3.7/site-packages/airflow/example_dags/example_latest_only.py
[2022-12-22T23:53:23.973+0000] {processor.py:753} INFO - DAG(s) dict_keys(['latest_only']) retrieved from /home/airflow/.local/lib/python3.7/site-packages/airflow/example_dags/example_latest_only.py
[2022-12-22T23:53:23.997+0000] {logging_mixin.py:137} INFO - [2022-12-22T23:53:23.997+0000] {dag.py:2676} INFO - Sync 1 DAGs
[2022-12-22T23:53:24.017+0000] {logging_mixin.py:137} INFO - [2022-12-22T23:53:24.017+0000] {dag.py:3427} INFO - Setting next_dagrun for latest_only to 2022-12-22T19:53:24.017426+00:00, run_after=2022-12-22T23:53:24.017426+00:00
[2022-12-22T23:53:24.036+0000] {processor.py:175} INFO - Processing /home/airflow/.local/lib/python3.7/site-packages/airflow/example_dags/example_latest_only.py took 0.087 seconds
[2022-12-22T23:53:54.804+0000] {processor.py:153} INFO - Started process (PID=425) to work on /home/airflow/.local/lib/python3.7/site-packages/airflow/example_dags/example_latest_only.py
[2022-12-22T23:53:54.805+0000] {processor.py:743} INFO - Processing file /home/airflow/.local/lib/python3.7/site-packages/airflow/example_dags/example_latest_only.py for tasks to queue
[2022-12-22T23:53:54.806+0000] {logging_mixin.py:137} INFO - [2022-12-22T23:53:54.806+0000] {dagbag.py:538} INFO - Filling up the DagBag from /home/airflow/.local/lib/python3.7/site-packages/airflow/example_dags/example_latest_only.py
[2022-12-22T23:53:54.817+0000] {processor.py:753} INFO - DAG(s) dict_keys(['latest_only']) retrieved from /home/airflow/.local/lib/python3.7/site-packages/airflow/example_dags/example_latest_only.py
[2022-12-22T23:53:54.849+0000] {logging_mixin.py:137} INFO - [2022-12-22T23:53:54.848+0000] {dag.py:2676} INFO - Sync 1 DAGs
[2022-12-22T23:53:54.867+0000] {logging_mixin.py:137} INFO - [2022-12-22T23:53:54.867+0000] {dag.py:3427} INFO - Setting next_dagrun for latest_only to 2022-12-22T19:53:54.867278+00:00, run_after=2022-12-22T23:53:54.867278+00:00
[2022-12-22T23:53:54.881+0000] {processor.py:175} INFO - Processing /home/airflow/.local/lib/python3.7/site-packages/airflow/example_dags/example_latest_only.py took 0.080 seconds
[2022-12-22T23:54:25.573+0000] {processor.py:153} INFO - Started process (PID=637) to work on /home/airflow/.local/lib/python3.7/site-packages/airflow/example_dags/example_latest_only.py
[2022-12-22T23:54:25.574+0000] {processor.py:743} INFO - Processing file /home/airflow/.local/lib/python3.7/site-packages/airflow/example_dags/example_latest_only.py for tasks to queue
[2022-12-22T23:54:25.575+0000] {logging_mixin.py:137} INFO - [2022-12-22T23:54:25.575+0000] {dagbag.py:538} INFO - Filling up the DagBag from /home/airflow/.local/lib/python3.7/site-packages/airflow/example_dags/example_latest_only.py
[2022-12-22T23:54:25.586+0000] {processor.py:753} INFO - DAG(s) dict_keys(['latest_only']) retrieved from /home/airflow/.local/lib/python3.7/site-packages/airflow/example_dags/example_latest_only.py
[2022-12-22T23:54:25.617+0000] {logging_mixin.py:137} INFO - [2022-12-22T23:54:25.617+0000] {dag.py:2676} INFO - Sync 1 DAGs
[2022-12-22T23:54:25.638+0000] {logging_mixin.py:137} INFO - [2022-12-22T23:54:25.638+0000] {dag.py:3427} INFO - Setting next_dagrun for latest_only to 2022-12-22T19:54:25.638393+00:00, run_after=2022-12-22T23:54:25.638393+00:00
[2022-12-22T23:54:25.651+0000] {processor.py:175} INFO - Processing /home/airflow/.local/lib/python3.7/site-packages/airflow/example_dags/example_latest_only.py took 0.082 seconds
[2022-12-22T23:54:55.761+0000] {processor.py:153} INFO - Started process (PID=864) to work on /home/airflow/.local/lib/python3.7/site-packages/airflow/example_dags/example_latest_only.py
[2022-12-22T23:54:55.762+0000] {processor.py:743} INFO - Processing file /home/airflow/.local/lib/python3.7/site-packages/airflow/example_dags/example_latest_only.py for tasks to queue
[2022-12-22T23:54:55.763+0000] {logging_mixin.py:137} INFO - [2022-12-22T23:54:55.763+0000] {dagbag.py:538} INFO - Filling up the DagBag from /home/airflow/.local/lib/python3.7/site-packages/airflow/example_dags/example_latest_only.py
[2022-12-22T23:54:55.775+0000] {processor.py:753} INFO - DAG(s) dict_keys(['latest_only']) retrieved from /home/airflow/.local/lib/python3.7/site-packages/airflow/example_dags/example_latest_only.py
[2022-12-22T23:54:55.806+0000] {logging_mixin.py:137} INFO - [2022-12-22T23:54:55.806+0000] {dag.py:2676} INFO - Sync 1 DAGs
[2022-12-22T23:54:55.825+0000] {logging_mixin.py:137} INFO - [2022-12-22T23:54:55.824+0000] {dag.py:3427} INFO - Setting next_dagrun for latest_only to 2022-12-22T19:54:55.824668+00:00, run_after=2022-12-22T23:54:55.824668+00:00
[2022-12-22T23:54:55.838+0000] {processor.py:175} INFO - Processing /home/airflow/.local/lib/python3.7/site-packages/airflow/example_dags/example_latest_only.py took 0.081 seconds
[2022-12-22T23:55:26.576+0000] {processor.py:153} INFO - Started process (PID=1091) to work on /home/airflow/.local/lib/python3.7/site-packages/airflow/example_dags/example_latest_only.py
[2022-12-22T23:55:26.578+0000] {processor.py:743} INFO - Processing file /home/airflow/.local/lib/python3.7/site-packages/airflow/example_dags/example_latest_only.py for tasks to queue
[2022-12-22T23:55:26.579+0000] {logging_mixin.py:137} INFO - [2022-12-22T23:55:26.579+0000] {dagbag.py:538} INFO - Filling up the DagBag from /home/airflow/.local/lib/python3.7/site-packages/airflow/example_dags/example_latest_only.py
[2022-12-22T23:55:26.590+0000] {processor.py:753} INFO - DAG(s) dict_keys(['latest_only']) retrieved from /home/airflow/.local/lib/python3.7/site-packages/airflow/example_dags/example_latest_only.py
[2022-12-22T23:55:26.619+0000] {logging_mixin.py:137} INFO - [2022-12-22T23:55:26.619+0000] {dag.py:2676} INFO - Sync 1 DAGs
[2022-12-22T23:55:26.637+0000] {logging_mixin.py:137} INFO - [2022-12-22T23:55:26.637+0000] {dag.py:3427} INFO - Setting next_dagrun for latest_only to 2022-12-22T19:55:26.637065+00:00, run_after=2022-12-22T23:55:26.637065+00:00
[2022-12-22T23:55:26.652+0000] {processor.py:175} INFO - Processing /home/airflow/.local/lib/python3.7/site-packages/airflow/example_dags/example_latest_only.py took 0.079 seconds
[2022-12-22T23:55:57.327+0000] {processor.py:153} INFO - Started process (PID=1304) to work on /home/airflow/.local/lib/python3.7/site-packages/airflow/example_dags/example_latest_only.py
[2022-12-22T23:55:57.329+0000] {processor.py:743} INFO - Processing file /home/airflow/.local/lib/python3.7/site-packages/airflow/example_dags/example_latest_only.py for tasks to queue
[2022-12-22T23:55:57.329+0000] {logging_mixin.py:137} INFO - [2022-12-22T23:55:57.329+0000] {dagbag.py:538} INFO - Filling up the DagBag from /home/airflow/.local/lib/python3.7/site-packages/airflow/example_dags/example_latest_only.py
[2022-12-22T23:55:57.340+0000] {processor.py:753} INFO - DAG(s) dict_keys(['latest_only']) retrieved from /home/airflow/.local/lib/python3.7/site-packages/airflow/example_dags/example_latest_only.py
[2022-12-22T23:55:57.371+0000] {logging_mixin.py:137} INFO - [2022-12-22T23:55:57.371+0000] {dag.py:2676} INFO - Sync 1 DAGs
[2022-12-22T23:55:57.390+0000] {logging_mixin.py:137} INFO - [2022-12-22T23:55:57.390+0000] {dag.py:3427} INFO - Setting next_dagrun for latest_only to 2022-12-22T19:55:57.390442+00:00, run_after=2022-12-22T23:55:57.390442+00:00
[2022-12-22T23:55:57.403+0000] {processor.py:175} INFO - Processing /home/airflow/.local/lib/python3.7/site-packages/airflow/example_dags/example_latest_only.py took 0.079 seconds
[2022-12-22T23:56:28.495+0000] {processor.py:153} INFO - Started process (PID=1533) to work on /home/airflow/.local/lib/python3.7/site-packages/airflow/example_dags/example_latest_only.py
[2022-12-22T23:56:28.497+0000] {processor.py:743} INFO - Processing file /home/airflow/.local/lib/python3.7/site-packages/airflow/example_dags/example_latest_only.py for tasks to queue
[2022-12-22T23:56:28.498+0000] {logging_mixin.py:137} INFO - [2022-12-22T23:56:28.498+0000] {dagbag.py:538} INFO - Filling up the DagBag from /home/airflow/.local/lib/python3.7/site-packages/airflow/example_dags/example_latest_only.py
[2022-12-22T23:56:28.509+0000] {processor.py:753} INFO - DAG(s) dict_keys(['latest_only']) retrieved from /home/airflow/.local/lib/python3.7/site-packages/airflow/example_dags/example_latest_only.py
[2022-12-22T23:56:28.543+0000] {logging_mixin.py:137} INFO - [2022-12-22T23:56:28.543+0000] {dag.py:2676} INFO - Sync 1 DAGs
[2022-12-22T23:56:28.562+0000] {logging_mixin.py:137} INFO - [2022-12-22T23:56:28.562+0000] {dag.py:3427} INFO - Setting next_dagrun for latest_only to 2022-12-22T19:56:28.561911+00:00, run_after=2022-12-22T23:56:28.561911+00:00
[2022-12-22T23:56:28.577+0000] {processor.py:175} INFO - Processing /home/airflow/.local/lib/python3.7/site-packages/airflow/example_dags/example_latest_only.py took 0.085 seconds
[2022-12-22T23:56:59.182+0000] {processor.py:153} INFO - Started process (PID=1760) to work on /home/airflow/.local/lib/python3.7/site-packages/airflow/example_dags/example_latest_only.py
[2022-12-22T23:56:59.183+0000] {processor.py:743} INFO - Processing file /home/airflow/.local/lib/python3.7/site-packages/airflow/example_dags/example_latest_only.py for tasks to queue
[2022-12-22T23:56:59.184+0000] {logging_mixin.py:137} INFO - [2022-12-22T23:56:59.184+0000] {dagbag.py:538} INFO - Filling up the DagBag from /home/airflow/.local/lib/python3.7/site-packages/airflow/example_dags/example_latest_only.py
[2022-12-22T23:56:59.197+0000] {processor.py:753} INFO - DAG(s) dict_keys(['latest_only']) retrieved from /home/airflow/.local/lib/python3.7/site-packages/airflow/example_dags/example_latest_only.py
[2022-12-22T23:56:59.228+0000] {logging_mixin.py:137} INFO - [2022-12-22T23:56:59.228+0000] {dag.py:2676} INFO - Sync 1 DAGs
[2022-12-22T23:56:59.246+0000] {logging_mixin.py:137} INFO - [2022-12-22T23:56:59.245+0000] {dag.py:3427} INFO - Setting next_dagrun for latest_only to 2022-12-22T19:56:59.245750+00:00, run_after=2022-12-22T23:56:59.245750+00:00
[2022-12-22T23:56:59.258+0000] {processor.py:175} INFO - Processing /home/airflow/.local/lib/python3.7/site-packages/airflow/example_dags/example_latest_only.py took 0.079 seconds
[2022-12-22T23:57:29.920+0000] {processor.py:153} INFO - Started process (PID=1974) to work on /home/airflow/.local/lib/python3.7/site-packages/airflow/example_dags/example_latest_only.py
[2022-12-22T23:57:29.921+0000] {processor.py:743} INFO - Processing file /home/airflow/.local/lib/python3.7/site-packages/airflow/example_dags/example_latest_only.py for tasks to queue
[2022-12-22T23:57:29.922+0000] {logging_mixin.py:137} INFO - [2022-12-22T23:57:29.922+0000] {dagbag.py:538} INFO - Filling up the DagBag from /home/airflow/.local/lib/python3.7/site-packages/airflow/example_dags/example_latest_only.py
[2022-12-22T23:57:29.935+0000] {processor.py:753} INFO - DAG(s) dict_keys(['latest_only']) retrieved from /home/airflow/.local/lib/python3.7/site-packages/airflow/example_dags/example_latest_only.py
[2022-12-22T23:57:29.966+0000] {logging_mixin.py:137} INFO - [2022-12-22T23:57:29.966+0000] {dag.py:2676} INFO - Sync 1 DAGs
[2022-12-22T23:57:29.984+0000] {logging_mixin.py:137} INFO - [2022-12-22T23:57:29.983+0000] {dag.py:3427} INFO - Setting next_dagrun for latest_only to 2022-12-22T19:57:29.983768+00:00, run_after=2022-12-22T23:57:29.983768+00:00
[2022-12-22T23:57:29.997+0000] {processor.py:175} INFO - Processing /home/airflow/.local/lib/python3.7/site-packages/airflow/example_dags/example_latest_only.py took 0.080 seconds
[2022-12-22T23:58:00.681+0000] {processor.py:153} INFO - Started process (PID=2200) to work on /home/airflow/.local/lib/python3.7/site-packages/airflow/example_dags/example_latest_only.py
[2022-12-22T23:58:00.682+0000] {processor.py:743} INFO - Processing file /home/airflow/.local/lib/python3.7/site-packages/airflow/example_dags/example_latest_only.py for tasks to queue
[2022-12-22T23:58:00.683+0000] {logging_mixin.py:137} INFO - [2022-12-22T23:58:00.683+0000] {dagbag.py:538} INFO - Filling up the DagBag from /home/airflow/.local/lib/python3.7/site-packages/airflow/example_dags/example_latest_only.py
[2022-12-22T23:58:00.695+0000] {processor.py:753} INFO - DAG(s) dict_keys(['latest_only']) retrieved from /home/airflow/.local/lib/python3.7/site-packages/airflow/example_dags/example_latest_only.py
[2022-12-22T23:58:00.726+0000] {logging_mixin.py:137} INFO - [2022-12-22T23:58:00.725+0000] {dag.py:2676} INFO - Sync 1 DAGs
[2022-12-22T23:58:00.745+0000] {logging_mixin.py:137} INFO - [2022-12-22T23:58:00.745+0000] {dag.py:3427} INFO - Setting next_dagrun for latest_only to 2022-12-22T19:58:00.745091+00:00, run_after=2022-12-22T23:58:00.745091+00:00
[2022-12-22T23:58:00.758+0000] {processor.py:175} INFO - Processing /home/airflow/.local/lib/python3.7/site-packages/airflow/example_dags/example_latest_only.py took 0.080 seconds
[2022-12-22T23:58:31.473+0000] {processor.py:153} INFO - Started process (PID=2427) to work on /home/airflow/.local/lib/python3.7/site-packages/airflow/example_dags/example_latest_only.py
[2022-12-22T23:58:31.478+0000] {processor.py:743} INFO - Processing file /home/airflow/.local/lib/python3.7/site-packages/airflow/example_dags/example_latest_only.py for tasks to queue
[2022-12-22T23:58:31.480+0000] {logging_mixin.py:137} INFO - [2022-12-22T23:58:31.480+0000] {dagbag.py:538} INFO - Filling up the DagBag from /home/airflow/.local/lib/python3.7/site-packages/airflow/example_dags/example_latest_only.py
[2022-12-22T23:58:31.494+0000] {processor.py:753} INFO - DAG(s) dict_keys(['latest_only']) retrieved from /home/airflow/.local/lib/python3.7/site-packages/airflow/example_dags/example_latest_only.py
[2022-12-22T23:58:31.535+0000] {logging_mixin.py:137} INFO - [2022-12-22T23:58:31.535+0000] {dag.py:2676} INFO - Sync 1 DAGs
[2022-12-22T23:58:31.557+0000] {logging_mixin.py:137} INFO - [2022-12-22T23:58:31.557+0000] {dag.py:3427} INFO - Setting next_dagrun for latest_only to 2022-12-22T19:58:31.557132+00:00, run_after=2022-12-22T23:58:31.557132+00:00
[2022-12-22T23:58:31.572+0000] {processor.py:175} INFO - Processing /home/airflow/.local/lib/python3.7/site-packages/airflow/example_dags/example_latest_only.py took 0.103 seconds
[2022-12-22T23:59:02.360+0000] {processor.py:153} INFO - Started process (PID=2639) to work on /home/airflow/.local/lib/python3.7/site-packages/airflow/example_dags/example_latest_only.py
[2022-12-22T23:59:02.362+0000] {processor.py:743} INFO - Processing file /home/airflow/.local/lib/python3.7/site-packages/airflow/example_dags/example_latest_only.py for tasks to queue
[2022-12-22T23:59:02.363+0000] {logging_mixin.py:137} INFO - [2022-12-22T23:59:02.362+0000] {dagbag.py:538} INFO - Filling up the DagBag from /home/airflow/.local/lib/python3.7/site-packages/airflow/example_dags/example_latest_only.py
[2022-12-22T23:59:02.373+0000] {processor.py:753} INFO - DAG(s) dict_keys(['latest_only']) retrieved from /home/airflow/.local/lib/python3.7/site-packages/airflow/example_dags/example_latest_only.py
[2022-12-22T23:59:02.405+0000] {logging_mixin.py:137} INFO - [2022-12-22T23:59:02.405+0000] {dag.py:2676} INFO - Sync 1 DAGs
[2022-12-22T23:59:02.424+0000] {logging_mixin.py:137} INFO - [2022-12-22T23:59:02.424+0000] {dag.py:3427} INFO - Setting next_dagrun for latest_only to 2022-12-22T19:59:02.424268+00:00, run_after=2022-12-22T23:59:02.424268+00:00
[2022-12-22T23:59:02.438+0000] {processor.py:175} INFO - Processing /home/airflow/.local/lib/python3.7/site-packages/airflow/example_dags/example_latest_only.py took 0.082 seconds
[2022-12-22T23:59:33.216+0000] {processor.py:153} INFO - Started process (PID=2865) to work on /home/airflow/.local/lib/python3.7/site-packages/airflow/example_dags/example_latest_only.py
[2022-12-22T23:59:33.217+0000] {processor.py:743} INFO - Processing file /home/airflow/.local/lib/python3.7/site-packages/airflow/example_dags/example_latest_only.py for tasks to queue
[2022-12-22T23:59:33.219+0000] {logging_mixin.py:137} INFO - [2022-12-22T23:59:33.219+0000] {dagbag.py:538} INFO - Filling up the DagBag from /home/airflow/.local/lib/python3.7/site-packages/airflow/example_dags/example_latest_only.py
[2022-12-22T23:59:33.230+0000] {processor.py:753} INFO - DAG(s) dict_keys(['latest_only']) retrieved from /home/airflow/.local/lib/python3.7/site-packages/airflow/example_dags/example_latest_only.py
[2022-12-22T23:59:33.261+0000] {logging_mixin.py:137} INFO - [2022-12-22T23:59:33.261+0000] {dag.py:2676} INFO - Sync 1 DAGs
[2022-12-22T23:59:33.281+0000] {logging_mixin.py:137} INFO - [2022-12-22T23:59:33.280+0000] {dag.py:3427} INFO - Setting next_dagrun for latest_only to 2022-12-22T19:59:33.280656+00:00, run_after=2022-12-22T23:59:33.280656+00:00
[2022-12-22T23:59:33.295+0000] {processor.py:175} INFO - Processing /home/airflow/.local/lib/python3.7/site-packages/airflow/example_dags/example_latest_only.py took 0.083 seconds
