[2022-12-22T23:53:24.330+0000] {processor.py:153} INFO - Started process (PID=222) to work on /home/airflow/.local/lib/python3.7/site-packages/airflow/example_dags/example_latest_only_with_trigger.py
[2022-12-22T23:53:24.331+0000] {processor.py:743} INFO - Processing file /home/airflow/.local/lib/python3.7/site-packages/airflow/example_dags/example_latest_only_with_trigger.py for tasks to queue
[2022-12-22T23:53:24.332+0000] {logging_mixin.py:137} INFO - [2022-12-22T23:53:24.332+0000] {dagbag.py:538} INFO - Filling up the DagBag from /home/airflow/.local/lib/python3.7/site-packages/airflow/example_dags/example_latest_only_with_trigger.py
[2022-12-22T23:53:24.346+0000] {processor.py:753} INFO - DAG(s) dict_keys(['latest_only_with_trigger']) retrieved from /home/airflow/.local/lib/python3.7/site-packages/airflow/example_dags/example_latest_only_with_trigger.py
[2022-12-22T23:53:24.370+0000] {logging_mixin.py:137} INFO - [2022-12-22T23:53:24.370+0000] {dag.py:2676} INFO - Sync 1 DAGs
[2022-12-22T23:53:24.393+0000] {logging_mixin.py:137} INFO - [2022-12-22T23:53:24.393+0000] {dag.py:3427} INFO - Setting next_dagrun for latest_only_with_trigger to 2022-12-22T19:53:24.392826+00:00, run_after=2022-12-22T23:53:24.392826+00:00
[2022-12-22T23:53:24.410+0000] {processor.py:175} INFO - Processing /home/airflow/.local/lib/python3.7/site-packages/airflow/example_dags/example_latest_only_with_trigger.py took 0.084 seconds
[2022-12-22T23:53:55.147+0000] {processor.py:153} INFO - Started process (PID=444) to work on /home/airflow/.local/lib/python3.7/site-packages/airflow/example_dags/example_latest_only_with_trigger.py
[2022-12-22T23:53:55.149+0000] {processor.py:743} INFO - Processing file /home/airflow/.local/lib/python3.7/site-packages/airflow/example_dags/example_latest_only_with_trigger.py for tasks to queue
[2022-12-22T23:53:55.150+0000] {logging_mixin.py:137} INFO - [2022-12-22T23:53:55.149+0000] {dagbag.py:538} INFO - Filling up the DagBag from /home/airflow/.local/lib/python3.7/site-packages/airflow/example_dags/example_latest_only_with_trigger.py
[2022-12-22T23:53:55.161+0000] {processor.py:753} INFO - DAG(s) dict_keys(['latest_only_with_trigger']) retrieved from /home/airflow/.local/lib/python3.7/site-packages/airflow/example_dags/example_latest_only_with_trigger.py
[2022-12-22T23:53:55.192+0000] {logging_mixin.py:137} INFO - [2022-12-22T23:53:55.192+0000] {dag.py:2676} INFO - Sync 1 DAGs
[2022-12-22T23:53:55.211+0000] {logging_mixin.py:137} INFO - [2022-12-22T23:53:55.211+0000] {dag.py:3427} INFO - Setting next_dagrun for latest_only_with_trigger to 2022-12-22T19:53:55.211200+00:00, run_after=2022-12-22T23:53:55.211200+00:00
[2022-12-22T23:53:55.225+0000] {processor.py:175} INFO - Processing /home/airflow/.local/lib/python3.7/site-packages/airflow/example_dags/example_latest_only_with_trigger.py took 0.080 seconds
[2022-12-22T23:54:25.918+0000] {processor.py:153} INFO - Started process (PID=661) to work on /home/airflow/.local/lib/python3.7/site-packages/airflow/example_dags/example_latest_only_with_trigger.py
[2022-12-22T23:54:25.920+0000] {processor.py:743} INFO - Processing file /home/airflow/.local/lib/python3.7/site-packages/airflow/example_dags/example_latest_only_with_trigger.py for tasks to queue
[2022-12-22T23:54:25.924+0000] {logging_mixin.py:137} INFO - [2022-12-22T23:54:25.924+0000] {dagbag.py:538} INFO - Filling up the DagBag from /home/airflow/.local/lib/python3.7/site-packages/airflow/example_dags/example_latest_only_with_trigger.py
[2022-12-22T23:54:25.936+0000] {processor.py:753} INFO - DAG(s) dict_keys(['latest_only_with_trigger']) retrieved from /home/airflow/.local/lib/python3.7/site-packages/airflow/example_dags/example_latest_only_with_trigger.py
[2022-12-22T23:54:25.983+0000] {logging_mixin.py:137} INFO - [2022-12-22T23:54:25.983+0000] {dag.py:2676} INFO - Sync 1 DAGs
[2022-12-22T23:54:26.003+0000] {logging_mixin.py:137} INFO - [2022-12-22T23:54:26.002+0000] {dag.py:3427} INFO - Setting next_dagrun for latest_only_with_trigger to 2022-12-22T19:54:26.002776+00:00, run_after=2022-12-22T23:54:26.002776+00:00
[2022-12-22T23:54:26.024+0000] {processor.py:175} INFO - Processing /home/airflow/.local/lib/python3.7/site-packages/airflow/example_dags/example_latest_only_with_trigger.py took 0.109 seconds
[2022-12-22T23:54:56.121+0000] {processor.py:153} INFO - Started process (PID=887) to work on /home/airflow/.local/lib/python3.7/site-packages/airflow/example_dags/example_latest_only_with_trigger.py
[2022-12-22T23:54:56.123+0000] {processor.py:743} INFO - Processing file /home/airflow/.local/lib/python3.7/site-packages/airflow/example_dags/example_latest_only_with_trigger.py for tasks to queue
[2022-12-22T23:54:56.124+0000] {logging_mixin.py:137} INFO - [2022-12-22T23:54:56.124+0000] {dagbag.py:538} INFO - Filling up the DagBag from /home/airflow/.local/lib/python3.7/site-packages/airflow/example_dags/example_latest_only_with_trigger.py
[2022-12-22T23:54:56.137+0000] {processor.py:753} INFO - DAG(s) dict_keys(['latest_only_with_trigger']) retrieved from /home/airflow/.local/lib/python3.7/site-packages/airflow/example_dags/example_latest_only_with_trigger.py
[2022-12-22T23:54:56.171+0000] {logging_mixin.py:137} INFO - [2022-12-22T23:54:56.171+0000] {dag.py:2676} INFO - Sync 1 DAGs
[2022-12-22T23:54:56.190+0000] {logging_mixin.py:137} INFO - [2022-12-22T23:54:56.190+0000] {dag.py:3427} INFO - Setting next_dagrun for latest_only_with_trigger to 2022-12-22T19:54:56.190430+00:00, run_after=2022-12-22T23:54:56.190430+00:00
[2022-12-22T23:54:56.209+0000] {processor.py:175} INFO - Processing /home/airflow/.local/lib/python3.7/site-packages/airflow/example_dags/example_latest_only_with_trigger.py took 0.091 seconds
[2022-12-22T23:55:26.924+0000] {processor.py:153} INFO - Started process (PID=1113) to work on /home/airflow/.local/lib/python3.7/site-packages/airflow/example_dags/example_latest_only_with_trigger.py
[2022-12-22T23:55:26.926+0000] {processor.py:743} INFO - Processing file /home/airflow/.local/lib/python3.7/site-packages/airflow/example_dags/example_latest_only_with_trigger.py for tasks to queue
[2022-12-22T23:55:26.927+0000] {logging_mixin.py:137} INFO - [2022-12-22T23:55:26.926+0000] {dagbag.py:538} INFO - Filling up the DagBag from /home/airflow/.local/lib/python3.7/site-packages/airflow/example_dags/example_latest_only_with_trigger.py
[2022-12-22T23:55:26.939+0000] {processor.py:753} INFO - DAG(s) dict_keys(['latest_only_with_trigger']) retrieved from /home/airflow/.local/lib/python3.7/site-packages/airflow/example_dags/example_latest_only_with_trigger.py
[2022-12-22T23:55:26.970+0000] {logging_mixin.py:137} INFO - [2022-12-22T23:55:26.970+0000] {dag.py:2676} INFO - Sync 1 DAGs
[2022-12-22T23:55:26.990+0000] {logging_mixin.py:137} INFO - [2022-12-22T23:55:26.990+0000] {dag.py:3427} INFO - Setting next_dagrun for latest_only_with_trigger to 2022-12-22T19:55:26.989793+00:00, run_after=2022-12-22T23:55:26.989793+00:00
[2022-12-22T23:55:27.004+0000] {processor.py:175} INFO - Processing /home/airflow/.local/lib/python3.7/site-packages/airflow/example_dags/example_latest_only_with_trigger.py took 0.083 seconds
[2022-12-22T23:55:57.674+0000] {processor.py:153} INFO - Started process (PID=1327) to work on /home/airflow/.local/lib/python3.7/site-packages/airflow/example_dags/example_latest_only_with_trigger.py
[2022-12-22T23:55:57.676+0000] {processor.py:743} INFO - Processing file /home/airflow/.local/lib/python3.7/site-packages/airflow/example_dags/example_latest_only_with_trigger.py for tasks to queue
[2022-12-22T23:55:57.677+0000] {logging_mixin.py:137} INFO - [2022-12-22T23:55:57.676+0000] {dagbag.py:538} INFO - Filling up the DagBag from /home/airflow/.local/lib/python3.7/site-packages/airflow/example_dags/example_latest_only_with_trigger.py
[2022-12-22T23:55:57.690+0000] {processor.py:753} INFO - DAG(s) dict_keys(['latest_only_with_trigger']) retrieved from /home/airflow/.local/lib/python3.7/site-packages/airflow/example_dags/example_latest_only_with_trigger.py
[2022-12-22T23:55:57.725+0000] {logging_mixin.py:137} INFO - [2022-12-22T23:55:57.725+0000] {dag.py:2676} INFO - Sync 1 DAGs
[2022-12-22T23:55:57.744+0000] {logging_mixin.py:137} INFO - [2022-12-22T23:55:57.744+0000] {dag.py:3427} INFO - Setting next_dagrun for latest_only_with_trigger to 2022-12-22T19:55:57.744018+00:00, run_after=2022-12-22T23:55:57.744018+00:00
[2022-12-22T23:55:57.759+0000] {processor.py:175} INFO - Processing /home/airflow/.local/lib/python3.7/site-packages/airflow/example_dags/example_latest_only_with_trigger.py took 0.088 seconds
[2022-12-22T23:56:28.748+0000] {processor.py:153} INFO - Started process (PID=1551) to work on /home/airflow/.local/lib/python3.7/site-packages/airflow/example_dags/example_latest_only_with_trigger.py
[2022-12-22T23:56:28.749+0000] {processor.py:743} INFO - Processing file /home/airflow/.local/lib/python3.7/site-packages/airflow/example_dags/example_latest_only_with_trigger.py for tasks to queue
[2022-12-22T23:56:28.750+0000] {logging_mixin.py:137} INFO - [2022-12-22T23:56:28.750+0000] {dagbag.py:538} INFO - Filling up the DagBag from /home/airflow/.local/lib/python3.7/site-packages/airflow/example_dags/example_latest_only_with_trigger.py
[2022-12-22T23:56:28.762+0000] {processor.py:753} INFO - DAG(s) dict_keys(['latest_only_with_trigger']) retrieved from /home/airflow/.local/lib/python3.7/site-packages/airflow/example_dags/example_latest_only_with_trigger.py
[2022-12-22T23:56:28.794+0000] {logging_mixin.py:137} INFO - [2022-12-22T23:56:28.794+0000] {dag.py:2676} INFO - Sync 1 DAGs
[2022-12-22T23:56:28.812+0000] {logging_mixin.py:137} INFO - [2022-12-22T23:56:28.812+0000] {dag.py:3427} INFO - Setting next_dagrun for latest_only_with_trigger to 2022-12-22T19:56:28.812065+00:00, run_after=2022-12-22T23:56:28.812065+00:00
[2022-12-22T23:56:28.826+0000] {processor.py:175} INFO - Processing /home/airflow/.local/lib/python3.7/site-packages/airflow/example_dags/example_latest_only_with_trigger.py took 0.082 seconds
[2022-12-22T23:56:59.520+0000] {processor.py:153} INFO - Started process (PID=1780) to work on /home/airflow/.local/lib/python3.7/site-packages/airflow/example_dags/example_latest_only_with_trigger.py
[2022-12-22T23:56:59.522+0000] {processor.py:743} INFO - Processing file /home/airflow/.local/lib/python3.7/site-packages/airflow/example_dags/example_latest_only_with_trigger.py for tasks to queue
[2022-12-22T23:56:59.522+0000] {logging_mixin.py:137} INFO - [2022-12-22T23:56:59.522+0000] {dagbag.py:538} INFO - Filling up the DagBag from /home/airflow/.local/lib/python3.7/site-packages/airflow/example_dags/example_latest_only_with_trigger.py
[2022-12-22T23:56:59.535+0000] {processor.py:753} INFO - DAG(s) dict_keys(['latest_only_with_trigger']) retrieved from /home/airflow/.local/lib/python3.7/site-packages/airflow/example_dags/example_latest_only_with_trigger.py
[2022-12-22T23:56:59.567+0000] {logging_mixin.py:137} INFO - [2022-12-22T23:56:59.567+0000] {dag.py:2676} INFO - Sync 1 DAGs
[2022-12-22T23:56:59.586+0000] {logging_mixin.py:137} INFO - [2022-12-22T23:56:59.586+0000] {dag.py:3427} INFO - Setting next_dagrun for latest_only_with_trigger to 2022-12-22T19:56:59.585845+00:00, run_after=2022-12-22T23:56:59.585845+00:00
[2022-12-22T23:56:59.599+0000] {processor.py:175} INFO - Processing /home/airflow/.local/lib/python3.7/site-packages/airflow/example_dags/example_latest_only_with_trigger.py took 0.082 seconds
[2022-12-22T23:57:30.152+0000] {processor.py:153} INFO - Started process (PID=1992) to work on /home/airflow/.local/lib/python3.7/site-packages/airflow/example_dags/example_latest_only_with_trigger.py
[2022-12-22T23:57:30.154+0000] {processor.py:743} INFO - Processing file /home/airflow/.local/lib/python3.7/site-packages/airflow/example_dags/example_latest_only_with_trigger.py for tasks to queue
[2022-12-22T23:57:30.155+0000] {logging_mixin.py:137} INFO - [2022-12-22T23:57:30.155+0000] {dagbag.py:538} INFO - Filling up the DagBag from /home/airflow/.local/lib/python3.7/site-packages/airflow/example_dags/example_latest_only_with_trigger.py
[2022-12-22T23:57:30.169+0000] {processor.py:753} INFO - DAG(s) dict_keys(['latest_only_with_trigger']) retrieved from /home/airflow/.local/lib/python3.7/site-packages/airflow/example_dags/example_latest_only_with_trigger.py
[2022-12-22T23:57:30.203+0000] {logging_mixin.py:137} INFO - [2022-12-22T23:57:30.203+0000] {dag.py:2676} INFO - Sync 1 DAGs
[2022-12-22T23:57:30.223+0000] {logging_mixin.py:137} INFO - [2022-12-22T23:57:30.223+0000] {dag.py:3427} INFO - Setting next_dagrun for latest_only_with_trigger to 2022-12-22T19:57:30.222780+00:00, run_after=2022-12-22T23:57:30.222780+00:00
[2022-12-22T23:57:30.239+0000] {processor.py:175} INFO - Processing /home/airflow/.local/lib/python3.7/site-packages/airflow/example_dags/example_latest_only_with_trigger.py took 0.090 seconds
[2022-12-22T23:58:00.903+0000] {processor.py:153} INFO - Started process (PID=2218) to work on /home/airflow/.local/lib/python3.7/site-packages/airflow/example_dags/example_latest_only_with_trigger.py
[2022-12-22T23:58:00.905+0000] {processor.py:743} INFO - Processing file /home/airflow/.local/lib/python3.7/site-packages/airflow/example_dags/example_latest_only_with_trigger.py for tasks to queue
[2022-12-22T23:58:00.906+0000] {logging_mixin.py:137} INFO - [2022-12-22T23:58:00.906+0000] {dagbag.py:538} INFO - Filling up the DagBag from /home/airflow/.local/lib/python3.7/site-packages/airflow/example_dags/example_latest_only_with_trigger.py
[2022-12-22T23:58:00.919+0000] {processor.py:753} INFO - DAG(s) dict_keys(['latest_only_with_trigger']) retrieved from /home/airflow/.local/lib/python3.7/site-packages/airflow/example_dags/example_latest_only_with_trigger.py
[2022-12-22T23:58:00.951+0000] {logging_mixin.py:137} INFO - [2022-12-22T23:58:00.951+0000] {dag.py:2676} INFO - Sync 1 DAGs
[2022-12-22T23:58:00.970+0000] {logging_mixin.py:137} INFO - [2022-12-22T23:58:00.970+0000] {dag.py:3427} INFO - Setting next_dagrun for latest_only_with_trigger to 2022-12-22T19:58:00.970322+00:00, run_after=2022-12-22T23:58:00.970322+00:00
[2022-12-22T23:58:00.984+0000] {processor.py:175} INFO - Processing /home/airflow/.local/lib/python3.7/site-packages/airflow/example_dags/example_latest_only_with_trigger.py took 0.084 seconds
[2022-12-22T23:58:31.752+0000] {processor.py:153} INFO - Started process (PID=2445) to work on /home/airflow/.local/lib/python3.7/site-packages/airflow/example_dags/example_latest_only_with_trigger.py
[2022-12-22T23:58:31.753+0000] {processor.py:743} INFO - Processing file /home/airflow/.local/lib/python3.7/site-packages/airflow/example_dags/example_latest_only_with_trigger.py for tasks to queue
[2022-12-22T23:58:31.754+0000] {logging_mixin.py:137} INFO - [2022-12-22T23:58:31.754+0000] {dagbag.py:538} INFO - Filling up the DagBag from /home/airflow/.local/lib/python3.7/site-packages/airflow/example_dags/example_latest_only_with_trigger.py
[2022-12-22T23:58:31.768+0000] {processor.py:753} INFO - DAG(s) dict_keys(['latest_only_with_trigger']) retrieved from /home/airflow/.local/lib/python3.7/site-packages/airflow/example_dags/example_latest_only_with_trigger.py
[2022-12-22T23:58:31.808+0000] {logging_mixin.py:137} INFO - [2022-12-22T23:58:31.807+0000] {dag.py:2676} INFO - Sync 1 DAGs
[2022-12-22T23:58:31.830+0000] {logging_mixin.py:137} INFO - [2022-12-22T23:58:31.830+0000] {dag.py:3427} INFO - Setting next_dagrun for latest_only_with_trigger to 2022-12-22T19:58:31.830431+00:00, run_after=2022-12-22T23:58:31.830431+00:00
[2022-12-22T23:58:31.848+0000] {processor.py:175} INFO - Processing /home/airflow/.local/lib/python3.7/site-packages/airflow/example_dags/example_latest_only_with_trigger.py took 0.100 seconds
[2022-12-22T23:59:02.749+0000] {processor.py:153} INFO - Started process (PID=2658) to work on /home/airflow/.local/lib/python3.7/site-packages/airflow/example_dags/example_latest_only_with_trigger.py
[2022-12-22T23:59:02.750+0000] {processor.py:743} INFO - Processing file /home/airflow/.local/lib/python3.7/site-packages/airflow/example_dags/example_latest_only_with_trigger.py for tasks to queue
[2022-12-22T23:59:02.751+0000] {logging_mixin.py:137} INFO - [2022-12-22T23:59:02.751+0000] {dagbag.py:538} INFO - Filling up the DagBag from /home/airflow/.local/lib/python3.7/site-packages/airflow/example_dags/example_latest_only_with_trigger.py
[2022-12-22T23:59:02.764+0000] {processor.py:753} INFO - DAG(s) dict_keys(['latest_only_with_trigger']) retrieved from /home/airflow/.local/lib/python3.7/site-packages/airflow/example_dags/example_latest_only_with_trigger.py
[2022-12-22T23:59:02.797+0000] {logging_mixin.py:137} INFO - [2022-12-22T23:59:02.797+0000] {dag.py:2676} INFO - Sync 1 DAGs
[2022-12-22T23:59:02.815+0000] {logging_mixin.py:137} INFO - [2022-12-22T23:59:02.815+0000] {dag.py:3427} INFO - Setting next_dagrun for latest_only_with_trigger to 2022-12-22T19:59:02.815516+00:00, run_after=2022-12-22T23:59:02.815516+00:00
[2022-12-22T23:59:02.830+0000] {processor.py:175} INFO - Processing /home/airflow/.local/lib/python3.7/site-packages/airflow/example_dags/example_latest_only_with_trigger.py took 0.084 seconds
[2022-12-22T23:59:33.590+0000] {processor.py:153} INFO - Started process (PID=2888) to work on /home/airflow/.local/lib/python3.7/site-packages/airflow/example_dags/example_latest_only_with_trigger.py
[2022-12-22T23:59:33.594+0000] {processor.py:743} INFO - Processing file /home/airflow/.local/lib/python3.7/site-packages/airflow/example_dags/example_latest_only_with_trigger.py for tasks to queue
[2022-12-22T23:59:33.596+0000] {logging_mixin.py:137} INFO - [2022-12-22T23:59:33.595+0000] {dagbag.py:538} INFO - Filling up the DagBag from /home/airflow/.local/lib/python3.7/site-packages/airflow/example_dags/example_latest_only_with_trigger.py
[2022-12-22T23:59:33.608+0000] {processor.py:753} INFO - DAG(s) dict_keys(['latest_only_with_trigger']) retrieved from /home/airflow/.local/lib/python3.7/site-packages/airflow/example_dags/example_latest_only_with_trigger.py
[2022-12-22T23:59:33.642+0000] {logging_mixin.py:137} INFO - [2022-12-22T23:59:33.642+0000] {dag.py:2676} INFO - Sync 1 DAGs
[2022-12-22T23:59:33.663+0000] {logging_mixin.py:137} INFO - [2022-12-22T23:59:33.663+0000] {dag.py:3427} INFO - Setting next_dagrun for latest_only_with_trigger to 2022-12-22T19:59:33.663446+00:00, run_after=2022-12-22T23:59:33.663446+00:00
[2022-12-22T23:59:33.678+0000] {processor.py:175} INFO - Processing /home/airflow/.local/lib/python3.7/site-packages/airflow/example_dags/example_latest_only_with_trigger.py took 0.092 seconds
