[2022-12-22T23:53:24.989+0000] {processor.py:153} INFO - Started process (PID=270) to work on /home/airflow/.local/lib/python3.7/site-packages/airflow/example_dags/example_dag_decorator.py
[2022-12-22T23:53:24.990+0000] {processor.py:743} INFO - Processing file /home/airflow/.local/lib/python3.7/site-packages/airflow/example_dags/example_dag_decorator.py for tasks to queue
[2022-12-22T23:53:24.991+0000] {logging_mixin.py:137} INFO - [2022-12-22T23:53:24.991+0000] {dagbag.py:538} INFO - Filling up the DagBag from /home/airflow/.local/lib/python3.7/site-packages/airflow/example_dags/example_dag_decorator.py
[2022-12-22T23:53:25.007+0000] {logging_mixin.py:137} INFO - [2022-12-22T23:53:25.007+0000] {taskmixin.py:205} WARNING - Dependency <Task(_PythonDecoratedOperator): prepare_email>, send_email already registered for DAG: example_dag_decorator
[2022-12-22T23:53:25.008+0000] {logging_mixin.py:137} INFO - [2022-12-22T23:53:25.008+0000] {taskmixin.py:205} WARNING - Dependency <Task(EmailOperator): send_email>, prepare_email already registered for DAG: example_dag_decorator
[2022-12-22T23:53:25.022+0000] {processor.py:753} INFO - DAG(s) dict_keys(['example_dag_decorator']) retrieved from /home/airflow/.local/lib/python3.7/site-packages/airflow/example_dags/example_dag_decorator.py
[2022-12-22T23:53:25.044+0000] {logging_mixin.py:137} INFO - [2022-12-22T23:53:25.044+0000] {dag.py:2676} INFO - Sync 1 DAGs
[2022-12-22T23:53:25.064+0000] {logging_mixin.py:137} INFO - [2022-12-22T23:53:25.064+0000] {dag.py:3427} INFO - Setting next_dagrun for example_dag_decorator to None, run_after=None
[2022-12-22T23:53:25.078+0000] {processor.py:175} INFO - Processing /home/airflow/.local/lib/python3.7/site-packages/airflow/example_dags/example_dag_decorator.py took 0.092 seconds
[2022-12-22T23:53:55.860+0000] {processor.py:153} INFO - Started process (PID=495) to work on /home/airflow/.local/lib/python3.7/site-packages/airflow/example_dags/example_dag_decorator.py
[2022-12-22T23:53:55.862+0000] {processor.py:743} INFO - Processing file /home/airflow/.local/lib/python3.7/site-packages/airflow/example_dags/example_dag_decorator.py for tasks to queue
[2022-12-22T23:53:55.863+0000] {logging_mixin.py:137} INFO - [2022-12-22T23:53:55.863+0000] {dagbag.py:538} INFO - Filling up the DagBag from /home/airflow/.local/lib/python3.7/site-packages/airflow/example_dags/example_dag_decorator.py
[2022-12-22T23:53:55.878+0000] {logging_mixin.py:137} INFO - [2022-12-22T23:53:55.877+0000] {taskmixin.py:205} WARNING - Dependency <Task(_PythonDecoratedOperator): prepare_email>, send_email already registered for DAG: example_dag_decorator
[2022-12-22T23:53:55.878+0000] {logging_mixin.py:137} INFO - [2022-12-22T23:53:55.878+0000] {taskmixin.py:205} WARNING - Dependency <Task(EmailOperator): send_email>, prepare_email already registered for DAG: example_dag_decorator
[2022-12-22T23:53:55.888+0000] {processor.py:753} INFO - DAG(s) dict_keys(['example_dag_decorator']) retrieved from /home/airflow/.local/lib/python3.7/site-packages/airflow/example_dags/example_dag_decorator.py
[2022-12-22T23:53:55.945+0000] {logging_mixin.py:137} INFO - [2022-12-22T23:53:55.945+0000] {dag.py:2676} INFO - Sync 1 DAGs
[2022-12-22T23:53:55.962+0000] {logging_mixin.py:137} INFO - [2022-12-22T23:53:55.962+0000] {dag.py:3427} INFO - Setting next_dagrun for example_dag_decorator to None, run_after=None
[2022-12-22T23:53:55.976+0000] {processor.py:175} INFO - Processing /home/airflow/.local/lib/python3.7/site-packages/airflow/example_dags/example_dag_decorator.py took 0.119 seconds
[2022-12-22T23:54:26.709+0000] {processor.py:153} INFO - Started process (PID=718) to work on /home/airflow/.local/lib/python3.7/site-packages/airflow/example_dags/example_dag_decorator.py
[2022-12-22T23:54:26.711+0000] {processor.py:743} INFO - Processing file /home/airflow/.local/lib/python3.7/site-packages/airflow/example_dags/example_dag_decorator.py for tasks to queue
[2022-12-22T23:54:26.712+0000] {logging_mixin.py:137} INFO - [2022-12-22T23:54:26.712+0000] {dagbag.py:538} INFO - Filling up the DagBag from /home/airflow/.local/lib/python3.7/site-packages/airflow/example_dags/example_dag_decorator.py
[2022-12-22T23:54:26.726+0000] {logging_mixin.py:137} INFO - [2022-12-22T23:54:26.726+0000] {taskmixin.py:205} WARNING - Dependency <Task(_PythonDecoratedOperator): prepare_email>, send_email already registered for DAG: example_dag_decorator
[2022-12-22T23:54:26.727+0000] {logging_mixin.py:137} INFO - [2022-12-22T23:54:26.727+0000] {taskmixin.py:205} WARNING - Dependency <Task(EmailOperator): send_email>, prepare_email already registered for DAG: example_dag_decorator
[2022-12-22T23:54:26.757+0000] {processor.py:753} INFO - DAG(s) dict_keys(['example_dag_decorator']) retrieved from /home/airflow/.local/lib/python3.7/site-packages/airflow/example_dags/example_dag_decorator.py
[2022-12-22T23:54:26.868+0000] {logging_mixin.py:137} INFO - [2022-12-22T23:54:26.868+0000] {dag.py:2676} INFO - Sync 1 DAGs
[2022-12-22T23:54:26.897+0000] {logging_mixin.py:137} INFO - [2022-12-22T23:54:26.897+0000] {dag.py:3427} INFO - Setting next_dagrun for example_dag_decorator to None, run_after=None
[2022-12-22T23:54:26.911+0000] {processor.py:175} INFO - Processing /home/airflow/.local/lib/python3.7/site-packages/airflow/example_dags/example_dag_decorator.py took 0.205 seconds
[2022-12-22T23:54:57.795+0000] {processor.py:153} INFO - Started process (PID=935) to work on /home/airflow/.local/lib/python3.7/site-packages/airflow/example_dags/example_dag_decorator.py
[2022-12-22T23:54:57.797+0000] {processor.py:743} INFO - Processing file /home/airflow/.local/lib/python3.7/site-packages/airflow/example_dags/example_dag_decorator.py for tasks to queue
[2022-12-22T23:54:57.798+0000] {logging_mixin.py:137} INFO - [2022-12-22T23:54:57.798+0000] {dagbag.py:538} INFO - Filling up the DagBag from /home/airflow/.local/lib/python3.7/site-packages/airflow/example_dags/example_dag_decorator.py
[2022-12-22T23:54:57.811+0000] {logging_mixin.py:137} INFO - [2022-12-22T23:54:57.811+0000] {taskmixin.py:205} WARNING - Dependency <Task(_PythonDecoratedOperator): prepare_email>, send_email already registered for DAG: example_dag_decorator
[2022-12-22T23:54:57.812+0000] {logging_mixin.py:137} INFO - [2022-12-22T23:54:57.812+0000] {taskmixin.py:205} WARNING - Dependency <Task(EmailOperator): send_email>, prepare_email already registered for DAG: example_dag_decorator
[2022-12-22T23:54:57.823+0000] {processor.py:753} INFO - DAG(s) dict_keys(['example_dag_decorator']) retrieved from /home/airflow/.local/lib/python3.7/site-packages/airflow/example_dags/example_dag_decorator.py
[2022-12-22T23:54:57.883+0000] {logging_mixin.py:137} INFO - [2022-12-22T23:54:57.883+0000] {dag.py:2676} INFO - Sync 1 DAGs
[2022-12-22T23:54:57.900+0000] {logging_mixin.py:137} INFO - [2022-12-22T23:54:57.900+0000] {dag.py:3427} INFO - Setting next_dagrun for example_dag_decorator to None, run_after=None
[2022-12-22T23:54:57.914+0000] {processor.py:175} INFO - Processing /home/airflow/.local/lib/python3.7/site-packages/airflow/example_dags/example_dag_decorator.py took 0.121 seconds
[2022-12-22T23:55:28.555+0000] {processor.py:153} INFO - Started process (PID=1161) to work on /home/airflow/.local/lib/python3.7/site-packages/airflow/example_dags/example_dag_decorator.py
[2022-12-22T23:55:28.557+0000] {processor.py:743} INFO - Processing file /home/airflow/.local/lib/python3.7/site-packages/airflow/example_dags/example_dag_decorator.py for tasks to queue
[2022-12-22T23:55:28.558+0000] {logging_mixin.py:137} INFO - [2022-12-22T23:55:28.558+0000] {dagbag.py:538} INFO - Filling up the DagBag from /home/airflow/.local/lib/python3.7/site-packages/airflow/example_dags/example_dag_decorator.py
[2022-12-22T23:55:28.571+0000] {logging_mixin.py:137} INFO - [2022-12-22T23:55:28.571+0000] {taskmixin.py:205} WARNING - Dependency <Task(_PythonDecoratedOperator): prepare_email>, send_email already registered for DAG: example_dag_decorator
[2022-12-22T23:55:28.572+0000] {logging_mixin.py:137} INFO - [2022-12-22T23:55:28.572+0000] {taskmixin.py:205} WARNING - Dependency <Task(EmailOperator): send_email>, prepare_email already registered for DAG: example_dag_decorator
[2022-12-22T23:55:28.582+0000] {processor.py:753} INFO - DAG(s) dict_keys(['example_dag_decorator']) retrieved from /home/airflow/.local/lib/python3.7/site-packages/airflow/example_dags/example_dag_decorator.py
[2022-12-22T23:55:28.640+0000] {logging_mixin.py:137} INFO - [2022-12-22T23:55:28.640+0000] {dag.py:2676} INFO - Sync 1 DAGs
[2022-12-22T23:55:28.657+0000] {logging_mixin.py:137} INFO - [2022-12-22T23:55:28.657+0000] {dag.py:3427} INFO - Setting next_dagrun for example_dag_decorator to None, run_after=None
[2022-12-22T23:55:28.671+0000] {processor.py:175} INFO - Processing /home/airflow/.local/lib/python3.7/site-packages/airflow/example_dags/example_dag_decorator.py took 0.118 seconds
[2022-12-22T23:55:59.333+0000] {processor.py:153} INFO - Started process (PID=1384) to work on /home/airflow/.local/lib/python3.7/site-packages/airflow/example_dags/example_dag_decorator.py
[2022-12-22T23:55:59.334+0000] {processor.py:743} INFO - Processing file /home/airflow/.local/lib/python3.7/site-packages/airflow/example_dags/example_dag_decorator.py for tasks to queue
[2022-12-22T23:55:59.335+0000] {logging_mixin.py:137} INFO - [2022-12-22T23:55:59.335+0000] {dagbag.py:538} INFO - Filling up the DagBag from /home/airflow/.local/lib/python3.7/site-packages/airflow/example_dags/example_dag_decorator.py
[2022-12-22T23:55:59.350+0000] {logging_mixin.py:137} INFO - [2022-12-22T23:55:59.350+0000] {taskmixin.py:205} WARNING - Dependency <Task(_PythonDecoratedOperator): prepare_email>, send_email already registered for DAG: example_dag_decorator
[2022-12-22T23:55:59.351+0000] {logging_mixin.py:137} INFO - [2022-12-22T23:55:59.351+0000] {taskmixin.py:205} WARNING - Dependency <Task(EmailOperator): send_email>, prepare_email already registered for DAG: example_dag_decorator
[2022-12-22T23:55:59.362+0000] {processor.py:753} INFO - DAG(s) dict_keys(['example_dag_decorator']) retrieved from /home/airflow/.local/lib/python3.7/site-packages/airflow/example_dags/example_dag_decorator.py
[2022-12-22T23:55:59.423+0000] {logging_mixin.py:137} INFO - [2022-12-22T23:55:59.423+0000] {dag.py:2676} INFO - Sync 1 DAGs
[2022-12-22T23:55:59.440+0000] {logging_mixin.py:137} INFO - [2022-12-22T23:55:59.440+0000] {dag.py:3427} INFO - Setting next_dagrun for example_dag_decorator to None, run_after=None
[2022-12-22T23:55:59.456+0000] {processor.py:175} INFO - Processing /home/airflow/.local/lib/python3.7/site-packages/airflow/example_dags/example_dag_decorator.py took 0.126 seconds
[2022-12-22T23:56:30.381+0000] {processor.py:153} INFO - Started process (PID=1601) to work on /home/airflow/.local/lib/python3.7/site-packages/airflow/example_dags/example_dag_decorator.py
[2022-12-22T23:56:30.382+0000] {processor.py:743} INFO - Processing file /home/airflow/.local/lib/python3.7/site-packages/airflow/example_dags/example_dag_decorator.py for tasks to queue
[2022-12-22T23:56:30.383+0000] {logging_mixin.py:137} INFO - [2022-12-22T23:56:30.383+0000] {dagbag.py:538} INFO - Filling up the DagBag from /home/airflow/.local/lib/python3.7/site-packages/airflow/example_dags/example_dag_decorator.py
[2022-12-22T23:56:30.397+0000] {logging_mixin.py:137} INFO - [2022-12-22T23:56:30.397+0000] {taskmixin.py:205} WARNING - Dependency <Task(_PythonDecoratedOperator): prepare_email>, send_email already registered for DAG: example_dag_decorator
[2022-12-22T23:56:30.398+0000] {logging_mixin.py:137} INFO - [2022-12-22T23:56:30.398+0000] {taskmixin.py:205} WARNING - Dependency <Task(EmailOperator): send_email>, prepare_email already registered for DAG: example_dag_decorator
[2022-12-22T23:56:30.409+0000] {processor.py:753} INFO - DAG(s) dict_keys(['example_dag_decorator']) retrieved from /home/airflow/.local/lib/python3.7/site-packages/airflow/example_dags/example_dag_decorator.py
[2022-12-22T23:56:30.473+0000] {logging_mixin.py:137} INFO - [2022-12-22T23:56:30.473+0000] {dag.py:2676} INFO - Sync 1 DAGs
[2022-12-22T23:56:30.491+0000] {logging_mixin.py:137} INFO - [2022-12-22T23:56:30.491+0000] {dag.py:3427} INFO - Setting next_dagrun for example_dag_decorator to None, run_after=None
[2022-12-22T23:56:30.506+0000] {processor.py:175} INFO - Processing /home/airflow/.local/lib/python3.7/site-packages/airflow/example_dags/example_dag_decorator.py took 0.128 seconds
[2022-12-22T23:57:01.163+0000] {processor.py:153} INFO - Started process (PID=1828) to work on /home/airflow/.local/lib/python3.7/site-packages/airflow/example_dags/example_dag_decorator.py
[2022-12-22T23:57:01.164+0000] {processor.py:743} INFO - Processing file /home/airflow/.local/lib/python3.7/site-packages/airflow/example_dags/example_dag_decorator.py for tasks to queue
[2022-12-22T23:57:01.165+0000] {logging_mixin.py:137} INFO - [2022-12-22T23:57:01.165+0000] {dagbag.py:538} INFO - Filling up the DagBag from /home/airflow/.local/lib/python3.7/site-packages/airflow/example_dags/example_dag_decorator.py
[2022-12-22T23:57:01.179+0000] {logging_mixin.py:137} INFO - [2022-12-22T23:57:01.179+0000] {taskmixin.py:205} WARNING - Dependency <Task(_PythonDecoratedOperator): prepare_email>, send_email already registered for DAG: example_dag_decorator
[2022-12-22T23:57:01.180+0000] {logging_mixin.py:137} INFO - [2022-12-22T23:57:01.180+0000] {taskmixin.py:205} WARNING - Dependency <Task(EmailOperator): send_email>, prepare_email already registered for DAG: example_dag_decorator
[2022-12-22T23:57:01.190+0000] {processor.py:753} INFO - DAG(s) dict_keys(['example_dag_decorator']) retrieved from /home/airflow/.local/lib/python3.7/site-packages/airflow/example_dags/example_dag_decorator.py
[2022-12-22T23:57:01.248+0000] {logging_mixin.py:137} INFO - [2022-12-22T23:57:01.248+0000] {dag.py:2676} INFO - Sync 1 DAGs
[2022-12-22T23:57:01.266+0000] {logging_mixin.py:137} INFO - [2022-12-22T23:57:01.266+0000] {dag.py:3427} INFO - Setting next_dagrun for example_dag_decorator to None, run_after=None
[2022-12-22T23:57:01.280+0000] {processor.py:175} INFO - Processing /home/airflow/.local/lib/python3.7/site-packages/airflow/example_dags/example_dag_decorator.py took 0.120 seconds
[2022-12-22T23:57:31.740+0000] {processor.py:153} INFO - Started process (PID=2042) to work on /home/airflow/.local/lib/python3.7/site-packages/airflow/example_dags/example_dag_decorator.py
[2022-12-22T23:57:31.741+0000] {processor.py:743} INFO - Processing file /home/airflow/.local/lib/python3.7/site-packages/airflow/example_dags/example_dag_decorator.py for tasks to queue
[2022-12-22T23:57:31.742+0000] {logging_mixin.py:137} INFO - [2022-12-22T23:57:31.742+0000] {dagbag.py:538} INFO - Filling up the DagBag from /home/airflow/.local/lib/python3.7/site-packages/airflow/example_dags/example_dag_decorator.py
[2022-12-22T23:57:31.756+0000] {logging_mixin.py:137} INFO - [2022-12-22T23:57:31.756+0000] {taskmixin.py:205} WARNING - Dependency <Task(_PythonDecoratedOperator): prepare_email>, send_email already registered for DAG: example_dag_decorator
[2022-12-22T23:57:31.757+0000] {logging_mixin.py:137} INFO - [2022-12-22T23:57:31.757+0000] {taskmixin.py:205} WARNING - Dependency <Task(EmailOperator): send_email>, prepare_email already registered for DAG: example_dag_decorator
[2022-12-22T23:57:31.767+0000] {processor.py:753} INFO - DAG(s) dict_keys(['example_dag_decorator']) retrieved from /home/airflow/.local/lib/python3.7/site-packages/airflow/example_dags/example_dag_decorator.py
[2022-12-22T23:57:31.828+0000] {logging_mixin.py:137} INFO - [2022-12-22T23:57:31.828+0000] {dag.py:2676} INFO - Sync 1 DAGs
[2022-12-22T23:57:31.847+0000] {logging_mixin.py:137} INFO - [2022-12-22T23:57:31.847+0000] {dag.py:3427} INFO - Setting next_dagrun for example_dag_decorator to None, run_after=None
[2022-12-22T23:57:31.864+0000] {processor.py:175} INFO - Processing /home/airflow/.local/lib/python3.7/site-packages/airflow/example_dags/example_dag_decorator.py took 0.127 seconds
[2022-12-22T23:58:02.439+0000] {processor.py:153} INFO - Started process (PID=2268) to work on /home/airflow/.local/lib/python3.7/site-packages/airflow/example_dags/example_dag_decorator.py
[2022-12-22T23:58:02.440+0000] {processor.py:743} INFO - Processing file /home/airflow/.local/lib/python3.7/site-packages/airflow/example_dags/example_dag_decorator.py for tasks to queue
[2022-12-22T23:58:02.442+0000] {logging_mixin.py:137} INFO - [2022-12-22T23:58:02.442+0000] {dagbag.py:538} INFO - Filling up the DagBag from /home/airflow/.local/lib/python3.7/site-packages/airflow/example_dags/example_dag_decorator.py
[2022-12-22T23:58:02.456+0000] {logging_mixin.py:137} INFO - [2022-12-22T23:58:02.455+0000] {taskmixin.py:205} WARNING - Dependency <Task(_PythonDecoratedOperator): prepare_email>, send_email already registered for DAG: example_dag_decorator
[2022-12-22T23:58:02.457+0000] {logging_mixin.py:137} INFO - [2022-12-22T23:58:02.457+0000] {taskmixin.py:205} WARNING - Dependency <Task(EmailOperator): send_email>, prepare_email already registered for DAG: example_dag_decorator
[2022-12-22T23:58:02.467+0000] {processor.py:753} INFO - DAG(s) dict_keys(['example_dag_decorator']) retrieved from /home/airflow/.local/lib/python3.7/site-packages/airflow/example_dags/example_dag_decorator.py
[2022-12-22T23:58:02.526+0000] {logging_mixin.py:137} INFO - [2022-12-22T23:58:02.526+0000] {dag.py:2676} INFO - Sync 1 DAGs
[2022-12-22T23:58:02.543+0000] {logging_mixin.py:137} INFO - [2022-12-22T23:58:02.543+0000] {dag.py:3427} INFO - Setting next_dagrun for example_dag_decorator to None, run_after=None
[2022-12-22T23:58:02.557+0000] {processor.py:175} INFO - Processing /home/airflow/.local/lib/python3.7/site-packages/airflow/example_dags/example_dag_decorator.py took 0.121 seconds
[2022-12-22T23:58:33.430+0000] {processor.py:153} INFO - Started process (PID=2495) to work on /home/airflow/.local/lib/python3.7/site-packages/airflow/example_dags/example_dag_decorator.py
[2022-12-22T23:58:33.431+0000] {processor.py:743} INFO - Processing file /home/airflow/.local/lib/python3.7/site-packages/airflow/example_dags/example_dag_decorator.py for tasks to queue
[2022-12-22T23:58:33.432+0000] {logging_mixin.py:137} INFO - [2022-12-22T23:58:33.432+0000] {dagbag.py:538} INFO - Filling up the DagBag from /home/airflow/.local/lib/python3.7/site-packages/airflow/example_dags/example_dag_decorator.py
[2022-12-22T23:58:33.445+0000] {logging_mixin.py:137} INFO - [2022-12-22T23:58:33.445+0000] {taskmixin.py:205} WARNING - Dependency <Task(_PythonDecoratedOperator): prepare_email>, send_email already registered for DAG: example_dag_decorator
[2022-12-22T23:58:33.446+0000] {logging_mixin.py:137} INFO - [2022-12-22T23:58:33.446+0000] {taskmixin.py:205} WARNING - Dependency <Task(EmailOperator): send_email>, prepare_email already registered for DAG: example_dag_decorator
[2022-12-22T23:58:33.456+0000] {processor.py:753} INFO - DAG(s) dict_keys(['example_dag_decorator']) retrieved from /home/airflow/.local/lib/python3.7/site-packages/airflow/example_dags/example_dag_decorator.py
[2022-12-22T23:58:33.515+0000] {logging_mixin.py:137} INFO - [2022-12-22T23:58:33.514+0000] {dag.py:2676} INFO - Sync 1 DAGs
[2022-12-22T23:58:33.532+0000] {logging_mixin.py:137} INFO - [2022-12-22T23:58:33.532+0000] {dag.py:3427} INFO - Setting next_dagrun for example_dag_decorator to None, run_after=None
[2022-12-22T23:58:33.546+0000] {processor.py:175} INFO - Processing /home/airflow/.local/lib/python3.7/site-packages/airflow/example_dags/example_dag_decorator.py took 0.119 seconds
[2022-12-22T23:59:04.409+0000] {processor.py:153} INFO - Started process (PID=2709) to work on /home/airflow/.local/lib/python3.7/site-packages/airflow/example_dags/example_dag_decorator.py
[2022-12-22T23:59:04.410+0000] {processor.py:743} INFO - Processing file /home/airflow/.local/lib/python3.7/site-packages/airflow/example_dags/example_dag_decorator.py for tasks to queue
[2022-12-22T23:59:04.411+0000] {logging_mixin.py:137} INFO - [2022-12-22T23:59:04.411+0000] {dagbag.py:538} INFO - Filling up the DagBag from /home/airflow/.local/lib/python3.7/site-packages/airflow/example_dags/example_dag_decorator.py
[2022-12-22T23:59:04.424+0000] {logging_mixin.py:137} INFO - [2022-12-22T23:59:04.424+0000] {taskmixin.py:205} WARNING - Dependency <Task(_PythonDecoratedOperator): prepare_email>, send_email already registered for DAG: example_dag_decorator
[2022-12-22T23:59:04.426+0000] {logging_mixin.py:137} INFO - [2022-12-22T23:59:04.426+0000] {taskmixin.py:205} WARNING - Dependency <Task(EmailOperator): send_email>, prepare_email already registered for DAG: example_dag_decorator
[2022-12-22T23:59:04.436+0000] {processor.py:753} INFO - DAG(s) dict_keys(['example_dag_decorator']) retrieved from /home/airflow/.local/lib/python3.7/site-packages/airflow/example_dags/example_dag_decorator.py
[2022-12-22T23:59:04.495+0000] {logging_mixin.py:137} INFO - [2022-12-22T23:59:04.495+0000] {dag.py:2676} INFO - Sync 1 DAGs
[2022-12-22T23:59:04.512+0000] {logging_mixin.py:137} INFO - [2022-12-22T23:59:04.512+0000] {dag.py:3427} INFO - Setting next_dagrun for example_dag_decorator to None, run_after=None
[2022-12-22T23:59:04.526+0000] {processor.py:175} INFO - Processing /home/airflow/.local/lib/python3.7/site-packages/airflow/example_dags/example_dag_decorator.py took 0.120 seconds
[2022-12-22T23:59:35.225+0000] {processor.py:153} INFO - Started process (PID=2936) to work on /home/airflow/.local/lib/python3.7/site-packages/airflow/example_dags/example_dag_decorator.py
[2022-12-22T23:59:35.227+0000] {processor.py:743} INFO - Processing file /home/airflow/.local/lib/python3.7/site-packages/airflow/example_dags/example_dag_decorator.py for tasks to queue
[2022-12-22T23:59:35.228+0000] {logging_mixin.py:137} INFO - [2022-12-22T23:59:35.228+0000] {dagbag.py:538} INFO - Filling up the DagBag from /home/airflow/.local/lib/python3.7/site-packages/airflow/example_dags/example_dag_decorator.py
[2022-12-22T23:59:35.241+0000] {logging_mixin.py:137} INFO - [2022-12-22T23:59:35.241+0000] {taskmixin.py:205} WARNING - Dependency <Task(_PythonDecoratedOperator): prepare_email>, send_email already registered for DAG: example_dag_decorator
[2022-12-22T23:59:35.242+0000] {logging_mixin.py:137} INFO - [2022-12-22T23:59:35.242+0000] {taskmixin.py:205} WARNING - Dependency <Task(EmailOperator): send_email>, prepare_email already registered for DAG: example_dag_decorator
[2022-12-22T23:59:35.253+0000] {processor.py:753} INFO - DAG(s) dict_keys(['example_dag_decorator']) retrieved from /home/airflow/.local/lib/python3.7/site-packages/airflow/example_dags/example_dag_decorator.py
[2022-12-22T23:59:35.320+0000] {logging_mixin.py:137} INFO - [2022-12-22T23:59:35.320+0000] {dag.py:2676} INFO - Sync 1 DAGs
[2022-12-22T23:59:35.337+0000] {logging_mixin.py:137} INFO - [2022-12-22T23:59:35.337+0000] {dag.py:3427} INFO - Setting next_dagrun for example_dag_decorator to None, run_after=None
[2022-12-22T23:59:35.350+0000] {processor.py:175} INFO - Processing /home/airflow/.local/lib/python3.7/site-packages/airflow/example_dags/example_dag_decorator.py took 0.128 seconds
