[2022-12-22T23:53:25.195+0000] {processor.py:153} INFO - Started process (PID=285) to work on /home/airflow/.local/lib/python3.7/site-packages/airflow/example_dags/example_short_circuit_decorator.py
[2022-12-22T23:53:25.197+0000] {processor.py:743} INFO - Processing file /home/airflow/.local/lib/python3.7/site-packages/airflow/example_dags/example_short_circuit_decorator.py for tasks to queue
[2022-12-22T23:53:25.198+0000] {logging_mixin.py:137} INFO - [2022-12-22T23:53:25.198+0000] {dagbag.py:538} INFO - Filling up the DagBag from /home/airflow/.local/lib/python3.7/site-packages/airflow/example_dags/example_short_circuit_decorator.py
[2022-12-22T23:53:25.223+0000] {processor.py:753} INFO - DAG(s) dict_keys(['example_short_circuit_decorator']) retrieved from /home/airflow/.local/lib/python3.7/site-packages/airflow/example_dags/example_short_circuit_decorator.py
[2022-12-22T23:53:25.245+0000] {logging_mixin.py:137} INFO - [2022-12-22T23:53:25.245+0000] {dag.py:2676} INFO - Sync 1 DAGs
[2022-12-22T23:53:25.264+0000] {logging_mixin.py:137} INFO - [2022-12-22T23:53:25.264+0000] {dag.py:3427} INFO - Setting next_dagrun for example_short_circuit_decorator to 2022-12-21T23:53:25.263777+00:00, run_after=2022-12-22T23:53:25.263777+00:00
[2022-12-22T23:53:25.281+0000] {processor.py:175} INFO - Processing /home/airflow/.local/lib/python3.7/site-packages/airflow/example_dags/example_short_circuit_decorator.py took 0.090 seconds
[2022-12-22T23:53:56.017+0000] {processor.py:153} INFO - Started process (PID=510) to work on /home/airflow/.local/lib/python3.7/site-packages/airflow/example_dags/example_short_circuit_decorator.py
[2022-12-22T23:53:56.018+0000] {processor.py:743} INFO - Processing file /home/airflow/.local/lib/python3.7/site-packages/airflow/example_dags/example_short_circuit_decorator.py for tasks to queue
[2022-12-22T23:53:56.019+0000] {logging_mixin.py:137} INFO - [2022-12-22T23:53:56.019+0000] {dagbag.py:538} INFO - Filling up the DagBag from /home/airflow/.local/lib/python3.7/site-packages/airflow/example_dags/example_short_circuit_decorator.py
[2022-12-22T23:53:56.038+0000] {processor.py:753} INFO - DAG(s) dict_keys(['example_short_circuit_decorator']) retrieved from /home/airflow/.local/lib/python3.7/site-packages/airflow/example_dags/example_short_circuit_decorator.py
[2022-12-22T23:53:56.072+0000] {logging_mixin.py:137} INFO - [2022-12-22T23:53:56.072+0000] {dag.py:2676} INFO - Sync 1 DAGs
[2022-12-22T23:53:56.090+0000] {logging_mixin.py:137} INFO - [2022-12-22T23:53:56.089+0000] {dag.py:3427} INFO - Setting next_dagrun for example_short_circuit_decorator to 2022-12-21T23:53:56.089670+00:00, run_after=2022-12-22T23:53:56.089670+00:00
[2022-12-22T23:53:56.103+0000] {processor.py:175} INFO - Processing /home/airflow/.local/lib/python3.7/site-packages/airflow/example_dags/example_short_circuit_decorator.py took 0.089 seconds
[2022-12-22T23:54:26.994+0000] {processor.py:153} INFO - Started process (PID=736) to work on /home/airflow/.local/lib/python3.7/site-packages/airflow/example_dags/example_short_circuit_decorator.py
[2022-12-22T23:54:26.996+0000] {processor.py:743} INFO - Processing file /home/airflow/.local/lib/python3.7/site-packages/airflow/example_dags/example_short_circuit_decorator.py for tasks to queue
[2022-12-22T23:54:26.997+0000] {logging_mixin.py:137} INFO - [2022-12-22T23:54:26.997+0000] {dagbag.py:538} INFO - Filling up the DagBag from /home/airflow/.local/lib/python3.7/site-packages/airflow/example_dags/example_short_circuit_decorator.py
[2022-12-22T23:54:27.018+0000] {processor.py:753} INFO - DAG(s) dict_keys(['example_short_circuit_decorator']) retrieved from /home/airflow/.local/lib/python3.7/site-packages/airflow/example_dags/example_short_circuit_decorator.py
[2022-12-22T23:54:27.063+0000] {logging_mixin.py:137} INFO - [2022-12-22T23:54:27.063+0000] {dag.py:2676} INFO - Sync 1 DAGs
[2022-12-22T23:54:27.089+0000] {logging_mixin.py:137} INFO - [2022-12-22T23:54:27.089+0000] {dag.py:3427} INFO - Setting next_dagrun for example_short_circuit_decorator to 2022-12-21T23:54:27.089127+00:00, run_after=2022-12-22T23:54:27.089127+00:00
[2022-12-22T23:54:27.104+0000] {processor.py:175} INFO - Processing /home/airflow/.local/lib/python3.7/site-packages/airflow/example_dags/example_short_circuit_decorator.py took 0.113 seconds
[2022-12-22T23:54:58.038+0000] {processor.py:153} INFO - Started process (PID=950) to work on /home/airflow/.local/lib/python3.7/site-packages/airflow/example_dags/example_short_circuit_decorator.py
[2022-12-22T23:54:58.040+0000] {processor.py:743} INFO - Processing file /home/airflow/.local/lib/python3.7/site-packages/airflow/example_dags/example_short_circuit_decorator.py for tasks to queue
[2022-12-22T23:54:58.041+0000] {logging_mixin.py:137} INFO - [2022-12-22T23:54:58.041+0000] {dagbag.py:538} INFO - Filling up the DagBag from /home/airflow/.local/lib/python3.7/site-packages/airflow/example_dags/example_short_circuit_decorator.py
[2022-12-22T23:54:58.063+0000] {processor.py:753} INFO - DAG(s) dict_keys(['example_short_circuit_decorator']) retrieved from /home/airflow/.local/lib/python3.7/site-packages/airflow/example_dags/example_short_circuit_decorator.py
[2022-12-22T23:54:58.095+0000] {logging_mixin.py:137} INFO - [2022-12-22T23:54:58.095+0000] {dag.py:2676} INFO - Sync 1 DAGs
[2022-12-22T23:54:58.114+0000] {logging_mixin.py:137} INFO - [2022-12-22T23:54:58.114+0000] {dag.py:3427} INFO - Setting next_dagrun for example_short_circuit_decorator to 2022-12-21T23:54:58.114010+00:00, run_after=2022-12-22T23:54:58.114010+00:00
[2022-12-22T23:54:58.127+0000] {processor.py:175} INFO - Processing /home/airflow/.local/lib/python3.7/site-packages/airflow/example_dags/example_short_circuit_decorator.py took 0.091 seconds
[2022-12-22T23:55:28.792+0000] {processor.py:153} INFO - Started process (PID=1176) to work on /home/airflow/.local/lib/python3.7/site-packages/airflow/example_dags/example_short_circuit_decorator.py
[2022-12-22T23:55:28.793+0000] {processor.py:743} INFO - Processing file /home/airflow/.local/lib/python3.7/site-packages/airflow/example_dags/example_short_circuit_decorator.py for tasks to queue
[2022-12-22T23:55:28.795+0000] {logging_mixin.py:137} INFO - [2022-12-22T23:55:28.795+0000] {dagbag.py:538} INFO - Filling up the DagBag from /home/airflow/.local/lib/python3.7/site-packages/airflow/example_dags/example_short_circuit_decorator.py
[2022-12-22T23:55:28.815+0000] {processor.py:753} INFO - DAG(s) dict_keys(['example_short_circuit_decorator']) retrieved from /home/airflow/.local/lib/python3.7/site-packages/airflow/example_dags/example_short_circuit_decorator.py
[2022-12-22T23:55:28.846+0000] {logging_mixin.py:137} INFO - [2022-12-22T23:55:28.845+0000] {dag.py:2676} INFO - Sync 1 DAGs
[2022-12-22T23:55:28.865+0000] {logging_mixin.py:137} INFO - [2022-12-22T23:55:28.865+0000] {dag.py:3427} INFO - Setting next_dagrun for example_short_circuit_decorator to 2022-12-21T23:55:28.865444+00:00, run_after=2022-12-22T23:55:28.865444+00:00
[2022-12-22T23:55:28.880+0000] {processor.py:175} INFO - Processing /home/airflow/.local/lib/python3.7/site-packages/airflow/example_dags/example_short_circuit_decorator.py took 0.092 seconds
[2022-12-22T23:55:59.610+0000] {processor.py:153} INFO - Started process (PID=1399) to work on /home/airflow/.local/lib/python3.7/site-packages/airflow/example_dags/example_short_circuit_decorator.py
[2022-12-22T23:55:59.612+0000] {processor.py:743} INFO - Processing file /home/airflow/.local/lib/python3.7/site-packages/airflow/example_dags/example_short_circuit_decorator.py for tasks to queue
[2022-12-22T23:55:59.620+0000] {logging_mixin.py:137} INFO - [2022-12-22T23:55:59.616+0000] {dagbag.py:538} INFO - Filling up the DagBag from /home/airflow/.local/lib/python3.7/site-packages/airflow/example_dags/example_short_circuit_decorator.py
[2022-12-22T23:55:59.642+0000] {processor.py:753} INFO - DAG(s) dict_keys(['example_short_circuit_decorator']) retrieved from /home/airflow/.local/lib/python3.7/site-packages/airflow/example_dags/example_short_circuit_decorator.py
[2022-12-22T23:55:59.677+0000] {logging_mixin.py:137} INFO - [2022-12-22T23:55:59.677+0000] {dag.py:2676} INFO - Sync 1 DAGs
[2022-12-22T23:55:59.702+0000] {logging_mixin.py:137} INFO - [2022-12-22T23:55:59.702+0000] {dag.py:3427} INFO - Setting next_dagrun for example_short_circuit_decorator to 2022-12-21T23:55:59.702418+00:00, run_after=2022-12-22T23:55:59.702418+00:00
[2022-12-22T23:55:59.718+0000] {processor.py:175} INFO - Processing /home/airflow/.local/lib/python3.7/site-packages/airflow/example_dags/example_short_circuit_decorator.py took 0.112 seconds
[2022-12-22T23:56:30.625+0000] {processor.py:153} INFO - Started process (PID=1616) to work on /home/airflow/.local/lib/python3.7/site-packages/airflow/example_dags/example_short_circuit_decorator.py
[2022-12-22T23:56:30.626+0000] {processor.py:743} INFO - Processing file /home/airflow/.local/lib/python3.7/site-packages/airflow/example_dags/example_short_circuit_decorator.py for tasks to queue
[2022-12-22T23:56:30.627+0000] {logging_mixin.py:137} INFO - [2022-12-22T23:56:30.627+0000] {dagbag.py:538} INFO - Filling up the DagBag from /home/airflow/.local/lib/python3.7/site-packages/airflow/example_dags/example_short_circuit_decorator.py
[2022-12-22T23:56:30.648+0000] {processor.py:753} INFO - DAG(s) dict_keys(['example_short_circuit_decorator']) retrieved from /home/airflow/.local/lib/python3.7/site-packages/airflow/example_dags/example_short_circuit_decorator.py
[2022-12-22T23:56:30.682+0000] {logging_mixin.py:137} INFO - [2022-12-22T23:56:30.682+0000] {dag.py:2676} INFO - Sync 1 DAGs
[2022-12-22T23:56:30.701+0000] {logging_mixin.py:137} INFO - [2022-12-22T23:56:30.701+0000] {dag.py:3427} INFO - Setting next_dagrun for example_short_circuit_decorator to 2022-12-21T23:56:30.701005+00:00, run_after=2022-12-22T23:56:30.701005+00:00
[2022-12-22T23:56:30.715+0000] {processor.py:175} INFO - Processing /home/airflow/.local/lib/python3.7/site-packages/airflow/example_dags/example_short_circuit_decorator.py took 0.094 seconds
[2022-12-22T23:57:01.391+0000] {processor.py:153} INFO - Started process (PID=1843) to work on /home/airflow/.local/lib/python3.7/site-packages/airflow/example_dags/example_short_circuit_decorator.py
[2022-12-22T23:57:01.392+0000] {processor.py:743} INFO - Processing file /home/airflow/.local/lib/python3.7/site-packages/airflow/example_dags/example_short_circuit_decorator.py for tasks to queue
[2022-12-22T23:57:01.393+0000] {logging_mixin.py:137} INFO - [2022-12-22T23:57:01.393+0000] {dagbag.py:538} INFO - Filling up the DagBag from /home/airflow/.local/lib/python3.7/site-packages/airflow/example_dags/example_short_circuit_decorator.py
[2022-12-22T23:57:01.416+0000] {processor.py:753} INFO - DAG(s) dict_keys(['example_short_circuit_decorator']) retrieved from /home/airflow/.local/lib/python3.7/site-packages/airflow/example_dags/example_short_circuit_decorator.py
[2022-12-22T23:57:01.448+0000] {logging_mixin.py:137} INFO - [2022-12-22T23:57:01.448+0000] {dag.py:2676} INFO - Sync 1 DAGs
[2022-12-22T23:57:01.465+0000] {logging_mixin.py:137} INFO - [2022-12-22T23:57:01.465+0000] {dag.py:3427} INFO - Setting next_dagrun for example_short_circuit_decorator to 2022-12-21T23:57:01.465448+00:00, run_after=2022-12-22T23:57:01.465448+00:00
[2022-12-22T23:57:01.480+0000] {processor.py:175} INFO - Processing /home/airflow/.local/lib/python3.7/site-packages/airflow/example_dags/example_short_circuit_decorator.py took 0.091 seconds
[2022-12-22T23:57:31.993+0000] {processor.py:153} INFO - Started process (PID=2057) to work on /home/airflow/.local/lib/python3.7/site-packages/airflow/example_dags/example_short_circuit_decorator.py
[2022-12-22T23:57:31.995+0000] {processor.py:743} INFO - Processing file /home/airflow/.local/lib/python3.7/site-packages/airflow/example_dags/example_short_circuit_decorator.py for tasks to queue
[2022-12-22T23:57:31.997+0000] {logging_mixin.py:137} INFO - [2022-12-22T23:57:31.996+0000] {dagbag.py:538} INFO - Filling up the DagBag from /home/airflow/.local/lib/python3.7/site-packages/airflow/example_dags/example_short_circuit_decorator.py
[2022-12-22T23:57:32.019+0000] {processor.py:753} INFO - DAG(s) dict_keys(['example_short_circuit_decorator']) retrieved from /home/airflow/.local/lib/python3.7/site-packages/airflow/example_dags/example_short_circuit_decorator.py
[2022-12-22T23:57:32.052+0000] {logging_mixin.py:137} INFO - [2022-12-22T23:57:32.052+0000] {dag.py:2676} INFO - Sync 1 DAGs
[2022-12-22T23:57:32.073+0000] {logging_mixin.py:137} INFO - [2022-12-22T23:57:32.073+0000] {dag.py:3427} INFO - Setting next_dagrun for example_short_circuit_decorator to 2022-12-21T23:57:32.073232+00:00, run_after=2022-12-22T23:57:32.073232+00:00
[2022-12-22T23:57:32.088+0000] {processor.py:175} INFO - Processing /home/airflow/.local/lib/python3.7/site-packages/airflow/example_dags/example_short_circuit_decorator.py took 0.099 seconds
[2022-12-22T23:58:02.668+0000] {processor.py:153} INFO - Started process (PID=2283) to work on /home/airflow/.local/lib/python3.7/site-packages/airflow/example_dags/example_short_circuit_decorator.py
[2022-12-22T23:58:02.669+0000] {processor.py:743} INFO - Processing file /home/airflow/.local/lib/python3.7/site-packages/airflow/example_dags/example_short_circuit_decorator.py for tasks to queue
[2022-12-22T23:58:02.670+0000] {logging_mixin.py:137} INFO - [2022-12-22T23:58:02.670+0000] {dagbag.py:538} INFO - Filling up the DagBag from /home/airflow/.local/lib/python3.7/site-packages/airflow/example_dags/example_short_circuit_decorator.py
[2022-12-22T23:58:02.690+0000] {processor.py:753} INFO - DAG(s) dict_keys(['example_short_circuit_decorator']) retrieved from /home/airflow/.local/lib/python3.7/site-packages/airflow/example_dags/example_short_circuit_decorator.py
[2022-12-22T23:58:02.722+0000] {logging_mixin.py:137} INFO - [2022-12-22T23:58:02.722+0000] {dag.py:2676} INFO - Sync 1 DAGs
[2022-12-22T23:58:02.741+0000] {logging_mixin.py:137} INFO - [2022-12-22T23:58:02.740+0000] {dag.py:3427} INFO - Setting next_dagrun for example_short_circuit_decorator to 2022-12-21T23:58:02.740684+00:00, run_after=2022-12-22T23:58:02.740684+00:00
[2022-12-22T23:58:02.754+0000] {processor.py:175} INFO - Processing /home/airflow/.local/lib/python3.7/site-packages/airflow/example_dags/example_short_circuit_decorator.py took 0.090 seconds
[2022-12-22T23:58:33.654+0000] {processor.py:153} INFO - Started process (PID=2510) to work on /home/airflow/.local/lib/python3.7/site-packages/airflow/example_dags/example_short_circuit_decorator.py
[2022-12-22T23:58:33.656+0000] {processor.py:743} INFO - Processing file /home/airflow/.local/lib/python3.7/site-packages/airflow/example_dags/example_short_circuit_decorator.py for tasks to queue
[2022-12-22T23:58:33.657+0000] {logging_mixin.py:137} INFO - [2022-12-22T23:58:33.657+0000] {dagbag.py:538} INFO - Filling up the DagBag from /home/airflow/.local/lib/python3.7/site-packages/airflow/example_dags/example_short_circuit_decorator.py
[2022-12-22T23:58:33.679+0000] {processor.py:753} INFO - DAG(s) dict_keys(['example_short_circuit_decorator']) retrieved from /home/airflow/.local/lib/python3.7/site-packages/airflow/example_dags/example_short_circuit_decorator.py
[2022-12-22T23:58:33.713+0000] {logging_mixin.py:137} INFO - [2022-12-22T23:58:33.713+0000] {dag.py:2676} INFO - Sync 1 DAGs
[2022-12-22T23:58:33.731+0000] {logging_mixin.py:137} INFO - [2022-12-22T23:58:33.731+0000] {dag.py:3427} INFO - Setting next_dagrun for example_short_circuit_decorator to 2022-12-21T23:58:33.730942+00:00, run_after=2022-12-22T23:58:33.730942+00:00
[2022-12-22T23:58:33.744+0000] {processor.py:175} INFO - Processing /home/airflow/.local/lib/python3.7/site-packages/airflow/example_dags/example_short_circuit_decorator.py took 0.093 seconds
[2022-12-22T23:59:04.631+0000] {processor.py:153} INFO - Started process (PID=2724) to work on /home/airflow/.local/lib/python3.7/site-packages/airflow/example_dags/example_short_circuit_decorator.py
[2022-12-22T23:59:04.633+0000] {processor.py:743} INFO - Processing file /home/airflow/.local/lib/python3.7/site-packages/airflow/example_dags/example_short_circuit_decorator.py for tasks to queue
[2022-12-22T23:59:04.634+0000] {logging_mixin.py:137} INFO - [2022-12-22T23:59:04.634+0000] {dagbag.py:538} INFO - Filling up the DagBag from /home/airflow/.local/lib/python3.7/site-packages/airflow/example_dags/example_short_circuit_decorator.py
[2022-12-22T23:59:04.656+0000] {processor.py:753} INFO - DAG(s) dict_keys(['example_short_circuit_decorator']) retrieved from /home/airflow/.local/lib/python3.7/site-packages/airflow/example_dags/example_short_circuit_decorator.py
[2022-12-22T23:59:04.687+0000] {logging_mixin.py:137} INFO - [2022-12-22T23:59:04.687+0000] {dag.py:2676} INFO - Sync 1 DAGs
[2022-12-22T23:59:04.706+0000] {logging_mixin.py:137} INFO - [2022-12-22T23:59:04.706+0000] {dag.py:3427} INFO - Setting next_dagrun for example_short_circuit_decorator to 2022-12-21T23:59:04.706471+00:00, run_after=2022-12-22T23:59:04.706471+00:00
[2022-12-22T23:59:04.720+0000] {processor.py:175} INFO - Processing /home/airflow/.local/lib/python3.7/site-packages/airflow/example_dags/example_short_circuit_decorator.py took 0.092 seconds
[2022-12-22T23:59:35.455+0000] {processor.py:153} INFO - Started process (PID=2951) to work on /home/airflow/.local/lib/python3.7/site-packages/airflow/example_dags/example_short_circuit_decorator.py
[2022-12-22T23:59:35.457+0000] {processor.py:743} INFO - Processing file /home/airflow/.local/lib/python3.7/site-packages/airflow/example_dags/example_short_circuit_decorator.py for tasks to queue
[2022-12-22T23:59:35.458+0000] {logging_mixin.py:137} INFO - [2022-12-22T23:59:35.458+0000] {dagbag.py:538} INFO - Filling up the DagBag from /home/airflow/.local/lib/python3.7/site-packages/airflow/example_dags/example_short_circuit_decorator.py
[2022-12-22T23:59:35.478+0000] {processor.py:753} INFO - DAG(s) dict_keys(['example_short_circuit_decorator']) retrieved from /home/airflow/.local/lib/python3.7/site-packages/airflow/example_dags/example_short_circuit_decorator.py
[2022-12-22T23:59:35.510+0000] {logging_mixin.py:137} INFO - [2022-12-22T23:59:35.510+0000] {dag.py:2676} INFO - Sync 1 DAGs
[2022-12-22T23:59:35.531+0000] {logging_mixin.py:137} INFO - [2022-12-22T23:59:35.530+0000] {dag.py:3427} INFO - Setting next_dagrun for example_short_circuit_decorator to 2022-12-21T23:59:35.530662+00:00, run_after=2022-12-22T23:59:35.530662+00:00
[2022-12-22T23:59:35.545+0000] {processor.py:175} INFO - Processing /home/airflow/.local/lib/python3.7/site-packages/airflow/example_dags/example_short_circuit_decorator.py took 0.093 seconds
