[2022-12-22T23:53:25.225+0000] {processor.py:153} INFO - Started process (PID=290) to work on /home/airflow/.local/lib/python3.7/site-packages/airflow/example_dags/tutorial.py
[2022-12-22T23:53:25.227+0000] {processor.py:743} INFO - Processing file /home/airflow/.local/lib/python3.7/site-packages/airflow/example_dags/tutorial.py for tasks to queue
[2022-12-22T23:53:25.228+0000] {logging_mixin.py:137} INFO - [2022-12-22T23:53:25.227+0000] {dagbag.py:538} INFO - Filling up the DagBag from /home/airflow/.local/lib/python3.7/site-packages/airflow/example_dags/tutorial.py
[2022-12-22T23:53:25.242+0000] {processor.py:753} INFO - DAG(s) dict_keys(['tutorial']) retrieved from /home/airflow/.local/lib/python3.7/site-packages/airflow/example_dags/tutorial.py
[2022-12-22T23:53:25.265+0000] {logging_mixin.py:137} INFO - [2022-12-22T23:53:25.265+0000] {dag.py:2676} INFO - Sync 1 DAGs
[2022-12-22T23:53:25.289+0000] {logging_mixin.py:137} INFO - [2022-12-22T23:53:25.288+0000] {dag.py:3427} INFO - Setting next_dagrun for tutorial to 2022-12-21T23:53:25.288551+00:00, run_after=2022-12-22T23:53:25.288551+00:00
[2022-12-22T23:53:25.305+0000] {processor.py:175} INFO - Processing /home/airflow/.local/lib/python3.7/site-packages/airflow/example_dags/tutorial.py took 0.083 seconds
[2022-12-22T23:53:56.118+0000] {processor.py:153} INFO - Started process (PID=515) to work on /home/airflow/.local/lib/python3.7/site-packages/airflow/example_dags/tutorial.py
[2022-12-22T23:53:56.119+0000] {processor.py:743} INFO - Processing file /home/airflow/.local/lib/python3.7/site-packages/airflow/example_dags/tutorial.py for tasks to queue
[2022-12-22T23:53:56.120+0000] {logging_mixin.py:137} INFO - [2022-12-22T23:53:56.120+0000] {dagbag.py:538} INFO - Filling up the DagBag from /home/airflow/.local/lib/python3.7/site-packages/airflow/example_dags/tutorial.py
[2022-12-22T23:53:56.133+0000] {processor.py:753} INFO - DAG(s) dict_keys(['tutorial']) retrieved from /home/airflow/.local/lib/python3.7/site-packages/airflow/example_dags/tutorial.py
[2022-12-22T23:53:56.164+0000] {logging_mixin.py:137} INFO - [2022-12-22T23:53:56.164+0000] {dag.py:2676} INFO - Sync 1 DAGs
[2022-12-22T23:53:56.182+0000] {logging_mixin.py:137} INFO - [2022-12-22T23:53:56.182+0000] {dag.py:3427} INFO - Setting next_dagrun for tutorial to 2022-12-21T23:53:56.182115+00:00, run_after=2022-12-22T23:53:56.182115+00:00
[2022-12-22T23:53:56.195+0000] {processor.py:175} INFO - Processing /home/airflow/.local/lib/python3.7/site-packages/airflow/example_dags/tutorial.py took 0.080 seconds
[2022-12-22T23:54:27.129+0000] {processor.py:153} INFO - Started process (PID=741) to work on /home/airflow/.local/lib/python3.7/site-packages/airflow/example_dags/tutorial.py
[2022-12-22T23:54:27.130+0000] {processor.py:743} INFO - Processing file /home/airflow/.local/lib/python3.7/site-packages/airflow/example_dags/tutorial.py for tasks to queue
[2022-12-22T23:54:27.131+0000] {logging_mixin.py:137} INFO - [2022-12-22T23:54:27.131+0000] {dagbag.py:538} INFO - Filling up the DagBag from /home/airflow/.local/lib/python3.7/site-packages/airflow/example_dags/tutorial.py
[2022-12-22T23:54:27.147+0000] {processor.py:753} INFO - DAG(s) dict_keys(['tutorial']) retrieved from /home/airflow/.local/lib/python3.7/site-packages/airflow/example_dags/tutorial.py
[2022-12-22T23:54:27.201+0000] {logging_mixin.py:137} INFO - [2022-12-22T23:54:27.200+0000] {dag.py:2676} INFO - Sync 1 DAGs
[2022-12-22T23:54:27.237+0000] {logging_mixin.py:137} INFO - [2022-12-22T23:54:27.237+0000] {dag.py:3427} INFO - Setting next_dagrun for tutorial to 2022-12-21T23:54:27.236908+00:00, run_after=2022-12-22T23:54:27.236908+00:00
[2022-12-22T23:54:27.259+0000] {processor.py:175} INFO - Processing /home/airflow/.local/lib/python3.7/site-packages/airflow/example_dags/tutorial.py took 0.133 seconds
[2022-12-22T23:54:58.064+0000] {processor.py:153} INFO - Started process (PID=955) to work on /home/airflow/.local/lib/python3.7/site-packages/airflow/example_dags/tutorial.py
[2022-12-22T23:54:58.066+0000] {processor.py:743} INFO - Processing file /home/airflow/.local/lib/python3.7/site-packages/airflow/example_dags/tutorial.py for tasks to queue
[2022-12-22T23:54:58.067+0000] {logging_mixin.py:137} INFO - [2022-12-22T23:54:58.067+0000] {dagbag.py:538} INFO - Filling up the DagBag from /home/airflow/.local/lib/python3.7/site-packages/airflow/example_dags/tutorial.py
[2022-12-22T23:54:58.080+0000] {processor.py:753} INFO - DAG(s) dict_keys(['tutorial']) retrieved from /home/airflow/.local/lib/python3.7/site-packages/airflow/example_dags/tutorial.py
[2022-12-22T23:54:58.111+0000] {logging_mixin.py:137} INFO - [2022-12-22T23:54:58.111+0000] {dag.py:2676} INFO - Sync 1 DAGs
[2022-12-22T23:54:58.130+0000] {logging_mixin.py:137} INFO - [2022-12-22T23:54:58.130+0000] {dag.py:3427} INFO - Setting next_dagrun for tutorial to 2022-12-21T23:54:58.129975+00:00, run_after=2022-12-22T23:54:58.129975+00:00
[2022-12-22T23:54:58.145+0000] {processor.py:175} INFO - Processing /home/airflow/.local/lib/python3.7/site-packages/airflow/example_dags/tutorial.py took 0.084 seconds
[2022-12-22T23:55:28.812+0000] {processor.py:153} INFO - Started process (PID=1181) to work on /home/airflow/.local/lib/python3.7/site-packages/airflow/example_dags/tutorial.py
[2022-12-22T23:55:28.814+0000] {processor.py:743} INFO - Processing file /home/airflow/.local/lib/python3.7/site-packages/airflow/example_dags/tutorial.py for tasks to queue
[2022-12-22T23:55:28.815+0000] {logging_mixin.py:137} INFO - [2022-12-22T23:55:28.815+0000] {dagbag.py:538} INFO - Filling up the DagBag from /home/airflow/.local/lib/python3.7/site-packages/airflow/example_dags/tutorial.py
[2022-12-22T23:55:28.832+0000] {processor.py:753} INFO - DAG(s) dict_keys(['tutorial']) retrieved from /home/airflow/.local/lib/python3.7/site-packages/airflow/example_dags/tutorial.py
[2022-12-22T23:55:28.865+0000] {logging_mixin.py:137} INFO - [2022-12-22T23:55:28.864+0000] {dag.py:2676} INFO - Sync 1 DAGs
[2022-12-22T23:55:28.883+0000] {logging_mixin.py:137} INFO - [2022-12-22T23:55:28.883+0000] {dag.py:3427} INFO - Setting next_dagrun for tutorial to 2022-12-21T23:55:28.883629+00:00, run_after=2022-12-22T23:55:28.883629+00:00
[2022-12-22T23:55:28.899+0000] {processor.py:175} INFO - Processing /home/airflow/.local/lib/python3.7/site-packages/airflow/example_dags/tutorial.py took 0.089 seconds
[2022-12-22T23:55:59.630+0000] {processor.py:153} INFO - Started process (PID=1404) to work on /home/airflow/.local/lib/python3.7/site-packages/airflow/example_dags/tutorial.py
[2022-12-22T23:55:59.631+0000] {processor.py:743} INFO - Processing file /home/airflow/.local/lib/python3.7/site-packages/airflow/example_dags/tutorial.py for tasks to queue
[2022-12-22T23:55:59.632+0000] {logging_mixin.py:137} INFO - [2022-12-22T23:55:59.632+0000] {dagbag.py:538} INFO - Filling up the DagBag from /home/airflow/.local/lib/python3.7/site-packages/airflow/example_dags/tutorial.py
[2022-12-22T23:55:59.646+0000] {processor.py:753} INFO - DAG(s) dict_keys(['tutorial']) retrieved from /home/airflow/.local/lib/python3.7/site-packages/airflow/example_dags/tutorial.py
[2022-12-22T23:55:59.683+0000] {logging_mixin.py:137} INFO - [2022-12-22T23:55:59.683+0000] {dag.py:2676} INFO - Sync 1 DAGs
[2022-12-22T23:55:59.706+0000] {logging_mixin.py:137} INFO - [2022-12-22T23:55:59.706+0000] {dag.py:3427} INFO - Setting next_dagrun for tutorial to 2022-12-21T23:55:59.706098+00:00, run_after=2022-12-22T23:55:59.706098+00:00
[2022-12-22T23:55:59.724+0000] {processor.py:175} INFO - Processing /home/airflow/.local/lib/python3.7/site-packages/airflow/example_dags/tutorial.py took 0.097 seconds
[2022-12-22T23:56:30.653+0000] {processor.py:153} INFO - Started process (PID=1621) to work on /home/airflow/.local/lib/python3.7/site-packages/airflow/example_dags/tutorial.py
[2022-12-22T23:56:30.655+0000] {processor.py:743} INFO - Processing file /home/airflow/.local/lib/python3.7/site-packages/airflow/example_dags/tutorial.py for tasks to queue
[2022-12-22T23:56:30.657+0000] {logging_mixin.py:137} INFO - [2022-12-22T23:56:30.656+0000] {dagbag.py:538} INFO - Filling up the DagBag from /home/airflow/.local/lib/python3.7/site-packages/airflow/example_dags/tutorial.py
[2022-12-22T23:56:30.670+0000] {processor.py:753} INFO - DAG(s) dict_keys(['tutorial']) retrieved from /home/airflow/.local/lib/python3.7/site-packages/airflow/example_dags/tutorial.py
[2022-12-22T23:56:30.702+0000] {logging_mixin.py:137} INFO - [2022-12-22T23:56:30.702+0000] {dag.py:2676} INFO - Sync 1 DAGs
[2022-12-22T23:56:30.724+0000] {logging_mixin.py:137} INFO - [2022-12-22T23:56:30.724+0000] {dag.py:3427} INFO - Setting next_dagrun for tutorial to 2022-12-21T23:56:30.723931+00:00, run_after=2022-12-22T23:56:30.723931+00:00
[2022-12-22T23:56:30.739+0000] {processor.py:175} INFO - Processing /home/airflow/.local/lib/python3.7/site-packages/airflow/example_dags/tutorial.py took 0.089 seconds
[2022-12-22T23:57:01.420+0000] {processor.py:153} INFO - Started process (PID=1848) to work on /home/airflow/.local/lib/python3.7/site-packages/airflow/example_dags/tutorial.py
[2022-12-22T23:57:01.422+0000] {processor.py:743} INFO - Processing file /home/airflow/.local/lib/python3.7/site-packages/airflow/example_dags/tutorial.py for tasks to queue
[2022-12-22T23:57:01.423+0000] {logging_mixin.py:137} INFO - [2022-12-22T23:57:01.423+0000] {dagbag.py:538} INFO - Filling up the DagBag from /home/airflow/.local/lib/python3.7/site-packages/airflow/example_dags/tutorial.py
[2022-12-22T23:57:01.435+0000] {processor.py:753} INFO - DAG(s) dict_keys(['tutorial']) retrieved from /home/airflow/.local/lib/python3.7/site-packages/airflow/example_dags/tutorial.py
[2022-12-22T23:57:01.466+0000] {logging_mixin.py:137} INFO - [2022-12-22T23:57:01.466+0000] {dag.py:2676} INFO - Sync 1 DAGs
[2022-12-22T23:57:01.485+0000] {logging_mixin.py:137} INFO - [2022-12-22T23:57:01.485+0000] {dag.py:3427} INFO - Setting next_dagrun for tutorial to 2022-12-21T23:57:01.484862+00:00, run_after=2022-12-22T23:57:01.484862+00:00
[2022-12-22T23:57:01.499+0000] {processor.py:175} INFO - Processing /home/airflow/.local/lib/python3.7/site-packages/airflow/example_dags/tutorial.py took 0.082 seconds
[2022-12-22T23:57:32.019+0000] {processor.py:153} INFO - Started process (PID=2062) to work on /home/airflow/.local/lib/python3.7/site-packages/airflow/example_dags/tutorial.py
[2022-12-22T23:57:32.020+0000] {processor.py:743} INFO - Processing file /home/airflow/.local/lib/python3.7/site-packages/airflow/example_dags/tutorial.py for tasks to queue
[2022-12-22T23:57:32.022+0000] {logging_mixin.py:137} INFO - [2022-12-22T23:57:32.022+0000] {dagbag.py:538} INFO - Filling up the DagBag from /home/airflow/.local/lib/python3.7/site-packages/airflow/example_dags/tutorial.py
[2022-12-22T23:57:32.038+0000] {processor.py:753} INFO - DAG(s) dict_keys(['tutorial']) retrieved from /home/airflow/.local/lib/python3.7/site-packages/airflow/example_dags/tutorial.py
[2022-12-22T23:57:32.072+0000] {logging_mixin.py:137} INFO - [2022-12-22T23:57:32.072+0000] {dag.py:2676} INFO - Sync 1 DAGs
[2022-12-22T23:57:32.092+0000] {logging_mixin.py:137} INFO - [2022-12-22T23:57:32.092+0000] {dag.py:3427} INFO - Setting next_dagrun for tutorial to 2022-12-21T23:57:32.092330+00:00, run_after=2022-12-22T23:57:32.092330+00:00
[2022-12-22T23:57:32.107+0000] {processor.py:175} INFO - Processing /home/airflow/.local/lib/python3.7/site-packages/airflow/example_dags/tutorial.py took 0.092 seconds
[2022-12-22T23:58:02.702+0000] {processor.py:153} INFO - Started process (PID=2288) to work on /home/airflow/.local/lib/python3.7/site-packages/airflow/example_dags/tutorial.py
[2022-12-22T23:58:02.703+0000] {processor.py:743} INFO - Processing file /home/airflow/.local/lib/python3.7/site-packages/airflow/example_dags/tutorial.py for tasks to queue
[2022-12-22T23:58:02.704+0000] {logging_mixin.py:137} INFO - [2022-12-22T23:58:02.704+0000] {dagbag.py:538} INFO - Filling up the DagBag from /home/airflow/.local/lib/python3.7/site-packages/airflow/example_dags/tutorial.py
[2022-12-22T23:58:02.716+0000] {processor.py:753} INFO - DAG(s) dict_keys(['tutorial']) retrieved from /home/airflow/.local/lib/python3.7/site-packages/airflow/example_dags/tutorial.py
[2022-12-22T23:58:02.747+0000] {logging_mixin.py:137} INFO - [2022-12-22T23:58:02.747+0000] {dag.py:2676} INFO - Sync 1 DAGs
[2022-12-22T23:58:02.768+0000] {logging_mixin.py:137} INFO - [2022-12-22T23:58:02.768+0000] {dag.py:3427} INFO - Setting next_dagrun for tutorial to 2022-12-21T23:58:02.767840+00:00, run_after=2022-12-22T23:58:02.767840+00:00
[2022-12-22T23:58:02.782+0000] {processor.py:175} INFO - Processing /home/airflow/.local/lib/python3.7/site-packages/airflow/example_dags/tutorial.py took 0.083 seconds
[2022-12-22T23:58:33.690+0000] {processor.py:153} INFO - Started process (PID=2515) to work on /home/airflow/.local/lib/python3.7/site-packages/airflow/example_dags/tutorial.py
[2022-12-22T23:58:33.691+0000] {processor.py:743} INFO - Processing file /home/airflow/.local/lib/python3.7/site-packages/airflow/example_dags/tutorial.py for tasks to queue
[2022-12-22T23:58:33.692+0000] {logging_mixin.py:137} INFO - [2022-12-22T23:58:33.692+0000] {dagbag.py:538} INFO - Filling up the DagBag from /home/airflow/.local/lib/python3.7/site-packages/airflow/example_dags/tutorial.py
[2022-12-22T23:58:33.705+0000] {processor.py:753} INFO - DAG(s) dict_keys(['tutorial']) retrieved from /home/airflow/.local/lib/python3.7/site-packages/airflow/example_dags/tutorial.py
[2022-12-22T23:58:33.737+0000] {logging_mixin.py:137} INFO - [2022-12-22T23:58:33.737+0000] {dag.py:2676} INFO - Sync 1 DAGs
[2022-12-22T23:58:33.756+0000] {logging_mixin.py:137} INFO - [2022-12-22T23:58:33.756+0000] {dag.py:3427} INFO - Setting next_dagrun for tutorial to 2022-12-21T23:58:33.756355+00:00, run_after=2022-12-22T23:58:33.756355+00:00
[2022-12-22T23:58:33.770+0000] {processor.py:175} INFO - Processing /home/airflow/.local/lib/python3.7/site-packages/airflow/example_dags/tutorial.py took 0.084 seconds
[2022-12-22T23:59:04.667+0000] {processor.py:153} INFO - Started process (PID=2729) to work on /home/airflow/.local/lib/python3.7/site-packages/airflow/example_dags/tutorial.py
[2022-12-22T23:59:04.669+0000] {processor.py:743} INFO - Processing file /home/airflow/.local/lib/python3.7/site-packages/airflow/example_dags/tutorial.py for tasks to queue
[2022-12-22T23:59:04.670+0000] {logging_mixin.py:137} INFO - [2022-12-22T23:59:04.669+0000] {dagbag.py:538} INFO - Filling up the DagBag from /home/airflow/.local/lib/python3.7/site-packages/airflow/example_dags/tutorial.py
[2022-12-22T23:59:04.682+0000] {processor.py:753} INFO - DAG(s) dict_keys(['tutorial']) retrieved from /home/airflow/.local/lib/python3.7/site-packages/airflow/example_dags/tutorial.py
[2022-12-22T23:59:04.713+0000] {logging_mixin.py:137} INFO - [2022-12-22T23:59:04.713+0000] {dag.py:2676} INFO - Sync 1 DAGs
[2022-12-22T23:59:04.732+0000] {logging_mixin.py:137} INFO - [2022-12-22T23:59:04.731+0000] {dag.py:3427} INFO - Setting next_dagrun for tutorial to 2022-12-21T23:59:04.731651+00:00, run_after=2022-12-22T23:59:04.731651+00:00
[2022-12-22T23:59:04.746+0000] {processor.py:175} INFO - Processing /home/airflow/.local/lib/python3.7/site-packages/airflow/example_dags/tutorial.py took 0.082 seconds
[2022-12-22T23:59:35.494+0000] {processor.py:153} INFO - Started process (PID=2956) to work on /home/airflow/.local/lib/python3.7/site-packages/airflow/example_dags/tutorial.py
[2022-12-22T23:59:35.495+0000] {processor.py:743} INFO - Processing file /home/airflow/.local/lib/python3.7/site-packages/airflow/example_dags/tutorial.py for tasks to queue
[2022-12-22T23:59:35.496+0000] {logging_mixin.py:137} INFO - [2022-12-22T23:59:35.496+0000] {dagbag.py:538} INFO - Filling up the DagBag from /home/airflow/.local/lib/python3.7/site-packages/airflow/example_dags/tutorial.py
[2022-12-22T23:59:35.509+0000] {processor.py:753} INFO - DAG(s) dict_keys(['tutorial']) retrieved from /home/airflow/.local/lib/python3.7/site-packages/airflow/example_dags/tutorial.py
[2022-12-22T23:59:35.542+0000] {logging_mixin.py:137} INFO - [2022-12-22T23:59:35.542+0000] {dag.py:2676} INFO - Sync 1 DAGs
[2022-12-22T23:59:35.563+0000] {logging_mixin.py:137} INFO - [2022-12-22T23:59:35.563+0000] {dag.py:3427} INFO - Setting next_dagrun for tutorial to 2022-12-21T23:59:35.563232+00:00, run_after=2022-12-22T23:59:35.563232+00:00
[2022-12-22T23:59:35.579+0000] {processor.py:175} INFO - Processing /home/airflow/.local/lib/python3.7/site-packages/airflow/example_dags/tutorial.py took 0.089 seconds
