[2022-12-22T23:53:25.811+0000] {processor.py:153} INFO - Started process (PID=335) to work on /home/airflow/.local/lib/python3.7/site-packages/airflow/example_dags/tutorial_taskflow_api_virtualenv.py
[2022-12-22T23:53:25.812+0000] {processor.py:743} INFO - Processing file /home/airflow/.local/lib/python3.7/site-packages/airflow/example_dags/tutorial_taskflow_api_virtualenv.py for tasks to queue
[2022-12-22T23:53:25.813+0000] {logging_mixin.py:137} INFO - [2022-12-22T23:53:25.813+0000] {dagbag.py:538} INFO - Filling up the DagBag from /home/airflow/.local/lib/python3.7/site-packages/airflow/example_dags/tutorial_taskflow_api_virtualenv.py
[2022-12-22T23:53:25.834+0000] {processor.py:753} INFO - DAG(s) dict_keys(['tutorial_taskflow_api_virtualenv']) retrieved from /home/airflow/.local/lib/python3.7/site-packages/airflow/example_dags/tutorial_taskflow_api_virtualenv.py
[2022-12-22T23:53:25.859+0000] {logging_mixin.py:137} INFO - [2022-12-22T23:53:25.859+0000] {dag.py:2676} INFO - Sync 1 DAGs
[2022-12-22T23:53:25.879+0000] {logging_mixin.py:137} INFO - [2022-12-22T23:53:25.878+0000] {dag.py:3427} INFO - Setting next_dagrun for tutorial_taskflow_api_virtualenv to None, run_after=None
[2022-12-22T23:53:25.897+0000] {processor.py:175} INFO - Processing /home/airflow/.local/lib/python3.7/site-packages/airflow/example_dags/tutorial_taskflow_api_virtualenv.py took 0.089 seconds
[2022-12-22T23:53:56.620+0000] {processor.py:153} INFO - Started process (PID=560) to work on /home/airflow/.local/lib/python3.7/site-packages/airflow/example_dags/tutorial_taskflow_api_virtualenv.py
[2022-12-22T23:53:56.621+0000] {processor.py:743} INFO - Processing file /home/airflow/.local/lib/python3.7/site-packages/airflow/example_dags/tutorial_taskflow_api_virtualenv.py for tasks to queue
[2022-12-22T23:53:56.622+0000] {logging_mixin.py:137} INFO - [2022-12-22T23:53:56.622+0000] {dagbag.py:538} INFO - Filling up the DagBag from /home/airflow/.local/lib/python3.7/site-packages/airflow/example_dags/tutorial_taskflow_api_virtualenv.py
[2022-12-22T23:53:56.640+0000] {processor.py:753} INFO - DAG(s) dict_keys(['tutorial_taskflow_api_virtualenv']) retrieved from /home/airflow/.local/lib/python3.7/site-packages/airflow/example_dags/tutorial_taskflow_api_virtualenv.py
[2022-12-22T23:53:56.685+0000] {logging_mixin.py:137} INFO - [2022-12-22T23:53:56.684+0000] {dag.py:2676} INFO - Sync 1 DAGs
[2022-12-22T23:53:56.703+0000] {logging_mixin.py:137} INFO - [2022-12-22T23:53:56.703+0000] {dag.py:3427} INFO - Setting next_dagrun for tutorial_taskflow_api_virtualenv to None, run_after=None
[2022-12-22T23:53:56.717+0000] {processor.py:175} INFO - Processing /home/airflow/.local/lib/python3.7/site-packages/airflow/example_dags/tutorial_taskflow_api_virtualenv.py took 0.100 seconds
[2022-12-22T23:54:27.801+0000] {processor.py:153} INFO - Started process (PID=786) to work on /home/airflow/.local/lib/python3.7/site-packages/airflow/example_dags/tutorial_taskflow_api_virtualenv.py
[2022-12-22T23:54:27.802+0000] {processor.py:743} INFO - Processing file /home/airflow/.local/lib/python3.7/site-packages/airflow/example_dags/tutorial_taskflow_api_virtualenv.py for tasks to queue
[2022-12-22T23:54:27.803+0000] {logging_mixin.py:137} INFO - [2022-12-22T23:54:27.803+0000] {dagbag.py:538} INFO - Filling up the DagBag from /home/airflow/.local/lib/python3.7/site-packages/airflow/example_dags/tutorial_taskflow_api_virtualenv.py
[2022-12-22T23:54:27.822+0000] {processor.py:753} INFO - DAG(s) dict_keys(['tutorial_taskflow_api_virtualenv']) retrieved from /home/airflow/.local/lib/python3.7/site-packages/airflow/example_dags/tutorial_taskflow_api_virtualenv.py
[2022-12-22T23:54:27.854+0000] {logging_mixin.py:137} INFO - [2022-12-22T23:54:27.854+0000] {dag.py:2676} INFO - Sync 1 DAGs
[2022-12-22T23:54:27.872+0000] {logging_mixin.py:137} INFO - [2022-12-22T23:54:27.872+0000] {dag.py:3427} INFO - Setting next_dagrun for tutorial_taskflow_api_virtualenv to None, run_after=None
[2022-12-22T23:54:27.895+0000] {processor.py:175} INFO - Processing /home/airflow/.local/lib/python3.7/site-packages/airflow/example_dags/tutorial_taskflow_api_virtualenv.py took 0.098 seconds
[2022-12-22T23:54:58.630+0000] {processor.py:153} INFO - Started process (PID=1001) to work on /home/airflow/.local/lib/python3.7/site-packages/airflow/example_dags/tutorial_taskflow_api_virtualenv.py
[2022-12-22T23:54:58.631+0000] {processor.py:743} INFO - Processing file /home/airflow/.local/lib/python3.7/site-packages/airflow/example_dags/tutorial_taskflow_api_virtualenv.py for tasks to queue
[2022-12-22T23:54:58.632+0000] {logging_mixin.py:137} INFO - [2022-12-22T23:54:58.632+0000] {dagbag.py:538} INFO - Filling up the DagBag from /home/airflow/.local/lib/python3.7/site-packages/airflow/example_dags/tutorial_taskflow_api_virtualenv.py
[2022-12-22T23:54:58.652+0000] {processor.py:753} INFO - DAG(s) dict_keys(['tutorial_taskflow_api_virtualenv']) retrieved from /home/airflow/.local/lib/python3.7/site-packages/airflow/example_dags/tutorial_taskflow_api_virtualenv.py
[2022-12-22T23:54:58.683+0000] {logging_mixin.py:137} INFO - [2022-12-22T23:54:58.683+0000] {dag.py:2676} INFO - Sync 1 DAGs
[2022-12-22T23:54:58.701+0000] {logging_mixin.py:137} INFO - [2022-12-22T23:54:58.701+0000] {dag.py:3427} INFO - Setting next_dagrun for tutorial_taskflow_api_virtualenv to None, run_after=None
[2022-12-22T23:54:58.715+0000] {processor.py:175} INFO - Processing /home/airflow/.local/lib/python3.7/site-packages/airflow/example_dags/tutorial_taskflow_api_virtualenv.py took 0.087 seconds
[2022-12-22T23:55:29.385+0000] {processor.py:153} INFO - Started process (PID=1226) to work on /home/airflow/.local/lib/python3.7/site-packages/airflow/example_dags/tutorial_taskflow_api_virtualenv.py
[2022-12-22T23:55:29.387+0000] {processor.py:743} INFO - Processing file /home/airflow/.local/lib/python3.7/site-packages/airflow/example_dags/tutorial_taskflow_api_virtualenv.py for tasks to queue
[2022-12-22T23:55:29.389+0000] {logging_mixin.py:137} INFO - [2022-12-22T23:55:29.388+0000] {dagbag.py:538} INFO - Filling up the DagBag from /home/airflow/.local/lib/python3.7/site-packages/airflow/example_dags/tutorial_taskflow_api_virtualenv.py
[2022-12-22T23:55:29.408+0000] {processor.py:753} INFO - DAG(s) dict_keys(['tutorial_taskflow_api_virtualenv']) retrieved from /home/airflow/.local/lib/python3.7/site-packages/airflow/example_dags/tutorial_taskflow_api_virtualenv.py
[2022-12-22T23:55:29.438+0000] {logging_mixin.py:137} INFO - [2022-12-22T23:55:29.438+0000] {dag.py:2676} INFO - Sync 1 DAGs
[2022-12-22T23:55:29.458+0000] {logging_mixin.py:137} INFO - [2022-12-22T23:55:29.458+0000] {dag.py:3427} INFO - Setting next_dagrun for tutorial_taskflow_api_virtualenv to None, run_after=None
[2022-12-22T23:55:29.472+0000] {processor.py:175} INFO - Processing /home/airflow/.local/lib/python3.7/site-packages/airflow/example_dags/tutorial_taskflow_api_virtualenv.py took 0.091 seconds
[2022-12-22T23:56:00.445+0000] {processor.py:153} INFO - Started process (PID=1452) to work on /home/airflow/.local/lib/python3.7/site-packages/airflow/example_dags/tutorial_taskflow_api_virtualenv.py
[2022-12-22T23:56:00.446+0000] {processor.py:743} INFO - Processing file /home/airflow/.local/lib/python3.7/site-packages/airflow/example_dags/tutorial_taskflow_api_virtualenv.py for tasks to queue
[2022-12-22T23:56:00.447+0000] {logging_mixin.py:137} INFO - [2022-12-22T23:56:00.447+0000] {dagbag.py:538} INFO - Filling up the DagBag from /home/airflow/.local/lib/python3.7/site-packages/airflow/example_dags/tutorial_taskflow_api_virtualenv.py
[2022-12-22T23:56:00.466+0000] {processor.py:753} INFO - DAG(s) dict_keys(['tutorial_taskflow_api_virtualenv']) retrieved from /home/airflow/.local/lib/python3.7/site-packages/airflow/example_dags/tutorial_taskflow_api_virtualenv.py
[2022-12-22T23:56:00.508+0000] {logging_mixin.py:137} INFO - [2022-12-22T23:56:00.508+0000] {dag.py:2676} INFO - Sync 1 DAGs
[2022-12-22T23:56:00.536+0000] {logging_mixin.py:137} INFO - [2022-12-22T23:56:00.536+0000] {dag.py:3427} INFO - Setting next_dagrun for tutorial_taskflow_api_virtualenv to None, run_after=None
[2022-12-22T23:56:00.553+0000] {processor.py:175} INFO - Processing /home/airflow/.local/lib/python3.7/site-packages/airflow/example_dags/tutorial_taskflow_api_virtualenv.py took 0.111 seconds
[2022-12-22T23:56:31.217+0000] {processor.py:153} INFO - Started process (PID=1666) to work on /home/airflow/.local/lib/python3.7/site-packages/airflow/example_dags/tutorial_taskflow_api_virtualenv.py
[2022-12-22T23:56:31.219+0000] {processor.py:743} INFO - Processing file /home/airflow/.local/lib/python3.7/site-packages/airflow/example_dags/tutorial_taskflow_api_virtualenv.py for tasks to queue
[2022-12-22T23:56:31.220+0000] {logging_mixin.py:137} INFO - [2022-12-22T23:56:31.220+0000] {dagbag.py:538} INFO - Filling up the DagBag from /home/airflow/.local/lib/python3.7/site-packages/airflow/example_dags/tutorial_taskflow_api_virtualenv.py
[2022-12-22T23:56:31.237+0000] {processor.py:753} INFO - DAG(s) dict_keys(['tutorial_taskflow_api_virtualenv']) retrieved from /home/airflow/.local/lib/python3.7/site-packages/airflow/example_dags/tutorial_taskflow_api_virtualenv.py
[2022-12-22T23:56:31.268+0000] {logging_mixin.py:137} INFO - [2022-12-22T23:56:31.268+0000] {dag.py:2676} INFO - Sync 1 DAGs
[2022-12-22T23:56:31.286+0000] {logging_mixin.py:137} INFO - [2022-12-22T23:56:31.286+0000] {dag.py:3427} INFO - Setting next_dagrun for tutorial_taskflow_api_virtualenv to None, run_after=None
[2022-12-22T23:56:31.299+0000] {processor.py:175} INFO - Processing /home/airflow/.local/lib/python3.7/site-packages/airflow/example_dags/tutorial_taskflow_api_virtualenv.py took 0.085 seconds
[2022-12-22T23:57:01.982+0000] {processor.py:153} INFO - Started process (PID=1894) to work on /home/airflow/.local/lib/python3.7/site-packages/airflow/example_dags/tutorial_taskflow_api_virtualenv.py
[2022-12-22T23:57:01.984+0000] {processor.py:743} INFO - Processing file /home/airflow/.local/lib/python3.7/site-packages/airflow/example_dags/tutorial_taskflow_api_virtualenv.py for tasks to queue
[2022-12-22T23:57:01.985+0000] {logging_mixin.py:137} INFO - [2022-12-22T23:57:01.985+0000] {dagbag.py:538} INFO - Filling up the DagBag from /home/airflow/.local/lib/python3.7/site-packages/airflow/example_dags/tutorial_taskflow_api_virtualenv.py
[2022-12-22T23:57:02.003+0000] {processor.py:753} INFO - DAG(s) dict_keys(['tutorial_taskflow_api_virtualenv']) retrieved from /home/airflow/.local/lib/python3.7/site-packages/airflow/example_dags/tutorial_taskflow_api_virtualenv.py
[2022-12-22T23:57:02.033+0000] {logging_mixin.py:137} INFO - [2022-12-22T23:57:02.033+0000] {dag.py:2676} INFO - Sync 1 DAGs
[2022-12-22T23:57:02.052+0000] {logging_mixin.py:137} INFO - [2022-12-22T23:57:02.052+0000] {dag.py:3427} INFO - Setting next_dagrun for tutorial_taskflow_api_virtualenv to None, run_after=None
[2022-12-22T23:57:02.066+0000] {processor.py:175} INFO - Processing /home/airflow/.local/lib/python3.7/site-packages/airflow/example_dags/tutorial_taskflow_api_virtualenv.py took 0.087 seconds
[2022-12-22T23:57:32.693+0000] {processor.py:153} INFO - Started process (PID=2116) to work on /home/airflow/.local/lib/python3.7/site-packages/airflow/example_dags/tutorial_taskflow_api_virtualenv.py
[2022-12-22T23:57:32.694+0000] {processor.py:743} INFO - Processing file /home/airflow/.local/lib/python3.7/site-packages/airflow/example_dags/tutorial_taskflow_api_virtualenv.py for tasks to queue
[2022-12-22T23:57:32.695+0000] {logging_mixin.py:137} INFO - [2022-12-22T23:57:32.695+0000] {dagbag.py:538} INFO - Filling up the DagBag from /home/airflow/.local/lib/python3.7/site-packages/airflow/example_dags/tutorial_taskflow_api_virtualenv.py
[2022-12-22T23:57:32.716+0000] {processor.py:753} INFO - DAG(s) dict_keys(['tutorial_taskflow_api_virtualenv']) retrieved from /home/airflow/.local/lib/python3.7/site-packages/airflow/example_dags/tutorial_taskflow_api_virtualenv.py
[2022-12-22T23:57:32.753+0000] {logging_mixin.py:137} INFO - [2022-12-22T23:57:32.753+0000] {dag.py:2676} INFO - Sync 1 DAGs
[2022-12-22T23:57:32.781+0000] {logging_mixin.py:137} INFO - [2022-12-22T23:57:32.781+0000] {dag.py:3427} INFO - Setting next_dagrun for tutorial_taskflow_api_virtualenv to None, run_after=None
[2022-12-22T23:57:32.806+0000] {processor.py:175} INFO - Processing /home/airflow/.local/lib/python3.7/site-packages/airflow/example_dags/tutorial_taskflow_api_virtualenv.py took 0.117 seconds
[2022-12-22T23:58:03.272+0000] {processor.py:153} INFO - Started process (PID=2333) to work on /home/airflow/.local/lib/python3.7/site-packages/airflow/example_dags/tutorial_taskflow_api_virtualenv.py
[2022-12-22T23:58:03.273+0000] {processor.py:743} INFO - Processing file /home/airflow/.local/lib/python3.7/site-packages/airflow/example_dags/tutorial_taskflow_api_virtualenv.py for tasks to queue
[2022-12-22T23:58:03.274+0000] {logging_mixin.py:137} INFO - [2022-12-22T23:58:03.274+0000] {dagbag.py:538} INFO - Filling up the DagBag from /home/airflow/.local/lib/python3.7/site-packages/airflow/example_dags/tutorial_taskflow_api_virtualenv.py
[2022-12-22T23:58:03.292+0000] {processor.py:753} INFO - DAG(s) dict_keys(['tutorial_taskflow_api_virtualenv']) retrieved from /home/airflow/.local/lib/python3.7/site-packages/airflow/example_dags/tutorial_taskflow_api_virtualenv.py
[2022-12-22T23:58:03.325+0000] {logging_mixin.py:137} INFO - [2022-12-22T23:58:03.325+0000] {dag.py:2676} INFO - Sync 1 DAGs
[2022-12-22T23:58:03.343+0000] {logging_mixin.py:137} INFO - [2022-12-22T23:58:03.343+0000] {dag.py:3427} INFO - Setting next_dagrun for tutorial_taskflow_api_virtualenv to None, run_after=None
[2022-12-22T23:58:03.357+0000] {processor.py:175} INFO - Processing /home/airflow/.local/lib/python3.7/site-packages/airflow/example_dags/tutorial_taskflow_api_virtualenv.py took 0.088 seconds
[2022-12-22T23:58:34.260+0000] {processor.py:153} INFO - Started process (PID=2560) to work on /home/airflow/.local/lib/python3.7/site-packages/airflow/example_dags/tutorial_taskflow_api_virtualenv.py
[2022-12-22T23:58:34.262+0000] {processor.py:743} INFO - Processing file /home/airflow/.local/lib/python3.7/site-packages/airflow/example_dags/tutorial_taskflow_api_virtualenv.py for tasks to queue
[2022-12-22T23:58:34.263+0000] {logging_mixin.py:137} INFO - [2022-12-22T23:58:34.262+0000] {dagbag.py:538} INFO - Filling up the DagBag from /home/airflow/.local/lib/python3.7/site-packages/airflow/example_dags/tutorial_taskflow_api_virtualenv.py
[2022-12-22T23:58:34.280+0000] {processor.py:753} INFO - DAG(s) dict_keys(['tutorial_taskflow_api_virtualenv']) retrieved from /home/airflow/.local/lib/python3.7/site-packages/airflow/example_dags/tutorial_taskflow_api_virtualenv.py
[2022-12-22T23:58:34.311+0000] {logging_mixin.py:137} INFO - [2022-12-22T23:58:34.311+0000] {dag.py:2676} INFO - Sync 1 DAGs
[2022-12-22T23:58:34.329+0000] {logging_mixin.py:137} INFO - [2022-12-22T23:58:34.329+0000] {dag.py:3427} INFO - Setting next_dagrun for tutorial_taskflow_api_virtualenv to None, run_after=None
[2022-12-22T23:58:34.342+0000] {processor.py:175} INFO - Processing /home/airflow/.local/lib/python3.7/site-packages/airflow/example_dags/tutorial_taskflow_api_virtualenv.py took 0.086 seconds
[2022-12-22T23:59:05.251+0000] {processor.py:153} INFO - Started process (PID=2774) to work on /home/airflow/.local/lib/python3.7/site-packages/airflow/example_dags/tutorial_taskflow_api_virtualenv.py
[2022-12-22T23:59:05.252+0000] {processor.py:743} INFO - Processing file /home/airflow/.local/lib/python3.7/site-packages/airflow/example_dags/tutorial_taskflow_api_virtualenv.py for tasks to queue
[2022-12-22T23:59:05.253+0000] {logging_mixin.py:137} INFO - [2022-12-22T23:59:05.253+0000] {dagbag.py:538} INFO - Filling up the DagBag from /home/airflow/.local/lib/python3.7/site-packages/airflow/example_dags/tutorial_taskflow_api_virtualenv.py
[2022-12-22T23:59:05.272+0000] {processor.py:753} INFO - DAG(s) dict_keys(['tutorial_taskflow_api_virtualenv']) retrieved from /home/airflow/.local/lib/python3.7/site-packages/airflow/example_dags/tutorial_taskflow_api_virtualenv.py
[2022-12-22T23:59:05.310+0000] {logging_mixin.py:137} INFO - [2022-12-22T23:59:05.309+0000] {dag.py:2676} INFO - Sync 1 DAGs
[2022-12-22T23:59:05.331+0000] {logging_mixin.py:137} INFO - [2022-12-22T23:59:05.331+0000] {dag.py:3427} INFO - Setting next_dagrun for tutorial_taskflow_api_virtualenv to None, run_after=None
[2022-12-22T23:59:05.346+0000] {processor.py:175} INFO - Processing /home/airflow/.local/lib/python3.7/site-packages/airflow/example_dags/tutorial_taskflow_api_virtualenv.py took 0.100 seconds
[2022-12-22T23:59:36.042+0000] {processor.py:153} INFO - Started process (PID=3001) to work on /home/airflow/.local/lib/python3.7/site-packages/airflow/example_dags/tutorial_taskflow_api_virtualenv.py
[2022-12-22T23:59:36.044+0000] {processor.py:743} INFO - Processing file /home/airflow/.local/lib/python3.7/site-packages/airflow/example_dags/tutorial_taskflow_api_virtualenv.py for tasks to queue
[2022-12-22T23:59:36.045+0000] {logging_mixin.py:137} INFO - [2022-12-22T23:59:36.045+0000] {dagbag.py:538} INFO - Filling up the DagBag from /home/airflow/.local/lib/python3.7/site-packages/airflow/example_dags/tutorial_taskflow_api_virtualenv.py
[2022-12-22T23:59:36.062+0000] {processor.py:753} INFO - DAG(s) dict_keys(['tutorial_taskflow_api_virtualenv']) retrieved from /home/airflow/.local/lib/python3.7/site-packages/airflow/example_dags/tutorial_taskflow_api_virtualenv.py
[2022-12-22T23:59:36.094+0000] {logging_mixin.py:137} INFO - [2022-12-22T23:59:36.094+0000] {dag.py:2676} INFO - Sync 1 DAGs
[2022-12-22T23:59:36.115+0000] {logging_mixin.py:137} INFO - [2022-12-22T23:59:36.115+0000] {dag.py:3427} INFO - Setting next_dagrun for tutorial_taskflow_api_virtualenv to None, run_after=None
[2022-12-22T23:59:36.128+0000] {processor.py:175} INFO - Processing /home/airflow/.local/lib/python3.7/site-packages/airflow/example_dags/tutorial_taskflow_api_virtualenv.py took 0.088 seconds
