[2024-10-20 14:32:33,251] {taskinstance.py:1159} INFO - Dependencies all met for <TaskInstance: parking_pipeline.transform_data scheduled__2024-10-20T14:30:25.775451+00:00 [queued]>
[2024-10-20 14:32:33,263] {taskinstance.py:1159} INFO - Dependencies all met for <TaskInstance: parking_pipeline.transform_data scheduled__2024-10-20T14:30:25.775451+00:00 [queued]>
[2024-10-20 14:32:33,264] {taskinstance.py:1356} INFO - 
--------------------------------------------------------------------------------
[2024-10-20 14:32:33,265] {taskinstance.py:1357} INFO - Starting attempt 1 of 2
[2024-10-20 14:32:33,266] {taskinstance.py:1358} INFO - 
--------------------------------------------------------------------------------
[2024-10-20 14:32:33,285] {taskinstance.py:1377} INFO - Executing <Task(PythonOperator): transform_data> on 2024-10-20 14:30:25.775451+00:00
[2024-10-20 14:32:33,293] {standard_task_runner.py:52} INFO - Started process 1863 to run task
[2024-10-20 14:32:33,295] {standard_task_runner.py:79} INFO - Running: ['***', 'tasks', 'run', 'parking_pipeline', 'transform_data', 'scheduled__2024-10-20T14:30:25.775451+00:00', '--job-id', '263', '--raw', '--subdir', 'DAGS_FOLDER/parking_dag.py', '--cfg-path', '/tmp/tmpc86lnz4v', '--error-file', '/tmp/tmp159qy4bp']
[2024-10-20 14:32:33,296] {standard_task_runner.py:80} INFO - Job 263: Subtask transform_data
[2024-10-20 14:32:33,356] {task_command.py:369} INFO - Running <TaskInstance: parking_pipeline.transform_data scheduled__2024-10-20T14:30:25.775451+00:00 [running]> on host 4047801f839c
[2024-10-20 14:32:33,460] {taskinstance.py:1571} INFO - Exporting the following env vars:
AIRFLOW_CTX_DAG_OWNER=Airflow
AIRFLOW_CTX_DAG_ID=parking_pipeline
AIRFLOW_CTX_TASK_ID=transform_data
AIRFLOW_CTX_EXECUTION_DATE=2024-10-20T14:30:25.775451+00:00
AIRFLOW_CTX_TRY_NUMBER=1
AIRFLOW_CTX_DAG_RUN_ID=scheduled__2024-10-20T14:30:25.775451+00:00
[2024-10-20 14:32:33,519] {python.py:173} INFO - Done. Returned value was: None
[2024-10-20 14:32:33,533] {taskinstance.py:1400} INFO - Marking task as SUCCESS. dag_id=parking_pipeline, task_id=transform_data, execution_date=20241020T143025, start_date=20241020T143233, end_date=20241020T143233
[2024-10-20 14:32:33,590] {local_task_job.py:156} INFO - Task exited with return code 0
[2024-10-20 14:32:33,631] {local_task_job.py:273} INFO - 1 downstream tasks scheduled from follow-on schedule check
