[2024-10-20 14:34:31,178] {taskinstance.py:1159} INFO - Dependencies all met for <TaskInstance: parking_pipeline.extract_user scheduled__2024-10-20T14:32:25.775451+00:00 [queued]>
[2024-10-20 14:34:31,194] {taskinstance.py:1159} INFO - Dependencies all met for <TaskInstance: parking_pipeline.extract_user scheduled__2024-10-20T14:32:25.775451+00:00 [queued]>
[2024-10-20 14:34:31,195] {taskinstance.py:1356} INFO - 
--------------------------------------------------------------------------------
[2024-10-20 14:34:31,195] {taskinstance.py:1357} INFO - Starting attempt 1 of 2
[2024-10-20 14:34:31,196] {taskinstance.py:1358} INFO - 
--------------------------------------------------------------------------------
[2024-10-20 14:34:31,214] {taskinstance.py:1377} INFO - Executing <Task(SimpleHttpOperator): extract_user> on 2024-10-20 14:32:25.775451+00:00
[2024-10-20 14:34:31,221] {standard_task_runner.py:52} INFO - Started process 1965 to run task
[2024-10-20 14:34:31,224] {standard_task_runner.py:79} INFO - Running: ['***', 'tasks', 'run', 'parking_pipeline', 'extract_user', 'scheduled__2024-10-20T14:32:25.775451+00:00', '--job-id', '267', '--raw', '--subdir', 'DAGS_FOLDER/parking_dag.py', '--cfg-path', '/tmp/tmpvwwr95hf', '--error-file', '/tmp/tmp5b75cydf']
[2024-10-20 14:34:31,225] {standard_task_runner.py:80} INFO - Job 267: Subtask extract_user
[2024-10-20 14:34:31,282] {task_command.py:369} INFO - Running <TaskInstance: parking_pipeline.extract_user scheduled__2024-10-20T14:32:25.775451+00:00 [running]> on host 4047801f839c
[2024-10-20 14:34:31,365] {taskinstance.py:1571} INFO - Exporting the following env vars:
AIRFLOW_CTX_DAG_OWNER=Airflow
AIRFLOW_CTX_DAG_ID=parking_pipeline
AIRFLOW_CTX_TASK_ID=extract_user
AIRFLOW_CTX_EXECUTION_DATE=2024-10-20T14:32:25.775451+00:00
AIRFLOW_CTX_TRY_NUMBER=1
AIRFLOW_CTX_DAG_RUN_ID=scheduled__2024-10-20T14:32:25.775451+00:00
[2024-10-20 14:34:31,366] {http.py:102} INFO - Calling HTTP method
[2024-10-20 14:34:31,377] {base.py:68} INFO - Using connection ID 'is_api_available' for task execution.
[2024-10-20 14:34:31,379] {http.py:129} INFO - Sending 'GET' to url: https://datahub-v2.arlingtonva.us/api/ParkingMeter/ParkingTransactions/?$top=50
[2024-10-20 14:34:32,464] {http.py:106} INFO - [
  {
    "parkingTransactionKey": 4,
    "transactionSourceCode": "IPS",
    "meterId": "Spares (Arlington VA)",
    "zoneNbr": null,
    "startDtm": "2015-12-31T17:39:02.000Z",
    "endDtm": "2015-12-31T18:00:00.000Z",
    "transactionAmt": "0.50",
    "paymentTypeName": "Coins",
    "transactionStatusCode": null,
    "meterManufacturerName": null,
    "blockNbr": null,
    "sourceStreetDisplayName": null,
    "sideDirectionName": null,
    "latitudeCrd": null,
    "longitudeCrd": null,
    "statePlaneXCrd": null,
    "statePlaneYCrd": null,
    "handicapInd": null,
    "timeRestrictionDsc": null,
    "maxHoursCnt": null,
    "meterTypeDsc": null,
    "dollarPerHourRate": null,
    "activeStatusInd": false,
    "zoneSpaceCnt": null,
    "metroAreaName": null
  },
  {
    "parkingTransactionKey": 5,
    "transactionSourceCode": "IPS",
    "meterId": "Spares (Arlington VA)",
    "zoneNbr": null,
    "startDtm": "2015-12-31T17:38:54.000Z",
    "endDtm": "2015-12-31T17:58:54.000Z",
    "transactionAmt": "0.25",
    "paymentTypeName": "Coins",
    "transactionStatusCode": null,
    "meterManufacturerName": null,
    "blockNbr": null,
    "sourceStreetDisplayName": null,
    "sideDirectionName": null,
    "latitudeCrd": null,
    "longitudeCrd": null,
    "statePlaneXCrd": null,
    "statePlaneYCrd": null,
    "handicapInd": null,
    "timeRestrictionDsc": null,
    "maxHoursCnt": null,
    "meterTypeDsc": null,
    "dollarPerHourRate": null,
    "activeStatusInd": false,
    "zoneSpaceCnt": null,
    "metroAreaName": null
  },
  {
    "parkingTransactionKey": 19,
    "transactionSourceCode": "IPS",
    "meterId": "CRH2500S",
    "zoneNbr": "54065",
    "startDtm": "2015-12-31T16:37:24.000Z",
    "endDtm": "2015-12-31T17:06:04.000Z",
    "transactionAmt": "0.25",
    "paymentTypeName": "Coins",
    "transactionStatusCode": null,
    "meterManufacturerName": "IPS",
    "blockNbr": 2500,
    "sourceStreetDisplayName": "CRYSTAL DR",
    "sideDirectionName": "West",
    "latitudeCrd": "38.85120139",
    "longitudeCrd": "-77.05025919",
    "statePlaneXCrd": "11895769.40187500",
    "statePlaneYCrd": "6996300.72125000",
    "handicapInd": true,
    "timeRestrictionDsc": "MON - SAT 8AM - 8PM",
    "maxHoursCnt": "4.0",
    "meterTypeDsc": "Double",
    "dollarPerHourRate": "1.75",
    "activeStatusInd": true,
    "zoneSpaceCnt": "4.00",
    "metroAreaName": "Crystal City"
  },
  {
    "parkingTransactionKey": 21,
    "transactionSourceCode": "IPS",
    "meterId": "CRH2500S",
    "zoneNbr": "54065",
    "startDtm": "2015-12-31T16:36:04.000Z",
    "endDtm": "2015-12-31T16:56:04.000Z",
    "transactionAmt": "0.50",
    "paymentTypeName": "Coins",
    "transactionStatusCode": null,
    "meterManufacturerName": "IPS",
    "blockNbr": 2500,
    "sourceStreetDisplayName": "CRYSTAL DR",
    "sideDirectionName": "West",
    "latitudeCrd": "38.85120139",
    "longitudeCrd": "-77.05025919",
    "statePlaneXCrd": "11895769.40187500",
    "statePlaneYCrd": "6996300.72125000",
    "handicapInd": true,
    "timeRestrictionDsc": "MON - SAT 8AM - 8PM",
    "maxHoursCnt": "4.0",
    "meterTypeDsc": "Double",
    "dollarPerHourRate": "1.75",
    "activeStatusInd": true,
    "zoneSpaceCnt": "4.00",
    "metroAreaName": "Crystal City"
  },
  {
    "parkingTransactionKey": 25,
    "transactionSourceCode": "IPS",
    "meterId": "316N",
    "zoneNbr": "54469",
    "startDtm": "2015-12-31T16:10:24.000Z",
    "endDtm": "2015-12-31T16:30:24.000Z",
    "transactionAmt": "0.50",
    "paymentTypeName": "Coins",
    "transactionStatusCode": null,
    "meterManufacturerName": "IPS",
    "blockNbr": 1400,
    "sourceStreetDisplayName": "N COURTHOUSE RD",
    "sideDirectionName": "North",
    "latitudeCrd": "38.89058628",
    "longitudeCrd": "-77.08463867",
    "statePlaneXCrd": "11885759.26625000",
    "statePlaneYCrd": "7010487.39375000",
    "handicapInd": false,
    "timeRestrictionDsc": "MON - FRI 8AM - 8PM, SAT 6AM - 12PM",
    "maxHoursCnt": "1.0",
    "meterTypeDsc": "Single",
    "dollarPerHourRate": "1.75",
    "activeStatusInd": false,
    "zoneSpaceCnt": "2.00",
    "metroAreaName": "Courthouse"
  },
  {
    "parkingTransactionKey": 26,
    "transactionSourceCode": "IPS",
    "meterId": "ULH1412N",
    "zoneNbr": "54408",
    "startDtm": "2015-12-31T16:00:49.000Z",
    "endDtm": "2015-12-31T17:42:43.000Z",
    "transactionAmt": "0.05",
    "paymentTypeName": "Coins",
    "transactionStatusCode": null,
    "meterManufacturerName": "IPS",
    "blockNbr": 1400,
    "sourceStreetDisplayName": "N UHLE ST",
    "sideDirectionName": "West",
    "latitudeCrd": "38.88984597",
    "longitudeCrd": "-77.08474392",
    "statePlaneXCrd": "11885732.76812500",
    "statePlaneYCrd": "7010220.16374999",
    "handicapInd": true,
    "timeRestrictionDsc": "MON - SAT 8AM - 8PM",
    "maxHoursCnt": "1.0",
    "meterTypeDsc": "Single",
    "dollarPerHourRate": "1.75",
    "activeStatusInd": true,
    "zoneSpaceCnt": "2.00",
    "metroAreaName": "Courthouse"
  },
  {
    "parkingTransactionKey": 27,
    "transactionSourceCode": "IPS",
    "meterId": "ULH1412N",
    "zoneNbr": "54408",
    "startDtm": "2015-12-31T16:00:43.000Z",
    "endDtm": "2015-12-31T17:40:19.000Z",
    "transactionAmt": "0.50",
    "paymentTypeName": "Coins",
    "transactionStatusCode": null,
    "meterManufacturerName": "IPS",
    "blockNbr": 1400,
    "sourceStreetDisplayName": "N UHLE ST",
    "sideDirectionName": "West",
    "latitudeCrd": "38.88984597",
    "longitudeCrd": "-77.08474392",
    "statePlaneXCrd": "11885732.76812500",
    "statePlaneYCrd": "7010220.16374999",
    "handicapInd": true,
    "timeRestrictionDsc": "MON - SAT 8AM - 8PM",
    "maxHoursCnt": "1.0",
    "meterTypeDsc": "Single",
    "dollarPerHourRate": "1.75",
    "activeStatusInd": true,
    "zoneSpaceCnt": "2.00",
    "metroAreaName": "Courthouse"
  },
  {
    "parkingTransactionKey": 33,
    "transactionSourceCode": "IPS",
    "meterId": "WIH3101N",
    "zoneNbr": "54307",
    "startDtm": "2015-12-31T15:33:52.000Z",
    "endDtm": "2015-12-31T16:53:52.000Z",
    "transactionAmt": "2.00",
    "paymentTypeName": "Coins",
    "transactionStatusCode": null,
    "meterManufacturerName": "IPS",
    "blockNbr": 3100,
    "sourceStreetDisplayName": "WILSON BLVD",
    "sideDirectionName": "North",
    "latitudeCrd": "38.88707055",
    "longitudeCrd": "-77.09563209",
    "statePlaneXCrd": "11882650.13937500",
    "statePlaneYCrd": "7009159.05625001",
    "handicapInd": true,
    "timeRestrictionDsc": "MON-SAT 8AM-6PM",
    "maxHoursCnt": "4.0",
    "meterTypeDsc": "Single",
    "dollarPerHourRate": "1.50",
    "activeStatusInd": false,
    "zoneSpaceCnt": "1.00",
    "metroAreaName": "Clarendon"
  },
  {
    "parkingTransactionKey": 35,
    "transactionSourceCode": "IPS",
    "meterId": "CHH1405N",
    "zoneNbr": "54413",
    "startDtm": "2015-12-31T15:26:26.000Z",
    "endDtm": "2015-12-31T16:12:02.000Z",
    "transactionAmt": "0.25",
    "paymentTypeName": "Coins",
    "transactionStatusCode": null,
    "meterManufacturerName": "IPS",
    "blockNbr": 1400,
    "sourceStreetDisplayName": "N COURTHOUSE RD",
    "sideDirectionName": "East",
    "latitudeCrd": "38.89048673",
    "longitudeCrd": "-77.08374252",
    "statePlaneXCrd": "11886040.19562500",
    "statePlaneYCrd": "7010255.64250000",
    "handicapInd": true,
    "timeRestrictionDsc": "MON - FRI 8AM - 8PM",
    "maxHoursCnt": "12.0",
    "meterTypeDsc": "Single",
    "dollarPerHourRate": "1.50",
    "activeStatusInd": true,
    "zoneSpaceCnt": "6.00",
    "metroAreaName": "Courthouse"
  },
  {
    "parkingTransactionKey": 36,
    "transactionSourceCode": "IPS",
    "meterId": "CHH1405N",
    "zoneNbr": "54413",
    "startDtm": "2015-12-31T15:25:46.000Z",
    "endDtm": "2015-12-31T15:57:02.000Z",
    "transactionAmt": "0.50",
    "paymentTypeName": "Coins",
    "transactionStatusCode": null,
    "meterManufacturerName": "IPS",
    "blockNbr": 1400,
    "sourceStreetDisplayName": "N COURTHOUSE RD",
    "sideDirectionName": "East",
    "latitudeCrd": "38.89048673",
    "longitudeCrd": "-77.08374252",
    "statePlaneXCrd": "11886040.19562500",
    "statePlaneYCrd": "7010255.64250000",
    "handicapInd": true,
    "timeRestrictionDsc": "MON - FRI 8AM - 8PM",
    "maxHoursCnt": "12.0",
    "meterTypeDsc": "Single",
    "dollarPerHourRate": "1.50",
    "activeStatusInd": true,
    "zoneSpaceCnt": "6.00",
    "metroAreaName": "Courthouse"
  },
  {
    "parkingTransactionKey": 41,
    "transactionSourceCode": "IPS",
    "meterId": "316N",
    "zoneNbr": "54469",
    "startDtm": "2015-12-31T15:01:10.000Z",
    "endDtm": "2015-12-31T15:11:10.000Z",
    "transactionAmt": "0.25",
    "paymentTypeName": "Coins",
    "transactionStatusCode": null,
    "meterManufacturerName": "IPS",
    "blockNbr": 1400,
    "sourceStreetDisplayName": "N COURTHOUSE RD",
    "sideDirectionName": "North",
    "latitudeCrd": "38.89058628",
    "longitudeCrd": "-77.08463867",
    "statePlaneXCrd": "11885759.26625000",
    "statePlaneYCrd": "7010487.39375000",
    "handicapInd": false,
    "timeRestrictionDsc": "MON - FRI 8AM - 8PM, SAT 6AM - 12PM",
    "maxHoursCnt": "1.0",
    "meterTypeDsc": "Single",
    "dollarPerHourRate": "1.75",
    "activeStatusInd": false,
    "zoneSpaceCnt": "2.00",
    "metroAreaName": "Courthouse"
  },
  {
    "parkingTransactionKey": 49,
    "transactionSourceCode": "IPS",
    "meterId": "191106N",
    "zoneNbr": "54520",
    "startDtm": "2015-12-31T14:31:08.000Z",
    "endDtm": "2015-12-31T14:53:08.000Z",
    "transactionAmt": "0.55",
    "paymentTypeName": "Coins",
    "transactionStatusCode": null,
    "meterManufacturerName": "IPS",
    "blockNbr": 1100,
    "sourceStreetDisplayName": "19TH ST N",
    "sideDirectionName": "East",
    "latitudeCrd": "38.89699722",
    "longitudeCrd": "-77.07008220",
    "statePlaneXCrd": "11889865.64812500",
    "statePlaneYCrd": "7012886.19062500",
    "handicapInd": false,
    "timeRestrictionDsc": "MON-SAT 8AM-6PM",
    "maxHoursCnt": "4.0",
    "meterTypeDsc": "Double",
    "dollarPerHourRate": "1.50",
    "activeStatusInd": false,
    "zoneSpaceCnt": "5.00",
    "metroAreaName": "Rosslyn"
  },
  {
    "parkingTransactionKey": 52,
    "transactionSourceCode": "IPS",
    "meterId": "CRH2306S",
    "zoneNbr": "54685",
    "startDtm": "2015-12-31T14:17:33.000Z",
    "endDtm": "2015-12-31T14:27:33.000Z",
    "transactionAmt": "0.25",
    "paymentTypeName": "Coins",
    "transactionStatusCode": null,
    "meterManufacturerName": "IPS",
    "blockNbr": 2300,
    "sourceStreetDisplayName": "CRYSTAL DR",
    "sideDirectionName": "West",
    "latitudeCrd": "38.85279802",
    "longitudeCrd": "-77.04976249",
    "statePlaneXCrd": "11895901.65250000",
    "statePlaneYCrd": "6996884.37312500",
    "handicapInd": true,
    "timeRestrictionDsc": "MON - SAT 8AM - 8PM",
    "maxHoursCnt": "4.0",
    "meterTypeDsc": "Single",
    "dollarPerHourRate": "1.75",
    "activeStatusInd": true,
    "zoneSpaceCnt": "1.00",
    "metroAreaName": "Crystal City"
  },
  {
    "parkingTransactionKey": 56,
    "transactionSourceCode": "IPS",
    "meterId": "QUH2808S",
    "zoneNbr": "54018",
    "startDtm": "2015-12-31T14:06:13.000Z",
    "endDtm": "2015-12-31T15:06:13.000Z",
    "transactionAmt": "1.50",
    "paymentTypeName": "Credit Card",
    "transactionStatusCode": "Approved",
    "meterManufacturerName": "IPS",
    "blockNbr": 2800,
    "sourceStreetDisplayName": "S QUINCY ST",
    "sideDirectionName": "West",
    "latitudeCrd": "38.84038825",
    "longitudeCrd": "-77.08692946",
    "statePlaneXCrd": "11885388.00562500",
    "statePlaneYCrd": "6992200.23999999",
    "handicapInd": true,
    "timeRestrictionDsc": "MON - SAT 8AM - 8PM",
    "maxHoursCnt": "1.0",
    "meterTypeDsc": "Single",
    "dollarPerHourRate": "1.75",
    "activeStatusInd": true,
    "zoneSpaceCnt": "1.00",
    "metroAreaName": "Shirlington"
  },
  {
    "parkingTransactionKey": 57,
    "transactionSourceCode": "IPS",
    "meterId": "317N",
    "zoneNbr": "54469",
    "startDtm": "2015-12-31T14:04:57.000Z",
    "endDtm": "2015-12-31T14:36:57.000Z",
    "transactionAmt": "0.80",
    "paymentTypeName": "Coins",
    "transactionStatusCode": null,
    "meterManufacturerName": "IPS",
    "blockNbr": 1400,
    "sourceStreetDisplayName": "N COURTHOUSE RD",
    "sideDirectionName": "North",
    "latitudeCrd": "38.89058732",
    "longitudeCrd": "-77.08467526",
    "statePlaneXCrd": "11885748.84937500",
    "statePlaneYCrd": "7010487.61062500",
    "handicapInd": false,
    "timeRestrictionDsc": "MON - FRI 8AM - 8PM, SAT 6AM - 12PM",
    "maxHoursCnt": "1.0",
    "meterTypeDsc": "Single",
    "dollarPerHourRate": "1.75",
    "activeStatusInd": false,
    "zoneSpaceCnt": "2.00",
    "metroAreaName": "Courthouse"
  },
  {
    "parkingTransactionKey": 58,
    "transactionSourceCode": "IPS",
    "meterId": "ULH1412N",
    "zoneNbr": "54408",
    "startDtm": "2015-12-31T14:00:08.000Z",
    "endDtm": "2015-12-31T16:00:08.000Z",
    "transactionAmt": "0.80",
    "paymentTypeName": "Coins",
    "transactionStatusCode": null,
    "meterManufacturerName": "IPS",
    "blockNbr": 1400,
    "sourceStreetDisplayName": "N UHLE ST",
    "sideDirectionName": "West",
    "latitudeCrd": "38.88984597",
    "longitudeCrd": "-77.08474392",
    "statePlaneXCrd": "11885732.76812500",
    "statePlaneYCrd": "7010220.16374999",
    "handicapInd": true,
    "timeRestrictionDsc": "MON - SAT 8AM - 8PM",
    "maxHoursCnt": "1.0",
    "meterTypeDsc": "Single",
    "dollarPerHourRate": "1.75",
    "activeStatusInd": true,
    "zoneSpaceCnt": "2.00",
    "metroAreaName": "Courthouse"
  },
  {
    "parkingTransactionKey": 60,
    "transactionSourceCode": "IPS",
    "meterId": "316N",
    "zoneNbr": "54469",
    "startDtm": "2015-12-31T13:53:59.000Z",
    "endDtm": "2015-12-31T14:37:32.000Z",
    "transactionAmt": "1.00",
    "paymentTypeName": "Credit Card",
    "transactionStatusCode": "Approved",
    "meterManufacturerName": "IPS",
    "blockNbr": 1400,
    "sourceStreetDisplayName": "N COURTHOUSE RD",
    "sideDirectionName": "North",
    "latitudeCrd": "38.89058628",
    "longitudeCrd": "-77.08463867",
    "statePlaneXCrd": "11885759.26625000",
    "statePlaneYCrd": "7010487.39375000",
    "handicapInd": false,
    "timeRestrictionDsc": "MON - FRI 8AM - 8PM, SAT 6AM - 12PM",
    "maxHoursCnt": "1.0",
    "meterTypeDsc": "Single",
    "dollarPerHourRate": "1.75",
    "activeStatusInd": false,
    "zoneSpaceCnt": "2.00",
    "metroAreaName": "Courthouse"
  },
  {
    "parkingTransactionKey": 64,
    "transactionSourceCode": "IPS",
    "meterId": "CLAH2310S",
    "zoneNbr": "54061",
    "startDtm": "2015-12-31T13:45:10.000Z",
    "endDtm": "2015-12-31T15:45:10.000Z",
    "transactionAmt": "3.00",
    "paymentTypeName": "Credit Card",
    "transactionStatusCode": "Approved",
    "meterManufacturerName": "IPS",
    "blockNbr": 2300,
    "sourceStreetDisplayName": "S CLARK ST",
    "sideDirectionName": "West",
    "latitudeCrd": "38.85270628",
    "longitudeCrd": "-77.05210596",
    "statePlaneXCrd": "11895235.58437500",
    "statePlaneYCrd": "6996837.61187500",
    "handicapInd": true,
    "timeRestrictionDsc": "MON - SAT 8AM - 8PM",
    "maxHoursCnt": "4.0",
    "meterTypeDsc": "Single",
    "dollarPerHourRate": "1.50",
    "activeStatusInd": false,
    "zoneSpaceCnt": "5.00",
    "metroAreaName": "Crystal City"
  },
  {
    "parkingTransactionKey": 77,
    "transactionSourceCode": "IPS",
    "meterId": "QNH1600N",
    "zoneNbr": "54525",
    "startDtm": "2015-12-31T13:12:29.000Z",
    "endDtm": "2015-12-31T13:32:29.000Z",
    "transactionAmt": "0.50",
    "paymentTypeName": "Coins",
    "transactionStatusCode": null,
    "meterManufacturerName": "IPS",
    "blockNbr": 1600,
    "sourceStreetDisplayName": "N QUINN ST",
    "sideDirectionName": "West",
    "latitudeCrd": "38.89282881",
    "longitudeCrd": "-77.07857240",
    "statePlaneXCrd": "11887444.35625000",
    "statePlaneYCrd": "7011688.20125000",
    "handicapInd": true,
    "timeRestrictionDsc": "MON - FRI 8AM - 8PM",
    "maxHoursCnt": "12.0",
    "meterTypeDsc": "Single",
    "dollarPerHourRate": "1.50",
    "activeStatusInd": true,
    "zoneSpaceCnt": "1.00",
    "metroAreaName": "Rosslyn"
  },
  {
    "parkingTransactionKey": 80,
    "transactionSourceCode": "IPS",
    "meterId": "UL1404N",
    "zoneNbr": "54407",
    "startDtm": "2015-12-31T12:59:37.000Z",
    "endDtm": "2015-12-31T13:37:38.000Z",
    "transactionAmt": "0.25",
    "paymentTypeName": "Coins",
    "transactionStatusCode": null,
    "meterManufacturerName": "IPS",
    "blockNbr": 1400,
    "sourceStreetDisplayName": "N UHLE ST",
    "sideDirectionName": "West",
    "latitudeCrd": "38.88972294",
    "longitudeCrd": "-77.08472889",
    "statePlaneXCrd": "11885737.73750000",
    "statePlaneYCrd": "7010175.42874999",
    "handicapInd": false,
    "timeRestrictionDsc": "MON - SAT 8AM - 8PM",
    "maxHoursCnt": "1.0",
    "meterTypeDsc": "Double",
    "dollarPerHourRate": "1.75",
    "activeStatusInd": true,
    "zoneSpaceCnt": "5.00",
    "metroAreaName": "Courthouse"
  },
  {
    "parkingTransactionKey": 84,
    "transactionSourceCode": "IPS",
    "meterId": "CBH1600N",
    "zoneNbr": "54491",
    "startDtm": "2015-12-31T12:46:37.000Z",
    "endDtm": "2015-12-31T13:09:52.000Z",
    "transactionAmt": "0.10",
    "paymentTypeName": "Coins",
    "transactionStatusCode": null,
    "meterManufacturerName": "IPS",
    "blockNbr": 1600,
    "sourceStreetDisplayName": "CLARENDON BLVD",
    "sideDirectionName": "South",
    "latitudeCrd": "38.89332694",
    "longitudeCrd": "-77.07678493",
    "statePlaneXCrd": "11887869.88187500",
    "statePlaneYCrd": "7011495.27562501",
    "handicapInd": true,
    "timeRestrictionDsc": "MON - SAT 8AM - 8PM",
    "maxHoursCnt": "4.0",
    "meterTypeDsc": "Single",
    "dollarPerHourRate": "1.75",
    "activeStatusInd": true,
    "zoneSpaceCnt": "1.00",
    "metroAreaName": "Rosslyn"
  },
  {
    "parkingTransactionKey": 86,
    "transactionSourceCode": "IPS",
    "meterId": "CBH1600N",
    "zoneNbr": "54491",
    "startDtm": "2015-12-31T12:45:52.000Z",
    "endDtm": "2015-12-31T13:05:52.000Z",
    "transactionAmt": "0.50",
    "paymentTypeName": "Coins",
    "transactionStatusCode": null,
    "meterManufacturerName": "IPS",
    "blockNbr": 1600,
    "sourceStreetDisplayName": "CLARENDON BLVD",
    "sideDirectionName": "South",
    "latitudeCrd": "38.89332694",
    "longitudeCrd": "-77.07678493",
    "statePlaneXCrd": "11887869.88187500",
    "statePlaneYCrd": "7011495.27562501",
    "handicapInd": true,
    "timeRestrictionDsc": "MON - SAT 8AM - 8PM",
    "maxHoursCnt": "4.0",
    "meterTypeDsc": "Single",
    "dollarPerHourRate": "1.75",
    "activeStatusInd": true,
    "zoneSpaceCnt": "1.00",
    "metroAreaName": "Rosslyn"
  },
  {
    "parkingTransactionKey": 87,
    "transactionSourceCode": "IPS",
    "meterId": "Spares (Arlington VA)",
    "zoneNbr": null,
    "startDtm": "2015-12-31T12:33:07.000Z",
    "endDtm": "2015-12-31T13:13:07.000Z",
    "transactionAmt": "0.50",
    "paymentTypeName": "Coins",
    "transactionStatusCode": null,
    "meterManufacturerName": null,
    "blockNbr": null,
    "sourceStreetDisplayName": null,
    "sideDirectionName": null,
    "latitudeCrd": null,
    "longitudeCrd": null,
    "statePlaneXCrd": null,
    "statePlaneYCrd": null,
    "handicapInd": null,
    "timeRestrictionDsc": null,
    "maxHoursCnt": null,
    "meterTypeDsc": null,
    "dollarPerHourRate": null,
    "activeStatusInd": false,
    "zoneSpaceCnt": null,
    "metroAreaName": null
  },
  {
    "parkingTransactionKey": 88,
    "transactionSourceCode": "IPS",
    "meterId": "Spares (Arlington VA)",
    "zoneNbr": null,
    "startDtm": "2015-12-31T12:32:17.000Z",
    "endDtm": "2015-12-31T12:48:17.000Z",
    "transactionAmt": "0.20",
    "paymentTypeName": "Coins",
    "transactionStatusCode": null,
    "meterManufacturerName": null,
    "blockNbr": null,
    "sourceStreetDisplayName": null,
    "sideDirectionName": null,
    "latitudeCrd": null,
    "longitudeCrd": null,
    "statePlaneXCrd": null,
    "statePlaneYCrd": null,
    "handicapInd": null,
    "timeRestrictionDsc": null,
    "maxHoursCnt": null,
    "meterTypeDsc": null,
    "dollarPerHourRate": null,
    "activeStatusInd": false,
    "zoneSpaceCnt": null,
    "metroAreaName": null
  },
  {
    "parkingTransactionKey": 104,
    "transactionSourceCode": "IPS",
    "meterId": "191110N",
    "zoneNbr": "54520",
    "startDtm": "2015-12-31T11:58:42.000Z",
    "endDtm": "2015-12-31T12:04:41.000Z",
    "transactionAmt": "0.05",
    "paymentTypeName": "Coins",
    "transactionStatusCode": null,
    "meterManufacturerName": "IPS",
    "blockNbr": 1100,
    "sourceStreetDisplayName": "19TH ST N",
    "sideDirectionName": "East",
    "latitudeCrd": "38.89698831",
    "longitudeCrd": "-77.06995752",
    "statePlaneXCrd": "11889901.17875000",
    "statePlaneYCrd": "7012883.49937500",
    "handicapInd": false,
    "timeRestrictionDsc": "MON-SAT 8AM-6PM",
    "maxHoursCnt": "4.0",
    "meterTypeDsc": "Single",
    "dollarPerHourRate": "1.50",
    "activeStatusInd": false,
    "zoneSpaceCnt": "5.00",
    "metroAreaName": "Rosslyn"
  },
  {
    "parkingTransactionKey": 121,
    "transactionSourceCode": "IPS",
    "meterId": "CRH2500S",
    "zoneNbr": "54065",
    "startDtm": "2015-12-31T11:12:59.000Z",
    "endDtm": "2015-12-31T11:52:59.000Z",
    "transactionAmt": "1.00",
    "paymentTypeName": "Credit Card",
    "transactionStatusCode": "Approved",
    "meterManufacturerName": "IPS",
    "blockNbr": 2500,
    "sourceStreetDisplayName": "CRYSTAL DR",
    "sideDirectionName": "West",
    "latitudeCrd": "38.85120139",
    "longitudeCrd": "-77.05025919",
    "statePlaneXCrd": "11895769.40187500",
    "statePlaneYCrd": "6996300.72125000",
    "handicapInd": true,
    "timeRestrictionDsc": "MON - SAT 8AM - 8PM",
    "maxHoursCnt": "4.0",
    "meterTypeDsc": "Double",
    "dollarPerHourRate": "1.75",
    "activeStatusInd": true,
    "zoneSpaceCnt": "4.00",
    "metroAreaName": "Crystal City"
  },
  {
    "parkingTransactionKey": 122,
    "transactionSourceCode": "IPS",
    "meterId": "Spares (Arlington VA)",
    "zoneNbr": null,
    "startDtm": "2015-12-31T10:52:44.000Z",
    "endDtm": "2015-12-31T11:12:44.000Z",
    "transactionAmt": "0.25",
    "paymentTypeName": "Coins",
    "transactionStatusCode": null,
    "meterManufacturerName": null,
    "blockNbr": null,
    "sourceStreetDisplayName": null,
    "sideDirectionName": null,
    "latitudeCrd": null,
    "longitudeCrd": null,
    "statePlaneXCrd": null,
    "statePlaneYCrd": null,
    "handicapInd": null,
    "timeRestrictionDsc": null,
    "maxHoursCnt": null,
    "meterTypeDsc": null,
    "dollarPerHourRate": null,
    "activeStatusInd": false,
    "zoneSpaceCnt": null,
    "metroAreaName": null
  },
  {
    "parkingTransactionKey": 127,
    "transactionSourceCode": "IPS",
    "meterId": "CBH3110N",
    "zoneNbr": "54297",
    "startDtm": "2015-12-31T10:25:59.000Z",
    "endDtm": "2015-12-31T10:35:59.000Z",
    "transactionAmt": "0.25",
    "paymentTypeName": "Coins",
    "transactionStatusCode": null,
    "meterManufacturerName": "IPS",
    "blockNbr": 3100,
    "sourceStreetDisplayName": "CLARENDON BLVD",
    "sideDirectionName": "South",
    "latitudeCrd": "38.88644395",
    "longitudeCrd": "-77.09572992",
    "statePlaneXCrd": "11882625.08375000",
    "statePlaneYCrd": "7008933.26875000",
    "handicapInd": true,
    "timeRestrictionDsc": "MON - SAT 8AM - 8PM",
    "maxHoursCnt": "4.0",
    "meterTypeDsc": "Single",
    "dollarPerHourRate": "1.75",
    "activeStatusInd": true,
    "zoneSpaceCnt": "1.00",
    "metroAreaName": "Clarendon"
  },
  {
    "parkingTransactionKey": 131,
    "transactionSourceCode": "IPS",
    "meterId": "GMH1621N",
    "zoneNbr": "54593",
    "startDtm": "2015-12-31T09:45:04.000Z",
    "endDtm": "2015-12-31T10:45:09.000Z",
    "transactionAmt": "1.00",
    "paymentTypeName": "Coins",
    "transactionStatusCode": null,
    "meterManufacturerName": "IPS",
    "blockNbr": 1600,
    "sourceStreetDisplayName": "N GEORGE MASON DR",
    "sideDirectionName": "East",
    "latitudeCrd": "38.88850486",
    "longitudeCrd": "-77.12831662",
    "statePlaneXCrd": "11873339.15875000",
    "statePlaneYCrd": "7009543.53874999",
    "handicapInd": true,
    "timeRestrictionDsc": "MON - SAT 8AM - 8PM",
    "maxHoursCnt": "4.0",
    "meterTypeDsc": "Single",
    "dollarPerHourRate": "1.75",
    "activeStatusInd": true,
    "zoneSpaceCnt": "5.00",
    "metroAreaName": "Virginia Hospital"
  },
  {
    "parkingTransactionKey": 132,
    "transactionSourceCode": "IPS",
    "meterId": "GMH1621N",
    "zoneNbr": "54593",
    "startDtm": "2015-12-31T09:44:48.000Z",
    "endDtm": "2015-12-31T10:05:09.000Z",
    "transactionAmt": "0.50",
    "paymentTypeName": "Coins",
    "transactionStatusCode": null,
    "meterManufacturerName": "IPS",
    "blockNbr": 1600,
    "sourceStreetDisplayName": "N GEORGE MASON DR",
    "sideDirectionName": "East",
    "latitudeCrd": "38.88850486",
    "longitudeCrd": "-77.12831662",
    "statePlaneXCrd": "11873339.15875000",
    "statePlaneYCrd": "7009543.53874999",
    "handicapInd": true,
    "timeRestrictionDsc": "MON - SAT 8AM - 8PM",
    "maxHoursCnt": "4.0",
    "meterTypeDsc": "Single",
    "dollarPerHourRate": "1.75",
    "activeStatusInd": true,
    "zoneSpaceCnt": "5.00",
    "metroAreaName": "Virginia Hospital"
  },
  {
    "parkingTransactionKey": 136,
    "transactionSourceCode": "IPS",
    "meterId": "Spares (Arlington VA)",
    "zoneNbr": null,
    "startDtm": "2015-12-31T09:25:31.000Z",
    "endDtm": "2015-12-31T10:05:31.000Z",
    "transactionAmt": "0.50",
    "paymentTypeName": "Coins",
    "transactionStatusCode": null,
    "meterManufacturerName": null,
    "blockNbr": null,
    "sourceStreetDisplayName": null,
    "sideDirectionName": null,
    "latitudeCrd": null,
    "longitudeCrd": null,
    "statePlaneXCrd": null,
    "statePlaneYCrd": null,
    "handicapInd": null,
    "timeRestrictionDsc": null,
    "maxHoursCnt": null,
    "meterTypeDsc": null,
    "dollarPerHourRate": null,
    "activeStatusInd": false,
    "zoneSpaceCnt": null,
    "metroAreaName": null
  },
  {
    "parkingTransactionKey": 141,
    "transactionSourceCode": "IPS",
    "meterId": "317N",
    "zoneNbr": "54469",
    "startDtm": "2015-12-31T08:21:37.000Z",
    "endDtm": "2015-12-31T08:39:37.000Z",
    "transactionAmt": "0.45",
    "paymentTypeName": "Coins",
    "transactionStatusCode": null,
    "meterManufacturerName": "IPS",
    "blockNbr": 1400,
    "sourceStreetDisplayName": "N COURTHOUSE RD",
    "sideDirectionName": "North",
    "latitudeCrd": "38.89058732",
    "longitudeCrd": "-77.08467526",
    "statePlaneXCrd": "11885748.84937500",
    "statePlaneYCrd": "7010487.61062500",
    "handicapInd": false,
    "timeRestrictionDsc": "MON - FRI 8AM - 8PM, SAT 6AM - 12PM",
    "maxHoursCnt": "1.0",
    "meterTypeDsc": "Single",
    "dollarPerHourRate": "1.75",
    "activeStatusInd": false,
    "zoneSpaceCnt": "2.00",
    "metroAreaName": "Courthouse"
  },
  {
    "parkingTransactionKey": 144,
    "transactionSourceCode": "IPS",
    "meterId": "CRH1400S",
    "zoneNbr": "54090",
    "startDtm": "2015-12-31T07:04:41.000Z",
    "endDtm": "2015-12-31T10:12:16.000Z",
    "transactionAmt": "1.15",
    "paymentTypeName": "Coins",
    "transactionStatusCode": null,
    "meterManufacturerName": "IPS",
    "blockNbr": 1400,
    "sourceStreetDisplayName": "CRYSTAL DR",
    "sideDirectionName": "West",
    "latitudeCrd": "38.86117209",
    "longitudeCrd": "-77.04944405",
    "statePlaneXCrd": "11895944.13937500",
    "statePlaneYCrd": "6999935.25000000",
    "handicapInd": true,
    "timeRestrictionDsc": "MON - FRI 8AM - 8PM",
    "maxHoursCnt": "12.0",
    "meterTypeDsc": "Single",
    "dollarPerHourRate": "1.50",
    "activeStatusInd": true,
    "zoneSpaceCnt": "2.00",
    "metroAreaName": "Crystal City"
  },
  {
    "parkingTransactionKey": 145,
    "transactionSourceCode": "IPS",
    "meterId": "CRH1400S",
    "zoneNbr": "54090",
    "startDtm": "2015-12-31T07:04:18.000Z",
    "endDtm": "2015-12-31T09:51:16.000Z",
    "transactionAmt": "0.80",
    "paymentTypeName": "Coins",
    "transactionStatusCode": null,
    "meterManufacturerName": "IPS",
    "blockNbr": 1400,
    "sourceStreetDisplayName": "CRYSTAL DR",
    "sideDirectionName": "West",
    "latitudeCrd": "38.86117209",
    "longitudeCrd": "-77.04944405",
    "statePlaneXCrd": "11895944.13937500",
    "statePlaneYCrd": "6999935.25000000",
    "handicapInd": true,
    "timeRestrictionDsc": "MON - FRI 8AM - 8PM",
    "maxHoursCnt": "12.0",
    "meterTypeDsc": "Single",
    "dollarPerHourRate": "1.50",
    "activeStatusInd": true,
    "zoneSpaceCnt": "2.00",
    "metroAreaName": "Crystal City"
  },
  {
    "parkingTransactionKey": 146,
    "transactionSourceCode": "IPS",
    "meterId": "CRH1400S",
    "zoneNbr": "54090",
    "startDtm": "2015-12-31T07:04:05.000Z",
    "endDtm": "2015-12-31T09:03:11.000Z",
    "transactionAmt": "0.95",
    "paymentTypeName": "Coins",
    "transactionStatusCode": null,
    "meterManufacturerName": "IPS",
    "blockNbr": 1400,
    "sourceStreetDisplayName": "CRYSTAL DR",
    "sideDirectionName": "West",
    "latitudeCrd": "38.86117209",
    "longitudeCrd": "-77.04944405",
    "statePlaneXCrd": "11895944.13937500",
    "statePlaneYCrd": "6999935.25000000",
    "handicapInd": true,
    "timeRestrictionDsc": "MON - FRI 8AM - 8PM",
    "maxHoursCnt": "12.0",
    "meterTypeDsc": "Single",
    "dollarPerHourRate": "1.50",
    "activeStatusInd": true,
    "zoneSpaceCnt": "2.00",
    "metroAreaName": "Crystal City"
  },
  {
    "parkingTransactionKey": 147,
    "transactionSourceCode": "IPS",
    "meterId": "CRH1400S",
    "zoneNbr": "54090",
    "startDtm": "2015-12-31T07:03:50.000Z",
    "endDtm": "2015-12-31T08:06:06.000Z",
    "transactionAmt": "0.10",
    "paymentTypeName": "Coins",
    "transactionStatusCode": null,
    "meterManufacturerName": "IPS",
    "blockNbr": 1400,
    "sourceStreetDisplayName": "CRYSTAL DR",
    "sideDirectionName": "West",
    "latitudeCrd": "38.86117209",
    "longitudeCrd": "-77.04944405",
    "statePlaneXCrd": "11895944.13937500",
    "statePlaneYCrd": "6999935.25000000",
    "handicapInd": true,
    "timeRestrictionDsc": "MON - FRI 8AM - 8PM",
    "maxHoursCnt": "12.0",
    "meterTypeDsc": "Single",
    "dollarPerHourRate": "1.50",
    "activeStatusInd": true,
    "zoneSpaceCnt": "2.00",
    "metroAreaName": "Crystal City"
  },
  {
    "parkingTransactionKey": 162,
    "transactionSourceCode": "IPS",
    "meterId": "MRH908N",
    "zoneNbr": "54194",
    "startDtm": "2016-12-31T19:03:38.000Z",
    "endDtm": "2016-12-31T19:03:38.000Z",
    "transactionAmt": "0.15",
    "paymentTypeName": "Coins",
    "transactionStatusCode": null,
    "meterManufacturerName": "IPS",
    "blockNbr": 900,
    "sourceStreetDisplayName": "N MONROE ST",
    "sideDirectionName": "East",
    "latitudeCrd": "38.88298741",
    "longitudeCrd": "-77.10320997",
    "statePlaneXCrd": "11880515.99875000",
    "statePlaneYCrd": "7007639.23625000",
    "handicapInd": true,
    "timeRestrictionDsc": "MON - SAT 8AM - 8PM",
    "maxHoursCnt": "4.0",
    "meterTypeDsc": "Single",
    "dollarPerHourRate": "1.50",
    "activeStatusInd": false,
    "zoneSpaceCnt": "2.00",
    "metroAreaName": "Virginia Square"
  },
  {
    "parkingTransactionKey": 163,
    "transactionSourceCode": "IPS",
    "meterId": "CLAH2310S",
    "zoneNbr": "54061",
    "startDtm": "2016-12-31T17:57:35.000Z",
    "endDtm": "2016-12-31T18:00:06.000Z",
    "transactionAmt": "0.15",
    "paymentTypeName": "Coins",
    "transactionStatusCode": null,
    "meterManufacturerName": "IPS",
    "blockNbr": 2300,
    "sourceStreetDisplayName": "S CLARK ST",
    "sideDirectionName": "West",
    "latitudeCrd": "38.85270628",
    "longitudeCrd": "-77.05210596",
    "statePlaneXCrd": "11895235.58437500",
    "statePlaneYCrd": "6996837.61187500",
    "handicapInd": true,
    "timeRestrictionDsc": "MON - SAT 8AM - 8PM",
    "maxHoursCnt": "4.0",
    "meterTypeDsc": "Single",
    "dollarPerHourRate": "1.50",
    "activeStatusInd": false,
    "zoneSpaceCnt": "5.00",
    "metroAreaName": "Crystal City"
  },
  {
    "parkingTransactionKey": 164,
    "transactionSourceCode": "IPS",
    "meterId": "CLAH2310S",
    "zoneNbr": "54061",
    "startDtm": "2016-12-31T17:56:37.000Z",
    "endDtm": "2016-12-31T17:58:37.000Z",
    "transactionAmt": "0.05",
    "paymentTypeName": "Coins",
    "transactionStatusCode": null,
    "meterManufacturerName": "IPS",
    "blockNbr": 2300,
    "sourceStreetDisplayName": "S CLARK ST",
    "sideDirectionName": "West",
    "latitudeCrd": "38.85270628",
    "longitudeCrd": "-77.05210596",
    "statePlaneXCrd": "11895235.58437500",
    "statePlaneYCrd": "6996837.61187500",
    "handicapInd": true,
    "timeRestrictionDsc": "MON - SAT 8AM - 8PM",
    "maxHoursCnt": "4.0",
    "meterTypeDsc": "Single",
    "dollarPerHourRate": "1.50",
    "activeStatusInd": false,
    "zoneSpaceCnt": "5.00",
    "metroAreaName": "Crystal City"
  },
  {
    "parkingTransactionKey": 1,
    "transactionSourceCode": "IPS",
    "meterId": "CRH2504S",
    "zoneNbr": "54065",
    "startDtm": "2015-12-31T17:46:32.000Z",
    "endDtm": "2015-12-31T17:56:32.000Z",
    "transactionAmt": "0.25",
    "paymentTypeName": "Coins",
    "transactionStatusCode": null,
    "meterManufacturerName": "IPS",
    "blockNbr": 2500,
    "sourceStreetDisplayName": "CRYSTAL DR",
    "sideDirectionName": "West",
    "latitudeCrd": "38.85109779",
    "longitudeCrd": "-77.05030552",
    "statePlaneXCrd": "11895756.80562500",
    "statePlaneYCrd": "6996262.78625000",
    "handicapInd": true,
    "timeRestrictionDsc": "MON - SAT 8AM - 8PM",
    "maxHoursCnt": "4.0",
    "meterTypeDsc": "Single",
    "dollarPerHourRate": "1.75",
    "activeStatusInd": true,
    "zoneSpaceCnt": "4.00",
    "metroAreaName": "Crystal City"
  },
  {
    "parkingTransactionKey": 7,
    "transactionSourceCode": "IPS",
    "meterId": "WIH3101N",
    "zoneNbr": "54307",
    "startDtm": "2015-12-31T17:33:51.000Z",
    "endDtm": "2015-12-31T17:57:51.000Z",
    "transactionAmt": "0.60",
    "paymentTypeName": "Coins",
    "transactionStatusCode": null,
    "meterManufacturerName": "IPS",
    "blockNbr": 3100,
    "sourceStreetDisplayName": "WILSON BLVD",
    "sideDirectionName": "North",
    "latitudeCrd": "38.88707055",
    "longitudeCrd": "-77.09563209",
    "statePlaneXCrd": "11882650.13937500",
    "statePlaneYCrd": "7009159.05625001",
    "handicapInd": true,
    "timeRestrictionDsc": "MON-SAT 8AM-6PM",
    "maxHoursCnt": "4.0",
    "meterTypeDsc": "Single",
    "dollarPerHourRate": "1.50",
    "activeStatusInd": false,
    "zoneSpaceCnt": "1.00",
    "metroAreaName": "Clarendon"
  },
  {
    "parkingTransactionKey": 8,
    "transactionSourceCode": "IPS",
    "meterId": "FAH4312N",
    "zoneNbr": "54163",
    "startDtm": "2015-12-31T17:12:10.000Z",
    "endDtm": "2015-12-31T18:00:00.000Z",
    "transactionAmt": "1.25",
    "paymentTypeName": "Credit Card",
    "transactionStatusCode": "Approved",
    "meterManufacturerName": "IPS",
    "blockNbr": 4300,
    "sourceStreetDisplayName": "FAIRFAX DR",
    "sideDirectionName": "East",
    "latitudeCrd": "38.88198287",
    "longitudeCrd": "-77.11512619",
    "statePlaneXCrd": "11877129.80375000",
    "statePlaneYCrd": "7007222.03312500",
    "handicapInd": true,
    "timeRestrictionDsc": "MON - SAT 8AM - 8PM",
    "maxHoursCnt": "2.0",
    "meterTypeDsc": "Double",
    "dollarPerHourRate": "1.50",
    "activeStatusInd": false,
    "zoneSpaceCnt": "1.00",
    "metroAreaName": "Ballston"
  },
  {
    "parkingTransactionKey": 12,
    "transactionSourceCode": "IPS",
    "meterId": "QUH2717S",
    "zoneNbr": "54016",
    "startDtm": "2015-12-31T17:03:07.000Z",
    "endDtm": "2015-12-31T17:47:50.000Z",
    "transactionAmt": "0.50",
    "paymentTypeName": "Coins",
    "transactionStatusCode": null,
    "meterManufacturerName": "IPS",
    "blockNbr": 2700,
    "sourceStreetDisplayName": "S QUINCY ST",
    "sideDirectionName": "East",
    "latitudeCrd": "38.84110327",
    "longitudeCrd": "-77.08659037",
    "statePlaneXCrd": "11885480.57000000",
    "statePlaneYCrd": "6992462.10625000",
    "handicapInd": true,
    "timeRestrictionDsc": "MON - SAT 8AM - 8PM",
    "maxHoursCnt": "4.0",
    "meterTypeDsc": "Single",
    "dollarPerHourRate": "1.75",
    "activeStatusInd": true,
    "zoneSpaceCnt": "1.00",
    "metroAreaName": "Shirlington"
  },
  {
    "parkingTransactionKey": 15,
    "transactionSourceCode": "IPS",
    "meterId": "QUH2808S",
    "zoneNbr": "54018",
    "startDtm": "2015-12-31T16:53:11.000Z",
    "endDtm": "2015-12-31T16:59:11.000Z",
    "transactionAmt": "0.15",
    "paymentTypeName": "Coins",
    "transactionStatusCode": null,
    "meterManufacturerName": "IPS",
    "blockNbr": 2800,
    "sourceStreetDisplayName": "S QUINCY ST",
    "sideDirectionName": "West",
    "latitudeCrd": "38.84038825",
    "longitudeCrd": "-77.08692946",
    "statePlaneXCrd": "11885388.00562500",
    "statePlaneYCrd": "6992200.23999999",
    "handicapInd": true,
    "timeRestrictionDsc": "MON - SAT 8AM - 8PM",
    "maxHoursCnt": "1.0",
    "meterTypeDsc": "Single",
    "dollarPerHourRate": "1.75",
    "activeStatusInd": true,
    "zoneSpaceCnt": "1.00",
    "metroAreaName": "Shirlington"
  },
  {
    "parkingTransactionKey": 16,
    "transactionSourceCode": "IPS",
    "meterId": "316N",
    "zoneNbr": "54469",
    "startDtm": "2015-12-31T16:47:10.000Z",
    "endDtm": "2015-12-31T17:47:10.000Z",
    "transactionAmt": "0.25",
    "paymentTypeName": "Coins",
    "transactionStatusCode": null,
    "meterManufacturerName": "IPS",
    "blockNbr": 1400,
    "sourceStreetDisplayName": "N COURTHOUSE RD",
    "sideDirectionName": "North",
    "latitudeCrd": "38.89058628",
    "longitudeCrd": "-77.08463867",
    "statePlaneXCrd": "11885759.26625000",
    "statePlaneYCrd": "7010487.39375000",
    "handicapInd": false,
    "timeRestrictionDsc": "MON - FRI 8AM - 8PM, SAT 6AM - 12PM",
    "maxHoursCnt": "1.0",
    "meterTypeDsc": "Single",
    "dollarPerHourRate": "1.75",
    "activeStatusInd": false,
    "zoneSpaceCnt": "2.00",
    "metroAreaName": "Courthouse"
  },
  {
    "parkingTransactionKey": 17,
    "transactionSourceCode": "IPS",
    "meterId": "316N",
    "zoneNbr": "54469",
    "startDtm": "2015-12-31T16:46:52.000Z",
    "endDtm": "2015-12-31T17:46:52.000Z",
    "transactionAmt": "1.75",
    "paymentTypeName": "Coins",
    "transactionStatusCode": null,
    "meterManufacturerName": "IPS",
    "blockNbr": 1400,
    "sourceStreetDisplayName": "N COURTHOUSE RD",
    "sideDirectionName": "North",
    "latitudeCrd": "38.89058628",
    "longitudeCrd": "-77.08463867",
    "statePlaneXCrd": "11885759.26625000",
    "statePlaneYCrd": "7010487.39375000",
    "handicapInd": false,
    "timeRestrictionDsc": "MON - FRI 8AM - 8PM, SAT 6AM - 12PM",
    "maxHoursCnt": "1.0",
    "meterTypeDsc": "Single",
    "dollarPerHourRate": "1.75",
    "activeStatusInd": false,
    "zoneSpaceCnt": "2.00",
    "metroAreaName": "Courthouse"
  },
  {
    "parkingTransactionKey": 23,
    "transactionSourceCode": "IPS",
    "meterId": "CBH1701N",
    "zoneNbr": "54487",
    "startDtm": "2015-12-31T16:23:19.000Z",
    "endDtm": "2015-12-31T16:33:19.000Z",
    "transactionAmt": "0.25",
    "paymentTypeName": "Coins",
    "transactionStatusCode": null,
    "meterManufacturerName": "IPS",
    "blockNbr": 1700,
    "sourceStreetDisplayName": "CLARENDON BLVD",
    "sideDirectionName": "North",
    "latitudeCrd": "38.89315190",
    "longitudeCrd": "-77.07834471",
    "statePlaneXCrd": "11887535.34937500",
    "statePlaneYCrd": "7011452.18625000",
    "handicapInd": true,
    "timeRestrictionDsc": "MON - SAT 8AM - 8PM",
    "maxHoursCnt": "4.0",
    "meterTypeDsc": "Single",
    "dollarPerHourRate": "1.75",
    "activeStatusInd": true,
    "zoneSpaceCnt": "1.00",
    "metroAreaName": "Rosslyn"
  },
  {
    "parkingTransactionKey": 32,
    "transactionSourceCode": "IPS",
    "meterId": "QUH2717S",
    "zoneNbr": "54016",
    "startDtm": "2015-12-31T15:47:48.000Z",
    "endDtm": "2015-12-31T17:27:48.000Z",
    "transactionAmt": "2.50",
    "paymentTypeName": "Credit Card",
    "transactionStatusCode": "Approved",
    "meterManufacturerName": "IPS",
    "blockNbr": 2700,
    "sourceStreetDisplayName": "S QUINCY ST",
    "sideDirectionName": "East",
    "latitudeCrd": "38.84110327",
    "longitudeCrd": "-77.08659037",
    "statePlaneXCrd": "11885480.57000000",
    "statePlaneYCrd": "6992462.10625000",
    "handicapInd": true,
    "timeRestrictionDsc": "MON - SAT 8AM - 8PM",
    "maxHoursCnt": "4.0",
    "meterTypeDsc": "Single",
    "dollarPerHourRate": "1.75",
    "activeStatusInd": true,
    "zoneSpaceCnt": "1.00",
    "metroAreaName": "Shirlington"
  },
  {
    "parkingTransactionKey": 34,
    "transactionSourceCode": "IPS",
    "meterId": "191108N",
    "zoneNbr": "54520",
    "startDtm": "2015-12-31T15:33:18.000Z",
    "endDtm": "2015-12-31T15:53:18.000Z",
    "transactionAmt": "0.50",
    "paymentTypeName": "Coins",
    "transactionStatusCode": null,
    "meterManufacturerName": "IPS",
    "blockNbr": 1100,
    "sourceStreetDisplayName": "19TH ST N",
    "sideDirectionName": "East",
    "latitudeCrd": "38.89699404",
    "longitudeCrd": "-77.07006334",
    "statePlaneXCrd": "11889871.03187500",
    "statePlaneYCrd": "7012885.11437500",
    "handicapInd": false,
    "timeRestrictionDsc": "MON-SAT 8AM-6PM",
    "maxHoursCnt": "4.0",
    "meterTypeDsc": "Double",
    "dollarPerHourRate": "1.50",
    "activeStatusInd": false,
    "zoneSpaceCnt": "5.00",
    "metroAreaName": "Rosslyn"
  },
  {
    "parkingTransactionKey": 37,
    "transactionSourceCode": "IPS",
    "meterId": "UL1404N",
    "zoneNbr": "54407",
    "startDtm": "2015-12-31T15:22:54.000Z",
    "endDtm": "2015-12-31T16:22:54.000Z",
    "transactionAmt": "1.75",
    "paymentTypeName": "Coins",
    "transactionStatusCode": null,
    "meterManufacturerName": "IPS",
    "blockNbr": 1400,
    "sourceStreetDisplayName": "N UHLE ST",
    "sideDirectionName": "West",
    "latitudeCrd": "38.88972294",
    "longitudeCrd": "-77.08472889",
    "statePlaneXCrd": "11885737.73750000",
    "statePlaneYCrd": "7010175.42874999",
    "handicapInd": false,
    "timeRestrictionDsc": "MON - SAT 8AM - 8PM",
    "maxHoursCnt": "1.0",
    "meterTypeDsc": "Double",
    "dollarPerHourRate": "1.75",
    "activeStatusInd": true,
    "zoneSpaceCnt": "5.00",
    "metroAreaName": "Courthouse"
  }
]
[2024-10-20 14:34:32,508] {taskinstance.py:1400} INFO - Marking task as SUCCESS. dag_id=parking_pipeline, task_id=extract_user, execution_date=20241020T143225, start_date=20241020T143431, end_date=20241020T143432
[2024-10-20 14:34:32,561] {local_task_job.py:156} INFO - Task exited with return code 0
[2024-10-20 14:34:32,608] {local_task_job.py:273} INFO - 1 downstream tasks scheduled from follow-on schedule check
