[2024-10-20 15:02:32,921] {taskinstance.py:1159} INFO - Dependencies all met for <TaskInstance: parking_pipeline.transform_data scheduled__2024-10-20T15:00:26.233770+00:00 [queued]>
[2024-10-20 15:02:32,933] {taskinstance.py:1159} INFO - Dependencies all met for <TaskInstance: parking_pipeline.transform_data scheduled__2024-10-20T15:00:26.233770+00:00 [queued]>
[2024-10-20 15:02:32,934] {taskinstance.py:1356} INFO - 
--------------------------------------------------------------------------------
[2024-10-20 15:02:32,934] {taskinstance.py:1357} INFO - Starting attempt 1 of 2
[2024-10-20 15:02:32,935] {taskinstance.py:1358} INFO - 
--------------------------------------------------------------------------------
[2024-10-20 15:02:32,951] {taskinstance.py:1377} INFO - Executing <Task(PythonOperator): transform_data> on 2024-10-20 15:00:26.233770+00:00
[2024-10-20 15:02:32,959] {standard_task_runner.py:52} INFO - Started process 3458 to run task
[2024-10-20 15:02:32,961] {standard_task_runner.py:79} INFO - Running: ['***', 'tasks', 'run', 'parking_pipeline', 'transform_data', 'scheduled__2024-10-20T15:00:26.233770+00:00', '--job-id', '338', '--raw', '--subdir', 'DAGS_FOLDER/parking_dag.py', '--cfg-path', '/tmp/tmpkzk98wij', '--error-file', '/tmp/tmpfdyp3d0y']
[2024-10-20 15:02:32,962] {standard_task_runner.py:80} INFO - Job 338: Subtask transform_data
[2024-10-20 15:02:33,021] {task_command.py:369} INFO - Running <TaskInstance: parking_pipeline.transform_data scheduled__2024-10-20T15:00:26.233770+00:00 [running]> on host 4047801f839c
[2024-10-20 15:02:33,103] {taskinstance.py:1571} INFO - Exporting the following env vars:
AIRFLOW_CTX_DAG_OWNER=Airflow
AIRFLOW_CTX_DAG_ID=parking_pipeline
AIRFLOW_CTX_TASK_ID=transform_data
AIRFLOW_CTX_EXECUTION_DATE=2024-10-20T15:00:26.233770+00:00
AIRFLOW_CTX_TRY_NUMBER=1
AIRFLOW_CTX_DAG_RUN_ID=scheduled__2024-10-20T15:00:26.233770+00:00
[2024-10-20 15:02:33,136] {python.py:173} INFO - Done. Returned value was: None
[2024-10-20 15:02:33,150] {taskinstance.py:1400} INFO - Marking task as SUCCESS. dag_id=parking_pipeline, task_id=transform_data, execution_date=20241020T150026, start_date=20241020T150232, end_date=20241020T150233
[2024-10-20 15:02:33,175] {local_task_job.py:156} INFO - Task exited with return code 0
[2024-10-20 15:02:33,216] {local_task_job.py:273} INFO - 1 downstream tasks scheduled from follow-on schedule check
