[2024-10-29 02:22:20,279] {taskinstance.py:1159} INFO - Dependencies all met for <TaskInstance: parking_pipeline.is_api_available scheduled__2024-10-29T02:18:36.903345+00:00 [queued]>
[2024-10-29 02:22:20,291] {taskinstance.py:1159} INFO - Dependencies all met for <TaskInstance: parking_pipeline.is_api_available scheduled__2024-10-29T02:18:36.903345+00:00 [queued]>
[2024-10-29 02:22:20,291] {taskinstance.py:1356} INFO - 
--------------------------------------------------------------------------------
[2024-10-29 02:22:20,292] {taskinstance.py:1357} INFO - Starting attempt 1 of 2
[2024-10-29 02:22:20,292] {taskinstance.py:1358} INFO - 
--------------------------------------------------------------------------------
[2024-10-29 02:22:20,309] {taskinstance.py:1377} INFO - Executing <Task(HttpSensor): is_api_available> on 2024-10-29 02:18:36.903345+00:00
[2024-10-29 02:22:20,316] {standard_task_runner.py:52} INFO - Started process 73 to run task
[2024-10-29 02:22:20,319] {standard_task_runner.py:79} INFO - Running: ['***', 'tasks', 'run', 'parking_pipeline', 'is_api_available', 'scheduled__2024-10-29T02:18:36.903345+00:00', '--job-id', '454', '--raw', '--subdir', 'DAGS_FOLDER/parking_dag.py', '--cfg-path', '/tmp/tmpf72l9nyv', '--error-file', '/tmp/tmp7l79d2rb']
[2024-10-29 02:22:20,320] {standard_task_runner.py:80} INFO - Job 454: Subtask is_api_available
[2024-10-29 02:22:20,398] {task_command.py:369} INFO - Running <TaskInstance: parking_pipeline.is_api_available scheduled__2024-10-29T02:18:36.903345+00:00 [running]> on host 34572bdb7b7c
[2024-10-29 02:22:20,497] {taskinstance.py:1571} INFO - Exporting the following env vars:
AIRFLOW_CTX_DAG_OWNER=Airflow
AIRFLOW_CTX_DAG_ID=parking_pipeline
AIRFLOW_CTX_TASK_ID=is_api_available
AIRFLOW_CTX_EXECUTION_DATE=2024-10-29T02:18:36.903345+00:00
AIRFLOW_CTX_TRY_NUMBER=1
AIRFLOW_CTX_DAG_RUN_ID=scheduled__2024-10-29T02:18:36.903345+00:00
[2024-10-29 02:22:20,499] {http.py:97} INFO - Poking: 
[2024-10-29 02:22:20,512] {base.py:68} INFO - Using connection ID 'is_api_available' for task execution.
[2024-10-29 02:22:20,514] {http.py:129} INFO - Sending 'GET' to url: https://datahub-v2.arlingtonva.us/api/ParkingMeter/ParkingTransactions
[2024-10-29 02:22:21,505] {base.py:301} INFO - Success criteria met. Exiting.
[2024-10-29 02:22:21,519] {taskinstance.py:1400} INFO - Marking task as SUCCESS. dag_id=parking_pipeline, task_id=is_api_available, execution_date=20241029T021836, start_date=20241029T022220, end_date=20241029T022221
[2024-10-29 02:22:21,578] {local_task_job.py:156} INFO - Task exited with return code 0
[2024-10-29 02:22:21,611] {dagrun.py:648} WARNING - Failed to get task '<TaskInstance: parking_pipeline.branch_storage_format scheduled__2024-10-29T02:18:36.903345+00:00 [None]>' for dag 'parking_pipeline'. Marking it as removed.
[2024-10-29 02:22:21,635] {local_task_job.py:273} INFO - 1 downstream tasks scheduled from follow-on schedule check
