[2024-10-20 14:46:33,742] {taskinstance.py:1159} INFO - Dependencies all met for <TaskInstance: parking_pipeline.transform_data scheduled__2024-10-20T14:44:26.233770+00:00 [queued]>
[2024-10-20 14:46:33,754] {taskinstance.py:1159} INFO - Dependencies all met for <TaskInstance: parking_pipeline.transform_data scheduled__2024-10-20T14:44:26.233770+00:00 [queued]>
[2024-10-20 14:46:33,755] {taskinstance.py:1356} INFO - 
--------------------------------------------------------------------------------
[2024-10-20 14:46:33,756] {taskinstance.py:1357} INFO - Starting attempt 1 of 2
[2024-10-20 14:46:33,756] {taskinstance.py:1358} INFO - 
--------------------------------------------------------------------------------
[2024-10-20 14:46:33,773] {taskinstance.py:1377} INFO - Executing <Task(PythonOperator): transform_data> on 2024-10-20 14:44:26.233770+00:00
[2024-10-20 14:46:33,780] {standard_task_runner.py:52} INFO - Started process 2608 to run task
[2024-10-20 14:46:33,783] {standard_task_runner.py:79} INFO - Running: ['***', 'tasks', 'run', 'parking_pipeline', 'transform_data', 'scheduled__2024-10-20T14:44:26.233770+00:00', '--job-id', '298', '--raw', '--subdir', 'DAGS_FOLDER/parking_dag.py', '--cfg-path', '/tmp/tmpwoijzw9o', '--error-file', '/tmp/tmpk002spnt']
[2024-10-20 14:46:33,785] {standard_task_runner.py:80} INFO - Job 298: Subtask transform_data
[2024-10-20 14:46:33,840] {task_command.py:369} INFO - Running <TaskInstance: parking_pipeline.transform_data scheduled__2024-10-20T14:44:26.233770+00:00 [running]> on host 4047801f839c
[2024-10-20 14:46:33,921] {taskinstance.py:1571} INFO - Exporting the following env vars:
AIRFLOW_CTX_DAG_OWNER=Airflow
AIRFLOW_CTX_DAG_ID=parking_pipeline
AIRFLOW_CTX_TASK_ID=transform_data
AIRFLOW_CTX_EXECUTION_DATE=2024-10-20T14:44:26.233770+00:00
AIRFLOW_CTX_TRY_NUMBER=1
AIRFLOW_CTX_DAG_RUN_ID=scheduled__2024-10-20T14:44:26.233770+00:00
[2024-10-20 14:46:33,951] {python.py:173} INFO - Done. Returned value was: None
[2024-10-20 14:46:33,965] {taskinstance.py:1400} INFO - Marking task as SUCCESS. dag_id=parking_pipeline, task_id=transform_data, execution_date=20241020T144426, start_date=20241020T144633, end_date=20241020T144633
[2024-10-20 14:46:33,995] {local_task_job.py:156} INFO - Task exited with return code 0
[2024-10-20 14:46:34,035] {local_task_job.py:273} INFO - 1 downstream tasks scheduled from follow-on schedule check
