[2022-12-28 20:16:52,968] {taskinstance.py:1159} INFO - Dependencies all met for <TaskInstance: parking_pipeline.extract_user scheduled__2022-12-28T20:14:49.991735+00:00 [queued]>
[2022-12-28 20:16:52,975] {taskinstance.py:1159} INFO - Dependencies all met for <TaskInstance: parking_pipeline.extract_user scheduled__2022-12-28T20:14:49.991735+00:00 [queued]>
[2022-12-28 20:16:52,976] {taskinstance.py:1356} INFO - 
--------------------------------------------------------------------------------
[2022-12-28 20:16:52,976] {taskinstance.py:1357} INFO - Starting attempt 1 of 2
[2022-12-28 20:16:52,977] {taskinstance.py:1358} INFO - 
--------------------------------------------------------------------------------
[2022-12-28 20:16:52,986] {taskinstance.py:1377} INFO - Executing <Task(SimpleHttpOperator): extract_user> on 2022-12-28 20:14:49.991735+00:00
[2022-12-28 20:16:52,991] {standard_task_runner.py:52} INFO - Started process 821 to run task
[2022-12-28 20:16:52,998] {standard_task_runner.py:79} INFO - Running: ['***', 'tasks', 'run', 'parking_pipeline', 'extract_user', 'scheduled__2022-12-28T20:14:49.991735+00:00', '--job-id', '46', '--raw', '--subdir', 'DAGS_FOLDER/parking_dag.py', '--cfg-path', '/tmp/tmpb7e932ag', '--error-file', '/tmp/tmpokkr8q2k']
[2022-12-28 20:16:52,999] {standard_task_runner.py:80} INFO - Job 46: Subtask extract_user
[2022-12-28 20:16:53,052] {task_command.py:369} INFO - Running <TaskInstance: parking_pipeline.extract_user scheduled__2022-12-28T20:14:49.991735+00:00 [running]> on host 8be693a2d03b
[2022-12-28 20:16:53,116] {taskinstance.py:1571} INFO - Exporting the following env vars:
AIRFLOW_CTX_DAG_OWNER=Airflow
AIRFLOW_CTX_DAG_ID=parking_pipeline
AIRFLOW_CTX_TASK_ID=extract_user
AIRFLOW_CTX_EXECUTION_DATE=2022-12-28T20:14:49.991735+00:00
AIRFLOW_CTX_TRY_NUMBER=1
AIRFLOW_CTX_DAG_RUN_ID=scheduled__2022-12-28T20:14:49.991735+00:00
[2022-12-28 20:16:53,118] {http.py:102} INFO - Calling HTTP method
[2022-12-28 20:16:53,128] {base.py:68} INFO - Using connection ID 'is_api_available' for task execution.
[2022-12-28 20:16:53,130] {http.py:129} INFO - Sending 'GET' to url: https://datahub-v2.arlingtonva.us/api/ParkingMeter/ParkingTransactions/?$top=50
[2022-12-28 20:16:53,286] {http.py:106} INFO - [
  {
    "parkingTransactionKey": 9,
    "transactionSourceCode": "IPS",
    "meterId": "QUH2717S",
    "zoneNbr": "54016",
    "startDtm": "2015-12-31T17:03:37.000Z",
    "endDtm": "2015-12-31T18:00:01.000Z",
    "transactionAmt": "0.25",
    "paymentTypeName": "Coins",
    "transactionStatusCode": null,
    "meterManufacturerName": "IPS",
    "blockNbr": 2700,
    "sourceStreetDisplayName": "S QUINCY ST",
    "sideDirectionName": "East",
    "latitudeCrd": "38.84111105",
    "longitudeCrd": "-77.08659267",
    "statePlaneXCrd": "11885480.57000000",
    "statePlaneYCrd": "6992462.10625000",
    "handicapInd": true,
    "timeRestrictionDsc": "MON-SAT 8AM-6PM",
    "maxHoursCnt": "4.0",
    "meterTypeDsc": "Single",
    "dollarPerHourRate": "1.25",
    "activeStatusInd": true,
    "zoneSpaceCnt": "1.00",
    "metroAreaName": "Shirlington"
  },
  {
    "parkingTransactionKey": 20,
    "transactionSourceCode": "IPS",
    "meterId": "CBH1701N",
    "zoneNbr": "54487",
    "startDtm": "2015-12-31T16:36:54.000Z",
    "endDtm": "2015-12-31T16:46:54.000Z",
    "transactionAmt": "0.25",
    "paymentTypeName": "Coins",
    "transactionStatusCode": null,
    "meterManufacturerName": "IPS",
    "blockNbr": 1700,
    "sourceStreetDisplayName": "CLARENDON BLVD",
    "sideDirectionName": "North",
    "latitudeCrd": "38.89315968",
    "longitudeCrd": "-77.07834702",
    "statePlaneXCrd": "11887535.34937500",
    "statePlaneYCrd": "7011452.18625000",
    "handicapInd": true,
    "timeRestrictionDsc": "MON-SAT 8AM-6PM",
    "maxHoursCnt": "4.0",
    "meterTypeDsc": "Single",
    "dollarPerHourRate": "1.25",
    "activeStatusInd": true,
    "zoneSpaceCnt": "1.00",
    "metroAreaName": "Rosslyn"
  },
  {
    "parkingTransactionKey": 32,
    "transactionSourceCode": "IPS",
    "meterId": "QUH2717S",
    "zoneNbr": "54016",
    "startDtm": "2015-12-31T15:47:48.000Z",
    "endDtm": "2015-12-31T17:27:48.000Z",
    "transactionAmt": "2.50",
    "paymentTypeName": "Credit Card",
    "transactionStatusCode": "Approved",
    "meterManufacturerName": "IPS",
    "blockNbr": 2700,
    "sourceStreetDisplayName": "S QUINCY ST",
    "sideDirectionName": "East",
    "latitudeCrd": "38.84111105",
    "longitudeCrd": "-77.08659267",
    "statePlaneXCrd": "11885480.57000000",
    "statePlaneYCrd": "6992462.10625000",
    "handicapInd": true,
    "timeRestrictionDsc": "MON-SAT 8AM-6PM",
    "maxHoursCnt": "4.0",
    "meterTypeDsc": "Single",
    "dollarPerHourRate": "1.25",
    "activeStatusInd": true,
    "zoneSpaceCnt": "1.00",
    "metroAreaName": "Shirlington"
  },
  {
    "parkingTransactionKey": 51,
    "transactionSourceCode": "IPS",
    "meterId": "Spares (Arlington VA)",
    "zoneNbr": null,
    "startDtm": "2015-12-31T14:18:14.000Z",
    "endDtm": "2015-12-31T15:11:38.000Z",
    "transactionAmt": "0.25",
    "paymentTypeName": "Coins",
    "transactionStatusCode": null,
    "meterManufacturerName": null,
    "blockNbr": null,
    "sourceStreetDisplayName": null,
    "sideDirectionName": null,
    "latitudeCrd": null,
    "longitudeCrd": null,
    "statePlaneXCrd": null,
    "statePlaneYCrd": null,
    "handicapInd": null,
    "timeRestrictionDsc": null,
    "maxHoursCnt": null,
    "meterTypeDsc": null,
    "dollarPerHourRate": null,
    "activeStatusInd": false,
    "zoneSpaceCnt": null,
    "metroAreaName": null
  },
  {
    "parkingTransactionKey": 62,
    "transactionSourceCode": "IPS",
    "meterId": "H315N",
    "zoneNbr": "54468",
    "startDtm": "2015-12-31T13:49:42.000Z",
    "endDtm": "2015-12-31T15:05:26.000Z",
    "transactionAmt": "1.00",
    "paymentTypeName": "Coins",
    "transactionStatusCode": null,
    "meterManufacturerName": "IPS",
    "blockNbr": 1400,
    "sourceStreetDisplayName": "N COURTHOUSE RD",
    "sideDirectionName": "West",
    "latitudeCrd": "38.89039712",
    "longitudeCrd": "-77.08484048",
    "statePlaneXCrd": "11885702.89312500",
    "statePlaneYCrd": "7010417.62187500",
    "handicapInd": true,
    "timeRestrictionDsc": "MON - FRI 8AM - 8PM, SAT 6AM - 12PM",
    "maxHoursCnt": "12.0",
    "meterTypeDsc": "Single",
    "dollarPerHourRate": "1.50",
    "activeStatusInd": false,
    "zoneSpaceCnt": "3.00",
    "metroAreaName": "Courthouse"
  },
  {
    "parkingTransactionKey": 8,
    "transactionSourceCode": "IPS",
    "meterId": "FAH4312N",
    "zoneNbr": "54163",
    "startDtm": "2015-12-31T17:12:10.000Z",
    "endDtm": "2015-12-31T18:00:00.000Z",
    "transactionAmt": "1.25",
    "paymentTypeName": "Credit Card",
    "transactionStatusCode": "Approved",
    "meterManufacturerName": "IPS",
    "blockNbr": 4300,
    "sourceStreetDisplayName": "FAIRFAX DR",
    "sideDirectionName": "East",
    "latitudeCrd": "38.88198287",
    "longitudeCrd": "-77.11512619",
    "statePlaneXCrd": "11877129.80375000",
    "statePlaneYCrd": "7007222.03312500",
    "handicapInd": true,
    "timeRestrictionDsc": "MON-SAT 8AM-6PM",
    "maxHoursCnt": "12.0",
    "meterTypeDsc": "Double",
    "dollarPerHourRate": "1.25",
    "activeStatusInd": false,
    "zoneSpaceCnt": "1.00",
    "metroAreaName": "Ballston"
  },
  {
    "parkingTransactionKey": 14,
    "transactionSourceCode": "IPS",
    "meterId": "CRH2500S",
    "zoneNbr": "54065",
    "startDtm": "2015-12-31T16:57:39.000Z",
    "endDtm": "2015-12-31T18:00:01.000Z",
    "transactionAmt": "1.75",
    "paymentTypeName": "Coins",
    "transactionStatusCode": null,
    "meterManufacturerName": "IPS",
    "blockNbr": 2500,
    "sourceStreetDisplayName": "CRYSTAL DR",
    "sideDirectionName": "West",
    "latitudeCrd": "38.85120916",
    "longitudeCrd": "-77.05026149",
    "statePlaneXCrd": "11895769.40187500",
    "statePlaneYCrd": "6996300.72125000",
    "handicapInd": true,
    "timeRestrictionDsc": "MON-SAT 8AM-6PM",
    "maxHoursCnt": "4.0",
    "meterTypeDsc": "Double",
    "dollarPerHourRate": "1.25",
    "activeStatusInd": true,
    "zoneSpaceCnt": "2.00",
    "metroAreaName": "Crystal City"
  },
  {
    "parkingTransactionKey": 39,
    "transactionSourceCode": "IPS",
    "meterId": "ULH1412N",
    "zoneNbr": "54408",
    "startDtm": "2015-12-31T15:04:19.000Z",
    "endDtm": "2015-12-31T17:04:19.000Z",
    "transactionAmt": "1.35",
    "paymentTypeName": "Coins",
    "transactionStatusCode": null,
    "meterManufacturerName": "IPS",
    "blockNbr": 1400,
    "sourceStreetDisplayName": "N UHLE ST",
    "sideDirectionName": "West",
    "latitudeCrd": "38.88985375",
    "longitudeCrd": "-77.08474623",
    "statePlaneXCrd": "11885732.76812500",
    "statePlaneYCrd": "7010220.16374999",
    "handicapInd": true,
    "timeRestrictionDsc": "MON - SAT 8AM - 8PM",
    "maxHoursCnt": "1.0",
    "meterTypeDsc": "Single",
    "dollarPerHourRate": "1.75",
    "activeStatusInd": false,
    "zoneSpaceCnt": "2.00",
    "metroAreaName": "Courthouse"
  },
  {
    "parkingTransactionKey": 50,
    "transactionSourceCode": "IPS",
    "meterId": "RAH500N",
    "zoneNbr": "54634",
    "startDtm": "2015-12-31T14:26:41.000Z",
    "endDtm": "2015-12-31T18:00:00.000Z",
    "transactionAmt": "3.75",
    "paymentTypeName": "Credit Card",
    "transactionStatusCode": "Approved",
    "meterManufacturerName": "MacKay",
    "blockNbr": 500,
    "sourceStreetDisplayName": "N RANDOLPH ST",
    "sideDirectionName": "East",
    "latitudeCrd": "38.87762673",
    "longitudeCrd": "-77.10958651",
    "statePlaneXCrd": "11878730.61437500",
    "statePlaneYCrd": "7005659.54250000",
    "handicapInd": false,
    "timeRestrictionDsc": "MON-FRI 8AM-6PM",
    "maxHoursCnt": "12.0",
    "meterTypeDsc": "Single",
    "dollarPerHourRate": "1.00",
    "activeStatusInd": true,
    "zoneSpaceCnt": "2.00",
    "metroAreaName": "Ballston"
  },
  {
    "parkingTransactionKey": 67,
    "transactionSourceCode": "IPS",
    "meterId": "316N",
    "zoneNbr": "54469",
    "startDtm": "2015-12-31T13:29:43.000Z",
    "endDtm": "2015-12-31T13:57:33.000Z",
    "transactionAmt": "0.45",
    "paymentTypeName": "Coins",
    "transactionStatusCode": null,
    "meterManufacturerName": "IPS",
    "blockNbr": 1400,
    "sourceStreetDisplayName": "N COURTHOUSE RD",
    "sideDirectionName": "North",
    "latitudeCrd": "38.89058628",
    "longitudeCrd": "-77.08463867",
    "statePlaneXCrd": "11885759.26625000",
    "statePlaneYCrd": "7010487.39375000",
    "handicapInd": true,
    "timeRestrictionDsc": "MON - FRI 8AM - 8PM, SAT 6AM - 12PM",
    "maxHoursCnt": "1.0",
    "meterTypeDsc": "Single",
    "dollarPerHourRate": "1.75",
    "activeStatusInd": false,
    "zoneSpaceCnt": "3.00",
    "metroAreaName": "Courthouse"
  },
  {
    "parkingTransactionKey": 83,
    "transactionSourceCode": "IPS",
    "meterId": "Spares (Arlington VA)",
    "zoneNbr": null,
    "startDtm": "2015-12-31T12:49:13.000Z",
    "endDtm": "2015-12-31T14:29:13.000Z",
    "transactionAmt": "1.25",
    "paymentTypeName": "Credit Card",
    "transactionStatusCode": "Approved",
    "meterManufacturerName": null,
    "blockNbr": null,
    "sourceStreetDisplayName": null,
    "sideDirectionName": null,
    "latitudeCrd": null,
    "longitudeCrd": null,
    "statePlaneXCrd": null,
    "statePlaneYCrd": null,
    "handicapInd": null,
    "timeRestrictionDsc": null,
    "maxHoursCnt": null,
    "meterTypeDsc": null,
    "dollarPerHourRate": null,
    "activeStatusInd": false,
    "zoneSpaceCnt": null,
    "metroAreaName": null
  },
  {
    "parkingTransactionKey": 104,
    "transactionSourceCode": "IPS",
    "meterId": "191110N",
    "zoneNbr": "54520",
    "startDtm": "2015-12-31T11:58:42.000Z",
    "endDtm": "2015-12-31T12:04:41.000Z",
    "transactionAmt": "0.05",
    "paymentTypeName": "Coins",
    "transactionStatusCode": null,
    "meterManufacturerName": "IPS",
    "blockNbr": 1100,
    "sourceStreetDisplayName": "19TH ST N",
    "sideDirectionName": "East",
    "latitudeCrd": "38.89698831",
    "longitudeCrd": "-77.06995752",
    "statePlaneXCrd": "11889901.17875000",
    "statePlaneYCrd": "7012883.49937500",
    "handicapInd": false,
    "timeRestrictionDsc": "MON-SAT 8AM-6PM",
    "maxHoursCnt": "4.0",
    "meterTypeDsc": "Single",
    "dollarPerHourRate": "1.25",
    "activeStatusInd": true,
    "zoneSpaceCnt": "5.00",
    "metroAreaName": "Rosslyn"
  },
  {
    "parkingTransactionKey": 126,
    "transactionSourceCode": "IPS",
    "meterId": "Spares (Arlington VA)",
    "zoneNbr": null,
    "startDtm": "2015-12-31T10:29:48.000Z",
    "endDtm": "2015-12-31T11:09:48.000Z",
    "transactionAmt": "0.50",
    "paymentTypeName": "Coins",
    "transactionStatusCode": null,
    "meterManufacturerName": null,
    "blockNbr": null,
    "sourceStreetDisplayName": null,
    "sideDirectionName": null,
    "latitudeCrd": null,
    "longitudeCrd": null,
    "statePlaneXCrd": null,
    "statePlaneYCrd": null,
    "handicapInd": null,
    "timeRestrictionDsc": null,
    "maxHoursCnt": null,
    "meterTypeDsc": null,
    "dollarPerHourRate": null,
    "activeStatusInd": false,
    "zoneSpaceCnt": null,
    "metroAreaName": null
  },
  {
    "parkingTransactionKey": 143,
    "transactionSourceCode": "IPS",
    "meterId": "GMH1619N",
    "zoneNbr": "54593",
    "startDtm": "2015-12-31T08:05:16.000Z",
    "endDtm": "2015-12-31T10:54:01.000Z",
    "transactionAmt": "2.25",
    "paymentTypeName": "Coins",
    "transactionStatusCode": null,
    "meterManufacturerName": "IPS",
    "blockNbr": 1600,
    "sourceStreetDisplayName": "N GEORGE MASON DR",
    "sideDirectionName": "East",
    "latitudeCrd": "38.88844528",
    "longitudeCrd": "-77.12828150",
    "statePlaneXCrd": "11873350.18437500",
    "statePlaneYCrd": "7009519.16625001",
    "handicapInd": true,
    "timeRestrictionDsc": "MON - SAT 8AM - 8PM",
    "maxHoursCnt": "4.0",
    "meterTypeDsc": "Single",
    "dollarPerHourRate": "1.50",
    "activeStatusInd": false,
    "zoneSpaceCnt": "1.00",
    "metroAreaName": "Virginia Hospital"
  },
  {
    "parkingTransactionKey": 154,
    "transactionSourceCode": "IPS",
    "meterId": "ULH1521N",
    "zoneNbr": "54410",
    "startDtm": "2015-12-17T09:49:58.000Z",
    "endDtm": "2015-12-17T13:48:36.000Z",
    "transactionAmt": "0.50",
    "paymentTypeName": "Coins",
    "transactionStatusCode": null,
    "meterManufacturerName": "IPS",
    "blockNbr": 1500,
    "sourceStreetDisplayName": "N UHLE ST",
    "sideDirectionName": null,
    "latitudeCrd": "38.89120974",
    "longitudeCrd": "-77.08473781",
    "statePlaneXCrd": "11885727.55187500",
    "statePlaneYCrd": "7010713.99562500",
    "handicapInd": true,
    "timeRestrictionDsc": "MON - SAT 8AM - 8PM",
    "maxHoursCnt": "4.0",
    "meterTypeDsc": "Double",
    "dollarPerHourRate": "1.50",
    "activeStatusInd": false,
    "zoneSpaceCnt": "1.00",
    "metroAreaName": "Courthouse"
  },
  {
    "parkingTransactionKey": 164,
    "transactionSourceCode": "IPS",
    "meterId": "CLAH2310S",
    "zoneNbr": "54061",
    "startDtm": "2016-12-31T17:56:37.000Z",
    "endDtm": "2016-12-31T17:58:37.000Z",
    "transactionAmt": "0.05",
    "paymentTypeName": "Coins",
    "transactionStatusCode": null,
    "meterManufacturerName": "IPS",
    "blockNbr": 2300,
    "sourceStreetDisplayName": "S CLARK ST",
    "sideDirectionName": "West",
    "latitudeCrd": "38.85270628",
    "longitudeCrd": "-77.05210596",
    "statePlaneXCrd": "11895235.58437500",
    "statePlaneYCrd": "6996837.61187500",
    "handicapInd": false,
    "timeRestrictionDsc": "MON - SAT 8AM - 8PM",
    "maxHoursCnt": "4.0",
    "meterTypeDsc": "Single",
    "dollarPerHourRate": "1.50",
    "activeStatusInd": false,
    "zoneSpaceCnt": "4.00",
    "metroAreaName": "Crystal City"
  },
  {
    "parkingTransactionKey": 180,
    "transactionSourceCode": "IPS",
    "meterId": "EAH1712S",
    "zoneNbr": "54675",
    "startDtm": "2016-12-31T17:21:54.000Z",
    "endDtm": "2016-12-31T18:00:01.000Z",
    "transactionAmt": "1.00",
    "paymentTypeName": "Coins",
    "transactionStatusCode": null,
    "meterManufacturerName": "IPS",
    "blockNbr": 1700,
    "sourceStreetDisplayName": "S EADS ST",
    "sideDirectionName": "West",
    "latitudeCrd": "38.85818299",
    "longitudeCrd": "-77.05331173",
    "statePlaneXCrd": "11894860.81250000",
    "statePlaneYCrd": "6998826.56125000",
    "handicapInd": true,
    "timeRestrictionDsc": "MON - SAT 8AM - 8PM",
    "maxHoursCnt": "4.0",
    "meterTypeDsc": "Double",
    "dollarPerHourRate": "1.50",
    "activeStatusInd": false,
    "zoneSpaceCnt": "2.00",
    "metroAreaName": "Crystal City"
  },
  {
    "parkingTransactionKey": 194,
    "transactionSourceCode": "IPS",
    "meterId": "23504S",
    "zoneNbr": "54072",
    "startDtm": "2016-12-31T16:54:36.000Z",
    "endDtm": "2016-12-31T17:34:36.000Z",
    "transactionAmt": "1.00",
    "paymentTypeName": "Coins",
    "transactionStatusCode": null,
    "meterManufacturerName": "IPS",
    "blockNbr": 500,
    "sourceStreetDisplayName": "23RD ST S",
    "sideDirectionName": "South",
    "latitudeCrd": "38.85330584",
    "longitudeCrd": "-77.05414778",
    "statePlaneXCrd": "11894650.74125000",
    "statePlaneYCrd": "6997046.77937500",
    "handicapInd": false,
    "timeRestrictionDsc": "MON - SAT 8AM - 8PM",
    "maxHoursCnt": "2.0",
    "meterTypeDsc": "Single",
    "dollarPerHourRate": "1.75",
    "activeStatusInd": false,
    "zoneSpaceCnt": "11.00",
    "metroAreaName": "Crystal City"
  },
  {
    "parkingTransactionKey": 216,
    "transactionSourceCode": "IPS",
    "meterId": "23H704S",
    "zoneNbr": "54324",
    "startDtm": "2016-12-31T15:55:56.000Z",
    "endDtm": "2016-12-31T17:06:40.000Z",
    "transactionAmt": "1.50",
    "paymentTypeName": "Coins",
    "transactionStatusCode": null,
    "meterManufacturerName": "IPS",
    "blockNbr": 700,
    "sourceStreetDisplayName": "23RD ST S",
    "sideDirectionName": "South",
    "latitudeCrd": "38.85322556",
    "longitudeCrd": "-77.05900538",
    "statePlaneXCrd": "11893268.02312500",
    "statePlaneYCrd": "6996995.79500000",
    "handicapInd": true,
    "timeRestrictionDsc": "MON - SAT 8AM - 8PM",
    "maxHoursCnt": "4.0",
    "meterTypeDsc": "Single",
    "dollarPerHourRate": "1.75",
    "activeStatusInd": false,
    "zoneSpaceCnt": "1.00",
    "metroAreaName": "Crystal City"
  },
  {
    "parkingTransactionKey": 65,
    "transactionSourceCode": "IPS",
    "meterId": "CR2108S",
    "zoneNbr": "54066",
    "startDtm": "2015-12-31T13:32:35.000Z",
    "endDtm": "2015-12-31T15:32:35.000Z",
    "transactionAmt": "3.00",
    "paymentTypeName": "Credit Card",
    "transactionStatusCode": "Approved",
    "meterManufacturerName": "POM",
    "blockNbr": 2100,
    "sourceStreetDisplayName": "CRYSTAL DR",
    "sideDirectionName": "West",
    "latitudeCrd": "38.85534367",
    "longitudeCrd": "-77.04948442",
    "statePlaneXCrd": "11895966.88437500",
    "statePlaneYCrd": "6997809.80875000",
    "handicapInd": false,
    "timeRestrictionDsc": "MON-FRI 8AM-6PM",
    "maxHoursCnt": "2.0",
    "meterTypeDsc": "Double",
    "dollarPerHourRate": "1.25",
    "activeStatusInd": true,
    "zoneSpaceCnt": "10.00",
    "metroAreaName": "Crystal City"
  },
  {
    "parkingTransactionKey": 84,
    "transactionSourceCode": "IPS",
    "meterId": "CBH1600N",
    "zoneNbr": "54491",
    "startDtm": "2015-12-31T12:46:37.000Z",
    "endDtm": "2015-12-31T13:09:52.000Z",
    "transactionAmt": "0.10",
    "paymentTypeName": "Coins",
    "transactionStatusCode": null,
    "meterManufacturerName": "IPS",
    "blockNbr": 1600,
    "sourceStreetDisplayName": "CLARENDON BLVD",
    "sideDirectionName": "East",
    "latitudeCrd": "38.89326375",
    "longitudeCrd": "-77.07716945",
    "statePlaneXCrd": "11887869.88187500",
    "statePlaneYCrd": "7011495.27562501",
    "handicapInd": true,
    "timeRestrictionDsc": "MON-SAT 8AM-6PM",
    "maxHoursCnt": "4.0",
    "meterTypeDsc": "Single",
    "dollarPerHourRate": "1.25",
    "activeStatusInd": true,
    "zoneSpaceCnt": "1.00",
    "metroAreaName": "Rosslyn"
  },
  {
    "parkingTransactionKey": 92,
    "transactionSourceCode": "IPS",
    "meterId": "WIH3101N",
    "zoneNbr": "54307",
    "startDtm": "2015-12-31T12:18:25.000Z",
    "endDtm": "2015-12-31T13:11:51.000Z",
    "transactionAmt": "0.25",
    "paymentTypeName": "Coins",
    "transactionStatusCode": null,
    "meterManufacturerName": "IPS",
    "blockNbr": 3100,
    "sourceStreetDisplayName": "WILSON BLVD",
    "sideDirectionName": "North",
    "latitudeCrd": "38.88707055",
    "longitudeCrd": "-77.09563209",
    "statePlaneXCrd": "11882650.13937500",
    "statePlaneYCrd": "7009159.05625001",
    "handicapInd": true,
    "timeRestrictionDsc": "MON-SAT 8AM-6PM",
    "maxHoursCnt": "4.0",
    "meterTypeDsc": "Single",
    "dollarPerHourRate": "1.25",
    "activeStatusInd": true,
    "zoneSpaceCnt": "1.00",
    "metroAreaName": "Clarendon"
  },
  {
    "parkingTransactionKey": 118,
    "transactionSourceCode": "IPS",
    "meterId": "LYH1809N",
    "zoneNbr": "54558",
    "startDtm": "2015-12-31T11:18:41.000Z",
    "endDtm": "2015-12-31T11:38:41.000Z",
    "transactionAmt": "0.50",
    "paymentTypeName": "Coins",
    "transactionStatusCode": null,
    "meterManufacturerName": "IPS",
    "blockNbr": 1800,
    "sourceStreetDisplayName": "N LYNN ST",
    "sideDirectionName": "East",
    "latitudeCrd": "38.89641368",
    "longitudeCrd": "-77.07072189",
    "statePlaneXCrd": "11889686.91875000",
    "statePlaneYCrd": "7012670.85375001",
    "handicapInd": true,
    "timeRestrictionDsc": "MON-SAT 8AM-6PM",
    "maxHoursCnt": "4.0",
    "meterTypeDsc": "Single",
    "dollarPerHourRate": "1.25",
    "activeStatusInd": false,
    "zoneSpaceCnt": "1.00",
    "metroAreaName": "Rosslyn"
  },
  {
    "parkingTransactionKey": 218,
    "transactionSourceCode": "IPS",
    "meterId": "FA4316N",
    "zoneNbr": "54632",
    "startDtm": "2016-12-31T15:45:08.000Z",
    "endDtm": "2016-12-31T17:45:08.000Z",
    "transactionAmt": "3.00",
    "paymentTypeName": "Credit Card",
    "transactionStatusCode": "Approved",
    "meterManufacturerName": "Duncan",
    "blockNbr": 4300,
    "sourceStreetDisplayName": "FAIRFAX DR",
    "sideDirectionName": "East",
    "latitudeCrd": "38.88197742",
    "longitudeCrd": "-77.11522929",
    "statePlaneXCrd": "11877100.48875000",
    "statePlaneYCrd": "7007219.60562500",
    "handicapInd": false,
    "timeRestrictionDsc": "MON-SAT 8AM-6PM",
    "maxHoursCnt": "2.0",
    "meterTypeDsc": "Single",
    "dollarPerHourRate": "1.25",
    "activeStatusInd": true,
    "zoneSpaceCnt": "3.00",
    "metroAreaName": "Ballston"
  },
  {
    "parkingTransactionKey": 235,
    "transactionSourceCode": "IPS",
    "meterId": "23504S",
    "zoneNbr": "54072",
    "startDtm": "2016-12-31T14:59:58.000Z",
    "endDtm": "2016-12-31T16:01:18.000Z",
    "transactionAmt": "0.75",
    "paymentTypeName": "Coins",
    "transactionStatusCode": null,
    "meterManufacturerName": "IPS",
    "blockNbr": 500,
    "sourceStreetDisplayName": "23RD ST S",
    "sideDirectionName": "South",
    "latitudeCrd": "38.85330584",
    "longitudeCrd": "-77.05414778",
    "statePlaneXCrd": "11894650.74125000",
    "statePlaneYCrd": "6997046.77937500",
    "handicapInd": false,
    "timeRestrictionDsc": "MON - SAT 8AM - 8PM",
    "maxHoursCnt": "2.0",
    "meterTypeDsc": "Single",
    "dollarPerHourRate": "1.75",
    "activeStatusInd": false,
    "zoneSpaceCnt": "11.00",
    "metroAreaName": "Crystal City"
  },
  {
    "parkingTransactionKey": 242,
    "transactionSourceCode": "IPS",
    "meterId": "CB2400N",
    "zoneNbr": "54441",
    "startDtm": "2016-12-31T14:52:07.000Z",
    "endDtm": "2016-12-31T15:52:07.000Z",
    "transactionAmt": "1.50",
    "paymentTypeName": "Credit Card",
    "transactionStatusCode": "Approved",
    "meterManufacturerName": "MacKay",
    "blockNbr": 2400,
    "sourceStreetDisplayName": "CLARENDON BLVD",
    "sideDirectionName": "South",
    "latitudeCrd": "38.88980967",
    "longitudeCrd": "-77.08778493",
    "statePlaneXCrd": "11884868.19625000",
    "statePlaneYCrd": "7010190.79312500",
    "handicapInd": false,
    "timeRestrictionDsc": "MON-SAT 8AM-6PM",
    "maxHoursCnt": "2.0",
    "meterTypeDsc": "Double",
    "dollarPerHourRate": "1.25",
    "activeStatusInd": true,
    "zoneSpaceCnt": "4.00",
    "metroAreaName": "Courthouse"
  },
  {
    "parkingTransactionKey": 253,
    "transactionSourceCode": "IPS",
    "meterId": "ADH1501N",
    "zoneNbr": "54395",
    "startDtm": "2016-12-31T14:35:35.000Z",
    "endDtm": "2016-12-31T15:22:08.000Z",
    "transactionAmt": "1.00",
    "paymentTypeName": "Coins",
    "transactionStatusCode": null,
    "meterManufacturerName": "IPS",
    "blockNbr": 1500,
    "sourceStreetDisplayName": "N ADAMS ST",
    "sideDirectionName": "East",
    "latitudeCrd": "38.89032182",
    "longitudeCrd": "-77.08748064",
    "statePlaneXCrd": "11884951.92875000",
    "statePlaneYCrd": "7010378.62937500",
    "handicapInd": true,
    "timeRestrictionDsc": "MON-SAT 8AM-6PM",
    "maxHoursCnt": "4.0",
    "meterTypeDsc": "Double",
    "dollarPerHourRate": "1.50",
    "activeStatusInd": false,
    "zoneSpaceCnt": "1.00",
    "metroAreaName": "Courthouse"
  },
  {
    "parkingTransactionKey": 274,
    "transactionSourceCode": "IPS",
    "meterId": "CB2404N",
    "zoneNbr": "54441",
    "startDtm": "2016-12-31T14:10:04.000Z",
    "endDtm": "2016-12-31T14:49:49.000Z",
    "transactionAmt": "0.25",
    "paymentTypeName": "Coins",
    "transactionStatusCode": null,
    "meterManufacturerName": "MacKay",
    "blockNbr": 2400,
    "sourceStreetDisplayName": "CLARENDON BLVD",
    "sideDirectionName": "South",
    "latitudeCrd": "38.88967915",
    "longitudeCrd": "-77.08811467",
    "statePlaneXCrd": "11884775.08437500",
    "statePlaneYCrd": "7010141.81874999",
    "handicapInd": false,
    "timeRestrictionDsc": "MON-SAT 8AM-6PM",
    "maxHoursCnt": "2.0",
    "meterTypeDsc": "Single",
    "dollarPerHourRate": "1.25",
    "activeStatusInd": true,
    "zoneSpaceCnt": "4.00",
    "metroAreaName": "Courthouse"
  },
  {
    "parkingTransactionKey": 138,
    "transactionSourceCode": "IPS",
    "meterId": "GMH1625N",
    "zoneNbr": "54593",
    "startDtm": "2015-12-31T09:19:54.000Z",
    "endDtm": "2015-12-31T10:29:42.000Z",
    "transactionAmt": "0.50",
    "paymentTypeName": "Coins",
    "transactionStatusCode": null,
    "meterManufacturerName": "IPS",
    "blockNbr": 1600,
    "sourceStreetDisplayName": "N GEORGE MASON DR",
    "sideDirectionName": "East",
    "latitudeCrd": "38.88860771",
    "longitudeCrd": "-77.12840888",
    "statePlaneXCrd": "11873313.04500000",
    "statePlaneYCrd": "7009577.77625000",
    "handicapInd": true,
    "timeRestrictionDsc": "MON - SAT 8AM - 8PM",
    "maxHoursCnt": "4.0",
    "meterTypeDsc": "Single",
    "dollarPerHourRate": "1.50",
    "activeStatusInd": false,
    "zoneSpaceCnt": "1.00",
    "metroAreaName": "Virginia Hospital"
  },
  {
    "parkingTransactionKey": 144,
    "transactionSourceCode": "IPS",
    "meterId": "CRH1400S",
    "zoneNbr": "54090",
    "startDtm": "2015-12-31T07:04:41.000Z",
    "endDtm": "2015-12-31T10:12:16.000Z",
    "transactionAmt": "1.15",
    "paymentTypeName": "Coins",
    "transactionStatusCode": null,
    "meterManufacturerName": "IPS",
    "blockNbr": 1400,
    "sourceStreetDisplayName": "CRYSTAL DR",
    "sideDirectionName": "West",
    "latitudeCrd": "38.86117986",
    "longitudeCrd": "-77.04944635",
    "statePlaneXCrd": "11895944.13937500",
    "statePlaneYCrd": "6999935.25000000",
    "handicapInd": true,
    "timeRestrictionDsc": "MON-SAT 8AM-6PM",
    "maxHoursCnt": "12.0",
    "meterTypeDsc": "Single",
    "dollarPerHourRate": "1.00",
    "activeStatusInd": true,
    "zoneSpaceCnt": "2.00",
    "metroAreaName": "Crystal City"
  },
  {
    "parkingTransactionKey": 171,
    "transactionSourceCode": "IPS",
    "meterId": "CB2504N",
    "zoneNbr": "54439",
    "startDtm": "2016-12-31T17:28:42.000Z",
    "endDtm": "2016-12-31T17:58:04.000Z",
    "transactionAmt": "0.50",
    "paymentTypeName": "Coins",
    "transactionStatusCode": null,
    "meterManufacturerName": "MacKay",
    "blockNbr": 2500,
    "sourceStreetDisplayName": "CLARENDON BLVD",
    "sideDirectionName": "South",
    "latitudeCrd": "38.88919241",
    "longitudeCrd": "-77.08933184",
    "statePlaneXCrd": "11884431.39750000",
    "statePlaneYCrd": "7009959.24312501",
    "handicapInd": false,
    "timeRestrictionDsc": "MON-SAT 8AM-6PM",
    "maxHoursCnt": "2.0",
    "meterTypeDsc": "Single",
    "dollarPerHourRate": "1.25",
    "activeStatusInd": true,
    "zoneSpaceCnt": "3.00",
    "metroAreaName": "Courthouse"
  },
  {
    "parkingTransactionKey": 214,
    "transactionSourceCode": "IPS",
    "meterId": "FA4314N",
    "zoneNbr": "54632",
    "startDtm": "2016-12-31T16:00:59.000Z",
    "endDtm": "2016-12-31T16:34:59.000Z",
    "transactionAmt": "0.85",
    "paymentTypeName": "Coins",
    "transactionStatusCode": null,
    "meterManufacturerName": "Duncan",
    "blockNbr": 4300,
    "sourceStreetDisplayName": "FAIRFAX DR",
    "sideDirectionName": "East",
    "latitudeCrd": "38.88198398",
    "longitudeCrd": "-77.11513339",
    "statePlaneXCrd": "11877127.74937500",
    "statePlaneYCrd": "7007222.40687500",
    "handicapInd": false,
    "timeRestrictionDsc": "MON-SAT 8AM-6PM",
    "maxHoursCnt": "2.0",
    "meterTypeDsc": "Double",
    "dollarPerHourRate": "1.25",
    "activeStatusInd": true,
    "zoneSpaceCnt": "3.00",
    "metroAreaName": "Ballston"
  },
  {
    "parkingTransactionKey": 226,
    "transactionSourceCode": "IPS",
    "meterId": "CLAH2310S",
    "zoneNbr": "54061",
    "startDtm": "2016-12-31T15:20:35.000Z",
    "endDtm": "2016-12-31T15:40:06.000Z",
    "transactionAmt": "0.25",
    "paymentTypeName": "Coins",
    "transactionStatusCode": null,
    "meterManufacturerName": "IPS",
    "blockNbr": 2300,
    "sourceStreetDisplayName": "S CLARK ST",
    "sideDirectionName": "West",
    "latitudeCrd": "38.85270628",
    "longitudeCrd": "-77.05210596",
    "statePlaneXCrd": "11895235.58437500",
    "statePlaneYCrd": "6996837.61187500",
    "handicapInd": false,
    "timeRestrictionDsc": "MON - SAT 8AM - 8PM",
    "maxHoursCnt": "4.0",
    "meterTypeDsc": "Single",
    "dollarPerHourRate": "1.50",
    "activeStatusInd": false,
    "zoneSpaceCnt": "4.00",
    "metroAreaName": "Crystal City"
  },
  {
    "parkingTransactionKey": 231,
    "transactionSourceCode": "IPS",
    "meterId": "EAH2401S",
    "zoneNbr": "54691",
    "startDtm": "2016-12-31T15:11:19.000Z",
    "endDtm": "2016-12-31T15:31:19.000Z",
    "transactionAmt": "0.50",
    "paymentTypeName": "Coins",
    "transactionStatusCode": null,
    "meterManufacturerName": "IPS",
    "blockNbr": 2400,
    "sourceStreetDisplayName": "S EADS ST",
    "sideDirectionName": "East",
    "latitudeCrd": "38.85225409",
    "longitudeCrd": "-77.05341242",
    "statePlaneXCrd": "11894866.16750000",
    "statePlaneYCrd": "6996667.08062500",
    "handicapInd": true,
    "timeRestrictionDsc": "MON - SAT 8AM - 8PM",
    "maxHoursCnt": "4.0",
    "meterTypeDsc": "Single",
    "dollarPerHourRate": "1.50",
    "activeStatusInd": false,
    "zoneSpaceCnt": "1.00",
    "metroAreaName": "Crystal City"
  },
  {
    "parkingTransactionKey": 260,
    "transactionSourceCode": "IPS",
    "meterId": "CRH1700S",
    "zoneNbr": "54688",
    "startDtm": "2016-12-31T14:31:15.000Z",
    "endDtm": "2016-12-31T14:53:15.000Z",
    "transactionAmt": "0.55",
    "paymentTypeName": "Coins",
    "transactionStatusCode": null,
    "meterManufacturerName": "IPS",
    "blockNbr": 1700,
    "sourceStreetDisplayName": "CRYSTAL DR",
    "sideDirectionName": "West",
    "latitudeCrd": "38.85829174",
    "longitudeCrd": "-77.04929791",
    "statePlaneXCrd": "11896003.02375000",
    "statePlaneYCrd": "6998884.19875000",
    "handicapInd": true,
    "timeRestrictionDsc": "MON - SAT 8AM - 8PM",
    "maxHoursCnt": "4.0",
    "meterTypeDsc": "Single",
    "dollarPerHourRate": "1.50",
    "activeStatusInd": false,
    "zoneSpaceCnt": "1.00",
    "metroAreaName": "CRYSTAL CITY"
  },
  {
    "parkingTransactionKey": 267,
    "transactionSourceCode": "IPS",
    "meterId": "SU802N",
    "zoneNbr": "54122",
    "startDtm": "2016-12-31T14:19:47.000Z",
    "endDtm": "2016-12-31T14:55:30.000Z",
    "transactionAmt": "0.75",
    "paymentTypeName": "Coins",
    "transactionStatusCode": null,
    "meterManufacturerName": "POM",
    "blockNbr": 800,
    "sourceStreetDisplayName": "N STUART ST",
    "sideDirectionName": "East",
    "latitudeCrd": "38.88035881",
    "longitudeCrd": "-77.11167729",
    "statePlaneXCrd": "11878120.42500000",
    "statePlaneYCrd": "7006645.44562501",
    "handicapInd": false,
    "timeRestrictionDsc": "MON-SAT 8AM-6PM",
    "maxHoursCnt": "1.0",
    "meterTypeDsc": "Double",
    "dollarPerHourRate": "1.25",
    "activeStatusInd": true,
    "zoneSpaceCnt": "1.00",
    "metroAreaName": "Ballston"
  },
  {
    "parkingTransactionKey": 285,
    "transactionSourceCode": "IPS",
    "meterId": "15H2013N",
    "zoneNbr": "54673",
    "startDtm": "2016-12-31T13:53:36.000Z",
    "endDtm": "2016-12-31T14:07:30.000Z",
    "transactionAmt": "0.10",
    "paymentTypeName": "Coins",
    "transactionStatusCode": null,
    "meterManufacturerName": "IPS",
    "blockNbr": 2000,
    "sourceStreetDisplayName": "15TH ST N",
    "sideDirectionName": "East",
    "latitudeCrd": "38.89101466",
    "longitudeCrd": "-77.08243364",
    "statePlaneXCrd": "11886159.31625000",
    "statePlaneYCrd": "7010626.19875000",
    "handicapInd": true,
    "timeRestrictionDsc": "MON-FRI 8AM-6PM",
    "maxHoursCnt": "4.0",
    "meterTypeDsc": "Single",
    "dollarPerHourRate": "1.25",
    "activeStatusInd": false,
    "zoneSpaceCnt": "1.00",
    "metroAreaName": "Courthouse"
  },
  {
    "parkingTransactionKey": 292,
    "transactionSourceCode": "IPS",
    "meterId": "CLAH2310S",
    "zoneNbr": "54061",
    "startDtm": "2016-12-31T13:48:43.000Z",
    "endDtm": "2016-12-31T15:18:13.000Z",
    "transactionAmt": "0.25",
    "paymentTypeName": "Coins",
    "transactionStatusCode": null,
    "meterManufacturerName": "IPS",
    "blockNbr": 2300,
    "sourceStreetDisplayName": "S CLARK ST",
    "sideDirectionName": "West",
    "latitudeCrd": "38.85270628",
    "longitudeCrd": "-77.05210596",
    "statePlaneXCrd": "11895235.58437500",
    "statePlaneYCrd": "6996837.61187500",
    "handicapInd": false,
    "timeRestrictionDsc": "MON - SAT 8AM - 8PM",
    "maxHoursCnt": "4.0",
    "meterTypeDsc": "Single",
    "dollarPerHourRate": "1.50",
    "activeStatusInd": false,
    "zoneSpaceCnt": "4.00",
    "metroAreaName": "Crystal City"
  },
  {
    "parkingTransactionKey": 296,
    "transactionSourceCode": "IPS",
    "meterId": "Wi1001n",
    "zoneNbr": "54509",
    "startDtm": "2016-12-31T13:46:33.000Z",
    "endDtm": "2016-12-31T13:50:33.000Z",
    "transactionAmt": "0.10",
    "paymentTypeName": "Coins",
    "transactionStatusCode": null,
    "meterManufacturerName": "IPS",
    "blockNbr": 1000,
    "sourceStreetDisplayName": "WILSON BLVD",
    "sideDirectionName": "North",
    "latitudeCrd": "38.89468803",
    "longitudeCrd": "-77.06904618",
    "statePlaneXCrd": "11890173.58000000",
    "statePlaneYCrd": "7012049.87562500",
    "handicapInd": false,
    "timeRestrictionDsc": "MON-SAT 8AM-6PM",
    "maxHoursCnt": "4.0",
    "meterTypeDsc": "Single",
    "dollarPerHourRate": "1.25",
    "activeStatusInd": true,
    "zoneSpaceCnt": "2.00",
    "metroAreaName": "Rosslyn"
  },
  {
    "parkingTransactionKey": 311,
    "transactionSourceCode": "IPS",
    "meterId": "JO1323S",
    "zoneNbr": "54377",
    "startDtm": "2016-12-31T13:33:02.000Z",
    "endDtm": "2016-12-31T13:43:02.000Z",
    "transactionAmt": "0.25",
    "paymentTypeName": "Coins",
    "transactionStatusCode": null,
    "meterManufacturerName": "POM",
    "blockNbr": 1300,
    "sourceStreetDisplayName": "S JOYCE ST",
    "sideDirectionName": "East",
    "latitudeCrd": "38.86299261",
    "longitudeCrd": "-77.06349297",
    "statePlaneXCrd": "11891934.54187500",
    "statePlaneYCrd": "7000532.47750001",
    "handicapInd": false,
    "timeRestrictionDsc": "MON-SAT 8AM-6PM",
    "maxHoursCnt": "30.0",
    "meterTypeDsc": "Single",
    "dollarPerHourRate": "1.25",
    "activeStatusInd": true,
    "zoneSpaceCnt": "2.00",
    "metroAreaName": "Pentagon City"
  },
  {
    "parkingTransactionKey": 318,
    "transactionSourceCode": "IPS",
    "meterId": "AD905S",
    "zoneNbr": "54669",
    "startDtm": "2016-12-31T13:26:26.000Z",
    "endDtm": "2016-12-31T13:26:26.000Z",
    "transactionAmt": "0.25",
    "paymentTypeName": "Coins",
    "transactionStatusCode": null,
    "meterManufacturerName": "IPS",
    "blockNbr": 900,
    "sourceStreetDisplayName": "S ADAMS ST",
    "sideDirectionName": "West",
    "latitudeCrd": "38.86399214",
    "longitudeCrd": "-77.08347786",
    "statePlaneXCrd": "11886239.07562500",
    "statePlaneYCrd": "7000808.04187500",
    "handicapInd": false,
    "timeRestrictionDsc": "MON - SAT 8AM - 8PM",
    "maxHoursCnt": "2.0",
    "meterTypeDsc": "Double",
    "dollarPerHourRate": "1.75",
    "activeStatusInd": false,
    "zoneSpaceCnt": "2.00",
    "metroAreaName": "Columbia Pike"
  },
  {
    "parkingTransactionKey": 332,
    "transactionSourceCode": "IPS",
    "meterId": "RH1701N",
    "zoneNbr": "54422",
    "startDtm": "2016-12-31T13:12:33.000Z",
    "endDtm": "2016-12-31T13:12:33.000Z",
    "transactionAmt": "0.50",
    "paymentTypeName": "Coins",
    "transactionStatusCode": null,
    "meterManufacturerName": "MacKay",
    "blockNbr": 1700,
    "sourceStreetDisplayName": "N RHODES ST",
    "sideDirectionName": "North",
    "latitudeCrd": "38.89306677",
    "longitudeCrd": "-77.07998000",
    "statePlaneXCrd": "11887070.44437500",
    "statePlaneYCrd": "7011413.98375000",
    "handicapInd": false,
    "timeRestrictionDsc": "MON-FRI 8AM-6PM",
    "maxHoursCnt": "12.0",
    "meterTypeDsc": "Single",
    "dollarPerHourRate": "1.00",
    "activeStatusInd": false,
    "zoneSpaceCnt": "2.00",
    "metroAreaName": "Rosslyn"
  },
  {
    "parkingTransactionKey": 354,
    "transactionSourceCode": "IPS",
    "meterId": "SU800N",
    "zoneNbr": "54122",
    "startDtm": "2016-12-31T12:34:56.000Z",
    "endDtm": "2016-12-31T13:34:56.000Z",
    "transactionAmt": "0.35",
    "paymentTypeName": "Coins",
    "transactionStatusCode": null,
    "meterManufacturerName": "POM",
    "blockNbr": 800,
    "sourceStreetDisplayName": "N STUART ST",
    "sideDirectionName": "East",
    "latitudeCrd": "38.88033327",
    "longitudeCrd": "-77.11167623",
    "statePlaneXCrd": "11878120.86750000",
    "statePlaneYCrd": "7006636.14875001",
    "handicapInd": false,
    "timeRestrictionDsc": "MON-SAT 8AM-6PM",
    "maxHoursCnt": "1.0",
    "meterTypeDsc": "Double",
    "dollarPerHourRate": "1.25",
    "activeStatusInd": false,
    "zoneSpaceCnt": "1.00",
    "metroAreaName": "Ballston"
  },
  {
    "parkingTransactionKey": 363,
    "transactionSourceCode": "IPS",
    "meterId": "AD903S",
    "zoneNbr": "54669",
    "startDtm": "2016-12-31T12:23:32.000Z",
    "endDtm": "2016-12-31T12:23:32.000Z",
    "transactionAmt": "0.50",
    "paymentTypeName": "Coins",
    "transactionStatusCode": null,
    "meterManufacturerName": "IPS",
    "blockNbr": 900,
    "sourceStreetDisplayName": "S ADAMS ST",
    "sideDirectionName": "West",
    "latitudeCrd": "38.86397342",
    "longitudeCrd": "-77.08346635",
    "statePlaneXCrd": "11886242.45875000",
    "statePlaneYCrd": "7000801.27625000",
    "handicapInd": false,
    "timeRestrictionDsc": "MON - SAT 8AM - 8PM",
    "maxHoursCnt": "2.0",
    "meterTypeDsc": "Double",
    "dollarPerHourRate": "1.75",
    "activeStatusInd": false,
    "zoneSpaceCnt": "2.00",
    "metroAreaName": "Columbia Pike"
  },
  {
    "parkingTransactionKey": 374,
    "transactionSourceCode": "IPS",
    "meterId": "H315N",
    "zoneNbr": "54468",
    "startDtm": "2016-12-31T11:52:14.000Z",
    "endDtm": "2016-12-31T13:52:14.000Z",
    "transactionAmt": "3.00",
    "paymentTypeName": "Credit Card",
    "transactionStatusCode": "Approved",
    "meterManufacturerName": "IPS",
    "blockNbr": 1400,
    "sourceStreetDisplayName": "N COURTHOUSE RD",
    "sideDirectionName": "West",
    "latitudeCrd": "38.89039712",
    "longitudeCrd": "-77.08484048",
    "statePlaneXCrd": "11885702.89312500",
    "statePlaneYCrd": "7010417.62187500",
    "handicapInd": true,
    "timeRestrictionDsc": "MON - FRI 8AM - 8PM, SAT 6AM - 12PM",
    "maxHoursCnt": "12.0",
    "meterTypeDsc": "Single",
    "dollarPerHourRate": "1.50",
    "activeStatusInd": false,
    "zoneSpaceCnt": "3.00",
    "metroAreaName": "Courthouse"
  },
  {
    "parkingTransactionKey": 383,
    "transactionSourceCode": "IPS",
    "meterId": "EAH2401S",
    "zoneNbr": "54691",
    "startDtm": "2016-12-31T11:37:46.000Z",
    "endDtm": "2016-12-31T12:21:13.000Z",
    "transactionAmt": "1.00",
    "paymentTypeName": "Credit Card",
    "transactionStatusCode": "Approved",
    "meterManufacturerName": "IPS",
    "blockNbr": 2400,
    "sourceStreetDisplayName": "S EADS ST",
    "sideDirectionName": "East",
    "latitudeCrd": "38.85225409",
    "longitudeCrd": "-77.05341242",
    "statePlaneXCrd": "11894866.16750000",
    "statePlaneYCrd": "6996667.08062500",
    "handicapInd": true,
    "timeRestrictionDsc": "MON - SAT 8AM - 8PM",
    "maxHoursCnt": "4.0",
    "meterTypeDsc": "Single",
    "dollarPerHourRate": "1.50",
    "activeStatusInd": false,
    "zoneSpaceCnt": "1.00",
    "metroAreaName": "Crystal City"
  },
  {
    "parkingTransactionKey": 390,
    "transactionSourceCode": "IPS",
    "meterId": "H149N",
    "zoneNbr": "54118",
    "startDtm": "2016-12-31T11:33:47.000Z",
    "endDtm": "2016-12-31T11:53:47.000Z",
    "transactionAmt": "0.50",
    "paymentTypeName": "Coins",
    "transactionStatusCode": null,
    "meterManufacturerName": "IPS",
    "blockNbr": 4200,
    "sourceStreetDisplayName": "WILSON BLVD",
    "sideDirectionName": "East",
    "latitudeCrd": "38.87933459",
    "longitudeCrd": "-77.11227052",
    "statePlaneXCrd": "11877957.20562500",
    "statePlaneYCrd": "7006269.91500001",
    "handicapInd": true,
    "timeRestrictionDsc": "MON - SAT 8AM - 8PM",
    "maxHoursCnt": "4.0",
    "meterTypeDsc": "Single",
    "dollarPerHourRate": "1.50",
    "activeStatusInd": false,
    "zoneSpaceCnt": "2.00",
    "metroAreaName": "Ballston"
  },
  {
    "parkingTransactionKey": 408,
    "transactionSourceCode": "IPS",
    "meterId": "CLA2601S",
    "zoneNbr": "54037",
    "startDtm": "2016-12-31T11:06:10.000Z",
    "endDtm": "2016-12-31T12:03:43.000Z",
    "transactionAmt": "0.30",
    "paymentTypeName": "Coins",
    "transactionStatusCode": null,
    "meterManufacturerName": "POM",
    "blockNbr": 2600,
    "sourceStreetDisplayName": "S CLARK ST",
    "sideDirectionName": "East",
    "latitudeCrd": "38.85044167",
    "longitudeCrd": "-77.05183772",
    "statePlaneXCrd": "11895324.97312500",
    "statePlaneYCrd": "6996014.15125000",
    "handicapInd": false,
    "timeRestrictionDsc": "MON-SAT 8AM-6PM",
    "maxHoursCnt": "2.0",
    "meterTypeDsc": "Double",
    "dollarPerHourRate": "1.25",
    "activeStatusInd": true,
    "zoneSpaceCnt": "12.00",
    "metroAreaName": "Crystal City"
  },
  {
    "parkingTransactionKey": 415,
    "transactionSourceCode": "IPS",
    "meterId": "Spares (Arlington VA)",
    "zoneNbr": null,
    "startDtm": "2016-12-31T10:52:37.000Z",
    "endDtm": "2016-12-31T11:52:27.000Z",
    "transactionAmt": "0.50",
    "paymentTypeName": "Coins",
    "transactionStatusCode": null,
    "meterManufacturerName": null,
    "blockNbr": null,
    "sourceStreetDisplayName": null,
    "sideDirectionName": null,
    "latitudeCrd": null,
    "longitudeCrd": null,
    "statePlaneXCrd": null,
    "statePlaneYCrd": null,
    "handicapInd": null,
    "timeRestrictionDsc": null,
    "maxHoursCnt": null,
    "meterTypeDsc": null,
    "dollarPerHourRate": null,
    "activeStatusInd": false,
    "zoneSpaceCnt": null,
    "metroAreaName": null
  },
  {
    "parkingTransactionKey": 426,
    "transactionSourceCode": "IPS",
    "meterId": "CAH4103S",
    "zoneNbr": "54702",
    "startDtm": "2016-12-31T10:39:46.000Z",
    "endDtm": "2016-12-31T11:59:01.000Z",
    "transactionAmt": "0.25",
    "paymentTypeName": "Coins",
    "transactionStatusCode": null,
    "meterManufacturerName": "IPS",
    "blockNbr": 4100,
    "sourceStreetDisplayName": "CAMPBELL AVE",
    "sideDirectionName": "South",
    "latitudeCrd": "38.84102061",
    "longitudeCrd": "-77.08952573",
    "statePlaneXCrd": "11884645.75562500",
    "statePlaneYCrd": "6992416.32437500",
    "handicapInd": true,
    "timeRestrictionDsc": "MON - SAT 8AM - 8PM",
    "maxHoursCnt": "4.0",
    "meterTypeDsc": "Single",
    "dollarPerHourRate": "1.50",
    "activeStatusInd": false,
    "zoneSpaceCnt": "1.00",
    "metroAreaName": "Shirlington"
  }
]
[2022-12-28 20:16:53,314] {taskinstance.py:1400} INFO - Marking task as SUCCESS. dag_id=parking_pipeline, task_id=extract_user, execution_date=20221228T201449, start_date=20221228T201652, end_date=20221228T201653
[2022-12-28 20:16:53,370] {local_task_job.py:156} INFO - Task exited with return code 0
[2022-12-28 20:16:53,406] {local_task_job.py:273} INFO - 1 downstream tasks scheduled from follow-on schedule check
