[2022-12-28 20:43:44,482] {taskinstance.py:1159} INFO - Dependencies all met for <TaskInstance: parking_pipeline.is_api_available scheduled__2022-12-28T20:41:43.276734+00:00 [queued]>
[2022-12-28 20:43:44,489] {taskinstance.py:1159} INFO - Dependencies all met for <TaskInstance: parking_pipeline.is_api_available scheduled__2022-12-28T20:41:43.276734+00:00 [queued]>
[2022-12-28 20:43:44,490] {taskinstance.py:1356} INFO - 
--------------------------------------------------------------------------------
[2022-12-28 20:43:44,491] {taskinstance.py:1357} INFO - Starting attempt 1 of 2
[2022-12-28 20:43:44,492] {taskinstance.py:1358} INFO - 
--------------------------------------------------------------------------------
[2022-12-28 20:43:44,501] {taskinstance.py:1377} INFO - Executing <Task(HttpSensor): is_api_available> on 2022-12-28 20:41:43.276734+00:00
[2022-12-28 20:43:44,506] {standard_task_runner.py:52} INFO - Started process 2354 to run task
[2022-12-28 20:43:44,510] {standard_task_runner.py:79} INFO - Running: ['***', 'tasks', 'run', 'parking_pipeline', 'is_api_available', 'scheduled__2022-12-28T20:41:43.276734+00:00', '--job-id', '123', '--raw', '--subdir', 'DAGS_FOLDER/parking_dag.py', '--cfg-path', '/tmp/tmp58bhzf1j', '--error-file', '/tmp/tmpqrgugvep']
[2022-12-28 20:43:44,511] {standard_task_runner.py:80} INFO - Job 123: Subtask is_api_available
[2022-12-28 20:43:44,563] {task_command.py:369} INFO - Running <TaskInstance: parking_pipeline.is_api_available scheduled__2022-12-28T20:41:43.276734+00:00 [running]> on host 8be693a2d03b
[2022-12-28 20:43:44,625] {taskinstance.py:1571} INFO - Exporting the following env vars:
AIRFLOW_CTX_DAG_OWNER=Airflow
AIRFLOW_CTX_DAG_ID=parking_pipeline
AIRFLOW_CTX_TASK_ID=is_api_available
AIRFLOW_CTX_EXECUTION_DATE=2022-12-28T20:41:43.276734+00:00
AIRFLOW_CTX_TRY_NUMBER=1
AIRFLOW_CTX_DAG_RUN_ID=scheduled__2022-12-28T20:41:43.276734+00:00
[2022-12-28 20:43:44,626] {http.py:97} INFO - Poking: 
[2022-12-28 20:43:44,636] {base.py:68} INFO - Using connection ID 'is_api_available' for task execution.
[2022-12-28 20:43:44,638] {http.py:129} INFO - Sending 'GET' to url: https://datahub-v2.arlingtonva.us/api/ParkingMeter/ParkingTransactions
[2022-12-28 20:43:45,256] {base.py:301} INFO - Success criteria met. Exiting.
[2022-12-28 20:43:45,270] {taskinstance.py:1400} INFO - Marking task as SUCCESS. dag_id=parking_pipeline, task_id=is_api_available, execution_date=20221228T204143, start_date=20221228T204344, end_date=20221228T204345
[2022-12-28 20:43:45,296] {local_task_job.py:156} INFO - Task exited with return code 0
[2022-12-28 20:43:45,338] {local_task_job.py:273} INFO - 1 downstream tasks scheduled from follow-on schedule check
