[2022-12-26 21:18:58,452] {taskinstance.py:1159} INFO - Dependencies all met for <TaskInstance: parking_pipeline.is_api_available scheduled__2022-12-26T21:16:57.313229+00:00 [queued]>
[2022-12-26 21:18:58,463] {taskinstance.py:1159} INFO - Dependencies all met for <TaskInstance: parking_pipeline.is_api_available scheduled__2022-12-26T21:16:57.313229+00:00 [queued]>
[2022-12-26 21:18:58,464] {taskinstance.py:1356} INFO - 
--------------------------------------------------------------------------------
[2022-12-26 21:18:58,464] {taskinstance.py:1357} INFO - Starting attempt 1 of 2
[2022-12-26 21:18:58,465] {taskinstance.py:1358} INFO - 
--------------------------------------------------------------------------------
[2022-12-26 21:18:58,475] {taskinstance.py:1377} INFO - Executing <Task(HttpSensor): is_api_available> on 2022-12-26 21:16:57.313229+00:00
[2022-12-26 21:18:58,482] {standard_task_runner.py:52} INFO - Started process 4381 to run task
[2022-12-26 21:18:58,487] {standard_task_runner.py:79} INFO - Running: ['***', 'tasks', 'run', 'parking_pipeline', 'is_api_available', 'scheduled__2022-12-26T21:16:57.313229+00:00', '--job-id', '176', '--raw', '--subdir', 'DAGS_FOLDER/parking_dag.py', '--cfg-path', '/tmp/tmpcpc6g5z7', '--error-file', '/tmp/tmpnj9qixck']
[2022-12-26 21:18:58,489] {standard_task_runner.py:80} INFO - Job 176: Subtask is_api_available
[2022-12-26 21:18:58,591] {task_command.py:369} INFO - Running <TaskInstance: parking_pipeline.is_api_available scheduled__2022-12-26T21:16:57.313229+00:00 [running]> on host 3d3eee352115
[2022-12-26 21:18:58,656] {taskinstance.py:1571} INFO - Exporting the following env vars:
AIRFLOW_CTX_DAG_OWNER=Airflow
AIRFLOW_CTX_DAG_ID=parking_pipeline
AIRFLOW_CTX_TASK_ID=is_api_available
AIRFLOW_CTX_EXECUTION_DATE=2022-12-26T21:16:57.313229+00:00
AIRFLOW_CTX_TRY_NUMBER=1
AIRFLOW_CTX_DAG_RUN_ID=scheduled__2022-12-26T21:16:57.313229+00:00
[2022-12-26 21:18:58,657] {http.py:97} INFO - Poking: 
[2022-12-26 21:18:58,668] {base.py:68} INFO - Using connection ID 'is_api_available' for task execution.
[2022-12-26 21:18:58,671] {http.py:129} INFO - Sending 'GET' to url: https://datahub-v2.arlingtonva.us/api/ParkingMeter/ParkingTransactions
[2022-12-26 21:18:58,855] {base.py:301} INFO - Success criteria met. Exiting.
[2022-12-26 21:18:58,877] {taskinstance.py:1400} INFO - Marking task as SUCCESS. dag_id=parking_pipeline, task_id=is_api_available, execution_date=20221226T211657, start_date=20221226T211858, end_date=20221226T211858
[2022-12-26 21:18:58,929] {local_task_job.py:156} INFO - Task exited with return code 0
[2022-12-26 21:18:58,969] {local_task_job.py:273} INFO - 1 downstream tasks scheduled from follow-on schedule check
