[2022-12-27 20:49:01,086] {taskinstance.py:1159} INFO - Dependencies all met for <TaskInstance: parking_pipeline.transform_data scheduled__2022-12-27T20:46:55.705082+00:00 [queued]>
[2022-12-27 20:49:01,093] {taskinstance.py:1159} INFO - Dependencies all met for <TaskInstance: parking_pipeline.transform_data scheduled__2022-12-27T20:46:55.705082+00:00 [queued]>
[2022-12-27 20:49:01,094] {taskinstance.py:1356} INFO - 
--------------------------------------------------------------------------------
[2022-12-27 20:49:01,094] {taskinstance.py:1357} INFO - Starting attempt 1 of 2
[2022-12-27 20:49:01,095] {taskinstance.py:1358} INFO - 
--------------------------------------------------------------------------------
[2022-12-27 20:49:01,104] {taskinstance.py:1377} INFO - Executing <Task(PythonOperator): transform_data> on 2022-12-27 20:46:55.705082+00:00
[2022-12-27 20:49:01,109] {standard_task_runner.py:52} INFO - Started process 7498 to run task
[2022-12-27 20:49:01,113] {standard_task_runner.py:79} INFO - Running: ['***', 'tasks', 'run', 'parking_pipeline', 'transform_data', 'scheduled__2022-12-27T20:46:55.705082+00:00', '--job-id', '283', '--raw', '--subdir', 'DAGS_FOLDER/parking_dag.py', '--cfg-path', '/tmp/tmpoisntx5u', '--error-file', '/tmp/tmpghev5ovz']
[2022-12-27 20:49:01,115] {standard_task_runner.py:80} INFO - Job 283: Subtask transform_data
[2022-12-27 20:49:01,168] {task_command.py:369} INFO - Running <TaskInstance: parking_pipeline.transform_data scheduled__2022-12-27T20:46:55.705082+00:00 [running]> on host 8fbeee8d3d5a
[2022-12-27 20:49:01,229] {taskinstance.py:1571} INFO - Exporting the following env vars:
AIRFLOW_CTX_DAG_OWNER=Airflow
AIRFLOW_CTX_DAG_ID=parking_pipeline
AIRFLOW_CTX_TASK_ID=transform_data
AIRFLOW_CTX_EXECUTION_DATE=2022-12-27T20:46:55.705082+00:00
AIRFLOW_CTX_TRY_NUMBER=1
AIRFLOW_CTX_DAG_RUN_ID=scheduled__2022-12-27T20:46:55.705082+00:00
[2022-12-27 20:49:01,241] {taskinstance.py:1889} ERROR - Task failed with exception
Traceback (most recent call last):
  File "/home/airflow/.local/lib/python3.7/site-packages/airflow/operators/python.py", line 171, in execute
    return_value = self.execute_callable()
  File "/home/airflow/.local/lib/python3.7/site-packages/airflow/operators/python.py", line 189, in execute_callable
    return self.python_callable(*self.op_args, **self.op_kwargs)
  File "/opt/airflow/dags/parking_dag.py", line 35, in _transform_parking_data
    print(parking_data.keys())
AttributeError: 'list' object has no attribute 'keys'
[2022-12-27 20:49:01,251] {taskinstance.py:1400} INFO - Marking task as UP_FOR_RETRY. dag_id=parking_pipeline, task_id=transform_data, execution_date=20221227T204655, start_date=20221227T204901, end_date=20221227T204901
[2022-12-27 20:49:01,258] {standard_task_runner.py:97} ERROR - Failed to execute job 283 for task transform_data ('list' object has no attribute 'keys'; 7498)
[2022-12-27 20:49:01,285] {local_task_job.py:156} INFO - Task exited with return code 1
[2022-12-27 20:49:01,313] {local_task_job.py:273} INFO - 0 downstream tasks scheduled from follow-on schedule check
