[2022-12-27 20:54:02,102] {taskinstance.py:1159} INFO - Dependencies all met for <TaskInstance: parking_pipeline.transform_data scheduled__2022-12-27T20:46:55.705082+00:00 [queued]>
[2022-12-27 20:54:02,108] {taskinstance.py:1159} INFO - Dependencies all met for <TaskInstance: parking_pipeline.transform_data scheduled__2022-12-27T20:46:55.705082+00:00 [queued]>
[2022-12-27 20:54:02,109] {taskinstance.py:1356} INFO - 
--------------------------------------------------------------------------------
[2022-12-27 20:54:02,110] {taskinstance.py:1357} INFO - Starting attempt 2 of 2
[2022-12-27 20:54:02,110] {taskinstance.py:1358} INFO - 
--------------------------------------------------------------------------------
[2022-12-27 20:54:02,119] {taskinstance.py:1377} INFO - Executing <Task(PythonOperator): transform_data> on 2022-12-27 20:46:55.705082+00:00
[2022-12-27 20:54:02,124] {standard_task_runner.py:52} INFO - Started process 7841 to run task
[2022-12-27 20:54:02,128] {standard_task_runner.py:79} INFO - Running: ['***', 'tasks', 'run', 'parking_pipeline', 'transform_data', 'scheduled__2022-12-27T20:46:55.705082+00:00', '--job-id', '316', '--raw', '--subdir', 'DAGS_FOLDER/parking_dag.py', '--cfg-path', '/tmp/tmp62naazyx', '--error-file', '/tmp/tmp9np3rqdy']
[2022-12-27 20:54:02,130] {standard_task_runner.py:80} INFO - Job 316: Subtask transform_data
[2022-12-27 20:54:02,183] {task_command.py:369} INFO - Running <TaskInstance: parking_pipeline.transform_data scheduled__2022-12-27T20:46:55.705082+00:00 [running]> on host 8fbeee8d3d5a
[2022-12-27 20:54:02,241] {taskinstance.py:1571} INFO - Exporting the following env vars:
AIRFLOW_CTX_DAG_OWNER=Airflow
AIRFLOW_CTX_DAG_ID=parking_pipeline
AIRFLOW_CTX_TASK_ID=transform_data
AIRFLOW_CTX_EXECUTION_DATE=2022-12-27T20:46:55.705082+00:00
AIRFLOW_CTX_TRY_NUMBER=2
AIRFLOW_CTX_DAG_RUN_ID=scheduled__2022-12-27T20:46:55.705082+00:00
[2022-12-27 20:54:02,302] {logging_mixin.py:115} INFO -                                                   0   ...                                                 49
0  {'parkingTransactionKey': 3, 'transactionSourc...  ...  {'parkingTransactionKey': 425, 'transactionSou...

[1 rows x 50 columns]
[2022-12-27 20:54:02,306] {python.py:173} INFO - Done. Returned value was: None
[2022-12-27 20:54:02,320] {taskinstance.py:1400} INFO - Marking task as SUCCESS. dag_id=parking_pipeline, task_id=transform_data, execution_date=20221227T204655, start_date=20221227T205402, end_date=20221227T205402
[2022-12-27 20:54:02,341] {local_task_job.py:156} INFO - Task exited with return code 0
[2022-12-27 20:54:02,370] {local_task_job.py:273} INFO - 0 downstream tasks scheduled from follow-on schedule check
