[2024-10-29 04:23:50,042] {taskinstance.py:1159} INFO - Dependencies all met for <TaskInstance: parking_pipeline.store_data_json scheduled__2024-10-29T03:45:09.727694+00:00 [queued]>
[2024-10-29 04:23:50,058] {taskinstance.py:1159} INFO - Dependencies all met for <TaskInstance: parking_pipeline.store_data_json scheduled__2024-10-29T03:45:09.727694+00:00 [queued]>
[2024-10-29 04:23:50,058] {taskinstance.py:1356} INFO - 
--------------------------------------------------------------------------------
[2024-10-29 04:23:50,059] {taskinstance.py:1357} INFO - Starting attempt 1 of 2
[2024-10-29 04:23:50,060] {taskinstance.py:1358} INFO - 
--------------------------------------------------------------------------------
[2024-10-29 04:23:50,078] {taskinstance.py:1377} INFO - Executing <Task(PythonOperator): store_data_json> on 2024-10-29 03:45:09.727694+00:00
[2024-10-29 04:23:50,088] {standard_task_runner.py:52} INFO - Started process 3458 to run task
[2024-10-29 04:23:50,093] {standard_task_runner.py:79} INFO - Running: ['***', 'tasks', 'run', 'parking_pipeline', 'store_data_json', 'scheduled__2024-10-29T03:45:09.727694+00:00', '--job-id', '914', '--raw', '--subdir', 'DAGS_FOLDER/parking_dag.py', '--cfg-path', '/tmp/tmp00wtk4_q', '--error-file', '/tmp/tmpl7s8osc9']
[2024-10-29 04:23:50,095] {standard_task_runner.py:80} INFO - Job 914: Subtask store_data_json
[2024-10-29 04:23:50,210] {task_command.py:369} INFO - Running <TaskInstance: parking_pipeline.store_data_json scheduled__2024-10-29T03:45:09.727694+00:00 [running]> on host 6da7af54a32a
[2024-10-29 04:23:50,304] {taskinstance.py:1571} INFO - Exporting the following env vars:
AIRFLOW_CTX_DAG_OWNER=Airflow
AIRFLOW_CTX_DAG_ID=parking_pipeline
AIRFLOW_CTX_TASK_ID=store_data_json
AIRFLOW_CTX_EXECUTION_DATE=2024-10-29T03:45:09.727694+00:00
AIRFLOW_CTX_TRY_NUMBER=1
AIRFLOW_CTX_DAG_RUN_ID=scheduled__2024-10-29T03:45:09.727694+00:00
[2024-10-29 04:23:50,325] {logging_mixin.py:115} INFO - Error storing data in JSON format: 'Variable parking_data_json_path does not exist'. Task will continue.
[2024-10-29 04:23:50,326] {python.py:173} INFO - Done. Returned value was: None
[2024-10-29 04:23:50,342] {taskinstance.py:1400} INFO - Marking task as SUCCESS. dag_id=parking_pipeline, task_id=store_data_json, execution_date=20241029T034509, start_date=20241029T042350, end_date=20241029T042350
[2024-10-29 04:23:50,388] {local_task_job.py:156} INFO - Task exited with return code 0
[2024-10-29 04:23:50,480] {local_task_job.py:273} INFO - 1 downstream tasks scheduled from follow-on schedule check
