[2024-10-29 02:36:48,214] {taskinstance.py:1159} INFO - Dependencies all met for <TaskInstance: parking_pipeline.store_data_csv scheduled__2024-10-29T02:24:36.903345+00:00 [queued]>
[2024-10-29 02:36:48,233] {taskinstance.py:1159} INFO - Dependencies all met for <TaskInstance: parking_pipeline.store_data_csv scheduled__2024-10-29T02:24:36.903345+00:00 [queued]>
[2024-10-29 02:36:48,234] {taskinstance.py:1356} INFO - 
--------------------------------------------------------------------------------
[2024-10-29 02:36:48,236] {taskinstance.py:1357} INFO - Starting attempt 1 of 2
[2024-10-29 02:36:48,236] {taskinstance.py:1358} INFO - 
--------------------------------------------------------------------------------
[2024-10-29 02:36:48,261] {taskinstance.py:1377} INFO - Executing <Task(PythonOperator): store_data_csv> on 2024-10-29 02:24:36.903345+00:00
[2024-10-29 02:36:48,270] {standard_task_runner.py:52} INFO - Started process 260 to run task
[2024-10-29 02:36:48,274] {standard_task_runner.py:79} INFO - Running: ['***', 'tasks', 'run', 'parking_pipeline', 'store_data_csv', 'scheduled__2024-10-29T02:24:36.903345+00:00', '--job-id', '523', '--raw', '--subdir', 'DAGS_FOLDER/parking_dag.py', '--cfg-path', '/tmp/tmprai6zd6x', '--error-file', '/tmp/tmptuh6t577']
[2024-10-29 02:36:48,275] {standard_task_runner.py:80} INFO - Job 523: Subtask store_data_csv
[2024-10-29 02:36:48,362] {task_command.py:369} INFO - Running <TaskInstance: parking_pipeline.store_data_csv scheduled__2024-10-29T02:24:36.903345+00:00 [running]> on host 31266dfed982
[2024-10-29 02:36:48,470] {taskinstance.py:1571} INFO - Exporting the following env vars:
AIRFLOW_CTX_DAG_OWNER=Airflow
AIRFLOW_CTX_DAG_ID=parking_pipeline
AIRFLOW_CTX_TASK_ID=store_data_csv
AIRFLOW_CTX_EXECUTION_DATE=2024-10-29T02:24:36.903345+00:00
AIRFLOW_CTX_TRY_NUMBER=1
AIRFLOW_CTX_DAG_RUN_ID=scheduled__2024-10-29T02:24:36.903345+00:00
[2024-10-29 02:36:48,521] {python.py:173} INFO - Done. Returned value was: None
[2024-10-29 02:36:48,541] {taskinstance.py:1400} INFO - Marking task as SUCCESS. dag_id=parking_pipeline, task_id=store_data_csv, execution_date=20241029T022436, start_date=20241029T023648, end_date=20241029T023648
[2024-10-29 02:36:48,569] {local_task_job.py:156} INFO - Task exited with return code 0
[2024-10-29 02:36:48,632] {local_task_job.py:273} INFO - 0 downstream tasks scheduled from follow-on schedule check
