[2022-12-26 17:36:22,687] {taskinstance.py:1159} INFO - Dependencies all met for <TaskInstance: parking_pipeline.transform_data scheduled__2022-12-26T17:34:18.251652+00:00 [queued]>
[2022-12-26 17:36:22,693] {taskinstance.py:1159} INFO - Dependencies all met for <TaskInstance: parking_pipeline.transform_data scheduled__2022-12-26T17:34:18.251652+00:00 [queued]>
[2022-12-26 17:36:22,694] {taskinstance.py:1356} INFO - 
--------------------------------------------------------------------------------
[2022-12-26 17:36:22,694] {taskinstance.py:1357} INFO - Starting attempt 1 of 2
[2022-12-26 17:36:22,695] {taskinstance.py:1358} INFO - 
--------------------------------------------------------------------------------
[2022-12-26 17:36:22,703] {taskinstance.py:1377} INFO - Executing <Task(PythonOperator): transform_data> on 2022-12-26 17:34:18.251652+00:00
[2022-12-26 17:36:22,708] {standard_task_runner.py:52} INFO - Started process 4225 to run task
[2022-12-26 17:36:22,712] {standard_task_runner.py:79} INFO - Running: ['***', 'tasks', 'run', 'parking_pipeline', 'transform_data', 'scheduled__2022-12-26T17:34:18.251652+00:00', '--job-id', '134', '--raw', '--subdir', 'DAGS_FOLDER/parking_dag.py', '--cfg-path', '/tmp/tmpvn4a52tc', '--error-file', '/tmp/tmpya5e_sy9']
[2022-12-26 17:36:22,713] {standard_task_runner.py:80} INFO - Job 134: Subtask transform_data
[2022-12-26 17:36:22,763] {task_command.py:369} INFO - Running <TaskInstance: parking_pipeline.transform_data scheduled__2022-12-26T17:34:18.251652+00:00 [running]> on host a4f1a67a8720
[2022-12-26 17:36:22,829] {taskinstance.py:1571} INFO - Exporting the following env vars:
AIRFLOW_CTX_DAG_OWNER=Airflow
AIRFLOW_CTX_DAG_ID=parking_pipeline
AIRFLOW_CTX_TASK_ID=transform_data
AIRFLOW_CTX_EXECUTION_DATE=2022-12-26T17:34:18.251652+00:00
AIRFLOW_CTX_TRY_NUMBER=1
AIRFLOW_CTX_DAG_RUN_ID=scheduled__2022-12-26T17:34:18.251652+00:00
[2022-12-26 17:36:22,853] {python.py:173} INFO - Done. Returned value was: None
[2022-12-26 17:36:22,869] {taskinstance.py:1400} INFO - Marking task as SUCCESS. dag_id=parking_pipeline, task_id=transform_data, execution_date=20221226T173418, start_date=20221226T173622, end_date=20221226T173622
[2022-12-26 17:36:22,924] {local_task_job.py:156} INFO - Task exited with return code 0
[2022-12-26 17:36:22,955] {local_task_job.py:273} INFO - 0 downstream tasks scheduled from follow-on schedule check
