[2024-10-29 02:45:00,103] {taskinstance.py:1159} INFO - Dependencies all met for <TaskInstance: parking_pipeline.load_data scheduled__2024-10-29T02:41:18.339878+00:00 [queued]>
[2024-10-29 02:45:00,119] {taskinstance.py:1159} INFO - Dependencies all met for <TaskInstance: parking_pipeline.load_data scheduled__2024-10-29T02:41:18.339878+00:00 [queued]>
[2024-10-29 02:45:00,120] {taskinstance.py:1356} INFO - 
--------------------------------------------------------------------------------
[2024-10-29 02:45:00,121] {taskinstance.py:1357} INFO - Starting attempt 1 of 2
[2024-10-29 02:45:00,121] {taskinstance.py:1358} INFO - 
--------------------------------------------------------------------------------
[2024-10-29 02:45:00,141] {taskinstance.py:1377} INFO - Executing <Task(PythonOperator): load_data> on 2024-10-29 02:41:18.339878+00:00
[2024-10-29 02:45:00,148] {standard_task_runner.py:52} INFO - Started process 853 to run task
[2024-10-29 02:45:00,152] {standard_task_runner.py:79} INFO - Running: ['***', 'tasks', 'run', 'parking_pipeline', 'load_data', 'scheduled__2024-10-29T02:41:18.339878+00:00', '--job-id', '601', '--raw', '--subdir', 'DAGS_FOLDER/parking_dag.py', '--cfg-path', '/tmp/tmpdrxaw_jj', '--error-file', '/tmp/tmpfv0_1cxz']
[2024-10-29 02:45:00,153] {standard_task_runner.py:80} INFO - Job 601: Subtask load_data
[2024-10-29 02:45:00,231] {task_command.py:369} INFO - Running <TaskInstance: parking_pipeline.load_data scheduled__2024-10-29T02:41:18.339878+00:00 [running]> on host 31266dfed982
[2024-10-29 02:45:00,340] {taskinstance.py:1571} INFO - Exporting the following env vars:
AIRFLOW_CTX_DAG_OWNER=Airflow
AIRFLOW_CTX_DAG_ID=parking_pipeline
AIRFLOW_CTX_TASK_ID=load_data
AIRFLOW_CTX_EXECUTION_DATE=2024-10-29T02:41:18.339878+00:00
AIRFLOW_CTX_TRY_NUMBER=1
AIRFLOW_CTX_DAG_RUN_ID=scheduled__2024-10-29T02:41:18.339878+00:00
[2024-10-29 02:45:00,353] {postgres.py:127} INFO - Running copy expert: COPY parking_data FROM stdin WITH DELIMITER as ',', filename: ./tmp/processed_parking_data_00.csv
[2024-10-29 02:45:00,368] {base.py:68} INFO - Using connection ID 'postgres' for task execution.
[2024-10-29 02:45:00,380] {python.py:173} INFO - Done. Returned value was: None
[2024-10-29 02:45:00,401] {taskinstance.py:1400} INFO - Marking task as SUCCESS. dag_id=parking_pipeline, task_id=load_data, execution_date=20241029T024118, start_date=20241029T024500, end_date=20241029T024500
[2024-10-29 02:45:00,446] {local_task_job.py:156} INFO - Task exited with return code 0
[2024-10-29 02:45:00,491] {local_task_job.py:273} INFO - 0 downstream tasks scheduled from follow-on schedule check
