[2024-10-29 02:43:30,897] {taskinstance.py:1159} INFO - Dependencies all met for <TaskInstance: parking_pipeline.store_data_csv scheduled__2024-10-29T02:41:18.339878+00:00 [queued]>
[2024-10-29 02:43:30,911] {taskinstance.py:1159} INFO - Dependencies all met for <TaskInstance: parking_pipeline.store_data_csv scheduled__2024-10-29T02:41:18.339878+00:00 [queued]>
[2024-10-29 02:43:30,911] {taskinstance.py:1356} INFO - 
--------------------------------------------------------------------------------
[2024-10-29 02:43:30,912] {taskinstance.py:1357} INFO - Starting attempt 1 of 2
[2024-10-29 02:43:30,913] {taskinstance.py:1358} INFO - 
--------------------------------------------------------------------------------
[2024-10-29 02:43:30,932] {taskinstance.py:1377} INFO - Executing <Task(PythonOperator): store_data_csv> on 2024-10-29 02:41:18.339878+00:00
[2024-10-29 02:43:30,939] {standard_task_runner.py:52} INFO - Started process 708 to run task
[2024-10-29 02:43:30,942] {standard_task_runner.py:79} INFO - Running: ['***', 'tasks', 'run', 'parking_pipeline', 'store_data_csv', 'scheduled__2024-10-29T02:41:18.339878+00:00', '--job-id', '573', '--raw', '--subdir', 'DAGS_FOLDER/parking_dag.py', '--cfg-path', '/tmp/tmpdaa356yd', '--error-file', '/tmp/tmpklvt1pqa']
[2024-10-29 02:43:30,944] {standard_task_runner.py:80} INFO - Job 573: Subtask store_data_csv
[2024-10-29 02:43:31,017] {task_command.py:369} INFO - Running <TaskInstance: parking_pipeline.store_data_csv scheduled__2024-10-29T02:41:18.339878+00:00 [running]> on host 31266dfed982
[2024-10-29 02:43:31,132] {taskinstance.py:1571} INFO - Exporting the following env vars:
AIRFLOW_CTX_DAG_OWNER=Airflow
AIRFLOW_CTX_DAG_ID=parking_pipeline
AIRFLOW_CTX_TASK_ID=store_data_csv
AIRFLOW_CTX_EXECUTION_DATE=2024-10-29T02:41:18.339878+00:00
AIRFLOW_CTX_TRY_NUMBER=1
AIRFLOW_CTX_DAG_RUN_ID=scheduled__2024-10-29T02:41:18.339878+00:00
[2024-10-29 02:43:31,185] {python.py:173} INFO - Done. Returned value was: None
[2024-10-29 02:43:31,204] {taskinstance.py:1400} INFO - Marking task as SUCCESS. dag_id=parking_pipeline, task_id=store_data_csv, execution_date=20241029T024118, start_date=20241029T024330, end_date=20241029T024331
[2024-10-29 02:43:31,236] {local_task_job.py:156} INFO - Task exited with return code 0
[2024-10-29 02:43:31,308] {local_task_job.py:273} INFO - 0 downstream tasks scheduled from follow-on schedule check
