[2022-12-26 20:31:00,252] {taskinstance.py:1159} INFO - Dependencies all met for <TaskInstance: parking_pipeline.transform_data scheduled__2022-12-26T20:24:24.448414+00:00 [queued]>
[2022-12-26 20:31:00,260] {taskinstance.py:1159} INFO - Dependencies all met for <TaskInstance: parking_pipeline.transform_data scheduled__2022-12-26T20:24:24.448414+00:00 [queued]>
[2022-12-26 20:31:00,261] {taskinstance.py:1356} INFO - 
--------------------------------------------------------------------------------
[2022-12-26 20:31:00,262] {taskinstance.py:1357} INFO - Starting attempt 1 of 2
[2022-12-26 20:31:00,262] {taskinstance.py:1358} INFO - 
--------------------------------------------------------------------------------
[2022-12-26 20:31:00,273] {taskinstance.py:1377} INFO - Executing <Task(PythonOperator): transform_data> on 2022-12-26 20:24:24.448414+00:00
[2022-12-26 20:31:00,279] {standard_task_runner.py:52} INFO - Started process 1666 to run task
[2022-12-26 20:31:00,285] {standard_task_runner.py:79} INFO - Running: ['***', 'tasks', 'run', 'parking_pipeline', 'transform_data', 'scheduled__2022-12-26T20:24:24.448414+00:00', '--job-id', '68', '--raw', '--subdir', 'DAGS_FOLDER/parking_dag.py', '--cfg-path', '/tmp/tmp2ktz9lvj', '--error-file', '/tmp/tmpxtsbsgpr']
[2022-12-26 20:31:00,287] {standard_task_runner.py:80} INFO - Job 68: Subtask transform_data
[2022-12-26 20:31:00,371] {task_command.py:369} INFO - Running <TaskInstance: parking_pipeline.transform_data scheduled__2022-12-26T20:24:24.448414+00:00 [running]> on host 3d3eee352115
[2022-12-26 20:31:00,467] {taskinstance.py:1571} INFO - Exporting the following env vars:
AIRFLOW_CTX_DAG_OWNER=Airflow
AIRFLOW_CTX_DAG_ID=parking_pipeline
AIRFLOW_CTX_TASK_ID=transform_data
AIRFLOW_CTX_EXECUTION_DATE=2022-12-26T20:24:24.448414+00:00
AIRFLOW_CTX_TRY_NUMBER=1
AIRFLOW_CTX_DAG_RUN_ID=scheduled__2022-12-26T20:24:24.448414+00:00
[2022-12-26 20:31:00,509] {python.py:173} INFO - Done. Returned value was: None
[2022-12-26 20:31:00,527] {taskinstance.py:1400} INFO - Marking task as SUCCESS. dag_id=parking_pipeline, task_id=transform_data, execution_date=20221226T202424, start_date=20221226T203100, end_date=20221226T203100
[2022-12-26 20:31:00,579] {local_task_job.py:156} INFO - Task exited with return code 0
[2022-12-26 20:31:00,613] {local_task_job.py:273} INFO - 0 downstream tasks scheduled from follow-on schedule check
