[2024-10-22 03:14:20,209] {taskinstance.py:1159} INFO - Dependencies all met for <TaskInstance: parking_pipeline.load_data scheduled__2024-10-22T03:12:10.879477+00:00 [queued]>
[2024-10-22 03:14:20,228] {taskinstance.py:1159} INFO - Dependencies all met for <TaskInstance: parking_pipeline.load_data scheduled__2024-10-22T03:12:10.879477+00:00 [queued]>
[2024-10-22 03:14:20,229] {taskinstance.py:1356} INFO - 
--------------------------------------------------------------------------------
[2024-10-22 03:14:20,229] {taskinstance.py:1357} INFO - Starting attempt 1 of 2
[2024-10-22 03:14:20,230] {taskinstance.py:1358} INFO - 
--------------------------------------------------------------------------------
[2024-10-22 03:14:20,255] {taskinstance.py:1377} INFO - Executing <Task(PythonOperator): load_data> on 2024-10-22 03:12:10.879477+00:00
[2024-10-22 03:14:20,269] {standard_task_runner.py:79} INFO - Running: ['***', 'tasks', 'run', 'parking_pipeline', 'load_data', 'scheduled__2024-10-22T03:12:10.879477+00:00', '--job-id', '360', '--raw', '--subdir', 'DAGS_FOLDER/parking_dag.py', '--cfg-path', '/tmp/tmppd2to9nj', '--error-file', '/tmp/tmpunq1r_o_']
[2024-10-22 03:14:20,266] {standard_task_runner.py:52} INFO - Started process 308 to run task
[2024-10-22 03:14:20,270] {standard_task_runner.py:80} INFO - Job 360: Subtask load_data
[2024-10-22 03:14:20,345] {task_command.py:369} INFO - Running <TaskInstance: parking_pipeline.load_data scheduled__2024-10-22T03:12:10.879477+00:00 [running]> on host 09e0b15a696c
[2024-10-22 03:14:20,452] {taskinstance.py:1571} INFO - Exporting the following env vars:
AIRFLOW_CTX_DAG_OWNER=Airflow
AIRFLOW_CTX_DAG_ID=parking_pipeline
AIRFLOW_CTX_TASK_ID=load_data
AIRFLOW_CTX_EXECUTION_DATE=2024-10-22T03:12:10.879477+00:00
AIRFLOW_CTX_TRY_NUMBER=1
AIRFLOW_CTX_DAG_RUN_ID=scheduled__2024-10-22T03:12:10.879477+00:00
[2024-10-22 03:14:20,471] {postgres.py:127} INFO - Running copy expert: COPY parking_data FROM stdin WITH DELIMITER as ',', filename: ./tmp/processed_parking_data_00.csv
[2024-10-22 03:14:20,485] {base.py:68} INFO - Using connection ID 'postgres' for task execution.
[2024-10-22 03:14:20,495] {python.py:173} INFO - Done. Returned value was: None
[2024-10-22 03:14:20,513] {taskinstance.py:1400} INFO - Marking task as SUCCESS. dag_id=parking_pipeline, task_id=load_data, execution_date=20241022T031210, start_date=20241022T031420, end_date=20241022T031420
[2024-10-22 03:14:20,566] {local_task_job.py:156} INFO - Task exited with return code 0
[2024-10-22 03:14:20,608] {local_task_job.py:273} INFO - 0 downstream tasks scheduled from follow-on schedule check
