[2024-10-29 02:57:20,578] {taskinstance.py:1159} INFO - Dependencies all met for <TaskInstance: parking_pipeline.load_data scheduled__2024-10-29T02:55:06.469061+00:00 [queued]>
[2024-10-29 02:57:20,599] {taskinstance.py:1159} INFO - Dependencies all met for <TaskInstance: parking_pipeline.load_data scheduled__2024-10-29T02:55:06.469061+00:00 [queued]>
[2024-10-29 02:57:20,600] {taskinstance.py:1356} INFO - 
--------------------------------------------------------------------------------
[2024-10-29 02:57:20,602] {taskinstance.py:1357} INFO - Starting attempt 1 of 2
[2024-10-29 02:57:20,603] {taskinstance.py:1358} INFO - 
--------------------------------------------------------------------------------
[2024-10-29 02:57:20,632] {taskinstance.py:1377} INFO - Executing <Task(PythonOperator): load_data> on 2024-10-29 02:55:06.469061+00:00
[2024-10-29 02:57:20,643] {standard_task_runner.py:52} INFO - Started process 660 to run task
[2024-10-29 02:57:20,647] {standard_task_runner.py:79} INFO - Running: ['***', 'tasks', 'run', 'parking_pipeline', 'load_data', 'scheduled__2024-10-29T02:55:06.469061+00:00', '--job-id', '727', '--raw', '--subdir', 'DAGS_FOLDER/parking_dag.py', '--cfg-path', '/tmp/tmps_vouv6h', '--error-file', '/tmp/tmpn7wd38de']
[2024-10-29 02:57:20,649] {standard_task_runner.py:80} INFO - Job 727: Subtask load_data
[2024-10-29 02:57:20,754] {task_command.py:369} INFO - Running <TaskInstance: parking_pipeline.load_data scheduled__2024-10-29T02:55:06.469061+00:00 [running]> on host 6da7af54a32a
[2024-10-29 02:57:20,905] {taskinstance.py:1571} INFO - Exporting the following env vars:
AIRFLOW_CTX_DAG_OWNER=Airflow
AIRFLOW_CTX_DAG_ID=parking_pipeline
AIRFLOW_CTX_TASK_ID=load_data
AIRFLOW_CTX_EXECUTION_DATE=2024-10-29T02:55:06.469061+00:00
AIRFLOW_CTX_TRY_NUMBER=1
AIRFLOW_CTX_DAG_RUN_ID=scheduled__2024-10-29T02:55:06.469061+00:00
[2024-10-29 02:57:20,922] {postgres.py:127} INFO - Running copy expert: COPY parking_data FROM stdin WITH DELIMITER as ',', filename: ./tmp/processed_parking_data_00.csv
[2024-10-29 02:57:20,939] {base.py:68} INFO - Using connection ID 'postgres' for task execution.
[2024-10-29 02:57:20,959] {python.py:173} INFO - Done. Returned value was: None
[2024-10-29 02:57:20,983] {taskinstance.py:1400} INFO - Marking task as SUCCESS. dag_id=parking_pipeline, task_id=load_data, execution_date=20241029T025506, start_date=20241029T025720, end_date=20241029T025720
[2024-10-29 02:57:21,025] {local_task_job.py:156} INFO - Task exited with return code 0
[2024-10-29 02:57:21,082] {local_task_job.py:273} INFO - 0 downstream tasks scheduled from follow-on schedule check
