[2022-12-27 20:57:31,014] {taskinstance.py:1159} INFO - Dependencies all met for <TaskInstance: parking_pipeline.is_api_available manual__2022-12-27T20:57:30.236945+00:00 [queued]>
[2022-12-27 20:57:31,024] {taskinstance.py:1159} INFO - Dependencies all met for <TaskInstance: parking_pipeline.is_api_available manual__2022-12-27T20:57:30.236945+00:00 [queued]>
[2022-12-27 20:57:31,025] {taskinstance.py:1356} INFO - 
--------------------------------------------------------------------------------
[2022-12-27 20:57:31,025] {taskinstance.py:1357} INFO - Starting attempt 1 of 2
[2022-12-27 20:57:31,026] {taskinstance.py:1358} INFO - 
--------------------------------------------------------------------------------
[2022-12-27 20:57:31,037] {taskinstance.py:1377} INFO - Executing <Task(HttpSensor): is_api_available> on 2022-12-27 20:57:30.236945+00:00
[2022-12-27 20:57:31,047] {standard_task_runner.py:52} INFO - Started process 8098 to run task
[2022-12-27 20:57:31,053] {standard_task_runner.py:79} INFO - Running: ['***', 'tasks', 'run', 'parking_pipeline', 'is_api_available', 'manual__2022-12-27T20:57:30.236945+00:00', '--job-id', '345', '--raw', '--subdir', 'DAGS_FOLDER/parking_dag.py', '--cfg-path', '/tmp/tmp3_ogrj3m', '--error-file', '/tmp/tmpb_6457f2']
[2022-12-27 20:57:31,054] {standard_task_runner.py:80} INFO - Job 345: Subtask is_api_available
[2022-12-27 20:57:31,114] {task_command.py:369} INFO - Running <TaskInstance: parking_pipeline.is_api_available manual__2022-12-27T20:57:30.236945+00:00 [running]> on host 8fbeee8d3d5a
[2022-12-27 20:57:31,176] {taskinstance.py:1571} INFO - Exporting the following env vars:
AIRFLOW_CTX_DAG_OWNER=Airflow
AIRFLOW_CTX_DAG_ID=parking_pipeline
AIRFLOW_CTX_TASK_ID=is_api_available
AIRFLOW_CTX_EXECUTION_DATE=2022-12-27T20:57:30.236945+00:00
AIRFLOW_CTX_TRY_NUMBER=1
AIRFLOW_CTX_DAG_RUN_ID=manual__2022-12-27T20:57:30.236945+00:00
[2022-12-27 20:57:31,177] {http.py:97} INFO - Poking: 
[2022-12-27 20:57:31,188] {base.py:68} INFO - Using connection ID 'is_api_available' for task execution.
[2022-12-27 20:57:31,190] {http.py:129} INFO - Sending 'GET' to url: https://datahub-v2.arlingtonva.us/api/ParkingMeter/ParkingTransactions
[2022-12-27 20:57:31,340] {base.py:301} INFO - Success criteria met. Exiting.
[2022-12-27 20:57:31,356] {taskinstance.py:1400} INFO - Marking task as SUCCESS. dag_id=parking_pipeline, task_id=is_api_available, execution_date=20221227T205730, start_date=20221227T205731, end_date=20221227T205731
[2022-12-27 20:57:31,385] {local_task_job.py:156} INFO - Task exited with return code 0
[2022-12-27 20:57:31,426] {local_task_job.py:273} INFO - 1 downstream tasks scheduled from follow-on schedule check
