[2024-10-20 13:34:14,658] {taskinstance.py:1159} INFO - Dependencies all met for <TaskInstance: parking_pipeline.is_api_available scheduled__2024-10-20T13:32:13.842377+00:00 [queued]>
[2024-10-20 13:34:14,670] {taskinstance.py:1159} INFO - Dependencies all met for <TaskInstance: parking_pipeline.is_api_available scheduled__2024-10-20T13:32:13.842377+00:00 [queued]>
[2024-10-20 13:34:14,670] {taskinstance.py:1356} INFO - 
--------------------------------------------------------------------------------
[2024-10-20 13:34:14,671] {taskinstance.py:1357} INFO - Starting attempt 1 of 2
[2024-10-20 13:34:14,671] {taskinstance.py:1358} INFO - 
--------------------------------------------------------------------------------
[2024-10-20 13:34:14,688] {taskinstance.py:1377} INFO - Executing <Task(HttpSensor): is_api_available> on 2024-10-20 13:32:13.842377+00:00
[2024-10-20 13:34:14,695] {standard_task_runner.py:52} INFO - Started process 428 to run task
[2024-10-20 13:34:14,698] {standard_task_runner.py:79} INFO - Running: ['***', 'tasks', 'run', 'parking_pipeline', 'is_api_available', 'scheduled__2024-10-20T13:32:13.842377+00:00', '--job-id', '137', '--raw', '--subdir', 'DAGS_FOLDER/parking_dag.py', '--cfg-path', '/tmp/tmptdzbb5_j', '--error-file', '/tmp/tmpwwan63d6']
[2024-10-20 13:34:14,699] {standard_task_runner.py:80} INFO - Job 137: Subtask is_api_available
[2024-10-20 13:34:14,757] {task_command.py:369} INFO - Running <TaskInstance: parking_pipeline.is_api_available scheduled__2024-10-20T13:32:13.842377+00:00 [running]> on host cca6e04cab7b
[2024-10-20 13:34:14,837] {taskinstance.py:1571} INFO - Exporting the following env vars:
AIRFLOW_CTX_DAG_OWNER=Airflow
AIRFLOW_CTX_DAG_ID=parking_pipeline
AIRFLOW_CTX_TASK_ID=is_api_available
AIRFLOW_CTX_EXECUTION_DATE=2024-10-20T13:32:13.842377+00:00
AIRFLOW_CTX_TRY_NUMBER=1
AIRFLOW_CTX_DAG_RUN_ID=scheduled__2024-10-20T13:32:13.842377+00:00
[2024-10-20 13:34:14,838] {http.py:97} INFO - Poking: 
[2024-10-20 13:34:14,849] {base.py:68} INFO - Using connection ID 'is_api_available' for task execution.
[2024-10-20 13:34:14,850] {http.py:129} INFO - Sending 'GET' to url: https://datahub-v2.arlingtonva.us/api/ParkingMeter/ParkingTransactions
[2024-10-20 13:34:16,280] {base.py:301} INFO - Success criteria met. Exiting.
[2024-10-20 13:34:16,295] {taskinstance.py:1400} INFO - Marking task as SUCCESS. dag_id=parking_pipeline, task_id=is_api_available, execution_date=20241020T133213, start_date=20241020T133414, end_date=20241020T133416
[2024-10-20 13:34:16,356] {local_task_job.py:156} INFO - Task exited with return code 0
[2024-10-20 13:34:16,412] {local_task_job.py:273} INFO - 1 downstream tasks scheduled from follow-on schedule check
