[2024-10-29 02:43:20,421] {taskinstance.py:1159} INFO - Dependencies all met for <TaskInstance: parking_pipeline.is_api_available scheduled__2024-10-29T02:41:18.339878+00:00 [queued]>
[2024-10-29 02:43:20,436] {taskinstance.py:1159} INFO - Dependencies all met for <TaskInstance: parking_pipeline.is_api_available scheduled__2024-10-29T02:41:18.339878+00:00 [queued]>
[2024-10-29 02:43:20,437] {taskinstance.py:1356} INFO - 
--------------------------------------------------------------------------------
[2024-10-29 02:43:20,447] {taskinstance.py:1357} INFO - Starting attempt 1 of 2
[2024-10-29 02:43:20,448] {taskinstance.py:1358} INFO - 
--------------------------------------------------------------------------------
[2024-10-29 02:43:20,469] {taskinstance.py:1377} INFO - Executing <Task(HttpSensor): is_api_available> on 2024-10-29 02:41:18.339878+00:00
[2024-10-29 02:43:20,476] {standard_task_runner.py:52} INFO - Started process 685 to run task
[2024-10-29 02:43:20,479] {standard_task_runner.py:79} INFO - Running: ['***', 'tasks', 'run', 'parking_pipeline', 'is_api_available', 'scheduled__2024-10-29T02:41:18.339878+00:00', '--job-id', '569', '--raw', '--subdir', 'DAGS_FOLDER/parking_dag.py', '--cfg-path', '/tmp/tmpsexh1i72', '--error-file', '/tmp/tmp5s2dpv1e']
[2024-10-29 02:43:20,480] {standard_task_runner.py:80} INFO - Job 569: Subtask is_api_available
[2024-10-29 02:43:20,550] {task_command.py:369} INFO - Running <TaskInstance: parking_pipeline.is_api_available scheduled__2024-10-29T02:41:18.339878+00:00 [running]> on host 31266dfed982
[2024-10-29 02:43:20,666] {taskinstance.py:1571} INFO - Exporting the following env vars:
AIRFLOW_CTX_DAG_OWNER=Airflow
AIRFLOW_CTX_DAG_ID=parking_pipeline
AIRFLOW_CTX_TASK_ID=is_api_available
AIRFLOW_CTX_EXECUTION_DATE=2024-10-29T02:41:18.339878+00:00
AIRFLOW_CTX_TRY_NUMBER=1
AIRFLOW_CTX_DAG_RUN_ID=scheduled__2024-10-29T02:41:18.339878+00:00
[2024-10-29 02:43:20,667] {http.py:97} INFO - Poking: 
[2024-10-29 02:43:20,683] {base.py:68} INFO - Using connection ID 'is_api_available' for task execution.
[2024-10-29 02:43:20,686] {http.py:129} INFO - Sending 'GET' to url: https://datahub-v2.arlingtonva.us/api/ParkingMeter/ParkingTransactions
[2024-10-29 02:43:21,699] {base.py:301} INFO - Success criteria met. Exiting.
[2024-10-29 02:43:21,718] {taskinstance.py:1400} INFO - Marking task as SUCCESS. dag_id=parking_pipeline, task_id=is_api_available, execution_date=20241029T024118, start_date=20241029T024320, end_date=20241029T024321
[2024-10-29 02:43:21,780] {local_task_job.py:156} INFO - Task exited with return code 0
[2024-10-29 02:43:21,851] {local_task_job.py:273} INFO - 1 downstream tasks scheduled from follow-on schedule check
