[2022-12-26 19:35:47,808] {taskinstance.py:1159} INFO - Dependencies all met for <TaskInstance: parking_pipeline.is_api_available scheduled__2022-12-26T19:33:46.425969+00:00 [queued]>
[2022-12-26 19:35:47,814] {taskinstance.py:1159} INFO - Dependencies all met for <TaskInstance: parking_pipeline.is_api_available scheduled__2022-12-26T19:33:46.425969+00:00 [queued]>
[2022-12-26 19:35:47,814] {taskinstance.py:1356} INFO - 
--------------------------------------------------------------------------------
[2022-12-26 19:35:47,815] {taskinstance.py:1357} INFO - Starting attempt 1 of 2
[2022-12-26 19:35:47,815] {taskinstance.py:1358} INFO - 
--------------------------------------------------------------------------------
[2022-12-26 19:35:47,825] {taskinstance.py:1377} INFO - Executing <Task(HttpSensor): is_api_available> on 2022-12-26 19:33:46.425969+00:00
[2022-12-26 19:35:47,829] {standard_task_runner.py:52} INFO - Started process 9270 to run task
[2022-12-26 19:35:47,834] {standard_task_runner.py:79} INFO - Running: ['***', 'tasks', 'run', 'parking_pipeline', 'is_api_available', 'scheduled__2022-12-26T19:33:46.425969+00:00', '--job-id', '368', '--raw', '--subdir', 'DAGS_FOLDER/parking_dag.py', '--cfg-path', '/tmp/tmp__ng38_c', '--error-file', '/tmp/tmpacwzh2y1']
[2022-12-26 19:35:47,835] {standard_task_runner.py:80} INFO - Job 368: Subtask is_api_available
[2022-12-26 19:35:47,888] {task_command.py:369} INFO - Running <TaskInstance: parking_pipeline.is_api_available scheduled__2022-12-26T19:33:46.425969+00:00 [running]> on host a4f1a67a8720
[2022-12-26 19:35:47,948] {taskinstance.py:1571} INFO - Exporting the following env vars:
AIRFLOW_CTX_DAG_OWNER=Airflow
AIRFLOW_CTX_DAG_ID=parking_pipeline
AIRFLOW_CTX_TASK_ID=is_api_available
AIRFLOW_CTX_EXECUTION_DATE=2022-12-26T19:33:46.425969+00:00
AIRFLOW_CTX_TRY_NUMBER=1
AIRFLOW_CTX_DAG_RUN_ID=scheduled__2022-12-26T19:33:46.425969+00:00
[2022-12-26 19:35:47,950] {http.py:97} INFO - Poking: 
[2022-12-26 19:35:47,960] {base.py:68} INFO - Using connection ID 'is_api_available' for task execution.
[2022-12-26 19:35:47,962] {http.py:129} INFO - Sending 'GET' to url: https://datahub-v2.arlingtonva.us/api/ParkingMeter/ParkingTransactions
[2022-12-26 19:35:48,101] {base.py:301} INFO - Success criteria met. Exiting.
[2022-12-26 19:35:48,117] {taskinstance.py:1400} INFO - Marking task as SUCCESS. dag_id=parking_pipeline, task_id=is_api_available, execution_date=20221226T193346, start_date=20221226T193547, end_date=20221226T193548
[2022-12-26 19:35:48,174] {local_task_job.py:156} INFO - Task exited with return code 0
[2022-12-26 19:35:48,221] {local_task_job.py:273} INFO - 1 downstream tasks scheduled from follow-on schedule check
