[2024-10-20 13:07:05,900] {taskinstance.py:1159} INFO - Dependencies all met for <TaskInstance: parking_pipeline.is_api_available scheduled__2024-10-20T13:05:04.112857+00:00 [queued]>
[2024-10-20 13:07:05,914] {taskinstance.py:1159} INFO - Dependencies all met for <TaskInstance: parking_pipeline.is_api_available scheduled__2024-10-20T13:05:04.112857+00:00 [queued]>
[2024-10-20 13:07:05,914] {taskinstance.py:1356} INFO - 
--------------------------------------------------------------------------------
[2024-10-20 13:07:05,915] {taskinstance.py:1357} INFO - Starting attempt 1 of 2
[2024-10-20 13:07:05,915] {taskinstance.py:1358} INFO - 
--------------------------------------------------------------------------------
[2024-10-20 13:07:05,936] {taskinstance.py:1377} INFO - Executing <Task(HttpSensor): is_api_available> on 2024-10-20 13:05:04.112857+00:00
[2024-10-20 13:07:05,945] {standard_task_runner.py:52} INFO - Started process 1124 to run task
[2024-10-20 13:07:05,948] {standard_task_runner.py:79} INFO - Running: ['***', 'tasks', 'run', 'parking_pipeline', 'is_api_available', 'scheduled__2024-10-20T13:05:04.112857+00:00', '--job-id', '44', '--raw', '--subdir', 'DAGS_FOLDER/parking_dag.py', '--cfg-path', '/tmp/tmph7kxh5oj', '--error-file', '/tmp/tmpnp5bal2a']
[2024-10-20 13:07:05,949] {standard_task_runner.py:80} INFO - Job 44: Subtask is_api_available
[2024-10-20 13:07:06,040] {task_command.py:369} INFO - Running <TaskInstance: parking_pipeline.is_api_available scheduled__2024-10-20T13:05:04.112857+00:00 [running]> on host 1fca498fbeb9
[2024-10-20 13:07:06,142] {taskinstance.py:1571} INFO - Exporting the following env vars:
AIRFLOW_CTX_DAG_OWNER=Airflow
AIRFLOW_CTX_DAG_ID=parking_pipeline
AIRFLOW_CTX_TASK_ID=is_api_available
AIRFLOW_CTX_EXECUTION_DATE=2024-10-20T13:05:04.112857+00:00
AIRFLOW_CTX_TRY_NUMBER=1
AIRFLOW_CTX_DAG_RUN_ID=scheduled__2024-10-20T13:05:04.112857+00:00
[2024-10-20 13:07:06,143] {http.py:97} INFO - Poking: 
[2024-10-20 13:07:06,157] {base.py:68} INFO - Using connection ID 'is_api_available' for task execution.
[2024-10-20 13:07:06,159] {http.py:129} INFO - Sending 'GET' to url: https://datahub-v2.arlingtonva.us/api/ParkingMeter/ParkingTransactions
[2024-10-20 13:07:07,262] {base.py:301} INFO - Success criteria met. Exiting.
[2024-10-20 13:07:07,290] {taskinstance.py:1400} INFO - Marking task as SUCCESS. dag_id=parking_pipeline, task_id=is_api_available, execution_date=20241020T130504, start_date=20241020T130705, end_date=20241020T130707
[2024-10-20 13:07:07,331] {local_task_job.py:156} INFO - Task exited with return code 0
[2024-10-20 13:07:07,405] {local_task_job.py:273} INFO - 1 downstream tasks scheduled from follow-on schedule check
