[2024-10-29 02:55:01,591] {taskinstance.py:1159} INFO - Dependencies all met for <TaskInstance: parking_pipeline.load_data scheduled__2024-10-29T02:52:48.580206+00:00 [queued]>
[2024-10-29 02:55:01,617] {taskinstance.py:1159} INFO - Dependencies all met for <TaskInstance: parking_pipeline.load_data scheduled__2024-10-29T02:52:48.580206+00:00 [queued]>
[2024-10-29 02:55:01,618] {taskinstance.py:1356} INFO - 
--------------------------------------------------------------------------------
[2024-10-29 02:55:01,619] {taskinstance.py:1357} INFO - Starting attempt 1 of 2
[2024-10-29 02:55:01,620] {taskinstance.py:1358} INFO - 
--------------------------------------------------------------------------------
[2024-10-29 02:55:01,660] {taskinstance.py:1377} INFO - Executing <Task(PythonOperator): load_data> on 2024-10-29 02:52:48.580206+00:00
[2024-10-29 02:55:01,670] {standard_task_runner.py:52} INFO - Started process 448 to run task
[2024-10-29 02:55:01,679] {standard_task_runner.py:79} INFO - Running: ['***', 'tasks', 'run', 'parking_pipeline', 'load_data', 'scheduled__2024-10-29T02:52:48.580206+00:00', '--job-id', '687', '--raw', '--subdir', 'DAGS_FOLDER/parking_dag.py', '--cfg-path', '/tmp/tmppr0dy_dg', '--error-file', '/tmp/tmprtsvbfb7']
[2024-10-29 02:55:01,681] {standard_task_runner.py:80} INFO - Job 687: Subtask load_data
[2024-10-29 02:55:01,793] {task_command.py:369} INFO - Running <TaskInstance: parking_pipeline.load_data scheduled__2024-10-29T02:52:48.580206+00:00 [running]> on host 6da7af54a32a
[2024-10-29 02:55:01,947] {taskinstance.py:1571} INFO - Exporting the following env vars:
AIRFLOW_CTX_DAG_OWNER=Airflow
AIRFLOW_CTX_DAG_ID=parking_pipeline
AIRFLOW_CTX_TASK_ID=load_data
AIRFLOW_CTX_EXECUTION_DATE=2024-10-29T02:52:48.580206+00:00
AIRFLOW_CTX_TRY_NUMBER=1
AIRFLOW_CTX_DAG_RUN_ID=scheduled__2024-10-29T02:52:48.580206+00:00
[2024-10-29 02:55:01,968] {postgres.py:127} INFO - Running copy expert: COPY parking_data FROM stdin WITH DELIMITER as ',', filename: ./tmp/processed_parking_data_00.csv
[2024-10-29 02:55:01,986] {base.py:68} INFO - Using connection ID 'postgres' for task execution.
[2024-10-29 02:55:01,999] {python.py:173} INFO - Done. Returned value was: None
[2024-10-29 02:55:02,033] {taskinstance.py:1400} INFO - Marking task as SUCCESS. dag_id=parking_pipeline, task_id=load_data, execution_date=20241029T025248, start_date=20241029T025501, end_date=20241029T025502
[2024-10-29 02:55:02,089] {local_task_job.py:156} INFO - Task exited with return code 0
[2024-10-29 02:55:02,160] {local_task_job.py:273} INFO - 0 downstream tasks scheduled from follow-on schedule check
