[2022-12-27 20:23:07,759] {taskinstance.py:1159} INFO - Dependencies all met for <TaskInstance: parking_pipeline.transform_data scheduled__2022-12-27T20:11:30.475329+00:00 [queued]>
[2022-12-27 20:23:07,796] {taskinstance.py:1159} INFO - Dependencies all met for <TaskInstance: parking_pipeline.transform_data scheduled__2022-12-27T20:11:30.475329+00:00 [queued]>
[2022-12-27 20:23:07,796] {taskinstance.py:1356} INFO - 
--------------------------------------------------------------------------------
[2022-12-27 20:23:07,798] {taskinstance.py:1357} INFO - Starting attempt 2 of 2
[2022-12-27 20:23:07,801] {taskinstance.py:1358} INFO - 
--------------------------------------------------------------------------------
[2022-12-27 20:23:07,837] {taskinstance.py:1377} INFO - Executing <Task(PythonOperator): transform_data> on 2022-12-27 20:11:30.475329+00:00
[2022-12-27 20:23:07,962] {standard_task_runner.py:52} INFO - Started process 5934 to run task
[2022-12-27 20:23:07,989] {standard_task_runner.py:79} INFO - Running: ['***', 'tasks', 'run', 'parking_pipeline', 'transform_data', 'scheduled__2022-12-27T20:11:30.475329+00:00', '--job-id', '186', '--raw', '--subdir', 'DAGS_FOLDER/parking_dag.py', '--cfg-path', '/tmp/tmp8qm5_h0y', '--error-file', '/tmp/tmp5tpz3jrp']
[2022-12-27 20:23:08,001] {standard_task_runner.py:80} INFO - Job 186: Subtask transform_data
[2022-12-27 20:23:08,221] {task_command.py:369} INFO - Running <TaskInstance: parking_pipeline.transform_data scheduled__2022-12-27T20:11:30.475329+00:00 [running]> on host 8fbeee8d3d5a
[2022-12-27 20:23:08,493] {taskinstance.py:1571} INFO - Exporting the following env vars:
AIRFLOW_CTX_DAG_OWNER=Airflow
AIRFLOW_CTX_DAG_ID=parking_pipeline
AIRFLOW_CTX_TASK_ID=transform_data
AIRFLOW_CTX_EXECUTION_DATE=2022-12-27T20:11:30.475329+00:00
AIRFLOW_CTX_TRY_NUMBER=2
AIRFLOW_CTX_DAG_RUN_ID=scheduled__2022-12-27T20:11:30.475329+00:00
[2022-12-27 20:23:08,584] {python.py:173} INFO - Done. Returned value was: None
[2022-12-27 20:23:08,651] {taskinstance.py:1400} INFO - Marking task as SUCCESS. dag_id=parking_pipeline, task_id=transform_data, execution_date=20221227T201130, start_date=20221227T202307, end_date=20221227T202308
[2022-12-27 20:23:08,725] {local_task_job.py:156} INFO - Task exited with return code 0
[2022-12-27 20:23:08,832] {local_task_job.py:273} INFO - 0 downstream tasks scheduled from follow-on schedule check
