[2022-12-27 23:27:47,854] {taskinstance.py:1159} INFO - Dependencies all met for <TaskInstance: parking_pipeline.transform_data manual__2022-12-27T23:27:42.865732+00:00 [queued]>
[2022-12-27 23:27:47,861] {taskinstance.py:1159} INFO - Dependencies all met for <TaskInstance: parking_pipeline.transform_data manual__2022-12-27T23:27:42.865732+00:00 [queued]>
[2022-12-27 23:27:47,862] {taskinstance.py:1356} INFO - 
--------------------------------------------------------------------------------
[2022-12-27 23:27:47,862] {taskinstance.py:1357} INFO - Starting attempt 1 of 2
[2022-12-27 23:27:47,863] {taskinstance.py:1358} INFO - 
--------------------------------------------------------------------------------
[2022-12-27 23:27:47,873] {taskinstance.py:1377} INFO - Executing <Task(PythonOperator): transform_data> on 2022-12-27 23:27:42.865732+00:00
[2022-12-27 23:27:47,878] {standard_task_runner.py:52} INFO - Started process 14148 to run task
[2022-12-27 23:27:47,882] {standard_task_runner.py:79} INFO - Running: ['***', 'tasks', 'run', 'parking_pipeline', 'transform_data', 'manual__2022-12-27T23:27:42.865732+00:00', '--job-id', '744', '--raw', '--subdir', 'DAGS_FOLDER/parking_dag.py', '--cfg-path', '/tmp/tmpp23fcnb4', '--error-file', '/tmp/tmpb07jdp8w']
[2022-12-27 23:27:47,884] {standard_task_runner.py:80} INFO - Job 744: Subtask transform_data
[2022-12-27 23:27:47,940] {task_command.py:369} INFO - Running <TaskInstance: parking_pipeline.transform_data manual__2022-12-27T23:27:42.865732+00:00 [running]> on host 8fbeee8d3d5a
[2022-12-27 23:27:48,007] {taskinstance.py:1571} INFO - Exporting the following env vars:
AIRFLOW_CTX_DAG_OWNER=Airflow
AIRFLOW_CTX_DAG_ID=parking_pipeline
AIRFLOW_CTX_TASK_ID=transform_data
AIRFLOW_CTX_EXECUTION_DATE=2022-12-27T23:27:42.865732+00:00
AIRFLOW_CTX_TRY_NUMBER=1
AIRFLOW_CTX_DAG_RUN_ID=manual__2022-12-27T23:27:42.865732+00:00
[2022-12-27 23:27:48,044] {python.py:173} INFO - Done. Returned value was: None
[2022-12-27 23:27:48,058] {taskinstance.py:1400} INFO - Marking task as SUCCESS. dag_id=parking_pipeline, task_id=transform_data, execution_date=20221227T232742, start_date=20221227T232747, end_date=20221227T232748
[2022-12-27 23:27:48,094] {local_task_job.py:156} INFO - Task exited with return code 0
[2022-12-27 23:27:48,131] {local_task_job.py:273} INFO - 1 downstream tasks scheduled from follow-on schedule check
