[2024-10-22 03:12:18,229] {taskinstance.py:1159} INFO - Dependencies all met for <TaskInstance: parking_pipeline.transform_data scheduled__2024-10-22T03:10:10.879477+00:00 [queued]>
[2024-10-22 03:12:18,245] {taskinstance.py:1159} INFO - Dependencies all met for <TaskInstance: parking_pipeline.transform_data scheduled__2024-10-22T03:10:10.879477+00:00 [queued]>
[2024-10-22 03:12:18,245] {taskinstance.py:1356} INFO - 
--------------------------------------------------------------------------------
[2024-10-22 03:12:18,246] {taskinstance.py:1357} INFO - Starting attempt 1 of 2
[2024-10-22 03:12:18,247] {taskinstance.py:1358} INFO - 
--------------------------------------------------------------------------------
[2024-10-22 03:12:18,268] {taskinstance.py:1377} INFO - Executing <Task(PythonOperator): transform_data> on 2024-10-22 03:10:10.879477+00:00
[2024-10-22 03:12:18,276] {standard_task_runner.py:52} INFO - Started process 200 to run task
[2024-10-22 03:12:18,280] {standard_task_runner.py:79} INFO - Running: ['***', 'tasks', 'run', 'parking_pipeline', 'transform_data', 'scheduled__2024-10-22T03:10:10.879477+00:00', '--job-id', '354', '--raw', '--subdir', 'DAGS_FOLDER/parking_dag.py', '--cfg-path', '/tmp/tmp0are__ac', '--error-file', '/tmp/tmpiiy4mued']
[2024-10-22 03:12:18,282] {standard_task_runner.py:80} INFO - Job 354: Subtask transform_data
[2024-10-22 03:12:18,357] {task_command.py:369} INFO - Running <TaskInstance: parking_pipeline.transform_data scheduled__2024-10-22T03:10:10.879477+00:00 [running]> on host 09e0b15a696c
[2024-10-22 03:12:18,460] {taskinstance.py:1571} INFO - Exporting the following env vars:
AIRFLOW_CTX_DAG_OWNER=Airflow
AIRFLOW_CTX_DAG_ID=parking_pipeline
AIRFLOW_CTX_TASK_ID=transform_data
AIRFLOW_CTX_EXECUTION_DATE=2024-10-22T03:10:10.879477+00:00
AIRFLOW_CTX_TRY_NUMBER=1
AIRFLOW_CTX_DAG_RUN_ID=scheduled__2024-10-22T03:10:10.879477+00:00
[2024-10-22 03:12:18,495] {python.py:173} INFO - Done. Returned value was: None
[2024-10-22 03:12:18,512] {taskinstance.py:1400} INFO - Marking task as SUCCESS. dag_id=parking_pipeline, task_id=transform_data, execution_date=20241022T031010, start_date=20241022T031218, end_date=20241022T031218
[2024-10-22 03:12:18,536] {local_task_job.py:156} INFO - Task exited with return code 0
[2024-10-22 03:12:18,583] {local_task_job.py:273} INFO - 1 downstream tasks scheduled from follow-on schedule check
