[2022-12-27 23:30:54,776] {taskinstance.py:1159} INFO - Dependencies all met for <TaskInstance: parking_pipeline.create_table scheduled__2022-12-27T23:28:51.779948+00:00 [queued]>
[2022-12-27 23:30:54,785] {taskinstance.py:1159} INFO - Dependencies all met for <TaskInstance: parking_pipeline.create_table scheduled__2022-12-27T23:28:51.779948+00:00 [queued]>
[2022-12-27 23:30:54,786] {taskinstance.py:1356} INFO - 
--------------------------------------------------------------------------------
[2022-12-27 23:30:54,786] {taskinstance.py:1357} INFO - Starting attempt 1 of 2
[2022-12-27 23:30:54,787] {taskinstance.py:1358} INFO - 
--------------------------------------------------------------------------------
[2022-12-27 23:30:54,797] {taskinstance.py:1377} INFO - Executing <Task(PostgresOperator): create_table> on 2022-12-27 23:28:51.779948+00:00
[2022-12-27 23:30:54,803] {standard_task_runner.py:52} INFO - Started process 14404 to run task
[2022-12-27 23:30:54,808] {standard_task_runner.py:79} INFO - Running: ['***', 'tasks', 'run', 'parking_pipeline', 'create_table', 'scheduled__2022-12-27T23:28:51.779948+00:00', '--job-id', '779', '--raw', '--subdir', 'DAGS_FOLDER/parking_dag.py', '--cfg-path', '/tmp/tmpcbbp8qa8', '--error-file', '/tmp/tmputfd9lbx']
[2022-12-27 23:30:54,809] {standard_task_runner.py:80} INFO - Job 779: Subtask create_table
[2022-12-27 23:30:54,892] {task_command.py:369} INFO - Running <TaskInstance: parking_pipeline.create_table scheduled__2022-12-27T23:28:51.779948+00:00 [running]> on host 8fbeee8d3d5a
[2022-12-27 23:30:54,967] {taskinstance.py:1571} INFO - Exporting the following env vars:
AIRFLOW_CTX_DAG_OWNER=Airflow
AIRFLOW_CTX_DAG_ID=parking_pipeline
AIRFLOW_CTX_TASK_ID=create_table
AIRFLOW_CTX_EXECUTION_DATE=2022-12-27T23:28:51.779948+00:00
AIRFLOW_CTX_TRY_NUMBER=1
AIRFLOW_CTX_DAG_RUN_ID=scheduled__2022-12-27T23:28:51.779948+00:00
[2022-12-27 23:30:54,977] {base.py:68} INFO - Using connection ID 'postgres' for task execution.
[2022-12-27 23:30:54,984] {dbapi.py:208} INFO - Running statement: 
            drop table if exists parking_data;
            create table parking_data(
                startDtm text not null,
                endDtm text not null,
                transactionAmt float not null,
                paymentTypeName text not null,
                transactionStatusCode text not null,
                maxHoursCnt text not null,
                meterTypeDsc text not null,
                dollarPerHourRate text not null,
                activeStatusInd bool not null,
                metroAreaName text not null
            );
        , parameters: None
[2022-12-27 23:30:55,004] {taskinstance.py:1400} INFO - Marking task as SUCCESS. dag_id=parking_pipeline, task_id=create_table, execution_date=20221227T232851, start_date=20221227T233054, end_date=20221227T233055
[2022-12-27 23:30:55,063] {local_task_job.py:156} INFO - Task exited with return code 0
[2022-12-27 23:30:55,105] {local_task_job.py:273} INFO - 1 downstream tasks scheduled from follow-on schedule check
