[2024-10-29 02:16:38,324] {taskinstance.py:1159} INFO - Dependencies all met for <TaskInstance: parking_pipeline.is_api_available scheduled__2024-10-29T02:14:36.903345+00:00 [queued]>
[2024-10-29 02:16:38,341] {taskinstance.py:1159} INFO - Dependencies all met for <TaskInstance: parking_pipeline.is_api_available scheduled__2024-10-29T02:14:36.903345+00:00 [queued]>
[2024-10-29 02:16:38,341] {taskinstance.py:1356} INFO - 
--------------------------------------------------------------------------------
[2024-10-29 02:16:38,345] {taskinstance.py:1357} INFO - Starting attempt 1 of 2
[2024-10-29 02:16:38,346] {taskinstance.py:1358} INFO - 
--------------------------------------------------------------------------------
[2024-10-29 02:16:38,369] {taskinstance.py:1377} INFO - Executing <Task(HttpSensor): is_api_available> on 2024-10-29 02:14:36.903345+00:00
[2024-10-29 02:16:38,376] {standard_task_runner.py:52} INFO - Started process 282 to run task
[2024-10-29 02:16:38,379] {standard_task_runner.py:79} INFO - Running: ['***', 'tasks', 'run', 'parking_pipeline', 'is_api_available', 'scheduled__2024-10-29T02:14:36.903345+00:00', '--job-id', '444', '--raw', '--subdir', 'DAGS_FOLDER/parking_dag.py', '--cfg-path', '/tmp/tmpd2_2y7i0', '--error-file', '/tmp/tmpwnc7xznp']
[2024-10-29 02:16:38,380] {standard_task_runner.py:80} INFO - Job 444: Subtask is_api_available
[2024-10-29 02:16:38,454] {task_command.py:369} INFO - Running <TaskInstance: parking_pipeline.is_api_available scheduled__2024-10-29T02:14:36.903345+00:00 [running]> on host 34572bdb7b7c
[2024-10-29 02:16:38,589] {taskinstance.py:1571} INFO - Exporting the following env vars:
AIRFLOW_CTX_DAG_OWNER=Airflow
AIRFLOW_CTX_DAG_ID=parking_pipeline
AIRFLOW_CTX_TASK_ID=is_api_available
AIRFLOW_CTX_EXECUTION_DATE=2024-10-29T02:14:36.903345+00:00
AIRFLOW_CTX_TRY_NUMBER=1
AIRFLOW_CTX_DAG_RUN_ID=scheduled__2024-10-29T02:14:36.903345+00:00
[2024-10-29 02:16:38,590] {http.py:97} INFO - Poking: 
[2024-10-29 02:16:38,604] {base.py:68} INFO - Using connection ID 'is_api_available' for task execution.
[2024-10-29 02:16:38,606] {http.py:129} INFO - Sending 'GET' to url: https://datahub-v2.arlingtonva.us/api/ParkingMeter/ParkingTransactions
[2024-10-29 02:16:39,639] {base.py:301} INFO - Success criteria met. Exiting.
[2024-10-29 02:16:39,656] {taskinstance.py:1400} INFO - Marking task as SUCCESS. dag_id=parking_pipeline, task_id=is_api_available, execution_date=20241029T021436, start_date=20241029T021638, end_date=20241029T021639
[2024-10-29 02:16:39,717] {local_task_job.py:156} INFO - Task exited with return code 0
[2024-10-29 02:16:39,796] {local_task_job.py:273} INFO - 1 downstream tasks scheduled from follow-on schedule check
