[2024-10-20 12:57:17,630] {taskinstance.py:1159} INFO - Dependencies all met for <TaskInstance: parking_pipeline.is_api_available manual__2024-10-20T12:52:14.142718+00:00 [queued]>
[2024-10-20 12:57:17,644] {taskinstance.py:1159} INFO - Dependencies all met for <TaskInstance: parking_pipeline.is_api_available manual__2024-10-20T12:52:14.142718+00:00 [queued]>
[2024-10-20 12:57:17,645] {taskinstance.py:1356} INFO - 
--------------------------------------------------------------------------------
[2024-10-20 12:57:17,646] {taskinstance.py:1357} INFO - Starting attempt 2 of 2
[2024-10-20 12:57:17,647] {taskinstance.py:1358} INFO - 
--------------------------------------------------------------------------------
[2024-10-20 12:57:17,674] {taskinstance.py:1377} INFO - Executing <Task(HttpSensor): is_api_available> on 2024-10-20 12:52:14.142718+00:00
[2024-10-20 12:57:17,682] {standard_task_runner.py:52} INFO - Started process 599 to run task
[2024-10-20 12:57:17,685] {standard_task_runner.py:79} INFO - Running: ['***', 'tasks', 'run', 'parking_pipeline', 'is_api_available', 'manual__2024-10-20T12:52:14.142718+00:00', '--job-id', '10', '--raw', '--subdir', 'DAGS_FOLDER/parking_dag.py', '--cfg-path', '/tmp/tmpgruyvuky', '--error-file', '/tmp/tmpae1p2iuj']
[2024-10-20 12:57:17,686] {standard_task_runner.py:80} INFO - Job 10: Subtask is_api_available
[2024-10-20 12:57:17,756] {task_command.py:369} INFO - Running <TaskInstance: parking_pipeline.is_api_available manual__2024-10-20T12:52:14.142718+00:00 [running]> on host 1fca498fbeb9
[2024-10-20 12:57:17,848] {taskinstance.py:1571} INFO - Exporting the following env vars:
AIRFLOW_CTX_DAG_OWNER=Airflow
AIRFLOW_CTX_DAG_ID=parking_pipeline
AIRFLOW_CTX_TASK_ID=is_api_available
AIRFLOW_CTX_EXECUTION_DATE=2024-10-20T12:52:14.142718+00:00
AIRFLOW_CTX_TRY_NUMBER=2
AIRFLOW_CTX_DAG_RUN_ID=manual__2024-10-20T12:52:14.142718+00:00
[2024-10-20 12:57:17,850] {http.py:97} INFO - Poking: 
[2024-10-20 12:57:17,876] {taskinstance.py:1889} ERROR - Task failed with exception
Traceback (most recent call last):
  File "/home/airflow/.local/lib/python3.7/site-packages/airflow/sensors/base.py", line 277, in execute
    poke_return = self.poke(context)
  File "/home/airflow/.local/lib/python3.7/site-packages/airflow/providers/http/sensors/http.py", line 112, in poke
    raise exc
  File "/home/airflow/.local/lib/python3.7/site-packages/airflow/providers/http/sensors/http.py", line 103, in poke
    extra_options=self.extra_options,
  File "/home/airflow/.local/lib/python3.7/site-packages/airflow/providers/http/hooks/http.py", line 114, in run
    session = self.get_conn(headers)
  File "/home/airflow/.local/lib/python3.7/site-packages/airflow/providers/http/hooks/http.py", line 68, in get_conn
    conn = self.get_connection(self.http_conn_id)
  File "/home/airflow/.local/lib/python3.7/site-packages/airflow/hooks/base.py", line 67, in get_connection
    conn = Connection.get_connection_from_secrets(conn_id)
  File "/home/airflow/.local/lib/python3.7/site-packages/airflow/models/connection.py", line 430, in get_connection_from_secrets
    raise AirflowNotFoundException(f"The conn_id `{conn_id}` isn't defined")
airflow.exceptions.AirflowNotFoundException: The conn_id `is_api_available` isn't defined
[2024-10-20 12:57:17,882] {taskinstance.py:1400} INFO - Marking task as FAILED. dag_id=parking_pipeline, task_id=is_api_available, execution_date=20241020T125214, start_date=20241020T125717, end_date=20241020T125717
[2024-10-20 12:57:17,897] {standard_task_runner.py:97} ERROR - Failed to execute job 10 for task is_api_available (The conn_id `is_api_available` isn't defined; 599)
[2024-10-20 12:57:17,939] {local_task_job.py:156} INFO - Task exited with return code 1
[2024-10-20 12:57:18,005] {local_task_job.py:273} INFO - 0 downstream tasks scheduled from follow-on schedule check
