[2022-12-26 21:36:37,814] {taskinstance.py:1159} INFO - Dependencies all met for <TaskInstance: parking_pipeline.is_api_available scheduled__2022-12-26T21:34:36.375693+00:00 [queued]>
[2022-12-26 21:36:37,825] {taskinstance.py:1159} INFO - Dependencies all met for <TaskInstance: parking_pipeline.is_api_available scheduled__2022-12-26T21:34:36.375693+00:00 [queued]>
[2022-12-26 21:36:37,826] {taskinstance.py:1356} INFO - 
--------------------------------------------------------------------------------
[2022-12-26 21:36:37,826] {taskinstance.py:1357} INFO - Starting attempt 1 of 2
[2022-12-26 21:36:37,827] {taskinstance.py:1358} INFO - 
--------------------------------------------------------------------------------
[2022-12-26 21:36:37,837] {taskinstance.py:1377} INFO - Executing <Task(HttpSensor): is_api_available> on 2022-12-26 21:34:36.375693+00:00
[2022-12-26 21:36:37,842] {standard_task_runner.py:52} INFO - Started process 778 to run task
[2022-12-26 21:36:37,847] {standard_task_runner.py:79} INFO - Running: ['***', 'tasks', 'run', 'parking_pipeline', 'is_api_available', 'scheduled__2022-12-26T21:34:36.375693+00:00', '--job-id', '27', '--raw', '--subdir', 'DAGS_FOLDER/parking_dag.py', '--cfg-path', '/tmp/tmp2guy7o6e', '--error-file', '/tmp/tmpf7f01myd']
[2022-12-26 21:36:37,848] {standard_task_runner.py:80} INFO - Job 27: Subtask is_api_available
[2022-12-26 21:36:37,911] {task_command.py:369} INFO - Running <TaskInstance: parking_pipeline.is_api_available scheduled__2022-12-26T21:34:36.375693+00:00 [running]> on host 6ae44adb8f1d
[2022-12-26 21:36:37,986] {taskinstance.py:1571} INFO - Exporting the following env vars:
AIRFLOW_CTX_DAG_OWNER=Airflow
AIRFLOW_CTX_DAG_ID=parking_pipeline
AIRFLOW_CTX_TASK_ID=is_api_available
AIRFLOW_CTX_EXECUTION_DATE=2022-12-26T21:34:36.375693+00:00
AIRFLOW_CTX_TRY_NUMBER=1
AIRFLOW_CTX_DAG_RUN_ID=scheduled__2022-12-26T21:34:36.375693+00:00
[2022-12-26 21:36:37,987] {http.py:97} INFO - Poking: 
[2022-12-26 21:36:37,999] {base.py:68} INFO - Using connection ID 'is_api_available' for task execution.
[2022-12-26 21:36:38,002] {http.py:129} INFO - Sending 'GET' to url: https://datahub-v2.arlingtonva.us/api/ParkingMeter/ParkingTransactions
[2022-12-26 21:36:38,154] {base.py:301} INFO - Success criteria met. Exiting.
[2022-12-26 21:36:38,171] {taskinstance.py:1400} INFO - Marking task as SUCCESS. dag_id=parking_pipeline, task_id=is_api_available, execution_date=20221226T213436, start_date=20221226T213637, end_date=20221226T213638
[2022-12-26 21:36:38,221] {local_task_job.py:156} INFO - Task exited with return code 0
[2022-12-26 21:36:38,266] {local_task_job.py:273} INFO - 1 downstream tasks scheduled from follow-on schedule check
