[2024-10-20 13:36:14,798] {taskinstance.py:1159} INFO - Dependencies all met for <TaskInstance: parking_pipeline.is_api_available scheduled__2024-10-20T13:34:13.842377+00:00 [queued]>
[2024-10-20 13:36:14,809] {taskinstance.py:1159} INFO - Dependencies all met for <TaskInstance: parking_pipeline.is_api_available scheduled__2024-10-20T13:34:13.842377+00:00 [queued]>
[2024-10-20 13:36:14,810] {taskinstance.py:1356} INFO - 
--------------------------------------------------------------------------------
[2024-10-20 13:36:14,811] {taskinstance.py:1357} INFO - Starting attempt 1 of 2
[2024-10-20 13:36:14,811] {taskinstance.py:1358} INFO - 
--------------------------------------------------------------------------------
[2024-10-20 13:36:14,836] {taskinstance.py:1377} INFO - Executing <Task(HttpSensor): is_api_available> on 2024-10-20 13:34:13.842377+00:00
[2024-10-20 13:36:14,842] {standard_task_runner.py:52} INFO - Started process 533 to run task
[2024-10-20 13:36:14,845] {standard_task_runner.py:79} INFO - Running: ['***', 'tasks', 'run', 'parking_pipeline', 'is_api_available', 'scheduled__2024-10-20T13:34:13.842377+00:00', '--job-id', '142', '--raw', '--subdir', 'DAGS_FOLDER/parking_dag.py', '--cfg-path', '/tmp/tmpv3m32o_s', '--error-file', '/tmp/tmpsb8hu1g0']
[2024-10-20 13:36:14,845] {standard_task_runner.py:80} INFO - Job 142: Subtask is_api_available
[2024-10-20 13:36:14,905] {task_command.py:369} INFO - Running <TaskInstance: parking_pipeline.is_api_available scheduled__2024-10-20T13:34:13.842377+00:00 [running]> on host cca6e04cab7b
[2024-10-20 13:36:14,986] {taskinstance.py:1571} INFO - Exporting the following env vars:
AIRFLOW_CTX_DAG_OWNER=Airflow
AIRFLOW_CTX_DAG_ID=parking_pipeline
AIRFLOW_CTX_TASK_ID=is_api_available
AIRFLOW_CTX_EXECUTION_DATE=2024-10-20T13:34:13.842377+00:00
AIRFLOW_CTX_TRY_NUMBER=1
AIRFLOW_CTX_DAG_RUN_ID=scheduled__2024-10-20T13:34:13.842377+00:00
[2024-10-20 13:36:14,988] {http.py:97} INFO - Poking: 
[2024-10-20 13:36:14,997] {base.py:68} INFO - Using connection ID 'is_api_available' for task execution.
[2024-10-20 13:36:14,998] {http.py:129} INFO - Sending 'GET' to url: https://datahub-v2.arlingtonva.us/api/ParkingMeter/ParkingTransactions
[2024-10-20 13:36:16,382] {base.py:301} INFO - Success criteria met. Exiting.
[2024-10-20 13:36:16,402] {taskinstance.py:1400} INFO - Marking task as SUCCESS. dag_id=parking_pipeline, task_id=is_api_available, execution_date=20241020T133413, start_date=20241020T133614, end_date=20241020T133616
[2024-10-20 13:36:16,463] {local_task_job.py:156} INFO - Task exited with return code 0
[2024-10-20 13:36:16,525] {local_task_job.py:273} INFO - 1 downstream tasks scheduled from follow-on schedule check
