[2022-12-26 19:53:32,152] {taskinstance.py:1159} INFO - Dependencies all met for <TaskInstance: parking_pipeline.transform_data scheduled__2022-12-26T19:51:27.841915+00:00 [queued]>
[2022-12-26 19:53:32,159] {taskinstance.py:1159} INFO - Dependencies all met for <TaskInstance: parking_pipeline.transform_data scheduled__2022-12-26T19:51:27.841915+00:00 [queued]>
[2022-12-26 19:53:32,160] {taskinstance.py:1356} INFO - 
--------------------------------------------------------------------------------
[2022-12-26 19:53:32,160] {taskinstance.py:1357} INFO - Starting attempt 1 of 2
[2022-12-26 19:53:32,161] {taskinstance.py:1358} INFO - 
--------------------------------------------------------------------------------
[2022-12-26 19:53:32,177] {taskinstance.py:1377} INFO - Executing <Task(PythonOperator): transform_data> on 2022-12-26 19:51:27.841915+00:00
[2022-12-26 19:53:32,182] {standard_task_runner.py:52} INFO - Started process 10270 to run task
[2022-12-26 19:53:32,186] {standard_task_runner.py:79} INFO - Running: ['***', 'tasks', 'run', 'parking_pipeline', 'transform_data', 'scheduled__2022-12-26T19:51:27.841915+00:00', '--job-id', '416', '--raw', '--subdir', 'DAGS_FOLDER/parking_dag.py', '--cfg-path', '/tmp/tmp6ys53x2y', '--error-file', '/tmp/tmp0z543lr3']
[2022-12-26 19:53:32,187] {standard_task_runner.py:80} INFO - Job 416: Subtask transform_data
[2022-12-26 19:53:32,242] {task_command.py:369} INFO - Running <TaskInstance: parking_pipeline.transform_data scheduled__2022-12-26T19:51:27.841915+00:00 [running]> on host a4f1a67a8720
[2022-12-26 19:53:32,302] {taskinstance.py:1571} INFO - Exporting the following env vars:
AIRFLOW_CTX_DAG_OWNER=Airflow
AIRFLOW_CTX_DAG_ID=parking_pipeline
AIRFLOW_CTX_TASK_ID=transform_data
AIRFLOW_CTX_EXECUTION_DATE=2022-12-26T19:51:27.841915+00:00
AIRFLOW_CTX_TRY_NUMBER=1
AIRFLOW_CTX_DAG_RUN_ID=scheduled__2022-12-26T19:51:27.841915+00:00
[2022-12-26 19:53:32,324] {python.py:173} INFO - Done. Returned value was: None
[2022-12-26 19:53:32,338] {taskinstance.py:1400} INFO - Marking task as SUCCESS. dag_id=parking_pipeline, task_id=transform_data, execution_date=20221226T195127, start_date=20221226T195332, end_date=20221226T195332
[2022-12-26 19:53:32,357] {local_task_job.py:156} INFO - Task exited with return code 0
[2022-12-26 19:53:32,388] {local_task_job.py:273} INFO - 0 downstream tasks scheduled from follow-on schedule check
