[2022-12-26 19:02:34,273] {taskinstance.py:1159} INFO - Dependencies all met for <TaskInstance: parking_pipeline.create_table scheduled__2022-12-26T19:00:32.096272+00:00 [queued]>
[2022-12-26 19:02:34,280] {taskinstance.py:1159} INFO - Dependencies all met for <TaskInstance: parking_pipeline.create_table scheduled__2022-12-26T19:00:32.096272+00:00 [queued]>
[2022-12-26 19:02:34,281] {taskinstance.py:1356} INFO - 
--------------------------------------------------------------------------------
[2022-12-26 19:02:34,281] {taskinstance.py:1357} INFO - Starting attempt 1 of 2
[2022-12-26 19:02:34,282] {taskinstance.py:1358} INFO - 
--------------------------------------------------------------------------------
[2022-12-26 19:02:34,291] {taskinstance.py:1377} INFO - Executing <Task(PostgresOperator): create_table> on 2022-12-26 19:00:32.096272+00:00
[2022-12-26 19:02:34,295] {standard_task_runner.py:52} INFO - Started process 7388 to run task
[2022-12-26 19:02:34,299] {standard_task_runner.py:79} INFO - Running: ['***', 'tasks', 'run', 'parking_pipeline', 'create_table', 'scheduled__2022-12-26T19:00:32.096272+00:00', '--job-id', '284', '--raw', '--subdir', 'DAGS_FOLDER/parking_dag.py', '--cfg-path', '/tmp/tmph1aqjnws', '--error-file', '/tmp/tmp5g9mowpn']
[2022-12-26 19:02:34,301] {standard_task_runner.py:80} INFO - Job 284: Subtask create_table
[2022-12-26 19:02:34,351] {task_command.py:369} INFO - Running <TaskInstance: parking_pipeline.create_table scheduled__2022-12-26T19:00:32.096272+00:00 [running]> on host a4f1a67a8720
[2022-12-26 19:02:34,415] {taskinstance.py:1571} INFO - Exporting the following env vars:
AIRFLOW_CTX_DAG_OWNER=Airflow
AIRFLOW_CTX_DAG_ID=parking_pipeline
AIRFLOW_CTX_TASK_ID=create_table
AIRFLOW_CTX_EXECUTION_DATE=2022-12-26T19:00:32.096272+00:00
AIRFLOW_CTX_TRY_NUMBER=1
AIRFLOW_CTX_DAG_RUN_ID=scheduled__2022-12-26T19:00:32.096272+00:00
[2022-12-26 19:02:34,426] {base.py:68} INFO - Using connection ID 'postgres' for task execution.
[2022-12-26 19:02:34,432] {dbapi.py:208} INFO - Running statement: 
            drop table if exists parking_data;
            create table parking_data(
                parkingTransactionKey int not null,
                symbol text not null
            );
        , parameters: None
[2022-12-26 19:02:34,453] {taskinstance.py:1400} INFO - Marking task as SUCCESS. dag_id=parking_pipeline, task_id=create_table, execution_date=20221226T190032, start_date=20221226T190234, end_date=20221226T190234
[2022-12-26 19:02:34,471] {local_task_job.py:156} INFO - Task exited with return code 0
[2022-12-26 19:02:34,509] {local_task_job.py:273} INFO - 1 downstream tasks scheduled from follow-on schedule check
