[2022-12-26 18:12:11,452] {taskinstance.py:1159} INFO - Dependencies all met for <TaskInstance: parking_pipeline.is_api_available scheduled__2022-12-26T18:10:10.868382+00:00 [queued]>
[2022-12-26 18:12:11,462] {taskinstance.py:1159} INFO - Dependencies all met for <TaskInstance: parking_pipeline.is_api_available scheduled__2022-12-26T18:10:10.868382+00:00 [queued]>
[2022-12-26 18:12:11,463] {taskinstance.py:1356} INFO - 
--------------------------------------------------------------------------------
[2022-12-26 18:12:11,463] {taskinstance.py:1357} INFO - Starting attempt 1 of 2
[2022-12-26 18:12:11,464] {taskinstance.py:1358} INFO - 
--------------------------------------------------------------------------------
[2022-12-26 18:12:11,473] {taskinstance.py:1377} INFO - Executing <Task(HttpSensor): is_api_available> on 2022-12-26 18:10:10.868382+00:00
[2022-12-26 18:12:11,479] {standard_task_runner.py:52} INFO - Started process 5866 to run task
[2022-12-26 18:12:11,484] {standard_task_runner.py:79} INFO - Running: ['***', 'tasks', 'run', 'parking_pipeline', 'is_api_available', 'scheduled__2022-12-26T18:10:10.868382+00:00', '--job-id', '203', '--raw', '--subdir', 'DAGS_FOLDER/parking_dag.py', '--cfg-path', '/tmp/tmpjyusyk83', '--error-file', '/tmp/tmprrjb3198']
[2022-12-26 18:12:11,485] {standard_task_runner.py:80} INFO - Job 203: Subtask is_api_available
[2022-12-26 18:12:11,542] {task_command.py:369} INFO - Running <TaskInstance: parking_pipeline.is_api_available scheduled__2022-12-26T18:10:10.868382+00:00 [running]> on host a4f1a67a8720
[2022-12-26 18:12:11,609] {taskinstance.py:1571} INFO - Exporting the following env vars:
AIRFLOW_CTX_DAG_OWNER=Airflow
AIRFLOW_CTX_DAG_ID=parking_pipeline
AIRFLOW_CTX_TASK_ID=is_api_available
AIRFLOW_CTX_EXECUTION_DATE=2022-12-26T18:10:10.868382+00:00
AIRFLOW_CTX_TRY_NUMBER=1
AIRFLOW_CTX_DAG_RUN_ID=scheduled__2022-12-26T18:10:10.868382+00:00
[2022-12-26 18:12:11,611] {http.py:97} INFO - Poking: 
[2022-12-26 18:12:11,624] {base.py:68} INFO - Using connection ID 'is_api_available' for task execution.
[2022-12-26 18:12:11,626] {http.py:129} INFO - Sending 'GET' to url: https://datahub-v2.arlingtonva.us/api/ParkingMeter/ParkingTransactions
[2022-12-26 18:12:11,777] {base.py:301} INFO - Success criteria met. Exiting.
[2022-12-26 18:12:11,793] {taskinstance.py:1400} INFO - Marking task as SUCCESS. dag_id=parking_pipeline, task_id=is_api_available, execution_date=20221226T181010, start_date=20221226T181211, end_date=20221226T181211
[2022-12-26 18:12:11,820] {local_task_job.py:156} INFO - Task exited with return code 0
[2022-12-26 18:12:11,863] {local_task_job.py:273} INFO - 1 downstream tasks scheduled from follow-on schedule check
