[2022-12-27 21:00:06,408] {taskinstance.py:1159} INFO - Dependencies all met for <TaskInstance: parking_pipeline.transform_data manual__2022-12-27T21:00:01.760381+00:00 [queued]>
[2022-12-27 21:00:06,416] {taskinstance.py:1159} INFO - Dependencies all met for <TaskInstance: parking_pipeline.transform_data manual__2022-12-27T21:00:01.760381+00:00 [queued]>
[2022-12-27 21:00:06,417] {taskinstance.py:1356} INFO - 
--------------------------------------------------------------------------------
[2022-12-27 21:00:06,417] {taskinstance.py:1357} INFO - Starting attempt 1 of 2
[2022-12-27 21:00:06,418] {taskinstance.py:1358} INFO - 
--------------------------------------------------------------------------------
[2022-12-27 21:00:06,426] {taskinstance.py:1377} INFO - Executing <Task(PythonOperator): transform_data> on 2022-12-27 21:00:01.760381+00:00
[2022-12-27 21:00:06,431] {standard_task_runner.py:52} INFO - Started process 8276 to run task
[2022-12-27 21:00:06,435] {standard_task_runner.py:79} INFO - Running: ['***', 'tasks', 'run', 'parking_pipeline', 'transform_data', 'manual__2022-12-27T21:00:01.760381+00:00', '--job-id', '362', '--raw', '--subdir', 'DAGS_FOLDER/parking_dag.py', '--cfg-path', '/tmp/tmp9i8gux6a', '--error-file', '/tmp/tmp64mhmoks']
[2022-12-27 21:00:06,436] {standard_task_runner.py:80} INFO - Job 362: Subtask transform_data
[2022-12-27 21:00:06,491] {task_command.py:369} INFO - Running <TaskInstance: parking_pipeline.transform_data manual__2022-12-27T21:00:01.760381+00:00 [running]> on host 8fbeee8d3d5a
[2022-12-27 21:00:06,548] {taskinstance.py:1571} INFO - Exporting the following env vars:
AIRFLOW_CTX_DAG_OWNER=Airflow
AIRFLOW_CTX_DAG_ID=parking_pipeline
AIRFLOW_CTX_TASK_ID=transform_data
AIRFLOW_CTX_EXECUTION_DATE=2022-12-27T21:00:01.760381+00:00
AIRFLOW_CTX_TRY_NUMBER=1
AIRFLOW_CTX_DAG_RUN_ID=manual__2022-12-27T21:00:01.760381+00:00
[2022-12-27 21:00:06,562] {taskinstance.py:1889} ERROR - Task failed with exception
Traceback (most recent call last):
  File "/home/airflow/.local/lib/python3.7/site-packages/airflow/operators/python.py", line 171, in execute
    return_value = self.execute_callable()
  File "/home/airflow/.local/lib/python3.7/site-packages/airflow/operators/python.py", line 189, in execute_callable
    return self.python_callable(*self.op_args, **self.op_kwargs)
  File "/opt/airflow/dags/parking_dag.py", line 37, in _transform_parking_data
    df = pd.DataFrame(parking_data, index = "parkingTransactionKey")
  File "/home/airflow/.local/lib/python3.7/site-packages/pandas/core/frame.py", line 708, in __init__
    typ=manager,
  File "/home/airflow/.local/lib/python3.7/site-packages/pandas/core/internals/construction.py", line 121, in arrays_to_mgr
    index = ensure_index(index)
  File "/home/airflow/.local/lib/python3.7/site-packages/pandas/core/indexes/base.py", line 6336, in ensure_index
    return Index(index_like, copy=copy)
  File "/home/airflow/.local/lib/python3.7/site-packages/pandas/core/indexes/base.py", line 474, in __new__
    raise cls._scalar_data_error(data)
TypeError: Index(...) must be called with a collection of some kind, 'parkingTransactionKey' was passed
[2022-12-27 21:00:06,576] {taskinstance.py:1400} INFO - Marking task as UP_FOR_RETRY. dag_id=parking_pipeline, task_id=transform_data, execution_date=20221227T210001, start_date=20221227T210006, end_date=20221227T210006
[2022-12-27 21:00:06,583] {standard_task_runner.py:97} ERROR - Failed to execute job 362 for task transform_data (Index(...) must be called with a collection of some kind, 'parkingTransactionKey' was passed; 8276)
[2022-12-27 21:00:06,607] {local_task_job.py:156} INFO - Task exited with return code 1
[2022-12-27 21:00:06,636] {local_task_job.py:273} INFO - 0 downstream tasks scheduled from follow-on schedule check
