[2024-10-29 02:44:34,774] {taskinstance.py:1159} INFO - Dependencies all met for <TaskInstance: parking_pipeline.is_api_available scheduled__2024-10-29T02:42:32.805144+00:00 [queued]>
[2024-10-29 02:44:34,788] {taskinstance.py:1159} INFO - Dependencies all met for <TaskInstance: parking_pipeline.is_api_available scheduled__2024-10-29T02:42:32.805144+00:00 [queued]>
[2024-10-29 02:44:34,789] {taskinstance.py:1356} INFO - 
--------------------------------------------------------------------------------
[2024-10-29 02:44:34,794] {taskinstance.py:1357} INFO - Starting attempt 1 of 2
[2024-10-29 02:44:34,795] {taskinstance.py:1358} INFO - 
--------------------------------------------------------------------------------
[2024-10-29 02:44:34,817] {taskinstance.py:1377} INFO - Executing <Task(HttpSensor): is_api_available> on 2024-10-29 02:42:32.805144+00:00
[2024-10-29 02:44:34,825] {standard_task_runner.py:52} INFO - Started process 760 to run task
[2024-10-29 02:44:34,828] {standard_task_runner.py:79} INFO - Running: ['***', 'tasks', 'run', 'parking_pipeline', 'is_api_available', 'scheduled__2024-10-29T02:42:32.805144+00:00', '--job-id', '576', '--raw', '--subdir', 'DAGS_FOLDER/parking_dag.py', '--cfg-path', '/tmp/tmp3qur2e5c', '--error-file', '/tmp/tmp4w09fash']
[2024-10-29 02:44:34,829] {standard_task_runner.py:80} INFO - Job 576: Subtask is_api_available
[2024-10-29 02:44:34,899] {task_command.py:369} INFO - Running <TaskInstance: parking_pipeline.is_api_available scheduled__2024-10-29T02:42:32.805144+00:00 [running]> on host 31266dfed982
[2024-10-29 02:44:35,032] {taskinstance.py:1571} INFO - Exporting the following env vars:
AIRFLOW_CTX_DAG_OWNER=Airflow
AIRFLOW_CTX_DAG_ID=parking_pipeline
AIRFLOW_CTX_TASK_ID=is_api_available
AIRFLOW_CTX_EXECUTION_DATE=2024-10-29T02:42:32.805144+00:00
AIRFLOW_CTX_TRY_NUMBER=1
AIRFLOW_CTX_DAG_RUN_ID=scheduled__2024-10-29T02:42:32.805144+00:00
[2024-10-29 02:44:35,033] {http.py:97} INFO - Poking: 
[2024-10-29 02:44:35,047] {base.py:68} INFO - Using connection ID 'is_api_available' for task execution.
[2024-10-29 02:44:35,049] {http.py:129} INFO - Sending 'GET' to url: https://datahub-v2.arlingtonva.us/api/ParkingMeter/ParkingTransactions
[2024-10-29 02:44:36,064] {base.py:301} INFO - Success criteria met. Exiting.
[2024-10-29 02:44:36,088] {taskinstance.py:1400} INFO - Marking task as SUCCESS. dag_id=parking_pipeline, task_id=is_api_available, execution_date=20241029T024232, start_date=20241029T024434, end_date=20241029T024436
[2024-10-29 02:44:36,130] {local_task_job.py:156} INFO - Task exited with return code 0
[2024-10-29 02:44:36,208] {local_task_job.py:273} INFO - 1 downstream tasks scheduled from follow-on schedule check
