[2022-12-27 21:31:23,696] {taskinstance.py:1159} INFO - Dependencies all met for <TaskInstance: parking_pipeline.create_table scheduled__2022-12-27T21:29:21.176519+00:00 [queued]>
[2022-12-27 21:31:23,707] {taskinstance.py:1159} INFO - Dependencies all met for <TaskInstance: parking_pipeline.create_table scheduled__2022-12-27T21:29:21.176519+00:00 [queued]>
[2022-12-27 21:31:23,708] {taskinstance.py:1356} INFO - 
--------------------------------------------------------------------------------
[2022-12-27 21:31:23,708] {taskinstance.py:1357} INFO - Starting attempt 1 of 2
[2022-12-27 21:31:23,709] {taskinstance.py:1358} INFO - 
--------------------------------------------------------------------------------
[2022-12-27 21:31:23,719] {taskinstance.py:1377} INFO - Executing <Task(PostgresOperator): create_table> on 2022-12-27 21:29:21.176519+00:00
[2022-12-27 21:31:23,723] {standard_task_runner.py:52} INFO - Started process 9273 to run task
[2022-12-27 21:31:23,728] {standard_task_runner.py:79} INFO - Running: ['***', 'tasks', 'run', 'parking_pipeline', 'create_table', 'scheduled__2022-12-27T21:29:21.176519+00:00', '--job-id', '483', '--raw', '--subdir', 'DAGS_FOLDER/parking_dag.py', '--cfg-path', '/tmp/tmpklaay0xi', '--error-file', '/tmp/tmpv62d4gl0']
[2022-12-27 21:31:23,729] {standard_task_runner.py:80} INFO - Job 483: Subtask create_table
[2022-12-27 21:31:23,789] {task_command.py:369} INFO - Running <TaskInstance: parking_pipeline.create_table scheduled__2022-12-27T21:29:21.176519+00:00 [running]> on host 8fbeee8d3d5a
[2022-12-27 21:31:23,850] {taskinstance.py:1571} INFO - Exporting the following env vars:
AIRFLOW_CTX_DAG_OWNER=Airflow
AIRFLOW_CTX_DAG_ID=parking_pipeline
AIRFLOW_CTX_TASK_ID=create_table
AIRFLOW_CTX_EXECUTION_DATE=2022-12-27T21:29:21.176519+00:00
AIRFLOW_CTX_TRY_NUMBER=1
AIRFLOW_CTX_DAG_RUN_ID=scheduled__2022-12-27T21:29:21.176519+00:00
[2022-12-27 21:31:23,859] {base.py:68} INFO - Using connection ID 'postgres' for task execution.
[2022-12-27 21:31:23,865] {dbapi.py:208} INFO - Running statement: 
            drop table if exists parking_data;
            create table parking_data(
                parkingTransactionKey int not null,
                symbol text not null
            );
        , parameters: None
[2022-12-27 21:31:23,885] {taskinstance.py:1400} INFO - Marking task as SUCCESS. dag_id=parking_pipeline, task_id=create_table, execution_date=20221227T212921, start_date=20221227T213123, end_date=20221227T213123
[2022-12-27 21:31:23,941] {local_task_job.py:156} INFO - Task exited with return code 0
[2022-12-27 21:31:23,978] {local_task_job.py:273} INFO - 1 downstream tasks scheduled from follow-on schedule check
