[2022-12-26 17:28:13,561] {taskinstance.py:1159} INFO - Dependencies all met for <TaskInstance: parking_pipeline.is_api_available scheduled__2022-12-26T17:26:12.209288+00:00 [queued]>
[2022-12-26 17:28:13,581] {taskinstance.py:1159} INFO - Dependencies all met for <TaskInstance: parking_pipeline.is_api_available scheduled__2022-12-26T17:26:12.209288+00:00 [queued]>
[2022-12-26 17:28:13,582] {taskinstance.py:1356} INFO - 
--------------------------------------------------------------------------------
[2022-12-26 17:28:13,582] {taskinstance.py:1357} INFO - Starting attempt 1 of 2
[2022-12-26 17:28:13,583] {taskinstance.py:1358} INFO - 
--------------------------------------------------------------------------------
[2022-12-26 17:28:13,598] {taskinstance.py:1377} INFO - Executing <Task(HttpSensor): is_api_available> on 2022-12-26 17:26:12.209288+00:00
[2022-12-26 17:28:13,603] {standard_task_runner.py:52} INFO - Started process 3749 to run task
[2022-12-26 17:28:13,608] {standard_task_runner.py:79} INFO - Running: ['***', 'tasks', 'run', 'parking_pipeline', 'is_api_available', 'scheduled__2022-12-26T17:26:12.209288+00:00', '--job-id', '108', '--raw', '--subdir', 'DAGS_FOLDER/parking_dag.py', '--cfg-path', '/tmp/tmpdfq7_nti', '--error-file', '/tmp/tmp4cgos7n3']
[2022-12-26 17:28:13,611] {standard_task_runner.py:80} INFO - Job 108: Subtask is_api_available
[2022-12-26 17:28:13,706] {task_command.py:369} INFO - Running <TaskInstance: parking_pipeline.is_api_available scheduled__2022-12-26T17:26:12.209288+00:00 [running]> on host a4f1a67a8720
[2022-12-26 17:28:13,789] {taskinstance.py:1571} INFO - Exporting the following env vars:
AIRFLOW_CTX_DAG_OWNER=Airflow
AIRFLOW_CTX_DAG_ID=parking_pipeline
AIRFLOW_CTX_TASK_ID=is_api_available
AIRFLOW_CTX_EXECUTION_DATE=2022-12-26T17:26:12.209288+00:00
AIRFLOW_CTX_TRY_NUMBER=1
AIRFLOW_CTX_DAG_RUN_ID=scheduled__2022-12-26T17:26:12.209288+00:00
[2022-12-26 17:28:13,791] {http.py:97} INFO - Poking: 
[2022-12-26 17:28:13,803] {base.py:68} INFO - Using connection ID 'is_api_available' for task execution.
[2022-12-26 17:28:13,805] {http.py:129} INFO - Sending 'GET' to url: https://datahub-v2.arlingtonva.us/api/ParkingMeter/ParkingTransactions
[2022-12-26 17:28:13,966] {base.py:301} INFO - Success criteria met. Exiting.
[2022-12-26 17:28:13,983] {taskinstance.py:1400} INFO - Marking task as SUCCESS. dag_id=parking_pipeline, task_id=is_api_available, execution_date=20221226T172612, start_date=20221226T172813, end_date=20221226T172813
[2022-12-26 17:28:14,025] {local_task_job.py:156} INFO - Task exited with return code 0
[2022-12-26 17:28:14,083] {local_task_job.py:273} INFO - 1 downstream tasks scheduled from follow-on schedule check
