[2024-10-20 14:40:27,266] {taskinstance.py:1159} INFO - Dependencies all met for <TaskInstance: parking_pipeline.is_api_available scheduled__2024-10-20T14:38:26.233770+00:00 [queued]>
[2024-10-20 14:40:27,276] {taskinstance.py:1159} INFO - Dependencies all met for <TaskInstance: parking_pipeline.is_api_available scheduled__2024-10-20T14:38:26.233770+00:00 [queued]>
[2024-10-20 14:40:27,277] {taskinstance.py:1356} INFO - 
--------------------------------------------------------------------------------
[2024-10-20 14:40:27,277] {taskinstance.py:1357} INFO - Starting attempt 1 of 2
[2024-10-20 14:40:27,278] {taskinstance.py:1358} INFO - 
--------------------------------------------------------------------------------
[2024-10-20 14:40:27,298] {taskinstance.py:1377} INFO - Executing <Task(HttpSensor): is_api_available> on 2024-10-20 14:38:26.233770+00:00
[2024-10-20 14:40:27,305] {standard_task_runner.py:52} INFO - Started process 2274 to run task
[2024-10-20 14:40:27,307] {standard_task_runner.py:79} INFO - Running: ['***', 'tasks', 'run', 'parking_pipeline', 'is_api_available', 'scheduled__2024-10-20T14:38:26.233770+00:00', '--job-id', '280', '--raw', '--subdir', 'DAGS_FOLDER/parking_dag.py', '--cfg-path', '/tmp/tmpnh2f52z4', '--error-file', '/tmp/tmphp9m9zy9']
[2024-10-20 14:40:27,308] {standard_task_runner.py:80} INFO - Job 280: Subtask is_api_available
[2024-10-20 14:40:27,367] {task_command.py:369} INFO - Running <TaskInstance: parking_pipeline.is_api_available scheduled__2024-10-20T14:38:26.233770+00:00 [running]> on host 4047801f839c
[2024-10-20 14:40:27,450] {taskinstance.py:1571} INFO - Exporting the following env vars:
AIRFLOW_CTX_DAG_OWNER=Airflow
AIRFLOW_CTX_DAG_ID=parking_pipeline
AIRFLOW_CTX_TASK_ID=is_api_available
AIRFLOW_CTX_EXECUTION_DATE=2024-10-20T14:38:26.233770+00:00
AIRFLOW_CTX_TRY_NUMBER=1
AIRFLOW_CTX_DAG_RUN_ID=scheduled__2024-10-20T14:38:26.233770+00:00
[2024-10-20 14:40:27,451] {http.py:97} INFO - Poking: 
[2024-10-20 14:40:27,462] {base.py:68} INFO - Using connection ID 'is_api_available' for task execution.
[2024-10-20 14:40:27,463] {http.py:129} INFO - Sending 'GET' to url: https://datahub-v2.arlingtonva.us/api/ParkingMeter/ParkingTransactions
[2024-10-20 14:40:29,341] {base.py:301} INFO - Success criteria met. Exiting.
[2024-10-20 14:40:29,355] {taskinstance.py:1400} INFO - Marking task as SUCCESS. dag_id=parking_pipeline, task_id=is_api_available, execution_date=20241020T143826, start_date=20241020T144027, end_date=20241020T144029
[2024-10-20 14:40:29,409] {local_task_job.py:156} INFO - Task exited with return code 0
[2024-10-20 14:40:29,477] {local_task_job.py:273} INFO - 0 downstream tasks scheduled from follow-on schedule check
