[2024-10-20 14:00:22,343] {taskinstance.py:1159} INFO - Dependencies all met for <TaskInstance: parking_pipeline.transform_data scheduled__2024-10-20T13:58:07.257937+00:00 [queued]>
[2024-10-20 14:00:22,355] {taskinstance.py:1159} INFO - Dependencies all met for <TaskInstance: parking_pipeline.transform_data scheduled__2024-10-20T13:58:07.257937+00:00 [queued]>
[2024-10-20 14:00:22,355] {taskinstance.py:1356} INFO - 
--------------------------------------------------------------------------------
[2024-10-20 14:00:22,356] {taskinstance.py:1357} INFO - Starting attempt 1 of 2
[2024-10-20 14:00:22,356] {taskinstance.py:1358} INFO - 
--------------------------------------------------------------------------------
[2024-10-20 14:00:22,373] {taskinstance.py:1377} INFO - Executing <Task(PythonOperator): transform_data> on 2024-10-20 13:58:07.257937+00:00
[2024-10-20 14:00:22,381] {standard_task_runner.py:52} INFO - Started process 103 to run task
[2024-10-20 14:00:22,383] {standard_task_runner.py:79} INFO - Running: ['***', 'tasks', 'run', 'parking_pipeline', 'transform_data', 'scheduled__2024-10-20T13:58:07.257937+00:00', '--job-id', '170', '--raw', '--subdir', 'DAGS_FOLDER/parking_dag.py', '--cfg-path', '/tmp/tmpa2ivi67f', '--error-file', '/tmp/tmpha9yn1pz']
[2024-10-20 14:00:22,385] {standard_task_runner.py:80} INFO - Job 170: Subtask transform_data
[2024-10-20 14:00:22,440] {task_command.py:369} INFO - Running <TaskInstance: parking_pipeline.transform_data scheduled__2024-10-20T13:58:07.257937+00:00 [running]> on host 4047801f839c
[2024-10-20 14:00:22,518] {taskinstance.py:1571} INFO - Exporting the following env vars:
AIRFLOW_CTX_DAG_OWNER=Airflow
AIRFLOW_CTX_DAG_ID=parking_pipeline
AIRFLOW_CTX_TASK_ID=transform_data
AIRFLOW_CTX_EXECUTION_DATE=2024-10-20T13:58:07.257937+00:00
AIRFLOW_CTX_TRY_NUMBER=1
AIRFLOW_CTX_DAG_RUN_ID=scheduled__2024-10-20T13:58:07.257937+00:00
[2024-10-20 14:00:22,549] {taskinstance.py:1889} ERROR - Task failed with exception
Traceback (most recent call last):
  File "/home/airflow/.local/lib/python3.7/site-packages/airflow/operators/python.py", line 171, in execute
    return_value = self.execute_callable()
  File "/home/airflow/.local/lib/python3.7/site-packages/airflow/operators/python.py", line 189, in execute_callable
    return self.python_callable(*self.op_args, **self.op_kwargs)
  File "/opt/airflow/dags/parking_dag.py", line 61, in _transform_parking_data
    os.mkdir(csv_path)
FileExistsError: [Errno 17] File exists: './tmp'
[2024-10-20 14:00:22,561] {taskinstance.py:1400} INFO - Marking task as UP_FOR_RETRY. dag_id=parking_pipeline, task_id=transform_data, execution_date=20241020T135807, start_date=20241020T140022, end_date=20241020T140022
[2024-10-20 14:00:22,575] {standard_task_runner.py:97} ERROR - Failed to execute job 170 for task transform_data ([Errno 17] File exists: './tmp'; 103)
[2024-10-20 14:00:22,599] {local_task_job.py:156} INFO - Task exited with return code 1
[2024-10-20 14:00:22,640] {local_task_job.py:273} INFO - 0 downstream tasks scheduled from follow-on schedule check
