[2024-10-20 14:10:23,426] {taskinstance.py:1159} INFO - Dependencies all met for <TaskInstance: parking_pipeline.transform_data scheduled__2024-10-20T13:58:07.257937+00:00 [queued]>
[2024-10-20 14:10:23,442] {taskinstance.py:1159} INFO - Dependencies all met for <TaskInstance: parking_pipeline.transform_data scheduled__2024-10-20T13:58:07.257937+00:00 [queued]>
[2024-10-20 14:10:23,443] {taskinstance.py:1356} INFO - 
--------------------------------------------------------------------------------
[2024-10-20 14:10:23,444] {taskinstance.py:1357} INFO - Starting attempt 2 of 2
[2024-10-20 14:10:23,444] {taskinstance.py:1358} INFO - 
--------------------------------------------------------------------------------
[2024-10-20 14:10:23,462] {taskinstance.py:1377} INFO - Executing <Task(PythonOperator): transform_data> on 2024-10-20 13:58:07.257937+00:00
[2024-10-20 14:10:23,472] {standard_task_runner.py:52} INFO - Started process 648 to run task
[2024-10-20 14:10:23,474] {standard_task_runner.py:79} INFO - Running: ['***', 'tasks', 'run', 'parking_pipeline', 'transform_data', 'scheduled__2024-10-20T13:58:07.257937+00:00', '--job-id', '198', '--raw', '--subdir', 'DAGS_FOLDER/parking_dag.py', '--cfg-path', '/tmp/tmpthlpzli_', '--error-file', '/tmp/tmpxbf6_q_1']
[2024-10-20 14:10:23,475] {standard_task_runner.py:80} INFO - Job 198: Subtask transform_data
[2024-10-20 14:10:23,536] {task_command.py:369} INFO - Running <TaskInstance: parking_pipeline.transform_data scheduled__2024-10-20T13:58:07.257937+00:00 [running]> on host 4047801f839c
[2024-10-20 14:10:23,620] {taskinstance.py:1571} INFO - Exporting the following env vars:
AIRFLOW_CTX_DAG_OWNER=Airflow
AIRFLOW_CTX_DAG_ID=parking_pipeline
AIRFLOW_CTX_TASK_ID=transform_data
AIRFLOW_CTX_EXECUTION_DATE=2024-10-20T13:58:07.257937+00:00
AIRFLOW_CTX_TRY_NUMBER=2
AIRFLOW_CTX_DAG_RUN_ID=scheduled__2024-10-20T13:58:07.257937+00:00
[2024-10-20 14:10:23,651] {python.py:173} INFO - Done. Returned value was: None
[2024-10-20 14:10:23,665] {taskinstance.py:1400} INFO - Marking task as SUCCESS. dag_id=parking_pipeline, task_id=transform_data, execution_date=20241020T135807, start_date=20241020T141023, end_date=20241020T141023
[2024-10-20 14:10:23,687] {local_task_job.py:156} INFO - Task exited with return code 0
[2024-10-20 14:10:23,726] {local_task_job.py:273} INFO - 1 downstream tasks scheduled from follow-on schedule check
