[2024-10-20 13:11:09,015] {taskinstance.py:1159} INFO - Dependencies all met for <TaskInstance: parking_pipeline.load_data scheduled__2024-10-20T13:07:04.112857+00:00 [queued]>
[2024-10-20 13:11:09,028] {taskinstance.py:1159} INFO - Dependencies all met for <TaskInstance: parking_pipeline.load_data scheduled__2024-10-20T13:07:04.112857+00:00 [queued]>
[2024-10-20 13:11:09,029] {taskinstance.py:1356} INFO - 
--------------------------------------------------------------------------------
[2024-10-20 13:11:09,030] {taskinstance.py:1357} INFO - Starting attempt 1 of 2
[2024-10-20 13:11:09,030] {taskinstance.py:1358} INFO - 
--------------------------------------------------------------------------------
[2024-10-20 13:11:09,050] {taskinstance.py:1377} INFO - Executing <Task(PythonOperator): load_data> on 2024-10-20 13:07:04.112857+00:00
[2024-10-20 13:11:09,057] {standard_task_runner.py:52} INFO - Started process 114 to run task
[2024-10-20 13:11:09,060] {standard_task_runner.py:79} INFO - Running: ['***', 'tasks', 'run', 'parking_pipeline', 'load_data', 'scheduled__2024-10-20T13:07:04.112857+00:00', '--job-id', '61', '--raw', '--subdir', 'DAGS_FOLDER/parking_dag.py', '--cfg-path', '/tmp/tmpmymndakn', '--error-file', '/tmp/tmpm4e6q1_h']
[2024-10-20 13:11:09,062] {standard_task_runner.py:80} INFO - Job 61: Subtask load_data
[2024-10-20 13:11:09,127] {task_command.py:369} INFO - Running <TaskInstance: parking_pipeline.load_data scheduled__2024-10-20T13:07:04.112857+00:00 [running]> on host 1fca498fbeb9
[2024-10-20 13:11:09,236] {taskinstance.py:1571} INFO - Exporting the following env vars:
AIRFLOW_CTX_DAG_OWNER=Airflow
AIRFLOW_CTX_DAG_ID=parking_pipeline
AIRFLOW_CTX_TASK_ID=load_data
AIRFLOW_CTX_EXECUTION_DATE=2024-10-20T13:07:04.112857+00:00
AIRFLOW_CTX_TRY_NUMBER=1
AIRFLOW_CTX_DAG_RUN_ID=scheduled__2024-10-20T13:07:04.112857+00:00
[2024-10-20 13:11:09,248] {postgres.py:127} INFO - Running copy expert: COPY parking_data FROM stdin WITH DELIMITER as ',', filename: ./tmp/processed_parking_data_00.csv
[2024-10-20 13:11:09,260] {base.py:68} INFO - Using connection ID 'postgres' for task execution.
[2024-10-20 13:11:09,268] {python.py:173} INFO - Done. Returned value was: None
[2024-10-20 13:11:09,287] {taskinstance.py:1400} INFO - Marking task as SUCCESS. dag_id=parking_pipeline, task_id=load_data, execution_date=20241020T130704, start_date=20241020T131109, end_date=20241020T131109
[2024-10-20 13:11:09,314] {local_task_job.py:156} INFO - Task exited with return code 0
[2024-10-20 13:11:09,352] {local_task_job.py:273} INFO - 0 downstream tasks scheduled from follow-on schedule check
