[2024-10-20 13:22:24,661] {taskinstance.py:1159} INFO - Dependencies all met for <TaskInstance: parking_pipeline.transform_data scheduled__2024-10-20T13:19:26.542506+00:00 [queued]>
[2024-10-20 13:22:24,682] {taskinstance.py:1159} INFO - Dependencies all met for <TaskInstance: parking_pipeline.transform_data scheduled__2024-10-20T13:19:26.542506+00:00 [queued]>
[2024-10-20 13:22:24,683] {taskinstance.py:1356} INFO - 
--------------------------------------------------------------------------------
[2024-10-20 13:22:24,684] {taskinstance.py:1357} INFO - Starting attempt 1 of 2
[2024-10-20 13:22:24,684] {taskinstance.py:1358} INFO - 
--------------------------------------------------------------------------------
[2024-10-20 13:22:24,723] {taskinstance.py:1377} INFO - Executing <Task(PythonOperator): transform_data> on 2024-10-20 13:19:26.542506+00:00
[2024-10-20 13:22:24,733] {standard_task_runner.py:52} INFO - Started process 89 to run task
[2024-10-20 13:22:24,736] {standard_task_runner.py:79} INFO - Running: ['***', 'tasks', 'run', 'parking_pipeline', 'transform_data', 'scheduled__2024-10-20T13:19:26.542506+00:00', '--job-id', '101', '--raw', '--subdir', 'DAGS_FOLDER/parking_dag.py', '--cfg-path', '/tmp/tmpk3ozx35b', '--error-file', '/tmp/tmpi1kt6xkk']
[2024-10-20 13:22:24,738] {standard_task_runner.py:80} INFO - Job 101: Subtask transform_data
[2024-10-20 13:22:24,853] {task_command.py:369} INFO - Running <TaskInstance: parking_pipeline.transform_data scheduled__2024-10-20T13:19:26.542506+00:00 [running]> on host 1fca498fbeb9
[2024-10-20 13:22:25,006] {taskinstance.py:1571} INFO - Exporting the following env vars:
AIRFLOW_CTX_DAG_OWNER=Airflow
AIRFLOW_CTX_DAG_ID=parking_pipeline
AIRFLOW_CTX_TASK_ID=transform_data
AIRFLOW_CTX_EXECUTION_DATE=2024-10-20T13:19:26.542506+00:00
AIRFLOW_CTX_TRY_NUMBER=1
AIRFLOW_CTX_DAG_RUN_ID=scheduled__2024-10-20T13:19:26.542506+00:00
[2024-10-20 13:22:25,062] {python.py:173} INFO - Done. Returned value was: None
[2024-10-20 13:22:25,087] {taskinstance.py:1400} INFO - Marking task as SUCCESS. dag_id=parking_pipeline, task_id=transform_data, execution_date=20241020T131926, start_date=20241020T132224, end_date=20241020T132225
[2024-10-20 13:22:25,152] {local_task_job.py:156} INFO - Task exited with return code 0
[2024-10-20 13:22:25,227] {local_task_job.py:273} INFO - 1 downstream tasks scheduled from follow-on schedule check
