[2024-10-20 13:28:21,872] {taskinstance.py:1159} INFO - Dependencies all met for <TaskInstance: parking_pipeline.transform_data scheduled__2024-10-20T13:26:13.842377+00:00 [queued]>
[2024-10-20 13:28:21,883] {taskinstance.py:1159} INFO - Dependencies all met for <TaskInstance: parking_pipeline.transform_data scheduled__2024-10-20T13:26:13.842377+00:00 [queued]>
[2024-10-20 13:28:21,883] {taskinstance.py:1356} INFO - 
--------------------------------------------------------------------------------
[2024-10-20 13:28:21,884] {taskinstance.py:1357} INFO - Starting attempt 1 of 2
[2024-10-20 13:28:21,885] {taskinstance.py:1358} INFO - 
--------------------------------------------------------------------------------
[2024-10-20 13:28:21,902] {taskinstance.py:1377} INFO - Executing <Task(PythonOperator): transform_data> on 2024-10-20 13:26:13.842377+00:00
[2024-10-20 13:28:21,909] {standard_task_runner.py:52} INFO - Started process 122 to run task
[2024-10-20 13:28:21,912] {standard_task_runner.py:79} INFO - Running: ['***', 'tasks', 'run', 'parking_pipeline', 'transform_data', 'scheduled__2024-10-20T13:26:13.842377+00:00', '--job-id', '125', '--raw', '--subdir', 'DAGS_FOLDER/parking_dag.py', '--cfg-path', '/tmp/tmp9vdxo8mh', '--error-file', '/tmp/tmp0k8esoxh']
[2024-10-20 13:28:21,913] {standard_task_runner.py:80} INFO - Job 125: Subtask transform_data
[2024-10-20 13:28:21,969] {task_command.py:369} INFO - Running <TaskInstance: parking_pipeline.transform_data scheduled__2024-10-20T13:26:13.842377+00:00 [running]> on host cca6e04cab7b
[2024-10-20 13:28:22,048] {taskinstance.py:1571} INFO - Exporting the following env vars:
AIRFLOW_CTX_DAG_OWNER=Airflow
AIRFLOW_CTX_DAG_ID=parking_pipeline
AIRFLOW_CTX_TASK_ID=transform_data
AIRFLOW_CTX_EXECUTION_DATE=2024-10-20T13:26:13.842377+00:00
AIRFLOW_CTX_TRY_NUMBER=1
AIRFLOW_CTX_DAG_RUN_ID=scheduled__2024-10-20T13:26:13.842377+00:00
[2024-10-20 13:28:22,078] {python.py:173} INFO - Done. Returned value was: None
[2024-10-20 13:28:22,092] {taskinstance.py:1400} INFO - Marking task as SUCCESS. dag_id=parking_pipeline, task_id=transform_data, execution_date=20241020T132613, start_date=20241020T132821, end_date=20241020T132822
[2024-10-20 13:28:22,125] {local_task_job.py:156} INFO - Task exited with return code 0
[2024-10-20 13:28:22,165] {local_task_job.py:273} INFO - 1 downstream tasks scheduled from follow-on schedule check
