[2022-12-27 21:48:08,966] {taskinstance.py:1159} INFO - Dependencies all met for <TaskInstance: parking_pipeline.is_api_available manual__2022-12-27T21:48:07.908236+00:00 [queued]>
[2022-12-27 21:48:08,986] {taskinstance.py:1159} INFO - Dependencies all met for <TaskInstance: parking_pipeline.is_api_available manual__2022-12-27T21:48:07.908236+00:00 [queued]>
[2022-12-27 21:48:08,987] {taskinstance.py:1356} INFO - 
--------------------------------------------------------------------------------
[2022-12-27 21:48:08,990] {taskinstance.py:1357} INFO - Starting attempt 1 of 2
[2022-12-27 21:48:08,991] {taskinstance.py:1358} INFO - 
--------------------------------------------------------------------------------
[2022-12-27 21:48:09,003] {taskinstance.py:1377} INFO - Executing <Task(HttpSensor): is_api_available> on 2022-12-27 21:48:07.908236+00:00
[2022-12-27 21:48:09,013] {standard_task_runner.py:52} INFO - Started process 10302 to run task
[2022-12-27 21:48:09,018] {standard_task_runner.py:79} INFO - Running: ['***', 'tasks', 'run', 'parking_pipeline', 'is_api_available', 'manual__2022-12-27T21:48:07.908236+00:00', '--job-id', '551', '--raw', '--subdir', 'DAGS_FOLDER/parking_dag.py', '--cfg-path', '/tmp/tmpjxprn4_z', '--error-file', '/tmp/tmpn_otu1l2']
[2022-12-27 21:48:09,020] {standard_task_runner.py:80} INFO - Job 551: Subtask is_api_available
[2022-12-27 21:48:09,090] {task_command.py:369} INFO - Running <TaskInstance: parking_pipeline.is_api_available manual__2022-12-27T21:48:07.908236+00:00 [running]> on host 8fbeee8d3d5a
[2022-12-27 21:48:09,172] {taskinstance.py:1571} INFO - Exporting the following env vars:
AIRFLOW_CTX_DAG_OWNER=Airflow
AIRFLOW_CTX_DAG_ID=parking_pipeline
AIRFLOW_CTX_TASK_ID=is_api_available
AIRFLOW_CTX_EXECUTION_DATE=2022-12-27T21:48:07.908236+00:00
AIRFLOW_CTX_TRY_NUMBER=1
AIRFLOW_CTX_DAG_RUN_ID=manual__2022-12-27T21:48:07.908236+00:00
[2022-12-27 21:48:09,174] {http.py:97} INFO - Poking: 
[2022-12-27 21:48:09,188] {base.py:68} INFO - Using connection ID 'is_api_available' for task execution.
[2022-12-27 21:48:09,190] {http.py:129} INFO - Sending 'GET' to url: https://datahub-v2.arlingtonva.us/api/ParkingMeter/ParkingTransactions
[2022-12-27 21:48:09,354] {base.py:301} INFO - Success criteria met. Exiting.
[2022-12-27 21:48:09,372] {taskinstance.py:1400} INFO - Marking task as SUCCESS. dag_id=parking_pipeline, task_id=is_api_available, execution_date=20221227T214807, start_date=20221227T214808, end_date=20221227T214809
[2022-12-27 21:48:09,391] {local_task_job.py:156} INFO - Task exited with return code 0
[2022-12-27 21:48:09,438] {local_task_job.py:273} INFO - 1 downstream tasks scheduled from follow-on schedule check
