[2022-12-26 21:26:38,036] {taskinstance.py:1159} INFO - Dependencies all met for <TaskInstance: parking_pipeline.create_table scheduled__2022-12-26T21:24:36.086456+00:00 [queued]>
[2022-12-26 21:26:38,043] {taskinstance.py:1159} INFO - Dependencies all met for <TaskInstance: parking_pipeline.create_table scheduled__2022-12-26T21:24:36.086456+00:00 [queued]>
[2022-12-26 21:26:38,044] {taskinstance.py:1356} INFO - 
--------------------------------------------------------------------------------
[2022-12-26 21:26:38,044] {taskinstance.py:1357} INFO - Starting attempt 1 of 2
[2022-12-26 21:26:38,045] {taskinstance.py:1358} INFO - 
--------------------------------------------------------------------------------
[2022-12-26 21:26:38,054] {taskinstance.py:1377} INFO - Executing <Task(PostgresOperator): create_table> on 2022-12-26 21:24:36.086456+00:00
[2022-12-26 21:26:38,058] {standard_task_runner.py:52} INFO - Started process 229 to run task
[2022-12-26 21:26:38,062] {standard_task_runner.py:79} INFO - Running: ['***', 'tasks', 'run', 'parking_pipeline', 'create_table', 'scheduled__2022-12-26T21:24:36.086456+00:00', '--job-id', '8', '--raw', '--subdir', 'DAGS_FOLDER/parking_dag.py', '--cfg-path', '/tmp/tmpqz_w1npl', '--error-file', '/tmp/tmpwoxrz4ss']
[2022-12-26 21:26:38,064] {standard_task_runner.py:80} INFO - Job 8: Subtask create_table
[2022-12-26 21:26:38,114] {task_command.py:369} INFO - Running <TaskInstance: parking_pipeline.create_table scheduled__2022-12-26T21:24:36.086456+00:00 [running]> on host 6ae44adb8f1d
[2022-12-26 21:26:38,173] {taskinstance.py:1571} INFO - Exporting the following env vars:
AIRFLOW_CTX_DAG_OWNER=Airflow
AIRFLOW_CTX_DAG_ID=parking_pipeline
AIRFLOW_CTX_TASK_ID=create_table
AIRFLOW_CTX_EXECUTION_DATE=2022-12-26T21:24:36.086456+00:00
AIRFLOW_CTX_TRY_NUMBER=1
AIRFLOW_CTX_DAG_RUN_ID=scheduled__2022-12-26T21:24:36.086456+00:00
[2022-12-26 21:26:38,183] {base.py:68} INFO - Using connection ID 'postgres' for task execution.
[2022-12-26 21:26:38,189] {dbapi.py:208} INFO - Running statement: 
            drop table if exists parking_data;
            create table parking_data(
                parkingTransactionKey int not null,
                symbol text not null
            );
        , parameters: None
[2022-12-26 21:26:38,210] {taskinstance.py:1400} INFO - Marking task as SUCCESS. dag_id=parking_pipeline, task_id=create_table, execution_date=20221226T212436, start_date=20221226T212638, end_date=20221226T212638
[2022-12-26 21:26:38,235] {local_task_job.py:156} INFO - Task exited with return code 0
[2022-12-26 21:26:38,270] {local_task_job.py:273} INFO - 1 downstream tasks scheduled from follow-on schedule check
