[2022-12-27 21:05:29,084] {taskinstance.py:1159} INFO - Dependencies all met for <TaskInstance: parking_pipeline.is_api_available manual__2022-12-27T21:05:28.159319+00:00 [queued]>
[2022-12-27 21:05:29,091] {taskinstance.py:1159} INFO - Dependencies all met for <TaskInstance: parking_pipeline.is_api_available manual__2022-12-27T21:05:28.159319+00:00 [queued]>
[2022-12-27 21:05:29,092] {taskinstance.py:1356} INFO - 
--------------------------------------------------------------------------------
[2022-12-27 21:05:29,092] {taskinstance.py:1357} INFO - Starting attempt 1 of 2
[2022-12-27 21:05:29,093] {taskinstance.py:1358} INFO - 
--------------------------------------------------------------------------------
[2022-12-27 21:05:29,103] {taskinstance.py:1377} INFO - Executing <Task(HttpSensor): is_api_available> on 2022-12-27 21:05:28.159319+00:00
[2022-12-27 21:05:29,108] {standard_task_runner.py:52} INFO - Started process 8667 to run task
[2022-12-27 21:05:29,112] {standard_task_runner.py:79} INFO - Running: ['***', 'tasks', 'run', 'parking_pipeline', 'is_api_available', 'manual__2022-12-27T21:05:28.159319+00:00', '--job-id', '405', '--raw', '--subdir', 'DAGS_FOLDER/parking_dag.py', '--cfg-path', '/tmp/tmpslu7f2_o', '--error-file', '/tmp/tmp8sv2ox14']
[2022-12-27 21:05:29,114] {standard_task_runner.py:80} INFO - Job 405: Subtask is_api_available
[2022-12-27 21:05:29,187] {task_command.py:369} INFO - Running <TaskInstance: parking_pipeline.is_api_available manual__2022-12-27T21:05:28.159319+00:00 [running]> on host 8fbeee8d3d5a
[2022-12-27 21:05:29,253] {taskinstance.py:1571} INFO - Exporting the following env vars:
AIRFLOW_CTX_DAG_OWNER=Airflow
AIRFLOW_CTX_DAG_ID=parking_pipeline
AIRFLOW_CTX_TASK_ID=is_api_available
AIRFLOW_CTX_EXECUTION_DATE=2022-12-27T21:05:28.159319+00:00
AIRFLOW_CTX_TRY_NUMBER=1
AIRFLOW_CTX_DAG_RUN_ID=manual__2022-12-27T21:05:28.159319+00:00
[2022-12-27 21:05:29,255] {http.py:97} INFO - Poking: 
[2022-12-27 21:05:29,266] {base.py:68} INFO - Using connection ID 'is_api_available' for task execution.
[2022-12-27 21:05:29,268] {http.py:129} INFO - Sending 'GET' to url: https://datahub-v2.arlingtonva.us/api/ParkingMeter/ParkingTransactions
[2022-12-27 21:05:29,494] {base.py:301} INFO - Success criteria met. Exiting.
[2022-12-27 21:05:29,516] {taskinstance.py:1400} INFO - Marking task as SUCCESS. dag_id=parking_pipeline, task_id=is_api_available, execution_date=20221227T210528, start_date=20221227T210529, end_date=20221227T210529
[2022-12-27 21:05:29,576] {local_task_job.py:156} INFO - Task exited with return code 0
[2022-12-27 21:05:29,620] {local_task_job.py:273} INFO - 1 downstream tasks scheduled from follow-on schedule check
