[2024-10-29 01:51:08,762] {taskinstance.py:1159} INFO - Dependencies all met for <TaskInstance: parking_pipeline.load_data scheduled__2024-10-29T01:49:00.371250+00:00 [queued]>
[2024-10-29 01:51:08,778] {taskinstance.py:1159} INFO - Dependencies all met for <TaskInstance: parking_pipeline.load_data scheduled__2024-10-29T01:49:00.371250+00:00 [queued]>
[2024-10-29 01:51:08,779] {taskinstance.py:1356} INFO - 
--------------------------------------------------------------------------------
[2024-10-29 01:51:08,780] {taskinstance.py:1357} INFO - Starting attempt 1 of 2
[2024-10-29 01:51:08,781] {taskinstance.py:1358} INFO - 
--------------------------------------------------------------------------------
[2024-10-29 01:51:08,800] {taskinstance.py:1377} INFO - Executing <Task(PythonOperator): load_data> on 2024-10-29 01:49:00.371250+00:00
[2024-10-29 01:51:08,808] {standard_task_runner.py:52} INFO - Started process 252 to run task
[2024-10-29 01:51:08,811] {standard_task_runner.py:79} INFO - Running: ['***', 'tasks', 'run', 'parking_pipeline', 'load_data', 'scheduled__2024-10-29T01:49:00.371250+00:00', '--job-id', '399', '--raw', '--subdir', 'DAGS_FOLDER/parking_dag.py', '--cfg-path', '/tmp/tmpswnx_yud', '--error-file', '/tmp/tmpsn_kviu2']
[2024-10-29 01:51:08,813] {standard_task_runner.py:80} INFO - Job 399: Subtask load_data
[2024-10-29 01:51:08,884] {task_command.py:369} INFO - Running <TaskInstance: parking_pipeline.load_data scheduled__2024-10-29T01:49:00.371250+00:00 [running]> on host 34572bdb7b7c
[2024-10-29 01:51:08,985] {taskinstance.py:1571} INFO - Exporting the following env vars:
AIRFLOW_CTX_DAG_OWNER=Airflow
AIRFLOW_CTX_DAG_ID=parking_pipeline
AIRFLOW_CTX_TASK_ID=load_data
AIRFLOW_CTX_EXECUTION_DATE=2024-10-29T01:49:00.371250+00:00
AIRFLOW_CTX_TRY_NUMBER=1
AIRFLOW_CTX_DAG_RUN_ID=scheduled__2024-10-29T01:49:00.371250+00:00
[2024-10-29 01:51:08,997] {postgres.py:127} INFO - Running copy expert: COPY parking_data FROM stdin WITH DELIMITER as ',', filename: ./tmp/processed_parking_data_00.csv
[2024-10-29 01:51:09,008] {base.py:68} INFO - Using connection ID 'postgres' for task execution.
[2024-10-29 01:51:09,017] {python.py:173} INFO - Done. Returned value was: None
[2024-10-29 01:51:09,034] {taskinstance.py:1400} INFO - Marking task as SUCCESS. dag_id=parking_pipeline, task_id=load_data, execution_date=20241029T014900, start_date=20241029T015108, end_date=20241029T015109
[2024-10-29 01:51:09,066] {local_task_job.py:156} INFO - Task exited with return code 0
[2024-10-29 01:51:09,112] {local_task_job.py:273} INFO - 0 downstream tasks scheduled from follow-on schedule check
