[2022-12-27 18:39:05,751] {taskinstance.py:1159} INFO - Dependencies all met for <TaskInstance: parking_pipeline.is_api_available scheduled__2022-12-27T18:37:04.309130+00:00 [queued]>
[2022-12-27 18:39:05,757] {taskinstance.py:1159} INFO - Dependencies all met for <TaskInstance: parking_pipeline.is_api_available scheduled__2022-12-27T18:37:04.309130+00:00 [queued]>
[2022-12-27 18:39:05,758] {taskinstance.py:1356} INFO - 
--------------------------------------------------------------------------------
[2022-12-27 18:39:05,758] {taskinstance.py:1357} INFO - Starting attempt 1 of 2
[2022-12-27 18:39:05,759] {taskinstance.py:1358} INFO - 
--------------------------------------------------------------------------------
[2022-12-27 18:39:05,767] {taskinstance.py:1377} INFO - Executing <Task(HttpSensor): is_api_available> on 2022-12-27 18:37:04.309130+00:00
[2022-12-27 18:39:05,772] {standard_task_runner.py:52} INFO - Started process 296 to run task
[2022-12-27 18:39:05,776] {standard_task_runner.py:79} INFO - Running: ['***', 'tasks', 'run', 'parking_pipeline', 'is_api_available', 'scheduled__2022-12-27T18:37:04.309130+00:00', '--job-id', '7', '--raw', '--subdir', 'DAGS_FOLDER/parking_dag.py', '--cfg-path', '/tmp/tmpw8a4_jfg', '--error-file', '/tmp/tmp9h8i3h2c']
[2022-12-27 18:39:05,777] {standard_task_runner.py:80} INFO - Job 7: Subtask is_api_available
[2022-12-27 18:39:05,829] {task_command.py:369} INFO - Running <TaskInstance: parking_pipeline.is_api_available scheduled__2022-12-27T18:37:04.309130+00:00 [running]> on host 8fbeee8d3d5a
[2022-12-27 18:39:05,884] {taskinstance.py:1571} INFO - Exporting the following env vars:
AIRFLOW_CTX_DAG_OWNER=Airflow
AIRFLOW_CTX_DAG_ID=parking_pipeline
AIRFLOW_CTX_TASK_ID=is_api_available
AIRFLOW_CTX_EXECUTION_DATE=2022-12-27T18:37:04.309130+00:00
AIRFLOW_CTX_TRY_NUMBER=1
AIRFLOW_CTX_DAG_RUN_ID=scheduled__2022-12-27T18:37:04.309130+00:00
[2022-12-27 18:39:05,886] {http.py:97} INFO - Poking: 
[2022-12-27 18:39:05,898] {base.py:68} INFO - Using connection ID 'is_api_available' for task execution.
[2022-12-27 18:39:05,900] {http.py:129} INFO - Sending 'GET' to url: https://datahub-v2.arlingtonva.us/api/ParkingMeter/ParkingTransactions
[2022-12-27 18:39:06,046] {base.py:301} INFO - Success criteria met. Exiting.
[2022-12-27 18:39:06,060] {taskinstance.py:1400} INFO - Marking task as SUCCESS. dag_id=parking_pipeline, task_id=is_api_available, execution_date=20221227T183704, start_date=20221227T183905, end_date=20221227T183906
[2022-12-27 18:39:06,110] {local_task_job.py:156} INFO - Task exited with return code 0
[2022-12-27 18:39:06,167] {local_task_job.py:273} INFO - 1 downstream tasks scheduled from follow-on schedule check
