[2024-10-29 03:15:16,570] {taskinstance.py:1159} INFO - Dependencies all met for <TaskInstance: parking_pipeline.store_data_csv scheduled__2024-10-29T03:13:08.714066+00:00 [queued]>
[2024-10-29 03:15:16,582] {taskinstance.py:1159} INFO - Dependencies all met for <TaskInstance: parking_pipeline.store_data_csv scheduled__2024-10-29T03:13:08.714066+00:00 [queued]>
[2024-10-29 03:15:16,582] {taskinstance.py:1356} INFO - 
--------------------------------------------------------------------------------
[2024-10-29 03:15:16,583] {taskinstance.py:1357} INFO - Starting attempt 1 of 2
[2024-10-29 03:15:16,583] {taskinstance.py:1358} INFO - 
--------------------------------------------------------------------------------
[2024-10-29 03:15:16,598] {taskinstance.py:1377} INFO - Executing <Task(PythonOperator): store_data_csv> on 2024-10-29 03:13:08.714066+00:00
[2024-10-29 03:15:16,605] {standard_task_runner.py:52} INFO - Started process 1671 to run task
[2024-10-29 03:15:16,608] {standard_task_runner.py:79} INFO - Running: ['***', 'tasks', 'run', 'parking_pipeline', 'store_data_csv', 'scheduled__2024-10-29T03:13:08.714066+00:00', '--job-id', '799', '--raw', '--subdir', 'DAGS_FOLDER/parking_dag.py', '--cfg-path', '/tmp/tmpb8r8bw4a', '--error-file', '/tmp/tmp_6rw80y3']
[2024-10-29 03:15:16,609] {standard_task_runner.py:80} INFO - Job 799: Subtask store_data_csv
[2024-10-29 03:15:16,665] {task_command.py:369} INFO - Running <TaskInstance: parking_pipeline.store_data_csv scheduled__2024-10-29T03:13:08.714066+00:00 [running]> on host 6da7af54a32a
[2024-10-29 03:15:16,747] {taskinstance.py:1571} INFO - Exporting the following env vars:
AIRFLOW_CTX_DAG_OWNER=Airflow
AIRFLOW_CTX_DAG_ID=parking_pipeline
AIRFLOW_CTX_TASK_ID=store_data_csv
AIRFLOW_CTX_EXECUTION_DATE=2024-10-29T03:13:08.714066+00:00
AIRFLOW_CTX_TRY_NUMBER=1
AIRFLOW_CTX_DAG_RUN_ID=scheduled__2024-10-29T03:13:08.714066+00:00
[2024-10-29 03:15:16,788] {python.py:173} INFO - Done. Returned value was: None
[2024-10-29 03:15:16,801] {taskinstance.py:1400} INFO - Marking task as SUCCESS. dag_id=parking_pipeline, task_id=store_data_csv, execution_date=20241029T031308, start_date=20241029T031516, end_date=20241029T031516
[2024-10-29 03:15:16,821] {local_task_job.py:156} INFO - Task exited with return code 0
[2024-10-29 03:15:16,859] {local_task_job.py:273} INFO - 1 downstream tasks scheduled from follow-on schedule check
