[2022-12-26 20:06:50,587] {taskinstance.py:1159} INFO - Dependencies all met for <TaskInstance: parking_pipeline.is_api_available scheduled__2022-12-26T20:04:49.971774+00:00 [queued]>
[2022-12-26 20:06:50,597] {taskinstance.py:1159} INFO - Dependencies all met for <TaskInstance: parking_pipeline.is_api_available scheduled__2022-12-26T20:04:49.971774+00:00 [queued]>
[2022-12-26 20:06:50,598] {taskinstance.py:1356} INFO - 
--------------------------------------------------------------------------------
[2022-12-26 20:06:50,598] {taskinstance.py:1357} INFO - Starting attempt 1 of 2
[2022-12-26 20:06:50,599] {taskinstance.py:1358} INFO - 
--------------------------------------------------------------------------------
[2022-12-26 20:06:50,609] {taskinstance.py:1377} INFO - Executing <Task(HttpSensor): is_api_available> on 2022-12-26 20:04:49.971774+00:00
[2022-12-26 20:06:50,615] {standard_task_runner.py:52} INFO - Started process 300 to run task
[2022-12-26 20:06:50,622] {standard_task_runner.py:79} INFO - Running: ['***', 'tasks', 'run', 'parking_pipeline', 'is_api_available', 'scheduled__2022-12-26T20:04:49.971774+00:00', '--job-id', '8', '--raw', '--subdir', 'DAGS_FOLDER/parking_dag.py', '--cfg-path', '/tmp/tmp4n_gg8ov', '--error-file', '/tmp/tmpvo0zgvdr']
[2022-12-26 20:06:50,624] {standard_task_runner.py:80} INFO - Job 8: Subtask is_api_available
[2022-12-26 20:06:50,696] {task_command.py:369} INFO - Running <TaskInstance: parking_pipeline.is_api_available scheduled__2022-12-26T20:04:49.971774+00:00 [running]> on host 3d3eee352115
[2022-12-26 20:06:50,759] {taskinstance.py:1571} INFO - Exporting the following env vars:
AIRFLOW_CTX_DAG_OWNER=Airflow
AIRFLOW_CTX_DAG_ID=parking_pipeline
AIRFLOW_CTX_TASK_ID=is_api_available
AIRFLOW_CTX_EXECUTION_DATE=2022-12-26T20:04:49.971774+00:00
AIRFLOW_CTX_TRY_NUMBER=1
AIRFLOW_CTX_DAG_RUN_ID=scheduled__2022-12-26T20:04:49.971774+00:00
[2022-12-26 20:06:50,760] {http.py:97} INFO - Poking: 
[2022-12-26 20:06:50,771] {base.py:68} INFO - Using connection ID 'is_api_available' for task execution.
[2022-12-26 20:06:50,773] {http.py:129} INFO - Sending 'GET' to url: https://datahub-v2.arlingtonva.us/api/ParkingMeter/ParkingTransactions
[2022-12-26 20:06:50,912] {base.py:301} INFO - Success criteria met. Exiting.
[2022-12-26 20:06:50,927] {taskinstance.py:1400} INFO - Marking task as SUCCESS. dag_id=parking_pipeline, task_id=is_api_available, execution_date=20221226T200449, start_date=20221226T200650, end_date=20221226T200650
[2022-12-26 20:06:50,957] {local_task_job.py:156} INFO - Task exited with return code 0
[2022-12-26 20:06:51,000] {local_task_job.py:273} INFO - 1 downstream tasks scheduled from follow-on schedule check
