[2022-12-26 20:08:17,572] {taskinstance.py:1159} INFO - Dependencies all met for <TaskInstance: parking_pipeline.is_api_available scheduled__2022-12-26T20:06:16.335091+00:00 [queued]>
[2022-12-26 20:08:17,582] {taskinstance.py:1159} INFO - Dependencies all met for <TaskInstance: parking_pipeline.is_api_available scheduled__2022-12-26T20:06:16.335091+00:00 [queued]>
[2022-12-26 20:08:17,584] {taskinstance.py:1356} INFO - 
--------------------------------------------------------------------------------
[2022-12-26 20:08:17,584] {taskinstance.py:1357} INFO - Starting attempt 1 of 2
[2022-12-26 20:08:17,585] {taskinstance.py:1358} INFO - 
--------------------------------------------------------------------------------
[2022-12-26 20:08:17,596] {taskinstance.py:1377} INFO - Executing <Task(HttpSensor): is_api_available> on 2022-12-26 20:06:16.335091+00:00
[2022-12-26 20:08:17,605] {standard_task_runner.py:52} INFO - Started process 391 to run task
[2022-12-26 20:08:17,610] {standard_task_runner.py:79} INFO - Running: ['***', 'tasks', 'run', 'parking_pipeline', 'is_api_available', 'scheduled__2022-12-26T20:06:16.335091+00:00', '--job-id', '17', '--raw', '--subdir', 'DAGS_FOLDER/parking_dag.py', '--cfg-path', '/tmp/tmp5atdg20z', '--error-file', '/tmp/tmpsb0p_jm0']
[2022-12-26 20:08:17,612] {standard_task_runner.py:80} INFO - Job 17: Subtask is_api_available
[2022-12-26 20:08:17,674] {task_command.py:369} INFO - Running <TaskInstance: parking_pipeline.is_api_available scheduled__2022-12-26T20:06:16.335091+00:00 [running]> on host 3d3eee352115
[2022-12-26 20:08:17,743] {taskinstance.py:1571} INFO - Exporting the following env vars:
AIRFLOW_CTX_DAG_OWNER=Airflow
AIRFLOW_CTX_DAG_ID=parking_pipeline
AIRFLOW_CTX_TASK_ID=is_api_available
AIRFLOW_CTX_EXECUTION_DATE=2022-12-26T20:06:16.335091+00:00
AIRFLOW_CTX_TRY_NUMBER=1
AIRFLOW_CTX_DAG_RUN_ID=scheduled__2022-12-26T20:06:16.335091+00:00
[2022-12-26 20:08:17,746] {http.py:97} INFO - Poking: 
[2022-12-26 20:08:17,764] {base.py:68} INFO - Using connection ID 'is_api_available' for task execution.
[2022-12-26 20:08:17,766] {http.py:129} INFO - Sending 'GET' to url: https://datahub-v2.arlingtonva.us/api/ParkingMeter/ParkingTransactions
[2022-12-26 20:08:17,922] {base.py:301} INFO - Success criteria met. Exiting.
[2022-12-26 20:08:17,937] {taskinstance.py:1400} INFO - Marking task as SUCCESS. dag_id=parking_pipeline, task_id=is_api_available, execution_date=20221226T200616, start_date=20221226T200817, end_date=20221226T200817
[2022-12-26 20:08:17,985] {local_task_job.py:156} INFO - Task exited with return code 0
[2022-12-26 20:08:18,028] {local_task_job.py:273} INFO - 1 downstream tasks scheduled from follow-on schedule check
