[2022-12-26 17:36:19,357] {taskinstance.py:1159} INFO - Dependencies all met for <TaskInstance: parking_pipeline.is_api_available scheduled__2022-12-26T17:34:18.251652+00:00 [queued]>
[2022-12-26 17:36:19,364] {taskinstance.py:1159} INFO - Dependencies all met for <TaskInstance: parking_pipeline.is_api_available scheduled__2022-12-26T17:34:18.251652+00:00 [queued]>
[2022-12-26 17:36:19,364] {taskinstance.py:1356} INFO - 
--------------------------------------------------------------------------------
[2022-12-26 17:36:19,365] {taskinstance.py:1357} INFO - Starting attempt 1 of 2
[2022-12-26 17:36:19,365] {taskinstance.py:1358} INFO - 
--------------------------------------------------------------------------------
[2022-12-26 17:36:19,374] {taskinstance.py:1377} INFO - Executing <Task(HttpSensor): is_api_available> on 2022-12-26 17:34:18.251652+00:00
[2022-12-26 17:36:19,380] {standard_task_runner.py:52} INFO - Started process 4216 to run task
[2022-12-26 17:36:19,385] {standard_task_runner.py:79} INFO - Running: ['***', 'tasks', 'run', 'parking_pipeline', 'is_api_available', 'scheduled__2022-12-26T17:34:18.251652+00:00', '--job-id', '131', '--raw', '--subdir', 'DAGS_FOLDER/parking_dag.py', '--cfg-path', '/tmp/tmppg74ai1o', '--error-file', '/tmp/tmp51i0qsl7']
[2022-12-26 17:36:19,386] {standard_task_runner.py:80} INFO - Job 131: Subtask is_api_available
[2022-12-26 17:36:19,446] {task_command.py:369} INFO - Running <TaskInstance: parking_pipeline.is_api_available scheduled__2022-12-26T17:34:18.251652+00:00 [running]> on host a4f1a67a8720
[2022-12-26 17:36:19,516] {taskinstance.py:1571} INFO - Exporting the following env vars:
AIRFLOW_CTX_DAG_OWNER=Airflow
AIRFLOW_CTX_DAG_ID=parking_pipeline
AIRFLOW_CTX_TASK_ID=is_api_available
AIRFLOW_CTX_EXECUTION_DATE=2022-12-26T17:34:18.251652+00:00
AIRFLOW_CTX_TRY_NUMBER=1
AIRFLOW_CTX_DAG_RUN_ID=scheduled__2022-12-26T17:34:18.251652+00:00
[2022-12-26 17:36:19,519] {http.py:97} INFO - Poking: 
[2022-12-26 17:36:19,531] {base.py:68} INFO - Using connection ID 'is_api_available' for task execution.
[2022-12-26 17:36:19,533] {http.py:129} INFO - Sending 'GET' to url: https://datahub-v2.arlingtonva.us/api/ParkingMeter/ParkingTransactions
[2022-12-26 17:36:19,720] {base.py:301} INFO - Success criteria met. Exiting.
[2022-12-26 17:36:19,738] {taskinstance.py:1400} INFO - Marking task as SUCCESS. dag_id=parking_pipeline, task_id=is_api_available, execution_date=20221226T173418, start_date=20221226T173619, end_date=20221226T173619
[2022-12-26 17:36:19,763] {local_task_job.py:156} INFO - Task exited with return code 0
[2022-12-26 17:36:19,804] {local_task_job.py:273} INFO - 1 downstream tasks scheduled from follow-on schedule check
