[2022-12-27 23:29:09,294] {taskinstance.py:1159} INFO - Dependencies all met for <TaskInstance: parking_pipeline.transform_data scheduled__2022-12-27T23:27:05.077554+00:00 [queued]>
[2022-12-27 23:29:09,301] {taskinstance.py:1159} INFO - Dependencies all met for <TaskInstance: parking_pipeline.transform_data scheduled__2022-12-27T23:27:05.077554+00:00 [queued]>
[2022-12-27 23:29:09,302] {taskinstance.py:1356} INFO - 
--------------------------------------------------------------------------------
[2022-12-27 23:29:09,303] {taskinstance.py:1357} INFO - Starting attempt 1 of 2
[2022-12-27 23:29:09,303] {taskinstance.py:1358} INFO - 
--------------------------------------------------------------------------------
[2022-12-27 23:29:09,313] {taskinstance.py:1377} INFO - Executing <Task(PythonOperator): transform_data> on 2022-12-27 23:27:05.077554+00:00
[2022-12-27 23:29:09,317] {standard_task_runner.py:52} INFO - Started process 14284 to run task
[2022-12-27 23:29:09,326] {standard_task_runner.py:79} INFO - Running: ['***', 'tasks', 'run', 'parking_pipeline', 'transform_data', 'scheduled__2022-12-27T23:27:05.077554+00:00', '--job-id', '769', '--raw', '--subdir', 'DAGS_FOLDER/parking_dag.py', '--cfg-path', '/tmp/tmpoln02yyu', '--error-file', '/tmp/tmp5ku49kgf']
[2022-12-27 23:29:09,328] {standard_task_runner.py:80} INFO - Job 769: Subtask transform_data
[2022-12-27 23:29:09,387] {task_command.py:369} INFO - Running <TaskInstance: parking_pipeline.transform_data scheduled__2022-12-27T23:27:05.077554+00:00 [running]> on host 8fbeee8d3d5a
[2022-12-27 23:29:09,454] {taskinstance.py:1571} INFO - Exporting the following env vars:
AIRFLOW_CTX_DAG_OWNER=Airflow
AIRFLOW_CTX_DAG_ID=parking_pipeline
AIRFLOW_CTX_TASK_ID=transform_data
AIRFLOW_CTX_EXECUTION_DATE=2022-12-27T23:27:05.077554+00:00
AIRFLOW_CTX_TRY_NUMBER=1
AIRFLOW_CTX_DAG_RUN_ID=scheduled__2022-12-27T23:27:05.077554+00:00
[2022-12-27 23:29:09,488] {python.py:173} INFO - Done. Returned value was: None
[2022-12-27 23:29:09,502] {taskinstance.py:1400} INFO - Marking task as SUCCESS. dag_id=parking_pipeline, task_id=transform_data, execution_date=20221227T232705, start_date=20221227T232909, end_date=20221227T232909
[2022-12-27 23:29:09,536] {local_task_job.py:156} INFO - Task exited with return code 0
[2022-12-27 23:29:09,572] {local_task_job.py:273} INFO - 1 downstream tasks scheduled from follow-on schedule check
