[2024-10-29 03:03:10,516] {taskinstance.py:1159} INFO - Dependencies all met for <TaskInstance: parking_pipeline.is_api_available scheduled__2024-10-29T03:01:08.714066+00:00 [queued]>
[2024-10-29 03:03:10,537] {taskinstance.py:1159} INFO - Dependencies all met for <TaskInstance: parking_pipeline.is_api_available scheduled__2024-10-29T03:01:08.714066+00:00 [queued]>
[2024-10-29 03:03:10,538] {taskinstance.py:1356} INFO - 
--------------------------------------------------------------------------------
[2024-10-29 03:03:10,539] {taskinstance.py:1357} INFO - Starting attempt 1 of 2
[2024-10-29 03:03:10,539] {taskinstance.py:1358} INFO - 
--------------------------------------------------------------------------------
[2024-10-29 03:03:10,568] {taskinstance.py:1377} INFO - Executing <Task(HttpSensor): is_api_available> on 2024-10-29 03:01:08.714066+00:00
[2024-10-29 03:03:10,577] {standard_task_runner.py:52} INFO - Started process 971 to run task
[2024-10-29 03:03:10,582] {standard_task_runner.py:79} INFO - Running: ['***', 'tasks', 'run', 'parking_pipeline', 'is_api_available', 'scheduled__2024-10-29T03:01:08.714066+00:00', '--job-id', '752', '--raw', '--subdir', 'DAGS_FOLDER/parking_dag.py', '--cfg-path', '/tmp/tmpelo_xs0q', '--error-file', '/tmp/tmpn9vijv36']
[2024-10-29 03:03:10,584] {standard_task_runner.py:80} INFO - Job 752: Subtask is_api_available
[2024-10-29 03:03:10,692] {task_command.py:369} INFO - Running <TaskInstance: parking_pipeline.is_api_available scheduled__2024-10-29T03:01:08.714066+00:00 [running]> on host 6da7af54a32a
[2024-10-29 03:03:10,835] {taskinstance.py:1571} INFO - Exporting the following env vars:
AIRFLOW_CTX_DAG_OWNER=Airflow
AIRFLOW_CTX_DAG_ID=parking_pipeline
AIRFLOW_CTX_TASK_ID=is_api_available
AIRFLOW_CTX_EXECUTION_DATE=2024-10-29T03:01:08.714066+00:00
AIRFLOW_CTX_TRY_NUMBER=1
AIRFLOW_CTX_DAG_RUN_ID=scheduled__2024-10-29T03:01:08.714066+00:00
[2024-10-29 03:03:10,836] {http.py:97} INFO - Poking: 
[2024-10-29 03:03:10,853] {base.py:68} INFO - Using connection ID 'is_api_available' for task execution.
[2024-10-29 03:03:10,856] {http.py:129} INFO - Sending 'GET' to url: https://datahub-v2.arlingtonva.us/api/ParkingMeter/ParkingTransactions
[2024-10-29 03:03:11,874] {base.py:301} INFO - Success criteria met. Exiting.
[2024-10-29 03:03:11,908] {taskinstance.py:1400} INFO - Marking task as SUCCESS. dag_id=parking_pipeline, task_id=is_api_available, execution_date=20241029T030108, start_date=20241029T030310, end_date=20241029T030311
[2024-10-29 03:03:11,962] {local_task_job.py:156} INFO - Task exited with return code 0
[2024-10-29 03:03:12,067] {local_task_job.py:273} INFO - 1 downstream tasks scheduled from follow-on schedule check
