[2022-12-27 22:56:59,819] {taskinstance.py:1159} INFO - Dependencies all met for <TaskInstance: parking_pipeline.transform_data manual__2022-12-27T22:56:55.455285+00:00 [queued]>
[2022-12-27 22:56:59,825] {taskinstance.py:1159} INFO - Dependencies all met for <TaskInstance: parking_pipeline.transform_data manual__2022-12-27T22:56:55.455285+00:00 [queued]>
[2022-12-27 22:56:59,826] {taskinstance.py:1356} INFO - 
--------------------------------------------------------------------------------
[2022-12-27 22:56:59,826] {taskinstance.py:1357} INFO - Starting attempt 1 of 2
[2022-12-27 22:56:59,827] {taskinstance.py:1358} INFO - 
--------------------------------------------------------------------------------
[2022-12-27 22:56:59,836] {taskinstance.py:1377} INFO - Executing <Task(PythonOperator): transform_data> on 2022-12-27 22:56:55.455285+00:00
[2022-12-27 22:56:59,840] {standard_task_runner.py:52} INFO - Started process 12549 to run task
[2022-12-27 22:56:59,845] {standard_task_runner.py:79} INFO - Running: ['***', 'tasks', 'run', 'parking_pipeline', 'transform_data', 'manual__2022-12-27T22:56:55.455285+00:00', '--job-id', '705', '--raw', '--subdir', 'DAGS_FOLDER/parking_dag.py', '--cfg-path', '/tmp/tmpi4tbpcex', '--error-file', '/tmp/tmphqqk4_pb']
[2022-12-27 22:56:59,846] {standard_task_runner.py:80} INFO - Job 705: Subtask transform_data
[2022-12-27 22:56:59,901] {task_command.py:369} INFO - Running <TaskInstance: parking_pipeline.transform_data manual__2022-12-27T22:56:55.455285+00:00 [running]> on host 8fbeee8d3d5a
[2022-12-27 22:56:59,966] {taskinstance.py:1571} INFO - Exporting the following env vars:
AIRFLOW_CTX_DAG_OWNER=Airflow
AIRFLOW_CTX_DAG_ID=parking_pipeline
AIRFLOW_CTX_TASK_ID=transform_data
AIRFLOW_CTX_EXECUTION_DATE=2022-12-27T22:56:55.455285+00:00
AIRFLOW_CTX_TRY_NUMBER=1
AIRFLOW_CTX_DAG_RUN_ID=manual__2022-12-27T22:56:55.455285+00:00
[2022-12-27 22:57:00,000] {python.py:173} INFO - Done. Returned value was: None
[2022-12-27 22:57:00,013] {taskinstance.py:1400} INFO - Marking task as SUCCESS. dag_id=parking_pipeline, task_id=transform_data, execution_date=20221227T225655, start_date=20221227T225659, end_date=20221227T225700
[2022-12-27 22:57:00,057] {local_task_job.py:156} INFO - Task exited with return code 0
[2022-12-27 22:57:00,087] {local_task_job.py:273} INFO - 0 downstream tasks scheduled from follow-on schedule check
