[2022-12-26 21:05:02,232] {taskinstance.py:1159} INFO - Dependencies all met for <TaskInstance: parking_pipeline.transform_data scheduled__2022-12-26T21:02:57.313229+00:00 [queued]>
[2022-12-26 21:05:02,239] {taskinstance.py:1159} INFO - Dependencies all met for <TaskInstance: parking_pipeline.transform_data scheduled__2022-12-26T21:02:57.313229+00:00 [queued]>
[2022-12-26 21:05:02,239] {taskinstance.py:1356} INFO - 
--------------------------------------------------------------------------------
[2022-12-26 21:05:02,240] {taskinstance.py:1357} INFO - Starting attempt 1 of 2
[2022-12-26 21:05:02,240] {taskinstance.py:1358} INFO - 
--------------------------------------------------------------------------------
[2022-12-26 21:05:02,249] {taskinstance.py:1377} INFO - Executing <Task(PythonOperator): transform_data> on 2022-12-26 21:02:57.313229+00:00
[2022-12-26 21:05:02,253] {standard_task_runner.py:52} INFO - Started process 3588 to run task
[2022-12-26 21:05:02,257] {standard_task_runner.py:79} INFO - Running: ['***', 'tasks', 'run', 'parking_pipeline', 'transform_data', 'scheduled__2022-12-26T21:02:57.313229+00:00', '--job-id', '143', '--raw', '--subdir', 'DAGS_FOLDER/parking_dag.py', '--cfg-path', '/tmp/tmpnnl9391t', '--error-file', '/tmp/tmpq4w_0zm9']
[2022-12-26 21:05:02,259] {standard_task_runner.py:80} INFO - Job 143: Subtask transform_data
[2022-12-26 21:05:02,310] {task_command.py:369} INFO - Running <TaskInstance: parking_pipeline.transform_data scheduled__2022-12-26T21:02:57.313229+00:00 [running]> on host 3d3eee352115
[2022-12-26 21:05:02,369] {taskinstance.py:1571} INFO - Exporting the following env vars:
AIRFLOW_CTX_DAG_OWNER=Airflow
AIRFLOW_CTX_DAG_ID=parking_pipeline
AIRFLOW_CTX_TASK_ID=transform_data
AIRFLOW_CTX_EXECUTION_DATE=2022-12-26T21:02:57.313229+00:00
AIRFLOW_CTX_TRY_NUMBER=1
AIRFLOW_CTX_DAG_RUN_ID=scheduled__2022-12-26T21:02:57.313229+00:00
[2022-12-26 21:05:02,389] {python.py:173} INFO - Done. Returned value was: None
[2022-12-26 21:05:02,402] {taskinstance.py:1400} INFO - Marking task as SUCCESS. dag_id=parking_pipeline, task_id=transform_data, execution_date=20221226T210257, start_date=20221226T210502, end_date=20221226T210502
[2022-12-26 21:05:02,429] {local_task_job.py:156} INFO - Task exited with return code 0
[2022-12-26 21:05:02,459] {local_task_job.py:273} INFO - 0 downstream tasks scheduled from follow-on schedule check
