[2022-12-26 21:34:37,328] {taskinstance.py:1159} INFO - Dependencies all met for <TaskInstance: parking_pipeline.is_api_available scheduled__2022-12-26T21:32:36.375693+00:00 [queued]>
[2022-12-26 21:34:37,338] {taskinstance.py:1159} INFO - Dependencies all met for <TaskInstance: parking_pipeline.is_api_available scheduled__2022-12-26T21:32:36.375693+00:00 [queued]>
[2022-12-26 21:34:37,339] {taskinstance.py:1356} INFO - 
--------------------------------------------------------------------------------
[2022-12-26 21:34:37,340] {taskinstance.py:1357} INFO - Starting attempt 1 of 2
[2022-12-26 21:34:37,341] {taskinstance.py:1358} INFO - 
--------------------------------------------------------------------------------
[2022-12-26 21:34:37,353] {taskinstance.py:1377} INFO - Executing <Task(HttpSensor): is_api_available> on 2022-12-26 21:32:36.375693+00:00
[2022-12-26 21:34:37,361] {standard_task_runner.py:52} INFO - Started process 667 to run task
[2022-12-26 21:34:37,369] {standard_task_runner.py:79} INFO - Running: ['***', 'tasks', 'run', 'parking_pipeline', 'is_api_available', 'scheduled__2022-12-26T21:32:36.375693+00:00', '--job-id', '23', '--raw', '--subdir', 'DAGS_FOLDER/parking_dag.py', '--cfg-path', '/tmp/tmpzvs6nw79', '--error-file', '/tmp/tmp9e1raryb']
[2022-12-26 21:34:37,371] {standard_task_runner.py:80} INFO - Job 23: Subtask is_api_available
[2022-12-26 21:34:37,456] {task_command.py:369} INFO - Running <TaskInstance: parking_pipeline.is_api_available scheduled__2022-12-26T21:32:36.375693+00:00 [running]> on host 6ae44adb8f1d
[2022-12-26 21:34:37,528] {taskinstance.py:1571} INFO - Exporting the following env vars:
AIRFLOW_CTX_DAG_OWNER=Airflow
AIRFLOW_CTX_DAG_ID=parking_pipeline
AIRFLOW_CTX_TASK_ID=is_api_available
AIRFLOW_CTX_EXECUTION_DATE=2022-12-26T21:32:36.375693+00:00
AIRFLOW_CTX_TRY_NUMBER=1
AIRFLOW_CTX_DAG_RUN_ID=scheduled__2022-12-26T21:32:36.375693+00:00
[2022-12-26 21:34:37,532] {http.py:97} INFO - Poking: 
[2022-12-26 21:34:37,551] {base.py:68} INFO - Using connection ID 'is_api_available' for task execution.
[2022-12-26 21:34:37,555] {http.py:129} INFO - Sending 'GET' to url: https://datahub-v2.arlingtonva.us/api/ParkingMeter/ParkingTransactions
[2022-12-26 21:34:37,711] {base.py:301} INFO - Success criteria met. Exiting.
[2022-12-26 21:34:37,728] {taskinstance.py:1400} INFO - Marking task as SUCCESS. dag_id=parking_pipeline, task_id=is_api_available, execution_date=20221226T213236, start_date=20221226T213437, end_date=20221226T213437
[2022-12-26 21:34:37,786] {local_task_job.py:156} INFO - Task exited with return code 0
[2022-12-26 21:34:37,842] {local_task_job.py:273} INFO - 1 downstream tasks scheduled from follow-on schedule check
