[2022-12-26 19:31:39,809] {taskinstance.py:1159} INFO - Dependencies all met for <TaskInstance: parking_pipeline.is_api_available scheduled__2022-12-26T19:29:38.407983+00:00 [queued]>
[2022-12-26 19:31:39,816] {taskinstance.py:1159} INFO - Dependencies all met for <TaskInstance: parking_pipeline.is_api_available scheduled__2022-12-26T19:29:38.407983+00:00 [queued]>
[2022-12-26 19:31:39,817] {taskinstance.py:1356} INFO - 
--------------------------------------------------------------------------------
[2022-12-26 19:31:39,817] {taskinstance.py:1357} INFO - Starting attempt 1 of 2
[2022-12-26 19:31:39,818] {taskinstance.py:1358} INFO - 
--------------------------------------------------------------------------------
[2022-12-26 19:31:39,827] {taskinstance.py:1377} INFO - Executing <Task(HttpSensor): is_api_available> on 2022-12-26 19:29:38.407983+00:00
[2022-12-26 19:31:39,832] {standard_task_runner.py:52} INFO - Started process 9009 to run task
[2022-12-26 19:31:39,836] {standard_task_runner.py:79} INFO - Running: ['***', 'tasks', 'run', 'parking_pipeline', 'is_api_available', 'scheduled__2022-12-26T19:29:38.407983+00:00', '--job-id', '349', '--raw', '--subdir', 'DAGS_FOLDER/parking_dag.py', '--cfg-path', '/tmp/tmpqhbf56jj', '--error-file', '/tmp/tmp0rgey62h']
[2022-12-26 19:31:39,838] {standard_task_runner.py:80} INFO - Job 349: Subtask is_api_available
[2022-12-26 19:31:39,893] {task_command.py:369} INFO - Running <TaskInstance: parking_pipeline.is_api_available scheduled__2022-12-26T19:29:38.407983+00:00 [running]> on host a4f1a67a8720
[2022-12-26 19:31:39,952] {taskinstance.py:1571} INFO - Exporting the following env vars:
AIRFLOW_CTX_DAG_OWNER=Airflow
AIRFLOW_CTX_DAG_ID=parking_pipeline
AIRFLOW_CTX_TASK_ID=is_api_available
AIRFLOW_CTX_EXECUTION_DATE=2022-12-26T19:29:38.407983+00:00
AIRFLOW_CTX_TRY_NUMBER=1
AIRFLOW_CTX_DAG_RUN_ID=scheduled__2022-12-26T19:29:38.407983+00:00
[2022-12-26 19:31:39,953] {http.py:97} INFO - Poking: 
[2022-12-26 19:31:39,964] {base.py:68} INFO - Using connection ID 'is_api_available' for task execution.
[2022-12-26 19:31:39,966] {http.py:129} INFO - Sending 'GET' to url: https://datahub-v2.arlingtonva.us/api/ParkingMeter/ParkingTransactions
[2022-12-26 19:31:40,158] {base.py:301} INFO - Success criteria met. Exiting.
[2022-12-26 19:31:40,174] {taskinstance.py:1400} INFO - Marking task as SUCCESS. dag_id=parking_pipeline, task_id=is_api_available, execution_date=20221226T192938, start_date=20221226T193139, end_date=20221226T193140
[2022-12-26 19:31:40,213] {local_task_job.py:156} INFO - Task exited with return code 0
[2022-12-26 19:31:40,256] {local_task_job.py:273} INFO - 1 downstream tasks scheduled from follow-on schedule check
