[2022-12-26 21:20:58,532] {taskinstance.py:1159} INFO - Dependencies all met for <TaskInstance: parking_pipeline.is_api_available scheduled__2022-12-26T21:18:57.313229+00:00 [queued]>
[2022-12-26 21:20:58,539] {taskinstance.py:1159} INFO - Dependencies all met for <TaskInstance: parking_pipeline.is_api_available scheduled__2022-12-26T21:18:57.313229+00:00 [queued]>
[2022-12-26 21:20:58,542] {taskinstance.py:1356} INFO - 
--------------------------------------------------------------------------------
[2022-12-26 21:20:58,542] {taskinstance.py:1357} INFO - Starting attempt 1 of 2
[2022-12-26 21:20:58,543] {taskinstance.py:1358} INFO - 
--------------------------------------------------------------------------------
[2022-12-26 21:20:58,552] {taskinstance.py:1377} INFO - Executing <Task(HttpSensor): is_api_available> on 2022-12-26 21:18:57.313229+00:00
[2022-12-26 21:20:58,558] {standard_task_runner.py:52} INFO - Started process 4512 to run task
[2022-12-26 21:20:58,562] {standard_task_runner.py:79} INFO - Running: ['***', 'tasks', 'run', 'parking_pipeline', 'is_api_available', 'scheduled__2022-12-26T21:18:57.313229+00:00', '--job-id', '184', '--raw', '--subdir', 'DAGS_FOLDER/parking_dag.py', '--cfg-path', '/tmp/tmp1thcx2tv', '--error-file', '/tmp/tmp_uqmw5r8']
[2022-12-26 21:20:58,564] {standard_task_runner.py:80} INFO - Job 184: Subtask is_api_available
[2022-12-26 21:20:58,616] {task_command.py:369} INFO - Running <TaskInstance: parking_pipeline.is_api_available scheduled__2022-12-26T21:18:57.313229+00:00 [running]> on host 3d3eee352115
[2022-12-26 21:20:58,676] {taskinstance.py:1571} INFO - Exporting the following env vars:
AIRFLOW_CTX_DAG_OWNER=Airflow
AIRFLOW_CTX_DAG_ID=parking_pipeline
AIRFLOW_CTX_TASK_ID=is_api_available
AIRFLOW_CTX_EXECUTION_DATE=2022-12-26T21:18:57.313229+00:00
AIRFLOW_CTX_TRY_NUMBER=1
AIRFLOW_CTX_DAG_RUN_ID=scheduled__2022-12-26T21:18:57.313229+00:00
[2022-12-26 21:20:58,678] {http.py:97} INFO - Poking: 
[2022-12-26 21:20:58,688] {base.py:68} INFO - Using connection ID 'is_api_available' for task execution.
[2022-12-26 21:20:58,690] {http.py:129} INFO - Sending 'GET' to url: https://datahub-v2.arlingtonva.us/api/ParkingMeter/ParkingTransactions
[2022-12-26 21:20:58,869] {base.py:301} INFO - Success criteria met. Exiting.
[2022-12-26 21:20:58,889] {taskinstance.py:1400} INFO - Marking task as SUCCESS. dag_id=parking_pipeline, task_id=is_api_available, execution_date=20221226T211857, start_date=20221226T212058, end_date=20221226T212058
[2022-12-26 21:20:58,912] {local_task_job.py:156} INFO - Task exited with return code 0
[2022-12-26 21:20:58,954] {local_task_job.py:273} INFO - 1 downstream tasks scheduled from follow-on schedule check
