[2024-10-29 01:48:58,308] {taskinstance.py:1159} INFO - Dependencies all met for <TaskInstance: parking_pipeline.transform_data scheduled__2024-10-22T03:18:10.879477+00:00 [queued]>
[2024-10-29 01:48:58,319] {taskinstance.py:1159} INFO - Dependencies all met for <TaskInstance: parking_pipeline.transform_data scheduled__2024-10-22T03:18:10.879477+00:00 [queued]>
[2024-10-29 01:48:58,320] {taskinstance.py:1356} INFO - 
--------------------------------------------------------------------------------
[2024-10-29 01:48:58,321] {taskinstance.py:1357} INFO - Starting attempt 1 of 2
[2024-10-29 01:48:58,321] {taskinstance.py:1358} INFO - 
--------------------------------------------------------------------------------
[2024-10-29 01:48:58,338] {taskinstance.py:1377} INFO - Executing <Task(PythonOperator): transform_data> on 2024-10-22 03:18:10.879477+00:00
[2024-10-29 01:48:58,345] {standard_task_runner.py:52} INFO - Started process 119 to run task
[2024-10-29 01:48:58,348] {standard_task_runner.py:79} INFO - Running: ['***', 'tasks', 'run', 'parking_pipeline', 'transform_data', 'scheduled__2024-10-22T03:18:10.879477+00:00', '--job-id', '383', '--raw', '--subdir', 'DAGS_FOLDER/parking_dag.py', '--cfg-path', '/tmp/tmp2imlys6e', '--error-file', '/tmp/tmpczzmdxcz']
[2024-10-29 01:48:58,349] {standard_task_runner.py:80} INFO - Job 383: Subtask transform_data
[2024-10-29 01:48:58,412] {task_command.py:369} INFO - Running <TaskInstance: parking_pipeline.transform_data scheduled__2024-10-22T03:18:10.879477+00:00 [running]> on host 34572bdb7b7c
[2024-10-29 01:48:58,517] {taskinstance.py:1571} INFO - Exporting the following env vars:
AIRFLOW_CTX_DAG_OWNER=Airflow
AIRFLOW_CTX_DAG_ID=parking_pipeline
AIRFLOW_CTX_TASK_ID=transform_data
AIRFLOW_CTX_EXECUTION_DATE=2024-10-22T03:18:10.879477+00:00
AIRFLOW_CTX_TRY_NUMBER=1
AIRFLOW_CTX_DAG_RUN_ID=scheduled__2024-10-22T03:18:10.879477+00:00
[2024-10-29 01:48:58,568] {python.py:173} INFO - Done. Returned value was: None
[2024-10-29 01:48:58,594] {taskinstance.py:1400} INFO - Marking task as SUCCESS. dag_id=parking_pipeline, task_id=transform_data, execution_date=20241022T031810, start_date=20241029T014858, end_date=20241029T014858
[2024-10-29 01:48:58,643] {local_task_job.py:156} INFO - Task exited with return code 0
[2024-10-29 01:48:58,698] {local_task_job.py:273} INFO - 1 downstream tasks scheduled from follow-on schedule check
