[2024-10-20 14:24:34,332] {taskinstance.py:1159} INFO - Dependencies all met for <TaskInstance: parking_pipeline.load_data scheduled__2024-10-20T14:22:25.775451+00:00 [queued]>
[2024-10-20 14:24:34,343] {taskinstance.py:1159} INFO - Dependencies all met for <TaskInstance: parking_pipeline.load_data scheduled__2024-10-20T14:22:25.775451+00:00 [queued]>
[2024-10-20 14:24:34,344] {taskinstance.py:1356} INFO - 
--------------------------------------------------------------------------------
[2024-10-20 14:24:34,344] {taskinstance.py:1357} INFO - Starting attempt 1 of 2
[2024-10-20 14:24:34,345] {taskinstance.py:1358} INFO - 
--------------------------------------------------------------------------------
[2024-10-20 14:24:34,361] {taskinstance.py:1377} INFO - Executing <Task(PythonOperator): load_data> on 2024-10-20 14:22:25.775451+00:00
[2024-10-20 14:24:34,368] {standard_task_runner.py:52} INFO - Started process 1437 to run task
[2024-10-20 14:24:34,370] {standard_task_runner.py:79} INFO - Running: ['***', 'tasks', 'run', 'parking_pipeline', 'load_data', 'scheduled__2024-10-20T14:22:25.775451+00:00', '--job-id', '244', '--raw', '--subdir', 'DAGS_FOLDER/parking_dag.py', '--cfg-path', '/tmp/tmpl246yjyd', '--error-file', '/tmp/tmptjpfwzxc']
[2024-10-20 14:24:34,371] {standard_task_runner.py:80} INFO - Job 244: Subtask load_data
[2024-10-20 14:24:34,426] {task_command.py:369} INFO - Running <TaskInstance: parking_pipeline.load_data scheduled__2024-10-20T14:22:25.775451+00:00 [running]> on host 4047801f839c
[2024-10-20 14:24:34,509] {taskinstance.py:1571} INFO - Exporting the following env vars:
AIRFLOW_CTX_DAG_OWNER=Airflow
AIRFLOW_CTX_DAG_ID=parking_pipeline
AIRFLOW_CTX_TASK_ID=load_data
AIRFLOW_CTX_EXECUTION_DATE=2024-10-20T14:22:25.775451+00:00
AIRFLOW_CTX_TRY_NUMBER=1
AIRFLOW_CTX_DAG_RUN_ID=scheduled__2024-10-20T14:22:25.775451+00:00
[2024-10-20 14:24:34,519] {postgres.py:127} INFO - Running copy expert: COPY parking_data FROM stdin WITH DELIMITER as ',', filename: ./tmp/processed_parking_data_00.csv
[2024-10-20 14:24:34,528] {base.py:68} INFO - Using connection ID 'postgres' for task execution.
[2024-10-20 14:24:34,537] {python.py:173} INFO - Done. Returned value was: None
[2024-10-20 14:24:34,553] {taskinstance.py:1400} INFO - Marking task as SUCCESS. dag_id=parking_pipeline, task_id=load_data, execution_date=20241020T142225, start_date=20241020T142434, end_date=20241020T142434
[2024-10-20 14:24:34,584] {local_task_job.py:156} INFO - Task exited with return code 0
[2024-10-20 14:24:34,618] {local_task_job.py:273} INFO - 0 downstream tasks scheduled from follow-on schedule check
