[2022-12-26 18:35:04,476] {taskinstance.py:1159} INFO - Dependencies all met for <TaskInstance: parking_pipeline.transform_data scheduled__2022-12-26T18:33:00.007493+00:00 [queued]>
[2022-12-26 18:35:04,484] {taskinstance.py:1159} INFO - Dependencies all met for <TaskInstance: parking_pipeline.transform_data scheduled__2022-12-26T18:33:00.007493+00:00 [queued]>
[2022-12-26 18:35:04,484] {taskinstance.py:1356} INFO - 
--------------------------------------------------------------------------------
[2022-12-26 18:35:04,485] {taskinstance.py:1357} INFO - Starting attempt 1 of 2
[2022-12-26 18:35:04,485] {taskinstance.py:1358} INFO - 
--------------------------------------------------------------------------------
[2022-12-26 18:35:04,498] {taskinstance.py:1377} INFO - Executing <Task(PythonOperator): transform_data> on 2022-12-26 18:33:00.007493+00:00
[2022-12-26 18:35:04,506] {standard_task_runner.py:52} INFO - Started process 6870 to run task
[2022-12-26 18:35:04,510] {standard_task_runner.py:79} INFO - Running: ['***', 'tasks', 'run', 'parking_pipeline', 'transform_data', 'scheduled__2022-12-26T18:33:00.007493+00:00', '--job-id', '254', '--raw', '--subdir', 'DAGS_FOLDER/parking_dag.py', '--cfg-path', '/tmp/tmpu1eirqux', '--error-file', '/tmp/tmp63pgmfuy']
[2022-12-26 18:35:04,512] {standard_task_runner.py:80} INFO - Job 254: Subtask transform_data
[2022-12-26 18:35:04,623] {task_command.py:369} INFO - Running <TaskInstance: parking_pipeline.transform_data scheduled__2022-12-26T18:33:00.007493+00:00 [running]> on host a4f1a67a8720
[2022-12-26 18:35:04,713] {taskinstance.py:1571} INFO - Exporting the following env vars:
AIRFLOW_CTX_DAG_OWNER=Airflow
AIRFLOW_CTX_DAG_ID=parking_pipeline
AIRFLOW_CTX_TASK_ID=transform_data
AIRFLOW_CTX_EXECUTION_DATE=2022-12-26T18:33:00.007493+00:00
AIRFLOW_CTX_TRY_NUMBER=1
AIRFLOW_CTX_DAG_RUN_ID=scheduled__2022-12-26T18:33:00.007493+00:00
[2022-12-26 18:35:04,741] {python.py:173} INFO - Done. Returned value was: None
[2022-12-26 18:35:04,755] {taskinstance.py:1400} INFO - Marking task as SUCCESS. dag_id=parking_pipeline, task_id=transform_data, execution_date=20221226T183300, start_date=20221226T183504, end_date=20221226T183504
[2022-12-26 18:35:04,805] {local_task_job.py:156} INFO - Task exited with return code 0
[2022-12-26 18:35:04,837] {local_task_job.py:273} INFO - 0 downstream tasks scheduled from follow-on schedule check
