[2022-12-27 20:33:14,494] {taskinstance.py:1159} INFO - Dependencies all met for <TaskInstance: parking_pipeline.transform_data scheduled__2022-12-27T20:31:09.510022+00:00 [queued]>
[2022-12-27 20:33:14,500] {taskinstance.py:1159} INFO - Dependencies all met for <TaskInstance: parking_pipeline.transform_data scheduled__2022-12-27T20:31:09.510022+00:00 [queued]>
[2022-12-27 20:33:14,501] {taskinstance.py:1356} INFO - 
--------------------------------------------------------------------------------
[2022-12-27 20:33:14,501] {taskinstance.py:1357} INFO - Starting attempt 1 of 2
[2022-12-27 20:33:14,502] {taskinstance.py:1358} INFO - 
--------------------------------------------------------------------------------
[2022-12-27 20:33:14,511] {taskinstance.py:1377} INFO - Executing <Task(PythonOperator): transform_data> on 2022-12-27 20:31:09.510022+00:00
[2022-12-27 20:33:14,515] {standard_task_runner.py:52} INFO - Started process 6539 to run task
[2022-12-27 20:33:14,519] {standard_task_runner.py:79} INFO - Running: ['***', 'tasks', 'run', 'parking_pipeline', 'transform_data', 'scheduled__2022-12-27T20:31:09.510022+00:00', '--job-id', '219', '--raw', '--subdir', 'DAGS_FOLDER/parking_dag.py', '--cfg-path', '/tmp/tmpy8vw0sec', '--error-file', '/tmp/tmpa6xvexo0']
[2022-12-27 20:33:14,520] {standard_task_runner.py:80} INFO - Job 219: Subtask transform_data
[2022-12-27 20:33:14,569] {task_command.py:369} INFO - Running <TaskInstance: parking_pipeline.transform_data scheduled__2022-12-27T20:31:09.510022+00:00 [running]> on host 8fbeee8d3d5a
[2022-12-27 20:33:14,626] {taskinstance.py:1571} INFO - Exporting the following env vars:
AIRFLOW_CTX_DAG_OWNER=Airflow
AIRFLOW_CTX_DAG_ID=parking_pipeline
AIRFLOW_CTX_TASK_ID=transform_data
AIRFLOW_CTX_EXECUTION_DATE=2022-12-27T20:31:09.510022+00:00
AIRFLOW_CTX_TRY_NUMBER=1
AIRFLOW_CTX_DAG_RUN_ID=scheduled__2022-12-27T20:31:09.510022+00:00
[2022-12-27 20:33:14,677] {logging_mixin.py:115} INFO -                                                   0   ...                                                 49
0  {'parkingTransactionKey': 3, 'transactionSourc...  ...  {'parkingTransactionKey': 425, 'transactionSou...

[1 rows x 50 columns]
[2022-12-27 20:33:14,680] {python.py:173} INFO - Done. Returned value was: None
[2022-12-27 20:33:14,692] {taskinstance.py:1400} INFO - Marking task as SUCCESS. dag_id=parking_pipeline, task_id=transform_data, execution_date=20221227T203109, start_date=20221227T203314, end_date=20221227T203314
[2022-12-27 20:33:14,731] {local_task_job.py:156} INFO - Task exited with return code 0
[2022-12-27 20:33:14,761] {local_task_job.py:273} INFO - 0 downstream tasks scheduled from follow-on schedule check
