[2024-10-20 15:02:27,099] {taskinstance.py:1159} INFO - Dependencies all met for <TaskInstance: parking_pipeline.is_api_available scheduled__2024-10-20T15:00:26.233770+00:00 [queued]>
[2024-10-20 15:02:27,110] {taskinstance.py:1159} INFO - Dependencies all met for <TaskInstance: parking_pipeline.is_api_available scheduled__2024-10-20T15:00:26.233770+00:00 [queued]>
[2024-10-20 15:02:27,111] {taskinstance.py:1356} INFO - 
--------------------------------------------------------------------------------
[2024-10-20 15:02:27,112] {taskinstance.py:1357} INFO - Starting attempt 1 of 2
[2024-10-20 15:02:27,112] {taskinstance.py:1358} INFO - 
--------------------------------------------------------------------------------
[2024-10-20 15:02:27,131] {taskinstance.py:1377} INFO - Executing <Task(HttpSensor): is_api_available> on 2024-10-20 15:00:26.233770+00:00
[2024-10-20 15:02:27,140] {standard_task_runner.py:52} INFO - Started process 3449 to run task
[2024-10-20 15:02:27,143] {standard_task_runner.py:79} INFO - Running: ['***', 'tasks', 'run', 'parking_pipeline', 'is_api_available', 'scheduled__2024-10-20T15:00:26.233770+00:00', '--job-id', '335', '--raw', '--subdir', 'DAGS_FOLDER/parking_dag.py', '--cfg-path', '/tmp/tmp21kg20yd', '--error-file', '/tmp/tmpsfix7w6m']
[2024-10-20 15:02:27,144] {standard_task_runner.py:80} INFO - Job 335: Subtask is_api_available
[2024-10-20 15:02:27,210] {task_command.py:369} INFO - Running <TaskInstance: parking_pipeline.is_api_available scheduled__2024-10-20T15:00:26.233770+00:00 [running]> on host 4047801f839c
[2024-10-20 15:02:27,296] {taskinstance.py:1571} INFO - Exporting the following env vars:
AIRFLOW_CTX_DAG_OWNER=Airflow
AIRFLOW_CTX_DAG_ID=parking_pipeline
AIRFLOW_CTX_TASK_ID=is_api_available
AIRFLOW_CTX_EXECUTION_DATE=2024-10-20T15:00:26.233770+00:00
AIRFLOW_CTX_TRY_NUMBER=1
AIRFLOW_CTX_DAG_RUN_ID=scheduled__2024-10-20T15:00:26.233770+00:00
[2024-10-20 15:02:27,297] {http.py:97} INFO - Poking: 
[2024-10-20 15:02:27,308] {base.py:68} INFO - Using connection ID 'is_api_available' for task execution.
[2024-10-20 15:02:27,309] {http.py:129} INFO - Sending 'GET' to url: https://datahub-v2.arlingtonva.us/api/ParkingMeter/ParkingTransactions
[2024-10-20 15:02:28,374] {base.py:301} INFO - Success criteria met. Exiting.
[2024-10-20 15:02:28,390] {taskinstance.py:1400} INFO - Marking task as SUCCESS. dag_id=parking_pipeline, task_id=is_api_available, execution_date=20241020T150026, start_date=20241020T150227, end_date=20241020T150228
[2024-10-20 15:02:28,442] {local_task_job.py:156} INFO - Task exited with return code 0
[2024-10-20 15:02:28,556] {local_task_job.py:273} INFO - 1 downstream tasks scheduled from follow-on schedule check
