[2022-12-27 21:02:30,898] {taskinstance.py:1159} INFO - Dependencies all met for <TaskInstance: parking_pipeline.transform_data manual__2022-12-27T21:02:26.475551+00:00 [queued]>
[2022-12-27 21:02:30,908] {taskinstance.py:1159} INFO - Dependencies all met for <TaskInstance: parking_pipeline.transform_data manual__2022-12-27T21:02:26.475551+00:00 [queued]>
[2022-12-27 21:02:30,909] {taskinstance.py:1356} INFO - 
--------------------------------------------------------------------------------
[2022-12-27 21:02:30,909] {taskinstance.py:1357} INFO - Starting attempt 1 of 2
[2022-12-27 21:02:30,910] {taskinstance.py:1358} INFO - 
--------------------------------------------------------------------------------
[2022-12-27 21:02:30,919] {taskinstance.py:1377} INFO - Executing <Task(PythonOperator): transform_data> on 2022-12-27 21:02:26.475551+00:00
[2022-12-27 21:02:30,924] {standard_task_runner.py:52} INFO - Started process 8447 to run task
[2022-12-27 21:02:30,927] {standard_task_runner.py:79} INFO - Running: ['***', 'tasks', 'run', 'parking_pipeline', 'transform_data', 'manual__2022-12-27T21:02:26.475551+00:00', '--job-id', '380', '--raw', '--subdir', 'DAGS_FOLDER/parking_dag.py', '--cfg-path', '/tmp/tmpx37tg5p_', '--error-file', '/tmp/tmpga88ys6i']
[2022-12-27 21:02:30,929] {standard_task_runner.py:80} INFO - Job 380: Subtask transform_data
[2022-12-27 21:02:30,979] {task_command.py:369} INFO - Running <TaskInstance: parking_pipeline.transform_data manual__2022-12-27T21:02:26.475551+00:00 [running]> on host 8fbeee8d3d5a
[2022-12-27 21:02:31,037] {taskinstance.py:1571} INFO - Exporting the following env vars:
AIRFLOW_CTX_DAG_OWNER=Airflow
AIRFLOW_CTX_DAG_ID=parking_pipeline
AIRFLOW_CTX_TASK_ID=transform_data
AIRFLOW_CTX_EXECUTION_DATE=2022-12-27T21:02:26.475551+00:00
AIRFLOW_CTX_TRY_NUMBER=1
AIRFLOW_CTX_DAG_RUN_ID=manual__2022-12-27T21:02:26.475551+00:00
[2022-12-27 21:02:31,049] {taskinstance.py:1889} ERROR - Task failed with exception
Traceback (most recent call last):
  File "/home/airflow/.local/lib/python3.7/site-packages/airflow/operators/python.py", line 171, in execute
    return_value = self.execute_callable()
  File "/home/airflow/.local/lib/python3.7/site-packages/airflow/operators/python.py", line 189, in execute_callable
    return self.python_callable(*self.op_args, **self.op_kwargs)
  File "/opt/airflow/dags/parking_dag.py", line 37, in _transform_parking_data
    df = pd.json_normalize(data['parkingTransactionKey'])
TypeError: string indices must be integers
[2022-12-27 21:02:31,060] {taskinstance.py:1400} INFO - Marking task as UP_FOR_RETRY. dag_id=parking_pipeline, task_id=transform_data, execution_date=20221227T210226, start_date=20221227T210230, end_date=20221227T210231
[2022-12-27 21:02:31,067] {standard_task_runner.py:97} ERROR - Failed to execute job 380 for task transform_data (string indices must be integers; 8447)
[2022-12-27 21:02:31,104] {local_task_job.py:156} INFO - Task exited with return code 1
[2022-12-27 21:02:31,134] {local_task_job.py:273} INFO - 0 downstream tasks scheduled from follow-on schedule check
