[2022-12-27 21:29:18,230] {taskinstance.py:1159} INFO - Dependencies all met for <TaskInstance: parking_pipeline.create_table scheduled__2022-12-27T21:22:21.070565+00:00 [queued]>
[2022-12-27 21:29:18,240] {taskinstance.py:1159} INFO - Dependencies all met for <TaskInstance: parking_pipeline.create_table scheduled__2022-12-27T21:22:21.070565+00:00 [queued]>
[2022-12-27 21:29:18,245] {taskinstance.py:1356} INFO - 
--------------------------------------------------------------------------------
[2022-12-27 21:29:18,246] {taskinstance.py:1357} INFO - Starting attempt 1 of 2
[2022-12-27 21:29:18,247] {taskinstance.py:1358} INFO - 
--------------------------------------------------------------------------------
[2022-12-27 21:29:18,267] {taskinstance.py:1377} INFO - Executing <Task(PostgresOperator): create_table> on 2022-12-27 21:22:21.070565+00:00
[2022-12-27 21:29:18,272] {standard_task_runner.py:52} INFO - Started process 9134 to run task
[2022-12-27 21:29:18,276] {standard_task_runner.py:79} INFO - Running: ['***', 'tasks', 'run', 'parking_pipeline', 'create_table', 'scheduled__2022-12-27T21:22:21.070565+00:00', '--job-id', '473', '--raw', '--subdir', 'DAGS_FOLDER/parking_dag.py', '--cfg-path', '/tmp/tmp97c4t4fh', '--error-file', '/tmp/tmplfxdqara']
[2022-12-27 21:29:18,279] {standard_task_runner.py:80} INFO - Job 473: Subtask create_table
[2022-12-27 21:29:18,341] {task_command.py:369} INFO - Running <TaskInstance: parking_pipeline.create_table scheduled__2022-12-27T21:22:21.070565+00:00 [running]> on host 8fbeee8d3d5a
[2022-12-27 21:29:18,459] {taskinstance.py:1571} INFO - Exporting the following env vars:
AIRFLOW_CTX_DAG_OWNER=Airflow
AIRFLOW_CTX_DAG_ID=parking_pipeline
AIRFLOW_CTX_TASK_ID=create_table
AIRFLOW_CTX_EXECUTION_DATE=2022-12-27T21:22:21.070565+00:00
AIRFLOW_CTX_TRY_NUMBER=1
AIRFLOW_CTX_DAG_RUN_ID=scheduled__2022-12-27T21:22:21.070565+00:00
[2022-12-27 21:29:18,485] {base.py:68} INFO - Using connection ID 'postgres' for task execution.
[2022-12-27 21:29:18,492] {dbapi.py:208} INFO - Running statement: 
            drop table if exists parking_data;
            create table parking_data(
                parkingTransactionKey int not null,
                symbol text not null
            );
        , parameters: None
[2022-12-27 21:29:18,515] {taskinstance.py:1400} INFO - Marking task as SUCCESS. dag_id=parking_pipeline, task_id=create_table, execution_date=20221227T212221, start_date=20221227T212918, end_date=20221227T212918
[2022-12-27 21:29:18,542] {local_task_job.py:156} INFO - Task exited with return code 0
[2022-12-27 21:29:18,603] {local_task_job.py:273} INFO - 1 downstream tasks scheduled from follow-on schedule check
