[2024-10-29 02:45:01,867] {taskinstance.py:1159} INFO - Dependencies all met for <TaskInstance: parking_pipeline.store_data_csv scheduled__2024-10-29T02:42:52.089051+00:00 [queued]>
[2024-10-29 02:45:01,881] {taskinstance.py:1159} INFO - Dependencies all met for <TaskInstance: parking_pipeline.store_data_csv scheduled__2024-10-29T02:42:52.089051+00:00 [queued]>
[2024-10-29 02:45:01,882] {taskinstance.py:1356} INFO - 
--------------------------------------------------------------------------------
[2024-10-29 02:45:01,883] {taskinstance.py:1357} INFO - Starting attempt 1 of 2
[2024-10-29 02:45:01,883] {taskinstance.py:1358} INFO - 
--------------------------------------------------------------------------------
[2024-10-29 02:45:01,902] {taskinstance.py:1377} INFO - Executing <Task(PythonOperator): store_data_csv> on 2024-10-29 02:42:52.089051+00:00
[2024-10-29 02:45:01,910] {standard_task_runner.py:52} INFO - Started process 868 to run task
[2024-10-29 02:45:01,914] {standard_task_runner.py:79} INFO - Running: ['***', 'tasks', 'run', 'parking_pipeline', 'store_data_csv', 'scheduled__2024-10-29T02:42:52.089051+00:00', '--job-id', '603', '--raw', '--subdir', 'DAGS_FOLDER/parking_dag.py', '--cfg-path', '/tmp/tmp_6ieg9qw', '--error-file', '/tmp/tmpmrn5bnpm']
[2024-10-29 02:45:01,916] {standard_task_runner.py:80} INFO - Job 603: Subtask store_data_csv
[2024-10-29 02:45:01,991] {task_command.py:369} INFO - Running <TaskInstance: parking_pipeline.store_data_csv scheduled__2024-10-29T02:42:52.089051+00:00 [running]> on host 31266dfed982
[2024-10-29 02:45:02,107] {taskinstance.py:1571} INFO - Exporting the following env vars:
AIRFLOW_CTX_DAG_OWNER=Airflow
AIRFLOW_CTX_DAG_ID=parking_pipeline
AIRFLOW_CTX_TASK_ID=store_data_csv
AIRFLOW_CTX_EXECUTION_DATE=2024-10-29T02:42:52.089051+00:00
AIRFLOW_CTX_TRY_NUMBER=1
AIRFLOW_CTX_DAG_RUN_ID=scheduled__2024-10-29T02:42:52.089051+00:00
[2024-10-29 02:45:02,161] {python.py:173} INFO - Done. Returned value was: None
[2024-10-29 02:45:02,178] {taskinstance.py:1400} INFO - Marking task as SUCCESS. dag_id=parking_pipeline, task_id=store_data_csv, execution_date=20241029T024252, start_date=20241029T024501, end_date=20241029T024502
[2024-10-29 02:45:02,207] {local_task_job.py:156} INFO - Task exited with return code 0
[2024-10-29 02:45:02,273] {local_task_job.py:273} INFO - 0 downstream tasks scheduled from follow-on schedule check
