[2022-12-26 21:32:37,682] {taskinstance.py:1159} INFO - Dependencies all met for <TaskInstance: parking_pipeline.is_api_available scheduled__2022-12-26T21:30:36.375693+00:00 [queued]>
[2022-12-26 21:32:37,689] {taskinstance.py:1159} INFO - Dependencies all met for <TaskInstance: parking_pipeline.is_api_available scheduled__2022-12-26T21:30:36.375693+00:00 [queued]>
[2022-12-26 21:32:37,690] {taskinstance.py:1356} INFO - 
--------------------------------------------------------------------------------
[2022-12-26 21:32:37,690] {taskinstance.py:1357} INFO - Starting attempt 1 of 2
[2022-12-26 21:32:37,691] {taskinstance.py:1358} INFO - 
--------------------------------------------------------------------------------
[2022-12-26 21:32:37,700] {taskinstance.py:1377} INFO - Executing <Task(HttpSensor): is_api_available> on 2022-12-26 21:30:36.375693+00:00
[2022-12-26 21:32:37,705] {standard_task_runner.py:52} INFO - Started process 550 to run task
[2022-12-26 21:32:37,710] {standard_task_runner.py:79} INFO - Running: ['***', 'tasks', 'run', 'parking_pipeline', 'is_api_available', 'scheduled__2022-12-26T21:30:36.375693+00:00', '--job-id', '19', '--raw', '--subdir', 'DAGS_FOLDER/parking_dag.py', '--cfg-path', '/tmp/tmp66l6cjdz', '--error-file', '/tmp/tmp4r3v6tmp']
[2022-12-26 21:32:37,712] {standard_task_runner.py:80} INFO - Job 19: Subtask is_api_available
[2022-12-26 21:32:37,765] {task_command.py:369} INFO - Running <TaskInstance: parking_pipeline.is_api_available scheduled__2022-12-26T21:30:36.375693+00:00 [running]> on host 6ae44adb8f1d
[2022-12-26 21:32:37,827] {taskinstance.py:1571} INFO - Exporting the following env vars:
AIRFLOW_CTX_DAG_OWNER=Airflow
AIRFLOW_CTX_DAG_ID=parking_pipeline
AIRFLOW_CTX_TASK_ID=is_api_available
AIRFLOW_CTX_EXECUTION_DATE=2022-12-26T21:30:36.375693+00:00
AIRFLOW_CTX_TRY_NUMBER=1
AIRFLOW_CTX_DAG_RUN_ID=scheduled__2022-12-26T21:30:36.375693+00:00
[2022-12-26 21:32:37,828] {http.py:97} INFO - Poking: 
[2022-12-26 21:32:37,840] {base.py:68} INFO - Using connection ID 'is_api_available' for task execution.
[2022-12-26 21:32:37,842] {http.py:129} INFO - Sending 'GET' to url: https://datahub-v2.arlingtonva.us/api/ParkingMeter/ParkingTransactions
[2022-12-26 21:32:38,044] {base.py:301} INFO - Success criteria met. Exiting.
[2022-12-26 21:32:38,064] {taskinstance.py:1400} INFO - Marking task as SUCCESS. dag_id=parking_pipeline, task_id=is_api_available, execution_date=20221226T213036, start_date=20221226T213237, end_date=20221226T213238
[2022-12-26 21:32:38,086] {local_task_job.py:156} INFO - Task exited with return code 0
[2022-12-26 21:32:38,127] {local_task_job.py:273} INFO - 1 downstream tasks scheduled from follow-on schedule check
