[2022-12-28 20:13:21,778] {taskinstance.py:1159} INFO - Dependencies all met for <TaskInstance: parking_pipeline.is_api_available manual__2022-12-28T20:13:20.470484+00:00 [queued]>
[2022-12-28 20:13:21,788] {taskinstance.py:1159} INFO - Dependencies all met for <TaskInstance: parking_pipeline.is_api_available manual__2022-12-28T20:13:20.470484+00:00 [queued]>
[2022-12-28 20:13:21,789] {taskinstance.py:1356} INFO - 
--------------------------------------------------------------------------------
[2022-12-28 20:13:21,789] {taskinstance.py:1357} INFO - Starting attempt 1 of 2
[2022-12-28 20:13:21,790] {taskinstance.py:1358} INFO - 
--------------------------------------------------------------------------------
[2022-12-28 20:13:21,806] {taskinstance.py:1377} INFO - Executing <Task(HttpSensor): is_api_available> on 2022-12-28 20:13:20.470484+00:00
[2022-12-28 20:13:21,843] {standard_task_runner.py:79} INFO - Running: ['***', 'tasks', 'run', 'parking_pipeline', 'is_api_available', 'manual__2022-12-28T20:13:20.470484+00:00', '--job-id', '23', '--raw', '--subdir', 'DAGS_FOLDER/parking_dag.py', '--cfg-path', '/tmp/tmp6vjggs1r', '--error-file', '/tmp/tmp8ebk7237']
[2022-12-28 20:13:21,861] {standard_task_runner.py:80} INFO - Job 23: Subtask is_api_available
[2022-12-28 20:13:21,822] {standard_task_runner.py:52} INFO - Started process 586 to run task
[2022-12-28 20:13:22,637] {task_command.py:369} INFO - Running <TaskInstance: parking_pipeline.is_api_available manual__2022-12-28T20:13:20.470484+00:00 [running]> on host 8be693a2d03b
[2022-12-28 20:13:22,986] {taskinstance.py:1571} INFO - Exporting the following env vars:
AIRFLOW_CTX_DAG_OWNER=Airflow
AIRFLOW_CTX_DAG_ID=parking_pipeline
AIRFLOW_CTX_TASK_ID=is_api_available
AIRFLOW_CTX_EXECUTION_DATE=2022-12-28T20:13:20.470484+00:00
AIRFLOW_CTX_TRY_NUMBER=1
AIRFLOW_CTX_DAG_RUN_ID=manual__2022-12-28T20:13:20.470484+00:00
[2022-12-28 20:13:22,991] {http.py:97} INFO - Poking: 
[2022-12-28 20:13:23,008] {base.py:68} INFO - Using connection ID 'is_api_available' for task execution.
[2022-12-28 20:13:23,017] {http.py:129} INFO - Sending 'GET' to url: https://datahub-v2.arlingtonva.us/api/ParkingMeter/ParkingTransactions
[2022-12-28 20:13:23,201] {base.py:301} INFO - Success criteria met. Exiting.
[2022-12-28 20:13:23,222] {taskinstance.py:1400} INFO - Marking task as SUCCESS. dag_id=parking_pipeline, task_id=is_api_available, execution_date=20221228T201320, start_date=20221228T201321, end_date=20221228T201323
[2022-12-28 20:13:23,275] {local_task_job.py:156} INFO - Task exited with return code 0
[2022-12-28 20:13:23,350] {local_task_job.py:273} INFO - 1 downstream tasks scheduled from follow-on schedule check
