[2022-12-27 22:01:03,702] {taskinstance.py:1159} INFO - Dependencies all met for <TaskInstance: parking_pipeline.transform_data scheduled__2022-12-27T21:58:59.379113+00:00 [queued]>
[2022-12-27 22:01:03,710] {taskinstance.py:1159} INFO - Dependencies all met for <TaskInstance: parking_pipeline.transform_data scheduled__2022-12-27T21:58:59.379113+00:00 [queued]>
[2022-12-27 22:01:03,711] {taskinstance.py:1356} INFO - 
--------------------------------------------------------------------------------
[2022-12-27 22:01:03,712] {taskinstance.py:1357} INFO - Starting attempt 1 of 2
[2022-12-27 22:01:03,712] {taskinstance.py:1358} INFO - 
--------------------------------------------------------------------------------
[2022-12-27 22:01:03,723] {taskinstance.py:1377} INFO - Executing <Task(PythonOperator): transform_data> on 2022-12-27 21:58:59.379113+00:00
[2022-12-27 22:01:03,728] {standard_task_runner.py:52} INFO - Started process 11180 to run task
[2022-12-27 22:01:03,732] {standard_task_runner.py:79} INFO - Running: ['***', 'tasks', 'run', 'parking_pipeline', 'transform_data', 'scheduled__2022-12-27T21:58:59.379113+00:00', '--job-id', '633', '--raw', '--subdir', 'DAGS_FOLDER/parking_dag.py', '--cfg-path', '/tmp/tmp1phbh1ck', '--error-file', '/tmp/tmprlkldyn9']
[2022-12-27 22:01:03,734] {standard_task_runner.py:80} INFO - Job 633: Subtask transform_data
[2022-12-27 22:01:03,790] {task_command.py:369} INFO - Running <TaskInstance: parking_pipeline.transform_data scheduled__2022-12-27T21:58:59.379113+00:00 [running]> on host 8fbeee8d3d5a
[2022-12-27 22:01:03,855] {taskinstance.py:1571} INFO - Exporting the following env vars:
AIRFLOW_CTX_DAG_OWNER=Airflow
AIRFLOW_CTX_DAG_ID=parking_pipeline
AIRFLOW_CTX_TASK_ID=transform_data
AIRFLOW_CTX_EXECUTION_DATE=2022-12-27T21:58:59.379113+00:00
AIRFLOW_CTX_TRY_NUMBER=1
AIRFLOW_CTX_DAG_RUN_ID=scheduled__2022-12-27T21:58:59.379113+00:00
[2022-12-27 22:01:03,876] {logging_mixin.py:115} INFO - before drop:
[2022-12-27 22:01:03,898] {logging_mixin.py:115} INFO -                       transactionSourceCode  ...      metroAreaName
parkingTransactionKey                        ...                   
3                                       IPS  ...    Virginia Square
18                                      IPS  ...            Rosslyn
28                                      IPS  ...         Courthouse
49                                      IPS  ...            Rosslyn
61                                      IPS  ...            Rosslyn
7                                       IPS  ...          Clarendon
12                                      IPS  ...        Shirlington
37                                      IPS  ...         Courthouse
46                                      IPS  ...         Courthouse
55                                      IPS  ...         Courthouse
81                                      IPS  ...         Courthouse
95                                      IPS  ...          Clarendon
124                                     IPS  ...  Virginia Hospital
137                                     IPS  ...         Courthouse
153                                     IPS  ...           Ballston
161                                     IPS  ...      Pentagon City
178                                     IPS  ...       Crystal City
191                                     IPS  ...      Columbia Pike
206                                     IPS  ...         Courthouse
60                                      IPS  ...         Courthouse
73                                      IPS  ...         Courthouse
91                                      IPS  ...          Clarendon
112                                     IPS  ...            Rosslyn
130                                     IPS  ...  Virginia Hospital
228                                     IPS  ...        Shirlington
240                                     IPS  ...        Shirlington
249                                     IPS  ...       Crystal City
271                                     IPS  ...       Crystal City
132                                     IPS  ...  Virginia Hospital
141                                     IPS  ...         Courthouse
170                                     IPS  ...         Courthouse
195                                     IPS  ...               None
225                                     IPS  ...          Clarendon
230                                     IPS  ...       Crystal City
259                                     IPS  ...       CRYSTAL CITY
266                                     IPS  ...         Courthouse
281                                     IPS  ...      Columbia Pike
291                                     IPS  ...      Pentagon City
295                                     IPS  ...       Crystal City
310                                     IPS  ...      Pentagon City
317                                     IPS  ...      Columbia Pike
329                                     IPS  ...          Clarendon
353                                     IPS  ...           Ballston
362                                     IPS  ...       Crystal City
373                                     IPS  ...          Clarendon
382                                     IPS  ...         Courthouse
389                                     IPS  ...           Ballston
407                                     IPS  ...       Crystal City
414                                     IPS  ...           Ballston
425                                     IPS  ...          Clarendon

[50 rows x 24 columns]
[2022-12-27 22:01:03,900] {logging_mixin.py:115} INFO - Index(['transactionSourceCode', 'meterId', 'zoneNbr', 'startDtm', 'endDtm',
       'transactionAmt', 'paymentTypeName', 'transactionStatusCode',
       'meterManufacturerName', 'blockNbr', 'sourceStreetDisplayName',
       'sideDirectionName', 'latitudeCrd', 'longitudeCrd', 'statePlaneXCrd',
       'statePlaneYCrd', 'handicapInd', 'timeRestrictionDsc', 'maxHoursCnt',
       'meterTypeDsc', 'dollarPerHourRate', 'activeStatusInd', 'zoneSpaceCnt',
       'metroAreaName'],
      dtype='object')
[2022-12-27 22:01:03,910] {logging_mixin.py:115} INFO - after drop:
[2022-12-27 22:01:03,919] {logging_mixin.py:115} INFO -                                        startDtm  ...      metroAreaName
parkingTransactionKey                            ...                   
3                      2015-12-31T17:40:58.000Z  ...    Virginia Square
18                     2015-12-31T16:39:24.000Z  ...            Rosslyn
28                     2015-12-31T16:00:32.000Z  ...         Courthouse
49                     2015-12-31T14:31:08.000Z  ...            Rosslyn
61                     2015-12-31T13:50:46.000Z  ...            Rosslyn
7                      2015-12-31T17:33:51.000Z  ...          Clarendon
12                     2015-12-31T17:03:07.000Z  ...        Shirlington
37                     2015-12-31T15:22:54.000Z  ...         Courthouse
46                     2015-12-31T14:48:02.000Z  ...         Courthouse
55                     2015-12-31T14:06:31.000Z  ...         Courthouse
81                     2015-12-31T12:59:18.000Z  ...         Courthouse
95                     2015-12-31T12:17:51.000Z  ...          Clarendon
124                    2015-12-31T10:42:22.000Z  ...  Virginia Hospital
137                    2015-12-31T09:20:57.000Z  ...         Courthouse
153                    2015-12-30T08:44:27.000Z  ...           Ballston
161                    2016-12-31T19:06:45.000Z  ...      Pentagon City
178                    2016-12-31T17:22:25.000Z  ...       Crystal City
191                    2016-12-31T16:55:32.000Z  ...      Columbia Pike
206                    2016-12-31T16:23:03.000Z  ...         Courthouse
60                     2015-12-31T13:53:59.000Z  ...         Courthouse
73                     2015-12-31T13:23:53.000Z  ...         Courthouse
91                     2015-12-31T12:18:35.000Z  ...          Clarendon
112                    2015-12-31T11:39:16.000Z  ...            Rosslyn
130                    2015-12-31T09:45:12.000Z  ...  Virginia Hospital
228                    2016-12-31T15:13:19.000Z  ...        Shirlington
240                    2016-12-31T14:56:07.000Z  ...        Shirlington
249                    2016-12-31T14:37:37.000Z  ...       Crystal City
271                    2016-12-31T14:16:13.000Z  ...       Crystal City
132                    2015-12-31T09:44:48.000Z  ...  Virginia Hospital
141                    2015-12-31T08:21:37.000Z  ...         Courthouse
170                    2016-12-31T17:28:51.000Z  ...         Courthouse
195                    2016-12-31T16:53:46.000Z  ...               None
225                    2016-12-31T15:23:47.000Z  ...          Clarendon
230                    2016-12-31T15:12:11.000Z  ...       Crystal City
259                    2016-12-31T14:31:27.000Z  ...       CRYSTAL CITY
266                    2016-12-31T14:21:22.000Z  ...         Courthouse
281                    2016-12-31T13:56:48.000Z  ...      Columbia Pike
291                    2016-12-31T13:48:44.000Z  ...      Pentagon City
295                    2016-12-31T13:48:03.000Z  ...       Crystal City
310                    2016-12-31T13:33:09.000Z  ...      Pentagon City
317                    2016-12-31T13:26:31.000Z  ...      Columbia Pike
329                    2016-12-31T13:15:17.000Z  ...          Clarendon
353                    2016-12-31T12:35:02.000Z  ...           Ballston
362                    2016-12-31T12:25:09.000Z  ...       Crystal City
373                    2016-12-31T11:59:36.000Z  ...          Clarendon
382                    2016-12-31T11:40:18.000Z  ...         Courthouse
389                    2016-12-31T11:33:56.000Z  ...           Ballston
407                    2016-12-31T11:06:20.000Z  ...       Crystal City
414                    2016-12-31T10:53:26.000Z  ...           Ballston
425                    2016-12-31T10:40:59.000Z  ...          Clarendon

[50 rows x 10 columns]
[2022-12-27 22:01:03,920] {logging_mixin.py:115} INFO - Index(['startDtm', 'endDtm', 'transactionAmt', 'paymentTypeName',
       'transactionStatusCode', 'maxHoursCnt', 'meterTypeDsc',
       'dollarPerHourRate', 'activeStatusInd', 'metroAreaName'],
      dtype='object')
[2022-12-27 22:01:03,923] {python.py:173} INFO - Done. Returned value was: None
[2022-12-27 22:01:03,938] {taskinstance.py:1400} INFO - Marking task as SUCCESS. dag_id=parking_pipeline, task_id=transform_data, execution_date=20221227T215859, start_date=20221227T220103, end_date=20221227T220103
[2022-12-27 22:01:03,986] {local_task_job.py:156} INFO - Task exited with return code 0
[2022-12-27 22:01:04,017] {local_task_job.py:273} INFO - 0 downstream tasks scheduled from follow-on schedule check
