[2022-12-26 17:03:38,175] {taskinstance.py:1159} INFO - Dependencies all met for <TaskInstance: parking_pipeline.create_table scheduled__2022-12-26T17:01:36.563606+00:00 [queued]>
[2022-12-26 17:03:38,183] {taskinstance.py:1159} INFO - Dependencies all met for <TaskInstance: parking_pipeline.create_table scheduled__2022-12-26T17:01:36.563606+00:00 [queued]>
[2022-12-26 17:03:38,184] {taskinstance.py:1356} INFO - 
--------------------------------------------------------------------------------
[2022-12-26 17:03:38,184] {taskinstance.py:1357} INFO - Starting attempt 1 of 2
[2022-12-26 17:03:38,185] {taskinstance.py:1358} INFO - 
--------------------------------------------------------------------------------
[2022-12-26 17:03:38,193] {taskinstance.py:1377} INFO - Executing <Task(PostgresOperator): create_table> on 2022-12-26 17:01:36.563606+00:00
[2022-12-26 17:03:38,198] {standard_task_runner.py:52} INFO - Started process 2650 to run task
[2022-12-26 17:03:38,203] {standard_task_runner.py:79} INFO - Running: ['***', 'tasks', 'run', 'parking_pipeline', 'create_table', 'scheduled__2022-12-26T17:01:36.563606+00:00', '--job-id', '68', '--raw', '--subdir', 'DAGS_FOLDER/parking_dag.py', '--cfg-path', '/tmp/tmpb0gbxvor', '--error-file', '/tmp/tmpgj02cjsd']
[2022-12-26 17:03:38,204] {standard_task_runner.py:80} INFO - Job 68: Subtask create_table
[2022-12-26 17:03:38,258] {task_command.py:369} INFO - Running <TaskInstance: parking_pipeline.create_table scheduled__2022-12-26T17:01:36.563606+00:00 [running]> on host a4f1a67a8720
[2022-12-26 17:03:38,318] {taskinstance.py:1571} INFO - Exporting the following env vars:
AIRFLOW_CTX_DAG_OWNER=Airflow
AIRFLOW_CTX_DAG_ID=parking_pipeline
AIRFLOW_CTX_TASK_ID=create_table
AIRFLOW_CTX_EXECUTION_DATE=2022-12-26T17:01:36.563606+00:00
AIRFLOW_CTX_TRY_NUMBER=1
AIRFLOW_CTX_DAG_RUN_ID=scheduled__2022-12-26T17:01:36.563606+00:00
[2022-12-26 17:03:38,329] {base.py:68} INFO - Using connection ID 'postgres' for task execution.
[2022-12-26 17:03:38,335] {dbapi.py:208} INFO - Running statement: 
            drop table if exists parking_data;
            create table parking_data(
                parkingTransactionKey int not null,
                symbol text not null
            );
        , parameters: None
[2022-12-26 17:03:38,358] {taskinstance.py:1400} INFO - Marking task as SUCCESS. dag_id=parking_pipeline, task_id=create_table, execution_date=20221226T170136, start_date=20221226T170338, end_date=20221226T170338
[2022-12-26 17:03:38,375] {local_task_job.py:156} INFO - Task exited with return code 0
[2022-12-26 17:03:38,411] {local_task_job.py:273} INFO - 1 downstream tasks scheduled from follow-on schedule check
