[2022-12-26 20:16:16,856] {taskinstance.py:1159} INFO - Dependencies all met for <TaskInstance: parking_pipeline.is_api_available scheduled__2022-12-26T20:14:16.335091+00:00 [queued]>
[2022-12-26 20:16:16,865] {taskinstance.py:1159} INFO - Dependencies all met for <TaskInstance: parking_pipeline.is_api_available scheduled__2022-12-26T20:14:16.335091+00:00 [queued]>
[2022-12-26 20:16:16,866] {taskinstance.py:1356} INFO - 
--------------------------------------------------------------------------------
[2022-12-26 20:16:16,867] {taskinstance.py:1357} INFO - Starting attempt 1 of 2
[2022-12-26 20:16:16,868] {taskinstance.py:1358} INFO - 
--------------------------------------------------------------------------------
[2022-12-26 20:16:16,879] {taskinstance.py:1377} INFO - Executing <Task(HttpSensor): is_api_available> on 2022-12-26 20:14:16.335091+00:00
[2022-12-26 20:16:16,885] {standard_task_runner.py:52} INFO - Started process 859 to run task
[2022-12-26 20:16:16,890] {standard_task_runner.py:79} INFO - Running: ['***', 'tasks', 'run', 'parking_pipeline', 'is_api_available', 'scheduled__2022-12-26T20:14:16.335091+00:00', '--job-id', '40', '--raw', '--subdir', 'DAGS_FOLDER/parking_dag.py', '--cfg-path', '/tmp/tmppfjs64mp', '--error-file', '/tmp/tmpo71f7ys8']
[2022-12-26 20:16:16,891] {standard_task_runner.py:80} INFO - Job 40: Subtask is_api_available
[2022-12-26 20:16:16,973] {task_command.py:369} INFO - Running <TaskInstance: parking_pipeline.is_api_available scheduled__2022-12-26T20:14:16.335091+00:00 [running]> on host 3d3eee352115
[2022-12-26 20:16:17,040] {taskinstance.py:1571} INFO - Exporting the following env vars:
AIRFLOW_CTX_DAG_OWNER=Airflow
AIRFLOW_CTX_DAG_ID=parking_pipeline
AIRFLOW_CTX_TASK_ID=is_api_available
AIRFLOW_CTX_EXECUTION_DATE=2022-12-26T20:14:16.335091+00:00
AIRFLOW_CTX_TRY_NUMBER=1
AIRFLOW_CTX_DAG_RUN_ID=scheduled__2022-12-26T20:14:16.335091+00:00
[2022-12-26 20:16:17,042] {http.py:97} INFO - Poking: 
[2022-12-26 20:16:17,054] {base.py:68} INFO - Using connection ID 'is_api_available' for task execution.
[2022-12-26 20:16:17,057] {http.py:129} INFO - Sending 'GET' to url: https://datahub-v2.arlingtonva.us/api/ParkingMeter/ParkingTransactions
[2022-12-26 20:16:17,212] {base.py:301} INFO - Success criteria met. Exiting.
[2022-12-26 20:16:17,228] {taskinstance.py:1400} INFO - Marking task as SUCCESS. dag_id=parking_pipeline, task_id=is_api_available, execution_date=20221226T201416, start_date=20221226T201616, end_date=20221226T201617
[2022-12-26 20:16:17,273] {local_task_job.py:156} INFO - Task exited with return code 0
[2022-12-26 20:16:17,320] {local_task_job.py:273} INFO - 1 downstream tasks scheduled from follow-on schedule check
