[2022-12-26 16:25:32,665] {taskinstance.py:1159} INFO - Dependencies all met for <TaskInstance: parking_pipeline.create_table scheduled__2022-12-26T16:13:33.546381+00:00 [queued]>
[2022-12-26 16:25:32,673] {taskinstance.py:1159} INFO - Dependencies all met for <TaskInstance: parking_pipeline.create_table scheduled__2022-12-26T16:13:33.546381+00:00 [queued]>
[2022-12-26 16:25:32,674] {taskinstance.py:1356} INFO - 
--------------------------------------------------------------------------------
[2022-12-26 16:25:32,675] {taskinstance.py:1357} INFO - Starting attempt 1 of 2
[2022-12-26 16:25:32,675] {taskinstance.py:1358} INFO - 
--------------------------------------------------------------------------------
[2022-12-26 16:25:32,684] {taskinstance.py:1377} INFO - Executing <Task(PostgresOperator): create_table> on 2022-12-26 16:13:33.546381+00:00
[2022-12-26 16:25:32,689] {standard_task_runner.py:52} INFO - Started process 716 to run task
[2022-12-26 16:25:32,693] {standard_task_runner.py:79} INFO - Running: ['***', 'tasks', 'run', 'parking_pipeline', 'create_table', 'scheduled__2022-12-26T16:13:33.546381+00:00', '--job-id', '9', '--raw', '--subdir', 'DAGS_FOLDER/parking_dag.py', '--cfg-path', '/tmp/tmphox5xncd', '--error-file', '/tmp/tmpvfu4h1j5']
[2022-12-26 16:25:32,694] {standard_task_runner.py:80} INFO - Job 9: Subtask create_table
[2022-12-26 16:25:32,751] {task_command.py:369} INFO - Running <TaskInstance: parking_pipeline.create_table scheduled__2022-12-26T16:13:33.546381+00:00 [running]> on host a4f1a67a8720
[2022-12-26 16:25:32,825] {taskinstance.py:1571} INFO - Exporting the following env vars:
AIRFLOW_CTX_DAG_OWNER=Airflow
AIRFLOW_CTX_DAG_ID=parking_pipeline
AIRFLOW_CTX_TASK_ID=create_table
AIRFLOW_CTX_EXECUTION_DATE=2022-12-26T16:13:33.546381+00:00
AIRFLOW_CTX_TRY_NUMBER=1
AIRFLOW_CTX_DAG_RUN_ID=scheduled__2022-12-26T16:13:33.546381+00:00
[2022-12-26 16:25:32,839] {base.py:68} INFO - Using connection ID 'postgres' for task execution.
[2022-12-26 16:25:32,846] {dbapi.py:208} INFO - Running statement: 
            drop table if exists parking_data;
            create table parking_data(
                parkingTransactionKey int not null,
                symbol text not null
            );
        , parameters: None
[2022-12-26 16:25:32,854] {postgres.py:94} INFO - NOTICE:  table "parking_data" does not exist, skipping

[2022-12-26 16:25:32,872] {taskinstance.py:1400} INFO - Marking task as SUCCESS. dag_id=parking_pipeline, task_id=create_table, execution_date=20221226T161333, start_date=20221226T162532, end_date=20221226T162532
[2022-12-26 16:25:32,907] {local_task_job.py:156} INFO - Task exited with return code 0
[2022-12-26 16:25:32,951] {local_task_job.py:273} INFO - 1 downstream tasks scheduled from follow-on schedule check
