[2024-10-29 01:48:51,879] {taskinstance.py:1159} INFO - Dependencies all met for <TaskInstance: parking_pipeline.is_api_available scheduled__2024-10-22T03:18:10.879477+00:00 [queued]>
[2024-10-29 01:48:51,890] {taskinstance.py:1159} INFO - Dependencies all met for <TaskInstance: parking_pipeline.is_api_available scheduled__2024-10-22T03:18:10.879477+00:00 [queued]>
[2024-10-29 01:48:51,891] {taskinstance.py:1356} INFO - 
--------------------------------------------------------------------------------
[2024-10-29 01:48:51,892] {taskinstance.py:1357} INFO - Starting attempt 1 of 2
[2024-10-29 01:48:51,892] {taskinstance.py:1358} INFO - 
--------------------------------------------------------------------------------
[2024-10-29 01:48:51,909] {taskinstance.py:1377} INFO - Executing <Task(HttpSensor): is_api_available> on 2024-10-22 03:18:10.879477+00:00
[2024-10-29 01:48:51,920] {standard_task_runner.py:52} INFO - Started process 81 to run task
[2024-10-29 01:48:51,926] {standard_task_runner.py:79} INFO - Running: ['***', 'tasks', 'run', 'parking_pipeline', 'is_api_available', 'scheduled__2024-10-22T03:18:10.879477+00:00', '--job-id', '374', '--raw', '--subdir', 'DAGS_FOLDER/parking_dag.py', '--cfg-path', '/tmp/tmpyqzj4ic3', '--error-file', '/tmp/tmpkjip_tah']
[2024-10-29 01:48:51,928] {standard_task_runner.py:80} INFO - Job 374: Subtask is_api_available
[2024-10-29 01:48:52,002] {task_command.py:369} INFO - Running <TaskInstance: parking_pipeline.is_api_available scheduled__2024-10-22T03:18:10.879477+00:00 [running]> on host 34572bdb7b7c
[2024-10-29 01:48:52,097] {taskinstance.py:1571} INFO - Exporting the following env vars:
AIRFLOW_CTX_DAG_OWNER=Airflow
AIRFLOW_CTX_DAG_ID=parking_pipeline
AIRFLOW_CTX_TASK_ID=is_api_available
AIRFLOW_CTX_EXECUTION_DATE=2024-10-22T03:18:10.879477+00:00
AIRFLOW_CTX_TRY_NUMBER=1
AIRFLOW_CTX_DAG_RUN_ID=scheduled__2024-10-22T03:18:10.879477+00:00
[2024-10-29 01:48:52,098] {http.py:97} INFO - Poking: 
[2024-10-29 01:48:52,110] {base.py:68} INFO - Using connection ID 'is_api_available' for task execution.
[2024-10-29 01:48:52,111] {http.py:129} INFO - Sending 'GET' to url: https://datahub-v2.arlingtonva.us/api/ParkingMeter/ParkingTransactions
[2024-10-29 01:48:53,336] {base.py:301} INFO - Success criteria met. Exiting.
[2024-10-29 01:48:53,355] {taskinstance.py:1400} INFO - Marking task as SUCCESS. dag_id=parking_pipeline, task_id=is_api_available, execution_date=20241022T031810, start_date=20241029T014851, end_date=20241029T014853
[2024-10-29 01:48:53,382] {local_task_job.py:156} INFO - Task exited with return code 0
[2024-10-29 01:48:53,445] {local_task_job.py:273} INFO - 1 downstream tasks scheduled from follow-on schedule check
