[2024-10-29 02:24:38,750] {taskinstance.py:1159} INFO - Dependencies all met for <TaskInstance: parking_pipeline.is_api_available scheduled__2024-10-29T02:22:36.903345+00:00 [queued]>
[2024-10-29 02:24:38,762] {taskinstance.py:1159} INFO - Dependencies all met for <TaskInstance: parking_pipeline.is_api_available scheduled__2024-10-29T02:22:36.903345+00:00 [queued]>
[2024-10-29 02:24:38,763] {taskinstance.py:1356} INFO - 
--------------------------------------------------------------------------------
[2024-10-29 02:24:38,775] {taskinstance.py:1357} INFO - Starting attempt 1 of 2
[2024-10-29 02:24:38,776] {taskinstance.py:1358} INFO - 
--------------------------------------------------------------------------------
[2024-10-29 02:24:38,797] {taskinstance.py:1377} INFO - Executing <Task(HttpSensor): is_api_available> on 2024-10-29 02:22:36.903345+00:00
[2024-10-29 02:24:38,804] {standard_task_runner.py:52} INFO - Started process 208 to run task
[2024-10-29 02:24:38,807] {standard_task_runner.py:79} INFO - Running: ['***', 'tasks', 'run', 'parking_pipeline', 'is_api_available', 'scheduled__2024-10-29T02:22:36.903345+00:00', '--job-id', '466', '--raw', '--subdir', 'DAGS_FOLDER/parking_dag.py', '--cfg-path', '/tmp/tmpu6khk8h0', '--error-file', '/tmp/tmpezl03oj_']
[2024-10-29 02:24:38,808] {standard_task_runner.py:80} INFO - Job 466: Subtask is_api_available
[2024-10-29 02:24:38,880] {task_command.py:369} INFO - Running <TaskInstance: parking_pipeline.is_api_available scheduled__2024-10-29T02:22:36.903345+00:00 [running]> on host 34572bdb7b7c
[2024-10-29 02:24:38,977] {taskinstance.py:1571} INFO - Exporting the following env vars:
AIRFLOW_CTX_DAG_OWNER=Airflow
AIRFLOW_CTX_DAG_ID=parking_pipeline
AIRFLOW_CTX_TASK_ID=is_api_available
AIRFLOW_CTX_EXECUTION_DATE=2024-10-29T02:22:36.903345+00:00
AIRFLOW_CTX_TRY_NUMBER=1
AIRFLOW_CTX_DAG_RUN_ID=scheduled__2024-10-29T02:22:36.903345+00:00
[2024-10-29 02:24:38,978] {http.py:97} INFO - Poking: 
[2024-10-29 02:24:38,989] {base.py:68} INFO - Using connection ID 'is_api_available' for task execution.
[2024-10-29 02:24:38,991] {http.py:129} INFO - Sending 'GET' to url: https://datahub-v2.arlingtonva.us/api/ParkingMeter/ParkingTransactions
[2024-10-29 02:24:40,067] {base.py:301} INFO - Success criteria met. Exiting.
[2024-10-29 02:24:40,086] {taskinstance.py:1400} INFO - Marking task as SUCCESS. dag_id=parking_pipeline, task_id=is_api_available, execution_date=20241029T022236, start_date=20241029T022438, end_date=20241029T022440
[2024-10-29 02:24:40,146] {local_task_job.py:156} INFO - Task exited with return code 0
[2024-10-29 02:24:40,226] {local_task_job.py:273} INFO - 1 downstream tasks scheduled from follow-on schedule check
