[2024-10-29 02:30:42,773] {taskinstance.py:1159} INFO - Dependencies all met for <TaskInstance: parking_pipeline.extract_user scheduled__2024-10-29T02:28:36.903345+00:00 [queued]>
[2024-10-29 02:30:42,787] {taskinstance.py:1159} INFO - Dependencies all met for <TaskInstance: parking_pipeline.extract_user scheduled__2024-10-29T02:28:36.903345+00:00 [queued]>
[2024-10-29 02:30:42,787] {taskinstance.py:1356} INFO - 
--------------------------------------------------------------------------------
[2024-10-29 02:30:42,788] {taskinstance.py:1357} INFO - Starting attempt 1 of 2
[2024-10-29 02:30:42,789] {taskinstance.py:1358} INFO - 
--------------------------------------------------------------------------------
[2024-10-29 02:30:42,809] {taskinstance.py:1377} INFO - Executing <Task(SimpleHttpOperator): extract_user> on 2024-10-29 02:28:36.903345+00:00
[2024-10-29 02:30:42,817] {standard_task_runner.py:52} INFO - Started process 161 to run task
[2024-10-29 02:30:42,820] {standard_task_runner.py:79} INFO - Running: ['***', 'tasks', 'run', 'parking_pipeline', 'extract_user', 'scheduled__2024-10-29T02:28:36.903345+00:00', '--job-id', '488', '--raw', '--subdir', 'DAGS_FOLDER/parking_dag.py', '--cfg-path', '/tmp/tmplgasztzi', '--error-file', '/tmp/tmpsl7cxel5']
[2024-10-29 02:30:42,821] {standard_task_runner.py:80} INFO - Job 488: Subtask extract_user
[2024-10-29 02:30:42,893] {task_command.py:369} INFO - Running <TaskInstance: parking_pipeline.extract_user scheduled__2024-10-29T02:28:36.903345+00:00 [running]> on host ed5aeed06bd4
[2024-10-29 02:30:42,995] {taskinstance.py:1571} INFO - Exporting the following env vars:
AIRFLOW_CTX_DAG_OWNER=Airflow
AIRFLOW_CTX_DAG_ID=parking_pipeline
AIRFLOW_CTX_TASK_ID=extract_user
AIRFLOW_CTX_EXECUTION_DATE=2024-10-29T02:28:36.903345+00:00
AIRFLOW_CTX_TRY_NUMBER=1
AIRFLOW_CTX_DAG_RUN_ID=scheduled__2024-10-29T02:28:36.903345+00:00
[2024-10-29 02:30:42,997] {http.py:102} INFO - Calling HTTP method
[2024-10-29 02:30:43,010] {base.py:68} INFO - Using connection ID 'is_api_available' for task execution.
[2024-10-29 02:30:43,012] {http.py:129} INFO - Sending 'GET' to url: https://datahub-v2.arlingtonva.us/api/ParkingMeter/ParkingTransactions/?$top=50
[2024-10-29 02:30:44,048] {http.py:106} INFO - [
  {
    "parkingTransactionKey": 1,
    "transactionSourceCode": "IPS",
    "meterId": "CRH2504S",
    "zoneNbr": "54065",
    "startDtm": "2015-12-31T17:46:32.000Z",
    "endDtm": "2015-12-31T17:56:32.000Z",
    "transactionAmt": "0.25",
    "paymentTypeName": "Coins",
    "transactionStatusCode": null,
    "meterManufacturerName": "IPS",
    "blockNbr": 2500,
    "sourceStreetDisplayName": "CRYSTAL DR",
    "sideDirectionName": "West",
    "latitudeCrd": "38.85109779",
    "longitudeCrd": "-77.05030552",
    "statePlaneXCrd": "11895756.80562500",
    "statePlaneYCrd": "6996262.78625000",
    "handicapInd": true,
    "timeRestrictionDsc": "MON - SAT 8AM - 8PM",
    "maxHoursCnt": "4.0",
    "meterTypeDsc": "Single",
    "dollarPerHourRate": "1.75",
    "activeStatusInd": true,
    "zoneSpaceCnt": "4.00",
    "metroAreaName": "Crystal City"
  },
  {
    "parkingTransactionKey": 7,
    "transactionSourceCode": "IPS",
    "meterId": "WIH3101N",
    "zoneNbr": "54307",
    "startDtm": "2015-12-31T17:33:51.000Z",
    "endDtm": "2015-12-31T17:57:51.000Z",
    "transactionAmt": "0.60",
    "paymentTypeName": "Coins",
    "transactionStatusCode": null,
    "meterManufacturerName": "IPS",
    "blockNbr": 3100,
    "sourceStreetDisplayName": "WILSON BLVD",
    "sideDirectionName": "North",
    "latitudeCrd": "38.88707055",
    "longitudeCrd": "-77.09563209",
    "statePlaneXCrd": "11882650.13937500",
    "statePlaneYCrd": "7009159.05625001",
    "handicapInd": true,
    "timeRestrictionDsc": "MON-SAT 8AM-6PM",
    "maxHoursCnt": "4.0",
    "meterTypeDsc": "Single",
    "dollarPerHourRate": "1.50",
    "activeStatusInd": false,
    "zoneSpaceCnt": "1.00",
    "metroAreaName": "Clarendon"
  },
  {
    "parkingTransactionKey": 8,
    "transactionSourceCode": "IPS",
    "meterId": "FAH4312N",
    "zoneNbr": "54163",
    "startDtm": "2015-12-31T17:12:10.000Z",
    "endDtm": "2015-12-31T18:00:00.000Z",
    "transactionAmt": "1.25",
    "paymentTypeName": "Credit Card",
    "transactionStatusCode": "Approved",
    "meterManufacturerName": "IPS",
    "blockNbr": 4300,
    "sourceStreetDisplayName": "FAIRFAX DR",
    "sideDirectionName": "East",
    "latitudeCrd": "38.88198287",
    "longitudeCrd": "-77.11512619",
    "statePlaneXCrd": "11877129.80375000",
    "statePlaneYCrd": "7007222.03312500",
    "handicapInd": true,
    "timeRestrictionDsc": "MON - SAT 8AM - 8PM",
    "maxHoursCnt": "2.0",
    "meterTypeDsc": "Double",
    "dollarPerHourRate": "1.50",
    "activeStatusInd": false,
    "zoneSpaceCnt": "1.00",
    "metroAreaName": "Ballston"
  },
  {
    "parkingTransactionKey": 12,
    "transactionSourceCode": "IPS",
    "meterId": "QUH2717S",
    "zoneNbr": "54016",
    "startDtm": "2015-12-31T17:03:07.000Z",
    "endDtm": "2015-12-31T17:47:50.000Z",
    "transactionAmt": "0.50",
    "paymentTypeName": "Coins",
    "transactionStatusCode": null,
    "meterManufacturerName": "IPS",
    "blockNbr": 2700,
    "sourceStreetDisplayName": "S QUINCY ST",
    "sideDirectionName": "East",
    "latitudeCrd": "38.84110327",
    "longitudeCrd": "-77.08659037",
    "statePlaneXCrd": "11885480.57000000",
    "statePlaneYCrd": "6992462.10625000",
    "handicapInd": true,
    "timeRestrictionDsc": "MON - SAT 8AM - 8PM",
    "maxHoursCnt": "4.0",
    "meterTypeDsc": "Single",
    "dollarPerHourRate": "1.75",
    "activeStatusInd": true,
    "zoneSpaceCnt": "1.00",
    "metroAreaName": "Shirlington"
  },
  {
    "parkingTransactionKey": 15,
    "transactionSourceCode": "IPS",
    "meterId": "QUH2808S",
    "zoneNbr": "54018",
    "startDtm": "2015-12-31T16:53:11.000Z",
    "endDtm": "2015-12-31T16:59:11.000Z",
    "transactionAmt": "0.15",
    "paymentTypeName": "Coins",
    "transactionStatusCode": null,
    "meterManufacturerName": "IPS",
    "blockNbr": 2800,
    "sourceStreetDisplayName": "S QUINCY ST",
    "sideDirectionName": "West",
    "latitudeCrd": "38.84038825",
    "longitudeCrd": "-77.08692946",
    "statePlaneXCrd": "11885388.00562500",
    "statePlaneYCrd": "6992200.23999999",
    "handicapInd": true,
    "timeRestrictionDsc": "MON - SAT 8AM - 8PM",
    "maxHoursCnt": "1.0",
    "meterTypeDsc": "Single",
    "dollarPerHourRate": "1.75",
    "activeStatusInd": true,
    "zoneSpaceCnt": "1.00",
    "metroAreaName": "Shirlington"
  },
  {
    "parkingTransactionKey": 16,
    "transactionSourceCode": "IPS",
    "meterId": "316N",
    "zoneNbr": "54469",
    "startDtm": "2015-12-31T16:47:10.000Z",
    "endDtm": "2015-12-31T17:47:10.000Z",
    "transactionAmt": "0.25",
    "paymentTypeName": "Coins",
    "transactionStatusCode": null,
    "meterManufacturerName": "IPS",
    "blockNbr": 1400,
    "sourceStreetDisplayName": "N COURTHOUSE RD",
    "sideDirectionName": "North",
    "latitudeCrd": "38.89058628",
    "longitudeCrd": "-77.08463867",
    "statePlaneXCrd": "11885759.26625000",
    "statePlaneYCrd": "7010487.39375000",
    "handicapInd": false,
    "timeRestrictionDsc": "MON - FRI 8AM - 8PM, SAT 6AM - 12PM",
    "maxHoursCnt": "1.0",
    "meterTypeDsc": "Single",
    "dollarPerHourRate": "1.75",
    "activeStatusInd": false,
    "zoneSpaceCnt": "2.00",
    "metroAreaName": "Courthouse"
  },
  {
    "parkingTransactionKey": 17,
    "transactionSourceCode": "IPS",
    "meterId": "316N",
    "zoneNbr": "54469",
    "startDtm": "2015-12-31T16:46:52.000Z",
    "endDtm": "2015-12-31T17:46:52.000Z",
    "transactionAmt": "1.75",
    "paymentTypeName": "Coins",
    "transactionStatusCode": null,
    "meterManufacturerName": "IPS",
    "blockNbr": 1400,
    "sourceStreetDisplayName": "N COURTHOUSE RD",
    "sideDirectionName": "North",
    "latitudeCrd": "38.89058628",
    "longitudeCrd": "-77.08463867",
    "statePlaneXCrd": "11885759.26625000",
    "statePlaneYCrd": "7010487.39375000",
    "handicapInd": false,
    "timeRestrictionDsc": "MON - FRI 8AM - 8PM, SAT 6AM - 12PM",
    "maxHoursCnt": "1.0",
    "meterTypeDsc": "Single",
    "dollarPerHourRate": "1.75",
    "activeStatusInd": false,
    "zoneSpaceCnt": "2.00",
    "metroAreaName": "Courthouse"
  },
  {
    "parkingTransactionKey": 23,
    "transactionSourceCode": "IPS",
    "meterId": "CBH1701N",
    "zoneNbr": "54487",
    "startDtm": "2015-12-31T16:23:19.000Z",
    "endDtm": "2015-12-31T16:33:19.000Z",
    "transactionAmt": "0.25",
    "paymentTypeName": "Coins",
    "transactionStatusCode": null,
    "meterManufacturerName": "IPS",
    "blockNbr": 1700,
    "sourceStreetDisplayName": "CLARENDON BLVD",
    "sideDirectionName": "North",
    "latitudeCrd": "38.89315190",
    "longitudeCrd": "-77.07834471",
    "statePlaneXCrd": "11887535.34937500",
    "statePlaneYCrd": "7011452.18625000",
    "handicapInd": true,
    "timeRestrictionDsc": "MON - SAT 8AM - 8PM",
    "maxHoursCnt": "4.0",
    "meterTypeDsc": "Single",
    "dollarPerHourRate": "1.75",
    "activeStatusInd": true,
    "zoneSpaceCnt": "1.00",
    "metroAreaName": "Rosslyn"
  },
  {
    "parkingTransactionKey": 28,
    "transactionSourceCode": "IPS",
    "meterId": "ULH1412N",
    "zoneNbr": "54408",
    "startDtm": "2015-12-31T16:00:32.000Z",
    "endDtm": "2015-12-31T17:16:19.000Z",
    "transactionAmt": "0.25",
    "paymentTypeName": "Coins",
    "transactionStatusCode": null,
    "meterManufacturerName": "IPS",
    "blockNbr": 1400,
    "sourceStreetDisplayName": "N UHLE ST",
    "sideDirectionName": "West",
    "latitudeCrd": "38.88984597",
    "longitudeCrd": "-77.08474392",
    "statePlaneXCrd": "11885732.76812500",
    "statePlaneYCrd": "7010220.16374999",
    "handicapInd": true,
    "timeRestrictionDsc": "MON - SAT 8AM - 8PM",
    "maxHoursCnt": "2.0",
    "meterTypeDsc": "Single",
    "dollarPerHourRate": "1.75",
    "activeStatusInd": true,
    "zoneSpaceCnt": "2.00",
    "metroAreaName": "Courthouse"
  },
  {
    "parkingTransactionKey": 32,
    "transactionSourceCode": "IPS",
    "meterId": "QUH2717S",
    "zoneNbr": "54016",
    "startDtm": "2015-12-31T15:47:48.000Z",
    "endDtm": "2015-12-31T17:27:48.000Z",
    "transactionAmt": "2.50",
    "paymentTypeName": "Credit Card",
    "transactionStatusCode": "Approved",
    "meterManufacturerName": "IPS",
    "blockNbr": 2700,
    "sourceStreetDisplayName": "S QUINCY ST",
    "sideDirectionName": "East",
    "latitudeCrd": "38.84110327",
    "longitudeCrd": "-77.08659037",
    "statePlaneXCrd": "11885480.57000000",
    "statePlaneYCrd": "6992462.10625000",
    "handicapInd": true,
    "timeRestrictionDsc": "MON - SAT 8AM - 8PM",
    "maxHoursCnt": "4.0",
    "meterTypeDsc": "Single",
    "dollarPerHourRate": "1.75",
    "activeStatusInd": true,
    "zoneSpaceCnt": "1.00",
    "metroAreaName": "Shirlington"
  },
  {
    "parkingTransactionKey": 34,
    "transactionSourceCode": "IPS",
    "meterId": "191108N",
    "zoneNbr": "54520",
    "startDtm": "2015-12-31T15:33:18.000Z",
    "endDtm": "2015-12-31T15:53:18.000Z",
    "transactionAmt": "0.50",
    "paymentTypeName": "Coins",
    "transactionStatusCode": null,
    "meterManufacturerName": "IPS",
    "blockNbr": 1100,
    "sourceStreetDisplayName": "19TH ST N",
    "sideDirectionName": "East",
    "latitudeCrd": "38.89699404",
    "longitudeCrd": "-77.07006334",
    "statePlaneXCrd": "11889871.03187500",
    "statePlaneYCrd": "7012885.11437500",
    "handicapInd": false,
    "timeRestrictionDsc": "MON-SAT 8AM-6PM",
    "maxHoursCnt": "4.0",
    "meterTypeDsc": "Double",
    "dollarPerHourRate": "1.50",
    "activeStatusInd": false,
    "zoneSpaceCnt": "5.00",
    "metroAreaName": "Rosslyn"
  },
  {
    "parkingTransactionKey": 37,
    "transactionSourceCode": "IPS",
    "meterId": "UL1404N",
    "zoneNbr": "54407",
    "startDtm": "2015-12-31T15:22:54.000Z",
    "endDtm": "2015-12-31T16:22:54.000Z",
    "transactionAmt": "1.75",
    "paymentTypeName": "Coins",
    "transactionStatusCode": null,
    "meterManufacturerName": "IPS",
    "blockNbr": 1400,
    "sourceStreetDisplayName": "N UHLE ST",
    "sideDirectionName": "West",
    "latitudeCrd": "38.88972294",
    "longitudeCrd": "-77.08472889",
    "statePlaneXCrd": "11885737.73750000",
    "statePlaneYCrd": "7010175.42874999",
    "handicapInd": false,
    "timeRestrictionDsc": "MON - SAT 8AM - 8PM",
    "maxHoursCnt": "1.0",
    "meterTypeDsc": "Double",
    "dollarPerHourRate": "1.75",
    "activeStatusInd": true,
    "zoneSpaceCnt": "5.00",
    "metroAreaName": "Courthouse"
  },
  {
    "parkingTransactionKey": 38,
    "transactionSourceCode": "IPS",
    "meterId": "CR2108S",
    "zoneNbr": "54066",
    "startDtm": "2015-12-31T15:12:49.000Z",
    "endDtm": "2015-12-31T18:00:00.000Z",
    "transactionAmt": "3.75",
    "paymentTypeName": "Credit Card",
    "transactionStatusCode": "Approved",
    "meterManufacturerName": "IPS",
    "blockNbr": 2200,
    "sourceStreetDisplayName": "CRYSTAL DR",
    "sideDirectionName": "West",
    "latitudeCrd": "38.85418031",
    "longitudeCrd": "-77.04956904",
    "statePlaneXCrd": "11895966.88437500",
    "statePlaneYCrd": "6997809.80875000",
    "handicapInd": false,
    "timeRestrictionDsc": "MON - SAT 8AM - 8PM",
    "maxHoursCnt": "2.0",
    "meterTypeDsc": "Double",
    "dollarPerHourRate": "1.75",
    "activeStatusInd": false,
    "zoneSpaceCnt": "7.00",
    "metroAreaName": "Crystal City"
  },
  {
    "parkingTransactionKey": 43,
    "transactionSourceCode": "IPS",
    "meterId": "191106N",
    "zoneNbr": "54520",
    "startDtm": "2015-12-31T14:55:53.000Z",
    "endDtm": "2015-12-31T15:05:53.000Z",
    "transactionAmt": "0.25",
    "paymentTypeName": "Coins",
    "transactionStatusCode": null,
    "meterManufacturerName": "IPS",
    "blockNbr": 1100,
    "sourceStreetDisplayName": "19TH ST N",
    "sideDirectionName": "East",
    "latitudeCrd": "38.89699722",
    "longitudeCrd": "-77.07008220",
    "statePlaneXCrd": "11889865.64812500",
    "statePlaneYCrd": "7012886.19062500",
    "handicapInd": false,
    "timeRestrictionDsc": "MON-SAT 8AM-6PM",
    "maxHoursCnt": "4.0",
    "meterTypeDsc": "Double",
    "dollarPerHourRate": "1.50",
    "activeStatusInd": false,
    "zoneSpaceCnt": "5.00",
    "metroAreaName": "Rosslyn"
  },
  {
    "parkingTransactionKey": 46,
    "transactionSourceCode": "IPS",
    "meterId": "CHH1405N",
    "zoneNbr": "54413",
    "startDtm": "2015-12-31T14:48:02.000Z",
    "endDtm": "2015-12-31T15:27:02.000Z",
    "transactionAmt": "0.65",
    "paymentTypeName": "Coins",
    "transactionStatusCode": null,
    "meterManufacturerName": "IPS",
    "blockNbr": 1400,
    "sourceStreetDisplayName": "N COURTHOUSE RD",
    "sideDirectionName": "East",
    "latitudeCrd": "38.89048673",
    "longitudeCrd": "-77.08374252",
    "statePlaneXCrd": "11886040.19562500",
    "statePlaneYCrd": "7010255.64250000",
    "handicapInd": true,
    "timeRestrictionDsc": "MON - FRI 8AM - 8PM",
    "maxHoursCnt": "12.0",
    "meterTypeDsc": "Single",
    "dollarPerHourRate": "1.50",
    "activeStatusInd": true,
    "zoneSpaceCnt": "6.00",
    "metroAreaName": "Courthouse"
  },
  {
    "parkingTransactionKey": 48,
    "transactionSourceCode": "IPS",
    "meterId": "191108N",
    "zoneNbr": "54520",
    "startDtm": "2015-12-31T14:43:40.000Z",
    "endDtm": "2015-12-31T14:53:40.000Z",
    "transactionAmt": "0.25",
    "paymentTypeName": "Coins",
    "transactionStatusCode": null,
    "meterManufacturerName": "IPS",
    "blockNbr": 1100,
    "sourceStreetDisplayName": "19TH ST N",
    "sideDirectionName": "East",
    "latitudeCrd": "38.89699404",
    "longitudeCrd": "-77.07006334",
    "statePlaneXCrd": "11889871.03187500",
    "statePlaneYCrd": "7012885.11437500",
    "handicapInd": false,
    "timeRestrictionDsc": "MON-SAT 8AM-6PM",
    "maxHoursCnt": "4.0",
    "meterTypeDsc": "Double",
    "dollarPerHourRate": "1.50",
    "activeStatusInd": false,
    "zoneSpaceCnt": "5.00",
    "metroAreaName": "Rosslyn"
  },
  {
    "parkingTransactionKey": 53,
    "transactionSourceCode": "IPS",
    "meterId": "12H202S",
    "zoneNbr": "54098",
    "startDtm": "2015-12-31T14:13:02.000Z",
    "endDtm": "2015-12-31T18:00:00.000Z",
    "transactionAmt": "2.50",
    "paymentTypeName": "Credit Card",
    "transactionStatusCode": "Approved",
    "meterManufacturerName": "IPS",
    "blockNbr": 200,
    "sourceStreetDisplayName": "12th ST S",
    "sideDirectionName": "South",
    "latitudeCrd": "38.86269352",
    "longitudeCrd": "-77.04995642",
    "statePlaneXCrd": "11896054.75375000",
    "statePlaneYCrd": "7000389.03125000",
    "handicapInd": true,
    "timeRestrictionDsc": "MON - FRI 8AM - 8PM",
    "maxHoursCnt": "12.0",
    "meterTypeDsc": "Single",
    "dollarPerHourRate": "1.50",
    "activeStatusInd": false,
    "zoneSpaceCnt": "1.00",
    "metroAreaName": "Crystal City"
  },
  {
    "parkingTransactionKey": 54,
    "transactionSourceCode": "IPS",
    "meterId": "UL1402N",
    "zoneNbr": "54407",
    "startDtm": "2015-12-31T14:06:59.000Z",
    "endDtm": "2015-12-31T15:06:59.000Z",
    "transactionAmt": "0.05",
    "paymentTypeName": "Coins",
    "transactionStatusCode": null,
    "meterManufacturerName": "IPS",
    "blockNbr": 1400,
    "sourceStreetDisplayName": "N UHLE ST",
    "sideDirectionName": "West",
    "latitudeCrd": "38.88972066",
    "longitudeCrd": "-77.08472856",
    "statePlaneXCrd": "11885737.84437500",
    "statePlaneYCrd": "7010174.59999999",
    "handicapInd": false,
    "timeRestrictionDsc": "MON - SAT 8AM - 8PM",
    "maxHoursCnt": "1.0",
    "meterTypeDsc": "Double",
    "dollarPerHourRate": "1.75",
    "activeStatusInd": true,
    "zoneSpaceCnt": "5.00",
    "metroAreaName": "Courthouse"
  },
  {
    "parkingTransactionKey": 3,
    "transactionSourceCode": "IPS",
    "meterId": "9H3801N",
    "zoneNbr": "54210",
    "startDtm": "2015-12-31T17:40:58.000Z",
    "endDtm": "2015-12-31T17:50:58.000Z",
    "transactionAmt": "0.25",
    "paymentTypeName": "Coins",
    "transactionStatusCode": null,
    "meterManufacturerName": "IPS",
    "blockNbr": 3800,
    "sourceStreetDisplayName": "9th ST N",
    "sideDirectionName": "North",
    "latitudeCrd": "38.88171153",
    "longitudeCrd": "-77.10489460",
    "statePlaneXCrd": "11880042.86375000",
    "statePlaneYCrd": "7007170.14562500",
    "handicapInd": true,
    "timeRestrictionDsc": "MON - SAT 8AM - 8PM",
    "maxHoursCnt": "4.0",
    "meterTypeDsc": "Double",
    "dollarPerHourRate": "1.75",
    "activeStatusInd": true,
    "zoneSpaceCnt": "1.00",
    "metroAreaName": "Virginia Square"
  },
  {
    "parkingTransactionKey": 10,
    "transactionSourceCode": "IPS",
    "meterId": "QUH2717S",
    "zoneNbr": "54016",
    "startDtm": "2015-12-31T17:03:31.000Z",
    "endDtm": "2015-12-31T18:00:01.000Z",
    "transactionAmt": "0.25",
    "paymentTypeName": "Coins",
    "transactionStatusCode": null,
    "meterManufacturerName": "IPS",
    "blockNbr": 2700,
    "sourceStreetDisplayName": "S QUINCY ST",
    "sideDirectionName": "East",
    "latitudeCrd": "38.84110327",
    "longitudeCrd": "-77.08659037",
    "statePlaneXCrd": "11885480.57000000",
    "statePlaneYCrd": "6992462.10625000",
    "handicapInd": true,
    "timeRestrictionDsc": "MON - SAT 8AM - 8PM",
    "maxHoursCnt": "4.0",
    "meterTypeDsc": "Single",
    "dollarPerHourRate": "1.75",
    "activeStatusInd": true,
    "zoneSpaceCnt": "1.00",
    "metroAreaName": "Shirlington"
  },
  {
    "parkingTransactionKey": 13,
    "transactionSourceCode": "IPS",
    "meterId": "9H4001N",
    "zoneNbr": "54160",
    "startDtm": "2015-12-31T16:59:34.000Z",
    "endDtm": "2015-12-31T17:09:34.000Z",
    "transactionAmt": "0.25",
    "paymentTypeName": "Coins",
    "transactionStatusCode": null,
    "meterManufacturerName": "IPS",
    "blockNbr": 4000,
    "sourceStreetDisplayName": "9th ST N",
    "sideDirectionName": "North",
    "latitudeCrd": "38.88115251",
    "longitudeCrd": "-77.10865893",
    "statePlaneXCrd": "11878962.54187500",
    "statePlaneYCrd": "7006937.30187500",
    "handicapInd": true,
    "timeRestrictionDsc": "MON - SAT 8AM - 8PM",
    "maxHoursCnt": "4.0",
    "meterTypeDsc": "Single",
    "dollarPerHourRate": "1.75",
    "activeStatusInd": true,
    "zoneSpaceCnt": "1.00",
    "metroAreaName": "Ballston"
  },
  {
    "parkingTransactionKey": 14,
    "transactionSourceCode": "IPS",
    "meterId": "CRH2500S",
    "zoneNbr": "54065",
    "startDtm": "2015-12-31T16:57:39.000Z",
    "endDtm": "2015-12-31T18:00:01.000Z",
    "transactionAmt": "1.75",
    "paymentTypeName": "Coins",
    "transactionStatusCode": null,
    "meterManufacturerName": "IPS",
    "blockNbr": 2500,
    "sourceStreetDisplayName": "CRYSTAL DR",
    "sideDirectionName": "West",
    "latitudeCrd": "38.85120139",
    "longitudeCrd": "-77.05025919",
    "statePlaneXCrd": "11895769.40187500",
    "statePlaneYCrd": "6996300.72125000",
    "handicapInd": true,
    "timeRestrictionDsc": "MON - SAT 8AM - 8PM",
    "maxHoursCnt": "4.0",
    "meterTypeDsc": "Double",
    "dollarPerHourRate": "1.75",
    "activeStatusInd": true,
    "zoneSpaceCnt": "4.00",
    "metroAreaName": "Crystal City"
  },
  {
    "parkingTransactionKey": 18,
    "transactionSourceCode": "IPS",
    "meterId": "CBH1701N",
    "zoneNbr": "54487",
    "startDtm": "2015-12-31T16:39:24.000Z",
    "endDtm": "2015-12-31T17:06:59.000Z",
    "transactionAmt": "0.50",
    "paymentTypeName": "Coins",
    "transactionStatusCode": null,
    "meterManufacturerName": "IPS",
    "blockNbr": 1700,
    "sourceStreetDisplayName": "CLARENDON BLVD",
    "sideDirectionName": "North",
    "latitudeCrd": "38.89315190",
    "longitudeCrd": "-77.07834471",
    "statePlaneXCrd": "11887535.34937500",
    "statePlaneYCrd": "7011452.18625000",
    "handicapInd": true,
    "timeRestrictionDsc": "MON - SAT 8AM - 8PM",
    "maxHoursCnt": "4.0",
    "meterTypeDsc": "Single",
    "dollarPerHourRate": "1.75",
    "activeStatusInd": true,
    "zoneSpaceCnt": "1.00",
    "metroAreaName": "Rosslyn"
  },
  {
    "parkingTransactionKey": 20,
    "transactionSourceCode": "IPS",
    "meterId": "CBH1701N",
    "zoneNbr": "54487",
    "startDtm": "2015-12-31T16:36:54.000Z",
    "endDtm": "2015-12-31T16:46:54.000Z",
    "transactionAmt": "0.25",
    "paymentTypeName": "Coins",
    "transactionStatusCode": null,
    "meterManufacturerName": "IPS",
    "blockNbr": 1700,
    "sourceStreetDisplayName": "CLARENDON BLVD",
    "sideDirectionName": "North",
    "latitudeCrd": "38.89315190",
    "longitudeCrd": "-77.07834471",
    "statePlaneXCrd": "11887535.34937500",
    "statePlaneYCrd": "7011452.18625000",
    "handicapInd": true,
    "timeRestrictionDsc": "MON - SAT 8AM - 8PM",
    "maxHoursCnt": "4.0",
    "meterTypeDsc": "Single",
    "dollarPerHourRate": "1.75",
    "activeStatusInd": true,
    "zoneSpaceCnt": "1.00",
    "metroAreaName": "Rosslyn"
  },
  {
    "parkingTransactionKey": 26,
    "transactionSourceCode": "IPS",
    "meterId": "ULH1412N",
    "zoneNbr": "54408",
    "startDtm": "2015-12-31T16:00:49.000Z",
    "endDtm": "2015-12-31T17:42:43.000Z",
    "transactionAmt": "0.05",
    "paymentTypeName": "Coins",
    "transactionStatusCode": null,
    "meterManufacturerName": "IPS",
    "blockNbr": 1400,
    "sourceStreetDisplayName": "N UHLE ST",
    "sideDirectionName": "West",
    "latitudeCrd": "38.88984597",
    "longitudeCrd": "-77.08474392",
    "statePlaneXCrd": "11885732.76812500",
    "statePlaneYCrd": "7010220.16374999",
    "handicapInd": true,
    "timeRestrictionDsc": "MON - SAT 8AM - 8PM",
    "maxHoursCnt": "2.0",
    "meterTypeDsc": "Single",
    "dollarPerHourRate": "1.75",
    "activeStatusInd": true,
    "zoneSpaceCnt": "2.00",
    "metroAreaName": "Courthouse"
  },
  {
    "parkingTransactionKey": 29,
    "transactionSourceCode": "IPS",
    "meterId": "191106N",
    "zoneNbr": "54520",
    "startDtm": "2015-12-31T16:00:22.000Z",
    "endDtm": "2015-12-31T16:30:22.000Z",
    "transactionAmt": "0.75",
    "paymentTypeName": "Coins",
    "transactionStatusCode": null,
    "meterManufacturerName": "IPS",
    "blockNbr": 1100,
    "sourceStreetDisplayName": "19TH ST N",
    "sideDirectionName": "East",
    "latitudeCrd": "38.89699722",
    "longitudeCrd": "-77.07008220",
    "statePlaneXCrd": "11889865.64812500",
    "statePlaneYCrd": "7012886.19062500",
    "handicapInd": false,
    "timeRestrictionDsc": "MON-SAT 8AM-6PM",
    "maxHoursCnt": "4.0",
    "meterTypeDsc": "Double",
    "dollarPerHourRate": "1.50",
    "activeStatusInd": false,
    "zoneSpaceCnt": "5.00",
    "metroAreaName": "Rosslyn"
  },
  {
    "parkingTransactionKey": 30,
    "transactionSourceCode": "IPS",
    "meterId": "191110N",
    "zoneNbr": "54520",
    "startDtm": "2015-12-31T15:53:29.000Z",
    "endDtm": "2015-12-31T16:59:55.000Z",
    "transactionAmt": "0.75",
    "paymentTypeName": "Coins",
    "transactionStatusCode": null,
    "meterManufacturerName": "IPS",
    "blockNbr": 1100,
    "sourceStreetDisplayName": "19TH ST N",
    "sideDirectionName": "East",
    "latitudeCrd": "38.89698831",
    "longitudeCrd": "-77.06995752",
    "statePlaneXCrd": "11889901.17875000",
    "statePlaneYCrd": "7012883.49937500",
    "handicapInd": false,
    "timeRestrictionDsc": "MON-SAT 8AM-6PM",
    "maxHoursCnt": "4.0",
    "meterTypeDsc": "Single",
    "dollarPerHourRate": "1.50",
    "activeStatusInd": false,
    "zoneSpaceCnt": "5.00",
    "metroAreaName": "Rosslyn"
  },
  {
    "parkingTransactionKey": 31,
    "transactionSourceCode": "IPS",
    "meterId": "9H4114N",
    "zoneNbr": "54327",
    "startDtm": "2015-12-31T15:48:43.000Z",
    "endDtm": "2015-12-31T16:02:43.000Z",
    "transactionAmt": "0.35",
    "paymentTypeName": "Coins",
    "transactionStatusCode": null,
    "meterManufacturerName": "IPS",
    "blockNbr": 4100,
    "sourceStreetDisplayName": "9th ST N",
    "sideDirectionName": "South",
    "latitudeCrd": "38.88096356",
    "longitudeCrd": "-77.11018979",
    "statePlaneXCrd": "11878433.66812500",
    "statePlaneYCrd": "7006877.62812500",
    "handicapInd": true,
    "timeRestrictionDsc": "MON-SAT 8AM-6PM",
    "maxHoursCnt": "2.0",
    "meterTypeDsc": "Double",
    "dollarPerHourRate": "1.50",
    "activeStatusInd": false,
    "zoneSpaceCnt": "1.00",
    "metroAreaName": "Ballston"
  },
  {
    "parkingTransactionKey": 42,
    "transactionSourceCode": "IPS",
    "meterId": "H318N",
    "zoneNbr": "54674",
    "startDtm": "2015-12-31T14:58:44.000Z",
    "endDtm": "2015-12-31T15:34:44.000Z",
    "transactionAmt": "0.75",
    "paymentTypeName": "Coins",
    "transactionStatusCode": null,
    "meterManufacturerName": "IPS",
    "blockNbr": 2100,
    "sourceStreetDisplayName": "N COURTHOUSE RD",
    "sideDirectionName": "West",
    "latitudeCrd": "38.89057429",
    "longitudeCrd": "-77.08473176",
    "statePlaneXCrd": "11885732.13937500",
    "statePlaneYCrd": "7010485.44062500",
    "handicapInd": true,
    "timeRestrictionDsc": "MON - FRI 8AM - 8PM, SAT 6AM - 12PM",
    "maxHoursCnt": "4.0",
    "meterTypeDsc": "Single",
    "dollarPerHourRate": "1.75",
    "activeStatusInd": true,
    "zoneSpaceCnt": "2.00",
    "metroAreaName": "Courthouse"
  },
  {
    "parkingTransactionKey": 44,
    "transactionSourceCode": "IPS",
    "meterId": "LYH1601N",
    "zoneNbr": "54555",
    "startDtm": "2015-12-31T14:52:05.000Z",
    "endDtm": "2015-12-31T15:02:05.000Z",
    "transactionAmt": "0.25",
    "paymentTypeName": "Coins",
    "transactionStatusCode": null,
    "meterManufacturerName": "IPS",
    "blockNbr": 1600,
    "sourceStreetDisplayName": "N LYNN ST",
    "sideDirectionName": "West",
    "latitudeCrd": "38.89451711",
    "longitudeCrd": "-77.07067077",
    "statePlaneXCrd": "11889712.22062500",
    "statePlaneYCrd": "7011980.42937499",
    "handicapInd": true,
    "timeRestrictionDsc": "MON - SAT 8AM - 8PM",
    "maxHoursCnt": "4.0",
    "meterTypeDsc": "Single",
    "dollarPerHourRate": "1.50",
    "activeStatusInd": false,
    "zoneSpaceCnt": "2.00",
    "metroAreaName": "Rosslyn"
  },
  {
    "parkingTransactionKey": 45,
    "transactionSourceCode": "IPS",
    "meterId": "H315N",
    "zoneNbr": "54468",
    "startDtm": "2015-12-31T14:50:41.000Z",
    "endDtm": "2015-12-31T15:25:31.000Z",
    "transactionAmt": "0.50",
    "paymentTypeName": "Coins",
    "transactionStatusCode": null,
    "meterManufacturerName": "IPS",
    "blockNbr": 1400,
    "sourceStreetDisplayName": "N COURTHOUSE RD",
    "sideDirectionName": "West",
    "latitudeCrd": "38.89039712",
    "longitudeCrd": "-77.08484048",
    "statePlaneXCrd": "11885702.89312500",
    "statePlaneYCrd": "7010417.62187500",
    "handicapInd": true,
    "timeRestrictionDsc": "MON - FRI 8AM - 8PM, SAT 6AM - 12PM",
    "maxHoursCnt": "12.0",
    "meterTypeDsc": "Single",
    "dollarPerHourRate": "1.50",
    "activeStatusInd": false,
    "zoneSpaceCnt": "3.00",
    "metroAreaName": "Courthouse"
  },
  {
    "parkingTransactionKey": 50,
    "transactionSourceCode": "IPS",
    "meterId": "RAH500N",
    "zoneNbr": "54634",
    "startDtm": "2015-12-31T14:26:41.000Z",
    "endDtm": "2015-12-31T18:00:00.000Z",
    "transactionAmt": "3.75",
    "paymentTypeName": "Credit Card",
    "transactionStatusCode": "Approved",
    "meterManufacturerName": "IPS",
    "blockNbr": 500,
    "sourceStreetDisplayName": "N RANDOLPH ST",
    "sideDirectionName": "West",
    "latitudeCrd": "38.87761895",
    "longitudeCrd": "-77.10958419",
    "statePlaneXCrd": "11878730.61437500",
    "statePlaneYCrd": "7005659.54250000",
    "handicapInd": true,
    "timeRestrictionDsc": "MON - FRI 8AM - 8PM",
    "maxHoursCnt": "12.0",
    "meterTypeDsc": "Single",
    "dollarPerHourRate": "1.50",
    "activeStatusInd": true,
    "zoneSpaceCnt": "2.00",
    "metroAreaName": "Ballston"
  },
  {
    "parkingTransactionKey": 58,
    "transactionSourceCode": "IPS",
    "meterId": "ULH1412N",
    "zoneNbr": "54408",
    "startDtm": "2015-12-31T14:00:08.000Z",
    "endDtm": "2015-12-31T16:00:08.000Z",
    "transactionAmt": "0.80",
    "paymentTypeName": "Coins",
    "transactionStatusCode": null,
    "meterManufacturerName": "IPS",
    "blockNbr": 1400,
    "sourceStreetDisplayName": "N UHLE ST",
    "sideDirectionName": "West",
    "latitudeCrd": "38.88984597",
    "longitudeCrd": "-77.08474392",
    "statePlaneXCrd": "11885732.76812500",
    "statePlaneYCrd": "7010220.16374999",
    "handicapInd": true,
    "timeRestrictionDsc": "MON - SAT 8AM - 8PM",
    "maxHoursCnt": "2.0",
    "meterTypeDsc": "Single",
    "dollarPerHourRate": "1.75",
    "activeStatusInd": true,
    "zoneSpaceCnt": "2.00",
    "metroAreaName": "Courthouse"
  },
  {
    "parkingTransactionKey": 61,
    "transactionSourceCode": "IPS",
    "meterId": "Wi1001n",
    "zoneNbr": "54509",
    "startDtm": "2015-12-31T13:50:46.000Z",
    "endDtm": "2015-12-31T14:18:46.000Z",
    "transactionAmt": "0.70",
    "paymentTypeName": "Coins",
    "transactionStatusCode": null,
    "meterManufacturerName": "IPS",
    "blockNbr": 1000,
    "sourceStreetDisplayName": "WILSON BLVD",
    "sideDirectionName": "North",
    "latitudeCrd": "38.89468803",
    "longitudeCrd": "-77.06904618",
    "statePlaneXCrd": "11890173.58000000",
    "statePlaneYCrd": "7012049.87562500",
    "handicapInd": false,
    "timeRestrictionDsc": "MON - SAT 8AM - 8PM",
    "maxHoursCnt": "4.0",
    "meterTypeDsc": "Single",
    "dollarPerHourRate": "1.50",
    "activeStatusInd": false,
    "zoneSpaceCnt": "2.00",
    "metroAreaName": "Rosslyn"
  },
  {
    "parkingTransactionKey": 63,
    "transactionSourceCode": "IPS",
    "meterId": "H315N",
    "zoneNbr": "54468",
    "startDtm": "2015-12-31T13:49:21.000Z",
    "endDtm": "2015-12-31T14:25:21.000Z",
    "transactionAmt": "0.90",
    "paymentTypeName": "Coins",
    "transactionStatusCode": null,
    "meterManufacturerName": "IPS",
    "blockNbr": 1400,
    "sourceStreetDisplayName": "N COURTHOUSE RD",
    "sideDirectionName": "West",
    "latitudeCrd": "38.89039712",
    "longitudeCrd": "-77.08484048",
    "statePlaneXCrd": "11885702.89312500",
    "statePlaneYCrd": "7010417.62187500",
    "handicapInd": true,
    "timeRestrictionDsc": "MON - FRI 8AM - 8PM, SAT 6AM - 12PM",
    "maxHoursCnt": "12.0",
    "meterTypeDsc": "Single",
    "dollarPerHourRate": "1.50",
    "activeStatusInd": false,
    "zoneSpaceCnt": "3.00",
    "metroAreaName": "Courthouse"
  },
  {
    "parkingTransactionKey": 66,
    "transactionSourceCode": "IPS",
    "meterId": "Spares (Arlington VA)",
    "zoneNbr": null,
    "startDtm": "2015-12-31T13:31:07.000Z",
    "endDtm": "2015-12-31T14:51:07.000Z",
    "transactionAmt": "1.00",
    "paymentTypeName": "Credit Card",
    "transactionStatusCode": "Approved",
    "meterManufacturerName": null,
    "blockNbr": null,
    "sourceStreetDisplayName": null,
    "sideDirectionName": null,
    "latitudeCrd": null,
    "longitudeCrd": null,
    "statePlaneXCrd": null,
    "statePlaneYCrd": null,
    "handicapInd": null,
    "timeRestrictionDsc": null,
    "maxHoursCnt": null,
    "meterTypeDsc": null,
    "dollarPerHourRate": null,
    "activeStatusInd": false,
    "zoneSpaceCnt": null,
    "metroAreaName": null
  },
  {
    "parkingTransactionKey": 55,
    "transactionSourceCode": "IPS",
    "meterId": "UL1402N",
    "zoneNbr": "54407",
    "startDtm": "2015-12-31T14:06:31.000Z",
    "endDtm": "2015-12-31T15:06:31.000Z",
    "transactionAmt": "1.50",
    "paymentTypeName": "Credit Card",
    "transactionStatusCode": "Approved",
    "meterManufacturerName": "IPS",
    "blockNbr": 1400,
    "sourceStreetDisplayName": "N UHLE ST",
    "sideDirectionName": "West",
    "latitudeCrd": "38.88972066",
    "longitudeCrd": "-77.08472856",
    "statePlaneXCrd": "11885737.84437500",
    "statePlaneYCrd": "7010174.59999999",
    "handicapInd": false,
    "timeRestrictionDsc": "MON - SAT 8AM - 8PM",
    "maxHoursCnt": "1.0",
    "meterTypeDsc": "Double",
    "dollarPerHourRate": "1.75",
    "activeStatusInd": true,
    "zoneSpaceCnt": "5.00",
    "metroAreaName": "Courthouse"
  },
  {
    "parkingTransactionKey": 59,
    "transactionSourceCode": "IPS",
    "meterId": "191110N",
    "zoneNbr": "54520",
    "startDtm": "2015-12-31T13:59:49.000Z",
    "endDtm": "2015-12-31T16:29:49.000Z",
    "transactionAmt": "3.75",
    "paymentTypeName": "Credit Card",
    "transactionStatusCode": "Approved",
    "meterManufacturerName": "IPS",
    "blockNbr": 1100,
    "sourceStreetDisplayName": "19TH ST N",
    "sideDirectionName": "East",
    "latitudeCrd": "38.89698831",
    "longitudeCrd": "-77.06995752",
    "statePlaneXCrd": "11889901.17875000",
    "statePlaneYCrd": "7012883.49937500",
    "handicapInd": false,
    "timeRestrictionDsc": "MON-SAT 8AM-6PM",
    "maxHoursCnt": "4.0",
    "meterTypeDsc": "Single",
    "dollarPerHourRate": "1.50",
    "activeStatusInd": false,
    "zoneSpaceCnt": "5.00",
    "metroAreaName": "Rosslyn"
  },
  {
    "parkingTransactionKey": 67,
    "transactionSourceCode": "IPS",
    "meterId": "316N",
    "zoneNbr": "54469",
    "startDtm": "2015-12-31T13:29:43.000Z",
    "endDtm": "2015-12-31T13:57:33.000Z",
    "transactionAmt": "0.45",
    "paymentTypeName": "Coins",
    "transactionStatusCode": null,
    "meterManufacturerName": "IPS",
    "blockNbr": 1400,
    "sourceStreetDisplayName": "N COURTHOUSE RD",
    "sideDirectionName": "North",
    "latitudeCrd": "38.89058628",
    "longitudeCrd": "-77.08463867",
    "statePlaneXCrd": "11885759.26625000",
    "statePlaneYCrd": "7010487.39375000",
    "handicapInd": false,
    "timeRestrictionDsc": "MON - FRI 8AM - 8PM, SAT 6AM - 12PM",
    "maxHoursCnt": "1.0",
    "meterTypeDsc": "Single",
    "dollarPerHourRate": "1.75",
    "activeStatusInd": false,
    "zoneSpaceCnt": "2.00",
    "metroAreaName": "Courthouse"
  },
  {
    "parkingTransactionKey": 68,
    "transactionSourceCode": "IPS",
    "meterId": "316N",
    "zoneNbr": "54469",
    "startDtm": "2015-12-31T13:29:28.000Z",
    "endDtm": "2015-12-31T13:39:28.000Z",
    "transactionAmt": "0.25",
    "paymentTypeName": "Coins",
    "transactionStatusCode": null,
    "meterManufacturerName": "IPS",
    "blockNbr": 1400,
    "sourceStreetDisplayName": "N COURTHOUSE RD",
    "sideDirectionName": "North",
    "latitudeCrd": "38.89058628",
    "longitudeCrd": "-77.08463867",
    "statePlaneXCrd": "11885759.26625000",
    "statePlaneYCrd": "7010487.39375000",
    "handicapInd": false,
    "timeRestrictionDsc": "MON - FRI 8AM - 8PM, SAT 6AM - 12PM",
    "maxHoursCnt": "1.0",
    "meterTypeDsc": "Single",
    "dollarPerHourRate": "1.75",
    "activeStatusInd": false,
    "zoneSpaceCnt": "2.00",
    "metroAreaName": "Courthouse"
  },
  {
    "parkingTransactionKey": 79,
    "transactionSourceCode": "IPS",
    "meterId": "QUH2808S",
    "zoneNbr": "54018",
    "startDtm": "2015-12-31T12:59:50.000Z",
    "endDtm": "2015-12-31T13:59:50.000Z",
    "transactionAmt": "1.50",
    "paymentTypeName": "Credit Card",
    "transactionStatusCode": "Approved",
    "meterManufacturerName": "IPS",
    "blockNbr": 2800,
    "sourceStreetDisplayName": "S QUINCY ST",
    "sideDirectionName": "West",
    "latitudeCrd": "38.84038825",
    "longitudeCrd": "-77.08692946",
    "statePlaneXCrd": "11885388.00562500",
    "statePlaneYCrd": "6992200.23999999",
    "handicapInd": true,
    "timeRestrictionDsc": "MON - SAT 8AM - 8PM",
    "maxHoursCnt": "1.0",
    "meterTypeDsc": "Single",
    "dollarPerHourRate": "1.75",
    "activeStatusInd": true,
    "zoneSpaceCnt": "1.00",
    "metroAreaName": "Shirlington"
  },
  {
    "parkingTransactionKey": 90,
    "transactionSourceCode": "IPS",
    "meterId": "WIH3101N",
    "zoneNbr": "54307",
    "startDtm": "2015-12-31T12:18:43.000Z",
    "endDtm": "2015-12-31T13:39:51.000Z",
    "transactionAmt": "0.20",
    "paymentTypeName": "Coins",
    "transactionStatusCode": null,
    "meterManufacturerName": "IPS",
    "blockNbr": 3100,
    "sourceStreetDisplayName": "WILSON BLVD",
    "sideDirectionName": "North",
    "latitudeCrd": "38.88707055",
    "longitudeCrd": "-77.09563209",
    "statePlaneXCrd": "11882650.13937500",
    "statePlaneYCrd": "7009159.05625001",
    "handicapInd": true,
    "timeRestrictionDsc": "MON-SAT 8AM-6PM",
    "maxHoursCnt": "4.0",
    "meterTypeDsc": "Single",
    "dollarPerHourRate": "1.50",
    "activeStatusInd": false,
    "zoneSpaceCnt": "1.00",
    "metroAreaName": "Clarendon"
  },
  {
    "parkingTransactionKey": 91,
    "transactionSourceCode": "IPS",
    "meterId": "WIH3101N",
    "zoneNbr": "54307",
    "startDtm": "2015-12-31T12:18:35.000Z",
    "endDtm": "2015-12-31T13:31:51.000Z",
    "transactionAmt": "0.50",
    "paymentTypeName": "Coins",
    "transactionStatusCode": null,
    "meterManufacturerName": "IPS",
    "blockNbr": 3100,
    "sourceStreetDisplayName": "WILSON BLVD",
    "sideDirectionName": "North",
    "latitudeCrd": "38.88707055",
    "longitudeCrd": "-77.09563209",
    "statePlaneXCrd": "11882650.13937500",
    "statePlaneYCrd": "7009159.05625001",
    "handicapInd": true,
    "timeRestrictionDsc": "MON-SAT 8AM-6PM",
    "maxHoursCnt": "4.0",
    "meterTypeDsc": "Single",
    "dollarPerHourRate": "1.50",
    "activeStatusInd": false,
    "zoneSpaceCnt": "1.00",
    "metroAreaName": "Clarendon"
  },
  {
    "parkingTransactionKey": 92,
    "transactionSourceCode": "IPS",
    "meterId": "WIH3101N",
    "zoneNbr": "54307",
    "startDtm": "2015-12-31T12:18:25.000Z",
    "endDtm": "2015-12-31T13:11:51.000Z",
    "transactionAmt": "0.25",
    "paymentTypeName": "Coins",
    "transactionStatusCode": null,
    "meterManufacturerName": "IPS",
    "blockNbr": 3100,
    "sourceStreetDisplayName": "WILSON BLVD",
    "sideDirectionName": "North",
    "latitudeCrd": "38.88707055",
    "longitudeCrd": "-77.09563209",
    "statePlaneXCrd": "11882650.13937500",
    "statePlaneYCrd": "7009159.05625001",
    "handicapInd": true,
    "timeRestrictionDsc": "MON-SAT 8AM-6PM",
    "maxHoursCnt": "4.0",
    "meterTypeDsc": "Single",
    "dollarPerHourRate": "1.50",
    "activeStatusInd": false,
    "zoneSpaceCnt": "1.00",
    "metroAreaName": "Clarendon"
  },
  {
    "parkingTransactionKey": 93,
    "transactionSourceCode": "IPS",
    "meterId": "191110N",
    "zoneNbr": "54520",
    "startDtm": "2015-12-31T12:18:14.000Z",
    "endDtm": "2015-12-31T12:26:14.000Z",
    "transactionAmt": "0.20",
    "paymentTypeName": "Coins",
    "transactionStatusCode": null,
    "meterManufacturerName": "IPS",
    "blockNbr": 1100,
    "sourceStreetDisplayName": "19TH ST N",
    "sideDirectionName": "East",
    "latitudeCrd": "38.89698831",
    "longitudeCrd": "-77.06995752",
    "statePlaneXCrd": "11889901.17875000",
    "statePlaneYCrd": "7012883.49937500",
    "handicapInd": false,
    "timeRestrictionDsc": "MON-SAT 8AM-6PM",
    "maxHoursCnt": "4.0",
    "meterTypeDsc": "Single",
    "dollarPerHourRate": "1.50",
    "activeStatusInd": false,
    "zoneSpaceCnt": "5.00",
    "metroAreaName": "Rosslyn"
  },
  {
    "parkingTransactionKey": 96,
    "transactionSourceCode": "IPS",
    "meterId": "H318N",
    "zoneNbr": "54674",
    "startDtm": "2015-12-31T12:11:25.000Z",
    "endDtm": "2015-12-31T14:47:25.000Z",
    "transactionAmt": "3.25",
    "paymentTypeName": "Credit Card",
    "transactionStatusCode": "Approved",
    "meterManufacturerName": "IPS",
    "blockNbr": 2100,
    "sourceStreetDisplayName": "N COURTHOUSE RD",
    "sideDirectionName": "West",
    "latitudeCrd": "38.89057429",
    "longitudeCrd": "-77.08473176",
    "statePlaneXCrd": "11885732.13937500",
    "statePlaneYCrd": "7010485.44062500",
    "handicapInd": true,
    "timeRestrictionDsc": "MON - FRI 8AM - 8PM, SAT 6AM - 12PM",
    "maxHoursCnt": "4.0",
    "meterTypeDsc": "Single",
    "dollarPerHourRate": "1.75",
    "activeStatusInd": true,
    "zoneSpaceCnt": "2.00",
    "metroAreaName": "Courthouse"
  },
  {
    "parkingTransactionKey": 106,
    "transactionSourceCode": "IPS",
    "meterId": "GMH1621N",
    "zoneNbr": "54593",
    "startDtm": "2015-12-31T11:52:54.000Z",
    "endDtm": "2015-12-31T13:52:44.000Z",
    "transactionAmt": "0.50",
    "paymentTypeName": "Coins",
    "transactionStatusCode": null,
    "meterManufacturerName": "IPS",
    "blockNbr": 1600,
    "sourceStreetDisplayName": "N GEORGE MASON DR",
    "sideDirectionName": "East",
    "latitudeCrd": "38.88850486",
    "longitudeCrd": "-77.12831662",
    "statePlaneXCrd": "11873339.15875000",
    "statePlaneYCrd": "7009543.53874999",
    "handicapInd": true,
    "timeRestrictionDsc": "MON - SAT 8AM - 8PM",
    "maxHoursCnt": "4.0",
    "meterTypeDsc": "Single",
    "dollarPerHourRate": "1.75",
    "activeStatusInd": true,
    "zoneSpaceCnt": "5.00",
    "metroAreaName": "Virginia Hospital"
  },
  {
    "parkingTransactionKey": 107,
    "transactionSourceCode": "IPS",
    "meterId": "GMH1621N",
    "zoneNbr": "54593",
    "startDtm": "2015-12-31T11:52:44.000Z",
    "endDtm": "2015-12-31T13:32:44.000Z",
    "transactionAmt": "2.50",
    "paymentTypeName": "Coins",
    "transactionStatusCode": null,
    "meterManufacturerName": "IPS",
    "blockNbr": 1600,
    "sourceStreetDisplayName": "N GEORGE MASON DR",
    "sideDirectionName": "East",
    "latitudeCrd": "38.88850486",
    "longitudeCrd": "-77.12831662",
    "statePlaneXCrd": "11873339.15875000",
    "statePlaneYCrd": "7009543.53874999",
    "handicapInd": true,
    "timeRestrictionDsc": "MON - SAT 8AM - 8PM",
    "maxHoursCnt": "4.0",
    "meterTypeDsc": "Single",
    "dollarPerHourRate": "1.75",
    "activeStatusInd": true,
    "zoneSpaceCnt": "5.00",
    "metroAreaName": "Virginia Hospital"
  },
  {
    "parkingTransactionKey": 109,
    "transactionSourceCode": "IPS",
    "meterId": "GMH1625N",
    "zoneNbr": "54593",
    "startDtm": "2015-12-31T11:48:16.000Z",
    "endDtm": "2015-12-31T12:28:16.000Z",
    "transactionAmt": "1.00",
    "paymentTypeName": "Credit Card",
    "transactionStatusCode": "Approved",
    "meterManufacturerName": "IPS",
    "blockNbr": 1600,
    "sourceStreetDisplayName": "N GEORGE MASON DR",
    "sideDirectionName": "East",
    "latitudeCrd": "38.88859993",
    "longitudeCrd": "-77.12840656",
    "statePlaneXCrd": "11873313.04500000",
    "statePlaneYCrd": "7009577.77625000",
    "handicapInd": true,
    "timeRestrictionDsc": "MON - SAT 8AM - 8PM",
    "maxHoursCnt": "4.0",
    "meterTypeDsc": "Single",
    "dollarPerHourRate": "1.75",
    "activeStatusInd": true,
    "zoneSpaceCnt": "5.00",
    "metroAreaName": "Virginia Hospital"
  },
  {
    "parkingTransactionKey": 117,
    "transactionSourceCode": "IPS",
    "meterId": "CRH2504S",
    "zoneNbr": "54065",
    "startDtm": "2015-12-31T11:19:55.000Z",
    "endDtm": "2015-12-31T15:19:55.000Z",
    "transactionAmt": "6.00",
    "paymentTypeName": "Credit Card",
    "transactionStatusCode": "Approved",
    "meterManufacturerName": "IPS",
    "blockNbr": 2500,
    "sourceStreetDisplayName": "CRYSTAL DR",
    "sideDirectionName": "West",
    "latitudeCrd": "38.85109779",
    "longitudeCrd": "-77.05030552",
    "statePlaneXCrd": "11895756.80562500",
    "statePlaneYCrd": "6996262.78625000",
    "handicapInd": true,
    "timeRestrictionDsc": "MON - SAT 8AM - 8PM",
    "maxHoursCnt": "4.0",
    "meterTypeDsc": "Single",
    "dollarPerHourRate": "1.75",
    "activeStatusInd": true,
    "zoneSpaceCnt": "4.00",
    "metroAreaName": "Crystal City"
  }
]
[2024-10-29 02:30:44,110] {taskinstance.py:1400} INFO - Marking task as SUCCESS. dag_id=parking_pipeline, task_id=extract_user, execution_date=20241029T022836, start_date=20241029T023042, end_date=20241029T023044
[2024-10-29 02:30:44,160] {local_task_job.py:156} INFO - Task exited with return code 0
[2024-10-29 02:30:44,231] {local_task_job.py:273} INFO - 1 downstream tasks scheduled from follow-on schedule check
