[2024-10-29 03:01:10,790] {taskinstance.py:1159} INFO - Dependencies all met for <TaskInstance: parking_pipeline.is_api_available scheduled__2024-10-29T02:59:08.714066+00:00 [queued]>
[2024-10-29 03:01:10,810] {taskinstance.py:1159} INFO - Dependencies all met for <TaskInstance: parking_pipeline.is_api_available scheduled__2024-10-29T02:59:08.714066+00:00 [queued]>
[2024-10-29 03:01:10,811] {taskinstance.py:1356} INFO - 
--------------------------------------------------------------------------------
[2024-10-29 03:01:10,813] {taskinstance.py:1357} INFO - Starting attempt 1 of 2
[2024-10-29 03:01:10,813] {taskinstance.py:1358} INFO - 
--------------------------------------------------------------------------------
[2024-10-29 03:01:10,841] {taskinstance.py:1377} INFO - Executing <Task(HttpSensor): is_api_available> on 2024-10-29 02:59:08.714066+00:00
[2024-10-29 03:01:10,851] {standard_task_runner.py:52} INFO - Started process 852 to run task
[2024-10-29 03:01:10,857] {standard_task_runner.py:79} INFO - Running: ['***', 'tasks', 'run', 'parking_pipeline', 'is_api_available', 'scheduled__2024-10-29T02:59:08.714066+00:00', '--job-id', '739', '--raw', '--subdir', 'DAGS_FOLDER/parking_dag.py', '--cfg-path', '/tmp/tmp_rpz2par', '--error-file', '/tmp/tmpn7akq5cc']
[2024-10-29 03:01:10,859] {standard_task_runner.py:80} INFO - Job 739: Subtask is_api_available
[2024-10-29 03:01:10,959] {task_command.py:369} INFO - Running <TaskInstance: parking_pipeline.is_api_available scheduled__2024-10-29T02:59:08.714066+00:00 [running]> on host 6da7af54a32a
[2024-10-29 03:01:11,118] {taskinstance.py:1571} INFO - Exporting the following env vars:
AIRFLOW_CTX_DAG_OWNER=Airflow
AIRFLOW_CTX_DAG_ID=parking_pipeline
AIRFLOW_CTX_TASK_ID=is_api_available
AIRFLOW_CTX_EXECUTION_DATE=2024-10-29T02:59:08.714066+00:00
AIRFLOW_CTX_TRY_NUMBER=1
AIRFLOW_CTX_DAG_RUN_ID=scheduled__2024-10-29T02:59:08.714066+00:00
[2024-10-29 03:01:11,120] {http.py:97} INFO - Poking: 
[2024-10-29 03:01:11,137] {base.py:68} INFO - Using connection ID 'is_api_available' for task execution.
[2024-10-29 03:01:11,140] {http.py:129} INFO - Sending 'GET' to url: https://datahub-v2.arlingtonva.us/api/ParkingMeter/ParkingTransactions
[2024-10-29 03:01:12,128] {base.py:301} INFO - Success criteria met. Exiting.
[2024-10-29 03:01:12,154] {taskinstance.py:1400} INFO - Marking task as SUCCESS. dag_id=parking_pipeline, task_id=is_api_available, execution_date=20241029T025908, start_date=20241029T030110, end_date=20241029T030112
[2024-10-29 03:01:12,195] {local_task_job.py:156} INFO - Task exited with return code 0
[2024-10-29 03:01:12,295] {local_task_job.py:273} INFO - 1 downstream tasks scheduled from follow-on schedule check
