[2024-10-20 14:48:27,544] {taskinstance.py:1159} INFO - Dependencies all met for <TaskInstance: parking_pipeline.is_api_available scheduled__2024-10-20T14:46:26.233770+00:00 [queued]>
[2024-10-20 14:48:27,556] {taskinstance.py:1159} INFO - Dependencies all met for <TaskInstance: parking_pipeline.is_api_available scheduled__2024-10-20T14:46:26.233770+00:00 [queued]>
[2024-10-20 14:48:27,557] {taskinstance.py:1356} INFO - 
--------------------------------------------------------------------------------
[2024-10-20 14:48:27,558] {taskinstance.py:1357} INFO - Starting attempt 1 of 2
[2024-10-20 14:48:27,558] {taskinstance.py:1358} INFO - 
--------------------------------------------------------------------------------
[2024-10-20 14:48:27,575] {taskinstance.py:1377} INFO - Executing <Task(HttpSensor): is_api_available> on 2024-10-20 14:46:26.233770+00:00
[2024-10-20 14:48:27,582] {standard_task_runner.py:52} INFO - Started process 2704 to run task
[2024-10-20 14:48:27,585] {standard_task_runner.py:79} INFO - Running: ['***', 'tasks', 'run', 'parking_pipeline', 'is_api_available', 'scheduled__2024-10-20T14:46:26.233770+00:00', '--job-id', '300', '--raw', '--subdir', 'DAGS_FOLDER/parking_dag.py', '--cfg-path', '/tmp/tmpj6_8bl3o', '--error-file', '/tmp/tmpm2ybo5jb']
[2024-10-20 14:48:27,586] {standard_task_runner.py:80} INFO - Job 300: Subtask is_api_available
[2024-10-20 14:48:27,644] {task_command.py:369} INFO - Running <TaskInstance: parking_pipeline.is_api_available scheduled__2024-10-20T14:46:26.233770+00:00 [running]> on host 4047801f839c
[2024-10-20 14:48:27,730] {taskinstance.py:1571} INFO - Exporting the following env vars:
AIRFLOW_CTX_DAG_OWNER=Airflow
AIRFLOW_CTX_DAG_ID=parking_pipeline
AIRFLOW_CTX_TASK_ID=is_api_available
AIRFLOW_CTX_EXECUTION_DATE=2024-10-20T14:46:26.233770+00:00
AIRFLOW_CTX_TRY_NUMBER=1
AIRFLOW_CTX_DAG_RUN_ID=scheduled__2024-10-20T14:46:26.233770+00:00
[2024-10-20 14:48:27,731] {http.py:97} INFO - Poking: 
[2024-10-20 14:48:27,742] {base.py:68} INFO - Using connection ID 'is_api_available' for task execution.
[2024-10-20 14:48:27,744] {http.py:129} INFO - Sending 'GET' to url: https://datahub-v2.arlingtonva.us/api/ParkingMeter/ParkingTransactions
[2024-10-20 14:48:29,372] {base.py:301} INFO - Success criteria met. Exiting.
[2024-10-20 14:48:29,387] {taskinstance.py:1400} INFO - Marking task as SUCCESS. dag_id=parking_pipeline, task_id=is_api_available, execution_date=20241020T144626, start_date=20241020T144827, end_date=20241020T144829
[2024-10-20 14:48:29,445] {local_task_job.py:156} INFO - Task exited with return code 0
[2024-10-20 14:48:29,503] {local_task_job.py:273} INFO - 1 downstream tasks scheduled from follow-on schedule check
