[2024-10-20 14:20:34,176] {taskinstance.py:1159} INFO - Dependencies all met for <TaskInstance: parking_pipeline.load_data scheduled__2024-10-20T14:18:25.775451+00:00 [queued]>
[2024-10-20 14:20:34,189] {taskinstance.py:1159} INFO - Dependencies all met for <TaskInstance: parking_pipeline.load_data scheduled__2024-10-20T14:18:25.775451+00:00 [queued]>
[2024-10-20 14:20:34,190] {taskinstance.py:1356} INFO - 
--------------------------------------------------------------------------------
[2024-10-20 14:20:34,191] {taskinstance.py:1357} INFO - Starting attempt 1 of 2
[2024-10-20 14:20:34,191] {taskinstance.py:1358} INFO - 
--------------------------------------------------------------------------------
[2024-10-20 14:20:34,208] {taskinstance.py:1377} INFO - Executing <Task(PythonOperator): load_data> on 2024-10-20 14:18:25.775451+00:00
[2024-10-20 14:20:34,214] {standard_task_runner.py:52} INFO - Started process 1225 to run task
[2024-10-20 14:20:34,217] {standard_task_runner.py:79} INFO - Running: ['***', 'tasks', 'run', 'parking_pipeline', 'load_data', 'scheduled__2024-10-20T14:18:25.775451+00:00', '--job-id', '234', '--raw', '--subdir', 'DAGS_FOLDER/parking_dag.py', '--cfg-path', '/tmp/tmpo0x4cw0g', '--error-file', '/tmp/tmpmbaev7kn']
[2024-10-20 14:20:34,218] {standard_task_runner.py:80} INFO - Job 234: Subtask load_data
[2024-10-20 14:20:34,276] {task_command.py:369} INFO - Running <TaskInstance: parking_pipeline.load_data scheduled__2024-10-20T14:18:25.775451+00:00 [running]> on host 4047801f839c
[2024-10-20 14:20:34,359] {taskinstance.py:1571} INFO - Exporting the following env vars:
AIRFLOW_CTX_DAG_OWNER=Airflow
AIRFLOW_CTX_DAG_ID=parking_pipeline
AIRFLOW_CTX_TASK_ID=load_data
AIRFLOW_CTX_EXECUTION_DATE=2024-10-20T14:18:25.775451+00:00
AIRFLOW_CTX_TRY_NUMBER=1
AIRFLOW_CTX_DAG_RUN_ID=scheduled__2024-10-20T14:18:25.775451+00:00
[2024-10-20 14:20:34,369] {postgres.py:127} INFO - Running copy expert: COPY parking_data FROM stdin WITH DELIMITER as ',', filename: ./tmp/processed_parking_data_00.csv
[2024-10-20 14:20:34,379] {base.py:68} INFO - Using connection ID 'postgres' for task execution.
[2024-10-20 14:20:34,387] {python.py:173} INFO - Done. Returned value was: None
[2024-10-20 14:20:34,402] {taskinstance.py:1400} INFO - Marking task as SUCCESS. dag_id=parking_pipeline, task_id=load_data, execution_date=20241020T141825, start_date=20241020T142034, end_date=20241020T142034
[2024-10-20 14:20:34,430] {local_task_job.py:156} INFO - Task exited with return code 0
[2024-10-20 14:20:34,465] {local_task_job.py:273} INFO - 0 downstream tasks scheduled from follow-on schedule check
