[2022-12-26 18:26:59,116] {taskinstance.py:1159} INFO - Dependencies all met for <TaskInstance: parking_pipeline.transform_data scheduled__2022-12-26T18:24:54.974156+00:00 [queued]>
[2022-12-26 18:26:59,123] {taskinstance.py:1159} INFO - Dependencies all met for <TaskInstance: parking_pipeline.transform_data scheduled__2022-12-26T18:24:54.974156+00:00 [queued]>
[2022-12-26 18:26:59,124] {taskinstance.py:1356} INFO - 
--------------------------------------------------------------------------------
[2022-12-26 18:26:59,124] {taskinstance.py:1357} INFO - Starting attempt 1 of 2
[2022-12-26 18:26:59,125] {taskinstance.py:1358} INFO - 
--------------------------------------------------------------------------------
[2022-12-26 18:26:59,134] {taskinstance.py:1377} INFO - Executing <Task(PythonOperator): transform_data> on 2022-12-26 18:24:54.974156+00:00
[2022-12-26 18:26:59,138] {standard_task_runner.py:52} INFO - Started process 6412 to run task
[2022-12-26 18:26:59,143] {standard_task_runner.py:79} INFO - Running: ['***', 'tasks', 'run', 'parking_pipeline', 'transform_data', 'scheduled__2022-12-26T18:24:54.974156+00:00', '--job-id', '233', '--raw', '--subdir', 'DAGS_FOLDER/parking_dag.py', '--cfg-path', '/tmp/tmp0zkry445', '--error-file', '/tmp/tmpk0fw780i']
[2022-12-26 18:26:59,144] {standard_task_runner.py:80} INFO - Job 233: Subtask transform_data
[2022-12-26 18:26:59,200] {task_command.py:369} INFO - Running <TaskInstance: parking_pipeline.transform_data scheduled__2022-12-26T18:24:54.974156+00:00 [running]> on host a4f1a67a8720
[2022-12-26 18:26:59,264] {taskinstance.py:1571} INFO - Exporting the following env vars:
AIRFLOW_CTX_DAG_OWNER=Airflow
AIRFLOW_CTX_DAG_ID=parking_pipeline
AIRFLOW_CTX_TASK_ID=transform_data
AIRFLOW_CTX_EXECUTION_DATE=2022-12-26T18:24:54.974156+00:00
AIRFLOW_CTX_TRY_NUMBER=1
AIRFLOW_CTX_DAG_RUN_ID=scheduled__2022-12-26T18:24:54.974156+00:00
[2022-12-26 18:26:59,284] {python.py:173} INFO - Done. Returned value was: None
[2022-12-26 18:26:59,298] {taskinstance.py:1400} INFO - Marking task as SUCCESS. dag_id=parking_pipeline, task_id=transform_data, execution_date=20221226T182454, start_date=20221226T182659, end_date=20221226T182659
[2022-12-26 18:26:59,358] {local_task_job.py:156} INFO - Task exited with return code 0
[2022-12-26 18:26:59,389] {local_task_job.py:273} INFO - 0 downstream tasks scheduled from follow-on schedule check
