[2024-10-29 01:48:55,704] {taskinstance.py:1159} INFO - Dependencies all met for <TaskInstance: parking_pipeline.extract_user scheduled__2024-10-22T03:18:10.879477+00:00 [queued]>
[2024-10-29 01:48:55,714] {taskinstance.py:1159} INFO - Dependencies all met for <TaskInstance: parking_pipeline.extract_user scheduled__2024-10-22T03:18:10.879477+00:00 [queued]>
[2024-10-29 01:48:55,715] {taskinstance.py:1356} INFO - 
--------------------------------------------------------------------------------
[2024-10-29 01:48:55,716] {taskinstance.py:1357} INFO - Starting attempt 1 of 2
[2024-10-29 01:48:55,716] {taskinstance.py:1358} INFO - 
--------------------------------------------------------------------------------
[2024-10-29 01:48:55,731] {taskinstance.py:1377} INFO - Executing <Task(SimpleHttpOperator): extract_user> on 2024-10-22 03:18:10.879477+00:00
[2024-10-29 01:48:55,739] {standard_task_runner.py:52} INFO - Started process 98 to run task
[2024-10-29 01:48:55,742] {standard_task_runner.py:79} INFO - Running: ['***', 'tasks', 'run', 'parking_pipeline', 'extract_user', 'scheduled__2024-10-22T03:18:10.879477+00:00', '--job-id', '380', '--raw', '--subdir', 'DAGS_FOLDER/parking_dag.py', '--cfg-path', '/tmp/tmp8a_hn2ww', '--error-file', '/tmp/tmp5q3wzrwi']
[2024-10-29 01:48:55,743] {standard_task_runner.py:80} INFO - Job 380: Subtask extract_user
[2024-10-29 01:48:55,807] {task_command.py:369} INFO - Running <TaskInstance: parking_pipeline.extract_user scheduled__2024-10-22T03:18:10.879477+00:00 [running]> on host 34572bdb7b7c
[2024-10-29 01:48:55,896] {taskinstance.py:1571} INFO - Exporting the following env vars:
AIRFLOW_CTX_DAG_OWNER=Airflow
AIRFLOW_CTX_DAG_ID=parking_pipeline
AIRFLOW_CTX_TASK_ID=extract_user
AIRFLOW_CTX_EXECUTION_DATE=2024-10-22T03:18:10.879477+00:00
AIRFLOW_CTX_TRY_NUMBER=1
AIRFLOW_CTX_DAG_RUN_ID=scheduled__2024-10-22T03:18:10.879477+00:00
[2024-10-29 01:48:55,898] {http.py:102} INFO - Calling HTTP method
[2024-10-29 01:48:55,909] {base.py:68} INFO - Using connection ID 'is_api_available' for task execution.
[2024-10-29 01:48:55,911] {http.py:129} INFO - Sending 'GET' to url: https://datahub-v2.arlingtonva.us/api/ParkingMeter/ParkingTransactions/?$top=50
[2024-10-29 01:48:57,029] {http.py:106} INFO - [
  {
    "parkingTransactionKey": 103,
    "transactionSourceCode": "IPS",
    "meterId": "191108N",
    "zoneNbr": "54520",
    "startDtm": "2015-12-31T12:02:43.000Z",
    "endDtm": "2015-12-31T12:23:21.000Z",
    "transactionAmt": "0.10",
    "paymentTypeName": "Coins",
    "transactionStatusCode": null,
    "meterManufacturerName": "IPS",
    "blockNbr": 1100,
    "sourceStreetDisplayName": "19TH ST N",
    "sideDirectionName": "East",
    "latitudeCrd": "38.89699404",
    "longitudeCrd": "-77.07006334",
    "statePlaneXCrd": "11889871.03187500",
    "statePlaneYCrd": "7012885.11437500",
    "handicapInd": false,
    "timeRestrictionDsc": "MON-SAT 8AM-6PM",
    "maxHoursCnt": "4.0",
    "meterTypeDsc": "Double",
    "dollarPerHourRate": "1.50",
    "activeStatusInd": false,
    "zoneSpaceCnt": "5.00",
    "metroAreaName": "Rosslyn"
  },
  {
    "parkingTransactionKey": 105,
    "transactionSourceCode": "IPS",
    "meterId": "191110N",
    "zoneNbr": "54520",
    "startDtm": "2015-12-31T11:58:36.000Z",
    "endDtm": "2015-12-31T12:02:36.000Z",
    "transactionAmt": "0.10",
    "paymentTypeName": "Coins",
    "transactionStatusCode": null,
    "meterManufacturerName": "IPS",
    "blockNbr": 1100,
    "sourceStreetDisplayName": "19TH ST N",
    "sideDirectionName": "East",
    "latitudeCrd": "38.89698831",
    "longitudeCrd": "-77.06995752",
    "statePlaneXCrd": "11889901.17875000",
    "statePlaneYCrd": "7012883.49937500",
    "handicapInd": false,
    "timeRestrictionDsc": "MON-SAT 8AM-6PM",
    "maxHoursCnt": "4.0",
    "meterTypeDsc": "Single",
    "dollarPerHourRate": "1.50",
    "activeStatusInd": false,
    "zoneSpaceCnt": "5.00",
    "metroAreaName": "Rosslyn"
  },
  {
    "parkingTransactionKey": 112,
    "transactionSourceCode": "IPS",
    "meterId": "191108N",
    "zoneNbr": "54520",
    "startDtm": "2015-12-31T11:39:16.000Z",
    "endDtm": "2015-12-31T12:19:16.000Z",
    "transactionAmt": "1.00",
    "paymentTypeName": "Coins",
    "transactionStatusCode": null,
    "meterManufacturerName": "IPS",
    "blockNbr": 1100,
    "sourceStreetDisplayName": "19TH ST N",
    "sideDirectionName": "East",
    "latitudeCrd": "38.89699404",
    "longitudeCrd": "-77.07006334",
    "statePlaneXCrd": "11889871.03187500",
    "statePlaneYCrd": "7012885.11437500",
    "handicapInd": false,
    "timeRestrictionDsc": "MON-SAT 8AM-6PM",
    "maxHoursCnt": "4.0",
    "meterTypeDsc": "Double",
    "dollarPerHourRate": "1.50",
    "activeStatusInd": false,
    "zoneSpaceCnt": "5.00",
    "metroAreaName": "Rosslyn"
  },
  {
    "parkingTransactionKey": 113,
    "transactionSourceCode": "IPS",
    "meterId": "317N",
    "zoneNbr": "54469",
    "startDtm": "2015-12-31T11:36:33.000Z",
    "endDtm": "2015-12-31T12:22:26.000Z",
    "transactionAmt": "0.90",
    "paymentTypeName": "Coins",
    "transactionStatusCode": null,
    "meterManufacturerName": "IPS",
    "blockNbr": 1400,
    "sourceStreetDisplayName": "N COURTHOUSE RD",
    "sideDirectionName": "North",
    "latitudeCrd": "38.89058732",
    "longitudeCrd": "-77.08467526",
    "statePlaneXCrd": "11885748.84937500",
    "statePlaneYCrd": "7010487.61062500",
    "handicapInd": false,
    "timeRestrictionDsc": "MON - FRI 8AM - 8PM, SAT 6AM - 12PM",
    "maxHoursCnt": "1.0",
    "meterTypeDsc": "Single",
    "dollarPerHourRate": "1.75",
    "activeStatusInd": false,
    "zoneSpaceCnt": "2.00",
    "metroAreaName": "Courthouse"
  },
  {
    "parkingTransactionKey": 115,
    "transactionSourceCode": "IPS",
    "meterId": "191106N",
    "zoneNbr": "54520",
    "startDtm": "2015-12-31T11:27:44.000Z",
    "endDtm": "2015-12-31T11:57:44.000Z",
    "transactionAmt": "0.75",
    "paymentTypeName": "Coins",
    "transactionStatusCode": null,
    "meterManufacturerName": "IPS",
    "blockNbr": 1100,
    "sourceStreetDisplayName": "19TH ST N",
    "sideDirectionName": "East",
    "latitudeCrd": "38.89699722",
    "longitudeCrd": "-77.07008220",
    "statePlaneXCrd": "11889865.64812500",
    "statePlaneYCrd": "7012886.19062500",
    "handicapInd": false,
    "timeRestrictionDsc": "MON-SAT 8AM-6PM",
    "maxHoursCnt": "4.0",
    "meterTypeDsc": "Double",
    "dollarPerHourRate": "1.50",
    "activeStatusInd": false,
    "zoneSpaceCnt": "5.00",
    "metroAreaName": "Rosslyn"
  },
  {
    "parkingTransactionKey": 118,
    "transactionSourceCode": "IPS",
    "meterId": "LYH1809N",
    "zoneNbr": "54558",
    "startDtm": "2015-12-31T11:18:41.000Z",
    "endDtm": "2015-12-31T11:38:41.000Z",
    "transactionAmt": "0.50",
    "paymentTypeName": "Coins",
    "transactionStatusCode": null,
    "meterManufacturerName": "IPS",
    "blockNbr": 1800,
    "sourceStreetDisplayName": "N LYNN ST",
    "sideDirectionName": "East",
    "latitudeCrd": "38.89641368",
    "longitudeCrd": "-77.07072189",
    "statePlaneXCrd": "11889686.91875000",
    "statePlaneYCrd": "7012670.85375001",
    "handicapInd": true,
    "timeRestrictionDsc": "MON - SAT 8AM - 8PM",
    "maxHoursCnt": "4.0",
    "meterTypeDsc": "Single",
    "dollarPerHourRate": "1.50",
    "activeStatusInd": false,
    "zoneSpaceCnt": "1.00",
    "metroAreaName": "Rosslyn"
  },
  {
    "parkingTransactionKey": 128,
    "transactionSourceCode": "IPS",
    "meterId": "CBH3110N",
    "zoneNbr": "54297",
    "startDtm": "2015-12-31T09:54:49.000Z",
    "endDtm": "2015-12-31T10:20:49.000Z",
    "transactionAmt": "0.65",
    "paymentTypeName": "Coins",
    "transactionStatusCode": null,
    "meterManufacturerName": "IPS",
    "blockNbr": 3100,
    "sourceStreetDisplayName": "CLARENDON BLVD",
    "sideDirectionName": "South",
    "latitudeCrd": "38.88644395",
    "longitudeCrd": "-77.09572992",
    "statePlaneXCrd": "11882625.08375000",
    "statePlaneYCrd": "7008933.26875000",
    "handicapInd": true,
    "timeRestrictionDsc": "MON - SAT 8AM - 8PM",
    "maxHoursCnt": "4.0",
    "meterTypeDsc": "Single",
    "dollarPerHourRate": "1.75",
    "activeStatusInd": true,
    "zoneSpaceCnt": "1.00",
    "metroAreaName": "Clarendon"
  },
  {
    "parkingTransactionKey": 139,
    "transactionSourceCode": "IPS",
    "meterId": "GMH1625N",
    "zoneNbr": "54593",
    "startDtm": "2015-12-31T09:19:42.000Z",
    "endDtm": "2015-12-31T10:09:42.000Z",
    "transactionAmt": "1.25",
    "paymentTypeName": "Coins",
    "transactionStatusCode": null,
    "meterManufacturerName": "IPS",
    "blockNbr": 1600,
    "sourceStreetDisplayName": "N GEORGE MASON DR",
    "sideDirectionName": "East",
    "latitudeCrd": "38.88859993",
    "longitudeCrd": "-77.12840656",
    "statePlaneXCrd": "11873313.04500000",
    "statePlaneYCrd": "7009577.77625000",
    "handicapInd": true,
    "timeRestrictionDsc": "MON - SAT 8AM - 8PM",
    "maxHoursCnt": "4.0",
    "meterTypeDsc": "Single",
    "dollarPerHourRate": "1.75",
    "activeStatusInd": true,
    "zoneSpaceCnt": "5.00",
    "metroAreaName": "Virginia Hospital"
  },
  {
    "parkingTransactionKey": 143,
    "transactionSourceCode": "IPS",
    "meterId": "GMH1619N",
    "zoneNbr": "54593",
    "startDtm": "2015-12-31T08:05:16.000Z",
    "endDtm": "2015-12-31T10:54:01.000Z",
    "transactionAmt": "2.25",
    "paymentTypeName": "Coins",
    "transactionStatusCode": null,
    "meterManufacturerName": "IPS",
    "blockNbr": 1600,
    "sourceStreetDisplayName": "N GEORGE MASON DR",
    "sideDirectionName": "East",
    "latitudeCrd": "38.88843750",
    "longitudeCrd": "-77.12827917",
    "statePlaneXCrd": "11873350.18437500",
    "statePlaneYCrd": "7009519.16625001",
    "handicapInd": true,
    "timeRestrictionDsc": "MON - SAT 8AM - 8PM",
    "maxHoursCnt": "4.0",
    "meterTypeDsc": "Single",
    "dollarPerHourRate": "1.75",
    "activeStatusInd": true,
    "zoneSpaceCnt": "5.00",
    "metroAreaName": "Virginia Hospital"
  },
  {
    "parkingTransactionKey": 260,
    "transactionSourceCode": "IPS",
    "meterId": "CRH1700S",
    "zoneNbr": "54688",
    "startDtm": "2016-12-31T14:31:15.000Z",
    "endDtm": "2016-12-31T14:53:15.000Z",
    "transactionAmt": "0.55",
    "paymentTypeName": "Coins",
    "transactionStatusCode": null,
    "meterManufacturerName": "IPS",
    "blockNbr": 1700,
    "sourceStreetDisplayName": "CRYSTAL DR",
    "sideDirectionName": "West",
    "latitudeCrd": "38.85829174",
    "longitudeCrd": "-77.04929791",
    "statePlaneXCrd": "11896003.02375000",
    "statePlaneYCrd": "6998884.19875000",
    "handicapInd": true,
    "timeRestrictionDsc": "MON - SAT 8AM - 8PM",
    "maxHoursCnt": "4.0",
    "meterTypeDsc": "Single",
    "dollarPerHourRate": "1.50",
    "activeStatusInd": false,
    "zoneSpaceCnt": "1.00",
    "metroAreaName": "CRYSTAL CITY"
  },
  {
    "parkingTransactionKey": 267,
    "transactionSourceCode": "IPS",
    "meterId": "SU802N",
    "zoneNbr": "54122",
    "startDtm": "2016-12-31T14:19:47.000Z",
    "endDtm": "2016-12-31T14:55:30.000Z",
    "transactionAmt": "0.75",
    "paymentTypeName": "Coins",
    "transactionStatusCode": null,
    "meterManufacturerName": "IPS",
    "blockNbr": 800,
    "sourceStreetDisplayName": "N STUART ST",
    "sideDirectionName": "West",
    "latitudeCrd": "38.88045647",
    "longitudeCrd": "-77.11169106",
    "statePlaneXCrd": "11878120.42500000",
    "statePlaneYCrd": "7006645.44562501",
    "handicapInd": false,
    "timeRestrictionDsc": "MON - SAT 8AM - 8PM",
    "maxHoursCnt": "1.0",
    "meterTypeDsc": "Single",
    "dollarPerHourRate": "1.75",
    "activeStatusInd": false,
    "zoneSpaceCnt": "4.00",
    "metroAreaName": "Ballston"
  },
  {
    "parkingTransactionKey": 278,
    "transactionSourceCode": "IPS",
    "meterId": "CRH2306S",
    "zoneNbr": "54685",
    "startDtm": "2016-12-31T14:05:15.000Z",
    "endDtm": "2016-12-31T14:21:15.000Z",
    "transactionAmt": "0.40",
    "paymentTypeName": "Coins",
    "transactionStatusCode": null,
    "meterManufacturerName": "IPS",
    "blockNbr": 2300,
    "sourceStreetDisplayName": "CRYSTAL DR",
    "sideDirectionName": "West",
    "latitudeCrd": "38.85279802",
    "longitudeCrd": "-77.04976249",
    "statePlaneXCrd": "11895901.65250000",
    "statePlaneYCrd": "6996884.37312500",
    "handicapInd": true,
    "timeRestrictionDsc": "MON - SAT 8AM - 8PM",
    "maxHoursCnt": "4.0",
    "meterTypeDsc": "Single",
    "dollarPerHourRate": "1.75",
    "activeStatusInd": true,
    "zoneSpaceCnt": "1.00",
    "metroAreaName": "Crystal City"
  },
  {
    "parkingTransactionKey": 281,
    "transactionSourceCode": "IPS",
    "meterId": "AD905S",
    "zoneNbr": "54669",
    "startDtm": "2016-12-31T13:56:48.000Z",
    "endDtm": "2016-12-31T13:56:48.000Z",
    "transactionAmt": "0.50",
    "paymentTypeName": "Coins",
    "transactionStatusCode": null,
    "meterManufacturerName": "IPS",
    "blockNbr": 900,
    "sourceStreetDisplayName": "S ADAMS ST",
    "sideDirectionName": "West",
    "latitudeCrd": "38.86399214",
    "longitudeCrd": "-77.08347786",
    "statePlaneXCrd": "11886239.07562500",
    "statePlaneYCrd": "7000808.04187500",
    "handicapInd": false,
    "timeRestrictionDsc": "MON - SAT 8AM - 8PM",
    "maxHoursCnt": "2.0",
    "meterTypeDsc": "Double",
    "dollarPerHourRate": "1.75",
    "activeStatusInd": false,
    "zoneSpaceCnt": "2.00",
    "metroAreaName": "Columbia Pike"
  },
  {
    "parkingTransactionKey": 285,
    "transactionSourceCode": "IPS",
    "meterId": "15H2013N",
    "zoneNbr": "54673",
    "startDtm": "2016-12-31T13:53:36.000Z",
    "endDtm": "2016-12-31T14:07:30.000Z",
    "transactionAmt": "0.10",
    "paymentTypeName": "Coins",
    "transactionStatusCode": null,
    "meterManufacturerName": "IPS",
    "blockNbr": 2000,
    "sourceStreetDisplayName": "15th ST N",
    "sideDirectionName": "North",
    "latitudeCrd": "38.89101466",
    "longitudeCrd": "-77.08243364",
    "statePlaneXCrd": "11886159.31625000",
    "statePlaneYCrd": "7010626.19875000",
    "handicapInd": true,
    "timeRestrictionDsc": "MON - SAT 8AM - 8PM",
    "maxHoursCnt": "4.0",
    "meterTypeDsc": "Single",
    "dollarPerHourRate": "1.75",
    "activeStatusInd": false,
    "zoneSpaceCnt": "1.00",
    "metroAreaName": "Courthouse"
  },
  {
    "parkingTransactionKey": 286,
    "transactionSourceCode": "IPS",
    "meterId": "15H2013N",
    "zoneNbr": "54673",
    "startDtm": "2016-12-31T13:53:30.000Z",
    "endDtm": "2016-12-31T14:03:30.000Z",
    "transactionAmt": "0.25",
    "paymentTypeName": "Coins",
    "transactionStatusCode": null,
    "meterManufacturerName": "IPS",
    "blockNbr": 2000,
    "sourceStreetDisplayName": "15th ST N",
    "sideDirectionName": "North",
    "latitudeCrd": "38.89101466",
    "longitudeCrd": "-77.08243364",
    "statePlaneXCrd": "11886159.31625000",
    "statePlaneYCrd": "7010626.19875000",
    "handicapInd": true,
    "timeRestrictionDsc": "MON - SAT 8AM - 8PM",
    "maxHoursCnt": "4.0",
    "meterTypeDsc": "Single",
    "dollarPerHourRate": "1.75",
    "activeStatusInd": false,
    "zoneSpaceCnt": "1.00",
    "metroAreaName": "Courthouse"
  },
  {
    "parkingTransactionKey": 287,
    "transactionSourceCode": "IPS",
    "meterId": "HI1103N",
    "zoneNbr": "54251",
    "startDtm": "2016-12-31T13:52:27.000Z",
    "endDtm": "2016-12-31T15:12:27.000Z",
    "transactionAmt": "2.00",
    "paymentTypeName": "Credit Card",
    "transactionStatusCode": "Approved",
    "meterManufacturerName": "IPS",
    "blockNbr": 1100,
    "sourceStreetDisplayName": "N HIGHLAND ST",
    "sideDirectionName": "East",
    "latitudeCrd": "38.88591011",
    "longitudeCrd": "-77.09472110",
    "statePlaneXCrd": "11882915.18750000",
    "statePlaneYCrd": "7008743.26312500",
    "handicapInd": false,
    "timeRestrictionDsc": "MON - SAT 8AM - 8PM",
    "maxHoursCnt": "2.0",
    "meterTypeDsc": "Single",
    "dollarPerHourRate": "1.75",
    "activeStatusInd": false,
    "zoneSpaceCnt": "10.00",
    "metroAreaName": "Clarendon"
  },
  {
    "parkingTransactionKey": 291,
    "transactionSourceCode": "IPS",
    "meterId": "ELH1203S",
    "zoneNbr": "54664",
    "startDtm": "2016-12-31T13:48:44.000Z",
    "endDtm": "2016-12-31T14:08:44.000Z",
    "transactionAmt": "0.50",
    "paymentTypeName": "Coins",
    "transactionStatusCode": null,
    "meterManufacturerName": "IPS",
    "blockNbr": 1200,
    "sourceStreetDisplayName": "S ELM ST",
    "sideDirectionName": "East",
    "latitudeCrd": "38.86212107",
    "longitudeCrd": "-77.05545411",
    "statePlaneXCrd": "11894228.25312500",
    "statePlaneYCrd": "7000251.02124999",
    "handicapInd": true,
    "timeRestrictionDsc": "MON - SAT 8AM - 8PM",
    "maxHoursCnt": "4.0",
    "meterTypeDsc": "Double",
    "dollarPerHourRate": "1.50",
    "activeStatusInd": false,
    "zoneSpaceCnt": "4.00",
    "metroAreaName": "Pentagon City"
  },
  {
    "parkingTransactionKey": 292,
    "transactionSourceCode": "IPS",
    "meterId": "CLAH2310S",
    "zoneNbr": "54061",
    "startDtm": "2016-12-31T13:48:43.000Z",
    "endDtm": "2016-12-31T15:18:13.000Z",
    "transactionAmt": "0.25",
    "paymentTypeName": "Coins",
    "transactionStatusCode": null,
    "meterManufacturerName": "IPS",
    "blockNbr": 2300,
    "sourceStreetDisplayName": "S CLARK ST",
    "sideDirectionName": "West",
    "latitudeCrd": "38.85270628",
    "longitudeCrd": "-77.05210596",
    "statePlaneXCrd": "11895235.58437500",
    "statePlaneYCrd": "6996837.61187500",
    "handicapInd": true,
    "timeRestrictionDsc": "MON - SAT 8AM - 8PM",
    "maxHoursCnt": "4.0",
    "meterTypeDsc": "Single",
    "dollarPerHourRate": "1.50",
    "activeStatusInd": false,
    "zoneSpaceCnt": "5.00",
    "metroAreaName": "Crystal City"
  },
  {
    "parkingTransactionKey": 296,
    "transactionSourceCode": "IPS",
    "meterId": "Wi1001n",
    "zoneNbr": "54509",
    "startDtm": "2016-12-31T13:46:33.000Z",
    "endDtm": "2016-12-31T13:50:33.000Z",
    "transactionAmt": "0.10",
    "paymentTypeName": "Coins",
    "transactionStatusCode": null,
    "meterManufacturerName": "IPS",
    "blockNbr": 1000,
    "sourceStreetDisplayName": "WILSON BLVD",
    "sideDirectionName": "North",
    "latitudeCrd": "38.89468803",
    "longitudeCrd": "-77.06904618",
    "statePlaneXCrd": "11890173.58000000",
    "statePlaneYCrd": "7012049.87562500",
    "handicapInd": false,
    "timeRestrictionDsc": "MON - SAT 8AM - 8PM",
    "maxHoursCnt": "4.0",
    "meterTypeDsc": "Single",
    "dollarPerHourRate": "1.50",
    "activeStatusInd": false,
    "zoneSpaceCnt": "2.00",
    "metroAreaName": "Rosslyn"
  },
  {
    "parkingTransactionKey": 297,
    "transactionSourceCode": "IPS",
    "meterId": "20H201S",
    "zoneNbr": "54080",
    "startDtm": "2016-12-31T13:45:48.000Z",
    "endDtm": "2016-12-31T14:25:48.000Z",
    "transactionAmt": "1.00",
    "paymentTypeName": "Coins",
    "transactionStatusCode": null,
    "meterManufacturerName": "IPS",
    "blockNbr": 200,
    "sourceStreetDisplayName": "20th ST S",
    "sideDirectionName": "North",
    "latitudeCrd": "38.85622725",
    "longitudeCrd": "-77.04972723",
    "statePlaneXCrd": "11895892.66375000",
    "statePlaneYCrd": "6998130.47562499",
    "handicapInd": true,
    "timeRestrictionDsc": "MON - SAT 8AM - 8PM",
    "maxHoursCnt": "4.0",
    "meterTypeDsc": "Single",
    "dollarPerHourRate": "1.75",
    "activeStatusInd": false,
    "zoneSpaceCnt": "21.00",
    "metroAreaName": "Crystal City"
  },
  {
    "parkingTransactionKey": 300,
    "transactionSourceCode": "IPS",
    "meterId": "CB2504N",
    "zoneNbr": "54439",
    "startDtm": "2016-12-31T13:43:48.000Z",
    "endDtm": "2016-12-31T14:33:48.000Z",
    "transactionAmt": "1.25",
    "paymentTypeName": "Coins",
    "transactionStatusCode": null,
    "meterManufacturerName": "IPS",
    "blockNbr": 2500,
    "sourceStreetDisplayName": "CLARENDON BLVD",
    "sideDirectionName": "South",
    "latitudeCrd": "38.88919241",
    "longitudeCrd": "-77.08933184",
    "statePlaneXCrd": "11884431.39750000",
    "statePlaneYCrd": "7009959.24312501",
    "handicapInd": false,
    "timeRestrictionDsc": "MON - SAT 8AM - 8PM",
    "maxHoursCnt": "2.0",
    "meterTypeDsc": "Single",
    "dollarPerHourRate": "1.75",
    "activeStatusInd": false,
    "zoneSpaceCnt": "3.00",
    "metroAreaName": "Courthouse"
  },
  {
    "parkingTransactionKey": 303,
    "transactionSourceCode": "IPS",
    "meterId": "RAH2700S",
    "zoneNbr": "54322",
    "startDtm": "2016-12-31T13:39:18.000Z",
    "endDtm": "2016-12-31T14:28:18.000Z",
    "transactionAmt": "0.25",
    "paymentTypeName": "Coins",
    "transactionStatusCode": null,
    "meterManufacturerName": "IPS",
    "blockNbr": 2700,
    "sourceStreetDisplayName": "S RANDOLPH ST",
    "sideDirectionName": "West",
    "latitudeCrd": "38.84111222",
    "longitudeCrd": "-77.08882583",
    "statePlaneXCrd": "11884843.87062500",
    "statePlaneYCrd": "6992455.56999999",
    "handicapInd": true,
    "timeRestrictionDsc": "MON - SAT 8AM - 8PM",
    "maxHoursCnt": "4.0",
    "meterTypeDsc": "Single",
    "dollarPerHourRate": "1.75",
    "activeStatusInd": true,
    "zoneSpaceCnt": "1.00",
    "metroAreaName": "Shirlington"
  },
  {
    "parkingTransactionKey": 307,
    "transactionSourceCode": "IPS",
    "meterId": "GMH1619N",
    "zoneNbr": "54593",
    "startDtm": "2016-12-31T13:36:37.000Z",
    "endDtm": "2016-12-31T14:18:25.000Z",
    "transactionAmt": "0.55",
    "paymentTypeName": "Coins",
    "transactionStatusCode": null,
    "meterManufacturerName": "IPS",
    "blockNbr": 1600,
    "sourceStreetDisplayName": "N GEORGE MASON DR",
    "sideDirectionName": "East",
    "latitudeCrd": "38.88843750",
    "longitudeCrd": "-77.12827917",
    "statePlaneXCrd": "11873350.18437500",
    "statePlaneYCrd": "7009519.16625001",
    "handicapInd": true,
    "timeRestrictionDsc": "MON - SAT 8AM - 8PM",
    "maxHoursCnt": "4.0",
    "meterTypeDsc": "Single",
    "dollarPerHourRate": "1.75",
    "activeStatusInd": true,
    "zoneSpaceCnt": "5.00",
    "metroAreaName": "Virginia Hospital"
  },
  {
    "parkingTransactionKey": 308,
    "transactionSourceCode": "IPS",
    "meterId": "GMH1619N",
    "zoneNbr": "54593",
    "startDtm": "2016-12-31T13:36:25.000Z",
    "endDtm": "2016-12-31T13:56:25.000Z",
    "transactionAmt": "0.50",
    "paymentTypeName": "Coins",
    "transactionStatusCode": null,
    "meterManufacturerName": "IPS",
    "blockNbr": 1600,
    "sourceStreetDisplayName": "N GEORGE MASON DR",
    "sideDirectionName": "East",
    "latitudeCrd": "38.88843750",
    "longitudeCrd": "-77.12827917",
    "statePlaneXCrd": "11873350.18437500",
    "statePlaneYCrd": "7009519.16625001",
    "handicapInd": true,
    "timeRestrictionDsc": "MON - SAT 8AM - 8PM",
    "maxHoursCnt": "4.0",
    "meterTypeDsc": "Single",
    "dollarPerHourRate": "1.75",
    "activeStatusInd": true,
    "zoneSpaceCnt": "5.00",
    "metroAreaName": "Virginia Hospital"
  },
  {
    "parkingTransactionKey": 311,
    "transactionSourceCode": "IPS",
    "meterId": "JO1323S",
    "zoneNbr": "54377",
    "startDtm": "2016-12-31T13:33:02.000Z",
    "endDtm": "2016-12-31T13:43:02.000Z",
    "transactionAmt": "0.25",
    "paymentTypeName": "Coins",
    "transactionStatusCode": null,
    "meterManufacturerName": "IPS",
    "blockNbr": 1300,
    "sourceStreetDisplayName": "S JOYCE ST",
    "sideDirectionName": "East",
    "latitudeCrd": "38.86298483",
    "longitudeCrd": "-77.06349067",
    "statePlaneXCrd": "11891934.54187500",
    "statePlaneYCrd": "7000532.47750001",
    "handicapInd": false,
    "timeRestrictionDsc": "MON - SAT 8AM - 8PM",
    "maxHoursCnt": "0.5",
    "meterTypeDsc": "Single",
    "dollarPerHourRate": "1.75",
    "activeStatusInd": false,
    "zoneSpaceCnt": "2.00",
    "metroAreaName": "Pentagon City"
  },
  {
    "parkingTransactionKey": 317,
    "transactionSourceCode": "IPS",
    "meterId": "AD905S",
    "zoneNbr": "54669",
    "startDtm": "2016-12-31T13:26:31.000Z",
    "endDtm": "2016-12-31T13:26:31.000Z",
    "transactionAmt": "0.25",
    "paymentTypeName": "Coins",
    "transactionStatusCode": null,
    "meterManufacturerName": "IPS",
    "blockNbr": 900,
    "sourceStreetDisplayName": "S ADAMS ST",
    "sideDirectionName": "West",
    "latitudeCrd": "38.86399214",
    "longitudeCrd": "-77.08347786",
    "statePlaneXCrd": "11886239.07562500",
    "statePlaneYCrd": "7000808.04187500",
    "handicapInd": false,
    "timeRestrictionDsc": "MON - SAT 8AM - 8PM",
    "maxHoursCnt": "2.0",
    "meterTypeDsc": "Double",
    "dollarPerHourRate": "1.75",
    "activeStatusInd": false,
    "zoneSpaceCnt": "2.00",
    "metroAreaName": "Columbia Pike"
  },
  {
    "parkingTransactionKey": 318,
    "transactionSourceCode": "IPS",
    "meterId": "AD905S",
    "zoneNbr": "54669",
    "startDtm": "2016-12-31T13:26:26.000Z",
    "endDtm": "2016-12-31T13:26:26.000Z",
    "transactionAmt": "0.25",
    "paymentTypeName": "Coins",
    "transactionStatusCode": null,
    "meterManufacturerName": "IPS",
    "blockNbr": 900,
    "sourceStreetDisplayName": "S ADAMS ST",
    "sideDirectionName": "West",
    "latitudeCrd": "38.86399214",
    "longitudeCrd": "-77.08347786",
    "statePlaneXCrd": "11886239.07562500",
    "statePlaneYCrd": "7000808.04187500",
    "handicapInd": false,
    "timeRestrictionDsc": "MON - SAT 8AM - 8PM",
    "maxHoursCnt": "2.0",
    "meterTypeDsc": "Double",
    "dollarPerHourRate": "1.75",
    "activeStatusInd": false,
    "zoneSpaceCnt": "2.00",
    "metroAreaName": "Columbia Pike"
  },
  {
    "parkingTransactionKey": 99,
    "transactionSourceCode": "IPS",
    "meterId": "WIH2804N",
    "zoneNbr": "54315",
    "startDtm": "2015-12-31T12:09:01.000Z",
    "endDtm": "2015-12-31T12:29:01.000Z",
    "transactionAmt": "0.50",
    "paymentTypeName": "Coins",
    "transactionStatusCode": null,
    "meterManufacturerName": "IPS",
    "blockNbr": 2800,
    "sourceStreetDisplayName": "WILSON BLVD",
    "sideDirectionName": "South",
    "latitudeCrd": "38.88877916",
    "longitudeCrd": "-77.09282710",
    "statePlaneXCrd": "11883438.23750000",
    "statePlaneYCrd": "7009796.30812500",
    "handicapInd": true,
    "timeRestrictionDsc": "MON - SAT 8AM - 8PM",
    "maxHoursCnt": "4.0",
    "meterTypeDsc": "Single",
    "dollarPerHourRate": "1.75",
    "activeStatusInd": true,
    "zoneSpaceCnt": "1.00",
    "metroAreaName": "Clarendon"
  },
  {
    "parkingTransactionKey": 102,
    "transactionSourceCode": "IPS",
    "meterId": "191108N",
    "zoneNbr": "54520",
    "startDtm": "2015-12-31T12:02:56.000Z",
    "endDtm": "2015-12-31T12:31:26.000Z",
    "transactionAmt": "0.20",
    "paymentTypeName": "Coins",
    "transactionStatusCode": null,
    "meterManufacturerName": "IPS",
    "blockNbr": 1100,
    "sourceStreetDisplayName": "19TH ST N",
    "sideDirectionName": "East",
    "latitudeCrd": "38.89699404",
    "longitudeCrd": "-77.07006334",
    "statePlaneXCrd": "11889871.03187500",
    "statePlaneYCrd": "7012885.11437500",
    "handicapInd": false,
    "timeRestrictionDsc": "MON-SAT 8AM-6PM",
    "maxHoursCnt": "4.0",
    "meterTypeDsc": "Double",
    "dollarPerHourRate": "1.50",
    "activeStatusInd": false,
    "zoneSpaceCnt": "5.00",
    "metroAreaName": "Rosslyn"
  },
  {
    "parkingTransactionKey": 108,
    "transactionSourceCode": "IPS",
    "meterId": "QUH2808S",
    "zoneNbr": "54018",
    "startDtm": "2015-12-31T11:49:33.000Z",
    "endDtm": "2015-12-31T12:49:33.000Z",
    "transactionAmt": "1.50",
    "paymentTypeName": "Credit Card",
    "transactionStatusCode": "Approved",
    "meterManufacturerName": "IPS",
    "blockNbr": 2800,
    "sourceStreetDisplayName": "S QUINCY ST",
    "sideDirectionName": "West",
    "latitudeCrd": "38.84038825",
    "longitudeCrd": "-77.08692946",
    "statePlaneXCrd": "11885388.00562500",
    "statePlaneYCrd": "6992200.23999999",
    "handicapInd": true,
    "timeRestrictionDsc": "MON - SAT 8AM - 8PM",
    "maxHoursCnt": "1.0",
    "meterTypeDsc": "Single",
    "dollarPerHourRate": "1.75",
    "activeStatusInd": true,
    "zoneSpaceCnt": "1.00",
    "metroAreaName": "Shirlington"
  },
  {
    "parkingTransactionKey": 111,
    "transactionSourceCode": "IPS",
    "meterId": "CBH3110N",
    "zoneNbr": "54297",
    "startDtm": "2015-12-31T11:44:25.000Z",
    "endDtm": "2015-12-31T11:54:25.000Z",
    "transactionAmt": "0.25",
    "paymentTypeName": "Coins",
    "transactionStatusCode": null,
    "meterManufacturerName": "IPS",
    "blockNbr": 3100,
    "sourceStreetDisplayName": "CLARENDON BLVD",
    "sideDirectionName": "South",
    "latitudeCrd": "38.88644395",
    "longitudeCrd": "-77.09572992",
    "statePlaneXCrd": "11882625.08375000",
    "statePlaneYCrd": "7008933.26875000",
    "handicapInd": true,
    "timeRestrictionDsc": "MON - SAT 8AM - 8PM",
    "maxHoursCnt": "4.0",
    "meterTypeDsc": "Single",
    "dollarPerHourRate": "1.75",
    "activeStatusInd": true,
    "zoneSpaceCnt": "1.00",
    "metroAreaName": "Clarendon"
  },
  {
    "parkingTransactionKey": 114,
    "transactionSourceCode": "IPS",
    "meterId": "317N",
    "zoneNbr": "54469",
    "startDtm": "2015-12-31T11:36:21.000Z",
    "endDtm": "2015-12-31T11:46:21.000Z",
    "transactionAmt": "0.25",
    "paymentTypeName": "Coins",
    "transactionStatusCode": null,
    "meterManufacturerName": "IPS",
    "blockNbr": 1400,
    "sourceStreetDisplayName": "N COURTHOUSE RD",
    "sideDirectionName": "North",
    "latitudeCrd": "38.89058732",
    "longitudeCrd": "-77.08467526",
    "statePlaneXCrd": "11885748.84937500",
    "statePlaneYCrd": "7010487.61062500",
    "handicapInd": false,
    "timeRestrictionDsc": "MON - FRI 8AM - 8PM, SAT 6AM - 12PM",
    "maxHoursCnt": "1.0",
    "meterTypeDsc": "Single",
    "dollarPerHourRate": "1.75",
    "activeStatusInd": false,
    "zoneSpaceCnt": "2.00",
    "metroAreaName": "Courthouse"
  },
  {
    "parkingTransactionKey": 116,
    "transactionSourceCode": "IPS",
    "meterId": "GLBH601N",
    "zoneNbr": "54144",
    "startDtm": "2015-12-31T11:27:01.000Z",
    "endDtm": "2015-12-31T11:57:01.000Z",
    "transactionAmt": "0.75",
    "paymentTypeName": "Coins",
    "transactionStatusCode": null,
    "meterManufacturerName": "IPS",
    "blockNbr": 600,
    "sourceStreetDisplayName": "N GLEBE RD",
    "sideDirectionName": "East",
    "latitudeCrd": "38.87892311",
    "longitudeCrd": "-77.11192120",
    "statePlaneXCrd": "11878058.20187500",
    "statePlaneYCrd": "7006124.39500000",
    "handicapInd": true,
    "timeRestrictionDsc": "MON - SAT 8AM - 8PM",
    "maxHoursCnt": "4.0",
    "meterTypeDsc": "Double",
    "dollarPerHourRate": "1.75",
    "activeStatusInd": true,
    "zoneSpaceCnt": "2.00",
    "metroAreaName": "Ballston"
  },
  {
    "parkingTransactionKey": 123,
    "transactionSourceCode": "IPS",
    "meterId": "317N",
    "zoneNbr": "54469",
    "startDtm": "2015-12-31T10:47:38.000Z",
    "endDtm": "2015-12-31T11:07:38.000Z",
    "transactionAmt": "0.50",
    "paymentTypeName": "Coins",
    "transactionStatusCode": null,
    "meterManufacturerName": "IPS",
    "blockNbr": 1400,
    "sourceStreetDisplayName": "N COURTHOUSE RD",
    "sideDirectionName": "North",
    "latitudeCrd": "38.89058732",
    "longitudeCrd": "-77.08467526",
    "statePlaneXCrd": "11885748.84937500",
    "statePlaneYCrd": "7010487.61062500",
    "handicapInd": false,
    "timeRestrictionDsc": "MON - FRI 8AM - 8PM, SAT 6AM - 12PM",
    "maxHoursCnt": "1.0",
    "meterTypeDsc": "Single",
    "dollarPerHourRate": "1.75",
    "activeStatusInd": false,
    "zoneSpaceCnt": "2.00",
    "metroAreaName": "Courthouse"
  },
  {
    "parkingTransactionKey": 124,
    "transactionSourceCode": "IPS",
    "meterId": "GMH1623N",
    "zoneNbr": "54593",
    "startDtm": "2015-12-31T10:42:22.000Z",
    "endDtm": "2015-12-31T11:02:09.000Z",
    "transactionAmt": "0.25",
    "paymentTypeName": "Coins",
    "transactionStatusCode": null,
    "meterManufacturerName": "IPS",
    "blockNbr": 1600,
    "sourceStreetDisplayName": "N GEORGE MASON DR",
    "sideDirectionName": "East",
    "latitudeCrd": "38.88855623",
    "longitudeCrd": "-77.12834827",
    "statePlaneXCrd": "11873329.87375000",
    "statePlaneYCrd": "7009562.10812500",
    "handicapInd": true,
    "timeRestrictionDsc": "MON - SAT 8AM - 8PM",
    "maxHoursCnt": "4.0",
    "meterTypeDsc": "Single",
    "dollarPerHourRate": "1.75",
    "activeStatusInd": true,
    "zoneSpaceCnt": "5.00",
    "metroAreaName": "Virginia Hospital"
  },
  {
    "parkingTransactionKey": 126,
    "transactionSourceCode": "IPS",
    "meterId": "Spares (Arlington VA)",
    "zoneNbr": null,
    "startDtm": "2015-12-31T10:29:48.000Z",
    "endDtm": "2015-12-31T11:09:48.000Z",
    "transactionAmt": "0.50",
    "paymentTypeName": "Coins",
    "transactionStatusCode": null,
    "meterManufacturerName": null,
    "blockNbr": null,
    "sourceStreetDisplayName": null,
    "sideDirectionName": null,
    "latitudeCrd": null,
    "longitudeCrd": null,
    "statePlaneXCrd": null,
    "statePlaneYCrd": null,
    "handicapInd": null,
    "timeRestrictionDsc": null,
    "maxHoursCnt": null,
    "meterTypeDsc": null,
    "dollarPerHourRate": null,
    "activeStatusInd": false,
    "zoneSpaceCnt": null,
    "metroAreaName": null
  },
  {
    "parkingTransactionKey": 130,
    "transactionSourceCode": "IPS",
    "meterId": "GMH1621N",
    "zoneNbr": "54593",
    "startDtm": "2015-12-31T09:45:12.000Z",
    "endDtm": "2015-12-31T10:55:09.000Z",
    "transactionAmt": "0.25",
    "paymentTypeName": "Coins",
    "transactionStatusCode": null,
    "meterManufacturerName": "IPS",
    "blockNbr": 1600,
    "sourceStreetDisplayName": "N GEORGE MASON DR",
    "sideDirectionName": "East",
    "latitudeCrd": "38.88850486",
    "longitudeCrd": "-77.12831662",
    "statePlaneXCrd": "11873339.15875000",
    "statePlaneYCrd": "7009543.53874999",
    "handicapInd": true,
    "timeRestrictionDsc": "MON - SAT 8AM - 8PM",
    "maxHoursCnt": "4.0",
    "meterTypeDsc": "Single",
    "dollarPerHourRate": "1.75",
    "activeStatusInd": true,
    "zoneSpaceCnt": "5.00",
    "metroAreaName": "Virginia Hospital"
  },
  {
    "parkingTransactionKey": 137,
    "transactionSourceCode": "IPS",
    "meterId": "H315N",
    "zoneNbr": "54468",
    "startDtm": "2015-12-31T09:20:57.000Z",
    "endDtm": "2015-12-31T09:42:57.000Z",
    "transactionAmt": "0.55",
    "paymentTypeName": "Coins",
    "transactionStatusCode": null,
    "meterManufacturerName": "IPS",
    "blockNbr": 1400,
    "sourceStreetDisplayName": "N COURTHOUSE RD",
    "sideDirectionName": "West",
    "latitudeCrd": "38.89039712",
    "longitudeCrd": "-77.08484048",
    "statePlaneXCrd": "11885702.89312500",
    "statePlaneYCrd": "7010417.62187500",
    "handicapInd": true,
    "timeRestrictionDsc": "MON - FRI 8AM - 8PM, SAT 6AM - 12PM",
    "maxHoursCnt": "12.0",
    "meterTypeDsc": "Single",
    "dollarPerHourRate": "1.50",
    "activeStatusInd": false,
    "zoneSpaceCnt": "3.00",
    "metroAreaName": "Courthouse"
  },
  {
    "parkingTransactionKey": 138,
    "transactionSourceCode": "IPS",
    "meterId": "GMH1625N",
    "zoneNbr": "54593",
    "startDtm": "2015-12-31T09:19:54.000Z",
    "endDtm": "2015-12-31T10:29:42.000Z",
    "transactionAmt": "0.50",
    "paymentTypeName": "Coins",
    "transactionStatusCode": null,
    "meterManufacturerName": "IPS",
    "blockNbr": 1600,
    "sourceStreetDisplayName": "N GEORGE MASON DR",
    "sideDirectionName": "East",
    "latitudeCrd": "38.88859993",
    "longitudeCrd": "-77.12840656",
    "statePlaneXCrd": "11873313.04500000",
    "statePlaneYCrd": "7009577.77625000",
    "handicapInd": true,
    "timeRestrictionDsc": "MON - SAT 8AM - 8PM",
    "maxHoursCnt": "4.0",
    "meterTypeDsc": "Single",
    "dollarPerHourRate": "1.75",
    "activeStatusInd": true,
    "zoneSpaceCnt": "5.00",
    "metroAreaName": "Virginia Hospital"
  },
  {
    "parkingTransactionKey": 140,
    "transactionSourceCode": "IPS",
    "meterId": "CBH3110N",
    "zoneNbr": "54297",
    "startDtm": "2015-12-31T08:46:09.000Z",
    "endDtm": "2015-12-31T09:26:09.000Z",
    "transactionAmt": "1.00",
    "paymentTypeName": "Coins",
    "transactionStatusCode": null,
    "meterManufacturerName": "IPS",
    "blockNbr": 3100,
    "sourceStreetDisplayName": "CLARENDON BLVD",
    "sideDirectionName": "South",
    "latitudeCrd": "38.88644395",
    "longitudeCrd": "-77.09572992",
    "statePlaneXCrd": "11882625.08375000",
    "statePlaneYCrd": "7008933.26875000",
    "handicapInd": true,
    "timeRestrictionDsc": "MON - SAT 8AM - 8PM",
    "maxHoursCnt": "4.0",
    "meterTypeDsc": "Single",
    "dollarPerHourRate": "1.75",
    "activeStatusInd": true,
    "zoneSpaceCnt": "1.00",
    "metroAreaName": "Clarendon"
  },
  {
    "parkingTransactionKey": 148,
    "transactionSourceCode": "IPS",
    "meterId": "CRH1400S",
    "zoneNbr": "54090",
    "startDtm": "2015-12-31T05:56:00.000Z",
    "endDtm": "2015-12-31T05:56:00.000Z",
    "transactionAmt": "0.25",
    "paymentTypeName": "Coins",
    "transactionStatusCode": null,
    "meterManufacturerName": "IPS",
    "blockNbr": 1400,
    "sourceStreetDisplayName": "CRYSTAL DR",
    "sideDirectionName": "West",
    "latitudeCrd": "38.86117209",
    "longitudeCrd": "-77.04944405",
    "statePlaneXCrd": "11895944.13937500",
    "statePlaneYCrd": "6999935.25000000",
    "handicapInd": true,
    "timeRestrictionDsc": "MON - FRI 8AM - 8PM",
    "maxHoursCnt": "12.0",
    "meterTypeDsc": "Single",
    "dollarPerHourRate": "1.50",
    "activeStatusInd": true,
    "zoneSpaceCnt": "2.00",
    "metroAreaName": "Crystal City"
  },
  {
    "parkingTransactionKey": 150,
    "transactionSourceCode": "IPS",
    "meterId": "CRH1400S",
    "zoneNbr": "54090",
    "startDtm": "2015-12-31T05:55:34.000Z",
    "endDtm": "2015-12-31T05:55:34.000Z",
    "transactionAmt": "0.25",
    "paymentTypeName": "Coins",
    "transactionStatusCode": null,
    "meterManufacturerName": "IPS",
    "blockNbr": 1400,
    "sourceStreetDisplayName": "CRYSTAL DR",
    "sideDirectionName": "West",
    "latitudeCrd": "38.86117209",
    "longitudeCrd": "-77.04944405",
    "statePlaneXCrd": "11895944.13937500",
    "statePlaneYCrd": "6999935.25000000",
    "handicapInd": true,
    "timeRestrictionDsc": "MON - FRI 8AM - 8PM",
    "maxHoursCnt": "12.0",
    "meterTypeDsc": "Single",
    "dollarPerHourRate": "1.50",
    "activeStatusInd": true,
    "zoneSpaceCnt": "2.00",
    "metroAreaName": "Crystal City"
  },
  {
    "parkingTransactionKey": 154,
    "transactionSourceCode": "IPS",
    "meterId": "ULH1521N",
    "zoneNbr": "54410",
    "startDtm": "2015-12-17T09:49:58.000Z",
    "endDtm": "2015-12-17T13:48:36.000Z",
    "transactionAmt": "0.50",
    "paymentTypeName": "Coins",
    "transactionStatusCode": null,
    "meterManufacturerName": "IPS",
    "blockNbr": 1500,
    "sourceStreetDisplayName": "N UHLE ST",
    "sideDirectionName": null,
    "latitudeCrd": "38.89120974",
    "longitudeCrd": "-77.08473781",
    "statePlaneXCrd": "11885727.55187500",
    "statePlaneYCrd": "7010713.99562500",
    "handicapInd": true,
    "timeRestrictionDsc": "MON - SAT 8AM - 8PM",
    "maxHoursCnt": "4.0",
    "meterTypeDsc": "Double",
    "dollarPerHourRate": "1.50",
    "activeStatusInd": false,
    "zoneSpaceCnt": "1.00",
    "metroAreaName": "Courthouse"
  },
  {
    "parkingTransactionKey": 156,
    "transactionSourceCode": "IPS",
    "meterId": "ULH1521N",
    "zoneNbr": "54410",
    "startDtm": "2015-12-17T09:48:36.000Z",
    "endDtm": "2015-12-17T11:48:36.000Z",
    "transactionAmt": "2.50",
    "paymentTypeName": "Coins",
    "transactionStatusCode": null,
    "meterManufacturerName": "IPS",
    "blockNbr": 1500,
    "sourceStreetDisplayName": "N UHLE ST",
    "sideDirectionName": null,
    "latitudeCrd": "38.89120974",
    "longitudeCrd": "-77.08473781",
    "statePlaneXCrd": "11885727.55187500",
    "statePlaneYCrd": "7010713.99562500",
    "handicapInd": true,
    "timeRestrictionDsc": "MON - SAT 8AM - 8PM",
    "maxHoursCnt": "4.0",
    "meterTypeDsc": "Double",
    "dollarPerHourRate": "1.50",
    "activeStatusInd": false,
    "zoneSpaceCnt": "1.00",
    "metroAreaName": "Courthouse"
  },
  {
    "parkingTransactionKey": 167,
    "transactionSourceCode": "IPS",
    "meterId": "FA4316N",
    "zoneNbr": "54632",
    "startDtm": "2016-12-31T17:37:42.000Z",
    "endDtm": "2016-12-31T18:00:00.000Z",
    "transactionAmt": "1.00",
    "paymentTypeName": "Credit Card",
    "transactionStatusCode": "Approved",
    "meterManufacturerName": "IPS",
    "blockNbr": 4300,
    "sourceStreetDisplayName": "FAIRFAX DR",
    "sideDirectionName": "East",
    "latitudeCrd": "38.88197742",
    "longitudeCrd": "-77.11522929",
    "statePlaneXCrd": "11877100.48875000",
    "statePlaneYCrd": "7007219.60562500",
    "handicapInd": false,
    "timeRestrictionDsc": "MON - SAT 8AM - 8PM",
    "maxHoursCnt": "4.0",
    "meterTypeDsc": "Single",
    "dollarPerHourRate": "1.75",
    "activeStatusInd": false,
    "zoneSpaceCnt": "2.00",
    "metroAreaName": "Ballston"
  },
  {
    "parkingTransactionKey": 149,
    "transactionSourceCode": "IPS",
    "meterId": "CRH1400S",
    "zoneNbr": "54090",
    "startDtm": "2015-12-31T05:55:46.000Z",
    "endDtm": "2015-12-31T05:55:46.000Z",
    "transactionAmt": "0.10",
    "paymentTypeName": "Coins",
    "transactionStatusCode": null,
    "meterManufacturerName": "IPS",
    "blockNbr": 1400,
    "sourceStreetDisplayName": "CRYSTAL DR",
    "sideDirectionName": "West",
    "latitudeCrd": "38.86117209",
    "longitudeCrd": "-77.04944405",
    "statePlaneXCrd": "11895944.13937500",
    "statePlaneYCrd": "6999935.25000000",
    "handicapInd": true,
    "timeRestrictionDsc": "MON - FRI 8AM - 8PM",
    "maxHoursCnt": "12.0",
    "meterTypeDsc": "Single",
    "dollarPerHourRate": "1.50",
    "activeStatusInd": true,
    "zoneSpaceCnt": "2.00",
    "metroAreaName": "Crystal City"
  },
  {
    "parkingTransactionKey": 151,
    "transactionSourceCode": "IPS",
    "meterId": "CRH1400S",
    "zoneNbr": "54090",
    "startDtm": "2015-12-31T05:55:09.000Z",
    "endDtm": "2015-12-31T05:55:09.000Z",
    "transactionAmt": "0.05",
    "paymentTypeName": "Coins",
    "transactionStatusCode": null,
    "meterManufacturerName": "IPS",
    "blockNbr": 1400,
    "sourceStreetDisplayName": "CRYSTAL DR",
    "sideDirectionName": "West",
    "latitudeCrd": "38.86117209",
    "longitudeCrd": "-77.04944405",
    "statePlaneXCrd": "11895944.13937500",
    "statePlaneYCrd": "6999935.25000000",
    "handicapInd": true,
    "timeRestrictionDsc": "MON - FRI 8AM - 8PM",
    "maxHoursCnt": "12.0",
    "meterTypeDsc": "Single",
    "dollarPerHourRate": "1.50",
    "activeStatusInd": true,
    "zoneSpaceCnt": "2.00",
    "metroAreaName": "Crystal City"
  },
  {
    "parkingTransactionKey": 153,
    "transactionSourceCode": "IPS",
    "meterId": "9H4000N",
    "zoneNbr": "54161",
    "startDtm": "2015-12-30T08:44:27.000Z",
    "endDtm": "2015-12-30T12:34:27.000Z",
    "transactionAmt": "5.75",
    "paymentTypeName": "Credit Card",
    "transactionStatusCode": "Approved",
    "meterManufacturerName": "IPS",
    "blockNbr": 4000,
    "sourceStreetDisplayName": "9TH ST N",
    "sideDirectionName": "East",
    "latitudeCrd": "38.88102361",
    "longitudeCrd": "-77.10885734",
    "statePlaneXCrd": "11878919.42812500",
    "statePlaneYCrd": "7006899.69125000",
    "handicapInd": true,
    "timeRestrictionDsc": "MON - SAT 8AM - 8PM",
    "maxHoursCnt": "4.0",
    "meterTypeDsc": "Double",
    "dollarPerHourRate": "1.75",
    "activeStatusInd": false,
    "zoneSpaceCnt": "1.00",
    "metroAreaName": "Ballston"
  },
  {
    "parkingTransactionKey": 155,
    "transactionSourceCode": "IPS",
    "meterId": "ULH1521N",
    "zoneNbr": "54410",
    "startDtm": "2015-12-17T09:49:09.000Z",
    "endDtm": "2015-12-17T13:24:36.000Z",
    "transactionAmt": "2.00",
    "paymentTypeName": "Coins",
    "transactionStatusCode": null,
    "meterManufacturerName": "IPS",
    "blockNbr": 1500,
    "sourceStreetDisplayName": "N UHLE ST",
    "sideDirectionName": null,
    "latitudeCrd": "38.89120974",
    "longitudeCrd": "-77.08473781",
    "statePlaneXCrd": "11885727.55187500",
    "statePlaneYCrd": "7010713.99562500",
    "handicapInd": true,
    "timeRestrictionDsc": "MON - SAT 8AM - 8PM",
    "maxHoursCnt": "4.0",
    "meterTypeDsc": "Double",
    "dollarPerHourRate": "1.50",
    "activeStatusInd": false,
    "zoneSpaceCnt": "1.00",
    "metroAreaName": "Courthouse"
  },
  {
    "parkingTransactionKey": 157,
    "transactionSourceCode": "IPS",
    "meterId": "ULH1521N",
    "zoneNbr": "54410",
    "startDtm": "2015-12-17T08:30:33.000Z",
    "endDtm": "2015-12-17T09:30:33.000Z",
    "transactionAmt": "1.25",
    "paymentTypeName": "Coins",
    "transactionStatusCode": null,
    "meterManufacturerName": "IPS",
    "blockNbr": 1500,
    "sourceStreetDisplayName": "N UHLE ST",
    "sideDirectionName": null,
    "latitudeCrd": "38.89120974",
    "longitudeCrd": "-77.08473781",
    "statePlaneXCrd": "11885727.55187500",
    "statePlaneYCrd": "7010713.99562500",
    "handicapInd": true,
    "timeRestrictionDsc": "MON - SAT 8AM - 8PM",
    "maxHoursCnt": "4.0",
    "meterTypeDsc": "Double",
    "dollarPerHourRate": "1.50",
    "activeStatusInd": false,
    "zoneSpaceCnt": "1.00",
    "metroAreaName": "Courthouse"
  }
]
[2024-10-29 01:48:57,077] {taskinstance.py:1400} INFO - Marking task as SUCCESS. dag_id=parking_pipeline, task_id=extract_user, execution_date=20241022T031810, start_date=20241029T014855, end_date=20241029T014857
[2024-10-29 01:48:57,119] {local_task_job.py:156} INFO - Task exited with return code 0
[2024-10-29 01:48:57,164] {local_task_job.py:273} INFO - 1 downstream tasks scheduled from follow-on schedule check
