[2022-12-26 20:26:26,799] {taskinstance.py:1159} INFO - Dependencies all met for <TaskInstance: parking_pipeline.create_table scheduled__2022-12-26T20:24:24.448414+00:00 [queued]>
[2022-12-26 20:26:26,818] {taskinstance.py:1159} INFO - Dependencies all met for <TaskInstance: parking_pipeline.create_table scheduled__2022-12-26T20:24:24.448414+00:00 [queued]>
[2022-12-26 20:26:26,819] {taskinstance.py:1356} INFO - 
--------------------------------------------------------------------------------
[2022-12-26 20:26:26,825] {taskinstance.py:1357} INFO - Starting attempt 1 of 2
[2022-12-26 20:26:26,826] {taskinstance.py:1358} INFO - 
--------------------------------------------------------------------------------
[2022-12-26 20:26:26,837] {taskinstance.py:1377} INFO - Executing <Task(PostgresOperator): create_table> on 2022-12-26 20:24:24.448414+00:00
[2022-12-26 20:26:26,844] {standard_task_runner.py:52} INFO - Started process 1443 to run task
[2022-12-26 20:26:26,849] {standard_task_runner.py:79} INFO - Running: ['***', 'tasks', 'run', 'parking_pipeline', 'create_table', 'scheduled__2022-12-26T20:24:24.448414+00:00', '--job-id', '65', '--raw', '--subdir', 'DAGS_FOLDER/parking_dag.py', '--cfg-path', '/tmp/tmp4qpbg5y_', '--error-file', '/tmp/tmpabja0u8i']
[2022-12-26 20:26:26,851] {standard_task_runner.py:80} INFO - Job 65: Subtask create_table
[2022-12-26 20:26:26,908] {task_command.py:369} INFO - Running <TaskInstance: parking_pipeline.create_table scheduled__2022-12-26T20:24:24.448414+00:00 [running]> on host 3d3eee352115
[2022-12-26 20:26:27,069] {taskinstance.py:1571} INFO - Exporting the following env vars:
AIRFLOW_CTX_DAG_OWNER=Airflow
AIRFLOW_CTX_DAG_ID=parking_pipeline
AIRFLOW_CTX_TASK_ID=create_table
AIRFLOW_CTX_EXECUTION_DATE=2022-12-26T20:24:24.448414+00:00
AIRFLOW_CTX_TRY_NUMBER=1
AIRFLOW_CTX_DAG_RUN_ID=scheduled__2022-12-26T20:24:24.448414+00:00
[2022-12-26 20:26:27,080] {base.py:68} INFO - Using connection ID 'postgres' for task execution.
[2022-12-26 20:26:27,087] {dbapi.py:208} INFO - Running statement: 
            drop table if exists parking_data;
            create table parking_data(
                parkingTransactionKey int not null,
                symbol text not null
            );
        , parameters: None
[2022-12-26 20:26:27,109] {taskinstance.py:1400} INFO - Marking task as SUCCESS. dag_id=parking_pipeline, task_id=create_table, execution_date=20221226T202424, start_date=20221226T202626, end_date=20221226T202627
[2022-12-26 20:26:27,148] {local_task_job.py:156} INFO - Task exited with return code 0
[2022-12-26 20:26:27,191] {local_task_job.py:273} INFO - 1 downstream tasks scheduled from follow-on schedule check
