[2022-12-23T22:30:24.197+0000] {taskinstance.py:1087} INFO - Dependencies all met for <TaskInstance: parking_pipeline.is_api_available __airflow_temporary_run_2022-12-23T20:40:24.476477+00:00__ [queued]>
[2022-12-23T22:30:24.248+0000] {taskinstance.py:1087} INFO - Dependencies all met for <TaskInstance: parking_pipeline.is_api_available __airflow_temporary_run_2022-12-23T20:40:24.476477+00:00__ [queued]>
[2022-12-23T22:30:24.255+0000] {taskinstance.py:1283} INFO - 
--------------------------------------------------------------------------------
[2022-12-23T22:30:24.260+0000] {taskinstance.py:1284} INFO - Starting attempt 2 of 2
[2022-12-23T22:30:24.261+0000] {taskinstance.py:1285} INFO - 
--------------------------------------------------------------------------------
[2022-12-23T22:30:24.287+0000] {taskinstance.py:1304} INFO - Executing <Task(HttpSensor): is_api_available> on 2022-12-23 20:40:24.476473+00:00
[2022-12-23T22:30:24.299+0000] {standard_task_runner.py:55} INFO - Started process 188 to run task
[2022-12-23T22:30:24.332+0000] {standard_task_runner.py:82} INFO - Running: ['***', 'tasks', 'run', 'parking_pipeline', 'is_api_available', '__***_temporary_run_2022-12-23T20:40:24.476477+00:00__', '--job-id', '101', '--raw', '--subdir', 'DAGS_FOLDER/parking_dag.py', '--cfg-path', '/tmp/tmpggfu6gfu']
[2022-12-23T22:30:24.349+0000] {standard_task_runner.py:83} INFO - Job 101: Subtask is_api_available
[2022-12-23T22:30:25.503+0000] {task_command.py:389} INFO - Running <TaskInstance: parking_pipeline.is_api_available __airflow_temporary_run_2022-12-23T20:40:24.476477+00:00__ [running]> on host 1437489fb73b
[2022-12-23T22:30:25.917+0000] {taskinstance.py:1513} INFO - Exporting the following env vars:
AIRFLOW_CTX_DAG_OWNER=Airflow
AIRFLOW_CTX_DAG_ID=parking_pipeline
AIRFLOW_CTX_TASK_ID=is_api_available
AIRFLOW_CTX_EXECUTION_DATE=2022-12-23T20:40:24.476473+00:00
AIRFLOW_CTX_TRY_NUMBER=2
AIRFLOW_CTX_DAG_RUN_ID=__***_temporary_run_2022-12-23T20:40:24.476477+00:00__
[2022-12-23T22:30:25.919+0000] {http.py:122} INFO - Poking: 
[2022-12-23T22:30:25.955+0000] {base.py:73} INFO - Using connection ID 'is_api_available' for task execution.
[2022-12-23T22:30:25.959+0000] {http.py:150} INFO - Sending 'GET' to url: https://datahub-v2.arlingtonva.us/api/ParkingMeter/ParkingTransactions
[2022-12-23T22:30:26.141+0000] {base.py:228} INFO - Success criteria met. Exiting.
[2022-12-23T22:30:26.219+0000] {taskinstance.py:1327} INFO - Marking task as SUCCESS. dag_id=parking_pipeline, task_id=is_api_available, execution_date=20221223T204024, start_date=20221223T223024, end_date=20221223T223026
[2022-12-23T22:30:26.382+0000] {local_task_job.py:159} INFO - Task exited with return code 0
[2022-12-23T22:30:27.013+0000] {taskinstance.py:2582} INFO - 1 downstream tasks scheduled from follow-on schedule check
