[2024-10-20 13:15:55,527] {taskinstance.py:1159} INFO - Dependencies all met for <TaskInstance: parking_pipeline.transform_data scheduled__2024-10-20T13:13:26.542506+00:00 [queued]>
[2024-10-20 13:15:55,544] {taskinstance.py:1159} INFO - Dependencies all met for <TaskInstance: parking_pipeline.transform_data scheduled__2024-10-20T13:13:26.542506+00:00 [queued]>
[2024-10-20 13:15:55,545] {taskinstance.py:1356} INFO - 
--------------------------------------------------------------------------------
[2024-10-20 13:15:55,546] {taskinstance.py:1357} INFO - Starting attempt 1 of 2
[2024-10-20 13:15:55,546] {taskinstance.py:1358} INFO - 
--------------------------------------------------------------------------------
[2024-10-20 13:15:55,570] {taskinstance.py:1377} INFO - Executing <Task(PythonOperator): transform_data> on 2024-10-20 13:13:26.542506+00:00
[2024-10-20 13:15:55,579] {standard_task_runner.py:52} INFO - Started process 83 to run task
[2024-10-20 13:15:55,582] {standard_task_runner.py:79} INFO - Running: ['***', 'tasks', 'run', 'parking_pipeline', 'transform_data', 'scheduled__2024-10-20T13:13:26.542506+00:00', '--job-id', '82', '--raw', '--subdir', 'DAGS_FOLDER/parking_dag.py', '--cfg-path', '/tmp/tmpb0libf3d', '--error-file', '/tmp/tmpwsu1rp4o']
[2024-10-20 13:15:55,584] {standard_task_runner.py:80} INFO - Job 82: Subtask transform_data
[2024-10-20 13:15:55,654] {task_command.py:369} INFO - Running <TaskInstance: parking_pipeline.transform_data scheduled__2024-10-20T13:13:26.542506+00:00 [running]> on host 1fca498fbeb9
[2024-10-20 13:15:55,750] {taskinstance.py:1571} INFO - Exporting the following env vars:
AIRFLOW_CTX_DAG_OWNER=Airflow
AIRFLOW_CTX_DAG_ID=parking_pipeline
AIRFLOW_CTX_TASK_ID=transform_data
AIRFLOW_CTX_EXECUTION_DATE=2024-10-20T13:13:26.542506+00:00
AIRFLOW_CTX_TRY_NUMBER=1
AIRFLOW_CTX_DAG_RUN_ID=scheduled__2024-10-20T13:13:26.542506+00:00
[2024-10-20 13:15:55,788] {python.py:173} INFO - Done. Returned value was: None
[2024-10-20 13:15:55,806] {taskinstance.py:1400} INFO - Marking task as SUCCESS. dag_id=parking_pipeline, task_id=transform_data, execution_date=20241020T131326, start_date=20241020T131555, end_date=20241020T131555
[2024-10-20 13:15:55,837] {local_task_job.py:156} INFO - Task exited with return code 0
[2024-10-20 13:15:55,884] {local_task_job.py:273} INFO - 1 downstream tasks scheduled from follow-on schedule check
