[2022-12-27 20:53:52,725] {taskinstance.py:1159} INFO - Dependencies all met for <TaskInstance: parking_pipeline.is_api_available manual__2022-12-27T20:53:51.176722+00:00 [queued]>
[2022-12-27 20:53:52,734] {taskinstance.py:1159} INFO - Dependencies all met for <TaskInstance: parking_pipeline.is_api_available manual__2022-12-27T20:53:51.176722+00:00 [queued]>
[2022-12-27 20:53:52,735] {taskinstance.py:1356} INFO - 
--------------------------------------------------------------------------------
[2022-12-27 20:53:52,736] {taskinstance.py:1357} INFO - Starting attempt 1 of 2
[2022-12-27 20:53:52,737] {taskinstance.py:1358} INFO - 
--------------------------------------------------------------------------------
[2022-12-27 20:53:52,749] {taskinstance.py:1377} INFO - Executing <Task(HttpSensor): is_api_available> on 2022-12-27 20:53:51.176722+00:00
[2022-12-27 20:53:52,755] {standard_task_runner.py:52} INFO - Started process 7820 to run task
[2022-12-27 20:53:52,759] {standard_task_runner.py:79} INFO - Running: ['***', 'tasks', 'run', 'parking_pipeline', 'is_api_available', 'manual__2022-12-27T20:53:51.176722+00:00', '--job-id', '312', '--raw', '--subdir', 'DAGS_FOLDER/parking_dag.py', '--cfg-path', '/tmp/tmp9921t0ee', '--error-file', '/tmp/tmpbnkvhzey']
[2022-12-27 20:53:52,760] {standard_task_runner.py:80} INFO - Job 312: Subtask is_api_available
[2022-12-27 20:53:52,816] {task_command.py:369} INFO - Running <TaskInstance: parking_pipeline.is_api_available manual__2022-12-27T20:53:51.176722+00:00 [running]> on host 8fbeee8d3d5a
[2022-12-27 20:53:52,875] {taskinstance.py:1571} INFO - Exporting the following env vars:
AIRFLOW_CTX_DAG_OWNER=Airflow
AIRFLOW_CTX_DAG_ID=parking_pipeline
AIRFLOW_CTX_TASK_ID=is_api_available
AIRFLOW_CTX_EXECUTION_DATE=2022-12-27T20:53:51.176722+00:00
AIRFLOW_CTX_TRY_NUMBER=1
AIRFLOW_CTX_DAG_RUN_ID=manual__2022-12-27T20:53:51.176722+00:00
[2022-12-27 20:53:52,876] {http.py:97} INFO - Poking: 
[2022-12-27 20:53:52,887] {base.py:68} INFO - Using connection ID 'is_api_available' for task execution.
[2022-12-27 20:53:52,889] {http.py:129} INFO - Sending 'GET' to url: https://datahub-v2.arlingtonva.us/api/ParkingMeter/ParkingTransactions
[2022-12-27 20:53:53,032] {base.py:301} INFO - Success criteria met. Exiting.
[2022-12-27 20:53:53,047] {taskinstance.py:1400} INFO - Marking task as SUCCESS. dag_id=parking_pipeline, task_id=is_api_available, execution_date=20221227T205351, start_date=20221227T205352, end_date=20221227T205353
[2022-12-27 20:53:53,097] {local_task_job.py:156} INFO - Task exited with return code 0
[2022-12-27 20:53:53,141] {local_task_job.py:273} INFO - 1 downstream tasks scheduled from follow-on schedule check
