[2024-10-20 13:28:14,856] {taskinstance.py:1159} INFO - Dependencies all met for <TaskInstance: parking_pipeline.is_api_available scheduled__2024-10-20T13:26:13.842377+00:00 [queued]>
[2024-10-20 13:28:14,868] {taskinstance.py:1159} INFO - Dependencies all met for <TaskInstance: parking_pipeline.is_api_available scheduled__2024-10-20T13:26:13.842377+00:00 [queued]>
[2024-10-20 13:28:14,868] {taskinstance.py:1356} INFO - 
--------------------------------------------------------------------------------
[2024-10-20 13:28:14,869] {taskinstance.py:1357} INFO - Starting attempt 1 of 2
[2024-10-20 13:28:14,869] {taskinstance.py:1358} INFO - 
--------------------------------------------------------------------------------
[2024-10-20 13:28:14,887] {taskinstance.py:1377} INFO - Executing <Task(HttpSensor): is_api_available> on 2024-10-20 13:26:13.842377+00:00
[2024-10-20 13:28:14,895] {standard_task_runner.py:52} INFO - Started process 113 to run task
[2024-10-20 13:28:14,897] {standard_task_runner.py:79} INFO - Running: ['***', 'tasks', 'run', 'parking_pipeline', 'is_api_available', 'scheduled__2024-10-20T13:26:13.842377+00:00', '--job-id', '122', '--raw', '--subdir', 'DAGS_FOLDER/parking_dag.py', '--cfg-path', '/tmp/tmpmgi2h1bw', '--error-file', '/tmp/tmplcxs7u5s']
[2024-10-20 13:28:14,898] {standard_task_runner.py:80} INFO - Job 122: Subtask is_api_available
[2024-10-20 13:28:14,962] {task_command.py:369} INFO - Running <TaskInstance: parking_pipeline.is_api_available scheduled__2024-10-20T13:26:13.842377+00:00 [running]> on host cca6e04cab7b
[2024-10-20 13:28:15,085] {taskinstance.py:1571} INFO - Exporting the following env vars:
AIRFLOW_CTX_DAG_OWNER=Airflow
AIRFLOW_CTX_DAG_ID=parking_pipeline
AIRFLOW_CTX_TASK_ID=is_api_available
AIRFLOW_CTX_EXECUTION_DATE=2024-10-20T13:26:13.842377+00:00
AIRFLOW_CTX_TRY_NUMBER=1
AIRFLOW_CTX_DAG_RUN_ID=scheduled__2024-10-20T13:26:13.842377+00:00
[2024-10-20 13:28:15,088] {http.py:97} INFO - Poking: 
[2024-10-20 13:28:15,108] {base.py:68} INFO - Using connection ID 'is_api_available' for task execution.
[2024-10-20 13:28:15,113] {http.py:129} INFO - Sending 'GET' to url: https://datahub-v2.arlingtonva.us/api/ParkingMeter/ParkingTransactions
[2024-10-20 13:28:16,292] {base.py:301} INFO - Success criteria met. Exiting.
[2024-10-20 13:28:16,307] {taskinstance.py:1400} INFO - Marking task as SUCCESS. dag_id=parking_pipeline, task_id=is_api_available, execution_date=20241020T132613, start_date=20241020T132814, end_date=20241020T132816
[2024-10-20 13:28:16,354] {local_task_job.py:156} INFO - Task exited with return code 0
[2024-10-20 13:28:16,410] {local_task_job.py:273} INFO - 1 downstream tasks scheduled from follow-on schedule check
