[2022-12-28 20:21:44,147] {taskinstance.py:1159} INFO - Dependencies all met for <TaskInstance: parking_pipeline.is_api_available scheduled__2022-12-28T20:19:43.276734+00:00 [queued]>
[2022-12-28 20:21:44,156] {taskinstance.py:1159} INFO - Dependencies all met for <TaskInstance: parking_pipeline.is_api_available scheduled__2022-12-28T20:19:43.276734+00:00 [queued]>
[2022-12-28 20:21:44,158] {taskinstance.py:1356} INFO - 
--------------------------------------------------------------------------------
[2022-12-28 20:21:44,158] {taskinstance.py:1357} INFO - Starting attempt 1 of 2
[2022-12-28 20:21:44,159] {taskinstance.py:1358} INFO - 
--------------------------------------------------------------------------------
[2022-12-28 20:21:44,170] {taskinstance.py:1377} INFO - Executing <Task(HttpSensor): is_api_available> on 2022-12-28 20:19:43.276734+00:00
[2022-12-28 20:21:44,178] {standard_task_runner.py:52} INFO - Started process 1128 to run task
[2022-12-28 20:21:44,183] {standard_task_runner.py:79} INFO - Running: ['***', 'tasks', 'run', 'parking_pipeline', 'is_api_available', 'scheduled__2022-12-28T20:19:43.276734+00:00', '--job-id', '68', '--raw', '--subdir', 'DAGS_FOLDER/parking_dag.py', '--cfg-path', '/tmp/tmpyftl06bg', '--error-file', '/tmp/tmpx86j5wio']
[2022-12-28 20:21:44,184] {standard_task_runner.py:80} INFO - Job 68: Subtask is_api_available
[2022-12-28 20:21:44,247] {task_command.py:369} INFO - Running <TaskInstance: parking_pipeline.is_api_available scheduled__2022-12-28T20:19:43.276734+00:00 [running]> on host 8be693a2d03b
[2022-12-28 20:21:44,314] {taskinstance.py:1571} INFO - Exporting the following env vars:
AIRFLOW_CTX_DAG_OWNER=Airflow
AIRFLOW_CTX_DAG_ID=parking_pipeline
AIRFLOW_CTX_TASK_ID=is_api_available
AIRFLOW_CTX_EXECUTION_DATE=2022-12-28T20:19:43.276734+00:00
AIRFLOW_CTX_TRY_NUMBER=1
AIRFLOW_CTX_DAG_RUN_ID=scheduled__2022-12-28T20:19:43.276734+00:00
[2022-12-28 20:21:44,316] {http.py:97} INFO - Poking: 
[2022-12-28 20:21:44,328] {base.py:68} INFO - Using connection ID 'is_api_available' for task execution.
[2022-12-28 20:21:44,330] {http.py:129} INFO - Sending 'GET' to url: https://datahub-v2.arlingtonva.us/api/ParkingMeter/ParkingTransactions
[2022-12-28 20:21:44,517] {base.py:301} INFO - Success criteria met. Exiting.
[2022-12-28 20:21:44,535] {taskinstance.py:1400} INFO - Marking task as SUCCESS. dag_id=parking_pipeline, task_id=is_api_available, execution_date=20221228T201943, start_date=20221228T202144, end_date=20221228T202144
[2022-12-28 20:21:44,559] {local_task_job.py:156} INFO - Task exited with return code 0
[2022-12-28 20:21:44,605] {local_task_job.py:273} INFO - 1 downstream tasks scheduled from follow-on schedule check
