[2024-10-29 03:23:19,690] {taskinstance.py:1159} INFO - Dependencies all met for <TaskInstance: parking_pipeline.store_data_json scheduled__2024-10-29T03:21:09.727694+00:00 [queued]>
[2024-10-29 03:23:19,706] {taskinstance.py:1159} INFO - Dependencies all met for <TaskInstance: parking_pipeline.store_data_json scheduled__2024-10-29T03:21:09.727694+00:00 [queued]>
[2024-10-29 03:23:19,707] {taskinstance.py:1356} INFO - 
--------------------------------------------------------------------------------
[2024-10-29 03:23:19,708] {taskinstance.py:1357} INFO - Starting attempt 1 of 2
[2024-10-29 03:23:19,709] {taskinstance.py:1358} INFO - 
--------------------------------------------------------------------------------
[2024-10-29 03:23:19,730] {taskinstance.py:1377} INFO - Executing <Task(PythonOperator): store_data_json> on 2024-10-29 03:21:09.727694+00:00
[2024-10-29 03:23:19,738] {standard_task_runner.py:52} INFO - Started process 2105 to run task
[2024-10-29 03:23:19,741] {standard_task_runner.py:79} INFO - Running: ['***', 'tasks', 'run', 'parking_pipeline', 'store_data_json', 'scheduled__2024-10-29T03:21:09.727694+00:00', '--job-id', '827', '--raw', '--subdir', 'DAGS_FOLDER/parking_dag.py', '--cfg-path', '/tmp/tmp1rongwvu', '--error-file', '/tmp/tmpb9ei_n3i']
[2024-10-29 03:23:19,743] {standard_task_runner.py:80} INFO - Job 827: Subtask store_data_json
[2024-10-29 03:23:19,823] {task_command.py:369} INFO - Running <TaskInstance: parking_pipeline.store_data_json scheduled__2024-10-29T03:21:09.727694+00:00 [running]> on host 6da7af54a32a
[2024-10-29 03:23:19,937] {taskinstance.py:1571} INFO - Exporting the following env vars:
AIRFLOW_CTX_DAG_OWNER=Airflow
AIRFLOW_CTX_DAG_ID=parking_pipeline
AIRFLOW_CTX_TASK_ID=store_data_json
AIRFLOW_CTX_EXECUTION_DATE=2024-10-29T03:21:09.727694+00:00
AIRFLOW_CTX_TRY_NUMBER=1
AIRFLOW_CTX_DAG_RUN_ID=scheduled__2024-10-29T03:21:09.727694+00:00
[2024-10-29 03:23:19,968] {logging_mixin.py:115} INFO - Error storing data in JSON format: 'Variable parking_data_json_path does not exist'. Task will continue.
[2024-10-29 03:23:19,969] {python.py:173} INFO - Done. Returned value was: None
[2024-10-29 03:23:19,988] {taskinstance.py:1400} INFO - Marking task as SUCCESS. dag_id=parking_pipeline, task_id=store_data_json, execution_date=20241029T032109, start_date=20241029T032319, end_date=20241029T032319
[2024-10-29 03:23:20,035] {local_task_job.py:156} INFO - Task exited with return code 0
[2024-10-29 03:23:20,097] {local_task_job.py:273} INFO - 1 downstream tasks scheduled from follow-on schedule check
