[2022-12-27 23:33:30,254] {taskinstance.py:1159} INFO - Dependencies all met for <TaskInstance: parking_pipeline.transform_data scheduled__2022-12-27T23:31:25.168331+00:00 [queued]>
[2022-12-27 23:33:30,262] {taskinstance.py:1159} INFO - Dependencies all met for <TaskInstance: parking_pipeline.transform_data scheduled__2022-12-27T23:31:25.168331+00:00 [queued]>
[2022-12-27 23:33:30,263] {taskinstance.py:1356} INFO - 
--------------------------------------------------------------------------------
[2022-12-27 23:33:30,263] {taskinstance.py:1357} INFO - Starting attempt 1 of 2
[2022-12-27 23:33:30,264] {taskinstance.py:1358} INFO - 
--------------------------------------------------------------------------------
[2022-12-27 23:33:30,274] {taskinstance.py:1377} INFO - Executing <Task(PythonOperator): transform_data> on 2022-12-27 23:31:25.168331+00:00
[2022-12-27 23:33:30,279] {standard_task_runner.py:52} INFO - Started process 14592 to run task
[2022-12-27 23:33:30,283] {standard_task_runner.py:79} INFO - Running: ['***', 'tasks', 'run', 'parking_pipeline', 'transform_data', 'scheduled__2022-12-27T23:31:25.168331+00:00', '--job-id', '800', '--raw', '--subdir', 'DAGS_FOLDER/parking_dag.py', '--cfg-path', '/tmp/tmpyr_fg2y3', '--error-file', '/tmp/tmpjbploj3k']
[2022-12-27 23:33:30,285] {standard_task_runner.py:80} INFO - Job 800: Subtask transform_data
[2022-12-27 23:33:30,339] {task_command.py:369} INFO - Running <TaskInstance: parking_pipeline.transform_data scheduled__2022-12-27T23:31:25.168331+00:00 [running]> on host 8fbeee8d3d5a
[2022-12-27 23:33:30,408] {taskinstance.py:1571} INFO - Exporting the following env vars:
AIRFLOW_CTX_DAG_OWNER=Airflow
AIRFLOW_CTX_DAG_ID=parking_pipeline
AIRFLOW_CTX_TASK_ID=transform_data
AIRFLOW_CTX_EXECUTION_DATE=2022-12-27T23:31:25.168331+00:00
AIRFLOW_CTX_TRY_NUMBER=1
AIRFLOW_CTX_DAG_RUN_ID=scheduled__2022-12-27T23:31:25.168331+00:00
[2022-12-27 23:33:30,443] {python.py:173} INFO - Done. Returned value was: None
[2022-12-27 23:33:30,458] {taskinstance.py:1400} INFO - Marking task as SUCCESS. dag_id=parking_pipeline, task_id=transform_data, execution_date=20221227T233125, start_date=20221227T233330, end_date=20221227T233330
[2022-12-27 23:33:30,496] {local_task_job.py:156} INFO - Task exited with return code 0
[2022-12-27 23:33:30,532] {local_task_job.py:273} INFO - 1 downstream tasks scheduled from follow-on schedule check
