[2022-12-28 20:15:19,791] {taskinstance.py:1159} INFO - Dependencies all met for <TaskInstance: parking_pipeline.is_api_available scheduled__2022-12-28T20:13:19.129161+00:00 [queued]>
[2022-12-28 20:15:19,799] {taskinstance.py:1159} INFO - Dependencies all met for <TaskInstance: parking_pipeline.is_api_available scheduled__2022-12-28T20:13:19.129161+00:00 [queued]>
[2022-12-28 20:15:19,799] {taskinstance.py:1356} INFO - 
--------------------------------------------------------------------------------
[2022-12-28 20:15:19,800] {taskinstance.py:1357} INFO - Starting attempt 1 of 2
[2022-12-28 20:15:19,801] {taskinstance.py:1358} INFO - 
--------------------------------------------------------------------------------
[2022-12-28 20:15:19,813] {taskinstance.py:1377} INFO - Executing <Task(HttpSensor): is_api_available> on 2022-12-28 20:13:19.129161+00:00
[2022-12-28 20:15:19,818] {standard_task_runner.py:52} INFO - Started process 701 to run task
[2022-12-28 20:15:19,823] {standard_task_runner.py:79} INFO - Running: ['***', 'tasks', 'run', 'parking_pipeline', 'is_api_available', 'scheduled__2022-12-28T20:13:19.129161+00:00', '--job-id', '31', '--raw', '--subdir', 'DAGS_FOLDER/parking_dag.py', '--cfg-path', '/tmp/tmp9afxmoqs', '--error-file', '/tmp/tmpipmkuemd']
[2022-12-28 20:15:19,825] {standard_task_runner.py:80} INFO - Job 31: Subtask is_api_available
[2022-12-28 20:15:19,882] {task_command.py:369} INFO - Running <TaskInstance: parking_pipeline.is_api_available scheduled__2022-12-28T20:13:19.129161+00:00 [running]> on host 8be693a2d03b
[2022-12-28 20:15:19,947] {taskinstance.py:1571} INFO - Exporting the following env vars:
AIRFLOW_CTX_DAG_OWNER=Airflow
AIRFLOW_CTX_DAG_ID=parking_pipeline
AIRFLOW_CTX_TASK_ID=is_api_available
AIRFLOW_CTX_EXECUTION_DATE=2022-12-28T20:13:19.129161+00:00
AIRFLOW_CTX_TRY_NUMBER=1
AIRFLOW_CTX_DAG_RUN_ID=scheduled__2022-12-28T20:13:19.129161+00:00
[2022-12-28 20:15:19,949] {http.py:97} INFO - Poking: 
[2022-12-28 20:15:19,959] {base.py:68} INFO - Using connection ID 'is_api_available' for task execution.
[2022-12-28 20:15:19,962] {http.py:129} INFO - Sending 'GET' to url: https://datahub-v2.arlingtonva.us/api/ParkingMeter/ParkingTransactions
[2022-12-28 20:15:20,141] {base.py:301} INFO - Success criteria met. Exiting.
[2022-12-28 20:15:20,155] {taskinstance.py:1400} INFO - Marking task as SUCCESS. dag_id=parking_pipeline, task_id=is_api_available, execution_date=20221228T201319, start_date=20221228T201519, end_date=20221228T201520
[2022-12-28 20:15:20,207] {local_task_job.py:156} INFO - Task exited with return code 0
[2022-12-28 20:15:20,254] {local_task_job.py:273} INFO - 1 downstream tasks scheduled from follow-on schedule check
