[2022-12-26 17:20:56,193] {taskinstance.py:1159} INFO - Dependencies all met for <TaskInstance: parking_pipeline.transform_data scheduled__2022-12-26T17:18:52.174581+00:00 [queued]>
[2022-12-26 17:20:56,200] {taskinstance.py:1159} INFO - Dependencies all met for <TaskInstance: parking_pipeline.transform_data scheduled__2022-12-26T17:18:52.174581+00:00 [queued]>
[2022-12-26 17:20:56,201] {taskinstance.py:1356} INFO - 
--------------------------------------------------------------------------------
[2022-12-26 17:20:56,202] {taskinstance.py:1357} INFO - Starting attempt 1 of 2
[2022-12-26 17:20:56,202] {taskinstance.py:1358} INFO - 
--------------------------------------------------------------------------------
[2022-12-26 17:20:56,211] {taskinstance.py:1377} INFO - Executing <Task(PythonOperator): transform_data> on 2022-12-26 17:18:52.174581+00:00
[2022-12-26 17:20:56,216] {standard_task_runner.py:52} INFO - Started process 3602 to run task
[2022-12-26 17:20:56,220] {standard_task_runner.py:79} INFO - Running: ['***', 'tasks', 'run', 'parking_pipeline', 'transform_data', 'scheduled__2022-12-26T17:18:52.174581+00:00', '--job-id', '102', '--raw', '--subdir', 'DAGS_FOLDER/parking_dag.py', '--cfg-path', '/tmp/tmpxm5vx6i8', '--error-file', '/tmp/tmpu6_2vohi']
[2022-12-26 17:20:56,221] {standard_task_runner.py:80} INFO - Job 102: Subtask transform_data
[2022-12-26 17:20:56,271] {task_command.py:369} INFO - Running <TaskInstance: parking_pipeline.transform_data scheduled__2022-12-26T17:18:52.174581+00:00 [running]> on host a4f1a67a8720
[2022-12-26 17:20:56,326] {taskinstance.py:1571} INFO - Exporting the following env vars:
AIRFLOW_CTX_DAG_OWNER=Airflow
AIRFLOW_CTX_DAG_ID=parking_pipeline
AIRFLOW_CTX_TASK_ID=transform_data
AIRFLOW_CTX_EXECUTION_DATE=2022-12-26T17:18:52.174581+00:00
AIRFLOW_CTX_TRY_NUMBER=1
AIRFLOW_CTX_DAG_RUN_ID=scheduled__2022-12-26T17:18:52.174581+00:00
[2022-12-26 17:20:56,345] {python.py:173} INFO - Done. Returned value was: None
[2022-12-26 17:20:56,357] {taskinstance.py:1400} INFO - Marking task as SUCCESS. dag_id=parking_pipeline, task_id=transform_data, execution_date=20221226T171852, start_date=20221226T172056, end_date=20221226T172056
[2022-12-26 17:20:56,395] {local_task_job.py:156} INFO - Task exited with return code 0
[2022-12-26 17:20:56,425] {local_task_job.py:273} INFO - 0 downstream tasks scheduled from follow-on schedule check
