[2024-10-20 14:00:23,954] {taskinstance.py:1159} INFO - Dependencies all met for <TaskInstance: parking_pipeline.load_data scheduled__2024-10-20T13:42:13.842377+00:00 [queued]>
[2024-10-20 14:00:23,968] {taskinstance.py:1159} INFO - Dependencies all met for <TaskInstance: parking_pipeline.load_data scheduled__2024-10-20T13:42:13.842377+00:00 [queued]>
[2024-10-20 14:00:23,969] {taskinstance.py:1356} INFO - 
--------------------------------------------------------------------------------
[2024-10-20 14:00:23,969] {taskinstance.py:1357} INFO - Starting attempt 1 of 2
[2024-10-20 14:00:23,970] {taskinstance.py:1358} INFO - 
--------------------------------------------------------------------------------
[2024-10-20 14:00:23,989] {taskinstance.py:1377} INFO - Executing <Task(PythonOperator): load_data> on 2024-10-20 13:42:13.842377+00:00
[2024-10-20 14:00:23,996] {standard_task_runner.py:52} INFO - Started process 107 to run task
[2024-10-20 14:00:23,999] {standard_task_runner.py:79} INFO - Running: ['***', 'tasks', 'run', 'parking_pipeline', 'load_data', 'scheduled__2024-10-20T13:42:13.842377+00:00', '--job-id', '172', '--raw', '--subdir', 'DAGS_FOLDER/parking_dag.py', '--cfg-path', '/tmp/tmptj7l88ch', '--error-file', '/tmp/tmpvw6v0wea']
[2024-10-20 14:00:24,000] {standard_task_runner.py:80} INFO - Job 172: Subtask load_data
[2024-10-20 14:00:24,057] {task_command.py:369} INFO - Running <TaskInstance: parking_pipeline.load_data scheduled__2024-10-20T13:42:13.842377+00:00 [running]> on host 4047801f839c
[2024-10-20 14:00:24,142] {taskinstance.py:1571} INFO - Exporting the following env vars:
AIRFLOW_CTX_DAG_OWNER=Airflow
AIRFLOW_CTX_DAG_ID=parking_pipeline
AIRFLOW_CTX_TASK_ID=load_data
AIRFLOW_CTX_EXECUTION_DATE=2024-10-20T13:42:13.842377+00:00
AIRFLOW_CTX_TRY_NUMBER=1
AIRFLOW_CTX_DAG_RUN_ID=scheduled__2024-10-20T13:42:13.842377+00:00
[2024-10-20 14:00:24,152] {postgres.py:127} INFO - Running copy expert: COPY parking_data FROM stdin WITH DELIMITER as ',', filename: ./tmp/processed_parking_data_00.csv
[2024-10-20 14:00:24,162] {base.py:68} INFO - Using connection ID 'postgres' for task execution.
[2024-10-20 14:00:24,168] {python.py:173} INFO - Done. Returned value was: None
[2024-10-20 14:00:24,182] {taskinstance.py:1400} INFO - Marking task as SUCCESS. dag_id=parking_pipeline, task_id=load_data, execution_date=20241020T134213, start_date=20241020T140023, end_date=20241020T140024
[2024-10-20 14:00:24,212] {local_task_job.py:156} INFO - Task exited with return code 0
[2024-10-20 14:00:24,247] {local_task_job.py:273} INFO - 0 downstream tasks scheduled from follow-on schedule check
