[2022-12-23T21:34:10.252+0000] {taskinstance.py:1087} INFO - Dependencies all met for <TaskInstance: parking_pipeline.create_table scheduled__2022-12-23T21:27:06.490597+00:00 [queued]>
[2022-12-23T21:34:10.261+0000] {taskinstance.py:1087} INFO - Dependencies all met for <TaskInstance: parking_pipeline.create_table scheduled__2022-12-23T21:27:06.490597+00:00 [queued]>
[2022-12-23T21:34:10.261+0000] {taskinstance.py:1283} INFO - 
--------------------------------------------------------------------------------
[2022-12-23T21:34:10.262+0000] {taskinstance.py:1284} INFO - Starting attempt 2 of 2
[2022-12-23T21:34:10.263+0000] {taskinstance.py:1285} INFO - 
--------------------------------------------------------------------------------
[2022-12-23T21:34:10.272+0000] {taskinstance.py:1304} INFO - Executing <Task(PostgresOperator): create_table> on 2022-12-23 21:27:06.490597+00:00
[2022-12-23T21:34:10.278+0000] {standard_task_runner.py:55} INFO - Started process 11086 to run task
[2022-12-23T21:34:10.282+0000] {standard_task_runner.py:82} INFO - Running: ['***', 'tasks', 'run', 'parking_pipeline', 'create_table', 'scheduled__2022-12-23T21:27:06.490597+00:00', '--job-id', '35', '--raw', '--subdir', 'DAGS_FOLDER/parking_dag.py', '--cfg-path', '/tmp/tmprldvwaff']
[2022-12-23T21:34:10.285+0000] {standard_task_runner.py:83} INFO - Job 35: Subtask create_table
[2022-12-23T21:34:10.497+0000] {task_command.py:389} INFO - Running <TaskInstance: parking_pipeline.create_table scheduled__2022-12-23T21:27:06.490597+00:00 [running]> on host 0330eddd684a
[2022-12-23T21:34:10.551+0000] {taskinstance.py:1513} INFO - Exporting the following env vars:
AIRFLOW_CTX_DAG_OWNER=Airflow
AIRFLOW_CTX_DAG_ID=parking_pipeline
AIRFLOW_CTX_TASK_ID=create_table
AIRFLOW_CTX_EXECUTION_DATE=2022-12-23T21:27:06.490597+00:00
AIRFLOW_CTX_TRY_NUMBER=2
AIRFLOW_CTX_DAG_RUN_ID=scheduled__2022-12-23T21:27:06.490597+00:00
[2022-12-23T21:34:10.553+0000] {sql.py:253} INFO - Executing: 
            drop table if exists parking_data;
            create table parking_data(
                rate float not null,
                symbol text not null
            );
        
[2022-12-23T21:34:10.562+0000] {base.py:73} INFO - Using connection ID 'postgres' for task execution.
[2022-12-23T21:34:10.701+0000] {base.py:73} INFO - Using connection ID 'postgres' for task execution.
[2022-12-23T21:34:10.707+0000] {sql.py:364} INFO - Running statement: 
            drop table if exists parking_data;
            create table parking_data(
                rate float not null,
                symbol text not null
            );
        , parameters: None
[2022-12-23T21:34:10.725+0000] {taskinstance.py:1327} INFO - Marking task as SUCCESS. dag_id=parking_pipeline, task_id=create_table, execution_date=20221223T212706, start_date=20221223T213410, end_date=20221223T213410
[2022-12-23T21:34:10.780+0000] {local_task_job.py:159} INFO - Task exited with return code 0
[2022-12-23T21:34:10.797+0000] {taskinstance.py:2582} INFO - 0 downstream tasks scheduled from follow-on schedule check
