[2022-12-23T21:34:14.271+0000] {taskinstance.py:1087} INFO - Dependencies all met for <TaskInstance: parking_pipeline.create_table scheduled__2022-12-23T21:32:10.996249+00:00 [queued]>
[2022-12-23T21:34:14.281+0000] {taskinstance.py:1087} INFO - Dependencies all met for <TaskInstance: parking_pipeline.create_table scheduled__2022-12-23T21:32:10.996249+00:00 [queued]>
[2022-12-23T21:34:14.282+0000] {taskinstance.py:1283} INFO - 
--------------------------------------------------------------------------------
[2022-12-23T21:34:14.282+0000] {taskinstance.py:1284} INFO - Starting attempt 1 of 2
[2022-12-23T21:34:14.283+0000] {taskinstance.py:1285} INFO - 
--------------------------------------------------------------------------------
[2022-12-23T21:34:14.293+0000] {taskinstance.py:1304} INFO - Executing <Task(PostgresOperator): create_table> on 2022-12-23 21:32:10.996249+00:00
[2022-12-23T21:34:14.299+0000] {standard_task_runner.py:55} INFO - Started process 11092 to run task
[2022-12-23T21:34:14.303+0000] {standard_task_runner.py:82} INFO - Running: ['***', 'tasks', 'run', 'parking_pipeline', 'create_table', 'scheduled__2022-12-23T21:32:10.996249+00:00', '--job-id', '37', '--raw', '--subdir', 'DAGS_FOLDER/parking_dag.py', '--cfg-path', '/tmp/tmpq305h07p']
[2022-12-23T21:34:14.305+0000] {standard_task_runner.py:83} INFO - Job 37: Subtask create_table
[2022-12-23T21:34:14.542+0000] {task_command.py:389} INFO - Running <TaskInstance: parking_pipeline.create_table scheduled__2022-12-23T21:32:10.996249+00:00 [running]> on host 0330eddd684a
[2022-12-23T21:34:14.605+0000] {taskinstance.py:1513} INFO - Exporting the following env vars:
AIRFLOW_CTX_DAG_OWNER=Airflow
AIRFLOW_CTX_DAG_ID=parking_pipeline
AIRFLOW_CTX_TASK_ID=create_table
AIRFLOW_CTX_EXECUTION_DATE=2022-12-23T21:32:10.996249+00:00
AIRFLOW_CTX_TRY_NUMBER=1
AIRFLOW_CTX_DAG_RUN_ID=scheduled__2022-12-23T21:32:10.996249+00:00
[2022-12-23T21:34:14.606+0000] {sql.py:253} INFO - Executing: 
            drop table if exists parking_data;
            create table parking_data(
                rate float not null,
                symbol text not null
            );
        
[2022-12-23T21:34:14.616+0000] {base.py:73} INFO - Using connection ID 'postgres' for task execution.
[2022-12-23T21:34:14.747+0000] {base.py:73} INFO - Using connection ID 'postgres' for task execution.
[2022-12-23T21:34:14.754+0000] {sql.py:364} INFO - Running statement: 
            drop table if exists parking_data;
            create table parking_data(
                rate float not null,
                symbol text not null
            );
        , parameters: None
[2022-12-23T21:34:14.771+0000] {taskinstance.py:1327} INFO - Marking task as SUCCESS. dag_id=parking_pipeline, task_id=create_table, execution_date=20221223T213210, start_date=20221223T213414, end_date=20221223T213414
[2022-12-23T21:34:14.840+0000] {local_task_job.py:159} INFO - Task exited with return code 0
[2022-12-23T21:34:14.859+0000] {taskinstance.py:2582} INFO - 0 downstream tasks scheduled from follow-on schedule check
