[2022-12-28 20:16:52,973] {taskinstance.py:1159} INFO - Dependencies all met for <TaskInstance: parking_pipeline.transform_data scheduled__2022-12-28T20:14:47.677790+00:00 [queued]>
[2022-12-28 20:16:52,980] {taskinstance.py:1159} INFO - Dependencies all met for <TaskInstance: parking_pipeline.transform_data scheduled__2022-12-28T20:14:47.677790+00:00 [queued]>
[2022-12-28 20:16:52,980] {taskinstance.py:1356} INFO - 
--------------------------------------------------------------------------------
[2022-12-28 20:16:52,981] {taskinstance.py:1357} INFO - Starting attempt 1 of 2
[2022-12-28 20:16:52,981] {taskinstance.py:1358} INFO - 
--------------------------------------------------------------------------------
[2022-12-28 20:16:52,990] {taskinstance.py:1377} INFO - Executing <Task(PythonOperator): transform_data> on 2022-12-28 20:14:47.677790+00:00
[2022-12-28 20:16:52,994] {standard_task_runner.py:52} INFO - Started process 822 to run task
[2022-12-28 20:16:52,998] {standard_task_runner.py:79} INFO - Running: ['***', 'tasks', 'run', 'parking_pipeline', 'transform_data', 'scheduled__2022-12-28T20:14:47.677790+00:00', '--job-id', '47', '--raw', '--subdir', 'DAGS_FOLDER/parking_dag.py', '--cfg-path', '/tmp/tmpi97olyqx', '--error-file', '/tmp/tmpjo5vci_1']
[2022-12-28 20:16:53,000] {standard_task_runner.py:80} INFO - Job 47: Subtask transform_data
[2022-12-28 20:16:53,052] {task_command.py:369} INFO - Running <TaskInstance: parking_pipeline.transform_data scheduled__2022-12-28T20:14:47.677790+00:00 [running]> on host 8be693a2d03b
[2022-12-28 20:16:53,116] {taskinstance.py:1571} INFO - Exporting the following env vars:
AIRFLOW_CTX_DAG_OWNER=Airflow
AIRFLOW_CTX_DAG_ID=parking_pipeline
AIRFLOW_CTX_TASK_ID=transform_data
AIRFLOW_CTX_EXECUTION_DATE=2022-12-28T20:14:47.677790+00:00
AIRFLOW_CTX_TRY_NUMBER=1
AIRFLOW_CTX_DAG_RUN_ID=scheduled__2022-12-28T20:14:47.677790+00:00
[2022-12-28 20:16:53,149] {python.py:173} INFO - Done. Returned value was: None
[2022-12-28 20:16:53,163] {taskinstance.py:1400} INFO - Marking task as SUCCESS. dag_id=parking_pipeline, task_id=transform_data, execution_date=20221228T201447, start_date=20221228T201652, end_date=20221228T201653
[2022-12-28 20:16:53,212] {local_task_job.py:156} INFO - Task exited with return code 0
[2022-12-28 20:16:53,244] {local_task_job.py:273} INFO - 1 downstream tasks scheduled from follow-on schedule check
