[2022-12-26 20:08:12,144] {taskinstance.py:1159} INFO - Dependencies all met for <TaskInstance: parking_pipeline.is_api_available scheduled__2022-12-26T20:00:49.971774+00:00 [queued]>
[2022-12-26 20:08:12,152] {taskinstance.py:1159} INFO - Dependencies all met for <TaskInstance: parking_pipeline.is_api_available scheduled__2022-12-26T20:00:49.971774+00:00 [queued]>
[2022-12-26 20:08:12,153] {taskinstance.py:1356} INFO - 
--------------------------------------------------------------------------------
[2022-12-26 20:08:12,153] {taskinstance.py:1357} INFO - Starting attempt 2 of 2
[2022-12-26 20:08:12,154] {taskinstance.py:1358} INFO - 
--------------------------------------------------------------------------------
[2022-12-26 20:08:12,165] {taskinstance.py:1377} INFO - Executing <Task(HttpSensor): is_api_available> on 2022-12-26 20:00:49.971774+00:00
[2022-12-26 20:08:12,170] {standard_task_runner.py:52} INFO - Started process 376 to run task
[2022-12-26 20:08:12,175] {standard_task_runner.py:79} INFO - Running: ['***', 'tasks', 'run', 'parking_pipeline', 'is_api_available', 'scheduled__2022-12-26T20:00:49.971774+00:00', '--job-id', '12', '--raw', '--subdir', 'DAGS_FOLDER/parking_dag.py', '--cfg-path', '/tmp/tmpbutsvuag', '--error-file', '/tmp/tmpz4s_vlnj']
[2022-12-26 20:08:12,176] {standard_task_runner.py:80} INFO - Job 12: Subtask is_api_available
[2022-12-26 20:08:12,229] {task_command.py:369} INFO - Running <TaskInstance: parking_pipeline.is_api_available scheduled__2022-12-26T20:00:49.971774+00:00 [running]> on host 3d3eee352115
[2022-12-26 20:08:12,288] {taskinstance.py:1571} INFO - Exporting the following env vars:
AIRFLOW_CTX_DAG_OWNER=Airflow
AIRFLOW_CTX_DAG_ID=parking_pipeline
AIRFLOW_CTX_TASK_ID=is_api_available
AIRFLOW_CTX_EXECUTION_DATE=2022-12-26T20:00:49.971774+00:00
AIRFLOW_CTX_TRY_NUMBER=2
AIRFLOW_CTX_DAG_RUN_ID=scheduled__2022-12-26T20:00:49.971774+00:00
[2022-12-26 20:08:12,290] {http.py:97} INFO - Poking: 
[2022-12-26 20:08:12,300] {base.py:68} INFO - Using connection ID 'is_api_available' for task execution.
[2022-12-26 20:08:12,302] {http.py:129} INFO - Sending 'GET' to url: https://datahub-v2.arlingtonva.us/api/ParkingMeter/ParkingTransactions
[2022-12-26 20:08:12,453] {base.py:301} INFO - Success criteria met. Exiting.
[2022-12-26 20:08:12,471] {taskinstance.py:1400} INFO - Marking task as SUCCESS. dag_id=parking_pipeline, task_id=is_api_available, execution_date=20221226T200049, start_date=20221226T200812, end_date=20221226T200812
[2022-12-26 20:08:12,510] {local_task_job.py:156} INFO - Task exited with return code 0
[2022-12-26 20:08:12,559] {local_task_job.py:273} INFO - 1 downstream tasks scheduled from follow-on schedule check
