[2024-10-29 01:59:07,665] {taskinstance.py:1159} INFO - Dependencies all met for <TaskInstance: parking_pipeline.transform_data scheduled__2024-10-29T01:57:00.645479+00:00 [queued]>
[2024-10-29 01:59:07,680] {taskinstance.py:1159} INFO - Dependencies all met for <TaskInstance: parking_pipeline.transform_data scheduled__2024-10-29T01:57:00.645479+00:00 [queued]>
[2024-10-29 01:59:07,681] {taskinstance.py:1356} INFO - 
--------------------------------------------------------------------------------
[2024-10-29 01:59:07,682] {taskinstance.py:1357} INFO - Starting attempt 1 of 2
[2024-10-29 01:59:07,682] {taskinstance.py:1358} INFO - 
--------------------------------------------------------------------------------
[2024-10-29 01:59:07,706] {taskinstance.py:1377} INFO - Executing <Task(PythonOperator): transform_data> on 2024-10-29 01:57:00.645479+00:00
[2024-10-29 01:59:07,713] {standard_task_runner.py:52} INFO - Started process 661 to run task
[2024-10-29 01:59:07,717] {standard_task_runner.py:79} INFO - Running: ['***', 'tasks', 'run', 'parking_pipeline', 'transform_data', 'scheduled__2024-10-29T01:57:00.645479+00:00', '--job-id', '418', '--raw', '--subdir', 'DAGS_FOLDER/parking_dag.py', '--cfg-path', '/tmp/tmpw5s19qsm', '--error-file', '/tmp/tmps6vuh20n']
[2024-10-29 01:59:07,719] {standard_task_runner.py:80} INFO - Job 418: Subtask transform_data
[2024-10-29 01:59:07,800] {task_command.py:369} INFO - Running <TaskInstance: parking_pipeline.transform_data scheduled__2024-10-29T01:57:00.645479+00:00 [running]> on host 34572bdb7b7c
[2024-10-29 01:59:07,907] {taskinstance.py:1571} INFO - Exporting the following env vars:
AIRFLOW_CTX_DAG_OWNER=Airflow
AIRFLOW_CTX_DAG_ID=parking_pipeline
AIRFLOW_CTX_TASK_ID=transform_data
AIRFLOW_CTX_EXECUTION_DATE=2024-10-29T01:57:00.645479+00:00
AIRFLOW_CTX_TRY_NUMBER=1
AIRFLOW_CTX_DAG_RUN_ID=scheduled__2024-10-29T01:57:00.645479+00:00
[2024-10-29 01:59:07,948] {python.py:173} INFO - Done. Returned value was: None
[2024-10-29 01:59:07,966] {taskinstance.py:1400} INFO - Marking task as SUCCESS. dag_id=parking_pipeline, task_id=transform_data, execution_date=20241029T015700, start_date=20241029T015907, end_date=20241029T015907
[2024-10-29 01:59:08,013] {local_task_job.py:156} INFO - Task exited with return code 0
[2024-10-29 01:59:08,064] {local_task_job.py:273} INFO - 1 downstream tasks scheduled from follow-on schedule check
