[2022-12-26 18:33:00,945] {taskinstance.py:1159} INFO - Dependencies all met for <TaskInstance: parking_pipeline.is_api_available scheduled__2022-12-26T18:31:00.007493+00:00 [queued]>
[2022-12-26 18:33:00,952] {taskinstance.py:1159} INFO - Dependencies all met for <TaskInstance: parking_pipeline.is_api_available scheduled__2022-12-26T18:31:00.007493+00:00 [queued]>
[2022-12-26 18:33:00,953] {taskinstance.py:1356} INFO - 
--------------------------------------------------------------------------------
[2022-12-26 18:33:00,953] {taskinstance.py:1357} INFO - Starting attempt 1 of 2
[2022-12-26 18:33:00,954] {taskinstance.py:1358} INFO - 
--------------------------------------------------------------------------------
[2022-12-26 18:33:00,963] {taskinstance.py:1377} INFO - Executing <Task(HttpSensor): is_api_available> on 2022-12-26 18:31:00.007493+00:00
[2022-12-26 18:33:00,969] {standard_task_runner.py:52} INFO - Started process 6750 to run task
[2022-12-26 18:33:00,973] {standard_task_runner.py:79} INFO - Running: ['***', 'tasks', 'run', 'parking_pipeline', 'is_api_available', 'scheduled__2022-12-26T18:31:00.007493+00:00', '--job-id', '247', '--raw', '--subdir', 'DAGS_FOLDER/parking_dag.py', '--cfg-path', '/tmp/tmpljra0jxc', '--error-file', '/tmp/tmpmzdgg45i']
[2022-12-26 18:33:00,975] {standard_task_runner.py:80} INFO - Job 247: Subtask is_api_available
[2022-12-26 18:33:01,027] {task_command.py:369} INFO - Running <TaskInstance: parking_pipeline.is_api_available scheduled__2022-12-26T18:31:00.007493+00:00 [running]> on host a4f1a67a8720
[2022-12-26 18:33:01,088] {taskinstance.py:1571} INFO - Exporting the following env vars:
AIRFLOW_CTX_DAG_OWNER=Airflow
AIRFLOW_CTX_DAG_ID=parking_pipeline
AIRFLOW_CTX_TASK_ID=is_api_available
AIRFLOW_CTX_EXECUTION_DATE=2022-12-26T18:31:00.007493+00:00
AIRFLOW_CTX_TRY_NUMBER=1
AIRFLOW_CTX_DAG_RUN_ID=scheduled__2022-12-26T18:31:00.007493+00:00
[2022-12-26 18:33:01,090] {http.py:97} INFO - Poking: 
[2022-12-26 18:33:01,100] {base.py:68} INFO - Using connection ID 'is_api_available' for task execution.
[2022-12-26 18:33:01,102] {http.py:129} INFO - Sending 'GET' to url: https://datahub-v2.arlingtonva.us/api/ParkingMeter/ParkingTransactions
[2022-12-26 18:33:01,264] {base.py:301} INFO - Success criteria met. Exiting.
[2022-12-26 18:33:01,282] {taskinstance.py:1400} INFO - Marking task as SUCCESS. dag_id=parking_pipeline, task_id=is_api_available, execution_date=20221226T183100, start_date=20221226T183300, end_date=20221226T183301
[2022-12-26 18:33:01,314] {local_task_job.py:156} INFO - Task exited with return code 0
[2022-12-26 18:33:01,356] {local_task_job.py:273} INFO - 1 downstream tasks scheduled from follow-on schedule check
