[2024-10-29 03:21:18,252] {taskinstance.py:1159} INFO - Dependencies all met for <TaskInstance: parking_pipeline.store_data_csv scheduled__2024-10-29T03:19:09.727694+00:00 [queued]>
[2024-10-29 03:21:18,268] {taskinstance.py:1159} INFO - Dependencies all met for <TaskInstance: parking_pipeline.store_data_csv scheduled__2024-10-29T03:19:09.727694+00:00 [queued]>
[2024-10-29 03:21:18,269] {taskinstance.py:1356} INFO - 
--------------------------------------------------------------------------------
[2024-10-29 03:21:18,273] {taskinstance.py:1357} INFO - Starting attempt 1 of 2
[2024-10-29 03:21:18,273] {taskinstance.py:1358} INFO - 
--------------------------------------------------------------------------------
[2024-10-29 03:21:18,294] {taskinstance.py:1377} INFO - Executing <Task(PythonOperator): store_data_csv> on 2024-10-29 03:19:09.727694+00:00
[2024-10-29 03:21:18,302] {standard_task_runner.py:52} INFO - Started process 1994 to run task
[2024-10-29 03:21:18,306] {standard_task_runner.py:79} INFO - Running: ['***', 'tasks', 'run', 'parking_pipeline', 'store_data_csv', 'scheduled__2024-10-29T03:19:09.727694+00:00', '--job-id', '820', '--raw', '--subdir', 'DAGS_FOLDER/parking_dag.py', '--cfg-path', '/tmp/tmpcrxhkz7f', '--error-file', '/tmp/tmpurbun4jh']
[2024-10-29 03:21:18,313] {standard_task_runner.py:80} INFO - Job 820: Subtask store_data_csv
[2024-10-29 03:21:18,395] {task_command.py:369} INFO - Running <TaskInstance: parking_pipeline.store_data_csv scheduled__2024-10-29T03:19:09.727694+00:00 [running]> on host 6da7af54a32a
[2024-10-29 03:21:18,496] {taskinstance.py:1571} INFO - Exporting the following env vars:
AIRFLOW_CTX_DAG_OWNER=Airflow
AIRFLOW_CTX_DAG_ID=parking_pipeline
AIRFLOW_CTX_TASK_ID=store_data_csv
AIRFLOW_CTX_EXECUTION_DATE=2024-10-29T03:19:09.727694+00:00
AIRFLOW_CTX_TRY_NUMBER=1
AIRFLOW_CTX_DAG_RUN_ID=scheduled__2024-10-29T03:19:09.727694+00:00
[2024-10-29 03:21:18,544] {python.py:173} INFO - Done. Returned value was: None
[2024-10-29 03:21:18,562] {taskinstance.py:1400} INFO - Marking task as SUCCESS. dag_id=parking_pipeline, task_id=store_data_csv, execution_date=20241029T031909, start_date=20241029T032118, end_date=20241029T032118
[2024-10-29 03:21:18,606] {local_task_job.py:156} INFO - Task exited with return code 0
[2024-10-29 03:21:18,661] {local_task_job.py:273} INFO - 0 downstream tasks scheduled from follow-on schedule check
