[2024-10-20 14:06:35,095] {taskinstance.py:1159} INFO - Dependencies all met for <TaskInstance: parking_pipeline.load_data scheduled__2024-10-20T14:04:24.700589+00:00 [queued]>
[2024-10-20 14:06:35,107] {taskinstance.py:1159} INFO - Dependencies all met for <TaskInstance: parking_pipeline.load_data scheduled__2024-10-20T14:04:24.700589+00:00 [queued]>
[2024-10-20 14:06:35,108] {taskinstance.py:1356} INFO - 
--------------------------------------------------------------------------------
[2024-10-20 14:06:35,109] {taskinstance.py:1357} INFO - Starting attempt 1 of 2
[2024-10-20 14:06:35,109] {taskinstance.py:1358} INFO - 
--------------------------------------------------------------------------------
[2024-10-20 14:06:35,126] {taskinstance.py:1377} INFO - Executing <Task(PythonOperator): load_data> on 2024-10-20 14:04:24.700589+00:00
[2024-10-20 14:06:35,134] {standard_task_runner.py:52} INFO - Started process 457 to run task
[2024-10-20 14:06:35,137] {standard_task_runner.py:79} INFO - Running: ['***', 'tasks', 'run', 'parking_pipeline', 'load_data', 'scheduled__2024-10-20T14:04:24.700589+00:00', '--job-id', '192', '--raw', '--subdir', 'DAGS_FOLDER/parking_dag.py', '--cfg-path', '/tmp/tmp8nhg69fg', '--error-file', '/tmp/tmp603_7z03']
[2024-10-20 14:06:35,138] {standard_task_runner.py:80} INFO - Job 192: Subtask load_data
[2024-10-20 14:06:35,205] {task_command.py:369} INFO - Running <TaskInstance: parking_pipeline.load_data scheduled__2024-10-20T14:04:24.700589+00:00 [running]> on host 4047801f839c
[2024-10-20 14:06:35,300] {taskinstance.py:1571} INFO - Exporting the following env vars:
AIRFLOW_CTX_DAG_OWNER=Airflow
AIRFLOW_CTX_DAG_ID=parking_pipeline
AIRFLOW_CTX_TASK_ID=load_data
AIRFLOW_CTX_EXECUTION_DATE=2024-10-20T14:04:24.700589+00:00
AIRFLOW_CTX_TRY_NUMBER=1
AIRFLOW_CTX_DAG_RUN_ID=scheduled__2024-10-20T14:04:24.700589+00:00
[2024-10-20 14:06:35,309] {postgres.py:127} INFO - Running copy expert: COPY parking_data FROM stdin WITH DELIMITER as ',', filename: ./tmp/processed_parking_data_00.csv
[2024-10-20 14:06:35,319] {base.py:68} INFO - Using connection ID 'postgres' for task execution.
[2024-10-20 14:06:35,325] {python.py:173} INFO - Done. Returned value was: None
[2024-10-20 14:06:35,339] {taskinstance.py:1400} INFO - Marking task as SUCCESS. dag_id=parking_pipeline, task_id=load_data, execution_date=20241020T140424, start_date=20241020T140635, end_date=20241020T140635
[2024-10-20 14:06:35,392] {local_task_job.py:156} INFO - Task exited with return code 0
[2024-10-20 14:06:35,427] {local_task_job.py:273} INFO - 0 downstream tasks scheduled from follow-on schedule check
