[2022-12-27 18:51:10,039] {taskinstance.py:1159} INFO - Dependencies all met for <TaskInstance: parking_pipeline.create_table scheduled__2022-12-27T18:49:08.092883+00:00 [queued]>
[2022-12-27 18:51:10,046] {taskinstance.py:1159} INFO - Dependencies all met for <TaskInstance: parking_pipeline.create_table scheduled__2022-12-27T18:49:08.092883+00:00 [queued]>
[2022-12-27 18:51:10,047] {taskinstance.py:1356} INFO - 
--------------------------------------------------------------------------------
[2022-12-27 18:51:10,047] {taskinstance.py:1357} INFO - Starting attempt 1 of 2
[2022-12-27 18:51:10,048] {taskinstance.py:1358} INFO - 
--------------------------------------------------------------------------------
[2022-12-27 18:51:10,057] {taskinstance.py:1377} INFO - Executing <Task(PostgresOperator): create_table> on 2022-12-27 18:49:08.092883+00:00
[2022-12-27 18:51:10,061] {standard_task_runner.py:52} INFO - Started process 986 to run task
[2022-12-27 18:51:10,065] {standard_task_runner.py:79} INFO - Running: ['***', 'tasks', 'run', 'parking_pipeline', 'create_table', 'scheduled__2022-12-27T18:49:08.092883+00:00', '--job-id', '36', '--raw', '--subdir', 'DAGS_FOLDER/parking_dag.py', '--cfg-path', '/tmp/tmpe89dsofs', '--error-file', '/tmp/tmpq_7o4ggz']
[2022-12-27 18:51:10,066] {standard_task_runner.py:80} INFO - Job 36: Subtask create_table
[2022-12-27 18:51:10,116] {task_command.py:369} INFO - Running <TaskInstance: parking_pipeline.create_table scheduled__2022-12-27T18:49:08.092883+00:00 [running]> on host 8fbeee8d3d5a
[2022-12-27 18:51:10,175] {taskinstance.py:1571} INFO - Exporting the following env vars:
AIRFLOW_CTX_DAG_OWNER=Airflow
AIRFLOW_CTX_DAG_ID=parking_pipeline
AIRFLOW_CTX_TASK_ID=create_table
AIRFLOW_CTX_EXECUTION_DATE=2022-12-27T18:49:08.092883+00:00
AIRFLOW_CTX_TRY_NUMBER=1
AIRFLOW_CTX_DAG_RUN_ID=scheduled__2022-12-27T18:49:08.092883+00:00
[2022-12-27 18:51:10,186] {base.py:68} INFO - Using connection ID 'postgres' for task execution.
[2022-12-27 18:51:10,192] {dbapi.py:208} INFO - Running statement: 
            drop table if exists parking_data;
            create table parking_data(
                parkingTransactionKey int not null,
                symbol text not null
            );
        , parameters: None
[2022-12-27 18:51:10,210] {taskinstance.py:1400} INFO - Marking task as SUCCESS. dag_id=parking_pipeline, task_id=create_table, execution_date=20221227T184908, start_date=20221227T185110, end_date=20221227T185110
[2022-12-27 18:51:10,237] {local_task_job.py:156} INFO - Task exited with return code 0
[2022-12-27 18:51:10,273] {local_task_job.py:273} INFO - 1 downstream tasks scheduled from follow-on schedule check
