[2022-12-26 19:33:39,666] {taskinstance.py:1159} INFO - Dependencies all met for <TaskInstance: parking_pipeline.is_api_available scheduled__2022-12-26T19:31:39.175614+00:00 [queued]>
[2022-12-26 19:33:39,674] {taskinstance.py:1159} INFO - Dependencies all met for <TaskInstance: parking_pipeline.is_api_available scheduled__2022-12-26T19:31:39.175614+00:00 [queued]>
[2022-12-26 19:33:39,674] {taskinstance.py:1356} INFO - 
--------------------------------------------------------------------------------
[2022-12-26 19:33:39,675] {taskinstance.py:1357} INFO - Starting attempt 1 of 2
[2022-12-26 19:33:39,676] {taskinstance.py:1358} INFO - 
--------------------------------------------------------------------------------
[2022-12-26 19:33:39,686] {taskinstance.py:1377} INFO - Executing <Task(HttpSensor): is_api_available> on 2022-12-26 19:31:39.175614+00:00
[2022-12-26 19:33:39,692] {standard_task_runner.py:52} INFO - Started process 9131 to run task
[2022-12-26 19:33:39,696] {standard_task_runner.py:79} INFO - Running: ['***', 'tasks', 'run', 'parking_pipeline', 'is_api_available', 'scheduled__2022-12-26T19:31:39.175614+00:00', '--job-id', '355', '--raw', '--subdir', 'DAGS_FOLDER/parking_dag.py', '--cfg-path', '/tmp/tmpvoxhvtyf', '--error-file', '/tmp/tmppamvhqyn']
[2022-12-26 19:33:39,698] {standard_task_runner.py:80} INFO - Job 355: Subtask is_api_available
[2022-12-26 19:33:39,769] {task_command.py:369} INFO - Running <TaskInstance: parking_pipeline.is_api_available scheduled__2022-12-26T19:31:39.175614+00:00 [running]> on host a4f1a67a8720
[2022-12-26 19:33:39,837] {taskinstance.py:1571} INFO - Exporting the following env vars:
AIRFLOW_CTX_DAG_OWNER=Airflow
AIRFLOW_CTX_DAG_ID=parking_pipeline
AIRFLOW_CTX_TASK_ID=is_api_available
AIRFLOW_CTX_EXECUTION_DATE=2022-12-26T19:31:39.175614+00:00
AIRFLOW_CTX_TRY_NUMBER=1
AIRFLOW_CTX_DAG_RUN_ID=scheduled__2022-12-26T19:31:39.175614+00:00
[2022-12-26 19:33:39,838] {http.py:97} INFO - Poking: 
[2022-12-26 19:33:39,850] {base.py:68} INFO - Using connection ID 'is_api_available' for task execution.
[2022-12-26 19:33:39,853] {http.py:129} INFO - Sending 'GET' to url: https://datahub-v2.arlingtonva.us/api/ParkingMeter/ParkingTransactions
[2022-12-26 19:33:40,001] {base.py:301} INFO - Success criteria met. Exiting.
[2022-12-26 19:33:40,016] {taskinstance.py:1400} INFO - Marking task as SUCCESS. dag_id=parking_pipeline, task_id=is_api_available, execution_date=20221226T193139, start_date=20221226T193339, end_date=20221226T193340
[2022-12-26 19:33:40,070] {local_task_job.py:156} INFO - Task exited with return code 0
[2022-12-26 19:33:40,112] {local_task_job.py:273} INFO - 1 downstream tasks scheduled from follow-on schedule check
