[2022-12-27 23:28:22,103] {taskinstance.py:1159} INFO - Dependencies all met for <TaskInstance: parking_pipeline.transform_data manual__2022-12-27T23:28:17.243669+00:00 [queued]>
[2022-12-27 23:28:22,114] {taskinstance.py:1159} INFO - Dependencies all met for <TaskInstance: parking_pipeline.transform_data manual__2022-12-27T23:28:17.243669+00:00 [queued]>
[2022-12-27 23:28:22,115] {taskinstance.py:1356} INFO - 
--------------------------------------------------------------------------------
[2022-12-27 23:28:22,115] {taskinstance.py:1357} INFO - Starting attempt 1 of 2
[2022-12-27 23:28:22,116] {taskinstance.py:1358} INFO - 
--------------------------------------------------------------------------------
[2022-12-27 23:28:22,130] {taskinstance.py:1377} INFO - Executing <Task(PythonOperator): transform_data> on 2022-12-27 23:28:17.243669+00:00
[2022-12-27 23:28:22,135] {standard_task_runner.py:52} INFO - Started process 14194 to run task
[2022-12-27 23:28:22,141] {standard_task_runner.py:79} INFO - Running: ['***', 'tasks', 'run', 'parking_pipeline', 'transform_data', 'manual__2022-12-27T23:28:17.243669+00:00', '--job-id', '751', '--raw', '--subdir', 'DAGS_FOLDER/parking_dag.py', '--cfg-path', '/tmp/tmpg1rjx8n4', '--error-file', '/tmp/tmp2jx_6e7e']
[2022-12-27 23:28:22,143] {standard_task_runner.py:80} INFO - Job 751: Subtask transform_data
[2022-12-27 23:28:22,198] {task_command.py:369} INFO - Running <TaskInstance: parking_pipeline.transform_data manual__2022-12-27T23:28:17.243669+00:00 [running]> on host 8fbeee8d3d5a
[2022-12-27 23:28:22,265] {taskinstance.py:1571} INFO - Exporting the following env vars:
AIRFLOW_CTX_DAG_OWNER=Airflow
AIRFLOW_CTX_DAG_ID=parking_pipeline
AIRFLOW_CTX_TASK_ID=transform_data
AIRFLOW_CTX_EXECUTION_DATE=2022-12-27T23:28:17.243669+00:00
AIRFLOW_CTX_TRY_NUMBER=1
AIRFLOW_CTX_DAG_RUN_ID=manual__2022-12-27T23:28:17.243669+00:00
[2022-12-27 23:28:22,314] {python.py:173} INFO - Done. Returned value was: None
[2022-12-27 23:28:22,329] {taskinstance.py:1400} INFO - Marking task as SUCCESS. dag_id=parking_pipeline, task_id=transform_data, execution_date=20221227T232817, start_date=20221227T232822, end_date=20221227T232822
[2022-12-27 23:28:22,352] {local_task_job.py:156} INFO - Task exited with return code 0
[2022-12-27 23:28:22,386] {local_task_job.py:273} INFO - 1 downstream tasks scheduled from follow-on schedule check
