[2022-12-27 21:47:06,294] {taskinstance.py:1159} INFO - Dependencies all met for <TaskInstance: parking_pipeline.create_table manual__2022-12-27T21:47:04.074909+00:00 [queued]>
[2022-12-27 21:47:06,302] {taskinstance.py:1159} INFO - Dependencies all met for <TaskInstance: parking_pipeline.create_table manual__2022-12-27T21:47:04.074909+00:00 [queued]>
[2022-12-27 21:47:06,302] {taskinstance.py:1356} INFO - 
--------------------------------------------------------------------------------
[2022-12-27 21:47:06,303] {taskinstance.py:1357} INFO - Starting attempt 1 of 2
[2022-12-27 21:47:06,303] {taskinstance.py:1358} INFO - 
--------------------------------------------------------------------------------
[2022-12-27 21:47:06,312] {taskinstance.py:1377} INFO - Executing <Task(PostgresOperator): create_table> on 2022-12-27 21:47:04.074909+00:00
[2022-12-27 21:47:06,317] {standard_task_runner.py:52} INFO - Started process 10208 to run task
[2022-12-27 21:47:06,321] {standard_task_runner.py:79} INFO - Running: ['***', 'tasks', 'run', 'parking_pipeline', 'create_table', 'manual__2022-12-27T21:47:04.074909+00:00', '--job-id', '535', '--raw', '--subdir', 'DAGS_FOLDER/parking_dag.py', '--cfg-path', '/tmp/tmpqozb63qy', '--error-file', '/tmp/tmpwrkunwv0']
[2022-12-27 21:47:06,323] {standard_task_runner.py:80} INFO - Job 535: Subtask create_table
[2022-12-27 21:47:06,375] {task_command.py:369} INFO - Running <TaskInstance: parking_pipeline.create_table manual__2022-12-27T21:47:04.074909+00:00 [running]> on host 8fbeee8d3d5a
[2022-12-27 21:47:06,439] {taskinstance.py:1571} INFO - Exporting the following env vars:
AIRFLOW_CTX_DAG_OWNER=Airflow
AIRFLOW_CTX_DAG_ID=parking_pipeline
AIRFLOW_CTX_TASK_ID=create_table
AIRFLOW_CTX_EXECUTION_DATE=2022-12-27T21:47:04.074909+00:00
AIRFLOW_CTX_TRY_NUMBER=1
AIRFLOW_CTX_DAG_RUN_ID=manual__2022-12-27T21:47:04.074909+00:00
[2022-12-27 21:47:06,449] {base.py:68} INFO - Using connection ID 'postgres' for task execution.
[2022-12-27 21:47:06,455] {dbapi.py:208} INFO - Running statement: 
            drop table if exists parking_data;
            create table parking_data(
                parkingTransactionKey int not null,
                symbol text not null
            );
        , parameters: None
[2022-12-27 21:47:06,477] {taskinstance.py:1400} INFO - Marking task as SUCCESS. dag_id=parking_pipeline, task_id=create_table, execution_date=20221227T214704, start_date=20221227T214706, end_date=20221227T214706
[2022-12-27 21:47:06,534] {local_task_job.py:156} INFO - Task exited with return code 0
[2022-12-27 21:47:06,579] {local_task_job.py:273} INFO - 1 downstream tasks scheduled from follow-on schedule check
