[2024-10-20 13:02:01,736] {taskinstance.py:1159} INFO - Dependencies all met for <TaskInstance: parking_pipeline.transform_data manual__2024-10-20T13:01:52.912326+00:00 [queued]>
[2024-10-20 13:02:01,755] {taskinstance.py:1159} INFO - Dependencies all met for <TaskInstance: parking_pipeline.transform_data manual__2024-10-20T13:01:52.912326+00:00 [queued]>
[2024-10-20 13:02:01,756] {taskinstance.py:1356} INFO - 
--------------------------------------------------------------------------------
[2024-10-20 13:02:01,760] {taskinstance.py:1357} INFO - Starting attempt 1 of 2
[2024-10-20 13:02:01,761] {taskinstance.py:1358} INFO - 
--------------------------------------------------------------------------------
[2024-10-20 13:02:01,790] {taskinstance.py:1377} INFO - Executing <Task(PythonOperator): transform_data> on 2024-10-20 13:01:52.912326+00:00
[2024-10-20 13:02:01,800] {standard_task_runner.py:52} INFO - Started process 863 to run task
[2024-10-20 13:02:01,803] {standard_task_runner.py:79} INFO - Running: ['***', 'tasks', 'run', 'parking_pipeline', 'transform_data', 'manual__2024-10-20T13:01:52.912326+00:00', '--job-id', '29', '--raw', '--subdir', 'DAGS_FOLDER/parking_dag.py', '--cfg-path', '/tmp/tmpxyq927kn', '--error-file', '/tmp/tmp37ynactz']
[2024-10-20 13:02:01,805] {standard_task_runner.py:80} INFO - Job 29: Subtask transform_data
[2024-10-20 13:02:01,885] {task_command.py:369} INFO - Running <TaskInstance: parking_pipeline.transform_data manual__2024-10-20T13:01:52.912326+00:00 [running]> on host 1fca498fbeb9
[2024-10-20 13:02:02,011] {taskinstance.py:1571} INFO - Exporting the following env vars:
AIRFLOW_CTX_DAG_OWNER=Airflow
AIRFLOW_CTX_DAG_ID=parking_pipeline
AIRFLOW_CTX_TASK_ID=transform_data
AIRFLOW_CTX_EXECUTION_DATE=2024-10-20T13:01:52.912326+00:00
AIRFLOW_CTX_TRY_NUMBER=1
AIRFLOW_CTX_DAG_RUN_ID=manual__2024-10-20T13:01:52.912326+00:00
[2024-10-20 13:02:02,049] {taskinstance.py:1889} ERROR - Task failed with exception
Traceback (most recent call last):
  File "/home/airflow/.local/lib/python3.7/site-packages/airflow/operators/python.py", line 171, in execute
    return_value = self.execute_callable()
  File "/home/airflow/.local/lib/python3.7/site-packages/airflow/operators/python.py", line 189, in execute_callable
    return self.python_callable(*self.op_args, **self.op_kwargs)
  File "/opt/airflow/dags/parking_dag.py", line 56, in _transform_parking_data
    csv_path = Variable.get('parking_data_csv_path') # Path is retrieved from variable created in Airflow
  File "/home/airflow/.local/lib/python3.7/site-packages/airflow/models/variable.py", line 138, in get
    raise KeyError(f'Variable {key} does not exist')
KeyError: 'Variable parking_data_csv_path does not exist'
[2024-10-20 13:02:02,068] {taskinstance.py:1400} INFO - Marking task as UP_FOR_RETRY. dag_id=parking_pipeline, task_id=transform_data, execution_date=20241020T130152, start_date=20241020T130201, end_date=20241020T130202
[2024-10-20 13:02:02,094] {standard_task_runner.py:97} ERROR - Failed to execute job 29 for task transform_data ('Variable parking_data_csv_path does not exist'; 863)
[2024-10-20 13:02:02,137] {local_task_job.py:156} INFO - Task exited with return code 1
[2024-10-20 13:02:02,191] {local_task_job.py:273} INFO - 0 downstream tasks scheduled from follow-on schedule check
