[2024-10-20 13:07:03,362] {taskinstance.py:1159} INFO - Dependencies all met for <TaskInstance: parking_pipeline.transform_data manual__2024-10-20T13:01:52.912326+00:00 [queued]>
[2024-10-20 13:07:03,374] {taskinstance.py:1159} INFO - Dependencies all met for <TaskInstance: parking_pipeline.transform_data manual__2024-10-20T13:01:52.912326+00:00 [queued]>
[2024-10-20 13:07:03,375] {taskinstance.py:1356} INFO - 
--------------------------------------------------------------------------------
[2024-10-20 13:07:03,376] {taskinstance.py:1357} INFO - Starting attempt 2 of 2
[2024-10-20 13:07:03,376] {taskinstance.py:1358} INFO - 
--------------------------------------------------------------------------------
[2024-10-20 13:07:03,395] {taskinstance.py:1377} INFO - Executing <Task(PythonOperator): transform_data> on 2024-10-20 13:01:52.912326+00:00
[2024-10-20 13:07:03,403] {standard_task_runner.py:52} INFO - Started process 1120 to run task
[2024-10-20 13:07:03,406] {standard_task_runner.py:79} INFO - Running: ['***', 'tasks', 'run', 'parking_pipeline', 'transform_data', 'manual__2024-10-20T13:01:52.912326+00:00', '--job-id', '42', '--raw', '--subdir', 'DAGS_FOLDER/parking_dag.py', '--cfg-path', '/tmp/tmpyvx9blxf', '--error-file', '/tmp/tmpl8w2pzxl']
[2024-10-20 13:07:03,407] {standard_task_runner.py:80} INFO - Job 42: Subtask transform_data
[2024-10-20 13:07:03,473] {task_command.py:369} INFO - Running <TaskInstance: parking_pipeline.transform_data manual__2024-10-20T13:01:52.912326+00:00 [running]> on host 1fca498fbeb9
[2024-10-20 13:07:03,569] {taskinstance.py:1571} INFO - Exporting the following env vars:
AIRFLOW_CTX_DAG_OWNER=Airflow
AIRFLOW_CTX_DAG_ID=parking_pipeline
AIRFLOW_CTX_TASK_ID=transform_data
AIRFLOW_CTX_EXECUTION_DATE=2024-10-20T13:01:52.912326+00:00
AIRFLOW_CTX_TRY_NUMBER=2
AIRFLOW_CTX_DAG_RUN_ID=manual__2024-10-20T13:01:52.912326+00:00
[2024-10-20 13:07:03,603] {taskinstance.py:1889} ERROR - Task failed with exception
Traceback (most recent call last):
  File "/home/airflow/.local/lib/python3.7/site-packages/airflow/operators/python.py", line 171, in execute
    return_value = self.execute_callable()
  File "/home/airflow/.local/lib/python3.7/site-packages/airflow/operators/python.py", line 189, in execute_callable
    return self.python_callable(*self.op_args, **self.op_kwargs)
  File "/opt/airflow/dags/parking_dag.py", line 56, in _transform_parking_data
    csv_path = Variable.get('parking_data_csv_path') # Path is retrieved from variable created in Airflow
  File "/home/airflow/.local/lib/python3.7/site-packages/airflow/models/variable.py", line 138, in get
    raise KeyError(f'Variable {key} does not exist')
KeyError: 'Variable parking_data_csv_path does not exist'
[2024-10-20 13:07:03,620] {taskinstance.py:1400} INFO - Marking task as FAILED. dag_id=parking_pipeline, task_id=transform_data, execution_date=20241020T130152, start_date=20241020T130703, end_date=20241020T130703
[2024-10-20 13:07:03,635] {standard_task_runner.py:97} ERROR - Failed to execute job 42 for task transform_data ('Variable parking_data_csv_path does not exist'; 1120)
[2024-10-20 13:07:03,660] {local_task_job.py:156} INFO - Task exited with return code 1
[2024-10-20 13:07:03,720] {local_task_job.py:273} INFO - 0 downstream tasks scheduled from follow-on schedule check
