[2022-12-27 20:25:11,723] {taskinstance.py:1159} INFO - Dependencies all met for <TaskInstance: parking_pipeline.create_table scheduled__2022-12-27T20:23:09.510022+00:00 [queued]>
[2022-12-27 20:25:11,731] {taskinstance.py:1159} INFO - Dependencies all met for <TaskInstance: parking_pipeline.create_table scheduled__2022-12-27T20:23:09.510022+00:00 [queued]>
[2022-12-27 20:25:11,732] {taskinstance.py:1356} INFO - 
--------------------------------------------------------------------------------
[2022-12-27 20:25:11,732] {taskinstance.py:1357} INFO - Starting attempt 1 of 2
[2022-12-27 20:25:11,733] {taskinstance.py:1358} INFO - 
--------------------------------------------------------------------------------
[2022-12-27 20:25:11,742] {taskinstance.py:1377} INFO - Executing <Task(PostgresOperator): create_table> on 2022-12-27 20:23:09.510022+00:00
[2022-12-27 20:25:11,746] {standard_task_runner.py:52} INFO - Started process 6062 to run task
[2022-12-27 20:25:11,750] {standard_task_runner.py:79} INFO - Running: ['***', 'tasks', 'run', 'parking_pipeline', 'create_table', 'scheduled__2022-12-27T20:23:09.510022+00:00', '--job-id', '197', '--raw', '--subdir', 'DAGS_FOLDER/parking_dag.py', '--cfg-path', '/tmp/tmpfr4u61vs', '--error-file', '/tmp/tmpq4mqr0v7']
[2022-12-27 20:25:11,752] {standard_task_runner.py:80} INFO - Job 197: Subtask create_table
[2022-12-27 20:25:11,810] {task_command.py:369} INFO - Running <TaskInstance: parking_pipeline.create_table scheduled__2022-12-27T20:23:09.510022+00:00 [running]> on host 8fbeee8d3d5a
[2022-12-27 20:25:11,878] {taskinstance.py:1571} INFO - Exporting the following env vars:
AIRFLOW_CTX_DAG_OWNER=Airflow
AIRFLOW_CTX_DAG_ID=parking_pipeline
AIRFLOW_CTX_TASK_ID=create_table
AIRFLOW_CTX_EXECUTION_DATE=2022-12-27T20:23:09.510022+00:00
AIRFLOW_CTX_TRY_NUMBER=1
AIRFLOW_CTX_DAG_RUN_ID=scheduled__2022-12-27T20:23:09.510022+00:00
[2022-12-27 20:25:11,890] {base.py:68} INFO - Using connection ID 'postgres' for task execution.
[2022-12-27 20:25:11,899] {dbapi.py:208} INFO - Running statement: 
            drop table if exists parking_data;
            create table parking_data(
                parkingTransactionKey int not null,
                symbol text not null
            );
        , parameters: None
[2022-12-27 20:25:11,939] {taskinstance.py:1400} INFO - Marking task as SUCCESS. dag_id=parking_pipeline, task_id=create_table, execution_date=20221227T202309, start_date=20221227T202511, end_date=20221227T202511
[2022-12-27 20:25:11,962] {local_task_job.py:156} INFO - Task exited with return code 0
[2022-12-27 20:25:12,001] {local_task_job.py:273} INFO - 1 downstream tasks scheduled from follow-on schedule check
