[2022-12-23T22:30:28.164+0000] {taskinstance.py:1087} INFO - Dependencies all met for <TaskInstance: parking_pipeline.create_table __airflow_temporary_run_2022-12-23T20:40:24.476477+00:00__ [queued]>
[2022-12-23T22:30:28.183+0000] {taskinstance.py:1087} INFO - Dependencies all met for <TaskInstance: parking_pipeline.create_table __airflow_temporary_run_2022-12-23T20:40:24.476477+00:00__ [queued]>
[2022-12-23T22:30:28.184+0000] {taskinstance.py:1283} INFO - 
--------------------------------------------------------------------------------
[2022-12-23T22:30:28.185+0000] {taskinstance.py:1284} INFO - Starting attempt 1 of 2
[2022-12-23T22:30:28.185+0000] {taskinstance.py:1285} INFO - 
--------------------------------------------------------------------------------
[2022-12-23T22:30:28.203+0000] {taskinstance.py:1304} INFO - Executing <Task(PostgresOperator): create_table> on 2022-12-23 20:40:24.476473+00:00
[2022-12-23T22:30:28.208+0000] {standard_task_runner.py:55} INFO - Started process 204 to run task
[2022-12-23T22:30:28.229+0000] {standard_task_runner.py:82} INFO - Running: ['***', 'tasks', 'run', 'parking_pipeline', 'create_table', '__***_temporary_run_2022-12-23T20:40:24.476477+00:00__', '--job-id', '104', '--raw', '--subdir', 'DAGS_FOLDER/parking_dag.py', '--cfg-path', '/tmp/tmp676_lgor']
[2022-12-23T22:30:28.232+0000] {standard_task_runner.py:83} INFO - Job 104: Subtask create_table
[2022-12-23T22:30:28.820+0000] {task_command.py:389} INFO - Running <TaskInstance: parking_pipeline.create_table __airflow_temporary_run_2022-12-23T20:40:24.476477+00:00__ [running]> on host 1437489fb73b
[2022-12-23T22:30:28.979+0000] {taskinstance.py:1513} INFO - Exporting the following env vars:
AIRFLOW_CTX_DAG_OWNER=Airflow
AIRFLOW_CTX_DAG_ID=parking_pipeline
AIRFLOW_CTX_TASK_ID=create_table
AIRFLOW_CTX_EXECUTION_DATE=2022-12-23T20:40:24.476473+00:00
AIRFLOW_CTX_TRY_NUMBER=1
AIRFLOW_CTX_DAG_RUN_ID=__***_temporary_run_2022-12-23T20:40:24.476477+00:00__
[2022-12-23T22:30:28.981+0000] {sql.py:253} INFO - Executing: 
            drop table if exists parking_data;
            create table parking_data(
                parkingTransactionKey int not null,
                symbol text not null
            );
        
[2022-12-23T22:30:29.000+0000] {base.py:73} INFO - Using connection ID 'postgres' for task execution.
[2022-12-23T22:30:29.296+0000] {base.py:73} INFO - Using connection ID 'postgres' for task execution.
[2022-12-23T22:30:29.304+0000] {sql.py:364} INFO - Running statement: 
            drop table if exists parking_data;
            create table parking_data(
                parkingTransactionKey int not null,
                symbol text not null
            );
        , parameters: None
[2022-12-23T22:30:29.364+0000] {taskinstance.py:1327} INFO - Marking task as SUCCESS. dag_id=parking_pipeline, task_id=create_table, execution_date=20221223T204024, start_date=20221223T223028, end_date=20221223T223029
[2022-12-23T22:30:29.470+0000] {local_task_job.py:159} INFO - Task exited with return code 0
[2022-12-23T22:30:29.765+0000] {taskinstance.py:2582} INFO - 1 downstream tasks scheduled from follow-on schedule check
