[2022-12-27 20:25:14,514] {taskinstance.py:1159} INFO - Dependencies all met for <TaskInstance: parking_pipeline.transform_data scheduled__2022-12-27T20:23:09.510022+00:00 [queued]>
[2022-12-27 20:25:14,521] {taskinstance.py:1159} INFO - Dependencies all met for <TaskInstance: parking_pipeline.transform_data scheduled__2022-12-27T20:23:09.510022+00:00 [queued]>
[2022-12-27 20:25:14,521] {taskinstance.py:1356} INFO - 
--------------------------------------------------------------------------------
[2022-12-27 20:25:14,522] {taskinstance.py:1357} INFO - Starting attempt 1 of 2
[2022-12-27 20:25:14,522] {taskinstance.py:1358} INFO - 
--------------------------------------------------------------------------------
[2022-12-27 20:25:14,532] {taskinstance.py:1377} INFO - Executing <Task(PythonOperator): transform_data> on 2022-12-27 20:23:09.510022+00:00
[2022-12-27 20:25:14,536] {standard_task_runner.py:52} INFO - Started process 6068 to run task
[2022-12-27 20:25:14,540] {standard_task_runner.py:79} INFO - Running: ['***', 'tasks', 'run', 'parking_pipeline', 'transform_data', 'scheduled__2022-12-27T20:23:09.510022+00:00', '--job-id', '199', '--raw', '--subdir', 'DAGS_FOLDER/parking_dag.py', '--cfg-path', '/tmp/tmp3fg7_7eu', '--error-file', '/tmp/tmp7jfg6sfj']
[2022-12-27 20:25:14,541] {standard_task_runner.py:80} INFO - Job 199: Subtask transform_data
[2022-12-27 20:25:14,593] {task_command.py:369} INFO - Running <TaskInstance: parking_pipeline.transform_data scheduled__2022-12-27T20:23:09.510022+00:00 [running]> on host 8fbeee8d3d5a
[2022-12-27 20:25:14,651] {taskinstance.py:1571} INFO - Exporting the following env vars:
AIRFLOW_CTX_DAG_OWNER=Airflow
AIRFLOW_CTX_DAG_ID=parking_pipeline
AIRFLOW_CTX_TASK_ID=transform_data
AIRFLOW_CTX_EXECUTION_DATE=2022-12-27T20:23:09.510022+00:00
AIRFLOW_CTX_TRY_NUMBER=1
AIRFLOW_CTX_DAG_RUN_ID=scheduled__2022-12-27T20:23:09.510022+00:00
[2022-12-27 20:25:14,677] {python.py:173} INFO - Done. Returned value was: None
[2022-12-27 20:25:14,690] {taskinstance.py:1400} INFO - Marking task as SUCCESS. dag_id=parking_pipeline, task_id=transform_data, execution_date=20221227T202309, start_date=20221227T202514, end_date=20221227T202514
[2022-12-27 20:25:14,712] {local_task_job.py:156} INFO - Task exited with return code 0
[2022-12-27 20:25:14,742] {local_task_job.py:273} INFO - 0 downstream tasks scheduled from follow-on schedule check
