[2022-12-26 21:38:38,555] {taskinstance.py:1159} INFO - Dependencies all met for <TaskInstance: parking_pipeline.create_table scheduled__2022-12-26T21:36:36.375693+00:00 [queued]>
[2022-12-26 21:38:38,563] {taskinstance.py:1159} INFO - Dependencies all met for <TaskInstance: parking_pipeline.create_table scheduled__2022-12-26T21:36:36.375693+00:00 [queued]>
[2022-12-26 21:38:38,564] {taskinstance.py:1356} INFO - 
--------------------------------------------------------------------------------
[2022-12-26 21:38:38,565] {taskinstance.py:1357} INFO - Starting attempt 1 of 2
[2022-12-26 21:38:38,565] {taskinstance.py:1358} INFO - 
--------------------------------------------------------------------------------
[2022-12-26 21:38:38,574] {taskinstance.py:1377} INFO - Executing <Task(PostgresOperator): create_table> on 2022-12-26 21:36:36.375693+00:00
[2022-12-26 21:38:38,579] {standard_task_runner.py:52} INFO - Started process 892 to run task
[2022-12-26 21:38:38,584] {standard_task_runner.py:79} INFO - Running: ['***', 'tasks', 'run', 'parking_pipeline', 'create_table', 'scheduled__2022-12-26T21:36:36.375693+00:00', '--job-id', '32', '--raw', '--subdir', 'DAGS_FOLDER/parking_dag.py', '--cfg-path', '/tmp/tmpbyog2ezf', '--error-file', '/tmp/tmpkeaahcjn']
[2022-12-26 21:38:38,585] {standard_task_runner.py:80} INFO - Job 32: Subtask create_table
[2022-12-26 21:38:38,642] {task_command.py:369} INFO - Running <TaskInstance: parking_pipeline.create_table scheduled__2022-12-26T21:36:36.375693+00:00 [running]> on host 6ae44adb8f1d
[2022-12-26 21:38:38,717] {taskinstance.py:1571} INFO - Exporting the following env vars:
AIRFLOW_CTX_DAG_OWNER=Airflow
AIRFLOW_CTX_DAG_ID=parking_pipeline
AIRFLOW_CTX_TASK_ID=create_table
AIRFLOW_CTX_EXECUTION_DATE=2022-12-26T21:36:36.375693+00:00
AIRFLOW_CTX_TRY_NUMBER=1
AIRFLOW_CTX_DAG_RUN_ID=scheduled__2022-12-26T21:36:36.375693+00:00
[2022-12-26 21:38:38,728] {base.py:68} INFO - Using connection ID 'postgres' for task execution.
[2022-12-26 21:38:38,735] {dbapi.py:208} INFO - Running statement: 
            drop table if exists parking_data;
            create table parking_data(
                parkingTransactionKey int not null,
                symbol text not null
            );
        , parameters: None
[2022-12-26 21:38:38,760] {taskinstance.py:1400} INFO - Marking task as SUCCESS. dag_id=parking_pipeline, task_id=create_table, execution_date=20221226T213636, start_date=20221226T213838, end_date=20221226T213838
[2022-12-26 21:38:38,796] {local_task_job.py:156} INFO - Task exited with return code 0
[2022-12-26 21:38:38,839] {local_task_job.py:273} INFO - 1 downstream tasks scheduled from follow-on schedule check
