[2022-12-27 18:43:09,161] {taskinstance.py:1159} INFO - Dependencies all met for <TaskInstance: parking_pipeline.is_api_available scheduled__2022-12-27T18:41:08.092883+00:00 [queued]>
[2022-12-27 18:43:09,167] {taskinstance.py:1159} INFO - Dependencies all met for <TaskInstance: parking_pipeline.is_api_available scheduled__2022-12-27T18:41:08.092883+00:00 [queued]>
[2022-12-27 18:43:09,168] {taskinstance.py:1356} INFO - 
--------------------------------------------------------------------------------
[2022-12-27 18:43:09,168] {taskinstance.py:1357} INFO - Starting attempt 1 of 2
[2022-12-27 18:43:09,169] {taskinstance.py:1358} INFO - 
--------------------------------------------------------------------------------
[2022-12-27 18:43:09,177] {taskinstance.py:1377} INFO - Executing <Task(HttpSensor): is_api_available> on 2022-12-27 18:41:08.092883+00:00
[2022-12-27 18:43:09,181] {standard_task_runner.py:52} INFO - Started process 537 to run task
[2022-12-27 18:43:09,185] {standard_task_runner.py:79} INFO - Running: ['***', 'tasks', 'run', 'parking_pipeline', 'is_api_available', 'scheduled__2022-12-27T18:41:08.092883+00:00', '--job-id', '19', '--raw', '--subdir', 'DAGS_FOLDER/parking_dag.py', '--cfg-path', '/tmp/tmprebdjq6p', '--error-file', '/tmp/tmp5i4gvtbm']
[2022-12-27 18:43:09,187] {standard_task_runner.py:80} INFO - Job 19: Subtask is_api_available
[2022-12-27 18:43:09,238] {task_command.py:369} INFO - Running <TaskInstance: parking_pipeline.is_api_available scheduled__2022-12-27T18:41:08.092883+00:00 [running]> on host 8fbeee8d3d5a
[2022-12-27 18:43:09,298] {taskinstance.py:1571} INFO - Exporting the following env vars:
AIRFLOW_CTX_DAG_OWNER=Airflow
AIRFLOW_CTX_DAG_ID=parking_pipeline
AIRFLOW_CTX_TASK_ID=is_api_available
AIRFLOW_CTX_EXECUTION_DATE=2022-12-27T18:41:08.092883+00:00
AIRFLOW_CTX_TRY_NUMBER=1
AIRFLOW_CTX_DAG_RUN_ID=scheduled__2022-12-27T18:41:08.092883+00:00
[2022-12-27 18:43:09,300] {http.py:97} INFO - Poking: 
[2022-12-27 18:43:09,311] {base.py:68} INFO - Using connection ID 'is_api_available' for task execution.
[2022-12-27 18:43:09,313] {http.py:129} INFO - Sending 'GET' to url: https://datahub-v2.arlingtonva.us/api/ParkingMeter/ParkingTransactions
[2022-12-27 18:43:09,462] {base.py:301} INFO - Success criteria met. Exiting.
[2022-12-27 18:43:09,477] {taskinstance.py:1400} INFO - Marking task as SUCCESS. dag_id=parking_pipeline, task_id=is_api_available, execution_date=20221227T184108, start_date=20221227T184309, end_date=20221227T184309
[2022-12-27 18:43:09,522] {local_task_job.py:156} INFO - Task exited with return code 0
[2022-12-27 18:43:09,563] {local_task_job.py:273} INFO - 1 downstream tasks scheduled from follow-on schedule check
