[2022-12-27 23:35:25,752] {taskinstance.py:1159} INFO - Dependencies all met for <TaskInstance: parking_pipeline.is_api_available scheduled__2022-12-27T23:33:25.168331+00:00 [queued]>
[2022-12-27 23:35:25,762] {taskinstance.py:1159} INFO - Dependencies all met for <TaskInstance: parking_pipeline.is_api_available scheduled__2022-12-27T23:33:25.168331+00:00 [queued]>
[2022-12-27 23:35:25,763] {taskinstance.py:1356} INFO - 
--------------------------------------------------------------------------------
[2022-12-27 23:35:25,763] {taskinstance.py:1357} INFO - Starting attempt 1 of 2
[2022-12-27 23:35:25,764] {taskinstance.py:1358} INFO - 
--------------------------------------------------------------------------------
[2022-12-27 23:35:25,775] {taskinstance.py:1377} INFO - Executing <Task(HttpSensor): is_api_available> on 2022-12-27 23:33:25.168331+00:00
[2022-12-27 23:35:25,781] {standard_task_runner.py:52} INFO - Started process 14688 to run task
[2022-12-27 23:35:25,785] {standard_task_runner.py:79} INFO - Running: ['***', 'tasks', 'run', 'parking_pipeline', 'is_api_available', 'scheduled__2022-12-27T23:33:25.168331+00:00', '--job-id', '802', '--raw', '--subdir', 'DAGS_FOLDER/parking_dag.py', '--cfg-path', '/tmp/tmp1cyddjny', '--error-file', '/tmp/tmpb2feaf17']
[2022-12-27 23:35:25,787] {standard_task_runner.py:80} INFO - Job 802: Subtask is_api_available
[2022-12-27 23:35:25,842] {task_command.py:369} INFO - Running <TaskInstance: parking_pipeline.is_api_available scheduled__2022-12-27T23:33:25.168331+00:00 [running]> on host 8fbeee8d3d5a
[2022-12-27 23:35:25,906] {taskinstance.py:1571} INFO - Exporting the following env vars:
AIRFLOW_CTX_DAG_OWNER=Airflow
AIRFLOW_CTX_DAG_ID=parking_pipeline
AIRFLOW_CTX_TASK_ID=is_api_available
AIRFLOW_CTX_EXECUTION_DATE=2022-12-27T23:33:25.168331+00:00
AIRFLOW_CTX_TRY_NUMBER=1
AIRFLOW_CTX_DAG_RUN_ID=scheduled__2022-12-27T23:33:25.168331+00:00
[2022-12-27 23:35:25,908] {http.py:97} INFO - Poking: 
[2022-12-27 23:35:25,919] {base.py:68} INFO - Using connection ID 'is_api_available' for task execution.
[2022-12-27 23:35:25,921] {http.py:129} INFO - Sending 'GET' to url: https://datahub-v2.arlingtonva.us/api/ParkingMeter/ParkingTransactions
[2022-12-27 23:35:26,064] {base.py:301} INFO - Success criteria met. Exiting.
[2022-12-27 23:35:26,079] {taskinstance.py:1400} INFO - Marking task as SUCCESS. dag_id=parking_pipeline, task_id=is_api_available, execution_date=20221227T233325, start_date=20221227T233525, end_date=20221227T233526
[2022-12-27 23:35:26,128] {local_task_job.py:156} INFO - Task exited with return code 0
[2022-12-27 23:35:26,169] {local_task_job.py:273} INFO - 1 downstream tasks scheduled from follow-on schedule check
