[2022-12-26 19:53:25,319] {taskinstance.py:1159} INFO - Dependencies all met for <TaskInstance: parking_pipeline.transform_data scheduled__2022-12-26T19:36:45.149988+00:00 [queued]>
[2022-12-26 19:53:25,332] {taskinstance.py:1159} INFO - Dependencies all met for <TaskInstance: parking_pipeline.transform_data scheduled__2022-12-26T19:36:45.149988+00:00 [queued]>
[2022-12-26 19:53:25,333] {taskinstance.py:1356} INFO - 
--------------------------------------------------------------------------------
[2022-12-26 19:53:25,334] {taskinstance.py:1357} INFO - Starting attempt 2 of 2
[2022-12-26 19:53:25,335] {taskinstance.py:1358} INFO - 
--------------------------------------------------------------------------------
[2022-12-26 19:53:25,379] {taskinstance.py:1377} INFO - Executing <Task(PythonOperator): transform_data> on 2022-12-26 19:36:45.149988+00:00
[2022-12-26 19:53:25,462] {standard_task_runner.py:52} INFO - Started process 10235 to run task
[2022-12-26 19:53:25,528] {standard_task_runner.py:79} INFO - Running: ['***', 'tasks', 'run', 'parking_pipeline', 'transform_data', 'scheduled__2022-12-26T19:36:45.149988+00:00', '--job-id', '403', '--raw', '--subdir', 'DAGS_FOLDER/parking_dag.py', '--cfg-path', '/tmp/tmpz742d2si', '--error-file', '/tmp/tmpffe7j5ix']
[2022-12-26 19:53:25,547] {standard_task_runner.py:80} INFO - Job 403: Subtask transform_data
[2022-12-26 19:53:25,753] {task_command.py:369} INFO - Running <TaskInstance: parking_pipeline.transform_data scheduled__2022-12-26T19:36:45.149988+00:00 [running]> on host a4f1a67a8720
[2022-12-26 19:53:26,138] {taskinstance.py:1571} INFO - Exporting the following env vars:
AIRFLOW_CTX_DAG_OWNER=Airflow
AIRFLOW_CTX_DAG_ID=parking_pipeline
AIRFLOW_CTX_TASK_ID=transform_data
AIRFLOW_CTX_EXECUTION_DATE=2022-12-26T19:36:45.149988+00:00
AIRFLOW_CTX_TRY_NUMBER=2
AIRFLOW_CTX_DAG_RUN_ID=scheduled__2022-12-26T19:36:45.149988+00:00
[2022-12-26 19:53:26,218] {python.py:173} INFO - Done. Returned value was: None
[2022-12-26 19:53:26,381] {taskinstance.py:1400} INFO - Marking task as SUCCESS. dag_id=parking_pipeline, task_id=transform_data, execution_date=20221226T193645, start_date=20221226T195325, end_date=20221226T195326
[2022-12-26 19:53:26,525] {local_task_job.py:156} INFO - Task exited with return code 0
[2022-12-26 19:53:26,728] {local_task_job.py:273} INFO - 0 downstream tasks scheduled from follow-on schedule check
