[2022-12-27 20:05:31,898] {taskinstance.py:1159} INFO - Dependencies all met for <TaskInstance: parking_pipeline.create_table manual__2022-12-27T20:05:29.859146+00:00 [queued]>
[2022-12-27 20:05:31,907] {taskinstance.py:1159} INFO - Dependencies all met for <TaskInstance: parking_pipeline.create_table manual__2022-12-27T20:05:29.859146+00:00 [queued]>
[2022-12-27 20:05:31,908] {taskinstance.py:1356} INFO - 
--------------------------------------------------------------------------------
[2022-12-27 20:05:31,908] {taskinstance.py:1357} INFO - Starting attempt 1 of 2
[2022-12-27 20:05:31,909] {taskinstance.py:1358} INFO - 
--------------------------------------------------------------------------------
[2022-12-27 20:05:31,922] {taskinstance.py:1377} INFO - Executing <Task(PostgresOperator): create_table> on 2022-12-27 20:05:29.859146+00:00
[2022-12-27 20:05:31,927] {standard_task_runner.py:52} INFO - Started process 4912 to run task
[2022-12-27 20:05:31,931] {standard_task_runner.py:79} INFO - Running: ['***', 'tasks', 'run', 'parking_pipeline', 'create_table', 'manual__2022-12-27T20:05:29.859146+00:00', '--job-id', '133', '--raw', '--subdir', 'DAGS_FOLDER/parking_dag.py', '--cfg-path', '/tmp/tmpbzrcaken', '--error-file', '/tmp/tmpytgf35bh']
[2022-12-27 20:05:31,932] {standard_task_runner.py:80} INFO - Job 133: Subtask create_table
[2022-12-27 20:05:31,987] {task_command.py:369} INFO - Running <TaskInstance: parking_pipeline.create_table manual__2022-12-27T20:05:29.859146+00:00 [running]> on host 8fbeee8d3d5a
[2022-12-27 20:05:32,051] {taskinstance.py:1571} INFO - Exporting the following env vars:
AIRFLOW_CTX_DAG_OWNER=Airflow
AIRFLOW_CTX_DAG_ID=parking_pipeline
AIRFLOW_CTX_TASK_ID=create_table
AIRFLOW_CTX_EXECUTION_DATE=2022-12-27T20:05:29.859146+00:00
AIRFLOW_CTX_TRY_NUMBER=1
AIRFLOW_CTX_DAG_RUN_ID=manual__2022-12-27T20:05:29.859146+00:00
[2022-12-27 20:05:32,063] {base.py:68} INFO - Using connection ID 'postgres' for task execution.
[2022-12-27 20:05:32,069] {dbapi.py:208} INFO - Running statement: 
            drop table if exists parking_data;
            create table parking_data(
                parkingTransactionKey int not null,
                symbol text not null
            );
        , parameters: None
[2022-12-27 20:05:32,088] {taskinstance.py:1400} INFO - Marking task as SUCCESS. dag_id=parking_pipeline, task_id=create_table, execution_date=20221227T200529, start_date=20221227T200531, end_date=20221227T200532
[2022-12-27 20:05:32,144] {local_task_job.py:156} INFO - Task exited with return code 0
[2022-12-27 20:05:32,180] {local_task_job.py:273} INFO - 1 downstream tasks scheduled from follow-on schedule check
