[2024-10-20 14:54:35,688] {taskinstance.py:1159} INFO - Dependencies all met for <TaskInstance: parking_pipeline.load_data scheduled__2024-10-20T14:52:26.233770+00:00 [queued]>
[2024-10-20 14:54:35,703] {taskinstance.py:1159} INFO - Dependencies all met for <TaskInstance: parking_pipeline.load_data scheduled__2024-10-20T14:52:26.233770+00:00 [queued]>
[2024-10-20 14:54:35,703] {taskinstance.py:1356} INFO - 
--------------------------------------------------------------------------------
[2024-10-20 14:54:35,704] {taskinstance.py:1357} INFO - Starting attempt 1 of 2
[2024-10-20 14:54:35,704] {taskinstance.py:1358} INFO - 
--------------------------------------------------------------------------------
[2024-10-20 14:54:35,722] {taskinstance.py:1377} INFO - Executing <Task(PythonOperator): load_data> on 2024-10-20 14:52:26.233770+00:00
[2024-10-20 14:54:35,730] {standard_task_runner.py:52} INFO - Started process 3040 to run task
[2024-10-20 14:54:35,733] {standard_task_runner.py:79} INFO - Running: ['***', 'tasks', 'run', 'parking_pipeline', 'load_data', 'scheduled__2024-10-20T14:52:26.233770+00:00', '--job-id', '319', '--raw', '--subdir', 'DAGS_FOLDER/parking_dag.py', '--cfg-path', '/tmp/tmph6fkwrtd', '--error-file', '/tmp/tmpx7ifbb3v']
[2024-10-20 14:54:35,735] {standard_task_runner.py:80} INFO - Job 319: Subtask load_data
[2024-10-20 14:54:35,794] {task_command.py:369} INFO - Running <TaskInstance: parking_pipeline.load_data scheduled__2024-10-20T14:52:26.233770+00:00 [running]> on host 4047801f839c
[2024-10-20 14:54:35,878] {taskinstance.py:1571} INFO - Exporting the following env vars:
AIRFLOW_CTX_DAG_OWNER=Airflow
AIRFLOW_CTX_DAG_ID=parking_pipeline
AIRFLOW_CTX_TASK_ID=load_data
AIRFLOW_CTX_EXECUTION_DATE=2024-10-20T14:52:26.233770+00:00
AIRFLOW_CTX_TRY_NUMBER=1
AIRFLOW_CTX_DAG_RUN_ID=scheduled__2024-10-20T14:52:26.233770+00:00
[2024-10-20 14:54:35,888] {postgres.py:127} INFO - Running copy expert: COPY parking_data FROM stdin WITH DELIMITER as ',', filename: ./tmp/processed_parking_data_00.csv
[2024-10-20 14:54:35,898] {base.py:68} INFO - Using connection ID 'postgres' for task execution.
[2024-10-20 14:54:35,908] {python.py:173} INFO - Done. Returned value was: None
[2024-10-20 14:54:35,923] {taskinstance.py:1400} INFO - Marking task as SUCCESS. dag_id=parking_pipeline, task_id=load_data, execution_date=20241020T145226, start_date=20241020T145435, end_date=20241020T145435
[2024-10-20 14:54:35,947] {local_task_job.py:156} INFO - Task exited with return code 0
[2024-10-20 14:54:35,982] {local_task_job.py:273} INFO - 0 downstream tasks scheduled from follow-on schedule check
