[2022-12-26 21:12:58,429] {taskinstance.py:1159} INFO - Dependencies all met for <TaskInstance: parking_pipeline.is_api_available scheduled__2022-12-26T21:10:57.313229+00:00 [queued]>
[2022-12-26 21:12:58,437] {taskinstance.py:1159} INFO - Dependencies all met for <TaskInstance: parking_pipeline.is_api_available scheduled__2022-12-26T21:10:57.313229+00:00 [queued]>
[2022-12-26 21:12:58,438] {taskinstance.py:1356} INFO - 
--------------------------------------------------------------------------------
[2022-12-26 21:12:58,439] {taskinstance.py:1357} INFO - Starting attempt 1 of 2
[2022-12-26 21:12:58,439] {taskinstance.py:1358} INFO - 
--------------------------------------------------------------------------------
[2022-12-26 21:12:58,450] {taskinstance.py:1377} INFO - Executing <Task(HttpSensor): is_api_available> on 2022-12-26 21:10:57.313229+00:00
[2022-12-26 21:12:58,455] {standard_task_runner.py:52} INFO - Started process 4023 to run task
[2022-12-26 21:12:58,460] {standard_task_runner.py:79} INFO - Running: ['***', 'tasks', 'run', 'parking_pipeline', 'is_api_available', 'scheduled__2022-12-26T21:10:57.313229+00:00', '--job-id', '156', '--raw', '--subdir', 'DAGS_FOLDER/parking_dag.py', '--cfg-path', '/tmp/tmpekdfctk8', '--error-file', '/tmp/tmp4b4m3y1n']
[2022-12-26 21:12:58,461] {standard_task_runner.py:80} INFO - Job 156: Subtask is_api_available
[2022-12-26 21:12:58,516] {task_command.py:369} INFO - Running <TaskInstance: parking_pipeline.is_api_available scheduled__2022-12-26T21:10:57.313229+00:00 [running]> on host 3d3eee352115
[2022-12-26 21:12:58,578] {taskinstance.py:1571} INFO - Exporting the following env vars:
AIRFLOW_CTX_DAG_OWNER=Airflow
AIRFLOW_CTX_DAG_ID=parking_pipeline
AIRFLOW_CTX_TASK_ID=is_api_available
AIRFLOW_CTX_EXECUTION_DATE=2022-12-26T21:10:57.313229+00:00
AIRFLOW_CTX_TRY_NUMBER=1
AIRFLOW_CTX_DAG_RUN_ID=scheduled__2022-12-26T21:10:57.313229+00:00
[2022-12-26 21:12:58,579] {http.py:97} INFO - Poking: 
[2022-12-26 21:12:58,590] {base.py:68} INFO - Using connection ID 'is_api_available' for task execution.
[2022-12-26 21:12:58,592] {http.py:129} INFO - Sending 'GET' to url: https://datahub-v2.arlingtonva.us/api/ParkingMeter/ParkingTransactions
[2022-12-26 21:12:58,744] {base.py:301} INFO - Success criteria met. Exiting.
[2022-12-26 21:12:58,759] {taskinstance.py:1400} INFO - Marking task as SUCCESS. dag_id=parking_pipeline, task_id=is_api_available, execution_date=20221226T211057, start_date=20221226T211258, end_date=20221226T211258
[2022-12-26 21:12:58,794] {local_task_job.py:156} INFO - Task exited with return code 0
[2022-12-26 21:12:58,835] {local_task_job.py:273} INFO - 1 downstream tasks scheduled from follow-on schedule check
