[2022-12-27 21:03:17,675] {taskinstance.py:1159} INFO - Dependencies all met for <TaskInstance: parking_pipeline.is_api_available scheduled__2022-12-27T21:01:16.397577+00:00 [queued]>
[2022-12-27 21:03:17,682] {taskinstance.py:1159} INFO - Dependencies all met for <TaskInstance: parking_pipeline.is_api_available scheduled__2022-12-27T21:01:16.397577+00:00 [queued]>
[2022-12-27 21:03:17,683] {taskinstance.py:1356} INFO - 
--------------------------------------------------------------------------------
[2022-12-27 21:03:17,683] {taskinstance.py:1357} INFO - Starting attempt 1 of 2
[2022-12-27 21:03:17,684] {taskinstance.py:1358} INFO - 
--------------------------------------------------------------------------------
[2022-12-27 21:03:17,693] {taskinstance.py:1377} INFO - Executing <Task(HttpSensor): is_api_available> on 2022-12-27 21:01:16.397577+00:00
[2022-12-27 21:03:17,697] {standard_task_runner.py:52} INFO - Started process 8504 to run task
[2022-12-27 21:03:17,703] {standard_task_runner.py:79} INFO - Running: ['***', 'tasks', 'run', 'parking_pipeline', 'is_api_available', 'scheduled__2022-12-27T21:01:16.397577+00:00', '--job-id', '387', '--raw', '--subdir', 'DAGS_FOLDER/parking_dag.py', '--cfg-path', '/tmp/tmppzq5b33r', '--error-file', '/tmp/tmpeu88kr43']
[2022-12-27 21:03:17,705] {standard_task_runner.py:80} INFO - Job 387: Subtask is_api_available
[2022-12-27 21:03:17,760] {task_command.py:369} INFO - Running <TaskInstance: parking_pipeline.is_api_available scheduled__2022-12-27T21:01:16.397577+00:00 [running]> on host 8fbeee8d3d5a
[2022-12-27 21:03:17,820] {taskinstance.py:1571} INFO - Exporting the following env vars:
AIRFLOW_CTX_DAG_OWNER=Airflow
AIRFLOW_CTX_DAG_ID=parking_pipeline
AIRFLOW_CTX_TASK_ID=is_api_available
AIRFLOW_CTX_EXECUTION_DATE=2022-12-27T21:01:16.397577+00:00
AIRFLOW_CTX_TRY_NUMBER=1
AIRFLOW_CTX_DAG_RUN_ID=scheduled__2022-12-27T21:01:16.397577+00:00
[2022-12-27 21:03:17,822] {http.py:97} INFO - Poking: 
[2022-12-27 21:03:17,832] {base.py:68} INFO - Using connection ID 'is_api_available' for task execution.
[2022-12-27 21:03:17,834] {http.py:129} INFO - Sending 'GET' to url: https://datahub-v2.arlingtonva.us/api/ParkingMeter/ParkingTransactions
[2022-12-27 21:03:17,993] {base.py:301} INFO - Success criteria met. Exiting.
[2022-12-27 21:03:18,010] {taskinstance.py:1400} INFO - Marking task as SUCCESS. dag_id=parking_pipeline, task_id=is_api_available, execution_date=20221227T210116, start_date=20221227T210317, end_date=20221227T210318
[2022-12-27 21:03:18,037] {local_task_job.py:156} INFO - Task exited with return code 0
[2022-12-27 21:03:18,086] {local_task_job.py:273} INFO - 0 downstream tasks scheduled from follow-on schedule check
