[2022-12-27 21:49:43,664] {taskinstance.py:1159} INFO - Dependencies all met for <TaskInstance: parking_pipeline.is_api_available scheduled__2022-12-27T21:47:42.290366+00:00 [queued]>
[2022-12-27 21:49:43,670] {taskinstance.py:1159} INFO - Dependencies all met for <TaskInstance: parking_pipeline.is_api_available scheduled__2022-12-27T21:47:42.290366+00:00 [queued]>
[2022-12-27 21:49:43,671] {taskinstance.py:1356} INFO - 
--------------------------------------------------------------------------------
[2022-12-27 21:49:43,671] {taskinstance.py:1357} INFO - Starting attempt 1 of 2
[2022-12-27 21:49:43,672] {taskinstance.py:1358} INFO - 
--------------------------------------------------------------------------------
[2022-12-27 21:49:43,681] {taskinstance.py:1377} INFO - Executing <Task(HttpSensor): is_api_available> on 2022-12-27 21:47:42.290366+00:00
[2022-12-27 21:49:43,686] {standard_task_runner.py:52} INFO - Started process 10413 to run task
[2022-12-27 21:49:43,690] {standard_task_runner.py:79} INFO - Running: ['***', 'tasks', 'run', 'parking_pipeline', 'is_api_available', 'scheduled__2022-12-27T21:47:42.290366+00:00', '--job-id', '561', '--raw', '--subdir', 'DAGS_FOLDER/parking_dag.py', '--cfg-path', '/tmp/tmpwfiks2ao', '--error-file', '/tmp/tmpa2q_5sph']
[2022-12-27 21:49:43,691] {standard_task_runner.py:80} INFO - Job 561: Subtask is_api_available
[2022-12-27 21:49:43,743] {task_command.py:369} INFO - Running <TaskInstance: parking_pipeline.is_api_available scheduled__2022-12-27T21:47:42.290366+00:00 [running]> on host 8fbeee8d3d5a
[2022-12-27 21:49:43,805] {taskinstance.py:1571} INFO - Exporting the following env vars:
AIRFLOW_CTX_DAG_OWNER=Airflow
AIRFLOW_CTX_DAG_ID=parking_pipeline
AIRFLOW_CTX_TASK_ID=is_api_available
AIRFLOW_CTX_EXECUTION_DATE=2022-12-27T21:47:42.290366+00:00
AIRFLOW_CTX_TRY_NUMBER=1
AIRFLOW_CTX_DAG_RUN_ID=scheduled__2022-12-27T21:47:42.290366+00:00
[2022-12-27 21:49:43,807] {http.py:97} INFO - Poking: 
[2022-12-27 21:49:43,817] {base.py:68} INFO - Using connection ID 'is_api_available' for task execution.
[2022-12-27 21:49:43,820] {http.py:129} INFO - Sending 'GET' to url: https://datahub-v2.arlingtonva.us/api/ParkingMeter/ParkingTransactions
[2022-12-27 21:49:44,003] {base.py:301} INFO - Success criteria met. Exiting.
[2022-12-27 21:49:44,025] {taskinstance.py:1400} INFO - Marking task as SUCCESS. dag_id=parking_pipeline, task_id=is_api_available, execution_date=20221227T214742, start_date=20221227T214943, end_date=20221227T214944
[2022-12-27 21:49:44,077] {local_task_job.py:156} INFO - Task exited with return code 0
[2022-12-27 21:49:44,121] {local_task_job.py:273} INFO - 1 downstream tasks scheduled from follow-on schedule check
