[2024-10-29 03:45:10,978] {taskinstance.py:1159} INFO - Dependencies all met for <TaskInstance: parking_pipeline.is_api_available scheduled__2024-10-29T03:43:09.727694+00:00 [queued]>
[2024-10-29 03:45:10,987] {taskinstance.py:1159} INFO - Dependencies all met for <TaskInstance: parking_pipeline.is_api_available scheduled__2024-10-29T03:43:09.727694+00:00 [queued]>
[2024-10-29 03:45:10,987] {taskinstance.py:1356} INFO - 
--------------------------------------------------------------------------------
[2024-10-29 03:45:10,988] {taskinstance.py:1357} INFO - Starting attempt 1 of 2
[2024-10-29 03:45:10,988] {taskinstance.py:1358} INFO - 
--------------------------------------------------------------------------------
[2024-10-29 03:45:11,001] {taskinstance.py:1377} INFO - Executing <Task(HttpSensor): is_api_available> on 2024-10-29 03:43:09.727694+00:00
[2024-10-29 03:45:11,008] {standard_task_runner.py:52} INFO - Started process 3322 to run task
[2024-10-29 03:45:11,010] {standard_task_runner.py:79} INFO - Running: ['***', 'tasks', 'run', 'parking_pipeline', 'is_api_available', 'scheduled__2024-10-29T03:43:09.727694+00:00', '--job-id', '899', '--raw', '--subdir', 'DAGS_FOLDER/parking_dag.py', '--cfg-path', '/tmp/tmpe9tglqjy', '--error-file', '/tmp/tmpwgjqw48a']
[2024-10-29 03:45:11,011] {standard_task_runner.py:80} INFO - Job 899: Subtask is_api_available
[2024-10-29 03:45:11,070] {task_command.py:369} INFO - Running <TaskInstance: parking_pipeline.is_api_available scheduled__2024-10-29T03:43:09.727694+00:00 [running]> on host 6da7af54a32a
[2024-10-29 03:45:11,139] {taskinstance.py:1571} INFO - Exporting the following env vars:
AIRFLOW_CTX_DAG_OWNER=Airflow
AIRFLOW_CTX_DAG_ID=parking_pipeline
AIRFLOW_CTX_TASK_ID=is_api_available
AIRFLOW_CTX_EXECUTION_DATE=2024-10-29T03:43:09.727694+00:00
AIRFLOW_CTX_TRY_NUMBER=1
AIRFLOW_CTX_DAG_RUN_ID=scheduled__2024-10-29T03:43:09.727694+00:00
[2024-10-29 03:45:11,140] {http.py:97} INFO - Poking: 
[2024-10-29 03:45:11,149] {base.py:68} INFO - Using connection ID 'is_api_available' for task execution.
[2024-10-29 03:45:11,151] {http.py:129} INFO - Sending 'GET' to url: https://datahub-v2.arlingtonva.us/api/ParkingMeter/ParkingTransactions
[2024-10-29 03:45:12,421] {base.py:301} INFO - Success criteria met. Exiting.
[2024-10-29 03:45:12,434] {taskinstance.py:1400} INFO - Marking task as SUCCESS. dag_id=parking_pipeline, task_id=is_api_available, execution_date=20241029T034309, start_date=20241029T034510, end_date=20241029T034512
[2024-10-29 03:45:12,468] {local_task_job.py:156} INFO - Task exited with return code 0
[2024-10-29 03:45:12,519] {local_task_job.py:273} INFO - 1 downstream tasks scheduled from follow-on schedule check
