[2022-12-26 17:50:11,797] {taskinstance.py:1159} INFO - Dependencies all met for <TaskInstance: parking_pipeline.is_api_available scheduled__2022-12-26T17:48:10.868382+00:00 [queued]>
[2022-12-26 17:50:11,804] {taskinstance.py:1159} INFO - Dependencies all met for <TaskInstance: parking_pipeline.is_api_available scheduled__2022-12-26T17:48:10.868382+00:00 [queued]>
[2022-12-26 17:50:11,804] {taskinstance.py:1356} INFO - 
--------------------------------------------------------------------------------
[2022-12-26 17:50:11,805] {taskinstance.py:1357} INFO - Starting attempt 1 of 2
[2022-12-26 17:50:11,805] {taskinstance.py:1358} INFO - 
--------------------------------------------------------------------------------
[2022-12-26 17:50:11,814] {taskinstance.py:1377} INFO - Executing <Task(HttpSensor): is_api_available> on 2022-12-26 17:48:10.868382+00:00
[2022-12-26 17:50:11,819] {standard_task_runner.py:52} INFO - Started process 4772 to run task
[2022-12-26 17:50:11,823] {standard_task_runner.py:79} INFO - Running: ['***', 'tasks', 'run', 'parking_pipeline', 'is_api_available', 'scheduled__2022-12-26T17:48:10.868382+00:00', '--job-id', '159', '--raw', '--subdir', 'DAGS_FOLDER/parking_dag.py', '--cfg-path', '/tmp/tmp9arzd4dc', '--error-file', '/tmp/tmpbvdo8axa']
[2022-12-26 17:50:11,825] {standard_task_runner.py:80} INFO - Job 159: Subtask is_api_available
[2022-12-26 17:50:11,879] {task_command.py:369} INFO - Running <TaskInstance: parking_pipeline.is_api_available scheduled__2022-12-26T17:48:10.868382+00:00 [running]> on host a4f1a67a8720
[2022-12-26 17:50:11,946] {taskinstance.py:1571} INFO - Exporting the following env vars:
AIRFLOW_CTX_DAG_OWNER=Airflow
AIRFLOW_CTX_DAG_ID=parking_pipeline
AIRFLOW_CTX_TASK_ID=is_api_available
AIRFLOW_CTX_EXECUTION_DATE=2022-12-26T17:48:10.868382+00:00
AIRFLOW_CTX_TRY_NUMBER=1
AIRFLOW_CTX_DAG_RUN_ID=scheduled__2022-12-26T17:48:10.868382+00:00
[2022-12-26 17:50:11,948] {http.py:97} INFO - Poking: 
[2022-12-26 17:50:11,958] {base.py:68} INFO - Using connection ID 'is_api_available' for task execution.
[2022-12-26 17:50:11,960] {http.py:129} INFO - Sending 'GET' to url: https://datahub-v2.arlingtonva.us/api/ParkingMeter/ParkingTransactions
[2022-12-26 17:50:12,108] {base.py:301} INFO - Success criteria met. Exiting.
[2022-12-26 17:50:12,122] {taskinstance.py:1400} INFO - Marking task as SUCCESS. dag_id=parking_pipeline, task_id=is_api_available, execution_date=20221226T174810, start_date=20221226T175011, end_date=20221226T175012
[2022-12-26 17:50:12,160] {local_task_job.py:156} INFO - Task exited with return code 0
[2022-12-26 17:50:12,210] {local_task_job.py:273} INFO - 1 downstream tasks scheduled from follow-on schedule check
