[2022-12-27 23:31:45,002] {taskinstance.py:1159} INFO - Dependencies all met for <TaskInstance: parking_pipeline.load_data manual__2022-12-27T23:26:38.487735+00:00 [queued]>
[2022-12-27 23:31:45,009] {taskinstance.py:1159} INFO - Dependencies all met for <TaskInstance: parking_pipeline.load_data manual__2022-12-27T23:26:38.487735+00:00 [queued]>
[2022-12-27 23:31:45,010] {taskinstance.py:1356} INFO - 
--------------------------------------------------------------------------------
[2022-12-27 23:31:45,011] {taskinstance.py:1357} INFO - Starting attempt 2 of 2
[2022-12-27 23:31:45,011] {taskinstance.py:1358} INFO - 
--------------------------------------------------------------------------------
[2022-12-27 23:31:45,023] {taskinstance.py:1377} INFO - Executing <Task(PythonOperator): load_data> on 2022-12-27 23:26:38.487735+00:00
[2022-12-27 23:31:45,029] {standard_task_runner.py:52} INFO - Started process 14452 to run task
[2022-12-27 23:31:45,034] {standard_task_runner.py:79} INFO - Running: ['***', 'tasks', 'run', 'parking_pipeline', 'load_data', 'manual__2022-12-27T23:26:38.487735+00:00', '--job-id', '783', '--raw', '--subdir', 'DAGS_FOLDER/parking_dag.py', '--cfg-path', '/tmp/tmpw5liff49', '--error-file', '/tmp/tmp0jehx6gs']
[2022-12-27 23:31:45,036] {standard_task_runner.py:80} INFO - Job 783: Subtask load_data
[2022-12-27 23:31:45,104] {task_command.py:369} INFO - Running <TaskInstance: parking_pipeline.load_data manual__2022-12-27T23:26:38.487735+00:00 [running]> on host 8fbeee8d3d5a
[2022-12-27 23:31:45,179] {taskinstance.py:1571} INFO - Exporting the following env vars:
AIRFLOW_CTX_DAG_OWNER=Airflow
AIRFLOW_CTX_DAG_ID=parking_pipeline
AIRFLOW_CTX_TASK_ID=load_data
AIRFLOW_CTX_EXECUTION_DATE=2022-12-27T23:26:38.487735+00:00
AIRFLOW_CTX_TRY_NUMBER=2
AIRFLOW_CTX_DAG_RUN_ID=manual__2022-12-27T23:26:38.487735+00:00
[2022-12-27 23:31:45,189] {postgres.py:127} INFO - Running copy expert: COPY parking_data FROM stdin WITH DELIMITER as ',', filename: ./tmp/processed_parking_data_00.csv
[2022-12-27 23:31:45,199] {base.py:68} INFO - Using connection ID 'postgres' for task execution.
[2022-12-27 23:31:45,210] {python.py:173} INFO - Done. Returned value was: None
[2022-12-27 23:31:45,223] {taskinstance.py:1400} INFO - Marking task as SUCCESS. dag_id=parking_pipeline, task_id=load_data, execution_date=20221227T232638, start_date=20221227T233145, end_date=20221227T233145
[2022-12-27 23:31:45,248] {local_task_job.py:156} INFO - Task exited with return code 0
[2022-12-27 23:31:45,277] {local_task_job.py:273} INFO - 0 downstream tasks scheduled from follow-on schedule check
