[2022-12-26 16:25:30,459] {taskinstance.py:1159} INFO - Dependencies all met for <TaskInstance: parking_pipeline.is_api_available scheduled__2022-12-26T16:11:33.546381+00:00 [queued]>
[2022-12-26 16:25:30,469] {taskinstance.py:1159} INFO - Dependencies all met for <TaskInstance: parking_pipeline.is_api_available scheduled__2022-12-26T16:11:33.546381+00:00 [queued]>
[2022-12-26 16:25:30,470] {taskinstance.py:1356} INFO - 
--------------------------------------------------------------------------------
[2022-12-26 16:25:30,471] {taskinstance.py:1357} INFO - Starting attempt 2 of 2
[2022-12-26 16:25:30,471] {taskinstance.py:1358} INFO - 
--------------------------------------------------------------------------------
[2022-12-26 16:25:30,485] {taskinstance.py:1377} INFO - Executing <Task(HttpSensor): is_api_available> on 2022-12-26 16:11:33.546381+00:00
[2022-12-26 16:25:30,493] {standard_task_runner.py:52} INFO - Started process 697 to run task
[2022-12-26 16:25:30,499] {standard_task_runner.py:79} INFO - Running: ['***', 'tasks', 'run', 'parking_pipeline', 'is_api_available', 'scheduled__2022-12-26T16:11:33.546381+00:00', '--job-id', '5', '--raw', '--subdir', 'DAGS_FOLDER/parking_dag.py', '--cfg-path', '/tmp/tmpwa1ookth', '--error-file', '/tmp/tmps5_cxrlu']
[2022-12-26 16:25:30,501] {standard_task_runner.py:80} INFO - Job 5: Subtask is_api_available
[2022-12-26 16:25:30,661] {task_command.py:369} INFO - Running <TaskInstance: parking_pipeline.is_api_available scheduled__2022-12-26T16:11:33.546381+00:00 [running]> on host a4f1a67a8720
[2022-12-26 16:25:30,797] {taskinstance.py:1571} INFO - Exporting the following env vars:
AIRFLOW_CTX_DAG_OWNER=Airflow
AIRFLOW_CTX_DAG_ID=parking_pipeline
AIRFLOW_CTX_TASK_ID=is_api_available
AIRFLOW_CTX_EXECUTION_DATE=2022-12-26T16:11:33.546381+00:00
AIRFLOW_CTX_TRY_NUMBER=2
AIRFLOW_CTX_DAG_RUN_ID=scheduled__2022-12-26T16:11:33.546381+00:00
[2022-12-26 16:25:30,802] {http.py:97} INFO - Poking: 
[2022-12-26 16:25:30,847] {base.py:68} INFO - Using connection ID 'is_api_available' for task execution.
[2022-12-26 16:25:30,857] {http.py:129} INFO - Sending 'GET' to url: https://datahub-v2.arlingtonva.us/api/ParkingMeter/ParkingTransactions
[2022-12-26 16:25:31,448] {base.py:301} INFO - Success criteria met. Exiting.
[2022-12-26 16:25:31,462] {taskinstance.py:1400} INFO - Marking task as SUCCESS. dag_id=parking_pipeline, task_id=is_api_available, execution_date=20221226T161133, start_date=20221226T162530, end_date=20221226T162531
[2022-12-26 16:25:31,527] {local_task_job.py:156} INFO - Task exited with return code 0
[2022-12-26 16:25:31,580] {local_task_job.py:273} INFO - 1 downstream tasks scheduled from follow-on schedule check
