[2022-12-26 20:04:51,954] {taskinstance.py:1159} INFO - Dependencies all met for <TaskInstance: parking_pipeline.create_table scheduled__2022-12-26T20:02:49.971774+00:00 [queued]>
[2022-12-26 20:04:51,962] {taskinstance.py:1159} INFO - Dependencies all met for <TaskInstance: parking_pipeline.create_table scheduled__2022-12-26T20:02:49.971774+00:00 [queued]>
[2022-12-26 20:04:51,962] {taskinstance.py:1356} INFO - 
--------------------------------------------------------------------------------
[2022-12-26 20:04:51,963] {taskinstance.py:1357} INFO - Starting attempt 1 of 2
[2022-12-26 20:04:51,963] {taskinstance.py:1358} INFO - 
--------------------------------------------------------------------------------
[2022-12-26 20:04:51,973] {taskinstance.py:1377} INFO - Executing <Task(PostgresOperator): create_table> on 2022-12-26 20:02:49.971774+00:00
[2022-12-26 20:04:51,978] {standard_task_runner.py:52} INFO - Started process 184 to run task
[2022-12-26 20:04:51,983] {standard_task_runner.py:79} INFO - Running: ['***', 'tasks', 'run', 'parking_pipeline', 'create_table', 'scheduled__2022-12-26T20:02:49.971774+00:00', '--job-id', '5', '--raw', '--subdir', 'DAGS_FOLDER/parking_dag.py', '--cfg-path', '/tmp/tmp3le2863w', '--error-file', '/tmp/tmp6u5d46uy']
[2022-12-26 20:04:51,984] {standard_task_runner.py:80} INFO - Job 5: Subtask create_table
[2022-12-26 20:04:52,040] {task_command.py:369} INFO - Running <TaskInstance: parking_pipeline.create_table scheduled__2022-12-26T20:02:49.971774+00:00 [running]> on host 3d3eee352115
[2022-12-26 20:04:52,101] {taskinstance.py:1571} INFO - Exporting the following env vars:
AIRFLOW_CTX_DAG_OWNER=Airflow
AIRFLOW_CTX_DAG_ID=parking_pipeline
AIRFLOW_CTX_TASK_ID=create_table
AIRFLOW_CTX_EXECUTION_DATE=2022-12-26T20:02:49.971774+00:00
AIRFLOW_CTX_TRY_NUMBER=1
AIRFLOW_CTX_DAG_RUN_ID=scheduled__2022-12-26T20:02:49.971774+00:00
[2022-12-26 20:04:52,112] {base.py:68} INFO - Using connection ID 'postgres' for task execution.
[2022-12-26 20:04:52,118] {dbapi.py:208} INFO - Running statement: 
            drop table if exists parking_data;
            create table parking_data(
                parkingTransactionKey int not null,
                symbol text not null
            );
        , parameters: None
[2022-12-26 20:04:52,124] {postgres.py:94} INFO - NOTICE:  table "parking_data" does not exist, skipping

[2022-12-26 20:04:52,136] {taskinstance.py:1400} INFO - Marking task as SUCCESS. dag_id=parking_pipeline, task_id=create_table, execution_date=20221226T200249, start_date=20221226T200451, end_date=20221226T200452
[2022-12-26 20:04:52,155] {local_task_job.py:156} INFO - Task exited with return code 0
[2022-12-26 20:04:52,192] {local_task_job.py:273} INFO - 1 downstream tasks scheduled from follow-on schedule check
