[2022-12-27 23:25:45,710] {taskinstance.py:1159} INFO - Dependencies all met for <TaskInstance: parking_pipeline.create_table scheduled__2022-12-27T23:23:43.606041+00:00 [queued]>
[2022-12-27 23:25:45,717] {taskinstance.py:1159} INFO - Dependencies all met for <TaskInstance: parking_pipeline.create_table scheduled__2022-12-27T23:23:43.606041+00:00 [queued]>
[2022-12-27 23:25:45,718] {taskinstance.py:1356} INFO - 
--------------------------------------------------------------------------------
[2022-12-27 23:25:45,718] {taskinstance.py:1357} INFO - Starting attempt 1 of 2
[2022-12-27 23:25:45,719] {taskinstance.py:1358} INFO - 
--------------------------------------------------------------------------------
[2022-12-27 23:25:45,728] {taskinstance.py:1377} INFO - Executing <Task(PostgresOperator): create_table> on 2022-12-27 23:23:43.606041+00:00
[2022-12-27 23:25:45,733] {standard_task_runner.py:52} INFO - Started process 14003 to run task
[2022-12-27 23:25:45,737] {standard_task_runner.py:79} INFO - Running: ['***', 'tasks', 'run', 'parking_pipeline', 'create_table', 'scheduled__2022-12-27T23:23:43.606041+00:00', '--job-id', '729', '--raw', '--subdir', 'DAGS_FOLDER/parking_dag.py', '--cfg-path', '/tmp/tmp1nd0wyas', '--error-file', '/tmp/tmpgpxi4uyv']
[2022-12-27 23:25:45,738] {standard_task_runner.py:80} INFO - Job 729: Subtask create_table
[2022-12-27 23:25:45,790] {task_command.py:369} INFO - Running <TaskInstance: parking_pipeline.create_table scheduled__2022-12-27T23:23:43.606041+00:00 [running]> on host 8fbeee8d3d5a
[2022-12-27 23:25:45,851] {taskinstance.py:1571} INFO - Exporting the following env vars:
AIRFLOW_CTX_DAG_OWNER=Airflow
AIRFLOW_CTX_DAG_ID=parking_pipeline
AIRFLOW_CTX_TASK_ID=create_table
AIRFLOW_CTX_EXECUTION_DATE=2022-12-27T23:23:43.606041+00:00
AIRFLOW_CTX_TRY_NUMBER=1
AIRFLOW_CTX_DAG_RUN_ID=scheduled__2022-12-27T23:23:43.606041+00:00
[2022-12-27 23:25:45,862] {base.py:68} INFO - Using connection ID 'postgres' for task execution.
[2022-12-27 23:25:45,867] {dbapi.py:208} INFO - Running statement: 
            drop table if exists parking_data;
            create table parking_data(
                parkingTransactionKey int not null,
                startDtm text not null,
                endDtm text not null,
                transactionAmt float not null,
                paymentTypeName text not null,
                transactionStatusCode text not null,
                maxHoursCnt float not null,
                meterTypeDsc text not null,
                dollarPerHourRate float not null,
                activeStatusInd bool not null,
                metroAreaName text not null
            );
        , parameters: None
[2022-12-27 23:25:45,889] {taskinstance.py:1400} INFO - Marking task as SUCCESS. dag_id=parking_pipeline, task_id=create_table, execution_date=20221227T232343, start_date=20221227T232545, end_date=20221227T232545
[2022-12-27 23:25:45,950] {local_task_job.py:156} INFO - Task exited with return code 0
[2022-12-27 23:25:45,989] {local_task_job.py:273} INFO - 1 downstream tasks scheduled from follow-on schedule check
