[2022-12-27 21:45:21,606] {taskinstance.py:1159} INFO - Dependencies all met for <TaskInstance: parking_pipeline.is_api_available scheduled__2022-12-27T21:43:21.176519+00:00 [queued]>
[2022-12-27 21:45:21,613] {taskinstance.py:1159} INFO - Dependencies all met for <TaskInstance: parking_pipeline.is_api_available scheduled__2022-12-27T21:43:21.176519+00:00 [queued]>
[2022-12-27 21:45:21,614] {taskinstance.py:1356} INFO - 
--------------------------------------------------------------------------------
[2022-12-27 21:45:21,614] {taskinstance.py:1357} INFO - Starting attempt 1 of 2
[2022-12-27 21:45:21,615] {taskinstance.py:1358} INFO - 
--------------------------------------------------------------------------------
[2022-12-27 21:45:21,624] {taskinstance.py:1377} INFO - Executing <Task(HttpSensor): is_api_available> on 2022-12-27 21:43:21.176519+00:00
[2022-12-27 21:45:21,629] {standard_task_runner.py:52} INFO - Started process 10114 to run task
[2022-12-27 21:45:21,633] {standard_task_runner.py:79} INFO - Running: ['***', 'tasks', 'run', 'parking_pipeline', 'is_api_available', 'scheduled__2022-12-27T21:43:21.176519+00:00', '--job-id', '530', '--raw', '--subdir', 'DAGS_FOLDER/parking_dag.py', '--cfg-path', '/tmp/tmplguxkj3t', '--error-file', '/tmp/tmpv4c3iqrt']
[2022-12-27 21:45:21,635] {standard_task_runner.py:80} INFO - Job 530: Subtask is_api_available
[2022-12-27 21:45:21,690] {task_command.py:369} INFO - Running <TaskInstance: parking_pipeline.is_api_available scheduled__2022-12-27T21:43:21.176519+00:00 [running]> on host 8fbeee8d3d5a
[2022-12-27 21:45:21,758] {taskinstance.py:1571} INFO - Exporting the following env vars:
AIRFLOW_CTX_DAG_OWNER=Airflow
AIRFLOW_CTX_DAG_ID=parking_pipeline
AIRFLOW_CTX_TASK_ID=is_api_available
AIRFLOW_CTX_EXECUTION_DATE=2022-12-27T21:43:21.176519+00:00
AIRFLOW_CTX_TRY_NUMBER=1
AIRFLOW_CTX_DAG_RUN_ID=scheduled__2022-12-27T21:43:21.176519+00:00
[2022-12-27 21:45:21,759] {http.py:97} INFO - Poking: 
[2022-12-27 21:45:21,770] {base.py:68} INFO - Using connection ID 'is_api_available' for task execution.
[2022-12-27 21:45:21,773] {http.py:129} INFO - Sending 'GET' to url: https://datahub-v2.arlingtonva.us/api/ParkingMeter/ParkingTransactions
[2022-12-27 21:45:21,972] {base.py:301} INFO - Success criteria met. Exiting.
[2022-12-27 21:45:21,988] {taskinstance.py:1400} INFO - Marking task as SUCCESS. dag_id=parking_pipeline, task_id=is_api_available, execution_date=20221227T214321, start_date=20221227T214521, end_date=20221227T214521
[2022-12-27 21:45:22,008] {local_task_job.py:156} INFO - Task exited with return code 0
[2022-12-27 21:45:22,055] {local_task_job.py:273} INFO - 1 downstream tasks scheduled from follow-on schedule check
