[2024-10-29 02:45:13,967] {taskinstance.py:1159} INFO - Dependencies all met for <TaskInstance: parking_pipeline.store_data_csv scheduled__2024-10-29T02:43:03.518425+00:00 [queued]>
[2024-10-29 02:45:13,983] {taskinstance.py:1159} INFO - Dependencies all met for <TaskInstance: parking_pipeline.store_data_csv scheduled__2024-10-29T02:43:03.518425+00:00 [queued]>
[2024-10-29 02:45:13,984] {taskinstance.py:1356} INFO - 
--------------------------------------------------------------------------------
[2024-10-29 02:45:13,984] {taskinstance.py:1357} INFO - Starting attempt 1 of 2
[2024-10-29 02:45:13,985] {taskinstance.py:1358} INFO - 
--------------------------------------------------------------------------------
[2024-10-29 02:45:14,019] {taskinstance.py:1377} INFO - Executing <Task(PythonOperator): store_data_csv> on 2024-10-29 02:43:03.518425+00:00
[2024-10-29 02:45:14,027] {standard_task_runner.py:52} INFO - Started process 888 to run task
[2024-10-29 02:45:14,032] {standard_task_runner.py:79} INFO - Running: ['***', 'tasks', 'run', 'parking_pipeline', 'store_data_csv', 'scheduled__2024-10-29T02:43:03.518425+00:00', '--job-id', '609', '--raw', '--subdir', 'DAGS_FOLDER/parking_dag.py', '--cfg-path', '/tmp/tmpeupto_zx', '--error-file', '/tmp/tmp3zjfuyxh']
[2024-10-29 02:45:14,033] {standard_task_runner.py:80} INFO - Job 609: Subtask store_data_csv
[2024-10-29 02:45:14,115] {task_command.py:369} INFO - Running <TaskInstance: parking_pipeline.store_data_csv scheduled__2024-10-29T02:43:03.518425+00:00 [running]> on host 31266dfed982
[2024-10-29 02:45:14,226] {taskinstance.py:1571} INFO - Exporting the following env vars:
AIRFLOW_CTX_DAG_OWNER=Airflow
AIRFLOW_CTX_DAG_ID=parking_pipeline
AIRFLOW_CTX_TASK_ID=store_data_csv
AIRFLOW_CTX_EXECUTION_DATE=2024-10-29T02:43:03.518425+00:00
AIRFLOW_CTX_TRY_NUMBER=1
AIRFLOW_CTX_DAG_RUN_ID=scheduled__2024-10-29T02:43:03.518425+00:00
[2024-10-29 02:45:14,279] {python.py:173} INFO - Done. Returned value was: None
[2024-10-29 02:45:14,303] {taskinstance.py:1400} INFO - Marking task as SUCCESS. dag_id=parking_pipeline, task_id=store_data_csv, execution_date=20241029T024303, start_date=20241029T024513, end_date=20241029T024514
[2024-10-29 02:45:14,367] {local_task_job.py:156} INFO - Task exited with return code 0
[2024-10-29 02:45:14,426] {local_task_job.py:273} INFO - 0 downstream tasks scheduled from follow-on schedule check
