[2022-12-27 23:29:02,196] {taskinstance.py:1159} INFO - Dependencies all met for <TaskInstance: parking_pipeline.load_data scheduled__2022-12-27T22:53:44.725207+00:00 [queued]>
[2022-12-27 23:29:02,204] {taskinstance.py:1159} INFO - Dependencies all met for <TaskInstance: parking_pipeline.load_data scheduled__2022-12-27T22:53:44.725207+00:00 [queued]>
[2022-12-27 23:29:02,205] {taskinstance.py:1356} INFO - 
--------------------------------------------------------------------------------
[2022-12-27 23:29:02,206] {taskinstance.py:1357} INFO - Starting attempt 2 of 2
[2022-12-27 23:29:02,206] {taskinstance.py:1358} INFO - 
--------------------------------------------------------------------------------
[2022-12-27 23:29:02,217] {taskinstance.py:1377} INFO - Executing <Task(PythonOperator): load_data> on 2022-12-27 22:53:44.725207+00:00
[2022-12-27 23:29:02,222] {standard_task_runner.py:52} INFO - Started process 14244 to run task
[2022-12-27 23:29:02,234] {standard_task_runner.py:79} INFO - Running: ['***', 'tasks', 'run', 'parking_pipeline', 'load_data', 'scheduled__2022-12-27T22:53:44.725207+00:00', '--job-id', '755', '--raw', '--subdir', 'DAGS_FOLDER/parking_dag.py', '--cfg-path', '/tmp/tmpi7i2edsq', '--error-file', '/tmp/tmpx8_7o62g']
[2022-12-27 23:29:02,236] {standard_task_runner.py:80} INFO - Job 755: Subtask load_data
[2022-12-27 23:29:02,318] {task_command.py:369} INFO - Running <TaskInstance: parking_pipeline.load_data scheduled__2022-12-27T22:53:44.725207+00:00 [running]> on host 8fbeee8d3d5a
[2022-12-27 23:29:02,398] {taskinstance.py:1571} INFO - Exporting the following env vars:
AIRFLOW_CTX_DAG_OWNER=Airflow
AIRFLOW_CTX_DAG_ID=parking_pipeline
AIRFLOW_CTX_TASK_ID=load_data
AIRFLOW_CTX_EXECUTION_DATE=2022-12-27T22:53:44.725207+00:00
AIRFLOW_CTX_TRY_NUMBER=2
AIRFLOW_CTX_DAG_RUN_ID=scheduled__2022-12-27T22:53:44.725207+00:00
[2022-12-27 23:29:02,413] {postgres.py:127} INFO - Running copy expert: COPY parking_data FROM stdin WITH DELIMITER as ',', filename: ./tmp/processed_parking_data_00.csv
[2022-12-27 23:29:02,429] {base.py:68} INFO - Using connection ID 'postgres' for task execution.
[2022-12-27 23:29:02,445] {python.py:173} INFO - Done. Returned value was: None
[2022-12-27 23:29:02,473] {taskinstance.py:1400} INFO - Marking task as SUCCESS. dag_id=parking_pipeline, task_id=load_data, execution_date=20221227T225344, start_date=20221227T232902, end_date=20221227T232902
[2022-12-27 23:29:02,522] {local_task_job.py:156} INFO - Task exited with return code 0
[2022-12-27 23:29:02,568] {local_task_job.py:273} INFO - 0 downstream tasks scheduled from follow-on schedule check
