[2024-10-29 02:55:19,265] {taskinstance.py:1159} INFO - Dependencies all met for <TaskInstance: parking_pipeline.is_api_available scheduled__2024-10-29T02:53:17.971963+00:00 [queued]>
[2024-10-29 02:55:19,285] {taskinstance.py:1159} INFO - Dependencies all met for <TaskInstance: parking_pipeline.is_api_available scheduled__2024-10-29T02:53:17.971963+00:00 [queued]>
[2024-10-29 02:55:19,286] {taskinstance.py:1356} INFO - 
--------------------------------------------------------------------------------
[2024-10-29 02:55:19,287] {taskinstance.py:1357} INFO - Starting attempt 1 of 2
[2024-10-29 02:55:19,288] {taskinstance.py:1358} INFO - 
--------------------------------------------------------------------------------
[2024-10-29 02:55:19,327] {taskinstance.py:1377} INFO - Executing <Task(HttpSensor): is_api_available> on 2024-10-29 02:53:17.971963+00:00
[2024-10-29 02:55:19,337] {standard_task_runner.py:52} INFO - Started process 529 to run task
[2024-10-29 02:55:19,342] {standard_task_runner.py:79} INFO - Running: ['***', 'tasks', 'run', 'parking_pipeline', 'is_api_available', 'scheduled__2024-10-29T02:53:17.971963+00:00', '--job-id', '711', '--raw', '--subdir', 'DAGS_FOLDER/parking_dag.py', '--cfg-path', '/tmp/tmphzckmdrx', '--error-file', '/tmp/tmpogf6caru']
[2024-10-29 02:55:19,344] {standard_task_runner.py:80} INFO - Job 711: Subtask is_api_available
[2024-10-29 02:55:19,445] {task_command.py:369} INFO - Running <TaskInstance: parking_pipeline.is_api_available scheduled__2024-10-29T02:53:17.971963+00:00 [running]> on host 6da7af54a32a
[2024-10-29 02:55:19,596] {taskinstance.py:1571} INFO - Exporting the following env vars:
AIRFLOW_CTX_DAG_OWNER=Airflow
AIRFLOW_CTX_DAG_ID=parking_pipeline
AIRFLOW_CTX_TASK_ID=is_api_available
AIRFLOW_CTX_EXECUTION_DATE=2024-10-29T02:53:17.971963+00:00
AIRFLOW_CTX_TRY_NUMBER=1
AIRFLOW_CTX_DAG_RUN_ID=scheduled__2024-10-29T02:53:17.971963+00:00
[2024-10-29 02:55:19,598] {http.py:97} INFO - Poking: 
[2024-10-29 02:55:19,616] {base.py:68} INFO - Using connection ID 'is_api_available' for task execution.
[2024-10-29 02:55:19,619] {http.py:129} INFO - Sending 'GET' to url: https://datahub-v2.arlingtonva.us/api/ParkingMeter/ParkingTransactions
[2024-10-29 02:55:20,625] {base.py:301} INFO - Success criteria met. Exiting.
[2024-10-29 02:55:20,652] {taskinstance.py:1400} INFO - Marking task as SUCCESS. dag_id=parking_pipeline, task_id=is_api_available, execution_date=20241029T025317, start_date=20241029T025519, end_date=20241029T025520
[2024-10-29 02:55:20,722] {local_task_job.py:156} INFO - Task exited with return code 0
[2024-10-29 02:55:20,826] {local_task_job.py:273} INFO - 1 downstream tasks scheduled from follow-on schedule check
