[2024-10-22 03:14:12,282] {taskinstance.py:1159} INFO - Dependencies all met for <TaskInstance: parking_pipeline.is_api_available scheduled__2024-10-22T03:12:10.879477+00:00 [queued]>
[2024-10-22 03:14:12,295] {taskinstance.py:1159} INFO - Dependencies all met for <TaskInstance: parking_pipeline.is_api_available scheduled__2024-10-22T03:12:10.879477+00:00 [queued]>
[2024-10-22 03:14:12,295] {taskinstance.py:1356} INFO - 
--------------------------------------------------------------------------------
[2024-10-22 03:14:12,296] {taskinstance.py:1357} INFO - Starting attempt 1 of 2
[2024-10-22 03:14:12,297] {taskinstance.py:1358} INFO - 
--------------------------------------------------------------------------------
[2024-10-22 03:14:12,319] {taskinstance.py:1377} INFO - Executing <Task(HttpSensor): is_api_available> on 2024-10-22 03:12:10.879477+00:00
[2024-10-22 03:14:12,326] {standard_task_runner.py:52} INFO - Started process 287 to run task
[2024-10-22 03:14:12,329] {standard_task_runner.py:79} INFO - Running: ['***', 'tasks', 'run', 'parking_pipeline', 'is_api_available', 'scheduled__2024-10-22T03:12:10.879477+00:00', '--job-id', '356', '--raw', '--subdir', 'DAGS_FOLDER/parking_dag.py', '--cfg-path', '/tmp/tmpjc40fkzb', '--error-file', '/tmp/tmpy1y0va8r']
[2024-10-22 03:14:12,330] {standard_task_runner.py:80} INFO - Job 356: Subtask is_api_available
[2024-10-22 03:14:12,403] {task_command.py:369} INFO - Running <TaskInstance: parking_pipeline.is_api_available scheduled__2024-10-22T03:12:10.879477+00:00 [running]> on host 09e0b15a696c
[2024-10-22 03:14:12,519] {taskinstance.py:1571} INFO - Exporting the following env vars:
AIRFLOW_CTX_DAG_OWNER=Airflow
AIRFLOW_CTX_DAG_ID=parking_pipeline
AIRFLOW_CTX_TASK_ID=is_api_available
AIRFLOW_CTX_EXECUTION_DATE=2024-10-22T03:12:10.879477+00:00
AIRFLOW_CTX_TRY_NUMBER=1
AIRFLOW_CTX_DAG_RUN_ID=scheduled__2024-10-22T03:12:10.879477+00:00
[2024-10-22 03:14:12,520] {http.py:97} INFO - Poking: 
[2024-10-22 03:14:12,533] {base.py:68} INFO - Using connection ID 'is_api_available' for task execution.
[2024-10-22 03:14:12,535] {http.py:129} INFO - Sending 'GET' to url: https://datahub-v2.arlingtonva.us/api/ParkingMeter/ParkingTransactions
[2024-10-22 03:14:13,519] {base.py:301} INFO - Success criteria met. Exiting.
[2024-10-22 03:14:13,551] {taskinstance.py:1400} INFO - Marking task as SUCCESS. dag_id=parking_pipeline, task_id=is_api_available, execution_date=20241022T031210, start_date=20241022T031412, end_date=20241022T031413
[2024-10-22 03:14:13,588] {local_task_job.py:156} INFO - Task exited with return code 0
[2024-10-22 03:14:13,656] {local_task_job.py:273} INFO - 1 downstream tasks scheduled from follow-on schedule check
