[2024-10-20 12:59:29,940] {taskinstance.py:1159} INFO - Dependencies all met for <TaskInstance: parking_pipeline.is_api_available scheduled__2024-10-20T12:52:27.854952+00:00 [queued]>
[2024-10-20 12:59:29,955] {taskinstance.py:1159} INFO - Dependencies all met for <TaskInstance: parking_pipeline.is_api_available scheduled__2024-10-20T12:52:27.854952+00:00 [queued]>
[2024-10-20 12:59:29,955] {taskinstance.py:1356} INFO - 
--------------------------------------------------------------------------------
[2024-10-20 12:59:29,957] {taskinstance.py:1357} INFO - Starting attempt 2 of 2
[2024-10-20 12:59:29,957] {taskinstance.py:1358} INFO - 
--------------------------------------------------------------------------------
[2024-10-20 12:59:29,978] {taskinstance.py:1377} INFO - Executing <Task(HttpSensor): is_api_available> on 2024-10-20 12:52:27.854952+00:00
[2024-10-20 12:59:29,986] {standard_task_runner.py:52} INFO - Started process 701 to run task
[2024-10-20 12:59:29,989] {standard_task_runner.py:79} INFO - Running: ['***', 'tasks', 'run', 'parking_pipeline', 'is_api_available', 'scheduled__2024-10-20T12:52:27.854952+00:00', '--job-id', '14', '--raw', '--subdir', 'DAGS_FOLDER/parking_dag.py', '--cfg-path', '/tmp/tmpfa6ln07x', '--error-file', '/tmp/tmp6sqq5u7m']
[2024-10-20 12:59:29,990] {standard_task_runner.py:80} INFO - Job 14: Subtask is_api_available
[2024-10-20 12:59:30,063] {task_command.py:369} INFO - Running <TaskInstance: parking_pipeline.is_api_available scheduled__2024-10-20T12:52:27.854952+00:00 [running]> on host 1fca498fbeb9
[2024-10-20 12:59:30,158] {taskinstance.py:1571} INFO - Exporting the following env vars:
AIRFLOW_CTX_DAG_OWNER=Airflow
AIRFLOW_CTX_DAG_ID=parking_pipeline
AIRFLOW_CTX_TASK_ID=is_api_available
AIRFLOW_CTX_EXECUTION_DATE=2024-10-20T12:52:27.854952+00:00
AIRFLOW_CTX_TRY_NUMBER=2
AIRFLOW_CTX_DAG_RUN_ID=scheduled__2024-10-20T12:52:27.854952+00:00
[2024-10-20 12:59:30,159] {http.py:97} INFO - Poking: 
[2024-10-20 12:59:30,173] {base.py:68} INFO - Using connection ID 'is_api_available' for task execution.
[2024-10-20 12:59:30,175] {http.py:129} INFO - Sending 'GET' to url: https://datahub-v2.arlingtonva.us/api/ParkingMeter/ParkingTransactions
[2024-10-20 12:59:31,280] {base.py:301} INFO - Success criteria met. Exiting.
[2024-10-20 12:59:31,314] {taskinstance.py:1400} INFO - Marking task as SUCCESS. dag_id=parking_pipeline, task_id=is_api_available, execution_date=20241020T125227, start_date=20241020T125929, end_date=20241020T125931
[2024-10-20 12:59:31,373] {local_task_job.py:156} INFO - Task exited with return code 0
[2024-10-20 12:59:31,463] {local_task_job.py:273} INFO - 1 downstream tasks scheduled from follow-on schedule check
