[2024-10-20 14:26:27,058] {taskinstance.py:1159} INFO - Dependencies all met for <TaskInstance: parking_pipeline.is_api_available scheduled__2024-10-20T14:24:25.775451+00:00 [queued]>
[2024-10-20 14:26:27,071] {taskinstance.py:1159} INFO - Dependencies all met for <TaskInstance: parking_pipeline.is_api_available scheduled__2024-10-20T14:24:25.775451+00:00 [queued]>
[2024-10-20 14:26:27,072] {taskinstance.py:1356} INFO - 
--------------------------------------------------------------------------------
[2024-10-20 14:26:27,072] {taskinstance.py:1357} INFO - Starting attempt 1 of 2
[2024-10-20 14:26:27,073] {taskinstance.py:1358} INFO - 
--------------------------------------------------------------------------------
[2024-10-20 14:26:27,089] {taskinstance.py:1377} INFO - Executing <Task(HttpSensor): is_api_available> on 2024-10-20 14:24:25.775451+00:00
[2024-10-20 14:26:27,096] {standard_task_runner.py:52} INFO - Started process 1530 to run task
[2024-10-20 14:26:27,099] {standard_task_runner.py:79} INFO - Running: ['***', 'tasks', 'run', 'parking_pipeline', 'is_api_available', 'scheduled__2024-10-20T14:24:25.775451+00:00', '--job-id', '245', '--raw', '--subdir', 'DAGS_FOLDER/parking_dag.py', '--cfg-path', '/tmp/tmpkv7mzhch', '--error-file', '/tmp/tmprarliwen']
[2024-10-20 14:26:27,100] {standard_task_runner.py:80} INFO - Job 245: Subtask is_api_available
[2024-10-20 14:26:27,157] {task_command.py:369} INFO - Running <TaskInstance: parking_pipeline.is_api_available scheduled__2024-10-20T14:24:25.775451+00:00 [running]> on host 4047801f839c
[2024-10-20 14:26:27,239] {taskinstance.py:1571} INFO - Exporting the following env vars:
AIRFLOW_CTX_DAG_OWNER=Airflow
AIRFLOW_CTX_DAG_ID=parking_pipeline
AIRFLOW_CTX_TASK_ID=is_api_available
AIRFLOW_CTX_EXECUTION_DATE=2024-10-20T14:24:25.775451+00:00
AIRFLOW_CTX_TRY_NUMBER=1
AIRFLOW_CTX_DAG_RUN_ID=scheduled__2024-10-20T14:24:25.775451+00:00
[2024-10-20 14:26:27,240] {http.py:97} INFO - Poking: 
[2024-10-20 14:26:27,250] {base.py:68} INFO - Using connection ID 'is_api_available' for task execution.
[2024-10-20 14:26:27,252] {http.py:129} INFO - Sending 'GET' to url: https://datahub-v2.arlingtonva.us/api/ParkingMeter/ParkingTransactions
[2024-10-20 14:26:28,318] {base.py:301} INFO - Success criteria met. Exiting.
[2024-10-20 14:26:28,335] {taskinstance.py:1400} INFO - Marking task as SUCCESS. dag_id=parking_pipeline, task_id=is_api_available, execution_date=20241020T142425, start_date=20241020T142627, end_date=20241020T142628
[2024-10-20 14:26:28,355] {local_task_job.py:156} INFO - Task exited with return code 0
[2024-10-20 14:26:28,409] {local_task_job.py:273} INFO - 1 downstream tasks scheduled from follow-on schedule check
