[2024-10-29 02:01:08,246] {taskinstance.py:1159} INFO - Dependencies all met for <TaskInstance: parking_pipeline.transform_data scheduled__2024-10-29T01:59:00.645479+00:00 [queued]>
[2024-10-29 02:01:08,260] {taskinstance.py:1159} INFO - Dependencies all met for <TaskInstance: parking_pipeline.transform_data scheduled__2024-10-29T01:59:00.645479+00:00 [queued]>
[2024-10-29 02:01:08,260] {taskinstance.py:1356} INFO - 
--------------------------------------------------------------------------------
[2024-10-29 02:01:08,261] {taskinstance.py:1357} INFO - Starting attempt 1 of 2
[2024-10-29 02:01:08,262] {taskinstance.py:1358} INFO - 
--------------------------------------------------------------------------------
[2024-10-29 02:01:08,286] {taskinstance.py:1377} INFO - Executing <Task(PythonOperator): transform_data> on 2024-10-29 01:59:00.645479+00:00
[2024-10-29 02:01:08,294] {standard_task_runner.py:52} INFO - Started process 766 to run task
[2024-10-29 02:01:08,298] {standard_task_runner.py:79} INFO - Running: ['***', 'tasks', 'run', 'parking_pipeline', 'transform_data', 'scheduled__2024-10-29T01:59:00.645479+00:00', '--job-id', '423', '--raw', '--subdir', 'DAGS_FOLDER/parking_dag.py', '--cfg-path', '/tmp/tmpgmc45tso', '--error-file', '/tmp/tmps22v7420']
[2024-10-29 02:01:08,299] {standard_task_runner.py:80} INFO - Job 423: Subtask transform_data
[2024-10-29 02:01:08,370] {task_command.py:369} INFO - Running <TaskInstance: parking_pipeline.transform_data scheduled__2024-10-29T01:59:00.645479+00:00 [running]> on host 34572bdb7b7c
[2024-10-29 02:01:08,468] {taskinstance.py:1571} INFO - Exporting the following env vars:
AIRFLOW_CTX_DAG_OWNER=Airflow
AIRFLOW_CTX_DAG_ID=parking_pipeline
AIRFLOW_CTX_TASK_ID=transform_data
AIRFLOW_CTX_EXECUTION_DATE=2024-10-29T01:59:00.645479+00:00
AIRFLOW_CTX_TRY_NUMBER=1
AIRFLOW_CTX_DAG_RUN_ID=scheduled__2024-10-29T01:59:00.645479+00:00
[2024-10-29 02:01:08,505] {python.py:173} INFO - Done. Returned value was: None
[2024-10-29 02:01:08,523] {taskinstance.py:1400} INFO - Marking task as SUCCESS. dag_id=parking_pipeline, task_id=transform_data, execution_date=20241029T015900, start_date=20241029T020108, end_date=20241029T020108
[2024-10-29 02:01:08,551] {local_task_job.py:156} INFO - Task exited with return code 0
[2024-10-29 02:01:08,598] {local_task_job.py:273} INFO - 1 downstream tasks scheduled from follow-on schedule check
