[2022-12-26 20:35:02,301] {taskinstance.py:1159} INFO - Dependencies all met for <TaskInstance: parking_pipeline.is_api_available scheduled__2022-12-26T20:33:00.988104+00:00 [queued]>
[2022-12-26 20:35:02,313] {taskinstance.py:1159} INFO - Dependencies all met for <TaskInstance: parking_pipeline.is_api_available scheduled__2022-12-26T20:33:00.988104+00:00 [queued]>
[2022-12-26 20:35:02,314] {taskinstance.py:1356} INFO - 
--------------------------------------------------------------------------------
[2022-12-26 20:35:02,315] {taskinstance.py:1357} INFO - Starting attempt 1 of 2
[2022-12-26 20:35:02,316] {taskinstance.py:1358} INFO - 
--------------------------------------------------------------------------------
[2022-12-26 20:35:02,326] {taskinstance.py:1377} INFO - Executing <Task(HttpSensor): is_api_available> on 2022-12-26 20:33:00.988104+00:00
[2022-12-26 20:35:02,332] {standard_task_runner.py:52} INFO - Started process 1933 to run task
[2022-12-26 20:35:02,336] {standard_task_runner.py:79} INFO - Running: ['***', 'tasks', 'run', 'parking_pipeline', 'is_api_available', 'scheduled__2022-12-26T20:33:00.988104+00:00', '--job-id', '88', '--raw', '--subdir', 'DAGS_FOLDER/parking_dag.py', '--cfg-path', '/tmp/tmp4yembm2e', '--error-file', '/tmp/tmpn4wytm2i']
[2022-12-26 20:35:02,338] {standard_task_runner.py:80} INFO - Job 88: Subtask is_api_available
[2022-12-26 20:35:02,392] {task_command.py:369} INFO - Running <TaskInstance: parking_pipeline.is_api_available scheduled__2022-12-26T20:33:00.988104+00:00 [running]> on host 3d3eee352115
[2022-12-26 20:35:02,452] {taskinstance.py:1571} INFO - Exporting the following env vars:
AIRFLOW_CTX_DAG_OWNER=Airflow
AIRFLOW_CTX_DAG_ID=parking_pipeline
AIRFLOW_CTX_TASK_ID=is_api_available
AIRFLOW_CTX_EXECUTION_DATE=2022-12-26T20:33:00.988104+00:00
AIRFLOW_CTX_TRY_NUMBER=1
AIRFLOW_CTX_DAG_RUN_ID=scheduled__2022-12-26T20:33:00.988104+00:00
[2022-12-26 20:35:02,453] {http.py:97} INFO - Poking: 
[2022-12-26 20:35:02,464] {base.py:68} INFO - Using connection ID 'is_api_available' for task execution.
[2022-12-26 20:35:02,466] {http.py:129} INFO - Sending 'GET' to url: https://datahub-v2.arlingtonva.us/api/ParkingMeter/ParkingTransactions
[2022-12-26 20:35:02,630] {base.py:301} INFO - Success criteria met. Exiting.
[2022-12-26 20:35:02,646] {taskinstance.py:1400} INFO - Marking task as SUCCESS. dag_id=parking_pipeline, task_id=is_api_available, execution_date=20221226T203300, start_date=20221226T203502, end_date=20221226T203502
[2022-12-26 20:35:02,673] {local_task_job.py:156} INFO - Task exited with return code 0
[2022-12-26 20:35:02,712] {local_task_job.py:273} INFO - 1 downstream tasks scheduled from follow-on schedule check
