[2022-12-26 16:53:37,648] {taskinstance.py:1159} INFO - Dependencies all met for <TaskInstance: parking_pipeline.is_api_available scheduled__2022-12-26T16:51:36.563606+00:00 [queued]>
[2022-12-26 16:53:37,657] {taskinstance.py:1159} INFO - Dependencies all met for <TaskInstance: parking_pipeline.is_api_available scheduled__2022-12-26T16:51:36.563606+00:00 [queued]>
[2022-12-26 16:53:37,658] {taskinstance.py:1356} INFO - 
--------------------------------------------------------------------------------
[2022-12-26 16:53:37,659] {taskinstance.py:1357} INFO - Starting attempt 1 of 2
[2022-12-26 16:53:37,660] {taskinstance.py:1358} INFO - 
--------------------------------------------------------------------------------
[2022-12-26 16:53:37,672] {taskinstance.py:1377} INFO - Executing <Task(HttpSensor): is_api_available> on 2022-12-26 16:51:36.563606+00:00
[2022-12-26 16:53:37,679] {standard_task_runner.py:52} INFO - Started process 2098 to run task
[2022-12-26 16:53:37,684] {standard_task_runner.py:79} INFO - Running: ['***', 'tasks', 'run', 'parking_pipeline', 'is_api_available', 'scheduled__2022-12-26T16:51:36.563606+00:00', '--job-id', '47', '--raw', '--subdir', 'DAGS_FOLDER/parking_dag.py', '--cfg-path', '/tmp/tmp2sbiwesg', '--error-file', '/tmp/tmpe9ke490g']
[2022-12-26 16:53:37,686] {standard_task_runner.py:80} INFO - Job 47: Subtask is_api_available
[2022-12-26 16:53:37,743] {task_command.py:369} INFO - Running <TaskInstance: parking_pipeline.is_api_available scheduled__2022-12-26T16:51:36.563606+00:00 [running]> on host a4f1a67a8720
[2022-12-26 16:53:37,800] {taskinstance.py:1571} INFO - Exporting the following env vars:
AIRFLOW_CTX_DAG_OWNER=Airflow
AIRFLOW_CTX_DAG_ID=parking_pipeline
AIRFLOW_CTX_TASK_ID=is_api_available
AIRFLOW_CTX_EXECUTION_DATE=2022-12-26T16:51:36.563606+00:00
AIRFLOW_CTX_TRY_NUMBER=1
AIRFLOW_CTX_DAG_RUN_ID=scheduled__2022-12-26T16:51:36.563606+00:00
[2022-12-26 16:53:37,802] {http.py:97} INFO - Poking: 
[2022-12-26 16:53:37,812] {base.py:68} INFO - Using connection ID 'is_api_available' for task execution.
[2022-12-26 16:53:37,814] {http.py:129} INFO - Sending 'GET' to url: https://datahub-v2.arlingtonva.us/api/ParkingMeter/ParkingTransactions
[2022-12-26 16:53:37,960] {base.py:301} INFO - Success criteria met. Exiting.
[2022-12-26 16:53:37,973] {taskinstance.py:1400} INFO - Marking task as SUCCESS. dag_id=parking_pipeline, task_id=is_api_available, execution_date=20221226T165136, start_date=20221226T165337, end_date=20221226T165337
[2022-12-26 16:53:38,019] {local_task_job.py:156} INFO - Task exited with return code 0
[2022-12-26 16:53:38,058] {local_task_job.py:273} INFO - 1 downstream tasks scheduled from follow-on schedule check
