[2024-10-20 14:10:32,481] {taskinstance.py:1159} INFO - Dependencies all met for <TaskInstance: parking_pipeline.transform_data scheduled__2024-10-20T14:08:24.700589+00:00 [queued]>
[2024-10-20 14:10:32,492] {taskinstance.py:1159} INFO - Dependencies all met for <TaskInstance: parking_pipeline.transform_data scheduled__2024-10-20T14:08:24.700589+00:00 [queued]>
[2024-10-20 14:10:32,493] {taskinstance.py:1356} INFO - 
--------------------------------------------------------------------------------
[2024-10-20 14:10:32,493] {taskinstance.py:1357} INFO - Starting attempt 1 of 2
[2024-10-20 14:10:32,494] {taskinstance.py:1358} INFO - 
--------------------------------------------------------------------------------
[2024-10-20 14:10:32,510] {taskinstance.py:1377} INFO - Executing <Task(PythonOperator): transform_data> on 2024-10-20 14:08:24.700589+00:00
[2024-10-20 14:10:32,518] {standard_task_runner.py:52} INFO - Started process 684 to run task
[2024-10-20 14:10:32,521] {standard_task_runner.py:79} INFO - Running: ['***', 'tasks', 'run', 'parking_pipeline', 'transform_data', 'scheduled__2024-10-20T14:08:24.700589+00:00', '--job-id', '207', '--raw', '--subdir', 'DAGS_FOLDER/parking_dag.py', '--cfg-path', '/tmp/tmpmm0sn68b', '--error-file', '/tmp/tmp58y943uk']
[2024-10-20 14:10:32,522] {standard_task_runner.py:80} INFO - Job 207: Subtask transform_data
[2024-10-20 14:10:32,579] {task_command.py:369} INFO - Running <TaskInstance: parking_pipeline.transform_data scheduled__2024-10-20T14:08:24.700589+00:00 [running]> on host 4047801f839c
[2024-10-20 14:10:32,665] {taskinstance.py:1571} INFO - Exporting the following env vars:
AIRFLOW_CTX_DAG_OWNER=Airflow
AIRFLOW_CTX_DAG_ID=parking_pipeline
AIRFLOW_CTX_TASK_ID=transform_data
AIRFLOW_CTX_EXECUTION_DATE=2024-10-20T14:08:24.700589+00:00
AIRFLOW_CTX_TRY_NUMBER=1
AIRFLOW_CTX_DAG_RUN_ID=scheduled__2024-10-20T14:08:24.700589+00:00
[2024-10-20 14:10:32,724] {python.py:173} INFO - Done. Returned value was: None
[2024-10-20 14:10:32,744] {taskinstance.py:1400} INFO - Marking task as SUCCESS. dag_id=parking_pipeline, task_id=transform_data, execution_date=20241020T140824, start_date=20241020T141032, end_date=20241020T141032
[2024-10-20 14:10:32,775] {local_task_job.py:156} INFO - Task exited with return code 0
[2024-10-20 14:10:32,832] {local_task_job.py:273} INFO - 1 downstream tasks scheduled from follow-on schedule check
