[2024-10-29 04:23:50,111] {taskinstance.py:1159} INFO - Dependencies all met for <TaskInstance: parking_pipeline.store_data_csv scheduled__2024-10-29T04:21:37.641201+00:00 [queued]>
[2024-10-29 04:23:50,133] {taskinstance.py:1159} INFO - Dependencies all met for <TaskInstance: parking_pipeline.store_data_csv scheduled__2024-10-29T04:21:37.641201+00:00 [queued]>
[2024-10-29 04:23:50,134] {taskinstance.py:1356} INFO - 
--------------------------------------------------------------------------------
[2024-10-29 04:23:50,137] {taskinstance.py:1357} INFO - Starting attempt 1 of 2
[2024-10-29 04:23:50,138] {taskinstance.py:1358} INFO - 
--------------------------------------------------------------------------------
[2024-10-29 04:23:50,169] {taskinstance.py:1377} INFO - Executing <Task(PythonOperator): store_data_csv> on 2024-10-29 04:21:37.641201+00:00
[2024-10-29 04:23:50,181] {standard_task_runner.py:52} INFO - Started process 3461 to run task
[2024-10-29 04:23:50,188] {standard_task_runner.py:79} INFO - Running: ['***', 'tasks', 'run', 'parking_pipeline', 'store_data_csv', 'scheduled__2024-10-29T04:21:37.641201+00:00', '--job-id', '917', '--raw', '--subdir', 'DAGS_FOLDER/parking_dag.py', '--cfg-path', '/tmp/tmp6q_0ndhx', '--error-file', '/tmp/tmp564gnpwl']
[2024-10-29 04:23:50,189] {standard_task_runner.py:80} INFO - Job 917: Subtask store_data_csv
[2024-10-29 04:23:50,267] {task_command.py:369} INFO - Running <TaskInstance: parking_pipeline.store_data_csv scheduled__2024-10-29T04:21:37.641201+00:00 [running]> on host 6da7af54a32a
[2024-10-29 04:23:50,367] {taskinstance.py:1571} INFO - Exporting the following env vars:
AIRFLOW_CTX_DAG_OWNER=Airflow
AIRFLOW_CTX_DAG_ID=parking_pipeline
AIRFLOW_CTX_TASK_ID=store_data_csv
AIRFLOW_CTX_EXECUTION_DATE=2024-10-29T04:21:37.641201+00:00
AIRFLOW_CTX_TRY_NUMBER=1
AIRFLOW_CTX_DAG_RUN_ID=scheduled__2024-10-29T04:21:37.641201+00:00
[2024-10-29 04:23:50,426] {python.py:173} INFO - Done. Returned value was: None
[2024-10-29 04:23:50,486] {taskinstance.py:1400} INFO - Marking task as SUCCESS. dag_id=parking_pipeline, task_id=store_data_csv, execution_date=20241029T042137, start_date=20241029T042350, end_date=20241029T042350
[2024-10-29 04:23:50,521] {local_task_job.py:156} INFO - Task exited with return code 0
[2024-10-29 04:23:50,571] {local_task_job.py:273} INFO - 1 downstream tasks scheduled from follow-on schedule check
