[2024-10-29 02:51:02,840] {taskinstance.py:1159} INFO - Dependencies all met for <TaskInstance: parking_pipeline.store_data_json scheduled__2024-10-29T02:36:50.627629+00:00 [queued]>
[2024-10-29 02:51:02,857] {taskinstance.py:1159} INFO - Dependencies all met for <TaskInstance: parking_pipeline.store_data_json scheduled__2024-10-29T02:36:50.627629+00:00 [queued]>
[2024-10-29 02:51:02,857] {taskinstance.py:1356} INFO - 
--------------------------------------------------------------------------------
[2024-10-29 02:51:02,858] {taskinstance.py:1357} INFO - Starting attempt 2 of 2
[2024-10-29 02:51:02,859] {taskinstance.py:1358} INFO - 
--------------------------------------------------------------------------------
[2024-10-29 02:51:02,878] {taskinstance.py:1377} INFO - Executing <Task(PythonOperator): store_data_json> on 2024-10-29 02:36:50.627629+00:00
[2024-10-29 02:51:02,889] {standard_task_runner.py:52} INFO - Started process 88 to run task
[2024-10-29 02:51:02,894] {standard_task_runner.py:79} INFO - Running: ['***', 'tasks', 'run', 'parking_pipeline', 'store_data_json', 'scheduled__2024-10-29T02:36:50.627629+00:00', '--job-id', '622', '--raw', '--subdir', 'DAGS_FOLDER/parking_dag.py', '--cfg-path', '/tmp/tmp8wxacdw6', '--error-file', '/tmp/tmpra0l0i8d']
[2024-10-29 02:51:02,899] {standard_task_runner.py:80} INFO - Job 622: Subtask store_data_json
[2024-10-29 02:51:03,013] {task_command.py:369} INFO - Running <TaskInstance: parking_pipeline.store_data_json scheduled__2024-10-29T02:36:50.627629+00:00 [running]> on host 6da7af54a32a
[2024-10-29 02:51:03,157] {taskinstance.py:1571} INFO - Exporting the following env vars:
AIRFLOW_CTX_DAG_OWNER=Airflow
AIRFLOW_CTX_DAG_ID=parking_pipeline
AIRFLOW_CTX_TASK_ID=store_data_json
AIRFLOW_CTX_EXECUTION_DATE=2024-10-29T02:36:50.627629+00:00
AIRFLOW_CTX_TRY_NUMBER=2
AIRFLOW_CTX_DAG_RUN_ID=scheduled__2024-10-29T02:36:50.627629+00:00
[2024-10-29 02:51:03,209] {logging_mixin.py:115} INFO - Error storing data in JSON format: 'Variable parking_data_json_path does not exist'. Task will continue.
[2024-10-29 02:51:03,210] {python.py:173} INFO - Done. Returned value was: None
[2024-10-29 02:51:03,242] {taskinstance.py:1400} INFO - Marking task as SUCCESS. dag_id=parking_pipeline, task_id=store_data_json, execution_date=20241029T023650, start_date=20241029T025102, end_date=20241029T025103
[2024-10-29 02:51:03,276] {local_task_job.py:156} INFO - Task exited with return code 0
[2024-10-29 02:51:03,375] {local_task_job.py:273} INFO - 1 downstream tasks scheduled from follow-on schedule check
