[2024-10-20 14:56:27,655] {taskinstance.py:1159} INFO - Dependencies all met for <TaskInstance: parking_pipeline.is_api_available scheduled__2024-10-20T14:54:26.233770+00:00 [queued]>
[2024-10-20 14:56:27,669] {taskinstance.py:1159} INFO - Dependencies all met for <TaskInstance: parking_pipeline.is_api_available scheduled__2024-10-20T14:54:26.233770+00:00 [queued]>
[2024-10-20 14:56:27,670] {taskinstance.py:1356} INFO - 
--------------------------------------------------------------------------------
[2024-10-20 14:56:27,670] {taskinstance.py:1357} INFO - Starting attempt 1 of 2
[2024-10-20 14:56:27,671] {taskinstance.py:1358} INFO - 
--------------------------------------------------------------------------------
[2024-10-20 14:56:27,688] {taskinstance.py:1377} INFO - Executing <Task(HttpSensor): is_api_available> on 2024-10-20 14:54:26.233770+00:00
[2024-10-20 14:56:27,694] {standard_task_runner.py:52} INFO - Started process 3124 to run task
[2024-10-20 14:56:27,698] {standard_task_runner.py:79} INFO - Running: ['***', 'tasks', 'run', 'parking_pipeline', 'is_api_available', 'scheduled__2024-10-20T14:54:26.233770+00:00', '--job-id', '320', '--raw', '--subdir', 'DAGS_FOLDER/parking_dag.py', '--cfg-path', '/tmp/tmpshtkt4oo', '--error-file', '/tmp/tmp16j9jtjg']
[2024-10-20 14:56:27,699] {standard_task_runner.py:80} INFO - Job 320: Subtask is_api_available
[2024-10-20 14:56:27,756] {task_command.py:369} INFO - Running <TaskInstance: parking_pipeline.is_api_available scheduled__2024-10-20T14:54:26.233770+00:00 [running]> on host 4047801f839c
[2024-10-20 14:56:27,842] {taskinstance.py:1571} INFO - Exporting the following env vars:
AIRFLOW_CTX_DAG_OWNER=Airflow
AIRFLOW_CTX_DAG_ID=parking_pipeline
AIRFLOW_CTX_TASK_ID=is_api_available
AIRFLOW_CTX_EXECUTION_DATE=2024-10-20T14:54:26.233770+00:00
AIRFLOW_CTX_TRY_NUMBER=1
AIRFLOW_CTX_DAG_RUN_ID=scheduled__2024-10-20T14:54:26.233770+00:00
[2024-10-20 14:56:27,843] {http.py:97} INFO - Poking: 
[2024-10-20 14:56:27,853] {base.py:68} INFO - Using connection ID 'is_api_available' for task execution.
[2024-10-20 14:56:27,854] {http.py:129} INFO - Sending 'GET' to url: https://datahub-v2.arlingtonva.us/api/ParkingMeter/ParkingTransactions
[2024-10-20 14:56:29,442] {base.py:301} INFO - Success criteria met. Exiting.
[2024-10-20 14:56:29,459] {taskinstance.py:1400} INFO - Marking task as SUCCESS. dag_id=parking_pipeline, task_id=is_api_available, execution_date=20241020T145426, start_date=20241020T145627, end_date=20241020T145629
[2024-10-20 14:56:29,517] {local_task_job.py:156} INFO - Task exited with return code 0
[2024-10-20 14:56:29,577] {local_task_job.py:273} INFO - 1 downstream tasks scheduled from follow-on schedule check
