[2022-12-28 20:17:05,287] {taskinstance.py:1159} INFO - Dependencies all met for <TaskInstance: parking_pipeline.is_api_available scheduled__2022-12-28T20:15:03.923152+00:00 [queued]>
[2022-12-28 20:17:05,295] {taskinstance.py:1159} INFO - Dependencies all met for <TaskInstance: parking_pipeline.is_api_available scheduled__2022-12-28T20:15:03.923152+00:00 [queued]>
[2022-12-28 20:17:05,295] {taskinstance.py:1356} INFO - 
--------------------------------------------------------------------------------
[2022-12-28 20:17:05,296] {taskinstance.py:1357} INFO - Starting attempt 1 of 2
[2022-12-28 20:17:05,297] {taskinstance.py:1358} INFO - 
--------------------------------------------------------------------------------
[2022-12-28 20:17:05,306] {taskinstance.py:1377} INFO - Executing <Task(HttpSensor): is_api_available> on 2022-12-28 20:15:03.923152+00:00
[2022-12-28 20:17:05,311] {standard_task_runner.py:52} INFO - Started process 847 to run task
[2022-12-28 20:17:05,315] {standard_task_runner.py:79} INFO - Running: ['***', 'tasks', 'run', 'parking_pipeline', 'is_api_available', 'scheduled__2022-12-28T20:15:03.923152+00:00', '--job-id', '52', '--raw', '--subdir', 'DAGS_FOLDER/parking_dag.py', '--cfg-path', '/tmp/tmpqugoya8i', '--error-file', '/tmp/tmpclr9c1f5']
[2022-12-28 20:17:05,316] {standard_task_runner.py:80} INFO - Job 52: Subtask is_api_available
[2022-12-28 20:17:05,371] {task_command.py:369} INFO - Running <TaskInstance: parking_pipeline.is_api_available scheduled__2022-12-28T20:15:03.923152+00:00 [running]> on host 8be693a2d03b
[2022-12-28 20:17:05,435] {taskinstance.py:1571} INFO - Exporting the following env vars:
AIRFLOW_CTX_DAG_OWNER=Airflow
AIRFLOW_CTX_DAG_ID=parking_pipeline
AIRFLOW_CTX_TASK_ID=is_api_available
AIRFLOW_CTX_EXECUTION_DATE=2022-12-28T20:15:03.923152+00:00
AIRFLOW_CTX_TRY_NUMBER=1
AIRFLOW_CTX_DAG_RUN_ID=scheduled__2022-12-28T20:15:03.923152+00:00
[2022-12-28 20:17:05,436] {http.py:97} INFO - Poking: 
[2022-12-28 20:17:05,447] {base.py:68} INFO - Using connection ID 'is_api_available' for task execution.
[2022-12-28 20:17:05,449] {http.py:129} INFO - Sending 'GET' to url: https://datahub-v2.arlingtonva.us/api/ParkingMeter/ParkingTransactions
[2022-12-28 20:17:05,611] {base.py:301} INFO - Success criteria met. Exiting.
[2022-12-28 20:17:05,625] {taskinstance.py:1400} INFO - Marking task as SUCCESS. dag_id=parking_pipeline, task_id=is_api_available, execution_date=20221228T201503, start_date=20221228T201705, end_date=20221228T201705
[2022-12-28 20:17:05,647] {local_task_job.py:156} INFO - Task exited with return code 0
[2022-12-28 20:17:05,689] {local_task_job.py:273} INFO - 1 downstream tasks scheduled from follow-on schedule check
