[2022-12-23T00:00:05.600+0000] {processor.py:153} INFO - Started process (PID=3171) to work on /home/airflow/.local/lib/python3.7/site-packages/airflow/example_dags/example_skip_dag.py
[2022-12-23T00:00:05.601+0000] {processor.py:743} INFO - Processing file /home/airflow/.local/lib/python3.7/site-packages/airflow/example_dags/example_skip_dag.py for tasks to queue
[2022-12-23T00:00:05.602+0000] {logging_mixin.py:137} INFO - [2022-12-23T00:00:05.602+0000] {dagbag.py:538} INFO - Filling up the DagBag from /home/airflow/.local/lib/python3.7/site-packages/airflow/example_dags/example_skip_dag.py
[2022-12-23T00:00:05.615+0000] {processor.py:753} INFO - DAG(s) dict_keys(['example_skip_dag']) retrieved from /home/airflow/.local/lib/python3.7/site-packages/airflow/example_dags/example_skip_dag.py
[2022-12-23T00:00:05.647+0000] {logging_mixin.py:137} INFO - [2022-12-23T00:00:05.647+0000] {dag.py:2676} INFO - Sync 1 DAGs
[2022-12-23T00:00:05.668+0000] {logging_mixin.py:137} INFO - [2022-12-23T00:00:05.668+0000] {dag.py:3427} INFO - Setting next_dagrun for example_skip_dag to 2022-12-22T00:00:05.667838+00:00, run_after=2022-12-23T00:00:05.667838+00:00
[2022-12-23T00:00:05.682+0000] {processor.py:175} INFO - Processing /home/airflow/.local/lib/python3.7/site-packages/airflow/example_dags/example_skip_dag.py took 0.086 seconds
[2022-12-23T00:00:36.270+0000] {processor.py:153} INFO - Started process (PID=3385) to work on /home/airflow/.local/lib/python3.7/site-packages/airflow/example_dags/example_skip_dag.py
[2022-12-23T00:00:36.271+0000] {processor.py:743} INFO - Processing file /home/airflow/.local/lib/python3.7/site-packages/airflow/example_dags/example_skip_dag.py for tasks to queue
[2022-12-23T00:00:36.272+0000] {logging_mixin.py:137} INFO - [2022-12-23T00:00:36.272+0000] {dagbag.py:538} INFO - Filling up the DagBag from /home/airflow/.local/lib/python3.7/site-packages/airflow/example_dags/example_skip_dag.py
[2022-12-23T00:00:36.284+0000] {processor.py:753} INFO - DAG(s) dict_keys(['example_skip_dag']) retrieved from /home/airflow/.local/lib/python3.7/site-packages/airflow/example_dags/example_skip_dag.py
[2022-12-23T00:00:36.317+0000] {logging_mixin.py:137} INFO - [2022-12-23T00:00:36.317+0000] {dag.py:2676} INFO - Sync 1 DAGs
[2022-12-23T00:00:36.337+0000] {logging_mixin.py:137} INFO - [2022-12-23T00:00:36.337+0000] {dag.py:3427} INFO - Setting next_dagrun for example_skip_dag to 2022-12-22T00:00:36.337211+00:00, run_after=2022-12-23T00:00:36.337211+00:00
[2022-12-23T00:00:36.349+0000] {processor.py:175} INFO - Processing /home/airflow/.local/lib/python3.7/site-packages/airflow/example_dags/example_skip_dag.py took 0.082 seconds
[2022-12-23T00:01:06.972+0000] {processor.py:153} INFO - Started process (PID=3611) to work on /home/airflow/.local/lib/python3.7/site-packages/airflow/example_dags/example_skip_dag.py
[2022-12-23T00:01:06.973+0000] {processor.py:743} INFO - Processing file /home/airflow/.local/lib/python3.7/site-packages/airflow/example_dags/example_skip_dag.py for tasks to queue
[2022-12-23T00:01:06.974+0000] {logging_mixin.py:137} INFO - [2022-12-23T00:01:06.974+0000] {dagbag.py:538} INFO - Filling up the DagBag from /home/airflow/.local/lib/python3.7/site-packages/airflow/example_dags/example_skip_dag.py
[2022-12-23T00:01:06.986+0000] {processor.py:753} INFO - DAG(s) dict_keys(['example_skip_dag']) retrieved from /home/airflow/.local/lib/python3.7/site-packages/airflow/example_dags/example_skip_dag.py
[2022-12-23T00:01:07.018+0000] {logging_mixin.py:137} INFO - [2022-12-23T00:01:07.018+0000] {dag.py:2676} INFO - Sync 1 DAGs
[2022-12-23T00:01:07.038+0000] {logging_mixin.py:137} INFO - [2022-12-23T00:01:07.038+0000] {dag.py:3427} INFO - Setting next_dagrun for example_skip_dag to 2022-12-22T00:01:07.037872+00:00, run_after=2022-12-23T00:01:07.037872+00:00
[2022-12-23T00:01:07.051+0000] {processor.py:175} INFO - Processing /home/airflow/.local/lib/python3.7/site-packages/airflow/example_dags/example_skip_dag.py took 0.083 seconds
[2022-12-23T00:03:13.678+0000] {processor.py:153} INFO - Started process (PID=278) to work on /home/airflow/.local/lib/python3.7/site-packages/airflow/example_dags/example_skip_dag.py
[2022-12-23T00:03:13.681+0000] {processor.py:743} INFO - Processing file /home/airflow/.local/lib/python3.7/site-packages/airflow/example_dags/example_skip_dag.py for tasks to queue
[2022-12-23T00:03:13.683+0000] {logging_mixin.py:137} INFO - [2022-12-23T00:03:13.683+0000] {dagbag.py:538} INFO - Filling up the DagBag from /home/airflow/.local/lib/python3.7/site-packages/airflow/example_dags/example_skip_dag.py
[2022-12-23T00:03:13.701+0000] {processor.py:753} INFO - DAG(s) dict_keys(['example_skip_dag']) retrieved from /home/airflow/.local/lib/python3.7/site-packages/airflow/example_dags/example_skip_dag.py
[2022-12-23T00:03:13.729+0000] {logging_mixin.py:137} INFO - [2022-12-23T00:03:13.729+0000] {dag.py:2676} INFO - Sync 1 DAGs
[2022-12-23T00:03:13.754+0000] {logging_mixin.py:137} INFO - [2022-12-23T00:03:13.754+0000] {dag.py:3427} INFO - Setting next_dagrun for example_skip_dag to 2022-12-22T00:03:13.754087+00:00, run_after=2022-12-23T00:03:13.754087+00:00
[2022-12-23T00:03:13.770+0000] {processor.py:175} INFO - Processing /home/airflow/.local/lib/python3.7/site-packages/airflow/example_dags/example_skip_dag.py took 0.095 seconds
[2022-12-23T00:03:44.678+0000] {processor.py:153} INFO - Started process (PID=504) to work on /home/airflow/.local/lib/python3.7/site-packages/airflow/example_dags/example_skip_dag.py
[2022-12-23T00:03:44.679+0000] {processor.py:743} INFO - Processing file /home/airflow/.local/lib/python3.7/site-packages/airflow/example_dags/example_skip_dag.py for tasks to queue
[2022-12-23T00:03:44.683+0000] {logging_mixin.py:137} INFO - [2022-12-23T00:03:44.682+0000] {dagbag.py:538} INFO - Filling up the DagBag from /home/airflow/.local/lib/python3.7/site-packages/airflow/example_dags/example_skip_dag.py
[2022-12-23T00:03:44.697+0000] {processor.py:753} INFO - DAG(s) dict_keys(['example_skip_dag']) retrieved from /home/airflow/.local/lib/python3.7/site-packages/airflow/example_dags/example_skip_dag.py
[2022-12-23T00:03:44.730+0000] {logging_mixin.py:137} INFO - [2022-12-23T00:03:44.730+0000] {dag.py:2676} INFO - Sync 1 DAGs
[2022-12-23T00:03:44.755+0000] {logging_mixin.py:137} INFO - [2022-12-23T00:03:44.755+0000] {dag.py:3427} INFO - Setting next_dagrun for example_skip_dag to 2022-12-22T00:03:44.754984+00:00, run_after=2022-12-23T00:03:44.754984+00:00
[2022-12-23T00:03:44.769+0000] {processor.py:175} INFO - Processing /home/airflow/.local/lib/python3.7/site-packages/airflow/example_dags/example_skip_dag.py took 0.094 seconds
[2022-12-23T00:04:16.025+0000] {processor.py:153} INFO - Started process (PID=730) to work on /home/airflow/.local/lib/python3.7/site-packages/airflow/example_dags/example_skip_dag.py
[2022-12-23T00:04:16.027+0000] {processor.py:743} INFO - Processing file /home/airflow/.local/lib/python3.7/site-packages/airflow/example_dags/example_skip_dag.py for tasks to queue
[2022-12-23T00:04:16.029+0000] {logging_mixin.py:137} INFO - [2022-12-23T00:04:16.028+0000] {dagbag.py:538} INFO - Filling up the DagBag from /home/airflow/.local/lib/python3.7/site-packages/airflow/example_dags/example_skip_dag.py
[2022-12-23T00:04:16.043+0000] {processor.py:753} INFO - DAG(s) dict_keys(['example_skip_dag']) retrieved from /home/airflow/.local/lib/python3.7/site-packages/airflow/example_dags/example_skip_dag.py
[2022-12-23T00:04:16.097+0000] {logging_mixin.py:137} INFO - [2022-12-23T00:04:16.097+0000] {dag.py:2676} INFO - Sync 1 DAGs
[2022-12-23T00:04:16.121+0000] {logging_mixin.py:137} INFO - [2022-12-23T00:04:16.121+0000] {dag.py:3427} INFO - Setting next_dagrun for example_skip_dag to 2022-12-22T00:04:16.120748+00:00, run_after=2022-12-23T00:04:16.120748+00:00
[2022-12-23T00:04:16.137+0000] {processor.py:175} INFO - Processing /home/airflow/.local/lib/python3.7/site-packages/airflow/example_dags/example_skip_dag.py took 0.116 seconds
[2022-12-23T00:04:47.033+0000] {processor.py:153} INFO - Started process (PID=944) to work on /home/airflow/.local/lib/python3.7/site-packages/airflow/example_dags/example_skip_dag.py
[2022-12-23T00:04:47.035+0000] {processor.py:743} INFO - Processing file /home/airflow/.local/lib/python3.7/site-packages/airflow/example_dags/example_skip_dag.py for tasks to queue
[2022-12-23T00:04:47.036+0000] {logging_mixin.py:137} INFO - [2022-12-23T00:04:47.036+0000] {dagbag.py:538} INFO - Filling up the DagBag from /home/airflow/.local/lib/python3.7/site-packages/airflow/example_dags/example_skip_dag.py
[2022-12-23T00:04:47.048+0000] {processor.py:753} INFO - DAG(s) dict_keys(['example_skip_dag']) retrieved from /home/airflow/.local/lib/python3.7/site-packages/airflow/example_dags/example_skip_dag.py
[2022-12-23T00:04:47.080+0000] {logging_mixin.py:137} INFO - [2022-12-23T00:04:47.080+0000] {dag.py:2676} INFO - Sync 1 DAGs
[2022-12-23T00:04:47.099+0000] {logging_mixin.py:137} INFO - [2022-12-23T00:04:47.099+0000] {dag.py:3427} INFO - Setting next_dagrun for example_skip_dag to 2022-12-22T00:04:47.099173+00:00, run_after=2022-12-23T00:04:47.099173+00:00
[2022-12-23T00:04:47.113+0000] {processor.py:175} INFO - Processing /home/airflow/.local/lib/python3.7/site-packages/airflow/example_dags/example_skip_dag.py took 0.083 seconds
[2022-12-23T00:05:17.884+0000] {processor.py:153} INFO - Started process (PID=1171) to work on /home/airflow/.local/lib/python3.7/site-packages/airflow/example_dags/example_skip_dag.py
[2022-12-23T00:05:17.886+0000] {processor.py:743} INFO - Processing file /home/airflow/.local/lib/python3.7/site-packages/airflow/example_dags/example_skip_dag.py for tasks to queue
[2022-12-23T00:05:17.887+0000] {logging_mixin.py:137} INFO - [2022-12-23T00:05:17.887+0000] {dagbag.py:538} INFO - Filling up the DagBag from /home/airflow/.local/lib/python3.7/site-packages/airflow/example_dags/example_skip_dag.py
[2022-12-23T00:05:17.899+0000] {processor.py:753} INFO - DAG(s) dict_keys(['example_skip_dag']) retrieved from /home/airflow/.local/lib/python3.7/site-packages/airflow/example_dags/example_skip_dag.py
[2022-12-23T00:05:17.935+0000] {logging_mixin.py:137} INFO - [2022-12-23T00:05:17.935+0000] {dag.py:2676} INFO - Sync 1 DAGs
[2022-12-23T00:05:17.957+0000] {logging_mixin.py:137} INFO - [2022-12-23T00:05:17.957+0000] {dag.py:3427} INFO - Setting next_dagrun for example_skip_dag to 2022-12-22T00:05:17.956771+00:00, run_after=2022-12-23T00:05:17.956771+00:00
[2022-12-23T00:05:17.971+0000] {processor.py:175} INFO - Processing /home/airflow/.local/lib/python3.7/site-packages/airflow/example_dags/example_skip_dag.py took 0.090 seconds
[2022-12-23 22:41:55,642] {processor.py:153} INFO - Started process (PID=284) to work on /home/airflow/.local/lib/python3.7/site-packages/airflow/example_dags/example_skip_dag.py
[2022-12-23 22:41:55,644] {processor.py:641} INFO - Processing file /home/airflow/.local/lib/python3.7/site-packages/airflow/example_dags/example_skip_dag.py for tasks to queue
[2022-12-23 22:41:55,645] {logging_mixin.py:115} INFO - [2022-12-23 22:41:55,645] {dagbag.py:507} INFO - Filling up the DagBag from /home/airflow/.local/lib/python3.7/site-packages/airflow/example_dags/example_skip_dag.py
[2022-12-23 22:41:55,655] {processor.py:651} INFO - DAG(s) dict_keys(['example_skip_dag']) retrieved from /home/airflow/.local/lib/python3.7/site-packages/airflow/example_dags/example_skip_dag.py
[2022-12-23 22:41:55,786] {logging_mixin.py:115} INFO - [2022-12-23 22:41:55,786] {manager.py:508} INFO - Created Permission View: can delete on DAG:example_skip_dag
[2022-12-23 22:41:55,792] {logging_mixin.py:115} INFO - [2022-12-23 22:41:55,792] {manager.py:508} INFO - Created Permission View: can edit on DAG:example_skip_dag
[2022-12-23 22:41:55,807] {logging_mixin.py:115} INFO - [2022-12-23 22:41:55,807] {manager.py:508} INFO - Created Permission View: can read on DAG:example_skip_dag
[2022-12-23 22:41:55,808] {logging_mixin.py:115} INFO - [2022-12-23 22:41:55,808] {dag.py:2371} INFO - Sync 1 DAGs
[2022-12-23 22:41:55,818] {logging_mixin.py:115} INFO - [2022-12-23 22:41:55,818] {dag.py:2390} INFO - Creating ORM DAG for example_skip_dag
[2022-12-23 22:41:55,859] {logging_mixin.py:115} INFO - [2022-12-23 22:41:55,859] {dag.py:2919} INFO - Setting next_dagrun for example_skip_dag to 2022-12-22T22:41:55.858750+00:00, run_after=2022-12-23T22:41:55.858750+00:00
[2022-12-23 22:41:55,885] {processor.py:161} INFO - Processing /home/airflow/.local/lib/python3.7/site-packages/airflow/example_dags/example_skip_dag.py took 0.247 seconds
[2022-12-23 22:42:26,090] {processor.py:153} INFO - Started process (PID=478) to work on /home/airflow/.local/lib/python3.7/site-packages/airflow/example_dags/example_skip_dag.py
[2022-12-23 22:42:26,092] {processor.py:641} INFO - Processing file /home/airflow/.local/lib/python3.7/site-packages/airflow/example_dags/example_skip_dag.py for tasks to queue
[2022-12-23 22:42:26,093] {logging_mixin.py:115} INFO - [2022-12-23 22:42:26,093] {dagbag.py:507} INFO - Filling up the DagBag from /home/airflow/.local/lib/python3.7/site-packages/airflow/example_dags/example_skip_dag.py
[2022-12-23 22:42:26,099] {processor.py:651} INFO - DAG(s) dict_keys(['example_skip_dag']) retrieved from /home/airflow/.local/lib/python3.7/site-packages/airflow/example_dags/example_skip_dag.py
[2022-12-23 22:42:26,135] {logging_mixin.py:115} INFO - [2022-12-23 22:42:26,135] {dag.py:2371} INFO - Sync 1 DAGs
[2022-12-23 22:42:26,170] {logging_mixin.py:115} INFO - [2022-12-23 22:42:26,170] {dag.py:2919} INFO - Setting next_dagrun for example_skip_dag to 2022-12-22T22:42:26.169631+00:00, run_after=2022-12-23T22:42:26.169631+00:00
[2022-12-23 22:42:26,184] {processor.py:161} INFO - Processing /home/airflow/.local/lib/python3.7/site-packages/airflow/example_dags/example_skip_dag.py took 0.098 seconds
[2022-12-23 22:42:56,248] {processor.py:153} INFO - Started process (PID=680) to work on /home/airflow/.local/lib/python3.7/site-packages/airflow/example_dags/example_skip_dag.py
[2022-12-23 22:42:56,249] {processor.py:641} INFO - Processing file /home/airflow/.local/lib/python3.7/site-packages/airflow/example_dags/example_skip_dag.py for tasks to queue
[2022-12-23 22:42:56,250] {logging_mixin.py:115} INFO - [2022-12-23 22:42:56,250] {dagbag.py:507} INFO - Filling up the DagBag from /home/airflow/.local/lib/python3.7/site-packages/airflow/example_dags/example_skip_dag.py
[2022-12-23 22:42:56,254] {processor.py:651} INFO - DAG(s) dict_keys(['example_skip_dag']) retrieved from /home/airflow/.local/lib/python3.7/site-packages/airflow/example_dags/example_skip_dag.py
[2022-12-23 22:42:56,280] {logging_mixin.py:115} INFO - [2022-12-23 22:42:56,280] {dag.py:2371} INFO - Sync 1 DAGs
[2022-12-23 22:42:56,295] {logging_mixin.py:115} INFO - [2022-12-23 22:42:56,295] {dag.py:2919} INFO - Setting next_dagrun for example_skip_dag to 2022-12-22T22:42:56.295163+00:00, run_after=2022-12-23T22:42:56.295163+00:00
[2022-12-23 22:42:56,306] {processor.py:161} INFO - Processing /home/airflow/.local/lib/python3.7/site-packages/airflow/example_dags/example_skip_dag.py took 0.060 seconds
[2022-12-23 22:43:26,402] {processor.py:153} INFO - Started process (PID=884) to work on /home/airflow/.local/lib/python3.7/site-packages/airflow/example_dags/example_skip_dag.py
[2022-12-23 22:43:26,403] {processor.py:641} INFO - Processing file /home/airflow/.local/lib/python3.7/site-packages/airflow/example_dags/example_skip_dag.py for tasks to queue
[2022-12-23 22:43:26,404] {logging_mixin.py:115} INFO - [2022-12-23 22:43:26,404] {dagbag.py:507} INFO - Filling up the DagBag from /home/airflow/.local/lib/python3.7/site-packages/airflow/example_dags/example_skip_dag.py
[2022-12-23 22:43:26,409] {processor.py:651} INFO - DAG(s) dict_keys(['example_skip_dag']) retrieved from /home/airflow/.local/lib/python3.7/site-packages/airflow/example_dags/example_skip_dag.py
[2022-12-23 22:43:26,437] {logging_mixin.py:115} INFO - [2022-12-23 22:43:26,437] {dag.py:2371} INFO - Sync 1 DAGs
[2022-12-23 22:43:26,453] {logging_mixin.py:115} INFO - [2022-12-23 22:43:26,453] {dag.py:2919} INFO - Setting next_dagrun for example_skip_dag to 2022-12-22T22:43:26.453084+00:00, run_after=2022-12-23T22:43:26.453084+00:00
[2022-12-23 22:43:26,461] {processor.py:161} INFO - Processing /home/airflow/.local/lib/python3.7/site-packages/airflow/example_dags/example_skip_dag.py took 0.062 seconds
[2022-12-23 22:43:56,538] {processor.py:153} INFO - Started process (PID=1087) to work on /home/airflow/.local/lib/python3.7/site-packages/airflow/example_dags/example_skip_dag.py
[2022-12-23 22:43:56,539] {processor.py:641} INFO - Processing file /home/airflow/.local/lib/python3.7/site-packages/airflow/example_dags/example_skip_dag.py for tasks to queue
[2022-12-23 22:43:56,540] {logging_mixin.py:115} INFO - [2022-12-23 22:43:56,540] {dagbag.py:507} INFO - Filling up the DagBag from /home/airflow/.local/lib/python3.7/site-packages/airflow/example_dags/example_skip_dag.py
[2022-12-23 22:43:56,544] {processor.py:651} INFO - DAG(s) dict_keys(['example_skip_dag']) retrieved from /home/airflow/.local/lib/python3.7/site-packages/airflow/example_dags/example_skip_dag.py
[2022-12-23 22:43:56,575] {logging_mixin.py:115} INFO - [2022-12-23 22:43:56,575] {dag.py:2371} INFO - Sync 1 DAGs
[2022-12-23 22:43:56,592] {logging_mixin.py:115} INFO - [2022-12-23 22:43:56,592] {dag.py:2919} INFO - Setting next_dagrun for example_skip_dag to 2022-12-22T22:43:56.592163+00:00, run_after=2022-12-23T22:43:56.592163+00:00
[2022-12-23 22:43:56,600] {processor.py:161} INFO - Processing /home/airflow/.local/lib/python3.7/site-packages/airflow/example_dags/example_skip_dag.py took 0.065 seconds
[2022-12-23 22:44:26,804] {processor.py:153} INFO - Started process (PID=1289) to work on /home/airflow/.local/lib/python3.7/site-packages/airflow/example_dags/example_skip_dag.py
[2022-12-23 22:44:26,805] {processor.py:641} INFO - Processing file /home/airflow/.local/lib/python3.7/site-packages/airflow/example_dags/example_skip_dag.py for tasks to queue
[2022-12-23 22:44:26,806] {logging_mixin.py:115} INFO - [2022-12-23 22:44:26,806] {dagbag.py:507} INFO - Filling up the DagBag from /home/airflow/.local/lib/python3.7/site-packages/airflow/example_dags/example_skip_dag.py
[2022-12-23 22:44:26,810] {processor.py:651} INFO - DAG(s) dict_keys(['example_skip_dag']) retrieved from /home/airflow/.local/lib/python3.7/site-packages/airflow/example_dags/example_skip_dag.py
[2022-12-23 22:44:26,844] {logging_mixin.py:115} INFO - [2022-12-23 22:44:26,844] {dag.py:2371} INFO - Sync 1 DAGs
[2022-12-23 22:44:26,861] {logging_mixin.py:115} INFO - [2022-12-23 22:44:26,861] {dag.py:2919} INFO - Setting next_dagrun for example_skip_dag to 2022-12-22T22:44:26.861562+00:00, run_after=2022-12-23T22:44:26.861562+00:00
[2022-12-23 22:44:26,870] {processor.py:161} INFO - Processing /home/airflow/.local/lib/python3.7/site-packages/airflow/example_dags/example_skip_dag.py took 0.076 seconds
[2022-12-23 22:44:57,788] {processor.py:153} INFO - Started process (PID=1484) to work on /home/airflow/.local/lib/python3.7/site-packages/airflow/example_dags/example_skip_dag.py
[2022-12-23 22:44:57,790] {processor.py:641} INFO - Processing file /home/airflow/.local/lib/python3.7/site-packages/airflow/example_dags/example_skip_dag.py for tasks to queue
[2022-12-23 22:44:57,790] {logging_mixin.py:115} INFO - [2022-12-23 22:44:57,790] {dagbag.py:507} INFO - Filling up the DagBag from /home/airflow/.local/lib/python3.7/site-packages/airflow/example_dags/example_skip_dag.py
[2022-12-23 22:44:57,795] {processor.py:651} INFO - DAG(s) dict_keys(['example_skip_dag']) retrieved from /home/airflow/.local/lib/python3.7/site-packages/airflow/example_dags/example_skip_dag.py
[2022-12-23 22:44:57,822] {logging_mixin.py:115} INFO - [2022-12-23 22:44:57,822] {dag.py:2371} INFO - Sync 1 DAGs
[2022-12-23 22:44:57,837] {logging_mixin.py:115} INFO - [2022-12-23 22:44:57,837] {dag.py:2919} INFO - Setting next_dagrun for example_skip_dag to 2022-12-22T22:44:57.837238+00:00, run_after=2022-12-23T22:44:57.837238+00:00
[2022-12-23 22:44:57,845] {processor.py:161} INFO - Processing /home/airflow/.local/lib/python3.7/site-packages/airflow/example_dags/example_skip_dag.py took 0.059 seconds
[2022-12-23 22:45:28,692] {processor.py:153} INFO - Started process (PID=1685) to work on /home/airflow/.local/lib/python3.7/site-packages/airflow/example_dags/example_skip_dag.py
[2022-12-23 22:45:28,694] {processor.py:641} INFO - Processing file /home/airflow/.local/lib/python3.7/site-packages/airflow/example_dags/example_skip_dag.py for tasks to queue
[2022-12-23 22:45:28,695] {logging_mixin.py:115} INFO - [2022-12-23 22:45:28,695] {dagbag.py:507} INFO - Filling up the DagBag from /home/airflow/.local/lib/python3.7/site-packages/airflow/example_dags/example_skip_dag.py
[2022-12-23 22:45:28,699] {processor.py:651} INFO - DAG(s) dict_keys(['example_skip_dag']) retrieved from /home/airflow/.local/lib/python3.7/site-packages/airflow/example_dags/example_skip_dag.py
[2022-12-23 22:45:28,725] {logging_mixin.py:115} INFO - [2022-12-23 22:45:28,725] {dag.py:2371} INFO - Sync 1 DAGs
[2022-12-23 22:45:28,740] {logging_mixin.py:115} INFO - [2022-12-23 22:45:28,740] {dag.py:2919} INFO - Setting next_dagrun for example_skip_dag to 2022-12-22T22:45:28.740423+00:00, run_after=2022-12-23T22:45:28.740423+00:00
[2022-12-23 22:45:28,749] {processor.py:161} INFO - Processing /home/airflow/.local/lib/python3.7/site-packages/airflow/example_dags/example_skip_dag.py took 0.059 seconds
[2022-12-23 22:45:59,813] {processor.py:153} INFO - Started process (PID=1890) to work on /home/airflow/.local/lib/python3.7/site-packages/airflow/example_dags/example_skip_dag.py
[2022-12-23 22:45:59,814] {processor.py:641} INFO - Processing file /home/airflow/.local/lib/python3.7/site-packages/airflow/example_dags/example_skip_dag.py for tasks to queue
[2022-12-23 22:45:59,815] {logging_mixin.py:115} INFO - [2022-12-23 22:45:59,815] {dagbag.py:507} INFO - Filling up the DagBag from /home/airflow/.local/lib/python3.7/site-packages/airflow/example_dags/example_skip_dag.py
[2022-12-23 22:45:59,819] {processor.py:651} INFO - DAG(s) dict_keys(['example_skip_dag']) retrieved from /home/airflow/.local/lib/python3.7/site-packages/airflow/example_dags/example_skip_dag.py
[2022-12-23 22:45:59,847] {logging_mixin.py:115} INFO - [2022-12-23 22:45:59,847] {dag.py:2371} INFO - Sync 1 DAGs
[2022-12-23 22:45:59,862] {logging_mixin.py:115} INFO - [2022-12-23 22:45:59,862] {dag.py:2919} INFO - Setting next_dagrun for example_skip_dag to 2022-12-22T22:45:59.862648+00:00, run_after=2022-12-23T22:45:59.862648+00:00
[2022-12-23 22:45:59,870] {processor.py:161} INFO - Processing /home/airflow/.local/lib/python3.7/site-packages/airflow/example_dags/example_skip_dag.py took 0.061 seconds
[2022-12-23 22:46:31,017] {processor.py:153} INFO - Started process (PID=2093) to work on /home/airflow/.local/lib/python3.7/site-packages/airflow/example_dags/example_skip_dag.py
[2022-12-23 22:46:31,018] {processor.py:641} INFO - Processing file /home/airflow/.local/lib/python3.7/site-packages/airflow/example_dags/example_skip_dag.py for tasks to queue
[2022-12-23 22:46:31,019] {logging_mixin.py:115} INFO - [2022-12-23 22:46:31,019] {dagbag.py:507} INFO - Filling up the DagBag from /home/airflow/.local/lib/python3.7/site-packages/airflow/example_dags/example_skip_dag.py
[2022-12-23 22:46:31,024] {processor.py:651} INFO - DAG(s) dict_keys(['example_skip_dag']) retrieved from /home/airflow/.local/lib/python3.7/site-packages/airflow/example_dags/example_skip_dag.py
[2022-12-23 22:46:31,051] {logging_mixin.py:115} INFO - [2022-12-23 22:46:31,051] {dag.py:2371} INFO - Sync 1 DAGs
[2022-12-23 22:46:31,067] {logging_mixin.py:115} INFO - [2022-12-23 22:46:31,067] {dag.py:2919} INFO - Setting next_dagrun for example_skip_dag to 2022-12-22T22:46:31.067512+00:00, run_after=2022-12-23T22:46:31.067512+00:00
[2022-12-23 22:46:31,075] {processor.py:161} INFO - Processing /home/airflow/.local/lib/python3.7/site-packages/airflow/example_dags/example_skip_dag.py took 0.061 seconds
[2022-12-23 22:47:01,259] {processor.py:153} INFO - Started process (PID=2297) to work on /home/airflow/.local/lib/python3.7/site-packages/airflow/example_dags/example_skip_dag.py
[2022-12-23 22:47:01,260] {processor.py:641} INFO - Processing file /home/airflow/.local/lib/python3.7/site-packages/airflow/example_dags/example_skip_dag.py for tasks to queue
[2022-12-23 22:47:01,261] {logging_mixin.py:115} INFO - [2022-12-23 22:47:01,261] {dagbag.py:507} INFO - Filling up the DagBag from /home/airflow/.local/lib/python3.7/site-packages/airflow/example_dags/example_skip_dag.py
[2022-12-23 22:47:01,266] {processor.py:651} INFO - DAG(s) dict_keys(['example_skip_dag']) retrieved from /home/airflow/.local/lib/python3.7/site-packages/airflow/example_dags/example_skip_dag.py
[2022-12-23 22:47:01,292] {logging_mixin.py:115} INFO - [2022-12-23 22:47:01,292] {dag.py:2371} INFO - Sync 1 DAGs
[2022-12-23 22:47:01,309] {logging_mixin.py:115} INFO - [2022-12-23 22:47:01,309] {dag.py:2919} INFO - Setting next_dagrun for example_skip_dag to 2022-12-22T22:47:01.309125+00:00, run_after=2022-12-23T22:47:01.309125+00:00
[2022-12-23 22:47:01,318] {processor.py:161} INFO - Processing /home/airflow/.local/lib/python3.7/site-packages/airflow/example_dags/example_skip_dag.py took 0.062 seconds
[2022-12-23 22:47:32,407] {processor.py:153} INFO - Started process (PID=2497) to work on /home/airflow/.local/lib/python3.7/site-packages/airflow/example_dags/example_skip_dag.py
[2022-12-23 22:47:32,409] {processor.py:641} INFO - Processing file /home/airflow/.local/lib/python3.7/site-packages/airflow/example_dags/example_skip_dag.py for tasks to queue
[2022-12-23 22:47:32,410] {logging_mixin.py:115} INFO - [2022-12-23 22:47:32,410] {dagbag.py:507} INFO - Filling up the DagBag from /home/airflow/.local/lib/python3.7/site-packages/airflow/example_dags/example_skip_dag.py
[2022-12-23 22:47:32,415] {processor.py:651} INFO - DAG(s) dict_keys(['example_skip_dag']) retrieved from /home/airflow/.local/lib/python3.7/site-packages/airflow/example_dags/example_skip_dag.py
[2022-12-23 22:47:32,441] {logging_mixin.py:115} INFO - [2022-12-23 22:47:32,441] {dag.py:2371} INFO - Sync 1 DAGs
[2022-12-23 22:47:32,458] {logging_mixin.py:115} INFO - [2022-12-23 22:47:32,458] {dag.py:2919} INFO - Setting next_dagrun for example_skip_dag to 2022-12-22T22:47:32.458041+00:00, run_after=2022-12-23T22:47:32.458041+00:00
[2022-12-23 22:47:32,467] {processor.py:161} INFO - Processing /home/airflow/.local/lib/python3.7/site-packages/airflow/example_dags/example_skip_dag.py took 0.063 seconds
[2022-12-23 22:48:02,618] {processor.py:153} INFO - Started process (PID=2697) to work on /home/airflow/.local/lib/python3.7/site-packages/airflow/example_dags/example_skip_dag.py
[2022-12-23 22:48:02,619] {processor.py:641} INFO - Processing file /home/airflow/.local/lib/python3.7/site-packages/airflow/example_dags/example_skip_dag.py for tasks to queue
[2022-12-23 22:48:02,620] {logging_mixin.py:115} INFO - [2022-12-23 22:48:02,620] {dagbag.py:507} INFO - Filling up the DagBag from /home/airflow/.local/lib/python3.7/site-packages/airflow/example_dags/example_skip_dag.py
[2022-12-23 22:48:02,624] {processor.py:651} INFO - DAG(s) dict_keys(['example_skip_dag']) retrieved from /home/airflow/.local/lib/python3.7/site-packages/airflow/example_dags/example_skip_dag.py
[2022-12-23 22:48:02,652] {logging_mixin.py:115} INFO - [2022-12-23 22:48:02,652] {dag.py:2371} INFO - Sync 1 DAGs
[2022-12-23 22:48:02,671] {logging_mixin.py:115} INFO - [2022-12-23 22:48:02,671] {dag.py:2919} INFO - Setting next_dagrun for example_skip_dag to 2022-12-22T22:48:02.671603+00:00, run_after=2022-12-23T22:48:02.671603+00:00
[2022-12-23 22:48:02,680] {processor.py:161} INFO - Processing /home/airflow/.local/lib/python3.7/site-packages/airflow/example_dags/example_skip_dag.py took 0.066 seconds
[2022-12-23 22:48:32,715] {processor.py:153} INFO - Started process (PID=2893) to work on /home/airflow/.local/lib/python3.7/site-packages/airflow/example_dags/example_skip_dag.py
[2022-12-23 22:48:32,716] {processor.py:641} INFO - Processing file /home/airflow/.local/lib/python3.7/site-packages/airflow/example_dags/example_skip_dag.py for tasks to queue
[2022-12-23 22:48:32,718] {logging_mixin.py:115} INFO - [2022-12-23 22:48:32,718] {dagbag.py:507} INFO - Filling up the DagBag from /home/airflow/.local/lib/python3.7/site-packages/airflow/example_dags/example_skip_dag.py
[2022-12-23 22:48:32,723] {processor.py:651} INFO - DAG(s) dict_keys(['example_skip_dag']) retrieved from /home/airflow/.local/lib/python3.7/site-packages/airflow/example_dags/example_skip_dag.py
[2022-12-23 22:48:32,750] {logging_mixin.py:115} INFO - [2022-12-23 22:48:32,750] {dag.py:2371} INFO - Sync 1 DAGs
[2022-12-23 22:48:32,771] {logging_mixin.py:115} INFO - [2022-12-23 22:48:32,770] {dag.py:2919} INFO - Setting next_dagrun for example_skip_dag to 2022-12-22T22:48:32.770705+00:00, run_after=2022-12-23T22:48:32.770705+00:00
[2022-12-23 22:48:32,782] {processor.py:161} INFO - Processing /home/airflow/.local/lib/python3.7/site-packages/airflow/example_dags/example_skip_dag.py took 0.069 seconds
[2022-12-23 22:49:03,071] {processor.py:153} INFO - Started process (PID=3097) to work on /home/airflow/.local/lib/python3.7/site-packages/airflow/example_dags/example_skip_dag.py
[2022-12-23 22:49:03,072] {processor.py:641} INFO - Processing file /home/airflow/.local/lib/python3.7/site-packages/airflow/example_dags/example_skip_dag.py for tasks to queue
[2022-12-23 22:49:03,073] {logging_mixin.py:115} INFO - [2022-12-23 22:49:03,073] {dagbag.py:507} INFO - Filling up the DagBag from /home/airflow/.local/lib/python3.7/site-packages/airflow/example_dags/example_skip_dag.py
[2022-12-23 22:49:03,078] {processor.py:651} INFO - DAG(s) dict_keys(['example_skip_dag']) retrieved from /home/airflow/.local/lib/python3.7/site-packages/airflow/example_dags/example_skip_dag.py
[2022-12-23 22:49:03,102] {logging_mixin.py:115} INFO - [2022-12-23 22:49:03,102] {dag.py:2371} INFO - Sync 1 DAGs
[2022-12-23 22:49:03,118] {logging_mixin.py:115} INFO - [2022-12-23 22:49:03,118] {dag.py:2919} INFO - Setting next_dagrun for example_skip_dag to 2022-12-22T22:49:03.118181+00:00, run_after=2022-12-23T22:49:03.118181+00:00
[2022-12-23 22:49:03,126] {processor.py:161} INFO - Processing /home/airflow/.local/lib/python3.7/site-packages/airflow/example_dags/example_skip_dag.py took 0.058 seconds
[2022-12-23 22:49:33,252] {processor.py:153} INFO - Started process (PID=3293) to work on /home/airflow/.local/lib/python3.7/site-packages/airflow/example_dags/example_skip_dag.py
[2022-12-23 22:49:33,253] {processor.py:641} INFO - Processing file /home/airflow/.local/lib/python3.7/site-packages/airflow/example_dags/example_skip_dag.py for tasks to queue
[2022-12-23 22:49:33,254] {logging_mixin.py:115} INFO - [2022-12-23 22:49:33,254] {dagbag.py:507} INFO - Filling up the DagBag from /home/airflow/.local/lib/python3.7/site-packages/airflow/example_dags/example_skip_dag.py
[2022-12-23 22:49:33,259] {processor.py:651} INFO - DAG(s) dict_keys(['example_skip_dag']) retrieved from /home/airflow/.local/lib/python3.7/site-packages/airflow/example_dags/example_skip_dag.py
[2022-12-23 22:49:33,285] {logging_mixin.py:115} INFO - [2022-12-23 22:49:33,285] {dag.py:2371} INFO - Sync 1 DAGs
[2022-12-23 22:49:33,302] {logging_mixin.py:115} INFO - [2022-12-23 22:49:33,302] {dag.py:2919} INFO - Setting next_dagrun for example_skip_dag to 2022-12-22T22:49:33.301821+00:00, run_after=2022-12-23T22:49:33.301821+00:00
[2022-12-23 22:49:33,311] {processor.py:161} INFO - Processing /home/airflow/.local/lib/python3.7/site-packages/airflow/example_dags/example_skip_dag.py took 0.063 seconds
[2022-12-23 22:50:03,505] {processor.py:153} INFO - Started process (PID=3498) to work on /home/airflow/.local/lib/python3.7/site-packages/airflow/example_dags/example_skip_dag.py
[2022-12-23 22:50:03,507] {processor.py:641} INFO - Processing file /home/airflow/.local/lib/python3.7/site-packages/airflow/example_dags/example_skip_dag.py for tasks to queue
[2022-12-23 22:50:03,508] {logging_mixin.py:115} INFO - [2022-12-23 22:50:03,508] {dagbag.py:507} INFO - Filling up the DagBag from /home/airflow/.local/lib/python3.7/site-packages/airflow/example_dags/example_skip_dag.py
[2022-12-23 22:50:03,512] {processor.py:651} INFO - DAG(s) dict_keys(['example_skip_dag']) retrieved from /home/airflow/.local/lib/python3.7/site-packages/airflow/example_dags/example_skip_dag.py
[2022-12-23 22:50:03,538] {logging_mixin.py:115} INFO - [2022-12-23 22:50:03,538] {dag.py:2371} INFO - Sync 1 DAGs
[2022-12-23 22:50:03,556] {logging_mixin.py:115} INFO - [2022-12-23 22:50:03,556] {dag.py:2919} INFO - Setting next_dagrun for example_skip_dag to 2022-12-22T22:50:03.556340+00:00, run_after=2022-12-23T22:50:03.556340+00:00
[2022-12-23 22:50:03,566] {processor.py:161} INFO - Processing /home/airflow/.local/lib/python3.7/site-packages/airflow/example_dags/example_skip_dag.py took 0.063 seconds
[2022-12-23 22:50:33,674] {processor.py:153} INFO - Started process (PID=3702) to work on /home/airflow/.local/lib/python3.7/site-packages/airflow/example_dags/example_skip_dag.py
[2022-12-23 22:50:33,675] {processor.py:641} INFO - Processing file /home/airflow/.local/lib/python3.7/site-packages/airflow/example_dags/example_skip_dag.py for tasks to queue
[2022-12-23 22:50:33,676] {logging_mixin.py:115} INFO - [2022-12-23 22:50:33,676] {dagbag.py:507} INFO - Filling up the DagBag from /home/airflow/.local/lib/python3.7/site-packages/airflow/example_dags/example_skip_dag.py
[2022-12-23 22:50:33,681] {processor.py:651} INFO - DAG(s) dict_keys(['example_skip_dag']) retrieved from /home/airflow/.local/lib/python3.7/site-packages/airflow/example_dags/example_skip_dag.py
[2022-12-23 22:50:33,706] {logging_mixin.py:115} INFO - [2022-12-23 22:50:33,706] {dag.py:2371} INFO - Sync 1 DAGs
[2022-12-23 22:50:33,722] {logging_mixin.py:115} INFO - [2022-12-23 22:50:33,722] {dag.py:2919} INFO - Setting next_dagrun for example_skip_dag to 2022-12-22T22:50:33.722250+00:00, run_after=2022-12-23T22:50:33.722250+00:00
[2022-12-23 22:50:33,732] {processor.py:161} INFO - Processing /home/airflow/.local/lib/python3.7/site-packages/airflow/example_dags/example_skip_dag.py took 0.061 seconds
[2022-12-23 22:51:04,023] {processor.py:153} INFO - Started process (PID=3905) to work on /home/airflow/.local/lib/python3.7/site-packages/airflow/example_dags/example_skip_dag.py
[2022-12-23 22:51:04,025] {processor.py:641} INFO - Processing file /home/airflow/.local/lib/python3.7/site-packages/airflow/example_dags/example_skip_dag.py for tasks to queue
[2022-12-23 22:51:04,025] {logging_mixin.py:115} INFO - [2022-12-23 22:51:04,025] {dagbag.py:507} INFO - Filling up the DagBag from /home/airflow/.local/lib/python3.7/site-packages/airflow/example_dags/example_skip_dag.py
[2022-12-23 22:51:04,030] {processor.py:651} INFO - DAG(s) dict_keys(['example_skip_dag']) retrieved from /home/airflow/.local/lib/python3.7/site-packages/airflow/example_dags/example_skip_dag.py
[2022-12-23 22:51:04,055] {logging_mixin.py:115} INFO - [2022-12-23 22:51:04,054] {dag.py:2371} INFO - Sync 1 DAGs
[2022-12-23 22:51:04,070] {logging_mixin.py:115} INFO - [2022-12-23 22:51:04,070] {dag.py:2919} INFO - Setting next_dagrun for example_skip_dag to 2022-12-22T22:51:04.070608+00:00, run_after=2022-12-23T22:51:04.070608+00:00
[2022-12-23 22:51:04,079] {processor.py:161} INFO - Processing /home/airflow/.local/lib/python3.7/site-packages/airflow/example_dags/example_skip_dag.py took 0.058 seconds
[2022-12-23 22:51:35,105] {processor.py:153} INFO - Started process (PID=4111) to work on /home/airflow/.local/lib/python3.7/site-packages/airflow/example_dags/example_skip_dag.py
[2022-12-23 22:51:35,106] {processor.py:641} INFO - Processing file /home/airflow/.local/lib/python3.7/site-packages/airflow/example_dags/example_skip_dag.py for tasks to queue
[2022-12-23 22:51:35,107] {logging_mixin.py:115} INFO - [2022-12-23 22:51:35,107] {dagbag.py:507} INFO - Filling up the DagBag from /home/airflow/.local/lib/python3.7/site-packages/airflow/example_dags/example_skip_dag.py
[2022-12-23 22:51:35,112] {processor.py:651} INFO - DAG(s) dict_keys(['example_skip_dag']) retrieved from /home/airflow/.local/lib/python3.7/site-packages/airflow/example_dags/example_skip_dag.py
[2022-12-23 22:51:35,136] {logging_mixin.py:115} INFO - [2022-12-23 22:51:35,136] {dag.py:2371} INFO - Sync 1 DAGs
[2022-12-23 22:51:35,158] {logging_mixin.py:115} INFO - [2022-12-23 22:51:35,158] {dag.py:2919} INFO - Setting next_dagrun for example_skip_dag to 2022-12-22T22:51:35.158614+00:00, run_after=2022-12-23T22:51:35.158614+00:00
[2022-12-23 22:51:35,174] {processor.py:161} INFO - Processing /home/airflow/.local/lib/python3.7/site-packages/airflow/example_dags/example_skip_dag.py took 0.072 seconds
[2022-12-23 22:52:05,230] {processor.py:153} INFO - Started process (PID=4306) to work on /home/airflow/.local/lib/python3.7/site-packages/airflow/example_dags/example_skip_dag.py
[2022-12-23 22:52:05,231] {processor.py:641} INFO - Processing file /home/airflow/.local/lib/python3.7/site-packages/airflow/example_dags/example_skip_dag.py for tasks to queue
[2022-12-23 22:52:05,232] {logging_mixin.py:115} INFO - [2022-12-23 22:52:05,232] {dagbag.py:507} INFO - Filling up the DagBag from /home/airflow/.local/lib/python3.7/site-packages/airflow/example_dags/example_skip_dag.py
[2022-12-23 22:52:05,237] {processor.py:651} INFO - DAG(s) dict_keys(['example_skip_dag']) retrieved from /home/airflow/.local/lib/python3.7/site-packages/airflow/example_dags/example_skip_dag.py
[2022-12-23 22:52:05,261] {logging_mixin.py:115} INFO - [2022-12-23 22:52:05,261] {dag.py:2371} INFO - Sync 1 DAGs
[2022-12-23 22:52:05,277] {logging_mixin.py:115} INFO - [2022-12-23 22:52:05,277] {dag.py:2919} INFO - Setting next_dagrun for example_skip_dag to 2022-12-22T22:52:05.277478+00:00, run_after=2022-12-23T22:52:05.277478+00:00
[2022-12-23 22:52:05,288] {processor.py:161} INFO - Processing /home/airflow/.local/lib/python3.7/site-packages/airflow/example_dags/example_skip_dag.py took 0.061 seconds
[2022-12-23 22:52:35,399] {processor.py:153} INFO - Started process (PID=4509) to work on /home/airflow/.local/lib/python3.7/site-packages/airflow/example_dags/example_skip_dag.py
[2022-12-23 22:52:35,400] {processor.py:641} INFO - Processing file /home/airflow/.local/lib/python3.7/site-packages/airflow/example_dags/example_skip_dag.py for tasks to queue
[2022-12-23 22:52:35,401] {logging_mixin.py:115} INFO - [2022-12-23 22:52:35,401] {dagbag.py:507} INFO - Filling up the DagBag from /home/airflow/.local/lib/python3.7/site-packages/airflow/example_dags/example_skip_dag.py
[2022-12-23 22:52:35,406] {processor.py:651} INFO - DAG(s) dict_keys(['example_skip_dag']) retrieved from /home/airflow/.local/lib/python3.7/site-packages/airflow/example_dags/example_skip_dag.py
[2022-12-23 22:52:35,431] {logging_mixin.py:115} INFO - [2022-12-23 22:52:35,431] {dag.py:2371} INFO - Sync 1 DAGs
[2022-12-23 22:52:35,447] {logging_mixin.py:115} INFO - [2022-12-23 22:52:35,447] {dag.py:2919} INFO - Setting next_dagrun for example_skip_dag to 2022-12-22T22:52:35.447010+00:00, run_after=2022-12-23T22:52:35.447010+00:00
[2022-12-23 22:52:35,456] {processor.py:161} INFO - Processing /home/airflow/.local/lib/python3.7/site-packages/airflow/example_dags/example_skip_dag.py took 0.059 seconds
[2022-12-23 22:53:06,067] {processor.py:153} INFO - Started process (PID=4724) to work on /home/airflow/.local/lib/python3.7/site-packages/airflow/example_dags/example_skip_dag.py
[2022-12-23 22:53:06,068] {processor.py:641} INFO - Processing file /home/airflow/.local/lib/python3.7/site-packages/airflow/example_dags/example_skip_dag.py for tasks to queue
[2022-12-23 22:53:06,069] {logging_mixin.py:115} INFO - [2022-12-23 22:53:06,069] {dagbag.py:507} INFO - Filling up the DagBag from /home/airflow/.local/lib/python3.7/site-packages/airflow/example_dags/example_skip_dag.py
[2022-12-23 22:53:06,073] {processor.py:651} INFO - DAG(s) dict_keys(['example_skip_dag']) retrieved from /home/airflow/.local/lib/python3.7/site-packages/airflow/example_dags/example_skip_dag.py
[2022-12-23 22:53:06,098] {logging_mixin.py:115} INFO - [2022-12-23 22:53:06,098] {dag.py:2371} INFO - Sync 1 DAGs
[2022-12-23 22:53:06,114] {logging_mixin.py:115} INFO - [2022-12-23 22:53:06,114] {dag.py:2919} INFO - Setting next_dagrun for example_skip_dag to 2022-12-22T22:53:06.114230+00:00, run_after=2022-12-23T22:53:06.114230+00:00
[2022-12-23 22:53:06,123] {processor.py:161} INFO - Processing /home/airflow/.local/lib/python3.7/site-packages/airflow/example_dags/example_skip_dag.py took 0.058 seconds
[2022-12-23 22:53:37,246] {processor.py:153} INFO - Started process (PID=4924) to work on /home/airflow/.local/lib/python3.7/site-packages/airflow/example_dags/example_skip_dag.py
[2022-12-23 22:53:37,248] {processor.py:641} INFO - Processing file /home/airflow/.local/lib/python3.7/site-packages/airflow/example_dags/example_skip_dag.py for tasks to queue
[2022-12-23 22:53:37,248] {logging_mixin.py:115} INFO - [2022-12-23 22:53:37,248] {dagbag.py:507} INFO - Filling up the DagBag from /home/airflow/.local/lib/python3.7/site-packages/airflow/example_dags/example_skip_dag.py
[2022-12-23 22:53:37,253] {processor.py:651} INFO - DAG(s) dict_keys(['example_skip_dag']) retrieved from /home/airflow/.local/lib/python3.7/site-packages/airflow/example_dags/example_skip_dag.py
[2022-12-23 22:53:37,290] {logging_mixin.py:115} INFO - [2022-12-23 22:53:37,290] {dag.py:2371} INFO - Sync 1 DAGs
[2022-12-23 22:53:37,312] {logging_mixin.py:115} INFO - [2022-12-23 22:53:37,312] {dag.py:2919} INFO - Setting next_dagrun for example_skip_dag to 2022-12-22T22:53:37.312237+00:00, run_after=2022-12-23T22:53:37.312237+00:00
[2022-12-23 22:53:37,322] {processor.py:161} INFO - Processing /home/airflow/.local/lib/python3.7/site-packages/airflow/example_dags/example_skip_dag.py took 0.079 seconds
[2022-12-23 22:54:07,545] {processor.py:153} INFO - Started process (PID=5118) to work on /home/airflow/.local/lib/python3.7/site-packages/airflow/example_dags/example_skip_dag.py
[2022-12-23 22:54:07,546] {processor.py:641} INFO - Processing file /home/airflow/.local/lib/python3.7/site-packages/airflow/example_dags/example_skip_dag.py for tasks to queue
[2022-12-23 22:54:07,547] {logging_mixin.py:115} INFO - [2022-12-23 22:54:07,547] {dagbag.py:507} INFO - Filling up the DagBag from /home/airflow/.local/lib/python3.7/site-packages/airflow/example_dags/example_skip_dag.py
[2022-12-23 22:54:07,551] {processor.py:651} INFO - DAG(s) dict_keys(['example_skip_dag']) retrieved from /home/airflow/.local/lib/python3.7/site-packages/airflow/example_dags/example_skip_dag.py
[2022-12-23 22:54:07,575] {logging_mixin.py:115} INFO - [2022-12-23 22:54:07,575] {dag.py:2371} INFO - Sync 1 DAGs
[2022-12-23 22:54:07,592] {logging_mixin.py:115} INFO - [2022-12-23 22:54:07,592] {dag.py:2919} INFO - Setting next_dagrun for example_skip_dag to 2022-12-22T22:54:07.592265+00:00, run_after=2022-12-23T22:54:07.592265+00:00
[2022-12-23 22:54:07,601] {processor.py:161} INFO - Processing /home/airflow/.local/lib/python3.7/site-packages/airflow/example_dags/example_skip_dag.py took 0.059 seconds
[2022-12-23 22:54:38,030] {processor.py:153} INFO - Started process (PID=5327) to work on /home/airflow/.local/lib/python3.7/site-packages/airflow/example_dags/example_skip_dag.py
[2022-12-23 22:54:38,031] {processor.py:641} INFO - Processing file /home/airflow/.local/lib/python3.7/site-packages/airflow/example_dags/example_skip_dag.py for tasks to queue
[2022-12-23 22:54:38,032] {logging_mixin.py:115} INFO - [2022-12-23 22:54:38,032] {dagbag.py:507} INFO - Filling up the DagBag from /home/airflow/.local/lib/python3.7/site-packages/airflow/example_dags/example_skip_dag.py
[2022-12-23 22:54:38,038] {processor.py:651} INFO - DAG(s) dict_keys(['example_skip_dag']) retrieved from /home/airflow/.local/lib/python3.7/site-packages/airflow/example_dags/example_skip_dag.py
[2022-12-23 22:54:38,078] {logging_mixin.py:115} INFO - [2022-12-23 22:54:38,078] {dag.py:2371} INFO - Sync 1 DAGs
[2022-12-23 22:54:38,098] {logging_mixin.py:115} INFO - [2022-12-23 22:54:38,098] {dag.py:2919} INFO - Setting next_dagrun for example_skip_dag to 2022-12-22T22:54:38.097944+00:00, run_after=2022-12-23T22:54:38.097944+00:00
[2022-12-23 22:54:38,111] {processor.py:161} INFO - Processing /home/airflow/.local/lib/python3.7/site-packages/airflow/example_dags/example_skip_dag.py took 0.085 seconds
[2022-12-23 22:55:08,188] {processor.py:153} INFO - Started process (PID=5534) to work on /home/airflow/.local/lib/python3.7/site-packages/airflow/example_dags/example_skip_dag.py
[2022-12-23 22:55:08,189] {processor.py:641} INFO - Processing file /home/airflow/.local/lib/python3.7/site-packages/airflow/example_dags/example_skip_dag.py for tasks to queue
[2022-12-23 22:55:08,191] {logging_mixin.py:115} INFO - [2022-12-23 22:55:08,191] {dagbag.py:507} INFO - Filling up the DagBag from /home/airflow/.local/lib/python3.7/site-packages/airflow/example_dags/example_skip_dag.py
[2022-12-23 22:55:08,195] {processor.py:651} INFO - DAG(s) dict_keys(['example_skip_dag']) retrieved from /home/airflow/.local/lib/python3.7/site-packages/airflow/example_dags/example_skip_dag.py
[2022-12-23 22:55:08,220] {logging_mixin.py:115} INFO - [2022-12-23 22:55:08,220] {dag.py:2371} INFO - Sync 1 DAGs
[2022-12-23 22:55:08,236] {logging_mixin.py:115} INFO - [2022-12-23 22:55:08,235] {dag.py:2919} INFO - Setting next_dagrun for example_skip_dag to 2022-12-22T22:55:08.235730+00:00, run_after=2022-12-23T22:55:08.235730+00:00
[2022-12-23 22:55:08,243] {processor.py:161} INFO - Processing /home/airflow/.local/lib/python3.7/site-packages/airflow/example_dags/example_skip_dag.py took 0.058 seconds
[2022-12-23 22:55:38,328] {processor.py:153} INFO - Started process (PID=5738) to work on /home/airflow/.local/lib/python3.7/site-packages/airflow/example_dags/example_skip_dag.py
[2022-12-23 22:55:38,329] {processor.py:641} INFO - Processing file /home/airflow/.local/lib/python3.7/site-packages/airflow/example_dags/example_skip_dag.py for tasks to queue
[2022-12-23 22:55:38,331] {logging_mixin.py:115} INFO - [2022-12-23 22:55:38,330] {dagbag.py:507} INFO - Filling up the DagBag from /home/airflow/.local/lib/python3.7/site-packages/airflow/example_dags/example_skip_dag.py
[2022-12-23 22:55:38,335] {processor.py:651} INFO - DAG(s) dict_keys(['example_skip_dag']) retrieved from /home/airflow/.local/lib/python3.7/site-packages/airflow/example_dags/example_skip_dag.py
[2022-12-23 22:55:38,361] {logging_mixin.py:115} INFO - [2022-12-23 22:55:38,361] {dag.py:2371} INFO - Sync 1 DAGs
[2022-12-23 22:55:38,378] {logging_mixin.py:115} INFO - [2022-12-23 22:55:38,378] {dag.py:2919} INFO - Setting next_dagrun for example_skip_dag to 2022-12-22T22:55:38.378271+00:00, run_after=2022-12-23T22:55:38.378271+00:00
[2022-12-23 22:55:38,386] {processor.py:161} INFO - Processing /home/airflow/.local/lib/python3.7/site-packages/airflow/example_dags/example_skip_dag.py took 0.060 seconds
[2022-12-23 22:56:08,733] {processor.py:153} INFO - Started process (PID=5936) to work on /home/airflow/.local/lib/python3.7/site-packages/airflow/example_dags/example_skip_dag.py
[2022-12-23 22:56:08,734] {processor.py:641} INFO - Processing file /home/airflow/.local/lib/python3.7/site-packages/airflow/example_dags/example_skip_dag.py for tasks to queue
[2022-12-23 22:56:08,735] {logging_mixin.py:115} INFO - [2022-12-23 22:56:08,735] {dagbag.py:507} INFO - Filling up the DagBag from /home/airflow/.local/lib/python3.7/site-packages/airflow/example_dags/example_skip_dag.py
[2022-12-23 22:56:08,740] {processor.py:651} INFO - DAG(s) dict_keys(['example_skip_dag']) retrieved from /home/airflow/.local/lib/python3.7/site-packages/airflow/example_dags/example_skip_dag.py
[2022-12-23 22:56:08,766] {logging_mixin.py:115} INFO - [2022-12-23 22:56:08,766] {dag.py:2371} INFO - Sync 1 DAGs
[2022-12-23 22:56:08,782] {logging_mixin.py:115} INFO - [2022-12-23 22:56:08,782] {dag.py:2919} INFO - Setting next_dagrun for example_skip_dag to 2022-12-22T22:56:08.781887+00:00, run_after=2022-12-23T22:56:08.781887+00:00
[2022-12-23 22:56:08,790] {processor.py:161} INFO - Processing /home/airflow/.local/lib/python3.7/site-packages/airflow/example_dags/example_skip_dag.py took 0.060 seconds
[2022-12-23 22:56:39,074] {processor.py:153} INFO - Started process (PID=6144) to work on /home/airflow/.local/lib/python3.7/site-packages/airflow/example_dags/example_skip_dag.py
[2022-12-23 22:56:39,076] {processor.py:641} INFO - Processing file /home/airflow/.local/lib/python3.7/site-packages/airflow/example_dags/example_skip_dag.py for tasks to queue
[2022-12-23 22:56:39,077] {logging_mixin.py:115} INFO - [2022-12-23 22:56:39,077] {dagbag.py:507} INFO - Filling up the DagBag from /home/airflow/.local/lib/python3.7/site-packages/airflow/example_dags/example_skip_dag.py
[2022-12-23 22:56:39,085] {processor.py:651} INFO - DAG(s) dict_keys(['example_skip_dag']) retrieved from /home/airflow/.local/lib/python3.7/site-packages/airflow/example_dags/example_skip_dag.py
[2022-12-23 22:56:39,127] {logging_mixin.py:115} INFO - [2022-12-23 22:56:39,127] {dag.py:2371} INFO - Sync 1 DAGs
[2022-12-23 22:56:39,146] {logging_mixin.py:115} INFO - [2022-12-23 22:56:39,145] {dag.py:2919} INFO - Setting next_dagrun for example_skip_dag to 2022-12-22T22:56:39.145654+00:00, run_after=2022-12-23T22:56:39.145654+00:00
[2022-12-23 22:56:39,159] {processor.py:161} INFO - Processing /home/airflow/.local/lib/python3.7/site-packages/airflow/example_dags/example_skip_dag.py took 0.090 seconds
[2022-12-23 22:57:09,331] {processor.py:153} INFO - Started process (PID=6346) to work on /home/airflow/.local/lib/python3.7/site-packages/airflow/example_dags/example_skip_dag.py
[2022-12-23 22:57:09,332] {processor.py:641} INFO - Processing file /home/airflow/.local/lib/python3.7/site-packages/airflow/example_dags/example_skip_dag.py for tasks to queue
[2022-12-23 22:57:09,333] {logging_mixin.py:115} INFO - [2022-12-23 22:57:09,333] {dagbag.py:507} INFO - Filling up the DagBag from /home/airflow/.local/lib/python3.7/site-packages/airflow/example_dags/example_skip_dag.py
[2022-12-23 22:57:09,338] {processor.py:651} INFO - DAG(s) dict_keys(['example_skip_dag']) retrieved from /home/airflow/.local/lib/python3.7/site-packages/airflow/example_dags/example_skip_dag.py
[2022-12-23 22:57:09,367] {logging_mixin.py:115} INFO - [2022-12-23 22:57:09,367] {dag.py:2371} INFO - Sync 1 DAGs
[2022-12-23 22:57:09,386] {logging_mixin.py:115} INFO - [2022-12-23 22:57:09,386] {dag.py:2919} INFO - Setting next_dagrun for example_skip_dag to 2022-12-22T22:57:09.385935+00:00, run_after=2022-12-23T22:57:09.385935+00:00
[2022-12-23 22:57:09,405] {processor.py:161} INFO - Processing /home/airflow/.local/lib/python3.7/site-packages/airflow/example_dags/example_skip_dag.py took 0.077 seconds
[2022-12-23 22:57:39,537] {processor.py:153} INFO - Started process (PID=6547) to work on /home/airflow/.local/lib/python3.7/site-packages/airflow/example_dags/example_skip_dag.py
[2022-12-23 22:57:39,538] {processor.py:641} INFO - Processing file /home/airflow/.local/lib/python3.7/site-packages/airflow/example_dags/example_skip_dag.py for tasks to queue
[2022-12-23 22:57:39,539] {logging_mixin.py:115} INFO - [2022-12-23 22:57:39,539] {dagbag.py:507} INFO - Filling up the DagBag from /home/airflow/.local/lib/python3.7/site-packages/airflow/example_dags/example_skip_dag.py
[2022-12-23 22:57:39,544] {processor.py:651} INFO - DAG(s) dict_keys(['example_skip_dag']) retrieved from /home/airflow/.local/lib/python3.7/site-packages/airflow/example_dags/example_skip_dag.py
[2022-12-23 22:57:39,574] {logging_mixin.py:115} INFO - [2022-12-23 22:57:39,574] {dag.py:2371} INFO - Sync 1 DAGs
[2022-12-23 22:57:39,590] {logging_mixin.py:115} INFO - [2022-12-23 22:57:39,590] {dag.py:2919} INFO - Setting next_dagrun for example_skip_dag to 2022-12-22T22:57:39.590569+00:00, run_after=2022-12-23T22:57:39.590569+00:00
[2022-12-23 22:57:39,601] {processor.py:161} INFO - Processing /home/airflow/.local/lib/python3.7/site-packages/airflow/example_dags/example_skip_dag.py took 0.067 seconds
[2022-12-23 22:58:10,053] {processor.py:153} INFO - Started process (PID=6743) to work on /home/airflow/.local/lib/python3.7/site-packages/airflow/example_dags/example_skip_dag.py
[2022-12-23 22:58:10,054] {processor.py:641} INFO - Processing file /home/airflow/.local/lib/python3.7/site-packages/airflow/example_dags/example_skip_dag.py for tasks to queue
[2022-12-23 22:58:10,055] {logging_mixin.py:115} INFO - [2022-12-23 22:58:10,054] {dagbag.py:507} INFO - Filling up the DagBag from /home/airflow/.local/lib/python3.7/site-packages/airflow/example_dags/example_skip_dag.py
[2022-12-23 22:58:10,059] {processor.py:651} INFO - DAG(s) dict_keys(['example_skip_dag']) retrieved from /home/airflow/.local/lib/python3.7/site-packages/airflow/example_dags/example_skip_dag.py
[2022-12-23 22:58:10,083] {logging_mixin.py:115} INFO - [2022-12-23 22:58:10,083] {dag.py:2371} INFO - Sync 1 DAGs
[2022-12-23 22:58:10,100] {logging_mixin.py:115} INFO - [2022-12-23 22:58:10,100] {dag.py:2919} INFO - Setting next_dagrun for example_skip_dag to 2022-12-22T22:58:10.100177+00:00, run_after=2022-12-23T22:58:10.100177+00:00
[2022-12-23 22:58:10,109] {processor.py:161} INFO - Processing /home/airflow/.local/lib/python3.7/site-packages/airflow/example_dags/example_skip_dag.py took 0.059 seconds
[2022-12-23 22:58:40,284] {processor.py:153} INFO - Started process (PID=6947) to work on /home/airflow/.local/lib/python3.7/site-packages/airflow/example_dags/example_skip_dag.py
[2022-12-23 22:58:40,285] {processor.py:641} INFO - Processing file /home/airflow/.local/lib/python3.7/site-packages/airflow/example_dags/example_skip_dag.py for tasks to queue
[2022-12-23 22:58:40,286] {logging_mixin.py:115} INFO - [2022-12-23 22:58:40,286] {dagbag.py:507} INFO - Filling up the DagBag from /home/airflow/.local/lib/python3.7/site-packages/airflow/example_dags/example_skip_dag.py
[2022-12-23 22:58:40,291] {processor.py:651} INFO - DAG(s) dict_keys(['example_skip_dag']) retrieved from /home/airflow/.local/lib/python3.7/site-packages/airflow/example_dags/example_skip_dag.py
[2022-12-23 22:58:40,316] {logging_mixin.py:115} INFO - [2022-12-23 22:58:40,316] {dag.py:2371} INFO - Sync 1 DAGs
[2022-12-23 22:58:40,333] {logging_mixin.py:115} INFO - [2022-12-23 22:58:40,333] {dag.py:2919} INFO - Setting next_dagrun for example_skip_dag to 2022-12-22T22:58:40.333490+00:00, run_after=2022-12-23T22:58:40.333490+00:00
[2022-12-23 22:58:40,342] {processor.py:161} INFO - Processing /home/airflow/.local/lib/python3.7/site-packages/airflow/example_dags/example_skip_dag.py took 0.061 seconds
[2022-12-23 22:59:10,408] {processor.py:153} INFO - Started process (PID=7150) to work on /home/airflow/.local/lib/python3.7/site-packages/airflow/example_dags/example_skip_dag.py
[2022-12-23 22:59:10,409] {processor.py:641} INFO - Processing file /home/airflow/.local/lib/python3.7/site-packages/airflow/example_dags/example_skip_dag.py for tasks to queue
[2022-12-23 22:59:10,410] {logging_mixin.py:115} INFO - [2022-12-23 22:59:10,410] {dagbag.py:507} INFO - Filling up the DagBag from /home/airflow/.local/lib/python3.7/site-packages/airflow/example_dags/example_skip_dag.py
[2022-12-23 22:59:10,415] {processor.py:651} INFO - DAG(s) dict_keys(['example_skip_dag']) retrieved from /home/airflow/.local/lib/python3.7/site-packages/airflow/example_dags/example_skip_dag.py
[2022-12-23 22:59:10,442] {logging_mixin.py:115} INFO - [2022-12-23 22:59:10,442] {dag.py:2371} INFO - Sync 1 DAGs
[2022-12-23 22:59:10,462] {logging_mixin.py:115} INFO - [2022-12-23 22:59:10,462] {dag.py:2919} INFO - Setting next_dagrun for example_skip_dag to 2022-12-22T22:59:10.462069+00:00, run_after=2022-12-23T22:59:10.462069+00:00
[2022-12-23 22:59:10,472] {processor.py:161} INFO - Processing /home/airflow/.local/lib/python3.7/site-packages/airflow/example_dags/example_skip_dag.py took 0.067 seconds
[2022-12-23 22:59:40,741] {processor.py:153} INFO - Started process (PID=7354) to work on /home/airflow/.local/lib/python3.7/site-packages/airflow/example_dags/example_skip_dag.py
[2022-12-23 22:59:40,742] {processor.py:641} INFO - Processing file /home/airflow/.local/lib/python3.7/site-packages/airflow/example_dags/example_skip_dag.py for tasks to queue
[2022-12-23 22:59:40,743] {logging_mixin.py:115} INFO - [2022-12-23 22:59:40,743] {dagbag.py:507} INFO - Filling up the DagBag from /home/airflow/.local/lib/python3.7/site-packages/airflow/example_dags/example_skip_dag.py
[2022-12-23 22:59:40,748] {processor.py:651} INFO - DAG(s) dict_keys(['example_skip_dag']) retrieved from /home/airflow/.local/lib/python3.7/site-packages/airflow/example_dags/example_skip_dag.py
[2022-12-23 22:59:40,776] {logging_mixin.py:115} INFO - [2022-12-23 22:59:40,776] {dag.py:2371} INFO - Sync 1 DAGs
[2022-12-23 22:59:40,794] {logging_mixin.py:115} INFO - [2022-12-23 22:59:40,793] {dag.py:2919} INFO - Setting next_dagrun for example_skip_dag to 2022-12-22T22:59:40.793709+00:00, run_after=2022-12-23T22:59:40.793709+00:00
[2022-12-23 22:59:40,805] {processor.py:161} INFO - Processing /home/airflow/.local/lib/python3.7/site-packages/airflow/example_dags/example_skip_dag.py took 0.067 seconds
[2022-12-23 23:00:10,885] {processor.py:153} INFO - Started process (PID=7549) to work on /home/airflow/.local/lib/python3.7/site-packages/airflow/example_dags/example_skip_dag.py
[2022-12-23 23:00:10,886] {processor.py:641} INFO - Processing file /home/airflow/.local/lib/python3.7/site-packages/airflow/example_dags/example_skip_dag.py for tasks to queue
[2022-12-23 23:00:10,887] {logging_mixin.py:115} INFO - [2022-12-23 23:00:10,887] {dagbag.py:507} INFO - Filling up the DagBag from /home/airflow/.local/lib/python3.7/site-packages/airflow/example_dags/example_skip_dag.py
[2022-12-23 23:00:10,894] {processor.py:651} INFO - DAG(s) dict_keys(['example_skip_dag']) retrieved from /home/airflow/.local/lib/python3.7/site-packages/airflow/example_dags/example_skip_dag.py
[2022-12-23 23:00:10,932] {logging_mixin.py:115} INFO - [2022-12-23 23:00:10,932] {dag.py:2371} INFO - Sync 1 DAGs
[2022-12-23 23:00:10,949] {logging_mixin.py:115} INFO - [2022-12-23 23:00:10,949] {dag.py:2919} INFO - Setting next_dagrun for example_skip_dag to 2022-12-22T23:00:10.949146+00:00, run_after=2022-12-23T23:00:10.949146+00:00
[2022-12-23 23:00:10,958] {processor.py:161} INFO - Processing /home/airflow/.local/lib/python3.7/site-packages/airflow/example_dags/example_skip_dag.py took 0.077 seconds
[2022-12-23 23:00:41,327] {processor.py:153} INFO - Started process (PID=7753) to work on /home/airflow/.local/lib/python3.7/site-packages/airflow/example_dags/example_skip_dag.py
[2022-12-23 23:00:41,328] {processor.py:641} INFO - Processing file /home/airflow/.local/lib/python3.7/site-packages/airflow/example_dags/example_skip_dag.py for tasks to queue
[2022-12-23 23:00:41,329] {logging_mixin.py:115} INFO - [2022-12-23 23:00:41,329] {dagbag.py:507} INFO - Filling up the DagBag from /home/airflow/.local/lib/python3.7/site-packages/airflow/example_dags/example_skip_dag.py
[2022-12-23 23:00:41,334] {processor.py:651} INFO - DAG(s) dict_keys(['example_skip_dag']) retrieved from /home/airflow/.local/lib/python3.7/site-packages/airflow/example_dags/example_skip_dag.py
[2022-12-23 23:00:41,360] {logging_mixin.py:115} INFO - [2022-12-23 23:00:41,360] {dag.py:2371} INFO - Sync 1 DAGs
[2022-12-23 23:00:41,378] {logging_mixin.py:115} INFO - [2022-12-23 23:00:41,378] {dag.py:2919} INFO - Setting next_dagrun for example_skip_dag to 2022-12-22T23:00:41.377764+00:00, run_after=2022-12-23T23:00:41.377764+00:00
[2022-12-23 23:00:41,392] {processor.py:161} INFO - Processing /home/airflow/.local/lib/python3.7/site-packages/airflow/example_dags/example_skip_dag.py took 0.068 seconds
[2022-12-23 23:01:11,504] {processor.py:153} INFO - Started process (PID=7958) to work on /home/airflow/.local/lib/python3.7/site-packages/airflow/example_dags/example_skip_dag.py
[2022-12-23 23:01:11,505] {processor.py:641} INFO - Processing file /home/airflow/.local/lib/python3.7/site-packages/airflow/example_dags/example_skip_dag.py for tasks to queue
[2022-12-23 23:01:11,508] {logging_mixin.py:115} INFO - [2022-12-23 23:01:11,508] {dagbag.py:507} INFO - Filling up the DagBag from /home/airflow/.local/lib/python3.7/site-packages/airflow/example_dags/example_skip_dag.py
[2022-12-23 23:01:11,512] {processor.py:651} INFO - DAG(s) dict_keys(['example_skip_dag']) retrieved from /home/airflow/.local/lib/python3.7/site-packages/airflow/example_dags/example_skip_dag.py
[2022-12-23 23:01:11,537] {logging_mixin.py:115} INFO - [2022-12-23 23:01:11,537] {dag.py:2371} INFO - Sync 1 DAGs
[2022-12-23 23:01:11,553] {logging_mixin.py:115} INFO - [2022-12-23 23:01:11,553] {dag.py:2919} INFO - Setting next_dagrun for example_skip_dag to 2022-12-22T23:01:11.553469+00:00, run_after=2022-12-23T23:01:11.553469+00:00
[2022-12-23 23:01:11,562] {processor.py:161} INFO - Processing /home/airflow/.local/lib/python3.7/site-packages/airflow/example_dags/example_skip_dag.py took 0.060 seconds
[2022-12-23 23:03:26,769] {processor.py:153} INFO - Started process (PID=65) to work on /home/airflow/.local/lib/python3.7/site-packages/airflow/example_dags/example_skip_dag.py
[2022-12-23 23:03:26,770] {processor.py:641} INFO - Processing file /home/airflow/.local/lib/python3.7/site-packages/airflow/example_dags/example_skip_dag.py for tasks to queue
[2022-12-23 23:03:26,771] {logging_mixin.py:115} INFO - [2022-12-23 23:03:26,771] {dagbag.py:507} INFO - Filling up the DagBag from /home/airflow/.local/lib/python3.7/site-packages/airflow/example_dags/example_skip_dag.py
[2022-12-23 23:03:26,783] {processor.py:651} INFO - DAG(s) dict_keys(['example_skip_dag']) retrieved from /home/airflow/.local/lib/python3.7/site-packages/airflow/example_dags/example_skip_dag.py
[2022-12-23 23:03:27,035] {logging_mixin.py:115} INFO - [2022-12-23 23:03:27,035] {manager.py:508} INFO - Created Permission View: can read on DAG:example_skip_dag
[2022-12-23 23:03:27,044] {logging_mixin.py:115} INFO - [2022-12-23 23:03:27,044] {manager.py:508} INFO - Created Permission View: can edit on DAG:example_skip_dag
[2022-12-23 23:03:27,059] {logging_mixin.py:115} INFO - [2022-12-23 23:03:27,059] {manager.py:508} INFO - Created Permission View: can delete on DAG:example_skip_dag
[2022-12-23 23:03:27,060] {logging_mixin.py:115} INFO - [2022-12-23 23:03:27,060] {dag.py:2371} INFO - Sync 1 DAGs
[2022-12-23 23:03:27,067] {logging_mixin.py:115} INFO - [2022-12-23 23:03:27,067] {dag.py:2390} INFO - Creating ORM DAG for example_skip_dag
[2022-12-23 23:03:27,087] {logging_mixin.py:115} INFO - [2022-12-23 23:03:27,087] {dag.py:2919} INFO - Setting next_dagrun for example_skip_dag to 2022-12-22T23:03:27.086750+00:00, run_after=2022-12-23T23:03:27.086750+00:00
[2022-12-23 23:03:27,106] {processor.py:161} INFO - Processing /home/airflow/.local/lib/python3.7/site-packages/airflow/example_dags/example_skip_dag.py took 0.343 seconds
[2022-12-23 23:03:57,256] {processor.py:153} INFO - Started process (PID=128) to work on /home/airflow/.local/lib/python3.7/site-packages/airflow/example_dags/example_skip_dag.py
[2022-12-23 23:03:57,257] {processor.py:641} INFO - Processing file /home/airflow/.local/lib/python3.7/site-packages/airflow/example_dags/example_skip_dag.py for tasks to queue
[2022-12-23 23:03:57,259] {logging_mixin.py:115} INFO - [2022-12-23 23:03:57,259] {dagbag.py:507} INFO - Filling up the DagBag from /home/airflow/.local/lib/python3.7/site-packages/airflow/example_dags/example_skip_dag.py
[2022-12-23 23:03:57,265] {processor.py:651} INFO - DAG(s) dict_keys(['example_skip_dag']) retrieved from /home/airflow/.local/lib/python3.7/site-packages/airflow/example_dags/example_skip_dag.py
[2022-12-23 23:03:57,295] {logging_mixin.py:115} INFO - [2022-12-23 23:03:57,295] {dag.py:2371} INFO - Sync 1 DAGs
[2022-12-23 23:03:57,320] {logging_mixin.py:115} INFO - [2022-12-23 23:03:57,320] {dag.py:2919} INFO - Setting next_dagrun for example_skip_dag to 2022-12-22T23:03:57.320088+00:00, run_after=2022-12-23T23:03:57.320088+00:00
[2022-12-23 23:03:57,335] {processor.py:161} INFO - Processing /home/airflow/.local/lib/python3.7/site-packages/airflow/example_dags/example_skip_dag.py took 0.082 seconds
[2022-12-23 23:04:27,479] {processor.py:153} INFO - Started process (PID=182) to work on /home/airflow/.local/lib/python3.7/site-packages/airflow/example_dags/example_skip_dag.py
[2022-12-23 23:04:27,481] {processor.py:641} INFO - Processing file /home/airflow/.local/lib/python3.7/site-packages/airflow/example_dags/example_skip_dag.py for tasks to queue
[2022-12-23 23:04:27,483] {logging_mixin.py:115} INFO - [2022-12-23 23:04:27,482] {dagbag.py:507} INFO - Filling up the DagBag from /home/airflow/.local/lib/python3.7/site-packages/airflow/example_dags/example_skip_dag.py
[2022-12-23 23:04:27,489] {processor.py:651} INFO - DAG(s) dict_keys(['example_skip_dag']) retrieved from /home/airflow/.local/lib/python3.7/site-packages/airflow/example_dags/example_skip_dag.py
[2022-12-23 23:04:27,529] {logging_mixin.py:115} INFO - [2022-12-23 23:04:27,528] {dag.py:2371} INFO - Sync 1 DAGs
[2022-12-23 23:04:27,554] {logging_mixin.py:115} INFO - [2022-12-23 23:04:27,554] {dag.py:2919} INFO - Setting next_dagrun for example_skip_dag to 2022-12-22T23:04:27.553532+00:00, run_after=2022-12-23T23:04:27.553532+00:00
[2022-12-23 23:04:27,566] {processor.py:161} INFO - Processing /home/airflow/.local/lib/python3.7/site-packages/airflow/example_dags/example_skip_dag.py took 0.089 seconds
[2022-12-23 23:04:57,791] {processor.py:153} INFO - Started process (PID=245) to work on /home/airflow/.local/lib/python3.7/site-packages/airflow/example_dags/example_skip_dag.py
[2022-12-23 23:04:57,792] {processor.py:641} INFO - Processing file /home/airflow/.local/lib/python3.7/site-packages/airflow/example_dags/example_skip_dag.py for tasks to queue
[2022-12-23 23:04:57,793] {logging_mixin.py:115} INFO - [2022-12-23 23:04:57,793] {dagbag.py:507} INFO - Filling up the DagBag from /home/airflow/.local/lib/python3.7/site-packages/airflow/example_dags/example_skip_dag.py
[2022-12-23 23:04:57,797] {processor.py:651} INFO - DAG(s) dict_keys(['example_skip_dag']) retrieved from /home/airflow/.local/lib/python3.7/site-packages/airflow/example_dags/example_skip_dag.py
[2022-12-23 23:04:57,824] {logging_mixin.py:115} INFO - [2022-12-23 23:04:57,824] {dag.py:2371} INFO - Sync 1 DAGs
[2022-12-23 23:04:57,842] {logging_mixin.py:115} INFO - [2022-12-23 23:04:57,841] {dag.py:2919} INFO - Setting next_dagrun for example_skip_dag to 2022-12-22T23:04:57.841680+00:00, run_after=2022-12-23T23:04:57.841680+00:00
[2022-12-23 23:04:57,851] {processor.py:161} INFO - Processing /home/airflow/.local/lib/python3.7/site-packages/airflow/example_dags/example_skip_dag.py took 0.063 seconds
[2022-12-23 23:05:28,092] {processor.py:153} INFO - Started process (PID=308) to work on /home/airflow/.local/lib/python3.7/site-packages/airflow/example_dags/example_skip_dag.py
[2022-12-23 23:05:28,093] {processor.py:641} INFO - Processing file /home/airflow/.local/lib/python3.7/site-packages/airflow/example_dags/example_skip_dag.py for tasks to queue
[2022-12-23 23:05:28,094] {logging_mixin.py:115} INFO - [2022-12-23 23:05:28,094] {dagbag.py:507} INFO - Filling up the DagBag from /home/airflow/.local/lib/python3.7/site-packages/airflow/example_dags/example_skip_dag.py
[2022-12-23 23:05:28,099] {processor.py:651} INFO - DAG(s) dict_keys(['example_skip_dag']) retrieved from /home/airflow/.local/lib/python3.7/site-packages/airflow/example_dags/example_skip_dag.py
[2022-12-23 23:05:28,124] {logging_mixin.py:115} INFO - [2022-12-23 23:05:28,124] {dag.py:2371} INFO - Sync 1 DAGs
[2022-12-23 23:05:28,142] {logging_mixin.py:115} INFO - [2022-12-23 23:05:28,142] {dag.py:2919} INFO - Setting next_dagrun for example_skip_dag to 2022-12-22T23:05:28.142395+00:00, run_after=2022-12-23T23:05:28.142395+00:00
[2022-12-23 23:05:28,153] {processor.py:161} INFO - Processing /home/airflow/.local/lib/python3.7/site-packages/airflow/example_dags/example_skip_dag.py took 0.064 seconds
[2022-12-23 23:05:58,594] {processor.py:153} INFO - Started process (PID=371) to work on /home/airflow/.local/lib/python3.7/site-packages/airflow/example_dags/example_skip_dag.py
[2022-12-23 23:05:58,595] {processor.py:641} INFO - Processing file /home/airflow/.local/lib/python3.7/site-packages/airflow/example_dags/example_skip_dag.py for tasks to queue
[2022-12-23 23:05:58,596] {logging_mixin.py:115} INFO - [2022-12-23 23:05:58,596] {dagbag.py:507} INFO - Filling up the DagBag from /home/airflow/.local/lib/python3.7/site-packages/airflow/example_dags/example_skip_dag.py
[2022-12-23 23:05:58,601] {processor.py:651} INFO - DAG(s) dict_keys(['example_skip_dag']) retrieved from /home/airflow/.local/lib/python3.7/site-packages/airflow/example_dags/example_skip_dag.py
[2022-12-23 23:05:58,630] {logging_mixin.py:115} INFO - [2022-12-23 23:05:58,630] {dag.py:2371} INFO - Sync 1 DAGs
[2022-12-23 23:05:58,649] {logging_mixin.py:115} INFO - [2022-12-23 23:05:58,649] {dag.py:2919} INFO - Setting next_dagrun for example_skip_dag to 2022-12-22T23:05:58.649276+00:00, run_after=2022-12-23T23:05:58.649276+00:00
[2022-12-23 23:05:58,661] {processor.py:161} INFO - Processing /home/airflow/.local/lib/python3.7/site-packages/airflow/example_dags/example_skip_dag.py took 0.070 seconds
[2022-12-23 23:06:28,901] {processor.py:153} INFO - Started process (PID=433) to work on /home/airflow/.local/lib/python3.7/site-packages/airflow/example_dags/example_skip_dag.py
[2022-12-23 23:06:28,905] {processor.py:641} INFO - Processing file /home/airflow/.local/lib/python3.7/site-packages/airflow/example_dags/example_skip_dag.py for tasks to queue
[2022-12-23 23:06:28,905] {logging_mixin.py:115} INFO - [2022-12-23 23:06:28,905] {dagbag.py:507} INFO - Filling up the DagBag from /home/airflow/.local/lib/python3.7/site-packages/airflow/example_dags/example_skip_dag.py
[2022-12-23 23:06:28,923] {processor.py:651} INFO - DAG(s) dict_keys(['example_skip_dag']) retrieved from /home/airflow/.local/lib/python3.7/site-packages/airflow/example_dags/example_skip_dag.py
[2022-12-23 23:06:28,951] {logging_mixin.py:115} INFO - [2022-12-23 23:06:28,951] {dag.py:2371} INFO - Sync 1 DAGs
[2022-12-23 23:06:28,969] {logging_mixin.py:115} INFO - [2022-12-23 23:06:28,969] {dag.py:2919} INFO - Setting next_dagrun for example_skip_dag to 2022-12-22T23:06:28.968877+00:00, run_after=2022-12-23T23:06:28.968877+00:00
[2022-12-23 23:06:28,977] {processor.py:161} INFO - Processing /home/airflow/.local/lib/python3.7/site-packages/airflow/example_dags/example_skip_dag.py took 0.079 seconds
[2022-12-23 23:06:59,556] {processor.py:153} INFO - Started process (PID=488) to work on /home/airflow/.local/lib/python3.7/site-packages/airflow/example_dags/example_skip_dag.py
[2022-12-23 23:06:59,557] {processor.py:641} INFO - Processing file /home/airflow/.local/lib/python3.7/site-packages/airflow/example_dags/example_skip_dag.py for tasks to queue
[2022-12-23 23:06:59,558] {logging_mixin.py:115} INFO - [2022-12-23 23:06:59,558] {dagbag.py:507} INFO - Filling up the DagBag from /home/airflow/.local/lib/python3.7/site-packages/airflow/example_dags/example_skip_dag.py
[2022-12-23 23:06:59,564] {processor.py:651} INFO - DAG(s) dict_keys(['example_skip_dag']) retrieved from /home/airflow/.local/lib/python3.7/site-packages/airflow/example_dags/example_skip_dag.py
[2022-12-23 23:06:59,598] {logging_mixin.py:115} INFO - [2022-12-23 23:06:59,598] {dag.py:2371} INFO - Sync 1 DAGs
[2022-12-23 23:06:59,639] {logging_mixin.py:115} INFO - [2022-12-23 23:06:59,639] {dag.py:2919} INFO - Setting next_dagrun for example_skip_dag to 2022-12-22T23:06:59.639199+00:00, run_after=2022-12-23T23:06:59.639199+00:00
[2022-12-23 23:06:59,665] {processor.py:161} INFO - Processing /home/airflow/.local/lib/python3.7/site-packages/airflow/example_dags/example_skip_dag.py took 0.112 seconds
[2022-12-23 23:07:30,109] {processor.py:153} INFO - Started process (PID=551) to work on /home/airflow/.local/lib/python3.7/site-packages/airflow/example_dags/example_skip_dag.py
[2022-12-23 23:07:30,113] {processor.py:641} INFO - Processing file /home/airflow/.local/lib/python3.7/site-packages/airflow/example_dags/example_skip_dag.py for tasks to queue
[2022-12-23 23:07:30,114] {logging_mixin.py:115} INFO - [2022-12-23 23:07:30,114] {dagbag.py:507} INFO - Filling up the DagBag from /home/airflow/.local/lib/python3.7/site-packages/airflow/example_dags/example_skip_dag.py
[2022-12-23 23:07:30,119] {processor.py:651} INFO - DAG(s) dict_keys(['example_skip_dag']) retrieved from /home/airflow/.local/lib/python3.7/site-packages/airflow/example_dags/example_skip_dag.py
[2022-12-23 23:07:30,163] {logging_mixin.py:115} INFO - [2022-12-23 23:07:30,163] {dag.py:2371} INFO - Sync 1 DAGs
[2022-12-23 23:07:30,185] {logging_mixin.py:115} INFO - [2022-12-23 23:07:30,185] {dag.py:2919} INFO - Setting next_dagrun for example_skip_dag to 2022-12-22T23:07:30.185191+00:00, run_after=2022-12-23T23:07:30.185191+00:00
[2022-12-23 23:07:30,196] {processor.py:161} INFO - Processing /home/airflow/.local/lib/python3.7/site-packages/airflow/example_dags/example_skip_dag.py took 0.091 seconds
[2022-12-23 23:08:00,231] {processor.py:153} INFO - Started process (PID=613) to work on /home/airflow/.local/lib/python3.7/site-packages/airflow/example_dags/example_skip_dag.py
[2022-12-23 23:08:00,232] {processor.py:641} INFO - Processing file /home/airflow/.local/lib/python3.7/site-packages/airflow/example_dags/example_skip_dag.py for tasks to queue
[2022-12-23 23:08:00,233] {logging_mixin.py:115} INFO - [2022-12-23 23:08:00,233] {dagbag.py:507} INFO - Filling up the DagBag from /home/airflow/.local/lib/python3.7/site-packages/airflow/example_dags/example_skip_dag.py
[2022-12-23 23:08:00,238] {processor.py:651} INFO - DAG(s) dict_keys(['example_skip_dag']) retrieved from /home/airflow/.local/lib/python3.7/site-packages/airflow/example_dags/example_skip_dag.py
[2022-12-23 23:08:00,263] {logging_mixin.py:115} INFO - [2022-12-23 23:08:00,263] {dag.py:2371} INFO - Sync 1 DAGs
[2022-12-23 23:08:00,281] {logging_mixin.py:115} INFO - [2022-12-23 23:08:00,280] {dag.py:2919} INFO - Setting next_dagrun for example_skip_dag to 2022-12-22T23:08:00.280741+00:00, run_after=2022-12-23T23:08:00.280741+00:00
[2022-12-23 23:08:00,290] {processor.py:161} INFO - Processing /home/airflow/.local/lib/python3.7/site-packages/airflow/example_dags/example_skip_dag.py took 0.062 seconds
[2022-12-23 23:08:30,600] {processor.py:153} INFO - Started process (PID=676) to work on /home/airflow/.local/lib/python3.7/site-packages/airflow/example_dags/example_skip_dag.py
[2022-12-23 23:08:30,601] {processor.py:641} INFO - Processing file /home/airflow/.local/lib/python3.7/site-packages/airflow/example_dags/example_skip_dag.py for tasks to queue
[2022-12-23 23:08:30,602] {logging_mixin.py:115} INFO - [2022-12-23 23:08:30,602] {dagbag.py:507} INFO - Filling up the DagBag from /home/airflow/.local/lib/python3.7/site-packages/airflow/example_dags/example_skip_dag.py
[2022-12-23 23:08:30,608] {processor.py:651} INFO - DAG(s) dict_keys(['example_skip_dag']) retrieved from /home/airflow/.local/lib/python3.7/site-packages/airflow/example_dags/example_skip_dag.py
[2022-12-23 23:08:30,635] {logging_mixin.py:115} INFO - [2022-12-23 23:08:30,635] {dag.py:2371} INFO - Sync 1 DAGs
[2022-12-23 23:08:30,760] {logging_mixin.py:115} INFO - [2022-12-23 23:08:30,760] {dag.py:2919} INFO - Setting next_dagrun for example_skip_dag to 2022-12-22T23:08:30.759911+00:00, run_after=2022-12-23T23:08:30.759911+00:00
[2022-12-23 23:08:30,768] {processor.py:161} INFO - Processing /home/airflow/.local/lib/python3.7/site-packages/airflow/example_dags/example_skip_dag.py took 0.172 seconds
