[2022-12-23T00:00:03.832+0000] {processor.py:153} INFO - Started process (PID=3070) to work on /home/airflow/.local/lib/python3.7/site-packages/airflow/example_dags/example_nested_branch_dag.py
[2022-12-23T00:00:03.834+0000] {processor.py:743} INFO - Processing file /home/airflow/.local/lib/python3.7/site-packages/airflow/example_dags/example_nested_branch_dag.py for tasks to queue
[2022-12-23T00:00:03.836+0000] {logging_mixin.py:137} INFO - [2022-12-23T00:00:03.836+0000] {dagbag.py:538} INFO - Filling up the DagBag from /home/airflow/.local/lib/python3.7/site-packages/airflow/example_dags/example_nested_branch_dag.py
[2022-12-23T00:00:03.857+0000] {processor.py:753} INFO - DAG(s) dict_keys(['example_nested_branch_dag']) retrieved from /home/airflow/.local/lib/python3.7/site-packages/airflow/example_dags/example_nested_branch_dag.py
[2022-12-23T00:00:03.894+0000] {logging_mixin.py:137} INFO - [2022-12-23T00:00:03.894+0000] {dag.py:2676} INFO - Sync 1 DAGs
[2022-12-23T00:00:03.923+0000] {logging_mixin.py:137} INFO - [2022-12-23T00:00:03.922+0000] {dag.py:3427} INFO - Setting next_dagrun for example_nested_branch_dag to 2022-12-22T00:00:00+00:00, run_after=2022-12-23T00:00:00+00:00
[2022-12-23T00:00:03.942+0000] {processor.py:175} INFO - Processing /home/airflow/.local/lib/python3.7/site-packages/airflow/example_dags/example_nested_branch_dag.py took 0.113 seconds
[2022-12-23T00:00:34.848+0000] {processor.py:153} INFO - Started process (PID=3285) to work on /home/airflow/.local/lib/python3.7/site-packages/airflow/example_dags/example_nested_branch_dag.py
[2022-12-23T00:00:34.850+0000] {processor.py:743} INFO - Processing file /home/airflow/.local/lib/python3.7/site-packages/airflow/example_dags/example_nested_branch_dag.py for tasks to queue
[2022-12-23T00:00:34.851+0000] {logging_mixin.py:137} INFO - [2022-12-23T00:00:34.851+0000] {dagbag.py:538} INFO - Filling up the DagBag from /home/airflow/.local/lib/python3.7/site-packages/airflow/example_dags/example_nested_branch_dag.py
[2022-12-23T00:00:34.869+0000] {processor.py:753} INFO - DAG(s) dict_keys(['example_nested_branch_dag']) retrieved from /home/airflow/.local/lib/python3.7/site-packages/airflow/example_dags/example_nested_branch_dag.py
[2022-12-23T00:00:34.900+0000] {logging_mixin.py:137} INFO - [2022-12-23T00:00:34.900+0000] {dag.py:2676} INFO - Sync 1 DAGs
[2022-12-23T00:00:34.917+0000] {logging_mixin.py:137} INFO - [2022-12-23T00:00:34.917+0000] {dag.py:3427} INFO - Setting next_dagrun for example_nested_branch_dag to 2022-12-22T00:00:00+00:00, run_after=2022-12-23T00:00:00+00:00
[2022-12-23T00:00:34.930+0000] {processor.py:175} INFO - Processing /home/airflow/.local/lib/python3.7/site-packages/airflow/example_dags/example_nested_branch_dag.py took 0.085 seconds
[2022-12-23T00:01:05.608+0000] {processor.py:153} INFO - Started process (PID=3513) to work on /home/airflow/.local/lib/python3.7/site-packages/airflow/example_dags/example_nested_branch_dag.py
[2022-12-23T00:01:05.609+0000] {processor.py:743} INFO - Processing file /home/airflow/.local/lib/python3.7/site-packages/airflow/example_dags/example_nested_branch_dag.py for tasks to queue
[2022-12-23T00:01:05.610+0000] {logging_mixin.py:137} INFO - [2022-12-23T00:01:05.610+0000] {dagbag.py:538} INFO - Filling up the DagBag from /home/airflow/.local/lib/python3.7/site-packages/airflow/example_dags/example_nested_branch_dag.py
[2022-12-23T00:01:05.631+0000] {processor.py:753} INFO - DAG(s) dict_keys(['example_nested_branch_dag']) retrieved from /home/airflow/.local/lib/python3.7/site-packages/airflow/example_dags/example_nested_branch_dag.py
[2022-12-23T00:01:05.664+0000] {logging_mixin.py:137} INFO - [2022-12-23T00:01:05.664+0000] {dag.py:2676} INFO - Sync 1 DAGs
[2022-12-23T00:01:05.684+0000] {logging_mixin.py:137} INFO - [2022-12-23T00:01:05.684+0000] {dag.py:3427} INFO - Setting next_dagrun for example_nested_branch_dag to 2022-12-22T00:00:00+00:00, run_after=2022-12-23T00:00:00+00:00
[2022-12-23T00:01:05.698+0000] {processor.py:175} INFO - Processing /home/airflow/.local/lib/python3.7/site-packages/airflow/example_dags/example_nested_branch_dag.py took 0.094 seconds
[2022-12-23T00:03:12.321+0000] {processor.py:153} INFO - Started process (PID=180) to work on /home/airflow/.local/lib/python3.7/site-packages/airflow/example_dags/example_nested_branch_dag.py
[2022-12-23T00:03:12.322+0000] {processor.py:743} INFO - Processing file /home/airflow/.local/lib/python3.7/site-packages/airflow/example_dags/example_nested_branch_dag.py for tasks to queue
[2022-12-23T00:03:12.323+0000] {logging_mixin.py:137} INFO - [2022-12-23T00:03:12.323+0000] {dagbag.py:538} INFO - Filling up the DagBag from /home/airflow/.local/lib/python3.7/site-packages/airflow/example_dags/example_nested_branch_dag.py
[2022-12-23T00:03:12.347+0000] {processor.py:753} INFO - DAG(s) dict_keys(['example_nested_branch_dag']) retrieved from /home/airflow/.local/lib/python3.7/site-packages/airflow/example_dags/example_nested_branch_dag.py
[2022-12-23T00:03:12.379+0000] {logging_mixin.py:137} INFO - [2022-12-23T00:03:12.379+0000] {dag.py:2676} INFO - Sync 1 DAGs
[2022-12-23T00:03:12.411+0000] {logging_mixin.py:137} INFO - [2022-12-23T00:03:12.411+0000] {dag.py:3427} INFO - Setting next_dagrun for example_nested_branch_dag to 2022-12-22T00:00:00+00:00, run_after=2022-12-23T00:00:00+00:00
[2022-12-23T00:03:12.439+0000] {processor.py:175} INFO - Processing /home/airflow/.local/lib/python3.7/site-packages/airflow/example_dags/example_nested_branch_dag.py took 0.121 seconds
[2022-12-23T00:03:43.116+0000] {processor.py:153} INFO - Started process (PID=406) to work on /home/airflow/.local/lib/python3.7/site-packages/airflow/example_dags/example_nested_branch_dag.py
[2022-12-23T00:03:43.117+0000] {processor.py:743} INFO - Processing file /home/airflow/.local/lib/python3.7/site-packages/airflow/example_dags/example_nested_branch_dag.py for tasks to queue
[2022-12-23T00:03:43.118+0000] {logging_mixin.py:137} INFO - [2022-12-23T00:03:43.118+0000] {dagbag.py:538} INFO - Filling up the DagBag from /home/airflow/.local/lib/python3.7/site-packages/airflow/example_dags/example_nested_branch_dag.py
[2022-12-23T00:03:43.138+0000] {processor.py:753} INFO - DAG(s) dict_keys(['example_nested_branch_dag']) retrieved from /home/airflow/.local/lib/python3.7/site-packages/airflow/example_dags/example_nested_branch_dag.py
[2022-12-23T00:03:43.173+0000] {logging_mixin.py:137} INFO - [2022-12-23T00:03:43.173+0000] {dag.py:2676} INFO - Sync 1 DAGs
[2022-12-23T00:03:43.194+0000] {logging_mixin.py:137} INFO - [2022-12-23T00:03:43.194+0000] {dag.py:3427} INFO - Setting next_dagrun for example_nested_branch_dag to 2022-12-22T00:00:00+00:00, run_after=2022-12-23T00:00:00+00:00
[2022-12-23T00:03:43.210+0000] {processor.py:175} INFO - Processing /home/airflow/.local/lib/python3.7/site-packages/airflow/example_dags/example_nested_branch_dag.py took 0.098 seconds
[2022-12-23T00:04:14.178+0000] {processor.py:153} INFO - Started process (PID=620) to work on /home/airflow/.local/lib/python3.7/site-packages/airflow/example_dags/example_nested_branch_dag.py
[2022-12-23T00:04:14.180+0000] {processor.py:743} INFO - Processing file /home/airflow/.local/lib/python3.7/site-packages/airflow/example_dags/example_nested_branch_dag.py for tasks to queue
[2022-12-23T00:04:14.181+0000] {logging_mixin.py:137} INFO - [2022-12-23T00:04:14.181+0000] {dagbag.py:538} INFO - Filling up the DagBag from /home/airflow/.local/lib/python3.7/site-packages/airflow/example_dags/example_nested_branch_dag.py
[2022-12-23T00:04:14.201+0000] {processor.py:753} INFO - DAG(s) dict_keys(['example_nested_branch_dag']) retrieved from /home/airflow/.local/lib/python3.7/site-packages/airflow/example_dags/example_nested_branch_dag.py
[2022-12-23T00:04:14.234+0000] {logging_mixin.py:137} INFO - [2022-12-23T00:04:14.234+0000] {dag.py:2676} INFO - Sync 1 DAGs
[2022-12-23T00:04:14.256+0000] {logging_mixin.py:137} INFO - [2022-12-23T00:04:14.256+0000] {dag.py:3427} INFO - Setting next_dagrun for example_nested_branch_dag to 2022-12-22T00:00:00+00:00, run_after=2022-12-23T00:00:00+00:00
[2022-12-23T00:04:14.272+0000] {processor.py:175} INFO - Processing /home/airflow/.local/lib/python3.7/site-packages/airflow/example_dags/example_nested_branch_dag.py took 0.097 seconds
[2022-12-23T00:04:44.643+0000] {processor.py:153} INFO - Started process (PID=846) to work on /home/airflow/.local/lib/python3.7/site-packages/airflow/example_dags/example_nested_branch_dag.py
[2022-12-23T00:04:44.644+0000] {processor.py:743} INFO - Processing file /home/airflow/.local/lib/python3.7/site-packages/airflow/example_dags/example_nested_branch_dag.py for tasks to queue
[2022-12-23T00:04:44.645+0000] {logging_mixin.py:137} INFO - [2022-12-23T00:04:44.645+0000] {dagbag.py:538} INFO - Filling up the DagBag from /home/airflow/.local/lib/python3.7/site-packages/airflow/example_dags/example_nested_branch_dag.py
[2022-12-23T00:04:44.665+0000] {processor.py:753} INFO - DAG(s) dict_keys(['example_nested_branch_dag']) retrieved from /home/airflow/.local/lib/python3.7/site-packages/airflow/example_dags/example_nested_branch_dag.py
[2022-12-23T00:04:44.697+0000] {logging_mixin.py:137} INFO - [2022-12-23T00:04:44.697+0000] {dag.py:2676} INFO - Sync 1 DAGs
[2022-12-23T00:04:44.717+0000] {logging_mixin.py:137} INFO - [2022-12-23T00:04:44.717+0000] {dag.py:3427} INFO - Setting next_dagrun for example_nested_branch_dag to 2022-12-22T00:00:00+00:00, run_after=2022-12-23T00:00:00+00:00
[2022-12-23T00:04:44.732+0000] {processor.py:175} INFO - Processing /home/airflow/.local/lib/python3.7/site-packages/airflow/example_dags/example_nested_branch_dag.py took 0.092 seconds
[2022-12-23T00:05:15.443+0000] {processor.py:153} INFO - Started process (PID=1073) to work on /home/airflow/.local/lib/python3.7/site-packages/airflow/example_dags/example_nested_branch_dag.py
[2022-12-23T00:05:15.444+0000] {processor.py:743} INFO - Processing file /home/airflow/.local/lib/python3.7/site-packages/airflow/example_dags/example_nested_branch_dag.py for tasks to queue
[2022-12-23T00:05:15.445+0000] {logging_mixin.py:137} INFO - [2022-12-23T00:05:15.445+0000] {dagbag.py:538} INFO - Filling up the DagBag from /home/airflow/.local/lib/python3.7/site-packages/airflow/example_dags/example_nested_branch_dag.py
[2022-12-23T00:05:15.465+0000] {processor.py:753} INFO - DAG(s) dict_keys(['example_nested_branch_dag']) retrieved from /home/airflow/.local/lib/python3.7/site-packages/airflow/example_dags/example_nested_branch_dag.py
[2022-12-23T00:05:15.498+0000] {logging_mixin.py:137} INFO - [2022-12-23T00:05:15.498+0000] {dag.py:2676} INFO - Sync 1 DAGs
[2022-12-23T00:05:15.517+0000] {logging_mixin.py:137} INFO - [2022-12-23T00:05:15.517+0000] {dag.py:3427} INFO - Setting next_dagrun for example_nested_branch_dag to 2022-12-22T00:00:00+00:00, run_after=2022-12-23T00:00:00+00:00
[2022-12-23T00:05:15.530+0000] {processor.py:175} INFO - Processing /home/airflow/.local/lib/python3.7/site-packages/airflow/example_dags/example_nested_branch_dag.py took 0.091 seconds
[2022-12-23 22:41:51,450] {processor.py:153} INFO - Started process (PID=197) to work on /home/airflow/.local/lib/python3.7/site-packages/airflow/example_dags/example_nested_branch_dag.py
[2022-12-23 22:41:51,452] {processor.py:641} INFO - Processing file /home/airflow/.local/lib/python3.7/site-packages/airflow/example_dags/example_nested_branch_dag.py for tasks to queue
[2022-12-23 22:41:51,454] {logging_mixin.py:115} INFO - [2022-12-23 22:41:51,454] {dagbag.py:507} INFO - Filling up the DagBag from /home/airflow/.local/lib/python3.7/site-packages/airflow/example_dags/example_nested_branch_dag.py
[2022-12-23 22:41:51,492] {processor.py:651} INFO - DAG(s) dict_keys(['example_nested_branch_dag']) retrieved from /home/airflow/.local/lib/python3.7/site-packages/airflow/example_dags/example_nested_branch_dag.py
[2022-12-23 22:41:51,625] {logging_mixin.py:115} INFO - [2022-12-23 22:41:51,625] {manager.py:508} INFO - Created Permission View: can delete on DAG:example_nested_branch_dag
[2022-12-23 22:41:51,645] {logging_mixin.py:115} INFO - [2022-12-23 22:41:51,645] {manager.py:508} INFO - Created Permission View: can edit on DAG:example_nested_branch_dag
[2022-12-23 22:41:51,651] {logging_mixin.py:115} INFO - [2022-12-23 22:41:51,651] {manager.py:508} INFO - Created Permission View: can read on DAG:example_nested_branch_dag
[2022-12-23 22:41:51,652] {logging_mixin.py:115} INFO - [2022-12-23 22:41:51,652] {dag.py:2371} INFO - Sync 1 DAGs
[2022-12-23 22:41:51,693] {logging_mixin.py:115} INFO - [2022-12-23 22:41:51,693] {dag.py:2390} INFO - Creating ORM DAG for example_nested_branch_dag
[2022-12-23 22:41:51,757] {logging_mixin.py:115} INFO - [2022-12-23 22:41:51,757] {dag.py:2919} INFO - Setting next_dagrun for example_nested_branch_dag to 2022-12-22T00:00:00+00:00, run_after=2022-12-23T00:00:00+00:00
[2022-12-23 22:41:51,796] {processor.py:161} INFO - Processing /home/airflow/.local/lib/python3.7/site-packages/airflow/example_dags/example_nested_branch_dag.py took 0.354 seconds
[2022-12-23 22:42:22,326] {processor.py:153} INFO - Started process (PID=393) to work on /home/airflow/.local/lib/python3.7/site-packages/airflow/example_dags/example_nested_branch_dag.py
[2022-12-23 22:42:22,328] {processor.py:641} INFO - Processing file /home/airflow/.local/lib/python3.7/site-packages/airflow/example_dags/example_nested_branch_dag.py for tasks to queue
[2022-12-23 22:42:22,329] {logging_mixin.py:115} INFO - [2022-12-23 22:42:22,329] {dagbag.py:507} INFO - Filling up the DagBag from /home/airflow/.local/lib/python3.7/site-packages/airflow/example_dags/example_nested_branch_dag.py
[2022-12-23 22:42:22,342] {processor.py:651} INFO - DAG(s) dict_keys(['example_nested_branch_dag']) retrieved from /home/airflow/.local/lib/python3.7/site-packages/airflow/example_dags/example_nested_branch_dag.py
[2022-12-23 22:42:22,369] {logging_mixin.py:115} INFO - [2022-12-23 22:42:22,369] {dag.py:2371} INFO - Sync 1 DAGs
[2022-12-23 22:42:22,393] {logging_mixin.py:115} INFO - [2022-12-23 22:42:22,392] {dag.py:2919} INFO - Setting next_dagrun for example_nested_branch_dag to 2022-12-22T00:00:00+00:00, run_after=2022-12-23T00:00:00+00:00
[2022-12-23 22:42:22,402] {processor.py:161} INFO - Processing /home/airflow/.local/lib/python3.7/site-packages/airflow/example_dags/example_nested_branch_dag.py took 0.079 seconds
[2022-12-23 22:42:53,164] {processor.py:153} INFO - Started process (PID=596) to work on /home/airflow/.local/lib/python3.7/site-packages/airflow/example_dags/example_nested_branch_dag.py
[2022-12-23 22:42:53,166] {processor.py:641} INFO - Processing file /home/airflow/.local/lib/python3.7/site-packages/airflow/example_dags/example_nested_branch_dag.py for tasks to queue
[2022-12-23 22:42:53,166] {logging_mixin.py:115} INFO - [2022-12-23 22:42:53,166] {dagbag.py:507} INFO - Filling up the DagBag from /home/airflow/.local/lib/python3.7/site-packages/airflow/example_dags/example_nested_branch_dag.py
[2022-12-23 22:42:53,178] {processor.py:651} INFO - DAG(s) dict_keys(['example_nested_branch_dag']) retrieved from /home/airflow/.local/lib/python3.7/site-packages/airflow/example_dags/example_nested_branch_dag.py
[2022-12-23 22:42:53,204] {logging_mixin.py:115} INFO - [2022-12-23 22:42:53,204] {dag.py:2371} INFO - Sync 1 DAGs
[2022-12-23 22:42:53,223] {logging_mixin.py:115} INFO - [2022-12-23 22:42:53,222] {dag.py:2919} INFO - Setting next_dagrun for example_nested_branch_dag to 2022-12-22T00:00:00+00:00, run_after=2022-12-23T00:00:00+00:00
[2022-12-23 22:42:53,235] {processor.py:161} INFO - Processing /home/airflow/.local/lib/python3.7/site-packages/airflow/example_dags/example_nested_branch_dag.py took 0.073 seconds
[2022-12-23 22:43:23,317] {processor.py:153} INFO - Started process (PID=793) to work on /home/airflow/.local/lib/python3.7/site-packages/airflow/example_dags/example_nested_branch_dag.py
[2022-12-23 22:43:23,318] {processor.py:641} INFO - Processing file /home/airflow/.local/lib/python3.7/site-packages/airflow/example_dags/example_nested_branch_dag.py for tasks to queue
[2022-12-23 22:43:23,319] {logging_mixin.py:115} INFO - [2022-12-23 22:43:23,319] {dagbag.py:507} INFO - Filling up the DagBag from /home/airflow/.local/lib/python3.7/site-packages/airflow/example_dags/example_nested_branch_dag.py
[2022-12-23 22:43:23,330] {processor.py:651} INFO - DAG(s) dict_keys(['example_nested_branch_dag']) retrieved from /home/airflow/.local/lib/python3.7/site-packages/airflow/example_dags/example_nested_branch_dag.py
[2022-12-23 22:43:23,354] {logging_mixin.py:115} INFO - [2022-12-23 22:43:23,354] {dag.py:2371} INFO - Sync 1 DAGs
[2022-12-23 22:43:23,371] {logging_mixin.py:115} INFO - [2022-12-23 22:43:23,371] {dag.py:2919} INFO - Setting next_dagrun for example_nested_branch_dag to 2022-12-22T00:00:00+00:00, run_after=2022-12-23T00:00:00+00:00
[2022-12-23 22:43:23,382] {processor.py:161} INFO - Processing /home/airflow/.local/lib/python3.7/site-packages/airflow/example_dags/example_nested_branch_dag.py took 0.068 seconds
[2022-12-23 22:43:54,456] {processor.py:153} INFO - Started process (PID=1002) to work on /home/airflow/.local/lib/python3.7/site-packages/airflow/example_dags/example_nested_branch_dag.py
[2022-12-23 22:43:54,458] {processor.py:641} INFO - Processing file /home/airflow/.local/lib/python3.7/site-packages/airflow/example_dags/example_nested_branch_dag.py for tasks to queue
[2022-12-23 22:43:54,459] {logging_mixin.py:115} INFO - [2022-12-23 22:43:54,459] {dagbag.py:507} INFO - Filling up the DagBag from /home/airflow/.local/lib/python3.7/site-packages/airflow/example_dags/example_nested_branch_dag.py
[2022-12-23 22:43:54,479] {processor.py:651} INFO - DAG(s) dict_keys(['example_nested_branch_dag']) retrieved from /home/airflow/.local/lib/python3.7/site-packages/airflow/example_dags/example_nested_branch_dag.py
[2022-12-23 22:43:54,519] {logging_mixin.py:115} INFO - [2022-12-23 22:43:54,518] {dag.py:2371} INFO - Sync 1 DAGs
[2022-12-23 22:43:54,546] {logging_mixin.py:115} INFO - [2022-12-23 22:43:54,546] {dag.py:2919} INFO - Setting next_dagrun for example_nested_branch_dag to 2022-12-22T00:00:00+00:00, run_after=2022-12-23T00:00:00+00:00
[2022-12-23 22:43:54,560] {processor.py:161} INFO - Processing /home/airflow/.local/lib/python3.7/site-packages/airflow/example_dags/example_nested_branch_dag.py took 0.108 seconds
[2022-12-23 22:44:24,607] {processor.py:153} INFO - Started process (PID=1190) to work on /home/airflow/.local/lib/python3.7/site-packages/airflow/example_dags/example_nested_branch_dag.py
[2022-12-23 22:44:24,608] {processor.py:641} INFO - Processing file /home/airflow/.local/lib/python3.7/site-packages/airflow/example_dags/example_nested_branch_dag.py for tasks to queue
[2022-12-23 22:44:24,610] {logging_mixin.py:115} INFO - [2022-12-23 22:44:24,609] {dagbag.py:507} INFO - Filling up the DagBag from /home/airflow/.local/lib/python3.7/site-packages/airflow/example_dags/example_nested_branch_dag.py
[2022-12-23 22:44:24,621] {processor.py:651} INFO - DAG(s) dict_keys(['example_nested_branch_dag']) retrieved from /home/airflow/.local/lib/python3.7/site-packages/airflow/example_dags/example_nested_branch_dag.py
[2022-12-23 22:44:24,655] {logging_mixin.py:115} INFO - [2022-12-23 22:44:24,654] {dag.py:2371} INFO - Sync 1 DAGs
[2022-12-23 22:44:24,672] {logging_mixin.py:115} INFO - [2022-12-23 22:44:24,672] {dag.py:2919} INFO - Setting next_dagrun for example_nested_branch_dag to 2022-12-22T00:00:00+00:00, run_after=2022-12-23T00:00:00+00:00
[2022-12-23 22:44:24,681] {processor.py:161} INFO - Processing /home/airflow/.local/lib/python3.7/site-packages/airflow/example_dags/example_nested_branch_dag.py took 0.077 seconds
[2022-12-23 22:44:54,745] {processor.py:153} INFO - Started process (PID=1392) to work on /home/airflow/.local/lib/python3.7/site-packages/airflow/example_dags/example_nested_branch_dag.py
[2022-12-23 22:44:54,746] {processor.py:641} INFO - Processing file /home/airflow/.local/lib/python3.7/site-packages/airflow/example_dags/example_nested_branch_dag.py for tasks to queue
[2022-12-23 22:44:54,747] {logging_mixin.py:115} INFO - [2022-12-23 22:44:54,747] {dagbag.py:507} INFO - Filling up the DagBag from /home/airflow/.local/lib/python3.7/site-packages/airflow/example_dags/example_nested_branch_dag.py
[2022-12-23 22:44:54,758] {processor.py:651} INFO - DAG(s) dict_keys(['example_nested_branch_dag']) retrieved from /home/airflow/.local/lib/python3.7/site-packages/airflow/example_dags/example_nested_branch_dag.py
[2022-12-23 22:44:54,780] {logging_mixin.py:115} INFO - [2022-12-23 22:44:54,780] {dag.py:2371} INFO - Sync 1 DAGs
[2022-12-23 22:44:54,795] {logging_mixin.py:115} INFO - [2022-12-23 22:44:54,795] {dag.py:2919} INFO - Setting next_dagrun for example_nested_branch_dag to 2022-12-22T00:00:00+00:00, run_after=2022-12-23T00:00:00+00:00
[2022-12-23 22:44:54,803] {processor.py:161} INFO - Processing /home/airflow/.local/lib/python3.7/site-packages/airflow/example_dags/example_nested_branch_dag.py took 0.060 seconds
[2022-12-23 22:45:25,621] {processor.py:153} INFO - Started process (PID=1596) to work on /home/airflow/.local/lib/python3.7/site-packages/airflow/example_dags/example_nested_branch_dag.py
[2022-12-23 22:45:25,623] {processor.py:641} INFO - Processing file /home/airflow/.local/lib/python3.7/site-packages/airflow/example_dags/example_nested_branch_dag.py for tasks to queue
[2022-12-23 22:45:25,624] {logging_mixin.py:115} INFO - [2022-12-23 22:45:25,624] {dagbag.py:507} INFO - Filling up the DagBag from /home/airflow/.local/lib/python3.7/site-packages/airflow/example_dags/example_nested_branch_dag.py
[2022-12-23 22:45:25,637] {processor.py:651} INFO - DAG(s) dict_keys(['example_nested_branch_dag']) retrieved from /home/airflow/.local/lib/python3.7/site-packages/airflow/example_dags/example_nested_branch_dag.py
[2022-12-23 22:45:25,661] {logging_mixin.py:115} INFO - [2022-12-23 22:45:25,660] {dag.py:2371} INFO - Sync 1 DAGs
[2022-12-23 22:45:25,676] {logging_mixin.py:115} INFO - [2022-12-23 22:45:25,676] {dag.py:2919} INFO - Setting next_dagrun for example_nested_branch_dag to 2022-12-22T00:00:00+00:00, run_after=2022-12-23T00:00:00+00:00
[2022-12-23 22:45:25,683] {processor.py:161} INFO - Processing /home/airflow/.local/lib/python3.7/site-packages/airflow/example_dags/example_nested_branch_dag.py took 0.066 seconds
[2022-12-23 22:45:56,654] {processor.py:153} INFO - Started process (PID=1798) to work on /home/airflow/.local/lib/python3.7/site-packages/airflow/example_dags/example_nested_branch_dag.py
[2022-12-23 22:45:56,655] {processor.py:641} INFO - Processing file /home/airflow/.local/lib/python3.7/site-packages/airflow/example_dags/example_nested_branch_dag.py for tasks to queue
[2022-12-23 22:45:56,656] {logging_mixin.py:115} INFO - [2022-12-23 22:45:56,656] {dagbag.py:507} INFO - Filling up the DagBag from /home/airflow/.local/lib/python3.7/site-packages/airflow/example_dags/example_nested_branch_dag.py
[2022-12-23 22:45:56,670] {processor.py:651} INFO - DAG(s) dict_keys(['example_nested_branch_dag']) retrieved from /home/airflow/.local/lib/python3.7/site-packages/airflow/example_dags/example_nested_branch_dag.py
[2022-12-23 22:45:56,694] {logging_mixin.py:115} INFO - [2022-12-23 22:45:56,694] {dag.py:2371} INFO - Sync 1 DAGs
[2022-12-23 22:45:56,711] {logging_mixin.py:115} INFO - [2022-12-23 22:45:56,711] {dag.py:2919} INFO - Setting next_dagrun for example_nested_branch_dag to 2022-12-22T00:00:00+00:00, run_after=2022-12-23T00:00:00+00:00
[2022-12-23 22:45:56,720] {processor.py:161} INFO - Processing /home/airflow/.local/lib/python3.7/site-packages/airflow/example_dags/example_nested_branch_dag.py took 0.070 seconds
[2022-12-23 22:46:26,810] {processor.py:153} INFO - Started process (PID=1991) to work on /home/airflow/.local/lib/python3.7/site-packages/airflow/example_dags/example_nested_branch_dag.py
[2022-12-23 22:46:26,811] {processor.py:641} INFO - Processing file /home/airflow/.local/lib/python3.7/site-packages/airflow/example_dags/example_nested_branch_dag.py for tasks to queue
[2022-12-23 22:46:26,815] {logging_mixin.py:115} INFO - [2022-12-23 22:46:26,815] {dagbag.py:507} INFO - Filling up the DagBag from /home/airflow/.local/lib/python3.7/site-packages/airflow/example_dags/example_nested_branch_dag.py
[2022-12-23 22:46:26,828] {processor.py:651} INFO - DAG(s) dict_keys(['example_nested_branch_dag']) retrieved from /home/airflow/.local/lib/python3.7/site-packages/airflow/example_dags/example_nested_branch_dag.py
[2022-12-23 22:46:26,853] {logging_mixin.py:115} INFO - [2022-12-23 22:46:26,853] {dag.py:2371} INFO - Sync 1 DAGs
[2022-12-23 22:46:26,874] {logging_mixin.py:115} INFO - [2022-12-23 22:46:26,874] {dag.py:2919} INFO - Setting next_dagrun for example_nested_branch_dag to 2022-12-22T00:00:00+00:00, run_after=2022-12-23T00:00:00+00:00
[2022-12-23 22:46:26,884] {processor.py:161} INFO - Processing /home/airflow/.local/lib/python3.7/site-packages/airflow/example_dags/example_nested_branch_dag.py took 0.077 seconds
[2022-12-23 22:46:56,954] {processor.py:153} INFO - Started process (PID=2195) to work on /home/airflow/.local/lib/python3.7/site-packages/airflow/example_dags/example_nested_branch_dag.py
[2022-12-23 22:46:56,955] {processor.py:641} INFO - Processing file /home/airflow/.local/lib/python3.7/site-packages/airflow/example_dags/example_nested_branch_dag.py for tasks to queue
[2022-12-23 22:46:56,956] {logging_mixin.py:115} INFO - [2022-12-23 22:46:56,956] {dagbag.py:507} INFO - Filling up the DagBag from /home/airflow/.local/lib/python3.7/site-packages/airflow/example_dags/example_nested_branch_dag.py
[2022-12-23 22:46:56,964] {processor.py:651} INFO - DAG(s) dict_keys(['example_nested_branch_dag']) retrieved from /home/airflow/.local/lib/python3.7/site-packages/airflow/example_dags/example_nested_branch_dag.py
[2022-12-23 22:46:56,988] {logging_mixin.py:115} INFO - [2022-12-23 22:46:56,988] {dag.py:2371} INFO - Sync 1 DAGs
[2022-12-23 22:46:57,004] {logging_mixin.py:115} INFO - [2022-12-23 22:46:57,004] {dag.py:2919} INFO - Setting next_dagrun for example_nested_branch_dag to 2022-12-22T00:00:00+00:00, run_after=2022-12-23T00:00:00+00:00
[2022-12-23 22:46:57,012] {processor.py:161} INFO - Processing /home/airflow/.local/lib/python3.7/site-packages/airflow/example_dags/example_nested_branch_dag.py took 0.061 seconds
[2022-12-23 22:47:27,253] {processor.py:153} INFO - Started process (PID=2400) to work on /home/airflow/.local/lib/python3.7/site-packages/airflow/example_dags/example_nested_branch_dag.py
[2022-12-23 22:47:27,254] {processor.py:641} INFO - Processing file /home/airflow/.local/lib/python3.7/site-packages/airflow/example_dags/example_nested_branch_dag.py for tasks to queue
[2022-12-23 22:47:27,255] {logging_mixin.py:115} INFO - [2022-12-23 22:47:27,255] {dagbag.py:507} INFO - Filling up the DagBag from /home/airflow/.local/lib/python3.7/site-packages/airflow/example_dags/example_nested_branch_dag.py
[2022-12-23 22:47:27,263] {processor.py:651} INFO - DAG(s) dict_keys(['example_nested_branch_dag']) retrieved from /home/airflow/.local/lib/python3.7/site-packages/airflow/example_dags/example_nested_branch_dag.py
[2022-12-23 22:47:27,288] {logging_mixin.py:115} INFO - [2022-12-23 22:47:27,288] {dag.py:2371} INFO - Sync 1 DAGs
[2022-12-23 22:47:27,305] {logging_mixin.py:115} INFO - [2022-12-23 22:47:27,305] {dag.py:2919} INFO - Setting next_dagrun for example_nested_branch_dag to 2022-12-22T00:00:00+00:00, run_after=2022-12-23T00:00:00+00:00
[2022-12-23 22:47:27,313] {processor.py:161} INFO - Processing /home/airflow/.local/lib/python3.7/site-packages/airflow/example_dags/example_nested_branch_dag.py took 0.063 seconds
[2022-12-23 22:47:57,480] {processor.py:153} INFO - Started process (PID=2605) to work on /home/airflow/.local/lib/python3.7/site-packages/airflow/example_dags/example_nested_branch_dag.py
[2022-12-23 22:47:57,482] {processor.py:641} INFO - Processing file /home/airflow/.local/lib/python3.7/site-packages/airflow/example_dags/example_nested_branch_dag.py for tasks to queue
[2022-12-23 22:47:57,483] {logging_mixin.py:115} INFO - [2022-12-23 22:47:57,482] {dagbag.py:507} INFO - Filling up the DagBag from /home/airflow/.local/lib/python3.7/site-packages/airflow/example_dags/example_nested_branch_dag.py
[2022-12-23 22:47:57,491] {processor.py:651} INFO - DAG(s) dict_keys(['example_nested_branch_dag']) retrieved from /home/airflow/.local/lib/python3.7/site-packages/airflow/example_dags/example_nested_branch_dag.py
[2022-12-23 22:47:57,516] {logging_mixin.py:115} INFO - [2022-12-23 22:47:57,515] {dag.py:2371} INFO - Sync 1 DAGs
[2022-12-23 22:47:57,534] {logging_mixin.py:115} INFO - [2022-12-23 22:47:57,534] {dag.py:2919} INFO - Setting next_dagrun for example_nested_branch_dag to 2022-12-22T00:00:00+00:00, run_after=2022-12-23T00:00:00+00:00
[2022-12-23 22:47:57,542] {processor.py:161} INFO - Processing /home/airflow/.local/lib/python3.7/site-packages/airflow/example_dags/example_nested_branch_dag.py took 0.065 seconds
[2022-12-23 22:48:27,729] {processor.py:153} INFO - Started process (PID=2800) to work on /home/airflow/.local/lib/python3.7/site-packages/airflow/example_dags/example_nested_branch_dag.py
[2022-12-23 22:48:27,730] {processor.py:641} INFO - Processing file /home/airflow/.local/lib/python3.7/site-packages/airflow/example_dags/example_nested_branch_dag.py for tasks to queue
[2022-12-23 22:48:27,731] {logging_mixin.py:115} INFO - [2022-12-23 22:48:27,731] {dagbag.py:507} INFO - Filling up the DagBag from /home/airflow/.local/lib/python3.7/site-packages/airflow/example_dags/example_nested_branch_dag.py
[2022-12-23 22:48:27,740] {processor.py:651} INFO - DAG(s) dict_keys(['example_nested_branch_dag']) retrieved from /home/airflow/.local/lib/python3.7/site-packages/airflow/example_dags/example_nested_branch_dag.py
[2022-12-23 22:48:27,765] {logging_mixin.py:115} INFO - [2022-12-23 22:48:27,765] {dag.py:2371} INFO - Sync 1 DAGs
[2022-12-23 22:48:27,782] {logging_mixin.py:115} INFO - [2022-12-23 22:48:27,782] {dag.py:2919} INFO - Setting next_dagrun for example_nested_branch_dag to 2022-12-22T00:00:00+00:00, run_after=2022-12-23T00:00:00+00:00
[2022-12-23 22:48:27,792] {processor.py:161} INFO - Processing /home/airflow/.local/lib/python3.7/site-packages/airflow/example_dags/example_nested_branch_dag.py took 0.066 seconds
[2022-12-23 22:48:58,252] {processor.py:153} INFO - Started process (PID=3003) to work on /home/airflow/.local/lib/python3.7/site-packages/airflow/example_dags/example_nested_branch_dag.py
[2022-12-23 22:48:58,253] {processor.py:641} INFO - Processing file /home/airflow/.local/lib/python3.7/site-packages/airflow/example_dags/example_nested_branch_dag.py for tasks to queue
[2022-12-23 22:48:58,254] {logging_mixin.py:115} INFO - [2022-12-23 22:48:58,254] {dagbag.py:507} INFO - Filling up the DagBag from /home/airflow/.local/lib/python3.7/site-packages/airflow/example_dags/example_nested_branch_dag.py
[2022-12-23 22:48:58,262] {processor.py:651} INFO - DAG(s) dict_keys(['example_nested_branch_dag']) retrieved from /home/airflow/.local/lib/python3.7/site-packages/airflow/example_dags/example_nested_branch_dag.py
[2022-12-23 22:48:58,286] {logging_mixin.py:115} INFO - [2022-12-23 22:48:58,286] {dag.py:2371} INFO - Sync 1 DAGs
[2022-12-23 22:48:58,303] {logging_mixin.py:115} INFO - [2022-12-23 22:48:58,302] {dag.py:2919} INFO - Setting next_dagrun for example_nested_branch_dag to 2022-12-22T00:00:00+00:00, run_after=2022-12-23T00:00:00+00:00
[2022-12-23 22:48:58,311] {processor.py:161} INFO - Processing /home/airflow/.local/lib/python3.7/site-packages/airflow/example_dags/example_nested_branch_dag.py took 0.062 seconds
[2022-12-23 22:49:29,256] {processor.py:153} INFO - Started process (PID=3204) to work on /home/airflow/.local/lib/python3.7/site-packages/airflow/example_dags/example_nested_branch_dag.py
[2022-12-23 22:49:29,257] {processor.py:641} INFO - Processing file /home/airflow/.local/lib/python3.7/site-packages/airflow/example_dags/example_nested_branch_dag.py for tasks to queue
[2022-12-23 22:49:29,258] {logging_mixin.py:115} INFO - [2022-12-23 22:49:29,258] {dagbag.py:507} INFO - Filling up the DagBag from /home/airflow/.local/lib/python3.7/site-packages/airflow/example_dags/example_nested_branch_dag.py
[2022-12-23 22:49:29,266] {processor.py:651} INFO - DAG(s) dict_keys(['example_nested_branch_dag']) retrieved from /home/airflow/.local/lib/python3.7/site-packages/airflow/example_dags/example_nested_branch_dag.py
[2022-12-23 22:49:29,292] {logging_mixin.py:115} INFO - [2022-12-23 22:49:29,292] {dag.py:2371} INFO - Sync 1 DAGs
[2022-12-23 22:49:29,310] {logging_mixin.py:115} INFO - [2022-12-23 22:49:29,310] {dag.py:2919} INFO - Setting next_dagrun for example_nested_branch_dag to 2022-12-22T00:00:00+00:00, run_after=2022-12-23T00:00:00+00:00
[2022-12-23 22:49:29,320] {processor.py:161} INFO - Processing /home/airflow/.local/lib/python3.7/site-packages/airflow/example_dags/example_nested_branch_dag.py took 0.067 seconds
[2022-12-23 22:49:59,517] {processor.py:153} INFO - Started process (PID=3411) to work on /home/airflow/.local/lib/python3.7/site-packages/airflow/example_dags/example_nested_branch_dag.py
[2022-12-23 22:49:59,518] {processor.py:641} INFO - Processing file /home/airflow/.local/lib/python3.7/site-packages/airflow/example_dags/example_nested_branch_dag.py for tasks to queue
[2022-12-23 22:49:59,519] {logging_mixin.py:115} INFO - [2022-12-23 22:49:59,519] {dagbag.py:507} INFO - Filling up the DagBag from /home/airflow/.local/lib/python3.7/site-packages/airflow/example_dags/example_nested_branch_dag.py
[2022-12-23 22:49:59,528] {processor.py:651} INFO - DAG(s) dict_keys(['example_nested_branch_dag']) retrieved from /home/airflow/.local/lib/python3.7/site-packages/airflow/example_dags/example_nested_branch_dag.py
[2022-12-23 22:49:59,553] {logging_mixin.py:115} INFO - [2022-12-23 22:49:59,553] {dag.py:2371} INFO - Sync 1 DAGs
[2022-12-23 22:49:59,571] {logging_mixin.py:115} INFO - [2022-12-23 22:49:59,571] {dag.py:2919} INFO - Setting next_dagrun for example_nested_branch_dag to 2022-12-22T00:00:00+00:00, run_after=2022-12-23T00:00:00+00:00
[2022-12-23 22:49:59,580] {processor.py:161} INFO - Processing /home/airflow/.local/lib/python3.7/site-packages/airflow/example_dags/example_nested_branch_dag.py took 0.066 seconds
[2022-12-23 22:50:29,735] {processor.py:153} INFO - Started process (PID=3615) to work on /home/airflow/.local/lib/python3.7/site-packages/airflow/example_dags/example_nested_branch_dag.py
[2022-12-23 22:50:29,736] {processor.py:641} INFO - Processing file /home/airflow/.local/lib/python3.7/site-packages/airflow/example_dags/example_nested_branch_dag.py for tasks to queue
[2022-12-23 22:50:29,737] {logging_mixin.py:115} INFO - [2022-12-23 22:50:29,737] {dagbag.py:507} INFO - Filling up the DagBag from /home/airflow/.local/lib/python3.7/site-packages/airflow/example_dags/example_nested_branch_dag.py
[2022-12-23 22:50:29,745] {processor.py:651} INFO - DAG(s) dict_keys(['example_nested_branch_dag']) retrieved from /home/airflow/.local/lib/python3.7/site-packages/airflow/example_dags/example_nested_branch_dag.py
[2022-12-23 22:50:29,770] {logging_mixin.py:115} INFO - [2022-12-23 22:50:29,770] {dag.py:2371} INFO - Sync 1 DAGs
[2022-12-23 22:50:29,786] {logging_mixin.py:115} INFO - [2022-12-23 22:50:29,786] {dag.py:2919} INFO - Setting next_dagrun for example_nested_branch_dag to 2022-12-22T00:00:00+00:00, run_after=2022-12-23T00:00:00+00:00
[2022-12-23 22:50:29,795] {processor.py:161} INFO - Processing /home/airflow/.local/lib/python3.7/site-packages/airflow/example_dags/example_nested_branch_dag.py took 0.063 seconds
[2022-12-23 22:51:00,154] {processor.py:153} INFO - Started process (PID=3809) to work on /home/airflow/.local/lib/python3.7/site-packages/airflow/example_dags/example_nested_branch_dag.py
[2022-12-23 22:51:00,155] {processor.py:641} INFO - Processing file /home/airflow/.local/lib/python3.7/site-packages/airflow/example_dags/example_nested_branch_dag.py for tasks to queue
[2022-12-23 22:51:00,156] {logging_mixin.py:115} INFO - [2022-12-23 22:51:00,156] {dagbag.py:507} INFO - Filling up the DagBag from /home/airflow/.local/lib/python3.7/site-packages/airflow/example_dags/example_nested_branch_dag.py
[2022-12-23 22:51:00,164] {processor.py:651} INFO - DAG(s) dict_keys(['example_nested_branch_dag']) retrieved from /home/airflow/.local/lib/python3.7/site-packages/airflow/example_dags/example_nested_branch_dag.py
[2022-12-23 22:51:00,189] {logging_mixin.py:115} INFO - [2022-12-23 22:51:00,189] {dag.py:2371} INFO - Sync 1 DAGs
[2022-12-23 22:51:00,206] {logging_mixin.py:115} INFO - [2022-12-23 22:51:00,206] {dag.py:2919} INFO - Setting next_dagrun for example_nested_branch_dag to 2022-12-22T00:00:00+00:00, run_after=2022-12-23T00:00:00+00:00
[2022-12-23 22:51:00,214] {processor.py:161} INFO - Processing /home/airflow/.local/lib/python3.7/site-packages/airflow/example_dags/example_nested_branch_dag.py took 0.063 seconds
[2022-12-23 22:51:31,170] {processor.py:153} INFO - Started process (PID=4012) to work on /home/airflow/.local/lib/python3.7/site-packages/airflow/example_dags/example_nested_branch_dag.py
[2022-12-23 22:51:31,172] {processor.py:641} INFO - Processing file /home/airflow/.local/lib/python3.7/site-packages/airflow/example_dags/example_nested_branch_dag.py for tasks to queue
[2022-12-23 22:51:31,173] {logging_mixin.py:115} INFO - [2022-12-23 22:51:31,173] {dagbag.py:507} INFO - Filling up the DagBag from /home/airflow/.local/lib/python3.7/site-packages/airflow/example_dags/example_nested_branch_dag.py
[2022-12-23 22:51:31,181] {processor.py:651} INFO - DAG(s) dict_keys(['example_nested_branch_dag']) retrieved from /home/airflow/.local/lib/python3.7/site-packages/airflow/example_dags/example_nested_branch_dag.py
[2022-12-23 22:51:31,204] {logging_mixin.py:115} INFO - [2022-12-23 22:51:31,204] {dag.py:2371} INFO - Sync 1 DAGs
[2022-12-23 22:51:31,220] {logging_mixin.py:115} INFO - [2022-12-23 22:51:31,220] {dag.py:2919} INFO - Setting next_dagrun for example_nested_branch_dag to 2022-12-22T00:00:00+00:00, run_after=2022-12-23T00:00:00+00:00
[2022-12-23 22:51:31,228] {processor.py:161} INFO - Processing /home/airflow/.local/lib/python3.7/site-packages/airflow/example_dags/example_nested_branch_dag.py took 0.060 seconds
[2022-12-23 22:52:01,326] {processor.py:153} INFO - Started process (PID=4219) to work on /home/airflow/.local/lib/python3.7/site-packages/airflow/example_dags/example_nested_branch_dag.py
[2022-12-23 22:52:01,328] {processor.py:641} INFO - Processing file /home/airflow/.local/lib/python3.7/site-packages/airflow/example_dags/example_nested_branch_dag.py for tasks to queue
[2022-12-23 22:52:01,329] {logging_mixin.py:115} INFO - [2022-12-23 22:52:01,329] {dagbag.py:507} INFO - Filling up the DagBag from /home/airflow/.local/lib/python3.7/site-packages/airflow/example_dags/example_nested_branch_dag.py
[2022-12-23 22:52:01,337] {processor.py:651} INFO - DAG(s) dict_keys(['example_nested_branch_dag']) retrieved from /home/airflow/.local/lib/python3.7/site-packages/airflow/example_dags/example_nested_branch_dag.py
[2022-12-23 22:52:01,361] {logging_mixin.py:115} INFO - [2022-12-23 22:52:01,360] {dag.py:2371} INFO - Sync 1 DAGs
[2022-12-23 22:52:01,377] {logging_mixin.py:115} INFO - [2022-12-23 22:52:01,377] {dag.py:2919} INFO - Setting next_dagrun for example_nested_branch_dag to 2022-12-22T00:00:00+00:00, run_after=2022-12-23T00:00:00+00:00
[2022-12-23 22:52:01,385] {processor.py:161} INFO - Processing /home/airflow/.local/lib/python3.7/site-packages/airflow/example_dags/example_nested_branch_dag.py took 0.062 seconds
[2022-12-23 22:52:32,386] {processor.py:153} INFO - Started process (PID=4422) to work on /home/airflow/.local/lib/python3.7/site-packages/airflow/example_dags/example_nested_branch_dag.py
[2022-12-23 22:52:32,387] {processor.py:641} INFO - Processing file /home/airflow/.local/lib/python3.7/site-packages/airflow/example_dags/example_nested_branch_dag.py for tasks to queue
[2022-12-23 22:52:32,388] {logging_mixin.py:115} INFO - [2022-12-23 22:52:32,388] {dagbag.py:507} INFO - Filling up the DagBag from /home/airflow/.local/lib/python3.7/site-packages/airflow/example_dags/example_nested_branch_dag.py
[2022-12-23 22:52:32,397] {processor.py:651} INFO - DAG(s) dict_keys(['example_nested_branch_dag']) retrieved from /home/airflow/.local/lib/python3.7/site-packages/airflow/example_dags/example_nested_branch_dag.py
[2022-12-23 22:52:32,421] {logging_mixin.py:115} INFO - [2022-12-23 22:52:32,421] {dag.py:2371} INFO - Sync 1 DAGs
[2022-12-23 22:52:32,438] {logging_mixin.py:115} INFO - [2022-12-23 22:52:32,438] {dag.py:2919} INFO - Setting next_dagrun for example_nested_branch_dag to 2022-12-22T00:00:00+00:00, run_after=2022-12-23T00:00:00+00:00
[2022-12-23 22:52:32,447] {processor.py:161} INFO - Processing /home/airflow/.local/lib/python3.7/site-packages/airflow/example_dags/example_nested_branch_dag.py took 0.064 seconds
[2022-12-23 22:53:03,173] {processor.py:153} INFO - Started process (PID=4637) to work on /home/airflow/.local/lib/python3.7/site-packages/airflow/example_dags/example_nested_branch_dag.py
[2022-12-23 22:53:03,174] {processor.py:641} INFO - Processing file /home/airflow/.local/lib/python3.7/site-packages/airflow/example_dags/example_nested_branch_dag.py for tasks to queue
[2022-12-23 22:53:03,175] {logging_mixin.py:115} INFO - [2022-12-23 22:53:03,175] {dagbag.py:507} INFO - Filling up the DagBag from /home/airflow/.local/lib/python3.7/site-packages/airflow/example_dags/example_nested_branch_dag.py
[2022-12-23 22:53:03,184] {processor.py:651} INFO - DAG(s) dict_keys(['example_nested_branch_dag']) retrieved from /home/airflow/.local/lib/python3.7/site-packages/airflow/example_dags/example_nested_branch_dag.py
[2022-12-23 22:53:03,208] {logging_mixin.py:115} INFO - [2022-12-23 22:53:03,208] {dag.py:2371} INFO - Sync 1 DAGs
[2022-12-23 22:53:03,227] {logging_mixin.py:115} INFO - [2022-12-23 22:53:03,226] {dag.py:2919} INFO - Setting next_dagrun for example_nested_branch_dag to 2022-12-22T00:00:00+00:00, run_after=2022-12-23T00:00:00+00:00
[2022-12-23 22:53:03,236] {processor.py:161} INFO - Processing /home/airflow/.local/lib/python3.7/site-packages/airflow/example_dags/example_nested_branch_dag.py took 0.066 seconds
[2022-12-23 22:53:33,560] {processor.py:153} INFO - Started process (PID=4831) to work on /home/airflow/.local/lib/python3.7/site-packages/airflow/example_dags/example_nested_branch_dag.py
[2022-12-23 22:53:33,562] {processor.py:641} INFO - Processing file /home/airflow/.local/lib/python3.7/site-packages/airflow/example_dags/example_nested_branch_dag.py for tasks to queue
[2022-12-23 22:53:33,562] {logging_mixin.py:115} INFO - [2022-12-23 22:53:33,562] {dagbag.py:507} INFO - Filling up the DagBag from /home/airflow/.local/lib/python3.7/site-packages/airflow/example_dags/example_nested_branch_dag.py
[2022-12-23 22:53:33,571] {processor.py:651} INFO - DAG(s) dict_keys(['example_nested_branch_dag']) retrieved from /home/airflow/.local/lib/python3.7/site-packages/airflow/example_dags/example_nested_branch_dag.py
[2022-12-23 22:53:33,596] {logging_mixin.py:115} INFO - [2022-12-23 22:53:33,596] {dag.py:2371} INFO - Sync 1 DAGs
[2022-12-23 22:53:33,613] {logging_mixin.py:115} INFO - [2022-12-23 22:53:33,613] {dag.py:2919} INFO - Setting next_dagrun for example_nested_branch_dag to 2022-12-22T00:00:00+00:00, run_after=2022-12-23T00:00:00+00:00
[2022-12-23 22:53:33,622] {processor.py:161} INFO - Processing /home/airflow/.local/lib/python3.7/site-packages/airflow/example_dags/example_nested_branch_dag.py took 0.064 seconds
[2022-12-23 22:54:03,741] {processor.py:153} INFO - Started process (PID=5033) to work on /home/airflow/.local/lib/python3.7/site-packages/airflow/example_dags/example_nested_branch_dag.py
[2022-12-23 22:54:03,742] {processor.py:641} INFO - Processing file /home/airflow/.local/lib/python3.7/site-packages/airflow/example_dags/example_nested_branch_dag.py for tasks to queue
[2022-12-23 22:54:03,743] {logging_mixin.py:115} INFO - [2022-12-23 22:54:03,743] {dagbag.py:507} INFO - Filling up the DagBag from /home/airflow/.local/lib/python3.7/site-packages/airflow/example_dags/example_nested_branch_dag.py
[2022-12-23 22:54:03,751] {processor.py:651} INFO - DAG(s) dict_keys(['example_nested_branch_dag']) retrieved from /home/airflow/.local/lib/python3.7/site-packages/airflow/example_dags/example_nested_branch_dag.py
[2022-12-23 22:54:03,776] {logging_mixin.py:115} INFO - [2022-12-23 22:54:03,776] {dag.py:2371} INFO - Sync 1 DAGs
[2022-12-23 22:54:03,792] {logging_mixin.py:115} INFO - [2022-12-23 22:54:03,792] {dag.py:2919} INFO - Setting next_dagrun for example_nested_branch_dag to 2022-12-22T00:00:00+00:00, run_after=2022-12-23T00:00:00+00:00
[2022-12-23 22:54:03,801] {processor.py:161} INFO - Processing /home/airflow/.local/lib/python3.7/site-packages/airflow/example_dags/example_nested_branch_dag.py took 0.063 seconds
[2022-12-23 22:54:33,964] {processor.py:153} INFO - Started process (PID=5236) to work on /home/airflow/.local/lib/python3.7/site-packages/airflow/example_dags/example_nested_branch_dag.py
[2022-12-23 22:54:33,965] {processor.py:641} INFO - Processing file /home/airflow/.local/lib/python3.7/site-packages/airflow/example_dags/example_nested_branch_dag.py for tasks to queue
[2022-12-23 22:54:33,966] {logging_mixin.py:115} INFO - [2022-12-23 22:54:33,966] {dagbag.py:507} INFO - Filling up the DagBag from /home/airflow/.local/lib/python3.7/site-packages/airflow/example_dags/example_nested_branch_dag.py
[2022-12-23 22:54:33,974] {processor.py:651} INFO - DAG(s) dict_keys(['example_nested_branch_dag']) retrieved from /home/airflow/.local/lib/python3.7/site-packages/airflow/example_dags/example_nested_branch_dag.py
[2022-12-23 22:54:33,998] {logging_mixin.py:115} INFO - [2022-12-23 22:54:33,998] {dag.py:2371} INFO - Sync 1 DAGs
[2022-12-23 22:54:34,016] {logging_mixin.py:115} INFO - [2022-12-23 22:54:34,016] {dag.py:2919} INFO - Setting next_dagrun for example_nested_branch_dag to 2022-12-22T00:00:00+00:00, run_after=2022-12-23T00:00:00+00:00
[2022-12-23 22:54:34,025] {processor.py:161} INFO - Processing /home/airflow/.local/lib/python3.7/site-packages/airflow/example_dags/example_nested_branch_dag.py took 0.064 seconds
[2022-12-23 22:55:04,183] {processor.py:153} INFO - Started process (PID=5447) to work on /home/airflow/.local/lib/python3.7/site-packages/airflow/example_dags/example_nested_branch_dag.py
[2022-12-23 22:55:04,184] {processor.py:641} INFO - Processing file /home/airflow/.local/lib/python3.7/site-packages/airflow/example_dags/example_nested_branch_dag.py for tasks to queue
[2022-12-23 22:55:04,184] {logging_mixin.py:115} INFO - [2022-12-23 22:55:04,184] {dagbag.py:507} INFO - Filling up the DagBag from /home/airflow/.local/lib/python3.7/site-packages/airflow/example_dags/example_nested_branch_dag.py
[2022-12-23 22:55:04,192] {processor.py:651} INFO - DAG(s) dict_keys(['example_nested_branch_dag']) retrieved from /home/airflow/.local/lib/python3.7/site-packages/airflow/example_dags/example_nested_branch_dag.py
[2022-12-23 22:55:04,227] {logging_mixin.py:115} INFO - [2022-12-23 22:55:04,227] {dag.py:2371} INFO - Sync 1 DAGs
[2022-12-23 22:55:04,245] {logging_mixin.py:115} INFO - [2022-12-23 22:55:04,245] {dag.py:2919} INFO - Setting next_dagrun for example_nested_branch_dag to 2022-12-22T00:00:00+00:00, run_after=2022-12-23T00:00:00+00:00
[2022-12-23 22:55:04,264] {processor.py:161} INFO - Processing /home/airflow/.local/lib/python3.7/site-packages/airflow/example_dags/example_nested_branch_dag.py took 0.085 seconds
[2022-12-23 22:55:34,422] {processor.py:153} INFO - Started process (PID=5644) to work on /home/airflow/.local/lib/python3.7/site-packages/airflow/example_dags/example_nested_branch_dag.py
[2022-12-23 22:55:34,424] {processor.py:641} INFO - Processing file /home/airflow/.local/lib/python3.7/site-packages/airflow/example_dags/example_nested_branch_dag.py for tasks to queue
[2022-12-23 22:55:34,425] {logging_mixin.py:115} INFO - [2022-12-23 22:55:34,425] {dagbag.py:507} INFO - Filling up the DagBag from /home/airflow/.local/lib/python3.7/site-packages/airflow/example_dags/example_nested_branch_dag.py
[2022-12-23 22:55:34,432] {processor.py:651} INFO - DAG(s) dict_keys(['example_nested_branch_dag']) retrieved from /home/airflow/.local/lib/python3.7/site-packages/airflow/example_dags/example_nested_branch_dag.py
[2022-12-23 22:55:34,458] {logging_mixin.py:115} INFO - [2022-12-23 22:55:34,458] {dag.py:2371} INFO - Sync 1 DAGs
[2022-12-23 22:55:34,474] {logging_mixin.py:115} INFO - [2022-12-23 22:55:34,474] {dag.py:2919} INFO - Setting next_dagrun for example_nested_branch_dag to 2022-12-22T00:00:00+00:00, run_after=2022-12-23T00:00:00+00:00
[2022-12-23 22:55:34,483] {processor.py:161} INFO - Processing /home/airflow/.local/lib/python3.7/site-packages/airflow/example_dags/example_nested_branch_dag.py took 0.063 seconds
[2022-12-23 22:56:04,843] {processor.py:153} INFO - Started process (PID=5851) to work on /home/airflow/.local/lib/python3.7/site-packages/airflow/example_dags/example_nested_branch_dag.py
[2022-12-23 22:56:04,846] {processor.py:641} INFO - Processing file /home/airflow/.local/lib/python3.7/site-packages/airflow/example_dags/example_nested_branch_dag.py for tasks to queue
[2022-12-23 22:56:04,847] {logging_mixin.py:115} INFO - [2022-12-23 22:56:04,847] {dagbag.py:507} INFO - Filling up the DagBag from /home/airflow/.local/lib/python3.7/site-packages/airflow/example_dags/example_nested_branch_dag.py
[2022-12-23 22:56:04,856] {processor.py:651} INFO - DAG(s) dict_keys(['example_nested_branch_dag']) retrieved from /home/airflow/.local/lib/python3.7/site-packages/airflow/example_dags/example_nested_branch_dag.py
[2022-12-23 22:56:04,881] {logging_mixin.py:115} INFO - [2022-12-23 22:56:04,881] {dag.py:2371} INFO - Sync 1 DAGs
[2022-12-23 22:56:04,898] {logging_mixin.py:115} INFO - [2022-12-23 22:56:04,897] {dag.py:2919} INFO - Setting next_dagrun for example_nested_branch_dag to 2022-12-22T00:00:00+00:00, run_after=2022-12-23T00:00:00+00:00
[2022-12-23 22:56:04,906] {processor.py:161} INFO - Processing /home/airflow/.local/lib/python3.7/site-packages/airflow/example_dags/example_nested_branch_dag.py took 0.066 seconds
[2022-12-23 22:56:35,136] {processor.py:153} INFO - Started process (PID=6059) to work on /home/airflow/.local/lib/python3.7/site-packages/airflow/example_dags/example_nested_branch_dag.py
[2022-12-23 22:56:35,138] {processor.py:641} INFO - Processing file /home/airflow/.local/lib/python3.7/site-packages/airflow/example_dags/example_nested_branch_dag.py for tasks to queue
[2022-12-23 22:56:35,138] {logging_mixin.py:115} INFO - [2022-12-23 22:56:35,138] {dagbag.py:507} INFO - Filling up the DagBag from /home/airflow/.local/lib/python3.7/site-packages/airflow/example_dags/example_nested_branch_dag.py
[2022-12-23 22:56:35,146] {processor.py:651} INFO - DAG(s) dict_keys(['example_nested_branch_dag']) retrieved from /home/airflow/.local/lib/python3.7/site-packages/airflow/example_dags/example_nested_branch_dag.py
[2022-12-23 22:56:35,170] {logging_mixin.py:115} INFO - [2022-12-23 22:56:35,170] {dag.py:2371} INFO - Sync 1 DAGs
[2022-12-23 22:56:35,187] {logging_mixin.py:115} INFO - [2022-12-23 22:56:35,187] {dag.py:2919} INFO - Setting next_dagrun for example_nested_branch_dag to 2022-12-22T00:00:00+00:00, run_after=2022-12-23T00:00:00+00:00
[2022-12-23 22:56:35,197] {processor.py:161} INFO - Processing /home/airflow/.local/lib/python3.7/site-packages/airflow/example_dags/example_nested_branch_dag.py took 0.063 seconds
[2022-12-23 22:57:05,481] {processor.py:153} INFO - Started process (PID=6259) to work on /home/airflow/.local/lib/python3.7/site-packages/airflow/example_dags/example_nested_branch_dag.py
[2022-12-23 22:57:05,483] {processor.py:641} INFO - Processing file /home/airflow/.local/lib/python3.7/site-packages/airflow/example_dags/example_nested_branch_dag.py for tasks to queue
[2022-12-23 22:57:05,483] {logging_mixin.py:115} INFO - [2022-12-23 22:57:05,483] {dagbag.py:507} INFO - Filling up the DagBag from /home/airflow/.local/lib/python3.7/site-packages/airflow/example_dags/example_nested_branch_dag.py
[2022-12-23 22:57:05,492] {processor.py:651} INFO - DAG(s) dict_keys(['example_nested_branch_dag']) retrieved from /home/airflow/.local/lib/python3.7/site-packages/airflow/example_dags/example_nested_branch_dag.py
[2022-12-23 22:57:05,516] {logging_mixin.py:115} INFO - [2022-12-23 22:57:05,516] {dag.py:2371} INFO - Sync 1 DAGs
[2022-12-23 22:57:05,534] {logging_mixin.py:115} INFO - [2022-12-23 22:57:05,534] {dag.py:2919} INFO - Setting next_dagrun for example_nested_branch_dag to 2022-12-22T00:00:00+00:00, run_after=2022-12-23T00:00:00+00:00
[2022-12-23 22:57:05,544] {processor.py:161} INFO - Processing /home/airflow/.local/lib/python3.7/site-packages/airflow/example_dags/example_nested_branch_dag.py took 0.066 seconds
[2022-12-23 22:57:35,753] {processor.py:153} INFO - Started process (PID=6453) to work on /home/airflow/.local/lib/python3.7/site-packages/airflow/example_dags/example_nested_branch_dag.py
[2022-12-23 22:57:35,754] {processor.py:641} INFO - Processing file /home/airflow/.local/lib/python3.7/site-packages/airflow/example_dags/example_nested_branch_dag.py for tasks to queue
[2022-12-23 22:57:35,755] {logging_mixin.py:115} INFO - [2022-12-23 22:57:35,755] {dagbag.py:507} INFO - Filling up the DagBag from /home/airflow/.local/lib/python3.7/site-packages/airflow/example_dags/example_nested_branch_dag.py
[2022-12-23 22:57:35,764] {processor.py:651} INFO - DAG(s) dict_keys(['example_nested_branch_dag']) retrieved from /home/airflow/.local/lib/python3.7/site-packages/airflow/example_dags/example_nested_branch_dag.py
[2022-12-23 22:57:35,788] {logging_mixin.py:115} INFO - [2022-12-23 22:57:35,788] {dag.py:2371} INFO - Sync 1 DAGs
[2022-12-23 22:57:35,805] {logging_mixin.py:115} INFO - [2022-12-23 22:57:35,805] {dag.py:2919} INFO - Setting next_dagrun for example_nested_branch_dag to 2022-12-22T00:00:00+00:00, run_after=2022-12-23T00:00:00+00:00
[2022-12-23 22:57:35,818] {processor.py:161} INFO - Processing /home/airflow/.local/lib/python3.7/site-packages/airflow/example_dags/example_nested_branch_dag.py took 0.068 seconds
[2022-12-23 22:58:06,105] {processor.py:153} INFO - Started process (PID=6660) to work on /home/airflow/.local/lib/python3.7/site-packages/airflow/example_dags/example_nested_branch_dag.py
[2022-12-23 22:58:06,107] {processor.py:641} INFO - Processing file /home/airflow/.local/lib/python3.7/site-packages/airflow/example_dags/example_nested_branch_dag.py for tasks to queue
[2022-12-23 22:58:06,108] {logging_mixin.py:115} INFO - [2022-12-23 22:58:06,108] {dagbag.py:507} INFO - Filling up the DagBag from /home/airflow/.local/lib/python3.7/site-packages/airflow/example_dags/example_nested_branch_dag.py
[2022-12-23 22:58:06,119] {processor.py:651} INFO - DAG(s) dict_keys(['example_nested_branch_dag']) retrieved from /home/airflow/.local/lib/python3.7/site-packages/airflow/example_dags/example_nested_branch_dag.py
[2022-12-23 22:58:06,150] {logging_mixin.py:115} INFO - [2022-12-23 22:58:06,150] {dag.py:2371} INFO - Sync 1 DAGs
[2022-12-23 22:58:06,186] {logging_mixin.py:115} INFO - [2022-12-23 22:58:06,185] {dag.py:2919} INFO - Setting next_dagrun for example_nested_branch_dag to 2022-12-22T00:00:00+00:00, run_after=2022-12-23T00:00:00+00:00
[2022-12-23 22:58:06,207] {processor.py:161} INFO - Processing /home/airflow/.local/lib/python3.7/site-packages/airflow/example_dags/example_nested_branch_dag.py took 0.107 seconds
[2022-12-23 22:58:36,282] {processor.py:153} INFO - Started process (PID=6862) to work on /home/airflow/.local/lib/python3.7/site-packages/airflow/example_dags/example_nested_branch_dag.py
[2022-12-23 22:58:36,283] {processor.py:641} INFO - Processing file /home/airflow/.local/lib/python3.7/site-packages/airflow/example_dags/example_nested_branch_dag.py for tasks to queue
[2022-12-23 22:58:36,283] {logging_mixin.py:115} INFO - [2022-12-23 22:58:36,283] {dagbag.py:507} INFO - Filling up the DagBag from /home/airflow/.local/lib/python3.7/site-packages/airflow/example_dags/example_nested_branch_dag.py
[2022-12-23 22:58:36,291] {processor.py:651} INFO - DAG(s) dict_keys(['example_nested_branch_dag']) retrieved from /home/airflow/.local/lib/python3.7/site-packages/airflow/example_dags/example_nested_branch_dag.py
[2022-12-23 22:58:36,315] {logging_mixin.py:115} INFO - [2022-12-23 22:58:36,315] {dag.py:2371} INFO - Sync 1 DAGs
[2022-12-23 22:58:36,332] {logging_mixin.py:115} INFO - [2022-12-23 22:58:36,332] {dag.py:2919} INFO - Setting next_dagrun for example_nested_branch_dag to 2022-12-22T00:00:00+00:00, run_after=2022-12-23T00:00:00+00:00
[2022-12-23 22:58:36,341] {processor.py:161} INFO - Processing /home/airflow/.local/lib/python3.7/site-packages/airflow/example_dags/example_nested_branch_dag.py took 0.063 seconds
[2022-12-23 22:59:06,388] {processor.py:153} INFO - Started process (PID=7063) to work on /home/airflow/.local/lib/python3.7/site-packages/airflow/example_dags/example_nested_branch_dag.py
[2022-12-23 22:59:06,390] {processor.py:641} INFO - Processing file /home/airflow/.local/lib/python3.7/site-packages/airflow/example_dags/example_nested_branch_dag.py for tasks to queue
[2022-12-23 22:59:06,391] {logging_mixin.py:115} INFO - [2022-12-23 22:59:06,391] {dagbag.py:507} INFO - Filling up the DagBag from /home/airflow/.local/lib/python3.7/site-packages/airflow/example_dags/example_nested_branch_dag.py
[2022-12-23 22:59:06,402] {processor.py:651} INFO - DAG(s) dict_keys(['example_nested_branch_dag']) retrieved from /home/airflow/.local/lib/python3.7/site-packages/airflow/example_dags/example_nested_branch_dag.py
[2022-12-23 22:59:06,430] {logging_mixin.py:115} INFO - [2022-12-23 22:59:06,430] {dag.py:2371} INFO - Sync 1 DAGs
[2022-12-23 22:59:06,449] {logging_mixin.py:115} INFO - [2022-12-23 22:59:06,449] {dag.py:2919} INFO - Setting next_dagrun for example_nested_branch_dag to 2022-12-22T00:00:00+00:00, run_after=2022-12-23T00:00:00+00:00
[2022-12-23 22:59:06,458] {processor.py:161} INFO - Processing /home/airflow/.local/lib/python3.7/site-packages/airflow/example_dags/example_nested_branch_dag.py took 0.074 seconds
[2022-12-23 22:59:36,829] {processor.py:153} INFO - Started process (PID=7256) to work on /home/airflow/.local/lib/python3.7/site-packages/airflow/example_dags/example_nested_branch_dag.py
[2022-12-23 22:59:36,830] {processor.py:641} INFO - Processing file /home/airflow/.local/lib/python3.7/site-packages/airflow/example_dags/example_nested_branch_dag.py for tasks to queue
[2022-12-23 22:59:36,831] {logging_mixin.py:115} INFO - [2022-12-23 22:59:36,831] {dagbag.py:507} INFO - Filling up the DagBag from /home/airflow/.local/lib/python3.7/site-packages/airflow/example_dags/example_nested_branch_dag.py
[2022-12-23 22:59:36,839] {processor.py:651} INFO - DAG(s) dict_keys(['example_nested_branch_dag']) retrieved from /home/airflow/.local/lib/python3.7/site-packages/airflow/example_dags/example_nested_branch_dag.py
[2022-12-23 22:59:36,861] {logging_mixin.py:115} INFO - [2022-12-23 22:59:36,861] {dag.py:2371} INFO - Sync 1 DAGs
[2022-12-23 22:59:36,877] {logging_mixin.py:115} INFO - [2022-12-23 22:59:36,877] {dag.py:2919} INFO - Setting next_dagrun for example_nested_branch_dag to 2022-12-22T00:00:00+00:00, run_after=2022-12-23T00:00:00+00:00
[2022-12-23 22:59:36,885] {processor.py:161} INFO - Processing /home/airflow/.local/lib/python3.7/site-packages/airflow/example_dags/example_nested_branch_dag.py took 0.059 seconds
[2022-12-23 23:00:07,059] {processor.py:153} INFO - Started process (PID=7466) to work on /home/airflow/.local/lib/python3.7/site-packages/airflow/example_dags/example_nested_branch_dag.py
[2022-12-23 23:00:07,060] {processor.py:641} INFO - Processing file /home/airflow/.local/lib/python3.7/site-packages/airflow/example_dags/example_nested_branch_dag.py for tasks to queue
[2022-12-23 23:00:07,061] {logging_mixin.py:115} INFO - [2022-12-23 23:00:07,061] {dagbag.py:507} INFO - Filling up the DagBag from /home/airflow/.local/lib/python3.7/site-packages/airflow/example_dags/example_nested_branch_dag.py
[2022-12-23 23:00:07,069] {processor.py:651} INFO - DAG(s) dict_keys(['example_nested_branch_dag']) retrieved from /home/airflow/.local/lib/python3.7/site-packages/airflow/example_dags/example_nested_branch_dag.py
[2022-12-23 23:00:07,093] {logging_mixin.py:115} INFO - [2022-12-23 23:00:07,093] {dag.py:2371} INFO - Sync 1 DAGs
[2022-12-23 23:00:07,109] {logging_mixin.py:115} INFO - [2022-12-23 23:00:07,109] {dag.py:2919} INFO - Setting next_dagrun for example_nested_branch_dag to 2022-12-22T00:00:00+00:00, run_after=2022-12-23T00:00:00+00:00
[2022-12-23 23:00:07,117] {processor.py:161} INFO - Processing /home/airflow/.local/lib/python3.7/site-packages/airflow/example_dags/example_nested_branch_dag.py took 0.061 seconds
[2022-12-23 23:00:37,361] {processor.py:153} INFO - Started process (PID=7668) to work on /home/airflow/.local/lib/python3.7/site-packages/airflow/example_dags/example_nested_branch_dag.py
[2022-12-23 23:00:37,362] {processor.py:641} INFO - Processing file /home/airflow/.local/lib/python3.7/site-packages/airflow/example_dags/example_nested_branch_dag.py for tasks to queue
[2022-12-23 23:00:37,363] {logging_mixin.py:115} INFO - [2022-12-23 23:00:37,363] {dagbag.py:507} INFO - Filling up the DagBag from /home/airflow/.local/lib/python3.7/site-packages/airflow/example_dags/example_nested_branch_dag.py
[2022-12-23 23:00:37,372] {processor.py:651} INFO - DAG(s) dict_keys(['example_nested_branch_dag']) retrieved from /home/airflow/.local/lib/python3.7/site-packages/airflow/example_dags/example_nested_branch_dag.py
[2022-12-23 23:00:37,397] {logging_mixin.py:115} INFO - [2022-12-23 23:00:37,397] {dag.py:2371} INFO - Sync 1 DAGs
[2022-12-23 23:00:37,414] {logging_mixin.py:115} INFO - [2022-12-23 23:00:37,413] {dag.py:2919} INFO - Setting next_dagrun for example_nested_branch_dag to 2022-12-22T00:00:00+00:00, run_after=2022-12-23T00:00:00+00:00
[2022-12-23 23:00:37,421] {processor.py:161} INFO - Processing /home/airflow/.local/lib/python3.7/site-packages/airflow/example_dags/example_nested_branch_dag.py took 0.064 seconds
[2022-12-23 23:01:07,595] {processor.py:153} INFO - Started process (PID=7871) to work on /home/airflow/.local/lib/python3.7/site-packages/airflow/example_dags/example_nested_branch_dag.py
[2022-12-23 23:01:07,596] {processor.py:641} INFO - Processing file /home/airflow/.local/lib/python3.7/site-packages/airflow/example_dags/example_nested_branch_dag.py for tasks to queue
[2022-12-23 23:01:07,597] {logging_mixin.py:115} INFO - [2022-12-23 23:01:07,597] {dagbag.py:507} INFO - Filling up the DagBag from /home/airflow/.local/lib/python3.7/site-packages/airflow/example_dags/example_nested_branch_dag.py
[2022-12-23 23:01:07,606] {processor.py:651} INFO - DAG(s) dict_keys(['example_nested_branch_dag']) retrieved from /home/airflow/.local/lib/python3.7/site-packages/airflow/example_dags/example_nested_branch_dag.py
[2022-12-23 23:01:07,630] {logging_mixin.py:115} INFO - [2022-12-23 23:01:07,630] {dag.py:2371} INFO - Sync 1 DAGs
[2022-12-23 23:01:07,647] {logging_mixin.py:115} INFO - [2022-12-23 23:01:07,647] {dag.py:2919} INFO - Setting next_dagrun for example_nested_branch_dag to 2022-12-22T00:00:00+00:00, run_after=2022-12-23T00:00:00+00:00
[2022-12-23 23:01:07,656] {processor.py:161} INFO - Processing /home/airflow/.local/lib/python3.7/site-packages/airflow/example_dags/example_nested_branch_dag.py took 0.064 seconds
[2022-12-23 23:03:19,616] {processor.py:153} INFO - Started process (PID=48) to work on /home/airflow/.local/lib/python3.7/site-packages/airflow/example_dags/example_nested_branch_dag.py
[2022-12-23 23:03:19,617] {processor.py:641} INFO - Processing file /home/airflow/.local/lib/python3.7/site-packages/airflow/example_dags/example_nested_branch_dag.py for tasks to queue
[2022-12-23 23:03:19,619] {logging_mixin.py:115} INFO - [2022-12-23 23:03:19,619] {dagbag.py:507} INFO - Filling up the DagBag from /home/airflow/.local/lib/python3.7/site-packages/airflow/example_dags/example_nested_branch_dag.py
[2022-12-23 23:03:19,640] {processor.py:651} INFO - DAG(s) dict_keys(['example_nested_branch_dag']) retrieved from /home/airflow/.local/lib/python3.7/site-packages/airflow/example_dags/example_nested_branch_dag.py
[2022-12-23 23:03:21,115] {logging_mixin.py:115} INFO - [2022-12-23 23:03:21,115] {manager.py:508} INFO - Created Permission View: can read on DAG:example_nested_branch_dag
[2022-12-23 23:03:21,150] {logging_mixin.py:115} INFO - [2022-12-23 23:03:21,149] {manager.py:508} INFO - Created Permission View: can edit on DAG:example_nested_branch_dag
[2022-12-23 23:03:21,155] {logging_mixin.py:115} INFO - [2022-12-23 23:03:21,154] {manager.py:508} INFO - Created Permission View: can delete on DAG:example_nested_branch_dag
[2022-12-23 23:03:21,159] {logging_mixin.py:115} INFO - [2022-12-23 23:03:21,159] {dag.py:2371} INFO - Sync 1 DAGs
[2022-12-23 23:03:21,170] {logging_mixin.py:115} INFO - [2022-12-23 23:03:21,170] {dag.py:2390} INFO - Creating ORM DAG for example_nested_branch_dag
[2022-12-23 23:03:21,191] {logging_mixin.py:115} INFO - [2022-12-23 23:03:21,191] {dag.py:2919} INFO - Setting next_dagrun for example_nested_branch_dag to 2022-12-22T00:00:00+00:00, run_after=2022-12-23T00:00:00+00:00
[2022-12-23 23:03:21,220] {processor.py:161} INFO - Processing /home/airflow/.local/lib/python3.7/site-packages/airflow/example_dags/example_nested_branch_dag.py took 1.611 seconds
[2022-12-23 23:03:51,292] {processor.py:153} INFO - Started process (PID=102) to work on /home/airflow/.local/lib/python3.7/site-packages/airflow/example_dags/example_nested_branch_dag.py
[2022-12-23 23:03:51,294] {processor.py:641} INFO - Processing file /home/airflow/.local/lib/python3.7/site-packages/airflow/example_dags/example_nested_branch_dag.py for tasks to queue
[2022-12-23 23:03:51,294] {logging_mixin.py:115} INFO - [2022-12-23 23:03:51,294] {dagbag.py:507} INFO - Filling up the DagBag from /home/airflow/.local/lib/python3.7/site-packages/airflow/example_dags/example_nested_branch_dag.py
[2022-12-23 23:03:51,303] {processor.py:651} INFO - DAG(s) dict_keys(['example_nested_branch_dag']) retrieved from /home/airflow/.local/lib/python3.7/site-packages/airflow/example_dags/example_nested_branch_dag.py
[2022-12-23 23:03:51,327] {logging_mixin.py:115} INFO - [2022-12-23 23:03:51,327] {dag.py:2371} INFO - Sync 1 DAGs
[2022-12-23 23:03:51,345] {logging_mixin.py:115} INFO - [2022-12-23 23:03:51,345] {dag.py:2919} INFO - Setting next_dagrun for example_nested_branch_dag to 2022-12-22T00:00:00+00:00, run_after=2022-12-23T00:00:00+00:00
[2022-12-23 23:03:51,448] {processor.py:161} INFO - Processing /home/airflow/.local/lib/python3.7/site-packages/airflow/example_dags/example_nested_branch_dag.py took 0.158 seconds
[2022-12-23 23:04:21,776] {processor.py:153} INFO - Started process (PID=165) to work on /home/airflow/.local/lib/python3.7/site-packages/airflow/example_dags/example_nested_branch_dag.py
[2022-12-23 23:04:21,778] {processor.py:641} INFO - Processing file /home/airflow/.local/lib/python3.7/site-packages/airflow/example_dags/example_nested_branch_dag.py for tasks to queue
[2022-12-23 23:04:21,779] {logging_mixin.py:115} INFO - [2022-12-23 23:04:21,779] {dagbag.py:507} INFO - Filling up the DagBag from /home/airflow/.local/lib/python3.7/site-packages/airflow/example_dags/example_nested_branch_dag.py
[2022-12-23 23:04:21,790] {processor.py:651} INFO - DAG(s) dict_keys(['example_nested_branch_dag']) retrieved from /home/airflow/.local/lib/python3.7/site-packages/airflow/example_dags/example_nested_branch_dag.py
[2022-12-23 23:04:21,815] {logging_mixin.py:115} INFO - [2022-12-23 23:04:21,815] {dag.py:2371} INFO - Sync 1 DAGs
[2022-12-23 23:04:21,833] {logging_mixin.py:115} INFO - [2022-12-23 23:04:21,833] {dag.py:2919} INFO - Setting next_dagrun for example_nested_branch_dag to 2022-12-22T00:00:00+00:00, run_after=2022-12-23T00:00:00+00:00
[2022-12-23 23:04:21,934] {processor.py:161} INFO - Processing /home/airflow/.local/lib/python3.7/site-packages/airflow/example_dags/example_nested_branch_dag.py took 0.161 seconds
[2022-12-23 23:04:52,024] {processor.py:153} INFO - Started process (PID=228) to work on /home/airflow/.local/lib/python3.7/site-packages/airflow/example_dags/example_nested_branch_dag.py
[2022-12-23 23:04:52,025] {processor.py:641} INFO - Processing file /home/airflow/.local/lib/python3.7/site-packages/airflow/example_dags/example_nested_branch_dag.py for tasks to queue
[2022-12-23 23:04:52,026] {logging_mixin.py:115} INFO - [2022-12-23 23:04:52,026] {dagbag.py:507} INFO - Filling up the DagBag from /home/airflow/.local/lib/python3.7/site-packages/airflow/example_dags/example_nested_branch_dag.py
[2022-12-23 23:04:52,034] {processor.py:651} INFO - DAG(s) dict_keys(['example_nested_branch_dag']) retrieved from /home/airflow/.local/lib/python3.7/site-packages/airflow/example_dags/example_nested_branch_dag.py
[2022-12-23 23:04:52,057] {logging_mixin.py:115} INFO - [2022-12-23 23:04:52,057] {dag.py:2371} INFO - Sync 1 DAGs
[2022-12-23 23:04:52,075] {logging_mixin.py:115} INFO - [2022-12-23 23:04:52,074] {dag.py:2919} INFO - Setting next_dagrun for example_nested_branch_dag to 2022-12-22T00:00:00+00:00, run_after=2022-12-23T00:00:00+00:00
[2022-12-23 23:04:52,186] {processor.py:161} INFO - Processing /home/airflow/.local/lib/python3.7/site-packages/airflow/example_dags/example_nested_branch_dag.py took 0.165 seconds
[2022-12-23 23:05:22,627] {processor.py:153} INFO - Started process (PID=288) to work on /home/airflow/.local/lib/python3.7/site-packages/airflow/example_dags/example_nested_branch_dag.py
[2022-12-23 23:05:22,628] {processor.py:641} INFO - Processing file /home/airflow/.local/lib/python3.7/site-packages/airflow/example_dags/example_nested_branch_dag.py for tasks to queue
[2022-12-23 23:05:22,629] {logging_mixin.py:115} INFO - [2022-12-23 23:05:22,629] {dagbag.py:507} INFO - Filling up the DagBag from /home/airflow/.local/lib/python3.7/site-packages/airflow/example_dags/example_nested_branch_dag.py
[2022-12-23 23:05:22,639] {processor.py:651} INFO - DAG(s) dict_keys(['example_nested_branch_dag']) retrieved from /home/airflow/.local/lib/python3.7/site-packages/airflow/example_dags/example_nested_branch_dag.py
[2022-12-23 23:05:22,662] {logging_mixin.py:115} INFO - [2022-12-23 23:05:22,662] {dag.py:2371} INFO - Sync 1 DAGs
[2022-12-23 23:05:22,680] {logging_mixin.py:115} INFO - [2022-12-23 23:05:22,680] {dag.py:2919} INFO - Setting next_dagrun for example_nested_branch_dag to 2022-12-22T00:00:00+00:00, run_after=2022-12-23T00:00:00+00:00
[2022-12-23 23:05:22,784] {processor.py:161} INFO - Processing /home/airflow/.local/lib/python3.7/site-packages/airflow/example_dags/example_nested_branch_dag.py took 0.160 seconds
[2022-12-23 23:05:52,979] {processor.py:153} INFO - Started process (PID=345) to work on /home/airflow/.local/lib/python3.7/site-packages/airflow/example_dags/example_nested_branch_dag.py
[2022-12-23 23:05:52,980] {processor.py:641} INFO - Processing file /home/airflow/.local/lib/python3.7/site-packages/airflow/example_dags/example_nested_branch_dag.py for tasks to queue
[2022-12-23 23:05:52,981] {logging_mixin.py:115} INFO - [2022-12-23 23:05:52,981] {dagbag.py:507} INFO - Filling up the DagBag from /home/airflow/.local/lib/python3.7/site-packages/airflow/example_dags/example_nested_branch_dag.py
[2022-12-23 23:05:52,992] {processor.py:651} INFO - DAG(s) dict_keys(['example_nested_branch_dag']) retrieved from /home/airflow/.local/lib/python3.7/site-packages/airflow/example_dags/example_nested_branch_dag.py
[2022-12-23 23:05:53,018] {logging_mixin.py:115} INFO - [2022-12-23 23:05:53,018] {dag.py:2371} INFO - Sync 1 DAGs
[2022-12-23 23:05:53,036] {logging_mixin.py:115} INFO - [2022-12-23 23:05:53,036] {dag.py:2919} INFO - Setting next_dagrun for example_nested_branch_dag to 2022-12-22T00:00:00+00:00, run_after=2022-12-23T00:00:00+00:00
[2022-12-23 23:05:53,142] {processor.py:161} INFO - Processing /home/airflow/.local/lib/python3.7/site-packages/airflow/example_dags/example_nested_branch_dag.py took 0.167 seconds
[2022-12-23 23:06:23,310] {processor.py:153} INFO - Started process (PID=408) to work on /home/airflow/.local/lib/python3.7/site-packages/airflow/example_dags/example_nested_branch_dag.py
[2022-12-23 23:06:23,312] {processor.py:641} INFO - Processing file /home/airflow/.local/lib/python3.7/site-packages/airflow/example_dags/example_nested_branch_dag.py for tasks to queue
[2022-12-23 23:06:23,314] {logging_mixin.py:115} INFO - [2022-12-23 23:06:23,314] {dagbag.py:507} INFO - Filling up the DagBag from /home/airflow/.local/lib/python3.7/site-packages/airflow/example_dags/example_nested_branch_dag.py
[2022-12-23 23:06:23,326] {processor.py:651} INFO - DAG(s) dict_keys(['example_nested_branch_dag']) retrieved from /home/airflow/.local/lib/python3.7/site-packages/airflow/example_dags/example_nested_branch_dag.py
[2022-12-23 23:06:23,352] {logging_mixin.py:115} INFO - [2022-12-23 23:06:23,352] {dag.py:2371} INFO - Sync 1 DAGs
[2022-12-23 23:06:23,370] {logging_mixin.py:115} INFO - [2022-12-23 23:06:23,370] {dag.py:2919} INFO - Setting next_dagrun for example_nested_branch_dag to 2022-12-22T00:00:00+00:00, run_after=2022-12-23T00:00:00+00:00
[2022-12-23 23:06:23,488] {processor.py:161} INFO - Processing /home/airflow/.local/lib/python3.7/site-packages/airflow/example_dags/example_nested_branch_dag.py took 0.181 seconds
[2022-12-23 23:06:53,924] {processor.py:153} INFO - Started process (PID=471) to work on /home/airflow/.local/lib/python3.7/site-packages/airflow/example_dags/example_nested_branch_dag.py
[2022-12-23 23:06:53,925] {processor.py:641} INFO - Processing file /home/airflow/.local/lib/python3.7/site-packages/airflow/example_dags/example_nested_branch_dag.py for tasks to queue
[2022-12-23 23:06:53,926] {logging_mixin.py:115} INFO - [2022-12-23 23:06:53,926] {dagbag.py:507} INFO - Filling up the DagBag from /home/airflow/.local/lib/python3.7/site-packages/airflow/example_dags/example_nested_branch_dag.py
[2022-12-23 23:06:53,934] {processor.py:651} INFO - DAG(s) dict_keys(['example_nested_branch_dag']) retrieved from /home/airflow/.local/lib/python3.7/site-packages/airflow/example_dags/example_nested_branch_dag.py
[2022-12-23 23:06:53,961] {logging_mixin.py:115} INFO - [2022-12-23 23:06:53,961] {dag.py:2371} INFO - Sync 1 DAGs
[2022-12-23 23:06:53,979] {logging_mixin.py:115} INFO - [2022-12-23 23:06:53,979] {dag.py:2919} INFO - Setting next_dagrun for example_nested_branch_dag to 2022-12-22T00:00:00+00:00, run_after=2022-12-23T00:00:00+00:00
[2022-12-23 23:06:54,089] {processor.py:161} INFO - Processing /home/airflow/.local/lib/python3.7/site-packages/airflow/example_dags/example_nested_branch_dag.py took 0.170 seconds
[2022-12-23 23:07:24,297] {processor.py:153} INFO - Started process (PID=534) to work on /home/airflow/.local/lib/python3.7/site-packages/airflow/example_dags/example_nested_branch_dag.py
[2022-12-23 23:07:24,299] {processor.py:641} INFO - Processing file /home/airflow/.local/lib/python3.7/site-packages/airflow/example_dags/example_nested_branch_dag.py for tasks to queue
[2022-12-23 23:07:24,300] {logging_mixin.py:115} INFO - [2022-12-23 23:07:24,300] {dagbag.py:507} INFO - Filling up the DagBag from /home/airflow/.local/lib/python3.7/site-packages/airflow/example_dags/example_nested_branch_dag.py
[2022-12-23 23:07:24,309] {processor.py:651} INFO - DAG(s) dict_keys(['example_nested_branch_dag']) retrieved from /home/airflow/.local/lib/python3.7/site-packages/airflow/example_dags/example_nested_branch_dag.py
[2022-12-23 23:07:24,336] {logging_mixin.py:115} INFO - [2022-12-23 23:07:24,336] {dag.py:2371} INFO - Sync 1 DAGs
[2022-12-23 23:07:24,356] {logging_mixin.py:115} INFO - [2022-12-23 23:07:24,356] {dag.py:2919} INFO - Setting next_dagrun for example_nested_branch_dag to 2022-12-22T00:00:00+00:00, run_after=2022-12-23T00:00:00+00:00
[2022-12-23 23:07:24,512] {processor.py:161} INFO - Processing /home/airflow/.local/lib/python3.7/site-packages/airflow/example_dags/example_nested_branch_dag.py took 0.218 seconds
[2022-12-23 23:07:54,740] {processor.py:153} INFO - Started process (PID=588) to work on /home/airflow/.local/lib/python3.7/site-packages/airflow/example_dags/example_nested_branch_dag.py
[2022-12-23 23:07:54,742] {processor.py:641} INFO - Processing file /home/airflow/.local/lib/python3.7/site-packages/airflow/example_dags/example_nested_branch_dag.py for tasks to queue
[2022-12-23 23:07:54,743] {logging_mixin.py:115} INFO - [2022-12-23 23:07:54,743] {dagbag.py:507} INFO - Filling up the DagBag from /home/airflow/.local/lib/python3.7/site-packages/airflow/example_dags/example_nested_branch_dag.py
[2022-12-23 23:07:54,750] {processor.py:651} INFO - DAG(s) dict_keys(['example_nested_branch_dag']) retrieved from /home/airflow/.local/lib/python3.7/site-packages/airflow/example_dags/example_nested_branch_dag.py
[2022-12-23 23:07:54,773] {logging_mixin.py:115} INFO - [2022-12-23 23:07:54,772] {dag.py:2371} INFO - Sync 1 DAGs
[2022-12-23 23:07:54,790] {logging_mixin.py:115} INFO - [2022-12-23 23:07:54,790] {dag.py:2919} INFO - Setting next_dagrun for example_nested_branch_dag to 2022-12-22T00:00:00+00:00, run_after=2022-12-23T00:00:00+00:00
[2022-12-23 23:07:54,901] {processor.py:161} INFO - Processing /home/airflow/.local/lib/python3.7/site-packages/airflow/example_dags/example_nested_branch_dag.py took 0.164 seconds
[2022-12-23 23:08:25,149] {processor.py:153} INFO - Started process (PID=652) to work on /home/airflow/.local/lib/python3.7/site-packages/airflow/example_dags/example_nested_branch_dag.py
[2022-12-23 23:08:25,151] {processor.py:641} INFO - Processing file /home/airflow/.local/lib/python3.7/site-packages/airflow/example_dags/example_nested_branch_dag.py for tasks to queue
[2022-12-23 23:08:25,153] {logging_mixin.py:115} INFO - [2022-12-23 23:08:25,152] {dagbag.py:507} INFO - Filling up the DagBag from /home/airflow/.local/lib/python3.7/site-packages/airflow/example_dags/example_nested_branch_dag.py
[2022-12-23 23:08:25,162] {processor.py:651} INFO - DAG(s) dict_keys(['example_nested_branch_dag']) retrieved from /home/airflow/.local/lib/python3.7/site-packages/airflow/example_dags/example_nested_branch_dag.py
[2022-12-23 23:08:25,184] {logging_mixin.py:115} INFO - [2022-12-23 23:08:25,184] {dag.py:2371} INFO - Sync 1 DAGs
[2022-12-23 23:08:25,296] {logging_mixin.py:115} INFO - [2022-12-23 23:08:25,296] {dag.py:2919} INFO - Setting next_dagrun for example_nested_branch_dag to 2022-12-22T00:00:00+00:00, run_after=2022-12-23T00:00:00+00:00
[2022-12-23 23:08:25,303] {processor.py:161} INFO - Processing /home/airflow/.local/lib/python3.7/site-packages/airflow/example_dags/example_nested_branch_dag.py took 0.158 seconds
