[2022-12-23T00:00:03.974+0000] {processor.py:153} INFO - Started process (PID=3080) to work on /home/airflow/.local/lib/python3.7/site-packages/airflow/example_dags/example_kubernetes_executor.py
[2022-12-23T00:00:03.975+0000] {processor.py:743} INFO - Processing file /home/airflow/.local/lib/python3.7/site-packages/airflow/example_dags/example_kubernetes_executor.py for tasks to queue
[2022-12-23T00:00:03.976+0000] {logging_mixin.py:137} INFO - [2022-12-23T00:00:03.976+0000] {dagbag.py:538} INFO - Filling up the DagBag from /home/airflow/.local/lib/python3.7/site-packages/airflow/example_dags/example_kubernetes_executor.py
[2022-12-23T00:00:03.998+0000] {processor.py:753} INFO - DAG(s) dict_keys(['example_kubernetes_executor']) retrieved from /home/airflow/.local/lib/python3.7/site-packages/airflow/example_dags/example_kubernetes_executor.py
[2022-12-23T00:00:04.034+0000] {logging_mixin.py:137} INFO - [2022-12-23T00:00:04.034+0000] {dag.py:2676} INFO - Sync 1 DAGs
[2022-12-23T00:00:04.052+0000] {logging_mixin.py:137} INFO - [2022-12-23T00:00:04.052+0000] {dag.py:3427} INFO - Setting next_dagrun for example_kubernetes_executor to None, run_after=None
[2022-12-23T00:00:04.066+0000] {processor.py:175} INFO - Processing /home/airflow/.local/lib/python3.7/site-packages/airflow/example_dags/example_kubernetes_executor.py took 0.096 seconds
[2022-12-23T00:00:35.074+0000] {processor.py:153} INFO - Started process (PID=3297) to work on /home/airflow/.local/lib/python3.7/site-packages/airflow/example_dags/example_kubernetes_executor.py
[2022-12-23T00:00:35.075+0000] {processor.py:743} INFO - Processing file /home/airflow/.local/lib/python3.7/site-packages/airflow/example_dags/example_kubernetes_executor.py for tasks to queue
[2022-12-23T00:00:35.076+0000] {logging_mixin.py:137} INFO - [2022-12-23T00:00:35.076+0000] {dagbag.py:538} INFO - Filling up the DagBag from /home/airflow/.local/lib/python3.7/site-packages/airflow/example_dags/example_kubernetes_executor.py
[2022-12-23T00:00:35.098+0000] {processor.py:753} INFO - DAG(s) dict_keys(['example_kubernetes_executor']) retrieved from /home/airflow/.local/lib/python3.7/site-packages/airflow/example_dags/example_kubernetes_executor.py
[2022-12-23T00:00:35.132+0000] {logging_mixin.py:137} INFO - [2022-12-23T00:00:35.132+0000] {dag.py:2676} INFO - Sync 1 DAGs
[2022-12-23T00:00:35.149+0000] {logging_mixin.py:137} INFO - [2022-12-23T00:00:35.149+0000] {dag.py:3427} INFO - Setting next_dagrun for example_kubernetes_executor to None, run_after=None
[2022-12-23T00:00:35.162+0000] {processor.py:175} INFO - Processing /home/airflow/.local/lib/python3.7/site-packages/airflow/example_dags/example_kubernetes_executor.py took 0.091 seconds
[2022-12-23T00:01:05.728+0000] {processor.py:153} INFO - Started process (PID=3523) to work on /home/airflow/.local/lib/python3.7/site-packages/airflow/example_dags/example_kubernetes_executor.py
[2022-12-23T00:01:05.730+0000] {processor.py:743} INFO - Processing file /home/airflow/.local/lib/python3.7/site-packages/airflow/example_dags/example_kubernetes_executor.py for tasks to queue
[2022-12-23T00:01:05.731+0000] {logging_mixin.py:137} INFO - [2022-12-23T00:01:05.730+0000] {dagbag.py:538} INFO - Filling up the DagBag from /home/airflow/.local/lib/python3.7/site-packages/airflow/example_dags/example_kubernetes_executor.py
[2022-12-23T00:01:05.754+0000] {processor.py:753} INFO - DAG(s) dict_keys(['example_kubernetes_executor']) retrieved from /home/airflow/.local/lib/python3.7/site-packages/airflow/example_dags/example_kubernetes_executor.py
[2022-12-23T00:01:05.789+0000] {logging_mixin.py:137} INFO - [2022-12-23T00:01:05.789+0000] {dag.py:2676} INFO - Sync 1 DAGs
[2022-12-23T00:01:05.809+0000] {logging_mixin.py:137} INFO - [2022-12-23T00:01:05.809+0000] {dag.py:3427} INFO - Setting next_dagrun for example_kubernetes_executor to None, run_after=None
[2022-12-23T00:01:05.822+0000] {processor.py:175} INFO - Processing /home/airflow/.local/lib/python3.7/site-packages/airflow/example_dags/example_kubernetes_executor.py took 0.097 seconds
[2022-12-23T00:03:12.465+0000] {processor.py:153} INFO - Started process (PID=190) to work on /home/airflow/.local/lib/python3.7/site-packages/airflow/example_dags/example_kubernetes_executor.py
[2022-12-23T00:03:12.467+0000] {processor.py:743} INFO - Processing file /home/airflow/.local/lib/python3.7/site-packages/airflow/example_dags/example_kubernetes_executor.py for tasks to queue
[2022-12-23T00:03:12.468+0000] {logging_mixin.py:137} INFO - [2022-12-23T00:03:12.468+0000] {dagbag.py:538} INFO - Filling up the DagBag from /home/airflow/.local/lib/python3.7/site-packages/airflow/example_dags/example_kubernetes_executor.py
[2022-12-23T00:03:12.498+0000] {processor.py:753} INFO - DAG(s) dict_keys(['example_kubernetes_executor']) retrieved from /home/airflow/.local/lib/python3.7/site-packages/airflow/example_dags/example_kubernetes_executor.py
[2022-12-23T00:03:12.527+0000] {logging_mixin.py:137} INFO - [2022-12-23T00:03:12.527+0000] {dag.py:2676} INFO - Sync 1 DAGs
[2022-12-23T00:03:12.550+0000] {logging_mixin.py:137} INFO - [2022-12-23T00:03:12.550+0000] {dag.py:3427} INFO - Setting next_dagrun for example_kubernetes_executor to None, run_after=None
[2022-12-23T00:03:12.572+0000] {processor.py:175} INFO - Processing /home/airflow/.local/lib/python3.7/site-packages/airflow/example_dags/example_kubernetes_executor.py took 0.109 seconds
[2022-12-23T00:03:43.241+0000] {processor.py:153} INFO - Started process (PID=416) to work on /home/airflow/.local/lib/python3.7/site-packages/airflow/example_dags/example_kubernetes_executor.py
[2022-12-23T00:03:43.243+0000] {processor.py:743} INFO - Processing file /home/airflow/.local/lib/python3.7/site-packages/airflow/example_dags/example_kubernetes_executor.py for tasks to queue
[2022-12-23T00:03:43.244+0000] {logging_mixin.py:137} INFO - [2022-12-23T00:03:43.244+0000] {dagbag.py:538} INFO - Filling up the DagBag from /home/airflow/.local/lib/python3.7/site-packages/airflow/example_dags/example_kubernetes_executor.py
[2022-12-23T00:03:43.268+0000] {processor.py:753} INFO - DAG(s) dict_keys(['example_kubernetes_executor']) retrieved from /home/airflow/.local/lib/python3.7/site-packages/airflow/example_dags/example_kubernetes_executor.py
[2022-12-23T00:03:43.309+0000] {logging_mixin.py:137} INFO - [2022-12-23T00:03:43.309+0000] {dag.py:2676} INFO - Sync 1 DAGs
[2022-12-23T00:03:43.332+0000] {logging_mixin.py:137} INFO - [2022-12-23T00:03:43.332+0000] {dag.py:3427} INFO - Setting next_dagrun for example_kubernetes_executor to None, run_after=None
[2022-12-23T00:03:43.347+0000] {processor.py:175} INFO - Processing /home/airflow/.local/lib/python3.7/site-packages/airflow/example_dags/example_kubernetes_executor.py took 0.109 seconds
[2022-12-23T00:04:14.316+0000] {processor.py:153} INFO - Started process (PID=630) to work on /home/airflow/.local/lib/python3.7/site-packages/airflow/example_dags/example_kubernetes_executor.py
[2022-12-23T00:04:14.317+0000] {processor.py:743} INFO - Processing file /home/airflow/.local/lib/python3.7/site-packages/airflow/example_dags/example_kubernetes_executor.py for tasks to queue
[2022-12-23T00:04:14.319+0000] {logging_mixin.py:137} INFO - [2022-12-23T00:04:14.318+0000] {dagbag.py:538} INFO - Filling up the DagBag from /home/airflow/.local/lib/python3.7/site-packages/airflow/example_dags/example_kubernetes_executor.py
[2022-12-23T00:04:14.346+0000] {processor.py:753} INFO - DAG(s) dict_keys(['example_kubernetes_executor']) retrieved from /home/airflow/.local/lib/python3.7/site-packages/airflow/example_dags/example_kubernetes_executor.py
[2022-12-23T00:04:14.382+0000] {logging_mixin.py:137} INFO - [2022-12-23T00:04:14.382+0000] {dag.py:2676} INFO - Sync 1 DAGs
[2022-12-23T00:04:14.399+0000] {logging_mixin.py:137} INFO - [2022-12-23T00:04:14.399+0000] {dag.py:3427} INFO - Setting next_dagrun for example_kubernetes_executor to None, run_after=None
[2022-12-23T00:04:14.412+0000] {processor.py:175} INFO - Processing /home/airflow/.local/lib/python3.7/site-packages/airflow/example_dags/example_kubernetes_executor.py took 0.100 seconds
[2022-12-23T00:04:44.766+0000] {processor.py:153} INFO - Started process (PID=856) to work on /home/airflow/.local/lib/python3.7/site-packages/airflow/example_dags/example_kubernetes_executor.py
[2022-12-23T00:04:44.768+0000] {processor.py:743} INFO - Processing file /home/airflow/.local/lib/python3.7/site-packages/airflow/example_dags/example_kubernetes_executor.py for tasks to queue
[2022-12-23T00:04:44.769+0000] {logging_mixin.py:137} INFO - [2022-12-23T00:04:44.769+0000] {dagbag.py:538} INFO - Filling up the DagBag from /home/airflow/.local/lib/python3.7/site-packages/airflow/example_dags/example_kubernetes_executor.py
[2022-12-23T00:04:44.793+0000] {processor.py:753} INFO - DAG(s) dict_keys(['example_kubernetes_executor']) retrieved from /home/airflow/.local/lib/python3.7/site-packages/airflow/example_dags/example_kubernetes_executor.py
[2022-12-23T00:04:44.826+0000] {logging_mixin.py:137} INFO - [2022-12-23T00:04:44.826+0000] {dag.py:2676} INFO - Sync 1 DAGs
[2022-12-23T00:04:44.844+0000] {logging_mixin.py:137} INFO - [2022-12-23T00:04:44.844+0000] {dag.py:3427} INFO - Setting next_dagrun for example_kubernetes_executor to None, run_after=None
[2022-12-23T00:04:44.856+0000] {processor.py:175} INFO - Processing /home/airflow/.local/lib/python3.7/site-packages/airflow/example_dags/example_kubernetes_executor.py took 0.093 seconds
[2022-12-23T00:05:15.564+0000] {processor.py:153} INFO - Started process (PID=1083) to work on /home/airflow/.local/lib/python3.7/site-packages/airflow/example_dags/example_kubernetes_executor.py
[2022-12-23T00:05:15.565+0000] {processor.py:743} INFO - Processing file /home/airflow/.local/lib/python3.7/site-packages/airflow/example_dags/example_kubernetes_executor.py for tasks to queue
[2022-12-23T00:05:15.567+0000] {logging_mixin.py:137} INFO - [2022-12-23T00:05:15.567+0000] {dagbag.py:538} INFO - Filling up the DagBag from /home/airflow/.local/lib/python3.7/site-packages/airflow/example_dags/example_kubernetes_executor.py
[2022-12-23T00:05:15.595+0000] {processor.py:753} INFO - DAG(s) dict_keys(['example_kubernetes_executor']) retrieved from /home/airflow/.local/lib/python3.7/site-packages/airflow/example_dags/example_kubernetes_executor.py
[2022-12-23T00:05:15.636+0000] {logging_mixin.py:137} INFO - [2022-12-23T00:05:15.636+0000] {dag.py:2676} INFO - Sync 1 DAGs
[2022-12-23T00:05:15.660+0000] {logging_mixin.py:137} INFO - [2022-12-23T00:05:15.660+0000] {dag.py:3427} INFO - Setting next_dagrun for example_kubernetes_executor to None, run_after=None
[2022-12-23T00:05:15.677+0000] {processor.py:175} INFO - Processing /home/airflow/.local/lib/python3.7/site-packages/airflow/example_dags/example_kubernetes_executor.py took 0.116 seconds
[2022-12-23 22:41:51,942] {processor.py:153} INFO - Started process (PID=209) to work on /home/airflow/.local/lib/python3.7/site-packages/airflow/example_dags/example_kubernetes_executor.py
[2022-12-23 22:41:51,945] {processor.py:641} INFO - Processing file /home/airflow/.local/lib/python3.7/site-packages/airflow/example_dags/example_kubernetes_executor.py for tasks to queue
[2022-12-23 22:41:51,948] {logging_mixin.py:115} INFO - [2022-12-23 22:41:51,948] {dagbag.py:507} INFO - Filling up the DagBag from /home/airflow/.local/lib/python3.7/site-packages/airflow/example_dags/example_kubernetes_executor.py
[2022-12-23 22:41:52,033] {processor.py:651} INFO - DAG(s) dict_keys(['example_kubernetes_executor']) retrieved from /home/airflow/.local/lib/python3.7/site-packages/airflow/example_dags/example_kubernetes_executor.py
[2022-12-23 22:41:52,258] {logging_mixin.py:115} INFO - [2022-12-23 22:41:52,258] {manager.py:508} INFO - Created Permission View: can delete on DAG:example_kubernetes_executor
[2022-12-23 22:41:52,272] {logging_mixin.py:115} INFO - [2022-12-23 22:41:52,272] {manager.py:508} INFO - Created Permission View: can edit on DAG:example_kubernetes_executor
[2022-12-23 22:41:52,289] {logging_mixin.py:115} INFO - [2022-12-23 22:41:52,289] {manager.py:508} INFO - Created Permission View: can read on DAG:example_kubernetes_executor
[2022-12-23 22:41:52,291] {logging_mixin.py:115} INFO - [2022-12-23 22:41:52,291] {dag.py:2371} INFO - Sync 1 DAGs
[2022-12-23 22:41:52,317] {logging_mixin.py:115} INFO - [2022-12-23 22:41:52,316] {dag.py:2390} INFO - Creating ORM DAG for example_kubernetes_executor
[2022-12-23 22:41:52,352] {logging_mixin.py:115} INFO - [2022-12-23 22:41:52,352] {dag.py:2919} INFO - Setting next_dagrun for example_kubernetes_executor to None, run_after=None
[2022-12-23 22:41:52,381] {processor.py:161} INFO - Processing /home/airflow/.local/lib/python3.7/site-packages/airflow/example_dags/example_kubernetes_executor.py took 0.450 seconds
[2022-12-23 22:42:22,433] {processor.py:153} INFO - Started process (PID=398) to work on /home/airflow/.local/lib/python3.7/site-packages/airflow/example_dags/example_kubernetes_executor.py
[2022-12-23 22:42:22,434] {processor.py:641} INFO - Processing file /home/airflow/.local/lib/python3.7/site-packages/airflow/example_dags/example_kubernetes_executor.py for tasks to queue
[2022-12-23 22:42:22,435] {logging_mixin.py:115} INFO - [2022-12-23 22:42:22,435] {dagbag.py:507} INFO - Filling up the DagBag from /home/airflow/.local/lib/python3.7/site-packages/airflow/example_dags/example_kubernetes_executor.py
[2022-12-23 22:42:22,467] {processor.py:651} INFO - DAG(s) dict_keys(['example_kubernetes_executor']) retrieved from /home/airflow/.local/lib/python3.7/site-packages/airflow/example_dags/example_kubernetes_executor.py
[2022-12-23 22:42:22,496] {logging_mixin.py:115} INFO - [2022-12-23 22:42:22,496] {dag.py:2371} INFO - Sync 1 DAGs
[2022-12-23 22:42:22,516] {logging_mixin.py:115} INFO - [2022-12-23 22:42:22,516] {dag.py:2919} INFO - Setting next_dagrun for example_kubernetes_executor to None, run_after=None
[2022-12-23 22:42:22,532] {processor.py:161} INFO - Processing /home/airflow/.local/lib/python3.7/site-packages/airflow/example_dags/example_kubernetes_executor.py took 0.102 seconds
[2022-12-23 22:42:53,361] {processor.py:153} INFO - Started process (PID=606) to work on /home/airflow/.local/lib/python3.7/site-packages/airflow/example_dags/example_kubernetes_executor.py
[2022-12-23 22:42:53,362] {processor.py:641} INFO - Processing file /home/airflow/.local/lib/python3.7/site-packages/airflow/example_dags/example_kubernetes_executor.py for tasks to queue
[2022-12-23 22:42:53,363] {logging_mixin.py:115} INFO - [2022-12-23 22:42:53,363] {dagbag.py:507} INFO - Filling up the DagBag from /home/airflow/.local/lib/python3.7/site-packages/airflow/example_dags/example_kubernetes_executor.py
[2022-12-23 22:42:53,383] {processor.py:651} INFO - DAG(s) dict_keys(['example_kubernetes_executor']) retrieved from /home/airflow/.local/lib/python3.7/site-packages/airflow/example_dags/example_kubernetes_executor.py
[2022-12-23 22:42:53,406] {logging_mixin.py:115} INFO - [2022-12-23 22:42:53,406] {dag.py:2371} INFO - Sync 1 DAGs
[2022-12-23 22:42:53,422] {logging_mixin.py:115} INFO - [2022-12-23 22:42:53,422] {dag.py:2919} INFO - Setting next_dagrun for example_kubernetes_executor to None, run_after=None
[2022-12-23 22:42:53,431] {processor.py:161} INFO - Processing /home/airflow/.local/lib/python3.7/site-packages/airflow/example_dags/example_kubernetes_executor.py took 0.072 seconds
[2022-12-23 22:43:23,482] {processor.py:153} INFO - Started process (PID=805) to work on /home/airflow/.local/lib/python3.7/site-packages/airflow/example_dags/example_kubernetes_executor.py
[2022-12-23 22:43:23,483] {processor.py:641} INFO - Processing file /home/airflow/.local/lib/python3.7/site-packages/airflow/example_dags/example_kubernetes_executor.py for tasks to queue
[2022-12-23 22:43:23,484] {logging_mixin.py:115} INFO - [2022-12-23 22:43:23,484] {dagbag.py:507} INFO - Filling up the DagBag from /home/airflow/.local/lib/python3.7/site-packages/airflow/example_dags/example_kubernetes_executor.py
[2022-12-23 22:43:23,507] {processor.py:651} INFO - DAG(s) dict_keys(['example_kubernetes_executor']) retrieved from /home/airflow/.local/lib/python3.7/site-packages/airflow/example_dags/example_kubernetes_executor.py
[2022-12-23 22:43:23,531] {logging_mixin.py:115} INFO - [2022-12-23 22:43:23,531] {dag.py:2371} INFO - Sync 1 DAGs
[2022-12-23 22:43:23,550] {logging_mixin.py:115} INFO - [2022-12-23 22:43:23,550] {dag.py:2919} INFO - Setting next_dagrun for example_kubernetes_executor to None, run_after=None
[2022-12-23 22:43:23,559] {processor.py:161} INFO - Processing /home/airflow/.local/lib/python3.7/site-packages/airflow/example_dags/example_kubernetes_executor.py took 0.080 seconds
[2022-12-23 22:43:54,747] {processor.py:153} INFO - Started process (PID=1012) to work on /home/airflow/.local/lib/python3.7/site-packages/airflow/example_dags/example_kubernetes_executor.py
[2022-12-23 22:43:54,748] {processor.py:641} INFO - Processing file /home/airflow/.local/lib/python3.7/site-packages/airflow/example_dags/example_kubernetes_executor.py for tasks to queue
[2022-12-23 22:43:54,749] {logging_mixin.py:115} INFO - [2022-12-23 22:43:54,749] {dagbag.py:507} INFO - Filling up the DagBag from /home/airflow/.local/lib/python3.7/site-packages/airflow/example_dags/example_kubernetes_executor.py
[2022-12-23 22:43:54,771] {processor.py:651} INFO - DAG(s) dict_keys(['example_kubernetes_executor']) retrieved from /home/airflow/.local/lib/python3.7/site-packages/airflow/example_dags/example_kubernetes_executor.py
[2022-12-23 22:43:54,795] {logging_mixin.py:115} INFO - [2022-12-23 22:43:54,795] {dag.py:2371} INFO - Sync 1 DAGs
[2022-12-23 22:43:54,813] {logging_mixin.py:115} INFO - [2022-12-23 22:43:54,813] {dag.py:2919} INFO - Setting next_dagrun for example_kubernetes_executor to None, run_after=None
[2022-12-23 22:43:54,822] {processor.py:161} INFO - Processing /home/airflow/.local/lib/python3.7/site-packages/airflow/example_dags/example_kubernetes_executor.py took 0.078 seconds
[2022-12-23 22:44:25,794] {processor.py:153} INFO - Started process (PID=1206) to work on /home/airflow/.local/lib/python3.7/site-packages/airflow/example_dags/example_kubernetes_executor.py
[2022-12-23 22:44:25,795] {processor.py:641} INFO - Processing file /home/airflow/.local/lib/python3.7/site-packages/airflow/example_dags/example_kubernetes_executor.py for tasks to queue
[2022-12-23 22:44:25,796] {logging_mixin.py:115} INFO - [2022-12-23 22:44:25,796] {dagbag.py:507} INFO - Filling up the DagBag from /home/airflow/.local/lib/python3.7/site-packages/airflow/example_dags/example_kubernetes_executor.py
[2022-12-23 22:44:25,819] {processor.py:651} INFO - DAG(s) dict_keys(['example_kubernetes_executor']) retrieved from /home/airflow/.local/lib/python3.7/site-packages/airflow/example_dags/example_kubernetes_executor.py
[2022-12-23 22:44:25,852] {logging_mixin.py:115} INFO - [2022-12-23 22:44:25,851] {dag.py:2371} INFO - Sync 1 DAGs
[2022-12-23 22:44:25,875] {logging_mixin.py:115} INFO - [2022-12-23 22:44:25,875] {dag.py:2919} INFO - Setting next_dagrun for example_kubernetes_executor to None, run_after=None
[2022-12-23 22:44:25,891] {processor.py:161} INFO - Processing /home/airflow/.local/lib/python3.7/site-packages/airflow/example_dags/example_kubernetes_executor.py took 0.100 seconds
[2022-12-23 22:44:56,860] {processor.py:153} INFO - Started process (PID=1407) to work on /home/airflow/.local/lib/python3.7/site-packages/airflow/example_dags/example_kubernetes_executor.py
[2022-12-23 22:44:56,861] {processor.py:641} INFO - Processing file /home/airflow/.local/lib/python3.7/site-packages/airflow/example_dags/example_kubernetes_executor.py for tasks to queue
[2022-12-23 22:44:56,862] {logging_mixin.py:115} INFO - [2022-12-23 22:44:56,862] {dagbag.py:507} INFO - Filling up the DagBag from /home/airflow/.local/lib/python3.7/site-packages/airflow/example_dags/example_kubernetes_executor.py
[2022-12-23 22:44:56,891] {processor.py:651} INFO - DAG(s) dict_keys(['example_kubernetes_executor']) retrieved from /home/airflow/.local/lib/python3.7/site-packages/airflow/example_dags/example_kubernetes_executor.py
[2022-12-23 22:44:56,916] {logging_mixin.py:115} INFO - [2022-12-23 22:44:56,916] {dag.py:2371} INFO - Sync 1 DAGs
[2022-12-23 22:44:56,932] {logging_mixin.py:115} INFO - [2022-12-23 22:44:56,932] {dag.py:2919} INFO - Setting next_dagrun for example_kubernetes_executor to None, run_after=None
[2022-12-23 22:44:56,941] {processor.py:161} INFO - Processing /home/airflow/.local/lib/python3.7/site-packages/airflow/example_dags/example_kubernetes_executor.py took 0.085 seconds
[2022-12-23 22:45:27,756] {processor.py:153} INFO - Started process (PID=1611) to work on /home/airflow/.local/lib/python3.7/site-packages/airflow/example_dags/example_kubernetes_executor.py
[2022-12-23 22:45:27,757] {processor.py:641} INFO - Processing file /home/airflow/.local/lib/python3.7/site-packages/airflow/example_dags/example_kubernetes_executor.py for tasks to queue
[2022-12-23 22:45:27,758] {logging_mixin.py:115} INFO - [2022-12-23 22:45:27,758] {dagbag.py:507} INFO - Filling up the DagBag from /home/airflow/.local/lib/python3.7/site-packages/airflow/example_dags/example_kubernetes_executor.py
[2022-12-23 22:45:27,781] {processor.py:651} INFO - DAG(s) dict_keys(['example_kubernetes_executor']) retrieved from /home/airflow/.local/lib/python3.7/site-packages/airflow/example_dags/example_kubernetes_executor.py
[2022-12-23 22:45:27,804] {logging_mixin.py:115} INFO - [2022-12-23 22:45:27,804] {dag.py:2371} INFO - Sync 1 DAGs
[2022-12-23 22:45:27,819] {logging_mixin.py:115} INFO - [2022-12-23 22:45:27,819] {dag.py:2919} INFO - Setting next_dagrun for example_kubernetes_executor to None, run_after=None
[2022-12-23 22:45:27,827] {processor.py:161} INFO - Processing /home/airflow/.local/lib/python3.7/site-packages/airflow/example_dags/example_kubernetes_executor.py took 0.075 seconds
[2022-12-23 22:45:58,762] {processor.py:153} INFO - Started process (PID=1812) to work on /home/airflow/.local/lib/python3.7/site-packages/airflow/example_dags/example_kubernetes_executor.py
[2022-12-23 22:45:58,763] {processor.py:641} INFO - Processing file /home/airflow/.local/lib/python3.7/site-packages/airflow/example_dags/example_kubernetes_executor.py for tasks to queue
[2022-12-23 22:45:58,765] {logging_mixin.py:115} INFO - [2022-12-23 22:45:58,765] {dagbag.py:507} INFO - Filling up the DagBag from /home/airflow/.local/lib/python3.7/site-packages/airflow/example_dags/example_kubernetes_executor.py
[2022-12-23 22:45:58,789] {processor.py:651} INFO - DAG(s) dict_keys(['example_kubernetes_executor']) retrieved from /home/airflow/.local/lib/python3.7/site-packages/airflow/example_dags/example_kubernetes_executor.py
[2022-12-23 22:45:58,813] {logging_mixin.py:115} INFO - [2022-12-23 22:45:58,813] {dag.py:2371} INFO - Sync 1 DAGs
[2022-12-23 22:45:58,831] {logging_mixin.py:115} INFO - [2022-12-23 22:45:58,831] {dag.py:2919} INFO - Setting next_dagrun for example_kubernetes_executor to None, run_after=None
[2022-12-23 22:45:58,841] {processor.py:161} INFO - Processing /home/airflow/.local/lib/python3.7/site-packages/airflow/example_dags/example_kubernetes_executor.py took 0.082 seconds
[2022-12-23 22:46:28,968] {processor.py:153} INFO - Started process (PID=2014) to work on /home/airflow/.local/lib/python3.7/site-packages/airflow/example_dags/example_kubernetes_executor.py
[2022-12-23 22:46:28,971] {processor.py:641} INFO - Processing file /home/airflow/.local/lib/python3.7/site-packages/airflow/example_dags/example_kubernetes_executor.py for tasks to queue
[2022-12-23 22:46:28,972] {logging_mixin.py:115} INFO - [2022-12-23 22:46:28,972] {dagbag.py:507} INFO - Filling up the DagBag from /home/airflow/.local/lib/python3.7/site-packages/airflow/example_dags/example_kubernetes_executor.py
[2022-12-23 22:46:28,999] {processor.py:651} INFO - DAG(s) dict_keys(['example_kubernetes_executor']) retrieved from /home/airflow/.local/lib/python3.7/site-packages/airflow/example_dags/example_kubernetes_executor.py
[2022-12-23 22:46:29,022] {logging_mixin.py:115} INFO - [2022-12-23 22:46:29,022] {dag.py:2371} INFO - Sync 1 DAGs
[2022-12-23 22:46:29,039] {logging_mixin.py:115} INFO - [2022-12-23 22:46:29,039] {dag.py:2919} INFO - Setting next_dagrun for example_kubernetes_executor to None, run_after=None
[2022-12-23 22:46:29,048] {processor.py:161} INFO - Processing /home/airflow/.local/lib/python3.7/site-packages/airflow/example_dags/example_kubernetes_executor.py took 0.086 seconds
[2022-12-23 22:46:59,195] {processor.py:153} INFO - Started process (PID=2208) to work on /home/airflow/.local/lib/python3.7/site-packages/airflow/example_dags/example_kubernetes_executor.py
[2022-12-23 22:46:59,198] {processor.py:641} INFO - Processing file /home/airflow/.local/lib/python3.7/site-packages/airflow/example_dags/example_kubernetes_executor.py for tasks to queue
[2022-12-23 22:46:59,199] {logging_mixin.py:115} INFO - [2022-12-23 22:46:59,199] {dagbag.py:507} INFO - Filling up the DagBag from /home/airflow/.local/lib/python3.7/site-packages/airflow/example_dags/example_kubernetes_executor.py
[2022-12-23 22:46:59,227] {processor.py:651} INFO - DAG(s) dict_keys(['example_kubernetes_executor']) retrieved from /home/airflow/.local/lib/python3.7/site-packages/airflow/example_dags/example_kubernetes_executor.py
[2022-12-23 22:46:59,256] {logging_mixin.py:115} INFO - [2022-12-23 22:46:59,256] {dag.py:2371} INFO - Sync 1 DAGs
[2022-12-23 22:46:59,278] {logging_mixin.py:115} INFO - [2022-12-23 22:46:59,278] {dag.py:2919} INFO - Setting next_dagrun for example_kubernetes_executor to None, run_after=None
[2022-12-23 22:46:59,286] {processor.py:161} INFO - Processing /home/airflow/.local/lib/python3.7/site-packages/airflow/example_dags/example_kubernetes_executor.py took 0.097 seconds
[2022-12-23 22:47:29,364] {processor.py:153} INFO - Started process (PID=2412) to work on /home/airflow/.local/lib/python3.7/site-packages/airflow/example_dags/example_kubernetes_executor.py
[2022-12-23 22:47:29,366] {processor.py:641} INFO - Processing file /home/airflow/.local/lib/python3.7/site-packages/airflow/example_dags/example_kubernetes_executor.py for tasks to queue
[2022-12-23 22:47:29,367] {logging_mixin.py:115} INFO - [2022-12-23 22:47:29,367] {dagbag.py:507} INFO - Filling up the DagBag from /home/airflow/.local/lib/python3.7/site-packages/airflow/example_dags/example_kubernetes_executor.py
[2022-12-23 22:47:29,392] {processor.py:651} INFO - DAG(s) dict_keys(['example_kubernetes_executor']) retrieved from /home/airflow/.local/lib/python3.7/site-packages/airflow/example_dags/example_kubernetes_executor.py
[2022-12-23 22:47:29,415] {logging_mixin.py:115} INFO - [2022-12-23 22:47:29,415] {dag.py:2371} INFO - Sync 1 DAGs
[2022-12-23 22:47:29,430] {logging_mixin.py:115} INFO - [2022-12-23 22:47:29,430] {dag.py:2919} INFO - Setting next_dagrun for example_kubernetes_executor to None, run_after=None
[2022-12-23 22:47:29,438] {processor.py:161} INFO - Processing /home/airflow/.local/lib/python3.7/site-packages/airflow/example_dags/example_kubernetes_executor.py took 0.079 seconds
[2022-12-23 22:47:59,587] {processor.py:153} INFO - Started process (PID=2618) to work on /home/airflow/.local/lib/python3.7/site-packages/airflow/example_dags/example_kubernetes_executor.py
[2022-12-23 22:47:59,588] {processor.py:641} INFO - Processing file /home/airflow/.local/lib/python3.7/site-packages/airflow/example_dags/example_kubernetes_executor.py for tasks to queue
[2022-12-23 22:47:59,589] {logging_mixin.py:115} INFO - [2022-12-23 22:47:59,589] {dagbag.py:507} INFO - Filling up the DagBag from /home/airflow/.local/lib/python3.7/site-packages/airflow/example_dags/example_kubernetes_executor.py
[2022-12-23 22:47:59,609] {processor.py:651} INFO - DAG(s) dict_keys(['example_kubernetes_executor']) retrieved from /home/airflow/.local/lib/python3.7/site-packages/airflow/example_dags/example_kubernetes_executor.py
[2022-12-23 22:47:59,640] {logging_mixin.py:115} INFO - [2022-12-23 22:47:59,640] {dag.py:2371} INFO - Sync 1 DAGs
[2022-12-23 22:47:59,659] {logging_mixin.py:115} INFO - [2022-12-23 22:47:59,659] {dag.py:2919} INFO - Setting next_dagrun for example_kubernetes_executor to None, run_after=None
[2022-12-23 22:47:59,672] {processor.py:161} INFO - Processing /home/airflow/.local/lib/python3.7/site-packages/airflow/example_dags/example_kubernetes_executor.py took 0.088 seconds
[2022-12-23 22:48:29,835] {processor.py:153} INFO - Started process (PID=2821) to work on /home/airflow/.local/lib/python3.7/site-packages/airflow/example_dags/example_kubernetes_executor.py
[2022-12-23 22:48:29,837] {processor.py:641} INFO - Processing file /home/airflow/.local/lib/python3.7/site-packages/airflow/example_dags/example_kubernetes_executor.py for tasks to queue
[2022-12-23 22:48:29,838] {logging_mixin.py:115} INFO - [2022-12-23 22:48:29,838] {dagbag.py:507} INFO - Filling up the DagBag from /home/airflow/.local/lib/python3.7/site-packages/airflow/example_dags/example_kubernetes_executor.py
[2022-12-23 22:48:29,856] {processor.py:651} INFO - DAG(s) dict_keys(['example_kubernetes_executor']) retrieved from /home/airflow/.local/lib/python3.7/site-packages/airflow/example_dags/example_kubernetes_executor.py
[2022-12-23 22:48:29,879] {logging_mixin.py:115} INFO - [2022-12-23 22:48:29,879] {dag.py:2371} INFO - Sync 1 DAGs
[2022-12-23 22:48:29,895] {logging_mixin.py:115} INFO - [2022-12-23 22:48:29,895] {dag.py:2919} INFO - Setting next_dagrun for example_kubernetes_executor to None, run_after=None
[2022-12-23 22:48:29,904] {processor.py:161} INFO - Processing /home/airflow/.local/lib/python3.7/site-packages/airflow/example_dags/example_kubernetes_executor.py took 0.072 seconds
[2022-12-23 22:49:00,361] {processor.py:153} INFO - Started process (PID=3015) to work on /home/airflow/.local/lib/python3.7/site-packages/airflow/example_dags/example_kubernetes_executor.py
[2022-12-23 22:49:00,363] {processor.py:641} INFO - Processing file /home/airflow/.local/lib/python3.7/site-packages/airflow/example_dags/example_kubernetes_executor.py for tasks to queue
[2022-12-23 22:49:00,364] {logging_mixin.py:115} INFO - [2022-12-23 22:49:00,364] {dagbag.py:507} INFO - Filling up the DagBag from /home/airflow/.local/lib/python3.7/site-packages/airflow/example_dags/example_kubernetes_executor.py
[2022-12-23 22:49:00,387] {processor.py:651} INFO - DAG(s) dict_keys(['example_kubernetes_executor']) retrieved from /home/airflow/.local/lib/python3.7/site-packages/airflow/example_dags/example_kubernetes_executor.py
[2022-12-23 22:49:00,410] {logging_mixin.py:115} INFO - [2022-12-23 22:49:00,410] {dag.py:2371} INFO - Sync 1 DAGs
[2022-12-23 22:49:00,425] {logging_mixin.py:115} INFO - [2022-12-23 22:49:00,425] {dag.py:2919} INFO - Setting next_dagrun for example_kubernetes_executor to None, run_after=None
[2022-12-23 22:49:00,433] {processor.py:161} INFO - Processing /home/airflow/.local/lib/python3.7/site-packages/airflow/example_dags/example_kubernetes_executor.py took 0.076 seconds
[2022-12-23 22:49:31,367] {processor.py:153} INFO - Started process (PID=3217) to work on /home/airflow/.local/lib/python3.7/site-packages/airflow/example_dags/example_kubernetes_executor.py
[2022-12-23 22:49:31,369] {processor.py:641} INFO - Processing file /home/airflow/.local/lib/python3.7/site-packages/airflow/example_dags/example_kubernetes_executor.py for tasks to queue
[2022-12-23 22:49:31,370] {logging_mixin.py:115} INFO - [2022-12-23 22:49:31,370] {dagbag.py:507} INFO - Filling up the DagBag from /home/airflow/.local/lib/python3.7/site-packages/airflow/example_dags/example_kubernetes_executor.py
[2022-12-23 22:49:31,392] {processor.py:651} INFO - DAG(s) dict_keys(['example_kubernetes_executor']) retrieved from /home/airflow/.local/lib/python3.7/site-packages/airflow/example_dags/example_kubernetes_executor.py
[2022-12-23 22:49:31,420] {logging_mixin.py:115} INFO - [2022-12-23 22:49:31,420] {dag.py:2371} INFO - Sync 1 DAGs
[2022-12-23 22:49:31,436] {logging_mixin.py:115} INFO - [2022-12-23 22:49:31,436] {dag.py:2919} INFO - Setting next_dagrun for example_kubernetes_executor to None, run_after=None
[2022-12-23 22:49:31,446] {processor.py:161} INFO - Processing /home/airflow/.local/lib/python3.7/site-packages/airflow/example_dags/example_kubernetes_executor.py took 0.083 seconds
[2022-12-23 22:50:01,615] {processor.py:153} INFO - Started process (PID=3423) to work on /home/airflow/.local/lib/python3.7/site-packages/airflow/example_dags/example_kubernetes_executor.py
[2022-12-23 22:50:01,616] {processor.py:641} INFO - Processing file /home/airflow/.local/lib/python3.7/site-packages/airflow/example_dags/example_kubernetes_executor.py for tasks to queue
[2022-12-23 22:50:01,618] {logging_mixin.py:115} INFO - [2022-12-23 22:50:01,617] {dagbag.py:507} INFO - Filling up the DagBag from /home/airflow/.local/lib/python3.7/site-packages/airflow/example_dags/example_kubernetes_executor.py
[2022-12-23 22:50:01,636] {processor.py:651} INFO - DAG(s) dict_keys(['example_kubernetes_executor']) retrieved from /home/airflow/.local/lib/python3.7/site-packages/airflow/example_dags/example_kubernetes_executor.py
[2022-12-23 22:50:01,659] {logging_mixin.py:115} INFO - [2022-12-23 22:50:01,658] {dag.py:2371} INFO - Sync 1 DAGs
[2022-12-23 22:50:01,673] {logging_mixin.py:115} INFO - [2022-12-23 22:50:01,673] {dag.py:2919} INFO - Setting next_dagrun for example_kubernetes_executor to None, run_after=None
[2022-12-23 22:50:01,683] {processor.py:161} INFO - Processing /home/airflow/.local/lib/python3.7/site-packages/airflow/example_dags/example_kubernetes_executor.py took 0.072 seconds
[2022-12-23 22:50:31,842] {processor.py:153} INFO - Started process (PID=3627) to work on /home/airflow/.local/lib/python3.7/site-packages/airflow/example_dags/example_kubernetes_executor.py
[2022-12-23 22:50:31,844] {processor.py:641} INFO - Processing file /home/airflow/.local/lib/python3.7/site-packages/airflow/example_dags/example_kubernetes_executor.py for tasks to queue
[2022-12-23 22:50:31,846] {logging_mixin.py:115} INFO - [2022-12-23 22:50:31,845] {dagbag.py:507} INFO - Filling up the DagBag from /home/airflow/.local/lib/python3.7/site-packages/airflow/example_dags/example_kubernetes_executor.py
[2022-12-23 22:50:31,869] {processor.py:651} INFO - DAG(s) dict_keys(['example_kubernetes_executor']) retrieved from /home/airflow/.local/lib/python3.7/site-packages/airflow/example_dags/example_kubernetes_executor.py
[2022-12-23 22:50:31,893] {logging_mixin.py:115} INFO - [2022-12-23 22:50:31,893] {dag.py:2371} INFO - Sync 1 DAGs
[2022-12-23 22:50:31,908] {logging_mixin.py:115} INFO - [2022-12-23 22:50:31,908] {dag.py:2919} INFO - Setting next_dagrun for example_kubernetes_executor to None, run_after=None
[2022-12-23 22:50:31,916] {processor.py:161} INFO - Processing /home/airflow/.local/lib/python3.7/site-packages/airflow/example_dags/example_kubernetes_executor.py took 0.079 seconds
[2022-12-23 22:51:02,247] {processor.py:153} INFO - Started process (PID=3830) to work on /home/airflow/.local/lib/python3.7/site-packages/airflow/example_dags/example_kubernetes_executor.py
[2022-12-23 22:51:02,249] {processor.py:641} INFO - Processing file /home/airflow/.local/lib/python3.7/site-packages/airflow/example_dags/example_kubernetes_executor.py for tasks to queue
[2022-12-23 22:51:02,251] {logging_mixin.py:115} INFO - [2022-12-23 22:51:02,251] {dagbag.py:507} INFO - Filling up the DagBag from /home/airflow/.local/lib/python3.7/site-packages/airflow/example_dags/example_kubernetes_executor.py
[2022-12-23 22:51:02,282] {processor.py:651} INFO - DAG(s) dict_keys(['example_kubernetes_executor']) retrieved from /home/airflow/.local/lib/python3.7/site-packages/airflow/example_dags/example_kubernetes_executor.py
[2022-12-23 22:51:02,333] {logging_mixin.py:115} INFO - [2022-12-23 22:51:02,333] {dag.py:2371} INFO - Sync 1 DAGs
[2022-12-23 22:51:02,355] {logging_mixin.py:115} INFO - [2022-12-23 22:51:02,355] {dag.py:2919} INFO - Setting next_dagrun for example_kubernetes_executor to None, run_after=None
[2022-12-23 22:51:02,378] {processor.py:161} INFO - Processing /home/airflow/.local/lib/python3.7/site-packages/airflow/example_dags/example_kubernetes_executor.py took 0.135 seconds
[2022-12-23 22:51:33,266] {processor.py:153} INFO - Started process (PID=4025) to work on /home/airflow/.local/lib/python3.7/site-packages/airflow/example_dags/example_kubernetes_executor.py
[2022-12-23 22:51:33,267] {processor.py:641} INFO - Processing file /home/airflow/.local/lib/python3.7/site-packages/airflow/example_dags/example_kubernetes_executor.py for tasks to queue
[2022-12-23 22:51:33,268] {logging_mixin.py:115} INFO - [2022-12-23 22:51:33,268] {dagbag.py:507} INFO - Filling up the DagBag from /home/airflow/.local/lib/python3.7/site-packages/airflow/example_dags/example_kubernetes_executor.py
[2022-12-23 22:51:33,291] {processor.py:651} INFO - DAG(s) dict_keys(['example_kubernetes_executor']) retrieved from /home/airflow/.local/lib/python3.7/site-packages/airflow/example_dags/example_kubernetes_executor.py
[2022-12-23 22:51:33,318] {logging_mixin.py:115} INFO - [2022-12-23 22:51:33,318] {dag.py:2371} INFO - Sync 1 DAGs
[2022-12-23 22:51:33,341] {logging_mixin.py:115} INFO - [2022-12-23 22:51:33,341] {dag.py:2919} INFO - Setting next_dagrun for example_kubernetes_executor to None, run_after=None
[2022-12-23 22:51:33,354] {processor.py:161} INFO - Processing /home/airflow/.local/lib/python3.7/site-packages/airflow/example_dags/example_kubernetes_executor.py took 0.092 seconds
[2022-12-23 22:52:03,427] {processor.py:153} INFO - Started process (PID=4231) to work on /home/airflow/.local/lib/python3.7/site-packages/airflow/example_dags/example_kubernetes_executor.py
[2022-12-23 22:52:03,428] {processor.py:641} INFO - Processing file /home/airflow/.local/lib/python3.7/site-packages/airflow/example_dags/example_kubernetes_executor.py for tasks to queue
[2022-12-23 22:52:03,430] {logging_mixin.py:115} INFO - [2022-12-23 22:52:03,430] {dagbag.py:507} INFO - Filling up the DagBag from /home/airflow/.local/lib/python3.7/site-packages/airflow/example_dags/example_kubernetes_executor.py
[2022-12-23 22:52:03,452] {processor.py:651} INFO - DAG(s) dict_keys(['example_kubernetes_executor']) retrieved from /home/airflow/.local/lib/python3.7/site-packages/airflow/example_dags/example_kubernetes_executor.py
[2022-12-23 22:52:03,475] {logging_mixin.py:115} INFO - [2022-12-23 22:52:03,475] {dag.py:2371} INFO - Sync 1 DAGs
[2022-12-23 22:52:03,490] {logging_mixin.py:115} INFO - [2022-12-23 22:52:03,490] {dag.py:2919} INFO - Setting next_dagrun for example_kubernetes_executor to None, run_after=None
[2022-12-23 22:52:03,498] {processor.py:161} INFO - Processing /home/airflow/.local/lib/python3.7/site-packages/airflow/example_dags/example_kubernetes_executor.py took 0.076 seconds
[2022-12-23 22:52:33,582] {processor.py:153} INFO - Started process (PID=4434) to work on /home/airflow/.local/lib/python3.7/site-packages/airflow/example_dags/example_kubernetes_executor.py
[2022-12-23 22:52:33,584] {processor.py:641} INFO - Processing file /home/airflow/.local/lib/python3.7/site-packages/airflow/example_dags/example_kubernetes_executor.py for tasks to queue
[2022-12-23 22:52:33,585] {logging_mixin.py:115} INFO - [2022-12-23 22:52:33,585] {dagbag.py:507} INFO - Filling up the DagBag from /home/airflow/.local/lib/python3.7/site-packages/airflow/example_dags/example_kubernetes_executor.py
[2022-12-23 22:52:33,616] {processor.py:651} INFO - DAG(s) dict_keys(['example_kubernetes_executor']) retrieved from /home/airflow/.local/lib/python3.7/site-packages/airflow/example_dags/example_kubernetes_executor.py
[2022-12-23 22:52:33,656] {logging_mixin.py:115} INFO - [2022-12-23 22:52:33,656] {dag.py:2371} INFO - Sync 1 DAGs
[2022-12-23 22:52:33,691] {logging_mixin.py:115} INFO - [2022-12-23 22:52:33,691] {dag.py:2919} INFO - Setting next_dagrun for example_kubernetes_executor to None, run_after=None
[2022-12-23 22:52:33,707] {processor.py:161} INFO - Processing /home/airflow/.local/lib/python3.7/site-packages/airflow/example_dags/example_kubernetes_executor.py took 0.129 seconds
[2022-12-23 22:53:04,303] {processor.py:153} INFO - Started process (PID=4649) to work on /home/airflow/.local/lib/python3.7/site-packages/airflow/example_dags/example_kubernetes_executor.py
[2022-12-23 22:53:04,305] {processor.py:641} INFO - Processing file /home/airflow/.local/lib/python3.7/site-packages/airflow/example_dags/example_kubernetes_executor.py for tasks to queue
[2022-12-23 22:53:04,306] {logging_mixin.py:115} INFO - [2022-12-23 22:53:04,306] {dagbag.py:507} INFO - Filling up the DagBag from /home/airflow/.local/lib/python3.7/site-packages/airflow/example_dags/example_kubernetes_executor.py
[2022-12-23 22:53:04,331] {processor.py:651} INFO - DAG(s) dict_keys(['example_kubernetes_executor']) retrieved from /home/airflow/.local/lib/python3.7/site-packages/airflow/example_dags/example_kubernetes_executor.py
[2022-12-23 22:53:04,356] {logging_mixin.py:115} INFO - [2022-12-23 22:53:04,356] {dag.py:2371} INFO - Sync 1 DAGs
[2022-12-23 22:53:04,372] {logging_mixin.py:115} INFO - [2022-12-23 22:53:04,372] {dag.py:2919} INFO - Setting next_dagrun for example_kubernetes_executor to None, run_after=None
[2022-12-23 22:53:04,380] {processor.py:161} INFO - Processing /home/airflow/.local/lib/python3.7/site-packages/airflow/example_dags/example_kubernetes_executor.py took 0.080 seconds
[2022-12-23 22:53:34,678] {processor.py:153} INFO - Started process (PID=4843) to work on /home/airflow/.local/lib/python3.7/site-packages/airflow/example_dags/example_kubernetes_executor.py
[2022-12-23 22:53:34,681] {processor.py:641} INFO - Processing file /home/airflow/.local/lib/python3.7/site-packages/airflow/example_dags/example_kubernetes_executor.py for tasks to queue
[2022-12-23 22:53:34,684] {logging_mixin.py:115} INFO - [2022-12-23 22:53:34,684] {dagbag.py:507} INFO - Filling up the DagBag from /home/airflow/.local/lib/python3.7/site-packages/airflow/example_dags/example_kubernetes_executor.py
[2022-12-23 22:53:34,705] {processor.py:651} INFO - DAG(s) dict_keys(['example_kubernetes_executor']) retrieved from /home/airflow/.local/lib/python3.7/site-packages/airflow/example_dags/example_kubernetes_executor.py
[2022-12-23 22:53:34,738] {logging_mixin.py:115} INFO - [2022-12-23 22:53:34,738] {dag.py:2371} INFO - Sync 1 DAGs
[2022-12-23 22:53:34,755] {logging_mixin.py:115} INFO - [2022-12-23 22:53:34,755] {dag.py:2919} INFO - Setting next_dagrun for example_kubernetes_executor to None, run_after=None
[2022-12-23 22:53:34,764] {processor.py:161} INFO - Processing /home/airflow/.local/lib/python3.7/site-packages/airflow/example_dags/example_kubernetes_executor.py took 0.089 seconds
[2022-12-23 22:54:04,834] {processor.py:153} INFO - Started process (PID=5045) to work on /home/airflow/.local/lib/python3.7/site-packages/airflow/example_dags/example_kubernetes_executor.py
[2022-12-23 22:54:04,836] {processor.py:641} INFO - Processing file /home/airflow/.local/lib/python3.7/site-packages/airflow/example_dags/example_kubernetes_executor.py for tasks to queue
[2022-12-23 22:54:04,837] {logging_mixin.py:115} INFO - [2022-12-23 22:54:04,837] {dagbag.py:507} INFO - Filling up the DagBag from /home/airflow/.local/lib/python3.7/site-packages/airflow/example_dags/example_kubernetes_executor.py
[2022-12-23 22:54:04,857] {processor.py:651} INFO - DAG(s) dict_keys(['example_kubernetes_executor']) retrieved from /home/airflow/.local/lib/python3.7/site-packages/airflow/example_dags/example_kubernetes_executor.py
[2022-12-23 22:54:04,880] {logging_mixin.py:115} INFO - [2022-12-23 22:54:04,880] {dag.py:2371} INFO - Sync 1 DAGs
[2022-12-23 22:54:04,894] {logging_mixin.py:115} INFO - [2022-12-23 22:54:04,894] {dag.py:2919} INFO - Setting next_dagrun for example_kubernetes_executor to None, run_after=None
[2022-12-23 22:54:04,905] {processor.py:161} INFO - Processing /home/airflow/.local/lib/python3.7/site-packages/airflow/example_dags/example_kubernetes_executor.py took 0.074 seconds
[2022-12-23 22:54:35,061] {processor.py:153} INFO - Started process (PID=5251) to work on /home/airflow/.local/lib/python3.7/site-packages/airflow/example_dags/example_kubernetes_executor.py
[2022-12-23 22:54:35,063] {processor.py:641} INFO - Processing file /home/airflow/.local/lib/python3.7/site-packages/airflow/example_dags/example_kubernetes_executor.py for tasks to queue
[2022-12-23 22:54:35,065] {logging_mixin.py:115} INFO - [2022-12-23 22:54:35,065] {dagbag.py:507} INFO - Filling up the DagBag from /home/airflow/.local/lib/python3.7/site-packages/airflow/example_dags/example_kubernetes_executor.py
[2022-12-23 22:54:35,096] {processor.py:651} INFO - DAG(s) dict_keys(['example_kubernetes_executor']) retrieved from /home/airflow/.local/lib/python3.7/site-packages/airflow/example_dags/example_kubernetes_executor.py
[2022-12-23 22:54:35,121] {logging_mixin.py:115} INFO - [2022-12-23 22:54:35,121] {dag.py:2371} INFO - Sync 1 DAGs
[2022-12-23 22:54:35,139] {logging_mixin.py:115} INFO - [2022-12-23 22:54:35,138] {dag.py:2919} INFO - Setting next_dagrun for example_kubernetes_executor to None, run_after=None
[2022-12-23 22:54:35,149] {processor.py:161} INFO - Processing /home/airflow/.local/lib/python3.7/site-packages/airflow/example_dags/example_kubernetes_executor.py took 0.092 seconds
[2022-12-23 22:55:05,359] {processor.py:153} INFO - Started process (PID=5459) to work on /home/airflow/.local/lib/python3.7/site-packages/airflow/example_dags/example_kubernetes_executor.py
[2022-12-23 22:55:05,361] {processor.py:641} INFO - Processing file /home/airflow/.local/lib/python3.7/site-packages/airflow/example_dags/example_kubernetes_executor.py for tasks to queue
[2022-12-23 22:55:05,363] {logging_mixin.py:115} INFO - [2022-12-23 22:55:05,363] {dagbag.py:507} INFO - Filling up the DagBag from /home/airflow/.local/lib/python3.7/site-packages/airflow/example_dags/example_kubernetes_executor.py
[2022-12-23 22:55:05,396] {processor.py:651} INFO - DAG(s) dict_keys(['example_kubernetes_executor']) retrieved from /home/airflow/.local/lib/python3.7/site-packages/airflow/example_dags/example_kubernetes_executor.py
[2022-12-23 22:55:05,423] {logging_mixin.py:115} INFO - [2022-12-23 22:55:05,422] {dag.py:2371} INFO - Sync 1 DAGs
[2022-12-23 22:55:05,439] {logging_mixin.py:115} INFO - [2022-12-23 22:55:05,439] {dag.py:2919} INFO - Setting next_dagrun for example_kubernetes_executor to None, run_after=None
[2022-12-23 22:55:05,451] {processor.py:161} INFO - Processing /home/airflow/.local/lib/python3.7/site-packages/airflow/example_dags/example_kubernetes_executor.py took 0.098 seconds
[2022-12-23 22:55:35,536] {processor.py:153} INFO - Started process (PID=5654) to work on /home/airflow/.local/lib/python3.7/site-packages/airflow/example_dags/example_kubernetes_executor.py
[2022-12-23 22:55:35,539] {processor.py:641} INFO - Processing file /home/airflow/.local/lib/python3.7/site-packages/airflow/example_dags/example_kubernetes_executor.py for tasks to queue
[2022-12-23 22:55:35,540] {logging_mixin.py:115} INFO - [2022-12-23 22:55:35,540] {dagbag.py:507} INFO - Filling up the DagBag from /home/airflow/.local/lib/python3.7/site-packages/airflow/example_dags/example_kubernetes_executor.py
[2022-12-23 22:55:35,566] {processor.py:651} INFO - DAG(s) dict_keys(['example_kubernetes_executor']) retrieved from /home/airflow/.local/lib/python3.7/site-packages/airflow/example_dags/example_kubernetes_executor.py
[2022-12-23 22:55:35,590] {logging_mixin.py:115} INFO - [2022-12-23 22:55:35,590] {dag.py:2371} INFO - Sync 1 DAGs
[2022-12-23 22:55:35,605] {logging_mixin.py:115} INFO - [2022-12-23 22:55:35,605] {dag.py:2919} INFO - Setting next_dagrun for example_kubernetes_executor to None, run_after=None
[2022-12-23 22:55:35,614] {processor.py:161} INFO - Processing /home/airflow/.local/lib/python3.7/site-packages/airflow/example_dags/example_kubernetes_executor.py took 0.084 seconds
[2022-12-23 22:56:05,944] {processor.py:153} INFO - Started process (PID=5863) to work on /home/airflow/.local/lib/python3.7/site-packages/airflow/example_dags/example_kubernetes_executor.py
[2022-12-23 22:56:05,945] {processor.py:641} INFO - Processing file /home/airflow/.local/lib/python3.7/site-packages/airflow/example_dags/example_kubernetes_executor.py for tasks to queue
[2022-12-23 22:56:05,946] {logging_mixin.py:115} INFO - [2022-12-23 22:56:05,946] {dagbag.py:507} INFO - Filling up the DagBag from /home/airflow/.local/lib/python3.7/site-packages/airflow/example_dags/example_kubernetes_executor.py
[2022-12-23 22:56:05,968] {processor.py:651} INFO - DAG(s) dict_keys(['example_kubernetes_executor']) retrieved from /home/airflow/.local/lib/python3.7/site-packages/airflow/example_dags/example_kubernetes_executor.py
[2022-12-23 22:56:05,992] {logging_mixin.py:115} INFO - [2022-12-23 22:56:05,992] {dag.py:2371} INFO - Sync 1 DAGs
[2022-12-23 22:56:06,008] {logging_mixin.py:115} INFO - [2022-12-23 22:56:06,008] {dag.py:2919} INFO - Setting next_dagrun for example_kubernetes_executor to None, run_after=None
[2022-12-23 22:56:06,017] {processor.py:161} INFO - Processing /home/airflow/.local/lib/python3.7/site-packages/airflow/example_dags/example_kubernetes_executor.py took 0.076 seconds
[2022-12-23 22:56:36,244] {processor.py:153} INFO - Started process (PID=6069) to work on /home/airflow/.local/lib/python3.7/site-packages/airflow/example_dags/example_kubernetes_executor.py
[2022-12-23 22:56:36,246] {processor.py:641} INFO - Processing file /home/airflow/.local/lib/python3.7/site-packages/airflow/example_dags/example_kubernetes_executor.py for tasks to queue
[2022-12-23 22:56:36,247] {logging_mixin.py:115} INFO - [2022-12-23 22:56:36,247] {dagbag.py:507} INFO - Filling up the DagBag from /home/airflow/.local/lib/python3.7/site-packages/airflow/example_dags/example_kubernetes_executor.py
[2022-12-23 22:56:36,268] {processor.py:651} INFO - DAG(s) dict_keys(['example_kubernetes_executor']) retrieved from /home/airflow/.local/lib/python3.7/site-packages/airflow/example_dags/example_kubernetes_executor.py
[2022-12-23 22:56:36,294] {logging_mixin.py:115} INFO - [2022-12-23 22:56:36,294] {dag.py:2371} INFO - Sync 1 DAGs
[2022-12-23 22:56:36,310] {logging_mixin.py:115} INFO - [2022-12-23 22:56:36,310] {dag.py:2919} INFO - Setting next_dagrun for example_kubernetes_executor to None, run_after=None
[2022-12-23 22:56:36,320] {processor.py:161} INFO - Processing /home/airflow/.local/lib/python3.7/site-packages/airflow/example_dags/example_kubernetes_executor.py took 0.079 seconds
[2022-12-23 22:57:06,590] {processor.py:153} INFO - Started process (PID=6271) to work on /home/airflow/.local/lib/python3.7/site-packages/airflow/example_dags/example_kubernetes_executor.py
[2022-12-23 22:57:06,592] {processor.py:641} INFO - Processing file /home/airflow/.local/lib/python3.7/site-packages/airflow/example_dags/example_kubernetes_executor.py for tasks to queue
[2022-12-23 22:57:06,593] {logging_mixin.py:115} INFO - [2022-12-23 22:57:06,593] {dagbag.py:507} INFO - Filling up the DagBag from /home/airflow/.local/lib/python3.7/site-packages/airflow/example_dags/example_kubernetes_executor.py
[2022-12-23 22:57:06,614] {processor.py:651} INFO - DAG(s) dict_keys(['example_kubernetes_executor']) retrieved from /home/airflow/.local/lib/python3.7/site-packages/airflow/example_dags/example_kubernetes_executor.py
[2022-12-23 22:57:06,637] {logging_mixin.py:115} INFO - [2022-12-23 22:57:06,637] {dag.py:2371} INFO - Sync 1 DAGs
[2022-12-23 22:57:06,652] {logging_mixin.py:115} INFO - [2022-12-23 22:57:06,652] {dag.py:2919} INFO - Setting next_dagrun for example_kubernetes_executor to None, run_after=None
[2022-12-23 22:57:06,663] {processor.py:161} INFO - Processing /home/airflow/.local/lib/python3.7/site-packages/airflow/example_dags/example_kubernetes_executor.py took 0.077 seconds
[2022-12-23 22:57:36,856] {processor.py:153} INFO - Started process (PID=6465) to work on /home/airflow/.local/lib/python3.7/site-packages/airflow/example_dags/example_kubernetes_executor.py
[2022-12-23 22:57:36,857] {processor.py:641} INFO - Processing file /home/airflow/.local/lib/python3.7/site-packages/airflow/example_dags/example_kubernetes_executor.py for tasks to queue
[2022-12-23 22:57:36,858] {logging_mixin.py:115} INFO - [2022-12-23 22:57:36,858] {dagbag.py:507} INFO - Filling up the DagBag from /home/airflow/.local/lib/python3.7/site-packages/airflow/example_dags/example_kubernetes_executor.py
[2022-12-23 22:57:36,876] {processor.py:651} INFO - DAG(s) dict_keys(['example_kubernetes_executor']) retrieved from /home/airflow/.local/lib/python3.7/site-packages/airflow/example_dags/example_kubernetes_executor.py
[2022-12-23 22:57:36,898] {logging_mixin.py:115} INFO - [2022-12-23 22:57:36,898] {dag.py:2371} INFO - Sync 1 DAGs
[2022-12-23 22:57:36,913] {logging_mixin.py:115} INFO - [2022-12-23 22:57:36,913] {dag.py:2919} INFO - Setting next_dagrun for example_kubernetes_executor to None, run_after=None
[2022-12-23 22:57:36,921] {processor.py:161} INFO - Processing /home/airflow/.local/lib/python3.7/site-packages/airflow/example_dags/example_kubernetes_executor.py took 0.068 seconds
[2022-12-23 22:58:07,278] {processor.py:153} INFO - Started process (PID=6670) to work on /home/airflow/.local/lib/python3.7/site-packages/airflow/example_dags/example_kubernetes_executor.py
[2022-12-23 22:58:07,280] {processor.py:641} INFO - Processing file /home/airflow/.local/lib/python3.7/site-packages/airflow/example_dags/example_kubernetes_executor.py for tasks to queue
[2022-12-23 22:58:07,286] {logging_mixin.py:115} INFO - [2022-12-23 22:58:07,286] {dagbag.py:507} INFO - Filling up the DagBag from /home/airflow/.local/lib/python3.7/site-packages/airflow/example_dags/example_kubernetes_executor.py
[2022-12-23 22:58:07,308] {processor.py:651} INFO - DAG(s) dict_keys(['example_kubernetes_executor']) retrieved from /home/airflow/.local/lib/python3.7/site-packages/airflow/example_dags/example_kubernetes_executor.py
[2022-12-23 22:58:07,339] {logging_mixin.py:115} INFO - [2022-12-23 22:58:07,339] {dag.py:2371} INFO - Sync 1 DAGs
[2022-12-23 22:58:07,355] {logging_mixin.py:115} INFO - [2022-12-23 22:58:07,355] {dag.py:2919} INFO - Setting next_dagrun for example_kubernetes_executor to None, run_after=None
[2022-12-23 22:58:07,364] {processor.py:161} INFO - Processing /home/airflow/.local/lib/python3.7/site-packages/airflow/example_dags/example_kubernetes_executor.py took 0.089 seconds
[2022-12-23 22:58:38,376] {processor.py:153} INFO - Started process (PID=6872) to work on /home/airflow/.local/lib/python3.7/site-packages/airflow/example_dags/example_kubernetes_executor.py
[2022-12-23 22:58:38,378] {processor.py:641} INFO - Processing file /home/airflow/.local/lib/python3.7/site-packages/airflow/example_dags/example_kubernetes_executor.py for tasks to queue
[2022-12-23 22:58:38,378] {logging_mixin.py:115} INFO - [2022-12-23 22:58:38,378] {dagbag.py:507} INFO - Filling up the DagBag from /home/airflow/.local/lib/python3.7/site-packages/airflow/example_dags/example_kubernetes_executor.py
[2022-12-23 22:58:38,396] {processor.py:651} INFO - DAG(s) dict_keys(['example_kubernetes_executor']) retrieved from /home/airflow/.local/lib/python3.7/site-packages/airflow/example_dags/example_kubernetes_executor.py
[2022-12-23 22:58:38,418] {logging_mixin.py:115} INFO - [2022-12-23 22:58:38,418] {dag.py:2371} INFO - Sync 1 DAGs
[2022-12-23 22:58:38,434] {logging_mixin.py:115} INFO - [2022-12-23 22:58:38,434] {dag.py:2919} INFO - Setting next_dagrun for example_kubernetes_executor to None, run_after=None
[2022-12-23 22:58:38,442] {processor.py:161} INFO - Processing /home/airflow/.local/lib/python3.7/site-packages/airflow/example_dags/example_kubernetes_executor.py took 0.069 seconds
[2022-12-23 22:59:08,506] {processor.py:153} INFO - Started process (PID=7075) to work on /home/airflow/.local/lib/python3.7/site-packages/airflow/example_dags/example_kubernetes_executor.py
[2022-12-23 22:59:08,508] {processor.py:641} INFO - Processing file /home/airflow/.local/lib/python3.7/site-packages/airflow/example_dags/example_kubernetes_executor.py for tasks to queue
[2022-12-23 22:59:08,509] {logging_mixin.py:115} INFO - [2022-12-23 22:59:08,509] {dagbag.py:507} INFO - Filling up the DagBag from /home/airflow/.local/lib/python3.7/site-packages/airflow/example_dags/example_kubernetes_executor.py
[2022-12-23 22:59:08,535] {processor.py:651} INFO - DAG(s) dict_keys(['example_kubernetes_executor']) retrieved from /home/airflow/.local/lib/python3.7/site-packages/airflow/example_dags/example_kubernetes_executor.py
[2022-12-23 22:59:08,562] {logging_mixin.py:115} INFO - [2022-12-23 22:59:08,562] {dag.py:2371} INFO - Sync 1 DAGs
[2022-12-23 22:59:08,578] {logging_mixin.py:115} INFO - [2022-12-23 22:59:08,578] {dag.py:2919} INFO - Setting next_dagrun for example_kubernetes_executor to None, run_after=None
[2022-12-23 22:59:08,586] {processor.py:161} INFO - Processing /home/airflow/.local/lib/python3.7/site-packages/airflow/example_dags/example_kubernetes_executor.py took 0.085 seconds
[2022-12-23 22:59:38,947] {processor.py:153} INFO - Started process (PID=7281) to work on /home/airflow/.local/lib/python3.7/site-packages/airflow/example_dags/example_kubernetes_executor.py
[2022-12-23 22:59:38,951] {processor.py:641} INFO - Processing file /home/airflow/.local/lib/python3.7/site-packages/airflow/example_dags/example_kubernetes_executor.py for tasks to queue
[2022-12-23 22:59:38,956] {logging_mixin.py:115} INFO - [2022-12-23 22:59:38,956] {dagbag.py:507} INFO - Filling up the DagBag from /home/airflow/.local/lib/python3.7/site-packages/airflow/example_dags/example_kubernetes_executor.py
[2022-12-23 22:59:38,977] {processor.py:651} INFO - DAG(s) dict_keys(['example_kubernetes_executor']) retrieved from /home/airflow/.local/lib/python3.7/site-packages/airflow/example_dags/example_kubernetes_executor.py
[2022-12-23 22:59:39,005] {logging_mixin.py:115} INFO - [2022-12-23 22:59:39,005] {dag.py:2371} INFO - Sync 1 DAGs
[2022-12-23 22:59:39,022] {logging_mixin.py:115} INFO - [2022-12-23 22:59:39,022] {dag.py:2919} INFO - Setting next_dagrun for example_kubernetes_executor to None, run_after=None
[2022-12-23 22:59:39,033] {processor.py:161} INFO - Processing /home/airflow/.local/lib/python3.7/site-packages/airflow/example_dags/example_kubernetes_executor.py took 0.090 seconds
[2022-12-23 23:00:09,172] {processor.py:153} INFO - Started process (PID=7476) to work on /home/airflow/.local/lib/python3.7/site-packages/airflow/example_dags/example_kubernetes_executor.py
[2022-12-23 23:00:09,174] {processor.py:641} INFO - Processing file /home/airflow/.local/lib/python3.7/site-packages/airflow/example_dags/example_kubernetes_executor.py for tasks to queue
[2022-12-23 23:00:09,176] {logging_mixin.py:115} INFO - [2022-12-23 23:00:09,176] {dagbag.py:507} INFO - Filling up the DagBag from /home/airflow/.local/lib/python3.7/site-packages/airflow/example_dags/example_kubernetes_executor.py
[2022-12-23 23:00:09,197] {processor.py:651} INFO - DAG(s) dict_keys(['example_kubernetes_executor']) retrieved from /home/airflow/.local/lib/python3.7/site-packages/airflow/example_dags/example_kubernetes_executor.py
[2022-12-23 23:00:09,231] {logging_mixin.py:115} INFO - [2022-12-23 23:00:09,231] {dag.py:2371} INFO - Sync 1 DAGs
[2022-12-23 23:00:09,249] {logging_mixin.py:115} INFO - [2022-12-23 23:00:09,249] {dag.py:2919} INFO - Setting next_dagrun for example_kubernetes_executor to None, run_after=None
[2022-12-23 23:00:09,258] {processor.py:161} INFO - Processing /home/airflow/.local/lib/python3.7/site-packages/airflow/example_dags/example_kubernetes_executor.py took 0.090 seconds
[2022-12-23 23:00:39,465] {processor.py:153} INFO - Started process (PID=7680) to work on /home/airflow/.local/lib/python3.7/site-packages/airflow/example_dags/example_kubernetes_executor.py
[2022-12-23 23:00:39,466] {processor.py:641} INFO - Processing file /home/airflow/.local/lib/python3.7/site-packages/airflow/example_dags/example_kubernetes_executor.py for tasks to queue
[2022-12-23 23:00:39,468] {logging_mixin.py:115} INFO - [2022-12-23 23:00:39,468] {dagbag.py:507} INFO - Filling up the DagBag from /home/airflow/.local/lib/python3.7/site-packages/airflow/example_dags/example_kubernetes_executor.py
[2022-12-23 23:00:39,488] {processor.py:651} INFO - DAG(s) dict_keys(['example_kubernetes_executor']) retrieved from /home/airflow/.local/lib/python3.7/site-packages/airflow/example_dags/example_kubernetes_executor.py
[2022-12-23 23:00:39,512] {logging_mixin.py:115} INFO - [2022-12-23 23:00:39,512] {dag.py:2371} INFO - Sync 1 DAGs
[2022-12-23 23:00:39,529] {logging_mixin.py:115} INFO - [2022-12-23 23:00:39,529] {dag.py:2919} INFO - Setting next_dagrun for example_kubernetes_executor to None, run_after=None
[2022-12-23 23:00:39,538] {processor.py:161} INFO - Processing /home/airflow/.local/lib/python3.7/site-packages/airflow/example_dags/example_kubernetes_executor.py took 0.077 seconds
[2022-12-23 23:01:09,694] {processor.py:153} INFO - Started process (PID=7883) to work on /home/airflow/.local/lib/python3.7/site-packages/airflow/example_dags/example_kubernetes_executor.py
[2022-12-23 23:01:09,695] {processor.py:641} INFO - Processing file /home/airflow/.local/lib/python3.7/site-packages/airflow/example_dags/example_kubernetes_executor.py for tasks to queue
[2022-12-23 23:01:09,697] {logging_mixin.py:115} INFO - [2022-12-23 23:01:09,697] {dagbag.py:507} INFO - Filling up the DagBag from /home/airflow/.local/lib/python3.7/site-packages/airflow/example_dags/example_kubernetes_executor.py
[2022-12-23 23:01:09,714] {processor.py:651} INFO - DAG(s) dict_keys(['example_kubernetes_executor']) retrieved from /home/airflow/.local/lib/python3.7/site-packages/airflow/example_dags/example_kubernetes_executor.py
[2022-12-23 23:01:09,737] {logging_mixin.py:115} INFO - [2022-12-23 23:01:09,737] {dag.py:2371} INFO - Sync 1 DAGs
[2022-12-23 23:01:09,752] {logging_mixin.py:115} INFO - [2022-12-23 23:01:09,752] {dag.py:2919} INFO - Setting next_dagrun for example_kubernetes_executor to None, run_after=None
[2022-12-23 23:01:09,761] {processor.py:161} INFO - Processing /home/airflow/.local/lib/python3.7/site-packages/airflow/example_dags/example_kubernetes_executor.py took 0.070 seconds
[2022-12-23 23:03:21,305] {processor.py:153} INFO - Started process (PID=50) to work on /home/airflow/.local/lib/python3.7/site-packages/airflow/example_dags/example_kubernetes_executor.py
[2022-12-23 23:03:21,307] {processor.py:641} INFO - Processing file /home/airflow/.local/lib/python3.7/site-packages/airflow/example_dags/example_kubernetes_executor.py for tasks to queue
[2022-12-23 23:03:21,311] {logging_mixin.py:115} INFO - [2022-12-23 23:03:21,310] {dagbag.py:507} INFO - Filling up the DagBag from /home/airflow/.local/lib/python3.7/site-packages/airflow/example_dags/example_kubernetes_executor.py
[2022-12-23 23:03:21,478] {processor.py:651} INFO - DAG(s) dict_keys(['example_kubernetes_executor']) retrieved from /home/airflow/.local/lib/python3.7/site-packages/airflow/example_dags/example_kubernetes_executor.py
[2022-12-23 23:03:22,304] {logging_mixin.py:115} INFO - [2022-12-23 23:03:22,304] {manager.py:508} INFO - Created Permission View: can read on DAG:example_kubernetes_executor
[2022-12-23 23:03:22,330] {logging_mixin.py:115} INFO - [2022-12-23 23:03:22,330] {manager.py:508} INFO - Created Permission View: can edit on DAG:example_kubernetes_executor
[2022-12-23 23:03:22,339] {logging_mixin.py:115} INFO - [2022-12-23 23:03:22,339] {manager.py:508} INFO - Created Permission View: can delete on DAG:example_kubernetes_executor
[2022-12-23 23:03:22,340] {logging_mixin.py:115} INFO - [2022-12-23 23:03:22,340] {dag.py:2371} INFO - Sync 1 DAGs
[2022-12-23 23:03:22,382] {logging_mixin.py:115} INFO - [2022-12-23 23:03:22,382] {dag.py:2390} INFO - Creating ORM DAG for example_kubernetes_executor
[2022-12-23 23:03:22,400] {logging_mixin.py:115} INFO - [2022-12-23 23:03:22,400] {dag.py:2919} INFO - Setting next_dagrun for example_kubernetes_executor to None, run_after=None
[2022-12-23 23:03:22,418] {processor.py:161} INFO - Processing /home/airflow/.local/lib/python3.7/site-packages/airflow/example_dags/example_kubernetes_executor.py took 1.124 seconds
[2022-12-23 23:03:52,550] {processor.py:153} INFO - Started process (PID=104) to work on /home/airflow/.local/lib/python3.7/site-packages/airflow/example_dags/example_kubernetes_executor.py
[2022-12-23 23:03:52,551] {processor.py:641} INFO - Processing file /home/airflow/.local/lib/python3.7/site-packages/airflow/example_dags/example_kubernetes_executor.py for tasks to queue
[2022-12-23 23:03:52,552] {logging_mixin.py:115} INFO - [2022-12-23 23:03:52,552] {dagbag.py:507} INFO - Filling up the DagBag from /home/airflow/.local/lib/python3.7/site-packages/airflow/example_dags/example_kubernetes_executor.py
[2022-12-23 23:03:52,570] {processor.py:651} INFO - DAG(s) dict_keys(['example_kubernetes_executor']) retrieved from /home/airflow/.local/lib/python3.7/site-packages/airflow/example_dags/example_kubernetes_executor.py
[2022-12-23 23:03:52,596] {logging_mixin.py:115} INFO - [2022-12-23 23:03:52,596] {dag.py:2371} INFO - Sync 1 DAGs
[2022-12-23 23:03:52,707] {logging_mixin.py:115} INFO - [2022-12-23 23:03:52,707] {dag.py:2919} INFO - Setting next_dagrun for example_kubernetes_executor to None, run_after=None
[2022-12-23 23:03:52,715] {processor.py:161} INFO - Processing /home/airflow/.local/lib/python3.7/site-packages/airflow/example_dags/example_kubernetes_executor.py took 0.168 seconds
[2022-12-23 23:04:23,002] {processor.py:153} INFO - Started process (PID=167) to work on /home/airflow/.local/lib/python3.7/site-packages/airflow/example_dags/example_kubernetes_executor.py
[2022-12-23 23:04:23,004] {processor.py:641} INFO - Processing file /home/airflow/.local/lib/python3.7/site-packages/airflow/example_dags/example_kubernetes_executor.py for tasks to queue
[2022-12-23 23:04:23,005] {logging_mixin.py:115} INFO - [2022-12-23 23:04:23,005] {dagbag.py:507} INFO - Filling up the DagBag from /home/airflow/.local/lib/python3.7/site-packages/airflow/example_dags/example_kubernetes_executor.py
[2022-12-23 23:04:23,034] {processor.py:651} INFO - DAG(s) dict_keys(['example_kubernetes_executor']) retrieved from /home/airflow/.local/lib/python3.7/site-packages/airflow/example_dags/example_kubernetes_executor.py
[2022-12-23 23:04:23,063] {logging_mixin.py:115} INFO - [2022-12-23 23:04:23,063] {dag.py:2371} INFO - Sync 1 DAGs
[2022-12-23 23:04:23,180] {logging_mixin.py:115} INFO - [2022-12-23 23:04:23,180] {dag.py:2919} INFO - Setting next_dagrun for example_kubernetes_executor to None, run_after=None
[2022-12-23 23:04:23,187] {processor.py:161} INFO - Processing /home/airflow/.local/lib/python3.7/site-packages/airflow/example_dags/example_kubernetes_executor.py took 0.189 seconds
[2022-12-23 23:04:53,237] {processor.py:153} INFO - Started process (PID=230) to work on /home/airflow/.local/lib/python3.7/site-packages/airflow/example_dags/example_kubernetes_executor.py
[2022-12-23 23:04:53,238] {processor.py:641} INFO - Processing file /home/airflow/.local/lib/python3.7/site-packages/airflow/example_dags/example_kubernetes_executor.py for tasks to queue
[2022-12-23 23:04:53,239] {logging_mixin.py:115} INFO - [2022-12-23 23:04:53,239] {dagbag.py:507} INFO - Filling up the DagBag from /home/airflow/.local/lib/python3.7/site-packages/airflow/example_dags/example_kubernetes_executor.py
[2022-12-23 23:04:53,261] {processor.py:651} INFO - DAG(s) dict_keys(['example_kubernetes_executor']) retrieved from /home/airflow/.local/lib/python3.7/site-packages/airflow/example_dags/example_kubernetes_executor.py
[2022-12-23 23:04:53,285] {logging_mixin.py:115} INFO - [2022-12-23 23:04:53,285] {dag.py:2371} INFO - Sync 1 DAGs
[2022-12-23 23:04:53,388] {logging_mixin.py:115} INFO - [2022-12-23 23:04:53,388] {dag.py:2919} INFO - Setting next_dagrun for example_kubernetes_executor to None, run_after=None
[2022-12-23 23:04:53,395] {processor.py:161} INFO - Processing /home/airflow/.local/lib/python3.7/site-packages/airflow/example_dags/example_kubernetes_executor.py took 0.164 seconds
[2022-12-23 23:05:23,843] {processor.py:153} INFO - Started process (PID=293) to work on /home/airflow/.local/lib/python3.7/site-packages/airflow/example_dags/example_kubernetes_executor.py
[2022-12-23 23:05:23,844] {processor.py:641} INFO - Processing file /home/airflow/.local/lib/python3.7/site-packages/airflow/example_dags/example_kubernetes_executor.py for tasks to queue
[2022-12-23 23:05:23,846] {logging_mixin.py:115} INFO - [2022-12-23 23:05:23,846] {dagbag.py:507} INFO - Filling up the DagBag from /home/airflow/.local/lib/python3.7/site-packages/airflow/example_dags/example_kubernetes_executor.py
[2022-12-23 23:05:23,867] {processor.py:651} INFO - DAG(s) dict_keys(['example_kubernetes_executor']) retrieved from /home/airflow/.local/lib/python3.7/site-packages/airflow/example_dags/example_kubernetes_executor.py
[2022-12-23 23:05:23,891] {logging_mixin.py:115} INFO - [2022-12-23 23:05:23,891] {dag.py:2371} INFO - Sync 1 DAGs
[2022-12-23 23:05:24,002] {logging_mixin.py:115} INFO - [2022-12-23 23:05:24,002] {dag.py:2919} INFO - Setting next_dagrun for example_kubernetes_executor to None, run_after=None
[2022-12-23 23:05:24,010] {processor.py:161} INFO - Processing /home/airflow/.local/lib/python3.7/site-packages/airflow/example_dags/example_kubernetes_executor.py took 0.171 seconds
[2022-12-23 23:05:54,179] {processor.py:153} INFO - Started process (PID=347) to work on /home/airflow/.local/lib/python3.7/site-packages/airflow/example_dags/example_kubernetes_executor.py
[2022-12-23 23:05:54,180] {processor.py:641} INFO - Processing file /home/airflow/.local/lib/python3.7/site-packages/airflow/example_dags/example_kubernetes_executor.py for tasks to queue
[2022-12-23 23:05:54,181] {logging_mixin.py:115} INFO - [2022-12-23 23:05:54,181] {dagbag.py:507} INFO - Filling up the DagBag from /home/airflow/.local/lib/python3.7/site-packages/airflow/example_dags/example_kubernetes_executor.py
[2022-12-23 23:05:54,198] {processor.py:651} INFO - DAG(s) dict_keys(['example_kubernetes_executor']) retrieved from /home/airflow/.local/lib/python3.7/site-packages/airflow/example_dags/example_kubernetes_executor.py
[2022-12-23 23:05:54,224] {logging_mixin.py:115} INFO - [2022-12-23 23:05:54,224] {dag.py:2371} INFO - Sync 1 DAGs
[2022-12-23 23:05:54,349] {logging_mixin.py:115} INFO - [2022-12-23 23:05:54,349] {dag.py:2919} INFO - Setting next_dagrun for example_kubernetes_executor to None, run_after=None
[2022-12-23 23:05:54,356] {processor.py:161} INFO - Processing /home/airflow/.local/lib/python3.7/site-packages/airflow/example_dags/example_kubernetes_executor.py took 0.179 seconds
[2022-12-23 23:06:24,552] {processor.py:153} INFO - Started process (PID=410) to work on /home/airflow/.local/lib/python3.7/site-packages/airflow/example_dags/example_kubernetes_executor.py
[2022-12-23 23:06:24,555] {processor.py:641} INFO - Processing file /home/airflow/.local/lib/python3.7/site-packages/airflow/example_dags/example_kubernetes_executor.py for tasks to queue
[2022-12-23 23:06:24,561] {logging_mixin.py:115} INFO - [2022-12-23 23:06:24,561] {dagbag.py:507} INFO - Filling up the DagBag from /home/airflow/.local/lib/python3.7/site-packages/airflow/example_dags/example_kubernetes_executor.py
[2022-12-23 23:06:24,584] {processor.py:651} INFO - DAG(s) dict_keys(['example_kubernetes_executor']) retrieved from /home/airflow/.local/lib/python3.7/site-packages/airflow/example_dags/example_kubernetes_executor.py
[2022-12-23 23:06:24,618] {logging_mixin.py:115} INFO - [2022-12-23 23:06:24,618] {dag.py:2371} INFO - Sync 1 DAGs
[2022-12-23 23:06:24,729] {logging_mixin.py:115} INFO - [2022-12-23 23:06:24,729] {dag.py:2919} INFO - Setting next_dagrun for example_kubernetes_executor to None, run_after=None
[2022-12-23 23:06:24,737] {processor.py:161} INFO - Processing /home/airflow/.local/lib/python3.7/site-packages/airflow/example_dags/example_kubernetes_executor.py took 0.189 seconds
[2022-12-23 23:06:55,110] {processor.py:153} INFO - Started process (PID=473) to work on /home/airflow/.local/lib/python3.7/site-packages/airflow/example_dags/example_kubernetes_executor.py
[2022-12-23 23:06:55,111] {processor.py:641} INFO - Processing file /home/airflow/.local/lib/python3.7/site-packages/airflow/example_dags/example_kubernetes_executor.py for tasks to queue
[2022-12-23 23:06:55,112] {logging_mixin.py:115} INFO - [2022-12-23 23:06:55,112] {dagbag.py:507} INFO - Filling up the DagBag from /home/airflow/.local/lib/python3.7/site-packages/airflow/example_dags/example_kubernetes_executor.py
[2022-12-23 23:06:55,129] {processor.py:651} INFO - DAG(s) dict_keys(['example_kubernetes_executor']) retrieved from /home/airflow/.local/lib/python3.7/site-packages/airflow/example_dags/example_kubernetes_executor.py
[2022-12-23 23:06:55,154] {logging_mixin.py:115} INFO - [2022-12-23 23:06:55,154] {dag.py:2371} INFO - Sync 1 DAGs
[2022-12-23 23:06:55,304] {logging_mixin.py:115} INFO - [2022-12-23 23:06:55,304] {dag.py:2919} INFO - Setting next_dagrun for example_kubernetes_executor to None, run_after=None
[2022-12-23 23:06:55,318] {processor.py:161} INFO - Processing /home/airflow/.local/lib/python3.7/site-packages/airflow/example_dags/example_kubernetes_executor.py took 0.210 seconds
[2022-12-23 23:07:25,571] {processor.py:153} INFO - Started process (PID=536) to work on /home/airflow/.local/lib/python3.7/site-packages/airflow/example_dags/example_kubernetes_executor.py
[2022-12-23 23:07:25,575] {processor.py:641} INFO - Processing file /home/airflow/.local/lib/python3.7/site-packages/airflow/example_dags/example_kubernetes_executor.py for tasks to queue
[2022-12-23 23:07:25,576] {logging_mixin.py:115} INFO - [2022-12-23 23:07:25,576] {dagbag.py:507} INFO - Filling up the DagBag from /home/airflow/.local/lib/python3.7/site-packages/airflow/example_dags/example_kubernetes_executor.py
[2022-12-23 23:07:25,595] {processor.py:651} INFO - DAG(s) dict_keys(['example_kubernetes_executor']) retrieved from /home/airflow/.local/lib/python3.7/site-packages/airflow/example_dags/example_kubernetes_executor.py
[2022-12-23 23:07:25,622] {logging_mixin.py:115} INFO - [2022-12-23 23:07:25,622] {dag.py:2371} INFO - Sync 1 DAGs
[2022-12-23 23:07:25,735] {logging_mixin.py:115} INFO - [2022-12-23 23:07:25,735] {dag.py:2919} INFO - Setting next_dagrun for example_kubernetes_executor to None, run_after=None
[2022-12-23 23:07:25,743] {processor.py:161} INFO - Processing /home/airflow/.local/lib/python3.7/site-packages/airflow/example_dags/example_kubernetes_executor.py took 0.175 seconds
[2022-12-23 23:07:55,952] {processor.py:153} INFO - Started process (PID=590) to work on /home/airflow/.local/lib/python3.7/site-packages/airflow/example_dags/example_kubernetes_executor.py
[2022-12-23 23:07:55,953] {processor.py:641} INFO - Processing file /home/airflow/.local/lib/python3.7/site-packages/airflow/example_dags/example_kubernetes_executor.py for tasks to queue
[2022-12-23 23:07:55,954] {logging_mixin.py:115} INFO - [2022-12-23 23:07:55,954] {dagbag.py:507} INFO - Filling up the DagBag from /home/airflow/.local/lib/python3.7/site-packages/airflow/example_dags/example_kubernetes_executor.py
[2022-12-23 23:07:55,973] {processor.py:651} INFO - DAG(s) dict_keys(['example_kubernetes_executor']) retrieved from /home/airflow/.local/lib/python3.7/site-packages/airflow/example_dags/example_kubernetes_executor.py
[2022-12-23 23:07:55,998] {logging_mixin.py:115} INFO - [2022-12-23 23:07:55,998] {dag.py:2371} INFO - Sync 1 DAGs
[2022-12-23 23:07:56,107] {logging_mixin.py:115} INFO - [2022-12-23 23:07:56,107] {dag.py:2919} INFO - Setting next_dagrun for example_kubernetes_executor to None, run_after=None
[2022-12-23 23:07:56,114] {processor.py:161} INFO - Processing /home/airflow/.local/lib/python3.7/site-packages/airflow/example_dags/example_kubernetes_executor.py took 0.166 seconds
[2022-12-23 23:08:26,342] {processor.py:153} INFO - Started process (PID=654) to work on /home/airflow/.local/lib/python3.7/site-packages/airflow/example_dags/example_kubernetes_executor.py
[2022-12-23 23:08:26,343] {processor.py:641} INFO - Processing file /home/airflow/.local/lib/python3.7/site-packages/airflow/example_dags/example_kubernetes_executor.py for tasks to queue
[2022-12-23 23:08:26,344] {logging_mixin.py:115} INFO - [2022-12-23 23:08:26,344] {dagbag.py:507} INFO - Filling up the DagBag from /home/airflow/.local/lib/python3.7/site-packages/airflow/example_dags/example_kubernetes_executor.py
[2022-12-23 23:08:26,361] {processor.py:651} INFO - DAG(s) dict_keys(['example_kubernetes_executor']) retrieved from /home/airflow/.local/lib/python3.7/site-packages/airflow/example_dags/example_kubernetes_executor.py
[2022-12-23 23:08:26,477] {logging_mixin.py:115} INFO - [2022-12-23 23:08:26,477] {dag.py:2371} INFO - Sync 1 DAGs
[2022-12-23 23:08:26,489] {logging_mixin.py:115} INFO - [2022-12-23 23:08:26,489] {dag.py:2919} INFO - Setting next_dagrun for example_kubernetes_executor to None, run_after=None
[2022-12-23 23:08:26,497] {processor.py:161} INFO - Processing /home/airflow/.local/lib/python3.7/site-packages/airflow/example_dags/example_kubernetes_executor.py took 0.158 seconds
