[2022-12-23T00:00:05.267+0000] {processor.py:153} INFO - Started process (PID=3150) to work on /home/airflow/.local/lib/python3.7/site-packages/airflow/example_dags/example_branch_datetime_operator.py
[2022-12-23T00:00:05.268+0000] {processor.py:743} INFO - Processing file /home/airflow/.local/lib/python3.7/site-packages/airflow/example_dags/example_branch_datetime_operator.py for tasks to queue
[2022-12-23T00:00:05.269+0000] {logging_mixin.py:137} INFO - [2022-12-23T00:00:05.269+0000] {dagbag.py:538} INFO - Filling up the DagBag from /home/airflow/.local/lib/python3.7/site-packages/airflow/example_dags/example_branch_datetime_operator.py
[2022-12-23T00:00:05.288+0000] {processor.py:753} INFO - DAG(s) dict_keys(['example_branch_datetime_operator', 'example_branch_datetime_operator_2', 'example_branch_datetime_operator_3']) retrieved from /home/airflow/.local/lib/python3.7/site-packages/airflow/example_dags/example_branch_datetime_operator.py
[2022-12-23T00:00:05.342+0000] {logging_mixin.py:137} INFO - [2022-12-23T00:00:05.341+0000] {dag.py:2676} INFO - Sync 3 DAGs
[2022-12-23T00:00:05.370+0000] {logging_mixin.py:137} INFO - [2022-12-23T00:00:05.370+0000] {dag.py:3427} INFO - Setting next_dagrun for example_branch_datetime_operator to 2022-12-22T00:00:00+00:00, run_after=2022-12-23T00:00:00+00:00
[2022-12-23T00:00:05.375+0000] {logging_mixin.py:137} INFO - [2022-12-23T00:00:05.375+0000] {dag.py:3427} INFO - Setting next_dagrun for example_branch_datetime_operator_2 to 2022-12-22T00:00:00+00:00, run_after=2022-12-23T00:00:00+00:00
[2022-12-23T00:00:05.378+0000] {logging_mixin.py:137} INFO - [2022-12-23T00:00:05.378+0000] {dag.py:3427} INFO - Setting next_dagrun for example_branch_datetime_operator_3 to 2022-12-22T00:00:00+00:00, run_after=2022-12-23T00:00:00+00:00
[2022-12-23T00:00:05.407+0000] {processor.py:175} INFO - Processing /home/airflow/.local/lib/python3.7/site-packages/airflow/example_dags/example_branch_datetime_operator.py took 0.144 seconds
[2022-12-23T00:00:36.004+0000] {processor.py:153} INFO - Started process (PID=3365) to work on /home/airflow/.local/lib/python3.7/site-packages/airflow/example_dags/example_branch_datetime_operator.py
[2022-12-23T00:00:36.005+0000] {processor.py:743} INFO - Processing file /home/airflow/.local/lib/python3.7/site-packages/airflow/example_dags/example_branch_datetime_operator.py for tasks to queue
[2022-12-23T00:00:36.006+0000] {logging_mixin.py:137} INFO - [2022-12-23T00:00:36.006+0000] {dagbag.py:538} INFO - Filling up the DagBag from /home/airflow/.local/lib/python3.7/site-packages/airflow/example_dags/example_branch_datetime_operator.py
[2022-12-23T00:00:36.020+0000] {processor.py:753} INFO - DAG(s) dict_keys(['example_branch_datetime_operator', 'example_branch_datetime_operator_2', 'example_branch_datetime_operator_3']) retrieved from /home/airflow/.local/lib/python3.7/site-packages/airflow/example_dags/example_branch_datetime_operator.py
[2022-12-23T00:00:36.056+0000] {logging_mixin.py:137} INFO - [2022-12-23T00:00:36.055+0000] {dag.py:2676} INFO - Sync 3 DAGs
[2022-12-23T00:00:36.075+0000] {logging_mixin.py:137} INFO - [2022-12-23T00:00:36.075+0000] {dag.py:3427} INFO - Setting next_dagrun for example_branch_datetime_operator to 2022-12-22T00:00:00+00:00, run_after=2022-12-23T00:00:00+00:00
[2022-12-23T00:00:36.079+0000] {logging_mixin.py:137} INFO - [2022-12-23T00:00:36.079+0000] {dag.py:3427} INFO - Setting next_dagrun for example_branch_datetime_operator_2 to 2022-12-22T00:00:00+00:00, run_after=2022-12-23T00:00:00+00:00
[2022-12-23T00:00:36.081+0000] {logging_mixin.py:137} INFO - [2022-12-23T00:00:36.081+0000] {dag.py:3427} INFO - Setting next_dagrun for example_branch_datetime_operator_3 to 2022-12-22T00:00:00+00:00, run_after=2022-12-23T00:00:00+00:00
[2022-12-23T00:00:36.095+0000] {processor.py:175} INFO - Processing /home/airflow/.local/lib/python3.7/site-packages/airflow/example_dags/example_branch_datetime_operator.py took 0.094 seconds
[2022-12-23T00:01:06.698+0000] {processor.py:153} INFO - Started process (PID=3591) to work on /home/airflow/.local/lib/python3.7/site-packages/airflow/example_dags/example_branch_datetime_operator.py
[2022-12-23T00:01:06.700+0000] {processor.py:743} INFO - Processing file /home/airflow/.local/lib/python3.7/site-packages/airflow/example_dags/example_branch_datetime_operator.py for tasks to queue
[2022-12-23T00:01:06.701+0000] {logging_mixin.py:137} INFO - [2022-12-23T00:01:06.701+0000] {dagbag.py:538} INFO - Filling up the DagBag from /home/airflow/.local/lib/python3.7/site-packages/airflow/example_dags/example_branch_datetime_operator.py
[2022-12-23T00:01:06.715+0000] {processor.py:753} INFO - DAG(s) dict_keys(['example_branch_datetime_operator_2', 'example_branch_datetime_operator', 'example_branch_datetime_operator_3']) retrieved from /home/airflow/.local/lib/python3.7/site-packages/airflow/example_dags/example_branch_datetime_operator.py
[2022-12-23T00:01:06.752+0000] {logging_mixin.py:137} INFO - [2022-12-23T00:01:06.752+0000] {dag.py:2676} INFO - Sync 3 DAGs
[2022-12-23T00:01:06.771+0000] {logging_mixin.py:137} INFO - [2022-12-23T00:01:06.771+0000] {dag.py:3427} INFO - Setting next_dagrun for example_branch_datetime_operator to 2022-12-22T00:00:00+00:00, run_after=2022-12-23T00:00:00+00:00
[2022-12-23T00:01:06.775+0000] {logging_mixin.py:137} INFO - [2022-12-23T00:01:06.775+0000] {dag.py:3427} INFO - Setting next_dagrun for example_branch_datetime_operator_2 to 2022-12-22T00:00:00+00:00, run_after=2022-12-23T00:00:00+00:00
[2022-12-23T00:01:06.777+0000] {logging_mixin.py:137} INFO - [2022-12-23T00:01:06.777+0000] {dag.py:3427} INFO - Setting next_dagrun for example_branch_datetime_operator_3 to 2022-12-22T00:00:00+00:00, run_after=2022-12-23T00:00:00+00:00
[2022-12-23T00:01:06.790+0000] {processor.py:175} INFO - Processing /home/airflow/.local/lib/python3.7/site-packages/airflow/example_dags/example_branch_datetime_operator.py took 0.095 seconds
[2022-12-23T00:03:13.389+0000] {processor.py:153} INFO - Started process (PID=258) to work on /home/airflow/.local/lib/python3.7/site-packages/airflow/example_dags/example_branch_datetime_operator.py
[2022-12-23T00:03:13.390+0000] {processor.py:743} INFO - Processing file /home/airflow/.local/lib/python3.7/site-packages/airflow/example_dags/example_branch_datetime_operator.py for tasks to queue
[2022-12-23T00:03:13.392+0000] {logging_mixin.py:137} INFO - [2022-12-23T00:03:13.392+0000] {dagbag.py:538} INFO - Filling up the DagBag from /home/airflow/.local/lib/python3.7/site-packages/airflow/example_dags/example_branch_datetime_operator.py
[2022-12-23T00:03:13.416+0000] {processor.py:753} INFO - DAG(s) dict_keys(['example_branch_datetime_operator', 'example_branch_datetime_operator_2', 'example_branch_datetime_operator_3']) retrieved from /home/airflow/.local/lib/python3.7/site-packages/airflow/example_dags/example_branch_datetime_operator.py
[2022-12-23T00:03:13.443+0000] {logging_mixin.py:137} INFO - [2022-12-23T00:03:13.443+0000] {dag.py:2676} INFO - Sync 3 DAGs
[2022-12-23T00:03:13.466+0000] {logging_mixin.py:137} INFO - [2022-12-23T00:03:13.466+0000] {dag.py:3427} INFO - Setting next_dagrun for example_branch_datetime_operator to 2022-12-22T00:00:00+00:00, run_after=2022-12-23T00:00:00+00:00
[2022-12-23T00:03:13.470+0000] {logging_mixin.py:137} INFO - [2022-12-23T00:03:13.470+0000] {dag.py:3427} INFO - Setting next_dagrun for example_branch_datetime_operator_2 to 2022-12-22T00:00:00+00:00, run_after=2022-12-23T00:00:00+00:00
[2022-12-23T00:03:13.472+0000] {logging_mixin.py:137} INFO - [2022-12-23T00:03:13.472+0000] {dag.py:3427} INFO - Setting next_dagrun for example_branch_datetime_operator_3 to 2022-12-22T00:00:00+00:00, run_after=2022-12-23T00:00:00+00:00
[2022-12-23T00:03:13.487+0000] {processor.py:175} INFO - Processing /home/airflow/.local/lib/python3.7/site-packages/airflow/example_dags/example_branch_datetime_operator.py took 0.102 seconds
[2022-12-23T00:03:44.387+0000] {processor.py:153} INFO - Started process (PID=484) to work on /home/airflow/.local/lib/python3.7/site-packages/airflow/example_dags/example_branch_datetime_operator.py
[2022-12-23T00:03:44.389+0000] {processor.py:743} INFO - Processing file /home/airflow/.local/lib/python3.7/site-packages/airflow/example_dags/example_branch_datetime_operator.py for tasks to queue
[2022-12-23T00:03:44.391+0000] {logging_mixin.py:137} INFO - [2022-12-23T00:03:44.391+0000] {dagbag.py:538} INFO - Filling up the DagBag from /home/airflow/.local/lib/python3.7/site-packages/airflow/example_dags/example_branch_datetime_operator.py
[2022-12-23T00:03:44.406+0000] {processor.py:753} INFO - DAG(s) dict_keys(['example_branch_datetime_operator_3', 'example_branch_datetime_operator', 'example_branch_datetime_operator_2']) retrieved from /home/airflow/.local/lib/python3.7/site-packages/airflow/example_dags/example_branch_datetime_operator.py
[2022-12-23T00:03:44.446+0000] {logging_mixin.py:137} INFO - [2022-12-23T00:03:44.446+0000] {dag.py:2676} INFO - Sync 3 DAGs
[2022-12-23T00:03:44.467+0000] {logging_mixin.py:137} INFO - [2022-12-23T00:03:44.466+0000] {dag.py:3427} INFO - Setting next_dagrun for example_branch_datetime_operator to 2022-12-22T00:00:00+00:00, run_after=2022-12-23T00:00:00+00:00
[2022-12-23T00:03:44.471+0000] {logging_mixin.py:137} INFO - [2022-12-23T00:03:44.471+0000] {dag.py:3427} INFO - Setting next_dagrun for example_branch_datetime_operator_2 to 2022-12-22T00:00:00+00:00, run_after=2022-12-23T00:00:00+00:00
[2022-12-23T00:03:44.473+0000] {logging_mixin.py:137} INFO - [2022-12-23T00:03:44.473+0000] {dag.py:3427} INFO - Setting next_dagrun for example_branch_datetime_operator_3 to 2022-12-22T00:00:00+00:00, run_after=2022-12-23T00:00:00+00:00
[2022-12-23T00:03:44.485+0000] {processor.py:175} INFO - Processing /home/airflow/.local/lib/python3.7/site-packages/airflow/example_dags/example_branch_datetime_operator.py took 0.101 seconds
[2022-12-23T00:04:15.625+0000] {processor.py:153} INFO - Started process (PID=710) to work on /home/airflow/.local/lib/python3.7/site-packages/airflow/example_dags/example_branch_datetime_operator.py
[2022-12-23T00:04:15.627+0000] {processor.py:743} INFO - Processing file /home/airflow/.local/lib/python3.7/site-packages/airflow/example_dags/example_branch_datetime_operator.py for tasks to queue
[2022-12-23T00:04:15.628+0000] {logging_mixin.py:137} INFO - [2022-12-23T00:04:15.628+0000] {dagbag.py:538} INFO - Filling up the DagBag from /home/airflow/.local/lib/python3.7/site-packages/airflow/example_dags/example_branch_datetime_operator.py
[2022-12-23T00:04:15.651+0000] {processor.py:753} INFO - DAG(s) dict_keys(['example_branch_datetime_operator_3', 'example_branch_datetime_operator_2', 'example_branch_datetime_operator']) retrieved from /home/airflow/.local/lib/python3.7/site-packages/airflow/example_dags/example_branch_datetime_operator.py
[2022-12-23T00:04:15.712+0000] {logging_mixin.py:137} INFO - [2022-12-23T00:04:15.712+0000] {dag.py:2676} INFO - Sync 3 DAGs
[2022-12-23T00:04:15.738+0000] {logging_mixin.py:137} INFO - [2022-12-23T00:04:15.738+0000] {dag.py:3427} INFO - Setting next_dagrun for example_branch_datetime_operator to 2022-12-22T00:00:00+00:00, run_after=2022-12-23T00:00:00+00:00
[2022-12-23T00:04:15.743+0000] {logging_mixin.py:137} INFO - [2022-12-23T00:04:15.743+0000] {dag.py:3427} INFO - Setting next_dagrun for example_branch_datetime_operator_2 to 2022-12-22T00:00:00+00:00, run_after=2022-12-23T00:00:00+00:00
[2022-12-23T00:04:15.746+0000] {logging_mixin.py:137} INFO - [2022-12-23T00:04:15.746+0000] {dag.py:3427} INFO - Setting next_dagrun for example_branch_datetime_operator_3 to 2022-12-22T00:00:00+00:00, run_after=2022-12-23T00:00:00+00:00
[2022-12-23T00:04:15.760+0000] {processor.py:175} INFO - Processing /home/airflow/.local/lib/python3.7/site-packages/airflow/example_dags/example_branch_datetime_operator.py took 0.138 seconds
[2022-12-23T00:04:46.742+0000] {processor.py:153} INFO - Started process (PID=924) to work on /home/airflow/.local/lib/python3.7/site-packages/airflow/example_dags/example_branch_datetime_operator.py
[2022-12-23T00:04:46.744+0000] {processor.py:743} INFO - Processing file /home/airflow/.local/lib/python3.7/site-packages/airflow/example_dags/example_branch_datetime_operator.py for tasks to queue
[2022-12-23T00:04:46.747+0000] {logging_mixin.py:137} INFO - [2022-12-23T00:04:46.746+0000] {dagbag.py:538} INFO - Filling up the DagBag from /home/airflow/.local/lib/python3.7/site-packages/airflow/example_dags/example_branch_datetime_operator.py
[2022-12-23T00:04:46.764+0000] {processor.py:753} INFO - DAG(s) dict_keys(['example_branch_datetime_operator', 'example_branch_datetime_operator_2', 'example_branch_datetime_operator_3']) retrieved from /home/airflow/.local/lib/python3.7/site-packages/airflow/example_dags/example_branch_datetime_operator.py
[2022-12-23T00:04:46.803+0000] {logging_mixin.py:137} INFO - [2022-12-23T00:04:46.803+0000] {dag.py:2676} INFO - Sync 3 DAGs
[2022-12-23T00:04:46.821+0000] {logging_mixin.py:137} INFO - [2022-12-23T00:04:46.821+0000] {dag.py:3427} INFO - Setting next_dagrun for example_branch_datetime_operator to 2022-12-22T00:00:00+00:00, run_after=2022-12-23T00:00:00+00:00
[2022-12-23T00:04:46.825+0000] {logging_mixin.py:137} INFO - [2022-12-23T00:04:46.825+0000] {dag.py:3427} INFO - Setting next_dagrun for example_branch_datetime_operator_2 to 2022-12-22T00:00:00+00:00, run_after=2022-12-23T00:00:00+00:00
[2022-12-23T00:04:46.828+0000] {logging_mixin.py:137} INFO - [2022-12-23T00:04:46.828+0000] {dag.py:3427} INFO - Setting next_dagrun for example_branch_datetime_operator_3 to 2022-12-22T00:00:00+00:00, run_after=2022-12-23T00:00:00+00:00
[2022-12-23T00:04:46.841+0000] {processor.py:175} INFO - Processing /home/airflow/.local/lib/python3.7/site-packages/airflow/example_dags/example_branch_datetime_operator.py took 0.102 seconds
[2022-12-23T00:05:17.594+0000] {processor.py:153} INFO - Started process (PID=1151) to work on /home/airflow/.local/lib/python3.7/site-packages/airflow/example_dags/example_branch_datetime_operator.py
[2022-12-23T00:05:17.595+0000] {processor.py:743} INFO - Processing file /home/airflow/.local/lib/python3.7/site-packages/airflow/example_dags/example_branch_datetime_operator.py for tasks to queue
[2022-12-23T00:05:17.597+0000] {logging_mixin.py:137} INFO - [2022-12-23T00:05:17.596+0000] {dagbag.py:538} INFO - Filling up the DagBag from /home/airflow/.local/lib/python3.7/site-packages/airflow/example_dags/example_branch_datetime_operator.py
[2022-12-23T00:05:17.612+0000] {processor.py:753} INFO - DAG(s) dict_keys(['example_branch_datetime_operator_2', 'example_branch_datetime_operator_3', 'example_branch_datetime_operator']) retrieved from /home/airflow/.local/lib/python3.7/site-packages/airflow/example_dags/example_branch_datetime_operator.py
[2022-12-23T00:05:17.649+0000] {logging_mixin.py:137} INFO - [2022-12-23T00:05:17.649+0000] {dag.py:2676} INFO - Sync 3 DAGs
[2022-12-23T00:05:17.670+0000] {logging_mixin.py:137} INFO - [2022-12-23T00:05:17.670+0000] {dag.py:3427} INFO - Setting next_dagrun for example_branch_datetime_operator to 2022-12-22T00:00:00+00:00, run_after=2022-12-23T00:00:00+00:00
[2022-12-23T00:05:17.675+0000] {logging_mixin.py:137} INFO - [2022-12-23T00:05:17.675+0000] {dag.py:3427} INFO - Setting next_dagrun for example_branch_datetime_operator_2 to 2022-12-22T00:00:00+00:00, run_after=2022-12-23T00:00:00+00:00
[2022-12-23T00:05:17.677+0000] {logging_mixin.py:137} INFO - [2022-12-23T00:05:17.677+0000] {dag.py:3427} INFO - Setting next_dagrun for example_branch_datetime_operator_3 to 2022-12-22T00:00:00+00:00, run_after=2022-12-23T00:00:00+00:00
[2022-12-23T00:05:17.691+0000] {processor.py:175} INFO - Processing /home/airflow/.local/lib/python3.7/site-packages/airflow/example_dags/example_branch_datetime_operator.py took 0.099 seconds
[2022-12-23 22:41:54,609] {processor.py:153} INFO - Started process (PID=264) to work on /home/airflow/.local/lib/python3.7/site-packages/airflow/example_dags/example_branch_datetime_operator.py
[2022-12-23 22:41:54,618] {processor.py:641} INFO - Processing file /home/airflow/.local/lib/python3.7/site-packages/airflow/example_dags/example_branch_datetime_operator.py for tasks to queue
[2022-12-23 22:41:54,620] {logging_mixin.py:115} INFO - [2022-12-23 22:41:54,619] {dagbag.py:507} INFO - Filling up the DagBag from /home/airflow/.local/lib/python3.7/site-packages/airflow/example_dags/example_branch_datetime_operator.py
[2022-12-23 22:41:54,728] {processor.py:651} INFO - DAG(s) dict_keys(['example_branch_datetime_operator_2']) retrieved from /home/airflow/.local/lib/python3.7/site-packages/airflow/example_dags/example_branch_datetime_operator.py
[2022-12-23 22:41:54,953] {logging_mixin.py:115} INFO - [2022-12-23 22:41:54,953] {manager.py:508} INFO - Created Permission View: can delete on DAG:example_branch_datetime_operator_2
[2022-12-23 22:41:54,980] {logging_mixin.py:115} INFO - [2022-12-23 22:41:54,980] {manager.py:508} INFO - Created Permission View: can edit on DAG:example_branch_datetime_operator_2
[2022-12-23 22:41:54,999] {logging_mixin.py:115} INFO - [2022-12-23 22:41:54,999] {manager.py:508} INFO - Created Permission View: can read on DAG:example_branch_datetime_operator_2
[2022-12-23 22:41:55,002] {logging_mixin.py:115} INFO - [2022-12-23 22:41:55,002] {dag.py:2371} INFO - Sync 1 DAGs
[2022-12-23 22:41:55,018] {logging_mixin.py:115} INFO - [2022-12-23 22:41:55,018] {dag.py:2390} INFO - Creating ORM DAG for example_branch_datetime_operator_2
[2022-12-23 22:41:55,070] {logging_mixin.py:115} INFO - [2022-12-23 22:41:55,070] {dag.py:2919} INFO - Setting next_dagrun for example_branch_datetime_operator_2 to 2022-12-22T00:00:00+00:00, run_after=2022-12-23T00:00:00+00:00
[2022-12-23 22:41:55,111] {processor.py:161} INFO - Processing /home/airflow/.local/lib/python3.7/site-packages/airflow/example_dags/example_branch_datetime_operator.py took 0.505 seconds
[2022-12-23 22:42:25,718] {processor.py:153} INFO - Started process (PID=458) to work on /home/airflow/.local/lib/python3.7/site-packages/airflow/example_dags/example_branch_datetime_operator.py
[2022-12-23 22:42:25,719] {processor.py:641} INFO - Processing file /home/airflow/.local/lib/python3.7/site-packages/airflow/example_dags/example_branch_datetime_operator.py for tasks to queue
[2022-12-23 22:42:25,720] {logging_mixin.py:115} INFO - [2022-12-23 22:42:25,720] {dagbag.py:507} INFO - Filling up the DagBag from /home/airflow/.local/lib/python3.7/site-packages/airflow/example_dags/example_branch_datetime_operator.py
[2022-12-23 22:42:25,741] {processor.py:651} INFO - DAG(s) dict_keys(['example_branch_datetime_operator_2']) retrieved from /home/airflow/.local/lib/python3.7/site-packages/airflow/example_dags/example_branch_datetime_operator.py
[2022-12-23 22:42:25,809] {logging_mixin.py:115} INFO - [2022-12-23 22:42:25,808] {dag.py:2371} INFO - Sync 1 DAGs
[2022-12-23 22:42:25,838] {logging_mixin.py:115} INFO - [2022-12-23 22:42:25,838] {dag.py:2919} INFO - Setting next_dagrun for example_branch_datetime_operator_2 to 2022-12-22T00:00:00+00:00, run_after=2022-12-23T00:00:00+00:00
[2022-12-23 22:42:25,858] {processor.py:161} INFO - Processing /home/airflow/.local/lib/python3.7/site-packages/airflow/example_dags/example_branch_datetime_operator.py took 0.144 seconds
[2022-12-23 22:42:55,978] {processor.py:153} INFO - Started process (PID=661) to work on /home/airflow/.local/lib/python3.7/site-packages/airflow/example_dags/example_branch_datetime_operator.py
[2022-12-23 22:42:55,980] {processor.py:641} INFO - Processing file /home/airflow/.local/lib/python3.7/site-packages/airflow/example_dags/example_branch_datetime_operator.py for tasks to queue
[2022-12-23 22:42:55,980] {logging_mixin.py:115} INFO - [2022-12-23 22:42:55,980] {dagbag.py:507} INFO - Filling up the DagBag from /home/airflow/.local/lib/python3.7/site-packages/airflow/example_dags/example_branch_datetime_operator.py
[2022-12-23 22:42:55,987] {processor.py:651} INFO - DAG(s) dict_keys(['example_branch_datetime_operator_2']) retrieved from /home/airflow/.local/lib/python3.7/site-packages/airflow/example_dags/example_branch_datetime_operator.py
[2022-12-23 22:42:56,012] {logging_mixin.py:115} INFO - [2022-12-23 22:42:56,012] {dag.py:2371} INFO - Sync 1 DAGs
[2022-12-23 22:42:56,029] {logging_mixin.py:115} INFO - [2022-12-23 22:42:56,029] {dag.py:2919} INFO - Setting next_dagrun for example_branch_datetime_operator_2 to 2022-12-22T00:00:00+00:00, run_after=2022-12-23T00:00:00+00:00
[2022-12-23 22:42:56,038] {processor.py:161} INFO - Processing /home/airflow/.local/lib/python3.7/site-packages/airflow/example_dags/example_branch_datetime_operator.py took 0.062 seconds
[2022-12-23 22:43:26,193] {processor.py:153} INFO - Started process (PID=864) to work on /home/airflow/.local/lib/python3.7/site-packages/airflow/example_dags/example_branch_datetime_operator.py
[2022-12-23 22:43:26,194] {processor.py:641} INFO - Processing file /home/airflow/.local/lib/python3.7/site-packages/airflow/example_dags/example_branch_datetime_operator.py for tasks to queue
[2022-12-23 22:43:26,195] {logging_mixin.py:115} INFO - [2022-12-23 22:43:26,195] {dagbag.py:507} INFO - Filling up the DagBag from /home/airflow/.local/lib/python3.7/site-packages/airflow/example_dags/example_branch_datetime_operator.py
[2022-12-23 22:43:26,201] {processor.py:651} INFO - DAG(s) dict_keys(['example_branch_datetime_operator_2']) retrieved from /home/airflow/.local/lib/python3.7/site-packages/airflow/example_dags/example_branch_datetime_operator.py
[2022-12-23 22:43:26,227] {logging_mixin.py:115} INFO - [2022-12-23 22:43:26,227] {dag.py:2371} INFO - Sync 1 DAGs
[2022-12-23 22:43:26,243] {logging_mixin.py:115} INFO - [2022-12-23 22:43:26,243] {dag.py:2919} INFO - Setting next_dagrun for example_branch_datetime_operator_2 to 2022-12-22T00:00:00+00:00, run_after=2022-12-23T00:00:00+00:00
[2022-12-23 22:43:26,252] {processor.py:161} INFO - Processing /home/airflow/.local/lib/python3.7/site-packages/airflow/example_dags/example_branch_datetime_operator.py took 0.062 seconds
[2022-12-23 22:43:56,331] {processor.py:153} INFO - Started process (PID=1067) to work on /home/airflow/.local/lib/python3.7/site-packages/airflow/example_dags/example_branch_datetime_operator.py
[2022-12-23 22:43:56,332] {processor.py:641} INFO - Processing file /home/airflow/.local/lib/python3.7/site-packages/airflow/example_dags/example_branch_datetime_operator.py for tasks to queue
[2022-12-23 22:43:56,333] {logging_mixin.py:115} INFO - [2022-12-23 22:43:56,333] {dagbag.py:507} INFO - Filling up the DagBag from /home/airflow/.local/lib/python3.7/site-packages/airflow/example_dags/example_branch_datetime_operator.py
[2022-12-23 22:43:56,340] {processor.py:651} INFO - DAG(s) dict_keys(['example_branch_datetime_operator_2']) retrieved from /home/airflow/.local/lib/python3.7/site-packages/airflow/example_dags/example_branch_datetime_operator.py
[2022-12-23 22:43:56,367] {logging_mixin.py:115} INFO - [2022-12-23 22:43:56,366] {dag.py:2371} INFO - Sync 1 DAGs
[2022-12-23 22:43:56,383] {logging_mixin.py:115} INFO - [2022-12-23 22:43:56,383] {dag.py:2919} INFO - Setting next_dagrun for example_branch_datetime_operator_2 to 2022-12-22T00:00:00+00:00, run_after=2022-12-23T00:00:00+00:00
[2022-12-23 22:43:56,392] {processor.py:161} INFO - Processing /home/airflow/.local/lib/python3.7/site-packages/airflow/example_dags/example_branch_datetime_operator.py took 0.063 seconds
[2022-12-23 22:44:26,572] {processor.py:153} INFO - Started process (PID=1261) to work on /home/airflow/.local/lib/python3.7/site-packages/airflow/example_dags/example_branch_datetime_operator.py
[2022-12-23 22:44:26,573] {processor.py:641} INFO - Processing file /home/airflow/.local/lib/python3.7/site-packages/airflow/example_dags/example_branch_datetime_operator.py for tasks to queue
[2022-12-23 22:44:26,578] {logging_mixin.py:115} INFO - [2022-12-23 22:44:26,578] {dagbag.py:507} INFO - Filling up the DagBag from /home/airflow/.local/lib/python3.7/site-packages/airflow/example_dags/example_branch_datetime_operator.py
[2022-12-23 22:44:26,585] {processor.py:651} INFO - DAG(s) dict_keys(['example_branch_datetime_operator_2']) retrieved from /home/airflow/.local/lib/python3.7/site-packages/airflow/example_dags/example_branch_datetime_operator.py
[2022-12-23 22:44:26,611] {logging_mixin.py:115} INFO - [2022-12-23 22:44:26,610] {dag.py:2371} INFO - Sync 1 DAGs
[2022-12-23 22:44:26,626] {logging_mixin.py:115} INFO - [2022-12-23 22:44:26,626] {dag.py:2919} INFO - Setting next_dagrun for example_branch_datetime_operator_2 to 2022-12-22T00:00:00+00:00, run_after=2022-12-23T00:00:00+00:00
[2022-12-23 22:44:26,635] {processor.py:161} INFO - Processing /home/airflow/.local/lib/python3.7/site-packages/airflow/example_dags/example_branch_datetime_operator.py took 0.066 seconds
[2022-12-23 22:44:57,615] {processor.py:153} INFO - Started process (PID=1466) to work on /home/airflow/.local/lib/python3.7/site-packages/airflow/example_dags/example_branch_datetime_operator.py
[2022-12-23 22:44:57,616] {processor.py:641} INFO - Processing file /home/airflow/.local/lib/python3.7/site-packages/airflow/example_dags/example_branch_datetime_operator.py for tasks to queue
[2022-12-23 22:44:57,617] {logging_mixin.py:115} INFO - [2022-12-23 22:44:57,617] {dagbag.py:507} INFO - Filling up the DagBag from /home/airflow/.local/lib/python3.7/site-packages/airflow/example_dags/example_branch_datetime_operator.py
[2022-12-23 22:44:57,623] {processor.py:651} INFO - DAG(s) dict_keys(['example_branch_datetime_operator_2']) retrieved from /home/airflow/.local/lib/python3.7/site-packages/airflow/example_dags/example_branch_datetime_operator.py
[2022-12-23 22:44:57,649] {logging_mixin.py:115} INFO - [2022-12-23 22:44:57,649] {dag.py:2371} INFO - Sync 1 DAGs
[2022-12-23 22:44:57,664] {logging_mixin.py:115} INFO - [2022-12-23 22:44:57,664] {dag.py:2919} INFO - Setting next_dagrun for example_branch_datetime_operator_2 to 2022-12-22T00:00:00+00:00, run_after=2022-12-23T00:00:00+00:00
[2022-12-23 22:44:57,672] {processor.py:161} INFO - Processing /home/airflow/.local/lib/python3.7/site-packages/airflow/example_dags/example_branch_datetime_operator.py took 0.060 seconds
[2022-12-23 22:45:28,488] {processor.py:153} INFO - Started process (PID=1669) to work on /home/airflow/.local/lib/python3.7/site-packages/airflow/example_dags/example_branch_datetime_operator.py
[2022-12-23 22:45:28,490] {processor.py:641} INFO - Processing file /home/airflow/.local/lib/python3.7/site-packages/airflow/example_dags/example_branch_datetime_operator.py for tasks to queue
[2022-12-23 22:45:28,491] {logging_mixin.py:115} INFO - [2022-12-23 22:45:28,491] {dagbag.py:507} INFO - Filling up the DagBag from /home/airflow/.local/lib/python3.7/site-packages/airflow/example_dags/example_branch_datetime_operator.py
[2022-12-23 22:45:28,497] {processor.py:651} INFO - DAG(s) dict_keys(['example_branch_datetime_operator_2']) retrieved from /home/airflow/.local/lib/python3.7/site-packages/airflow/example_dags/example_branch_datetime_operator.py
[2022-12-23 22:45:28,523] {logging_mixin.py:115} INFO - [2022-12-23 22:45:28,523] {dag.py:2371} INFO - Sync 1 DAGs
[2022-12-23 22:45:28,539] {logging_mixin.py:115} INFO - [2022-12-23 22:45:28,539] {dag.py:2919} INFO - Setting next_dagrun for example_branch_datetime_operator_2 to 2022-12-22T00:00:00+00:00, run_after=2022-12-23T00:00:00+00:00
[2022-12-23 22:45:28,548] {processor.py:161} INFO - Processing /home/airflow/.local/lib/python3.7/site-packages/airflow/example_dags/example_branch_datetime_operator.py took 0.063 seconds
[2022-12-23 22:45:59,624] {processor.py:153} INFO - Started process (PID=1872) to work on /home/airflow/.local/lib/python3.7/site-packages/airflow/example_dags/example_branch_datetime_operator.py
[2022-12-23 22:45:59,627] {processor.py:641} INFO - Processing file /home/airflow/.local/lib/python3.7/site-packages/airflow/example_dags/example_branch_datetime_operator.py for tasks to queue
[2022-12-23 22:45:59,630] {logging_mixin.py:115} INFO - [2022-12-23 22:45:59,630] {dagbag.py:507} INFO - Filling up the DagBag from /home/airflow/.local/lib/python3.7/site-packages/airflow/example_dags/example_branch_datetime_operator.py
[2022-12-23 22:45:59,641] {processor.py:651} INFO - DAG(s) dict_keys(['example_branch_datetime_operator_2']) retrieved from /home/airflow/.local/lib/python3.7/site-packages/airflow/example_dags/example_branch_datetime_operator.py
[2022-12-23 22:45:59,669] {logging_mixin.py:115} INFO - [2022-12-23 22:45:59,669] {dag.py:2371} INFO - Sync 1 DAGs
[2022-12-23 22:45:59,685] {logging_mixin.py:115} INFO - [2022-12-23 22:45:59,685] {dag.py:2919} INFO - Setting next_dagrun for example_branch_datetime_operator_2 to 2022-12-22T00:00:00+00:00, run_after=2022-12-23T00:00:00+00:00
[2022-12-23 22:45:59,694] {processor.py:161} INFO - Processing /home/airflow/.local/lib/python3.7/site-packages/airflow/example_dags/example_branch_datetime_operator.py took 0.073 seconds
[2022-12-23 22:46:30,751] {processor.py:153} INFO - Started process (PID=2072) to work on /home/airflow/.local/lib/python3.7/site-packages/airflow/example_dags/example_branch_datetime_operator.py
[2022-12-23 22:46:30,752] {processor.py:641} INFO - Processing file /home/airflow/.local/lib/python3.7/site-packages/airflow/example_dags/example_branch_datetime_operator.py for tasks to queue
[2022-12-23 22:46:30,753] {logging_mixin.py:115} INFO - [2022-12-23 22:46:30,753] {dagbag.py:507} INFO - Filling up the DagBag from /home/airflow/.local/lib/python3.7/site-packages/airflow/example_dags/example_branch_datetime_operator.py
[2022-12-23 22:46:30,759] {processor.py:651} INFO - DAG(s) dict_keys(['example_branch_datetime_operator_2']) retrieved from /home/airflow/.local/lib/python3.7/site-packages/airflow/example_dags/example_branch_datetime_operator.py
[2022-12-23 22:46:30,785] {logging_mixin.py:115} INFO - [2022-12-23 22:46:30,785] {dag.py:2371} INFO - Sync 1 DAGs
[2022-12-23 22:46:30,802] {logging_mixin.py:115} INFO - [2022-12-23 22:46:30,802] {dag.py:2919} INFO - Setting next_dagrun for example_branch_datetime_operator_2 to 2022-12-22T00:00:00+00:00, run_after=2022-12-23T00:00:00+00:00
[2022-12-23 22:46:30,810] {processor.py:161} INFO - Processing /home/airflow/.local/lib/python3.7/site-packages/airflow/example_dags/example_branch_datetime_operator.py took 0.062 seconds
[2022-12-23 22:47:00,997] {processor.py:153} INFO - Started process (PID=2277) to work on /home/airflow/.local/lib/python3.7/site-packages/airflow/example_dags/example_branch_datetime_operator.py
[2022-12-23 22:47:00,998] {processor.py:641} INFO - Processing file /home/airflow/.local/lib/python3.7/site-packages/airflow/example_dags/example_branch_datetime_operator.py for tasks to queue
[2022-12-23 22:47:01,000] {logging_mixin.py:115} INFO - [2022-12-23 22:47:00,999] {dagbag.py:507} INFO - Filling up the DagBag from /home/airflow/.local/lib/python3.7/site-packages/airflow/example_dags/example_branch_datetime_operator.py
[2022-12-23 22:47:01,006] {processor.py:651} INFO - DAG(s) dict_keys(['example_branch_datetime_operator_2']) retrieved from /home/airflow/.local/lib/python3.7/site-packages/airflow/example_dags/example_branch_datetime_operator.py
[2022-12-23 22:47:01,033] {logging_mixin.py:115} INFO - [2022-12-23 22:47:01,033] {dag.py:2371} INFO - Sync 1 DAGs
[2022-12-23 22:47:01,053] {logging_mixin.py:115} INFO - [2022-12-23 22:47:01,053] {dag.py:2919} INFO - Setting next_dagrun for example_branch_datetime_operator_2 to 2022-12-22T00:00:00+00:00, run_after=2022-12-23T00:00:00+00:00
[2022-12-23 22:47:01,067] {processor.py:161} INFO - Processing /home/airflow/.local/lib/python3.7/site-packages/airflow/example_dags/example_branch_datetime_operator.py took 0.072 seconds
[2022-12-23 22:47:32,107] {processor.py:153} INFO - Started process (PID=2471) to work on /home/airflow/.local/lib/python3.7/site-packages/airflow/example_dags/example_branch_datetime_operator.py
[2022-12-23 22:47:32,109] {processor.py:641} INFO - Processing file /home/airflow/.local/lib/python3.7/site-packages/airflow/example_dags/example_branch_datetime_operator.py for tasks to queue
[2022-12-23 22:47:32,109] {logging_mixin.py:115} INFO - [2022-12-23 22:47:32,109] {dagbag.py:507} INFO - Filling up the DagBag from /home/airflow/.local/lib/python3.7/site-packages/airflow/example_dags/example_branch_datetime_operator.py
[2022-12-23 22:47:32,116] {processor.py:651} INFO - DAG(s) dict_keys(['example_branch_datetime_operator_2']) retrieved from /home/airflow/.local/lib/python3.7/site-packages/airflow/example_dags/example_branch_datetime_operator.py
[2022-12-23 22:47:32,139] {logging_mixin.py:115} INFO - [2022-12-23 22:47:32,138] {dag.py:2371} INFO - Sync 1 DAGs
[2022-12-23 22:47:32,156] {logging_mixin.py:115} INFO - [2022-12-23 22:47:32,156] {dag.py:2919} INFO - Setting next_dagrun for example_branch_datetime_operator_2 to 2022-12-22T00:00:00+00:00, run_after=2022-12-23T00:00:00+00:00
[2022-12-23 22:47:32,168] {processor.py:161} INFO - Processing /home/airflow/.local/lib/python3.7/site-packages/airflow/example_dags/example_branch_datetime_operator.py took 0.063 seconds
[2022-12-23 22:48:02,222] {processor.py:153} INFO - Started process (PID=2673) to work on /home/airflow/.local/lib/python3.7/site-packages/airflow/example_dags/example_branch_datetime_operator.py
[2022-12-23 22:48:02,223] {processor.py:641} INFO - Processing file /home/airflow/.local/lib/python3.7/site-packages/airflow/example_dags/example_branch_datetime_operator.py for tasks to queue
[2022-12-23 22:48:02,224] {logging_mixin.py:115} INFO - [2022-12-23 22:48:02,224] {dagbag.py:507} INFO - Filling up the DagBag from /home/airflow/.local/lib/python3.7/site-packages/airflow/example_dags/example_branch_datetime_operator.py
[2022-12-23 22:48:02,230] {processor.py:651} INFO - DAG(s) dict_keys(['example_branch_datetime_operator_2']) retrieved from /home/airflow/.local/lib/python3.7/site-packages/airflow/example_dags/example_branch_datetime_operator.py
[2022-12-23 22:48:02,255] {logging_mixin.py:115} INFO - [2022-12-23 22:48:02,255] {dag.py:2371} INFO - Sync 1 DAGs
[2022-12-23 22:48:02,275] {logging_mixin.py:115} INFO - [2022-12-23 22:48:02,275] {dag.py:2919} INFO - Setting next_dagrun for example_branch_datetime_operator_2 to 2022-12-22T00:00:00+00:00, run_after=2022-12-23T00:00:00+00:00
[2022-12-23 22:48:02,285] {processor.py:161} INFO - Processing /home/airflow/.local/lib/python3.7/site-packages/airflow/example_dags/example_branch_datetime_operator.py took 0.066 seconds
[2022-12-23 22:48:32,348] {processor.py:153} INFO - Started process (PID=2874) to work on /home/airflow/.local/lib/python3.7/site-packages/airflow/example_dags/example_branch_datetime_operator.py
[2022-12-23 22:48:32,349] {processor.py:641} INFO - Processing file /home/airflow/.local/lib/python3.7/site-packages/airflow/example_dags/example_branch_datetime_operator.py for tasks to queue
[2022-12-23 22:48:32,350] {logging_mixin.py:115} INFO - [2022-12-23 22:48:32,350] {dagbag.py:507} INFO - Filling up the DagBag from /home/airflow/.local/lib/python3.7/site-packages/airflow/example_dags/example_branch_datetime_operator.py
[2022-12-23 22:48:32,357] {processor.py:651} INFO - DAG(s) dict_keys(['example_branch_datetime_operator_2']) retrieved from /home/airflow/.local/lib/python3.7/site-packages/airflow/example_dags/example_branch_datetime_operator.py
[2022-12-23 22:48:32,382] {logging_mixin.py:115} INFO - [2022-12-23 22:48:32,382] {dag.py:2371} INFO - Sync 1 DAGs
[2022-12-23 22:48:32,400] {logging_mixin.py:115} INFO - [2022-12-23 22:48:32,400] {dag.py:2919} INFO - Setting next_dagrun for example_branch_datetime_operator_2 to 2022-12-22T00:00:00+00:00, run_after=2022-12-23T00:00:00+00:00
[2022-12-23 22:48:32,410] {processor.py:161} INFO - Processing /home/airflow/.local/lib/python3.7/site-packages/airflow/example_dags/example_branch_datetime_operator.py took 0.065 seconds
[2022-12-23 22:49:02,892] {processor.py:153} INFO - Started process (PID=3079) to work on /home/airflow/.local/lib/python3.7/site-packages/airflow/example_dags/example_branch_datetime_operator.py
[2022-12-23 22:49:02,893] {processor.py:641} INFO - Processing file /home/airflow/.local/lib/python3.7/site-packages/airflow/example_dags/example_branch_datetime_operator.py for tasks to queue
[2022-12-23 22:49:02,894] {logging_mixin.py:115} INFO - [2022-12-23 22:49:02,894] {dagbag.py:507} INFO - Filling up the DagBag from /home/airflow/.local/lib/python3.7/site-packages/airflow/example_dags/example_branch_datetime_operator.py
[2022-12-23 22:49:02,901] {processor.py:651} INFO - DAG(s) dict_keys(['example_branch_datetime_operator_2']) retrieved from /home/airflow/.local/lib/python3.7/site-packages/airflow/example_dags/example_branch_datetime_operator.py
[2022-12-23 22:49:02,925] {logging_mixin.py:115} INFO - [2022-12-23 22:49:02,925] {dag.py:2371} INFO - Sync 1 DAGs
[2022-12-23 22:49:02,942] {logging_mixin.py:115} INFO - [2022-12-23 22:49:02,942] {dag.py:2919} INFO - Setting next_dagrun for example_branch_datetime_operator_2 to 2022-12-22T00:00:00+00:00, run_after=2022-12-23T00:00:00+00:00
[2022-12-23 22:49:02,951] {processor.py:161} INFO - Processing /home/airflow/.local/lib/python3.7/site-packages/airflow/example_dags/example_branch_datetime_operator.py took 0.063 seconds
[2022-12-23 22:49:33,031] {processor.py:153} INFO - Started process (PID=3274) to work on /home/airflow/.local/lib/python3.7/site-packages/airflow/example_dags/example_branch_datetime_operator.py
[2022-12-23 22:49:33,033] {processor.py:641} INFO - Processing file /home/airflow/.local/lib/python3.7/site-packages/airflow/example_dags/example_branch_datetime_operator.py for tasks to queue
[2022-12-23 22:49:33,034] {logging_mixin.py:115} INFO - [2022-12-23 22:49:33,034] {dagbag.py:507} INFO - Filling up the DagBag from /home/airflow/.local/lib/python3.7/site-packages/airflow/example_dags/example_branch_datetime_operator.py
[2022-12-23 22:49:33,041] {processor.py:651} INFO - DAG(s) dict_keys(['example_branch_datetime_operator_2']) retrieved from /home/airflow/.local/lib/python3.7/site-packages/airflow/example_dags/example_branch_datetime_operator.py
[2022-12-23 22:49:33,066] {logging_mixin.py:115} INFO - [2022-12-23 22:49:33,066] {dag.py:2371} INFO - Sync 1 DAGs
[2022-12-23 22:49:33,084] {logging_mixin.py:115} INFO - [2022-12-23 22:49:33,084] {dag.py:2919} INFO - Setting next_dagrun for example_branch_datetime_operator_2 to 2022-12-22T00:00:00+00:00, run_after=2022-12-23T00:00:00+00:00
[2022-12-23 22:49:33,095] {processor.py:161} INFO - Processing /home/airflow/.local/lib/python3.7/site-packages/airflow/example_dags/example_branch_datetime_operator.py took 0.067 seconds
[2022-12-23 22:50:03,209] {processor.py:153} INFO - Started process (PID=3478) to work on /home/airflow/.local/lib/python3.7/site-packages/airflow/example_dags/example_branch_datetime_operator.py
[2022-12-23 22:50:03,210] {processor.py:641} INFO - Processing file /home/airflow/.local/lib/python3.7/site-packages/airflow/example_dags/example_branch_datetime_operator.py for tasks to queue
[2022-12-23 22:50:03,211] {logging_mixin.py:115} INFO - [2022-12-23 22:50:03,211] {dagbag.py:507} INFO - Filling up the DagBag from /home/airflow/.local/lib/python3.7/site-packages/airflow/example_dags/example_branch_datetime_operator.py
[2022-12-23 22:50:03,218] {processor.py:651} INFO - DAG(s) dict_keys(['example_branch_datetime_operator_2']) retrieved from /home/airflow/.local/lib/python3.7/site-packages/airflow/example_dags/example_branch_datetime_operator.py
[2022-12-23 22:50:03,242] {logging_mixin.py:115} INFO - [2022-12-23 22:50:03,242] {dag.py:2371} INFO - Sync 1 DAGs
[2022-12-23 22:50:03,259] {logging_mixin.py:115} INFO - [2022-12-23 22:50:03,259] {dag.py:2919} INFO - Setting next_dagrun for example_branch_datetime_operator_2 to 2022-12-22T00:00:00+00:00, run_after=2022-12-23T00:00:00+00:00
[2022-12-23 22:50:03,267] {processor.py:161} INFO - Processing /home/airflow/.local/lib/python3.7/site-packages/airflow/example_dags/example_branch_datetime_operator.py took 0.062 seconds
[2022-12-23 22:50:33,369] {processor.py:153} INFO - Started process (PID=3680) to work on /home/airflow/.local/lib/python3.7/site-packages/airflow/example_dags/example_branch_datetime_operator.py
[2022-12-23 22:50:33,370] {processor.py:641} INFO - Processing file /home/airflow/.local/lib/python3.7/site-packages/airflow/example_dags/example_branch_datetime_operator.py for tasks to queue
[2022-12-23 22:50:33,372] {logging_mixin.py:115} INFO - [2022-12-23 22:50:33,372] {dagbag.py:507} INFO - Filling up the DagBag from /home/airflow/.local/lib/python3.7/site-packages/airflow/example_dags/example_branch_datetime_operator.py
[2022-12-23 22:50:33,379] {processor.py:651} INFO - DAG(s) dict_keys(['example_branch_datetime_operator_2']) retrieved from /home/airflow/.local/lib/python3.7/site-packages/airflow/example_dags/example_branch_datetime_operator.py
[2022-12-23 22:50:33,406] {logging_mixin.py:115} INFO - [2022-12-23 22:50:33,406] {dag.py:2371} INFO - Sync 1 DAGs
[2022-12-23 22:50:33,424] {logging_mixin.py:115} INFO - [2022-12-23 22:50:33,424] {dag.py:2919} INFO - Setting next_dagrun for example_branch_datetime_operator_2 to 2022-12-22T00:00:00+00:00, run_after=2022-12-23T00:00:00+00:00
[2022-12-23 22:50:33,433] {processor.py:161} INFO - Processing /home/airflow/.local/lib/python3.7/site-packages/airflow/example_dags/example_branch_datetime_operator.py took 0.067 seconds
[2022-12-23 22:51:03,842] {processor.py:153} INFO - Started process (PID=3885) to work on /home/airflow/.local/lib/python3.7/site-packages/airflow/example_dags/example_branch_datetime_operator.py
[2022-12-23 22:51:03,843] {processor.py:641} INFO - Processing file /home/airflow/.local/lib/python3.7/site-packages/airflow/example_dags/example_branch_datetime_operator.py for tasks to queue
[2022-12-23 22:51:03,844] {logging_mixin.py:115} INFO - [2022-12-23 22:51:03,844] {dagbag.py:507} INFO - Filling up the DagBag from /home/airflow/.local/lib/python3.7/site-packages/airflow/example_dags/example_branch_datetime_operator.py
[2022-12-23 22:51:03,852] {processor.py:651} INFO - DAG(s) dict_keys(['example_branch_datetime_operator_2']) retrieved from /home/airflow/.local/lib/python3.7/site-packages/airflow/example_dags/example_branch_datetime_operator.py
[2022-12-23 22:51:03,876] {logging_mixin.py:115} INFO - [2022-12-23 22:51:03,876] {dag.py:2371} INFO - Sync 1 DAGs
[2022-12-23 22:51:03,894] {logging_mixin.py:115} INFO - [2022-12-23 22:51:03,894] {dag.py:2919} INFO - Setting next_dagrun for example_branch_datetime_operator_2 to 2022-12-22T00:00:00+00:00, run_after=2022-12-23T00:00:00+00:00
[2022-12-23 22:51:03,904] {processor.py:161} INFO - Processing /home/airflow/.local/lib/python3.7/site-packages/airflow/example_dags/example_branch_datetime_operator.py took 0.064 seconds
[2022-12-23 22:51:34,864] {processor.py:153} INFO - Started process (PID=4087) to work on /home/airflow/.local/lib/python3.7/site-packages/airflow/example_dags/example_branch_datetime_operator.py
[2022-12-23 22:51:34,865] {processor.py:641} INFO - Processing file /home/airflow/.local/lib/python3.7/site-packages/airflow/example_dags/example_branch_datetime_operator.py for tasks to queue
[2022-12-23 22:51:34,866] {logging_mixin.py:115} INFO - [2022-12-23 22:51:34,866] {dagbag.py:507} INFO - Filling up the DagBag from /home/airflow/.local/lib/python3.7/site-packages/airflow/example_dags/example_branch_datetime_operator.py
[2022-12-23 22:51:34,878] {processor.py:651} INFO - DAG(s) dict_keys(['example_branch_datetime_operator_2']) retrieved from /home/airflow/.local/lib/python3.7/site-packages/airflow/example_dags/example_branch_datetime_operator.py
[2022-12-23 22:51:34,904] {logging_mixin.py:115} INFO - [2022-12-23 22:51:34,904] {dag.py:2371} INFO - Sync 1 DAGs
[2022-12-23 22:51:34,921] {logging_mixin.py:115} INFO - [2022-12-23 22:51:34,921] {dag.py:2919} INFO - Setting next_dagrun for example_branch_datetime_operator_2 to 2022-12-22T00:00:00+00:00, run_after=2022-12-23T00:00:00+00:00
[2022-12-23 22:51:34,930] {processor.py:161} INFO - Processing /home/airflow/.local/lib/python3.7/site-packages/airflow/example_dags/example_branch_datetime_operator.py took 0.069 seconds
[2022-12-23 22:52:05,021] {processor.py:153} INFO - Started process (PID=4286) to work on /home/airflow/.local/lib/python3.7/site-packages/airflow/example_dags/example_branch_datetime_operator.py
[2022-12-23 22:52:05,022] {processor.py:641} INFO - Processing file /home/airflow/.local/lib/python3.7/site-packages/airflow/example_dags/example_branch_datetime_operator.py for tasks to queue
[2022-12-23 22:52:05,023] {logging_mixin.py:115} INFO - [2022-12-23 22:52:05,023] {dagbag.py:507} INFO - Filling up the DagBag from /home/airflow/.local/lib/python3.7/site-packages/airflow/example_dags/example_branch_datetime_operator.py
[2022-12-23 22:52:05,029] {processor.py:651} INFO - DAG(s) dict_keys(['example_branch_datetime_operator_2']) retrieved from /home/airflow/.local/lib/python3.7/site-packages/airflow/example_dags/example_branch_datetime_operator.py
[2022-12-23 22:52:05,054] {logging_mixin.py:115} INFO - [2022-12-23 22:52:05,054] {dag.py:2371} INFO - Sync 1 DAGs
[2022-12-23 22:52:05,071] {logging_mixin.py:115} INFO - [2022-12-23 22:52:05,071] {dag.py:2919} INFO - Setting next_dagrun for example_branch_datetime_operator_2 to 2022-12-22T00:00:00+00:00, run_after=2022-12-23T00:00:00+00:00
[2022-12-23 22:52:05,079] {processor.py:161} INFO - Processing /home/airflow/.local/lib/python3.7/site-packages/airflow/example_dags/example_branch_datetime_operator.py took 0.061 seconds
[2022-12-23 22:52:35,136] {processor.py:153} INFO - Started process (PID=4487) to work on /home/airflow/.local/lib/python3.7/site-packages/airflow/example_dags/example_branch_datetime_operator.py
[2022-12-23 22:52:35,138] {processor.py:641} INFO - Processing file /home/airflow/.local/lib/python3.7/site-packages/airflow/example_dags/example_branch_datetime_operator.py for tasks to queue
[2022-12-23 22:52:35,138] {logging_mixin.py:115} INFO - [2022-12-23 22:52:35,138] {dagbag.py:507} INFO - Filling up the DagBag from /home/airflow/.local/lib/python3.7/site-packages/airflow/example_dags/example_branch_datetime_operator.py
[2022-12-23 22:52:35,145] {processor.py:651} INFO - DAG(s) dict_keys(['example_branch_datetime_operator_2']) retrieved from /home/airflow/.local/lib/python3.7/site-packages/airflow/example_dags/example_branch_datetime_operator.py
[2022-12-23 22:52:35,169] {logging_mixin.py:115} INFO - [2022-12-23 22:52:35,169] {dag.py:2371} INFO - Sync 1 DAGs
[2022-12-23 22:52:35,186] {logging_mixin.py:115} INFO - [2022-12-23 22:52:35,186] {dag.py:2919} INFO - Setting next_dagrun for example_branch_datetime_operator_2 to 2022-12-22T00:00:00+00:00, run_after=2022-12-23T00:00:00+00:00
[2022-12-23 22:52:35,194] {processor.py:161} INFO - Processing /home/airflow/.local/lib/python3.7/site-packages/airflow/example_dags/example_branch_datetime_operator.py took 0.060 seconds
[2022-12-23 22:53:05,845] {processor.py:153} INFO - Started process (PID=4702) to work on /home/airflow/.local/lib/python3.7/site-packages/airflow/example_dags/example_branch_datetime_operator.py
[2022-12-23 22:53:05,846] {processor.py:641} INFO - Processing file /home/airflow/.local/lib/python3.7/site-packages/airflow/example_dags/example_branch_datetime_operator.py for tasks to queue
[2022-12-23 22:53:05,847] {logging_mixin.py:115} INFO - [2022-12-23 22:53:05,847] {dagbag.py:507} INFO - Filling up the DagBag from /home/airflow/.local/lib/python3.7/site-packages/airflow/example_dags/example_branch_datetime_operator.py
[2022-12-23 22:53:05,853] {processor.py:651} INFO - DAG(s) dict_keys(['example_branch_datetime_operator_2']) retrieved from /home/airflow/.local/lib/python3.7/site-packages/airflow/example_dags/example_branch_datetime_operator.py
[2022-12-23 22:53:05,882] {logging_mixin.py:115} INFO - [2022-12-23 22:53:05,881] {dag.py:2371} INFO - Sync 1 DAGs
[2022-12-23 22:53:05,902] {logging_mixin.py:115} INFO - [2022-12-23 22:53:05,901] {dag.py:2919} INFO - Setting next_dagrun for example_branch_datetime_operator_2 to 2022-12-22T00:00:00+00:00, run_after=2022-12-23T00:00:00+00:00
[2022-12-23 22:53:05,912] {processor.py:161} INFO - Processing /home/airflow/.local/lib/python3.7/site-packages/airflow/example_dags/example_branch_datetime_operator.py took 0.070 seconds
[2022-12-23 22:53:36,910] {processor.py:153} INFO - Started process (PID=4904) to work on /home/airflow/.local/lib/python3.7/site-packages/airflow/example_dags/example_branch_datetime_operator.py
[2022-12-23 22:53:36,912] {processor.py:641} INFO - Processing file /home/airflow/.local/lib/python3.7/site-packages/airflow/example_dags/example_branch_datetime_operator.py for tasks to queue
[2022-12-23 22:53:36,913] {logging_mixin.py:115} INFO - [2022-12-23 22:53:36,913] {dagbag.py:507} INFO - Filling up the DagBag from /home/airflow/.local/lib/python3.7/site-packages/airflow/example_dags/example_branch_datetime_operator.py
[2022-12-23 22:53:36,919] {processor.py:651} INFO - DAG(s) dict_keys(['example_branch_datetime_operator_2']) retrieved from /home/airflow/.local/lib/python3.7/site-packages/airflow/example_dags/example_branch_datetime_operator.py
[2022-12-23 22:53:36,944] {logging_mixin.py:115} INFO - [2022-12-23 22:53:36,944] {dag.py:2371} INFO - Sync 1 DAGs
[2022-12-23 22:53:36,963] {logging_mixin.py:115} INFO - [2022-12-23 22:53:36,963] {dag.py:2919} INFO - Setting next_dagrun for example_branch_datetime_operator_2 to 2022-12-22T00:00:00+00:00, run_after=2022-12-23T00:00:00+00:00
[2022-12-23 22:53:36,972] {processor.py:161} INFO - Processing /home/airflow/.local/lib/python3.7/site-packages/airflow/example_dags/example_branch_datetime_operator.py took 0.065 seconds
[2022-12-23 22:54:07,345] {processor.py:153} INFO - Started process (PID=5100) to work on /home/airflow/.local/lib/python3.7/site-packages/airflow/example_dags/example_branch_datetime_operator.py
[2022-12-23 22:54:07,346] {processor.py:641} INFO - Processing file /home/airflow/.local/lib/python3.7/site-packages/airflow/example_dags/example_branch_datetime_operator.py for tasks to queue
[2022-12-23 22:54:07,346] {logging_mixin.py:115} INFO - [2022-12-23 22:54:07,346] {dagbag.py:507} INFO - Filling up the DagBag from /home/airflow/.local/lib/python3.7/site-packages/airflow/example_dags/example_branch_datetime_operator.py
[2022-12-23 22:54:07,353] {processor.py:651} INFO - DAG(s) dict_keys(['example_branch_datetime_operator_2']) retrieved from /home/airflow/.local/lib/python3.7/site-packages/airflow/example_dags/example_branch_datetime_operator.py
[2022-12-23 22:54:07,377] {logging_mixin.py:115} INFO - [2022-12-23 22:54:07,377] {dag.py:2371} INFO - Sync 1 DAGs
[2022-12-23 22:54:07,394] {logging_mixin.py:115} INFO - [2022-12-23 22:54:07,394] {dag.py:2919} INFO - Setting next_dagrun for example_branch_datetime_operator_2 to 2022-12-22T00:00:00+00:00, run_after=2022-12-23T00:00:00+00:00
[2022-12-23 22:54:07,403] {processor.py:161} INFO - Processing /home/airflow/.local/lib/python3.7/site-packages/airflow/example_dags/example_branch_datetime_operator.py took 0.061 seconds
[2022-12-23 22:54:37,688] {processor.py:153} INFO - Started process (PID=5307) to work on /home/airflow/.local/lib/python3.7/site-packages/airflow/example_dags/example_branch_datetime_operator.py
[2022-12-23 22:54:37,689] {processor.py:641} INFO - Processing file /home/airflow/.local/lib/python3.7/site-packages/airflow/example_dags/example_branch_datetime_operator.py for tasks to queue
[2022-12-23 22:54:37,690] {logging_mixin.py:115} INFO - [2022-12-23 22:54:37,690] {dagbag.py:507} INFO - Filling up the DagBag from /home/airflow/.local/lib/python3.7/site-packages/airflow/example_dags/example_branch_datetime_operator.py
[2022-12-23 22:54:37,696] {processor.py:651} INFO - DAG(s) dict_keys(['example_branch_datetime_operator_2']) retrieved from /home/airflow/.local/lib/python3.7/site-packages/airflow/example_dags/example_branch_datetime_operator.py
[2022-12-23 22:54:37,724] {logging_mixin.py:115} INFO - [2022-12-23 22:54:37,724] {dag.py:2371} INFO - Sync 1 DAGs
[2022-12-23 22:54:37,742] {logging_mixin.py:115} INFO - [2022-12-23 22:54:37,742] {dag.py:2919} INFO - Setting next_dagrun for example_branch_datetime_operator_2 to 2022-12-22T00:00:00+00:00, run_after=2022-12-23T00:00:00+00:00
[2022-12-23 22:54:37,752] {processor.py:161} INFO - Processing /home/airflow/.local/lib/python3.7/site-packages/airflow/example_dags/example_branch_datetime_operator.py took 0.068 seconds
[2022-12-23 22:55:07,964] {processor.py:153} INFO - Started process (PID=5512) to work on /home/airflow/.local/lib/python3.7/site-packages/airflow/example_dags/example_branch_datetime_operator.py
[2022-12-23 22:55:07,966] {processor.py:641} INFO - Processing file /home/airflow/.local/lib/python3.7/site-packages/airflow/example_dags/example_branch_datetime_operator.py for tasks to queue
[2022-12-23 22:55:07,967] {logging_mixin.py:115} INFO - [2022-12-23 22:55:07,967] {dagbag.py:507} INFO - Filling up the DagBag from /home/airflow/.local/lib/python3.7/site-packages/airflow/example_dags/example_branch_datetime_operator.py
[2022-12-23 22:55:07,974] {processor.py:651} INFO - DAG(s) dict_keys(['example_branch_datetime_operator_2']) retrieved from /home/airflow/.local/lib/python3.7/site-packages/airflow/example_dags/example_branch_datetime_operator.py
[2022-12-23 22:55:08,001] {logging_mixin.py:115} INFO - [2022-12-23 22:55:08,001] {dag.py:2371} INFO - Sync 1 DAGs
[2022-12-23 22:55:08,018] {logging_mixin.py:115} INFO - [2022-12-23 22:55:08,018] {dag.py:2919} INFO - Setting next_dagrun for example_branch_datetime_operator_2 to 2022-12-22T00:00:00+00:00, run_after=2022-12-23T00:00:00+00:00
[2022-12-23 22:55:08,030] {processor.py:161} INFO - Processing /home/airflow/.local/lib/python3.7/site-packages/airflow/example_dags/example_branch_datetime_operator.py took 0.068 seconds
[2022-12-23 22:55:38,117] {processor.py:153} INFO - Started process (PID=5716) to work on /home/airflow/.local/lib/python3.7/site-packages/airflow/example_dags/example_branch_datetime_operator.py
[2022-12-23 22:55:38,118] {processor.py:641} INFO - Processing file /home/airflow/.local/lib/python3.7/site-packages/airflow/example_dags/example_branch_datetime_operator.py for tasks to queue
[2022-12-23 22:55:38,119] {logging_mixin.py:115} INFO - [2022-12-23 22:55:38,119] {dagbag.py:507} INFO - Filling up the DagBag from /home/airflow/.local/lib/python3.7/site-packages/airflow/example_dags/example_branch_datetime_operator.py
[2022-12-23 22:55:38,126] {processor.py:651} INFO - DAG(s) dict_keys(['example_branch_datetime_operator_2']) retrieved from /home/airflow/.local/lib/python3.7/site-packages/airflow/example_dags/example_branch_datetime_operator.py
[2022-12-23 22:55:38,154] {logging_mixin.py:115} INFO - [2022-12-23 22:55:38,153] {dag.py:2371} INFO - Sync 1 DAGs
[2022-12-23 22:55:38,172] {logging_mixin.py:115} INFO - [2022-12-23 22:55:38,172] {dag.py:2919} INFO - Setting next_dagrun for example_branch_datetime_operator_2 to 2022-12-22T00:00:00+00:00, run_after=2022-12-23T00:00:00+00:00
[2022-12-23 22:55:38,182] {processor.py:161} INFO - Processing /home/airflow/.local/lib/python3.7/site-packages/airflow/example_dags/example_branch_datetime_operator.py took 0.068 seconds
[2022-12-23 22:56:08,551] {processor.py:153} INFO - Started process (PID=5918) to work on /home/airflow/.local/lib/python3.7/site-packages/airflow/example_dags/example_branch_datetime_operator.py
[2022-12-23 22:56:08,553] {processor.py:641} INFO - Processing file /home/airflow/.local/lib/python3.7/site-packages/airflow/example_dags/example_branch_datetime_operator.py for tasks to queue
[2022-12-23 22:56:08,553] {logging_mixin.py:115} INFO - [2022-12-23 22:56:08,553] {dagbag.py:507} INFO - Filling up the DagBag from /home/airflow/.local/lib/python3.7/site-packages/airflow/example_dags/example_branch_datetime_operator.py
[2022-12-23 22:56:08,560] {processor.py:651} INFO - DAG(s) dict_keys(['example_branch_datetime_operator_2']) retrieved from /home/airflow/.local/lib/python3.7/site-packages/airflow/example_dags/example_branch_datetime_operator.py
[2022-12-23 22:56:08,584] {logging_mixin.py:115} INFO - [2022-12-23 22:56:08,584] {dag.py:2371} INFO - Sync 1 DAGs
[2022-12-23 22:56:08,600] {logging_mixin.py:115} INFO - [2022-12-23 22:56:08,600] {dag.py:2919} INFO - Setting next_dagrun for example_branch_datetime_operator_2 to 2022-12-22T00:00:00+00:00, run_after=2022-12-23T00:00:00+00:00
[2022-12-23 22:56:08,609] {processor.py:161} INFO - Processing /home/airflow/.local/lib/python3.7/site-packages/airflow/example_dags/example_branch_datetime_operator.py took 0.060 seconds
[2022-12-23 22:56:38,799] {processor.py:153} INFO - Started process (PID=6122) to work on /home/airflow/.local/lib/python3.7/site-packages/airflow/example_dags/example_branch_datetime_operator.py
[2022-12-23 22:56:38,800] {processor.py:641} INFO - Processing file /home/airflow/.local/lib/python3.7/site-packages/airflow/example_dags/example_branch_datetime_operator.py for tasks to queue
[2022-12-23 22:56:38,801] {logging_mixin.py:115} INFO - [2022-12-23 22:56:38,801] {dagbag.py:507} INFO - Filling up the DagBag from /home/airflow/.local/lib/python3.7/site-packages/airflow/example_dags/example_branch_datetime_operator.py
[2022-12-23 22:56:38,808] {processor.py:651} INFO - DAG(s) dict_keys(['example_branch_datetime_operator_2']) retrieved from /home/airflow/.local/lib/python3.7/site-packages/airflow/example_dags/example_branch_datetime_operator.py
[2022-12-23 22:56:38,833] {logging_mixin.py:115} INFO - [2022-12-23 22:56:38,833] {dag.py:2371} INFO - Sync 1 DAGs
[2022-12-23 22:56:38,850] {logging_mixin.py:115} INFO - [2022-12-23 22:56:38,850] {dag.py:2919} INFO - Setting next_dagrun for example_branch_datetime_operator_2 to 2022-12-22T00:00:00+00:00, run_after=2022-12-23T00:00:00+00:00
[2022-12-23 22:56:38,859] {processor.py:161} INFO - Processing /home/airflow/.local/lib/python3.7/site-packages/airflow/example_dags/example_branch_datetime_operator.py took 0.063 seconds
[2022-12-23 22:57:09,126] {processor.py:153} INFO - Started process (PID=6324) to work on /home/airflow/.local/lib/python3.7/site-packages/airflow/example_dags/example_branch_datetime_operator.py
[2022-12-23 22:57:09,127] {processor.py:641} INFO - Processing file /home/airflow/.local/lib/python3.7/site-packages/airflow/example_dags/example_branch_datetime_operator.py for tasks to queue
[2022-12-23 22:57:09,128] {logging_mixin.py:115} INFO - [2022-12-23 22:57:09,128] {dagbag.py:507} INFO - Filling up the DagBag from /home/airflow/.local/lib/python3.7/site-packages/airflow/example_dags/example_branch_datetime_operator.py
[2022-12-23 22:57:09,135] {processor.py:651} INFO - DAG(s) dict_keys(['example_branch_datetime_operator_2']) retrieved from /home/airflow/.local/lib/python3.7/site-packages/airflow/example_dags/example_branch_datetime_operator.py
[2022-12-23 22:57:09,162] {logging_mixin.py:115} INFO - [2022-12-23 22:57:09,162] {dag.py:2371} INFO - Sync 1 DAGs
[2022-12-23 22:57:09,179] {logging_mixin.py:115} INFO - [2022-12-23 22:57:09,179] {dag.py:2919} INFO - Setting next_dagrun for example_branch_datetime_operator_2 to 2022-12-22T00:00:00+00:00, run_after=2022-12-23T00:00:00+00:00
[2022-12-23 22:57:09,188] {processor.py:161} INFO - Processing /home/airflow/.local/lib/python3.7/site-packages/airflow/example_dags/example_branch_datetime_operator.py took 0.065 seconds
[2022-12-23 22:57:39,353] {processor.py:153} INFO - Started process (PID=6527) to work on /home/airflow/.local/lib/python3.7/site-packages/airflow/example_dags/example_branch_datetime_operator.py
[2022-12-23 22:57:39,354] {processor.py:641} INFO - Processing file /home/airflow/.local/lib/python3.7/site-packages/airflow/example_dags/example_branch_datetime_operator.py for tasks to queue
[2022-12-23 22:57:39,355] {logging_mixin.py:115} INFO - [2022-12-23 22:57:39,355] {dagbag.py:507} INFO - Filling up the DagBag from /home/airflow/.local/lib/python3.7/site-packages/airflow/example_dags/example_branch_datetime_operator.py
[2022-12-23 22:57:39,362] {processor.py:651} INFO - DAG(s) dict_keys(['example_branch_datetime_operator_2']) retrieved from /home/airflow/.local/lib/python3.7/site-packages/airflow/example_dags/example_branch_datetime_operator.py
[2022-12-23 22:57:39,387] {logging_mixin.py:115} INFO - [2022-12-23 22:57:39,387] {dag.py:2371} INFO - Sync 1 DAGs
[2022-12-23 22:57:39,404] {logging_mixin.py:115} INFO - [2022-12-23 22:57:39,404] {dag.py:2919} INFO - Setting next_dagrun for example_branch_datetime_operator_2 to 2022-12-22T00:00:00+00:00, run_after=2022-12-23T00:00:00+00:00
[2022-12-23 22:57:39,413] {processor.py:161} INFO - Processing /home/airflow/.local/lib/python3.7/site-packages/airflow/example_dags/example_branch_datetime_operator.py took 0.063 seconds
[2022-12-23 22:58:09,846] {processor.py:153} INFO - Started process (PID=6723) to work on /home/airflow/.local/lib/python3.7/site-packages/airflow/example_dags/example_branch_datetime_operator.py
[2022-12-23 22:58:09,847] {processor.py:641} INFO - Processing file /home/airflow/.local/lib/python3.7/site-packages/airflow/example_dags/example_branch_datetime_operator.py for tasks to queue
[2022-12-23 22:58:09,848] {logging_mixin.py:115} INFO - [2022-12-23 22:58:09,848] {dagbag.py:507} INFO - Filling up the DagBag from /home/airflow/.local/lib/python3.7/site-packages/airflow/example_dags/example_branch_datetime_operator.py
[2022-12-23 22:58:09,854] {processor.py:651} INFO - DAG(s) dict_keys(['example_branch_datetime_operator_2']) retrieved from /home/airflow/.local/lib/python3.7/site-packages/airflow/example_dags/example_branch_datetime_operator.py
[2022-12-23 22:58:09,880] {logging_mixin.py:115} INFO - [2022-12-23 22:58:09,879] {dag.py:2371} INFO - Sync 1 DAGs
[2022-12-23 22:58:09,902] {logging_mixin.py:115} INFO - [2022-12-23 22:58:09,902] {dag.py:2919} INFO - Setting next_dagrun for example_branch_datetime_operator_2 to 2022-12-22T00:00:00+00:00, run_after=2022-12-23T00:00:00+00:00
[2022-12-23 22:58:09,911] {processor.py:161} INFO - Processing /home/airflow/.local/lib/python3.7/site-packages/airflow/example_dags/example_branch_datetime_operator.py took 0.069 seconds
[2022-12-23 22:58:40,011] {processor.py:153} INFO - Started process (PID=6927) to work on /home/airflow/.local/lib/python3.7/site-packages/airflow/example_dags/example_branch_datetime_operator.py
[2022-12-23 22:58:40,013] {processor.py:641} INFO - Processing file /home/airflow/.local/lib/python3.7/site-packages/airflow/example_dags/example_branch_datetime_operator.py for tasks to queue
[2022-12-23 22:58:40,014] {logging_mixin.py:115} INFO - [2022-12-23 22:58:40,014] {dagbag.py:507} INFO - Filling up the DagBag from /home/airflow/.local/lib/python3.7/site-packages/airflow/example_dags/example_branch_datetime_operator.py
[2022-12-23 22:58:40,020] {processor.py:651} INFO - DAG(s) dict_keys(['example_branch_datetime_operator_2']) retrieved from /home/airflow/.local/lib/python3.7/site-packages/airflow/example_dags/example_branch_datetime_operator.py
[2022-12-23 22:58:40,044] {logging_mixin.py:115} INFO - [2022-12-23 22:58:40,044] {dag.py:2371} INFO - Sync 1 DAGs
[2022-12-23 22:58:40,061] {logging_mixin.py:115} INFO - [2022-12-23 22:58:40,061] {dag.py:2919} INFO - Setting next_dagrun for example_branch_datetime_operator_2 to 2022-12-22T00:00:00+00:00, run_after=2022-12-23T00:00:00+00:00
[2022-12-23 22:58:40,070] {processor.py:161} INFO - Processing /home/airflow/.local/lib/python3.7/site-packages/airflow/example_dags/example_branch_datetime_operator.py took 0.062 seconds
[2022-12-23 22:59:10,141] {processor.py:153} INFO - Started process (PID=7130) to work on /home/airflow/.local/lib/python3.7/site-packages/airflow/example_dags/example_branch_datetime_operator.py
[2022-12-23 22:59:10,142] {processor.py:641} INFO - Processing file /home/airflow/.local/lib/python3.7/site-packages/airflow/example_dags/example_branch_datetime_operator.py for tasks to queue
[2022-12-23 22:59:10,143] {logging_mixin.py:115} INFO - [2022-12-23 22:59:10,143] {dagbag.py:507} INFO - Filling up the DagBag from /home/airflow/.local/lib/python3.7/site-packages/airflow/example_dags/example_branch_datetime_operator.py
[2022-12-23 22:59:10,149] {processor.py:651} INFO - DAG(s) dict_keys(['example_branch_datetime_operator_2']) retrieved from /home/airflow/.local/lib/python3.7/site-packages/airflow/example_dags/example_branch_datetime_operator.py
[2022-12-23 22:59:10,174] {logging_mixin.py:115} INFO - [2022-12-23 22:59:10,174] {dag.py:2371} INFO - Sync 1 DAGs
[2022-12-23 22:59:10,190] {logging_mixin.py:115} INFO - [2022-12-23 22:59:10,190] {dag.py:2919} INFO - Setting next_dagrun for example_branch_datetime_operator_2 to 2022-12-22T00:00:00+00:00, run_after=2022-12-23T00:00:00+00:00
[2022-12-23 22:59:10,198] {processor.py:161} INFO - Processing /home/airflow/.local/lib/python3.7/site-packages/airflow/example_dags/example_branch_datetime_operator.py took 0.061 seconds
[2022-12-23 22:59:40,505] {processor.py:153} INFO - Started process (PID=7334) to work on /home/airflow/.local/lib/python3.7/site-packages/airflow/example_dags/example_branch_datetime_operator.py
[2022-12-23 22:59:40,506] {processor.py:641} INFO - Processing file /home/airflow/.local/lib/python3.7/site-packages/airflow/example_dags/example_branch_datetime_operator.py for tasks to queue
[2022-12-23 22:59:40,507] {logging_mixin.py:115} INFO - [2022-12-23 22:59:40,507] {dagbag.py:507} INFO - Filling up the DagBag from /home/airflow/.local/lib/python3.7/site-packages/airflow/example_dags/example_branch_datetime_operator.py
[2022-12-23 22:59:40,514] {processor.py:651} INFO - DAG(s) dict_keys(['example_branch_datetime_operator_2']) retrieved from /home/airflow/.local/lib/python3.7/site-packages/airflow/example_dags/example_branch_datetime_operator.py
[2022-12-23 22:59:40,537] {logging_mixin.py:115} INFO - [2022-12-23 22:59:40,537] {dag.py:2371} INFO - Sync 1 DAGs
[2022-12-23 22:59:40,553] {logging_mixin.py:115} INFO - [2022-12-23 22:59:40,552] {dag.py:2919} INFO - Setting next_dagrun for example_branch_datetime_operator_2 to 2022-12-22T00:00:00+00:00, run_after=2022-12-23T00:00:00+00:00
[2022-12-23 22:59:40,561] {processor.py:161} INFO - Processing /home/airflow/.local/lib/python3.7/site-packages/airflow/example_dags/example_branch_datetime_operator.py took 0.059 seconds
[2022-12-23 23:00:10,692] {processor.py:153} INFO - Started process (PID=7529) to work on /home/airflow/.local/lib/python3.7/site-packages/airflow/example_dags/example_branch_datetime_operator.py
[2022-12-23 23:00:10,694] {processor.py:641} INFO - Processing file /home/airflow/.local/lib/python3.7/site-packages/airflow/example_dags/example_branch_datetime_operator.py for tasks to queue
[2022-12-23 23:00:10,695] {logging_mixin.py:115} INFO - [2022-12-23 23:00:10,694] {dagbag.py:507} INFO - Filling up the DagBag from /home/airflow/.local/lib/python3.7/site-packages/airflow/example_dags/example_branch_datetime_operator.py
[2022-12-23 23:00:10,701] {processor.py:651} INFO - DAG(s) dict_keys(['example_branch_datetime_operator_2']) retrieved from /home/airflow/.local/lib/python3.7/site-packages/airflow/example_dags/example_branch_datetime_operator.py
[2022-12-23 23:00:10,726] {logging_mixin.py:115} INFO - [2022-12-23 23:00:10,726] {dag.py:2371} INFO - Sync 1 DAGs
[2022-12-23 23:00:10,744] {logging_mixin.py:115} INFO - [2022-12-23 23:00:10,744] {dag.py:2919} INFO - Setting next_dagrun for example_branch_datetime_operator_2 to 2022-12-22T00:00:00+00:00, run_after=2022-12-23T00:00:00+00:00
[2022-12-23 23:00:10,754] {processor.py:161} INFO - Processing /home/airflow/.local/lib/python3.7/site-packages/airflow/example_dags/example_branch_datetime_operator.py took 0.065 seconds
[2022-12-23 23:00:41,048] {processor.py:153} INFO - Started process (PID=7732) to work on /home/airflow/.local/lib/python3.7/site-packages/airflow/example_dags/example_branch_datetime_operator.py
[2022-12-23 23:00:41,049] {processor.py:641} INFO - Processing file /home/airflow/.local/lib/python3.7/site-packages/airflow/example_dags/example_branch_datetime_operator.py for tasks to queue
[2022-12-23 23:00:41,050] {logging_mixin.py:115} INFO - [2022-12-23 23:00:41,050] {dagbag.py:507} INFO - Filling up the DagBag from /home/airflow/.local/lib/python3.7/site-packages/airflow/example_dags/example_branch_datetime_operator.py
[2022-12-23 23:00:41,056] {processor.py:651} INFO - DAG(s) dict_keys(['example_branch_datetime_operator_2']) retrieved from /home/airflow/.local/lib/python3.7/site-packages/airflow/example_dags/example_branch_datetime_operator.py
[2022-12-23 23:00:41,079] {logging_mixin.py:115} INFO - [2022-12-23 23:00:41,079] {dag.py:2371} INFO - Sync 1 DAGs
[2022-12-23 23:00:41,097] {logging_mixin.py:115} INFO - [2022-12-23 23:00:41,097] {dag.py:2919} INFO - Setting next_dagrun for example_branch_datetime_operator_2 to 2022-12-22T00:00:00+00:00, run_after=2022-12-23T00:00:00+00:00
[2022-12-23 23:00:41,107] {processor.py:161} INFO - Processing /home/airflow/.local/lib/python3.7/site-packages/airflow/example_dags/example_branch_datetime_operator.py took 0.062 seconds
[2022-12-23 23:01:11,289] {processor.py:153} INFO - Started process (PID=7936) to work on /home/airflow/.local/lib/python3.7/site-packages/airflow/example_dags/example_branch_datetime_operator.py
[2022-12-23 23:01:11,291] {processor.py:641} INFO - Processing file /home/airflow/.local/lib/python3.7/site-packages/airflow/example_dags/example_branch_datetime_operator.py for tasks to queue
[2022-12-23 23:01:11,295] {logging_mixin.py:115} INFO - [2022-12-23 23:01:11,294] {dagbag.py:507} INFO - Filling up the DagBag from /home/airflow/.local/lib/python3.7/site-packages/airflow/example_dags/example_branch_datetime_operator.py
[2022-12-23 23:01:11,306] {processor.py:651} INFO - DAG(s) dict_keys(['example_branch_datetime_operator_2']) retrieved from /home/airflow/.local/lib/python3.7/site-packages/airflow/example_dags/example_branch_datetime_operator.py
[2022-12-23 23:01:11,332] {logging_mixin.py:115} INFO - [2022-12-23 23:01:11,332] {dag.py:2371} INFO - Sync 1 DAGs
[2022-12-23 23:01:11,349] {logging_mixin.py:115} INFO - [2022-12-23 23:01:11,349] {dag.py:2919} INFO - Setting next_dagrun for example_branch_datetime_operator_2 to 2022-12-22T00:00:00+00:00, run_after=2022-12-23T00:00:00+00:00
[2022-12-23 23:01:11,358] {processor.py:161} INFO - Processing /home/airflow/.local/lib/python3.7/site-packages/airflow/example_dags/example_branch_datetime_operator.py took 0.073 seconds
[2022-12-23 23:03:25,919] {processor.py:153} INFO - Started process (PID=61) to work on /home/airflow/.local/lib/python3.7/site-packages/airflow/example_dags/example_branch_datetime_operator.py
[2022-12-23 23:03:25,922] {processor.py:641} INFO - Processing file /home/airflow/.local/lib/python3.7/site-packages/airflow/example_dags/example_branch_datetime_operator.py for tasks to queue
[2022-12-23 23:03:25,923] {logging_mixin.py:115} INFO - [2022-12-23 23:03:25,923] {dagbag.py:507} INFO - Filling up the DagBag from /home/airflow/.local/lib/python3.7/site-packages/airflow/example_dags/example_branch_datetime_operator.py
[2022-12-23 23:03:25,937] {processor.py:651} INFO - DAG(s) dict_keys(['example_branch_datetime_operator_2']) retrieved from /home/airflow/.local/lib/python3.7/site-packages/airflow/example_dags/example_branch_datetime_operator.py
[2022-12-23 23:03:26,212] {logging_mixin.py:115} INFO - [2022-12-23 23:03:26,212] {manager.py:508} INFO - Created Permission View: can read on DAG:example_branch_datetime_operator_2
[2022-12-23 23:03:26,221] {logging_mixin.py:115} INFO - [2022-12-23 23:03:26,221] {manager.py:508} INFO - Created Permission View: can edit on DAG:example_branch_datetime_operator_2
[2022-12-23 23:03:26,228] {logging_mixin.py:115} INFO - [2022-12-23 23:03:26,228] {manager.py:508} INFO - Created Permission View: can delete on DAG:example_branch_datetime_operator_2
[2022-12-23 23:03:26,229] {logging_mixin.py:115} INFO - [2022-12-23 23:03:26,229] {dag.py:2371} INFO - Sync 1 DAGs
[2022-12-23 23:03:26,239] {logging_mixin.py:115} INFO - [2022-12-23 23:03:26,239] {dag.py:2390} INFO - Creating ORM DAG for example_branch_datetime_operator_2
[2022-12-23 23:03:26,266] {logging_mixin.py:115} INFO - [2022-12-23 23:03:26,266] {dag.py:2919} INFO - Setting next_dagrun for example_branch_datetime_operator_2 to 2022-12-22T00:00:00+00:00, run_after=2022-12-23T00:00:00+00:00
[2022-12-23 23:03:26,294] {processor.py:161} INFO - Processing /home/airflow/.local/lib/python3.7/site-packages/airflow/example_dags/example_branch_datetime_operator.py took 0.378 seconds
[2022-12-23 23:03:56,608] {processor.py:153} INFO - Started process (PID=124) to work on /home/airflow/.local/lib/python3.7/site-packages/airflow/example_dags/example_branch_datetime_operator.py
[2022-12-23 23:03:56,610] {processor.py:641} INFO - Processing file /home/airflow/.local/lib/python3.7/site-packages/airflow/example_dags/example_branch_datetime_operator.py for tasks to queue
[2022-12-23 23:03:56,611] {logging_mixin.py:115} INFO - [2022-12-23 23:03:56,611] {dagbag.py:507} INFO - Filling up the DagBag from /home/airflow/.local/lib/python3.7/site-packages/airflow/example_dags/example_branch_datetime_operator.py
[2022-12-23 23:03:56,618] {processor.py:651} INFO - DAG(s) dict_keys(['example_branch_datetime_operator_2']) retrieved from /home/airflow/.local/lib/python3.7/site-packages/airflow/example_dags/example_branch_datetime_operator.py
[2022-12-23 23:03:56,644] {logging_mixin.py:115} INFO - [2022-12-23 23:03:56,644] {dag.py:2371} INFO - Sync 1 DAGs
[2022-12-23 23:03:56,665] {logging_mixin.py:115} INFO - [2022-12-23 23:03:56,665] {dag.py:2919} INFO - Setting next_dagrun for example_branch_datetime_operator_2 to 2022-12-22T00:00:00+00:00, run_after=2022-12-23T00:00:00+00:00
[2022-12-23 23:03:56,788] {processor.py:161} INFO - Processing /home/airflow/.local/lib/python3.7/site-packages/airflow/example_dags/example_branch_datetime_operator.py took 0.183 seconds
[2022-12-23 23:04:27,036] {processor.py:153} INFO - Started process (PID=178) to work on /home/airflow/.local/lib/python3.7/site-packages/airflow/example_dags/example_branch_datetime_operator.py
[2022-12-23 23:04:27,037] {processor.py:641} INFO - Processing file /home/airflow/.local/lib/python3.7/site-packages/airflow/example_dags/example_branch_datetime_operator.py for tasks to queue
[2022-12-23 23:04:27,038] {logging_mixin.py:115} INFO - [2022-12-23 23:04:27,038] {dagbag.py:507} INFO - Filling up the DagBag from /home/airflow/.local/lib/python3.7/site-packages/airflow/example_dags/example_branch_datetime_operator.py
[2022-12-23 23:04:27,045] {processor.py:651} INFO - DAG(s) dict_keys(['example_branch_datetime_operator_2']) retrieved from /home/airflow/.local/lib/python3.7/site-packages/airflow/example_dags/example_branch_datetime_operator.py
[2022-12-23 23:04:27,070] {logging_mixin.py:115} INFO - [2022-12-23 23:04:27,070] {dag.py:2371} INFO - Sync 1 DAGs
[2022-12-23 23:04:27,089] {logging_mixin.py:115} INFO - [2022-12-23 23:04:27,088] {dag.py:2919} INFO - Setting next_dagrun for example_branch_datetime_operator_2 to 2022-12-22T00:00:00+00:00, run_after=2022-12-23T00:00:00+00:00
[2022-12-23 23:04:27,211] {processor.py:161} INFO - Processing /home/airflow/.local/lib/python3.7/site-packages/airflow/example_dags/example_branch_datetime_operator.py took 0.178 seconds
[2022-12-23 23:04:57,361] {processor.py:153} INFO - Started process (PID=241) to work on /home/airflow/.local/lib/python3.7/site-packages/airflow/example_dags/example_branch_datetime_operator.py
[2022-12-23 23:04:57,363] {processor.py:641} INFO - Processing file /home/airflow/.local/lib/python3.7/site-packages/airflow/example_dags/example_branch_datetime_operator.py for tasks to queue
[2022-12-23 23:04:57,364] {logging_mixin.py:115} INFO - [2022-12-23 23:04:57,364] {dagbag.py:507} INFO - Filling up the DagBag from /home/airflow/.local/lib/python3.7/site-packages/airflow/example_dags/example_branch_datetime_operator.py
[2022-12-23 23:04:57,373] {processor.py:651} INFO - DAG(s) dict_keys(['example_branch_datetime_operator_2']) retrieved from /home/airflow/.local/lib/python3.7/site-packages/airflow/example_dags/example_branch_datetime_operator.py
[2022-12-23 23:04:57,397] {logging_mixin.py:115} INFO - [2022-12-23 23:04:57,397] {dag.py:2371} INFO - Sync 1 DAGs
[2022-12-23 23:04:57,416] {logging_mixin.py:115} INFO - [2022-12-23 23:04:57,416] {dag.py:2919} INFO - Setting next_dagrun for example_branch_datetime_operator_2 to 2022-12-22T00:00:00+00:00, run_after=2022-12-23T00:00:00+00:00
[2022-12-23 23:04:57,531] {processor.py:161} INFO - Processing /home/airflow/.local/lib/python3.7/site-packages/airflow/example_dags/example_branch_datetime_operator.py took 0.172 seconds
[2022-12-23 23:05:27,641] {processor.py:153} INFO - Started process (PID=304) to work on /home/airflow/.local/lib/python3.7/site-packages/airflow/example_dags/example_branch_datetime_operator.py
[2022-12-23 23:05:27,642] {processor.py:641} INFO - Processing file /home/airflow/.local/lib/python3.7/site-packages/airflow/example_dags/example_branch_datetime_operator.py for tasks to queue
[2022-12-23 23:05:27,643] {logging_mixin.py:115} INFO - [2022-12-23 23:05:27,643] {dagbag.py:507} INFO - Filling up the DagBag from /home/airflow/.local/lib/python3.7/site-packages/airflow/example_dags/example_branch_datetime_operator.py
[2022-12-23 23:05:27,650] {processor.py:651} INFO - DAG(s) dict_keys(['example_branch_datetime_operator_2']) retrieved from /home/airflow/.local/lib/python3.7/site-packages/airflow/example_dags/example_branch_datetime_operator.py
[2022-12-23 23:05:27,674] {logging_mixin.py:115} INFO - [2022-12-23 23:05:27,674] {dag.py:2371} INFO - Sync 1 DAGs
[2022-12-23 23:05:27,693] {logging_mixin.py:115} INFO - [2022-12-23 23:05:27,693] {dag.py:2919} INFO - Setting next_dagrun for example_branch_datetime_operator_2 to 2022-12-22T00:00:00+00:00, run_after=2022-12-23T00:00:00+00:00
[2022-12-23 23:05:27,807] {processor.py:161} INFO - Processing /home/airflow/.local/lib/python3.7/site-packages/airflow/example_dags/example_branch_datetime_operator.py took 0.169 seconds
[2022-12-23 23:05:58,162] {processor.py:153} INFO - Started process (PID=367) to work on /home/airflow/.local/lib/python3.7/site-packages/airflow/example_dags/example_branch_datetime_operator.py
[2022-12-23 23:05:58,163] {processor.py:641} INFO - Processing file /home/airflow/.local/lib/python3.7/site-packages/airflow/example_dags/example_branch_datetime_operator.py for tasks to queue
[2022-12-23 23:05:58,164] {logging_mixin.py:115} INFO - [2022-12-23 23:05:58,164] {dagbag.py:507} INFO - Filling up the DagBag from /home/airflow/.local/lib/python3.7/site-packages/airflow/example_dags/example_branch_datetime_operator.py
[2022-12-23 23:05:58,171] {processor.py:651} INFO - DAG(s) dict_keys(['example_branch_datetime_operator_2']) retrieved from /home/airflow/.local/lib/python3.7/site-packages/airflow/example_dags/example_branch_datetime_operator.py
[2022-12-23 23:05:58,195] {logging_mixin.py:115} INFO - [2022-12-23 23:05:58,195] {dag.py:2371} INFO - Sync 1 DAGs
[2022-12-23 23:05:58,215] {logging_mixin.py:115} INFO - [2022-12-23 23:05:58,215] {dag.py:2919} INFO - Setting next_dagrun for example_branch_datetime_operator_2 to 2022-12-22T00:00:00+00:00, run_after=2022-12-23T00:00:00+00:00
[2022-12-23 23:05:58,330] {processor.py:161} INFO - Processing /home/airflow/.local/lib/python3.7/site-packages/airflow/example_dags/example_branch_datetime_operator.py took 0.172 seconds
[2022-12-23 23:06:28,556] {processor.py:153} INFO - Started process (PID=428) to work on /home/airflow/.local/lib/python3.7/site-packages/airflow/example_dags/example_branch_datetime_operator.py
[2022-12-23 23:06:28,558] {processor.py:641} INFO - Processing file /home/airflow/.local/lib/python3.7/site-packages/airflow/example_dags/example_branch_datetime_operator.py for tasks to queue
[2022-12-23 23:06:28,559] {logging_mixin.py:115} INFO - [2022-12-23 23:06:28,558] {dagbag.py:507} INFO - Filling up the DagBag from /home/airflow/.local/lib/python3.7/site-packages/airflow/example_dags/example_branch_datetime_operator.py
[2022-12-23 23:06:28,565] {processor.py:651} INFO - DAG(s) dict_keys(['example_branch_datetime_operator_2']) retrieved from /home/airflow/.local/lib/python3.7/site-packages/airflow/example_dags/example_branch_datetime_operator.py
[2022-12-23 23:06:28,591] {logging_mixin.py:115} INFO - [2022-12-23 23:06:28,591] {dag.py:2371} INFO - Sync 1 DAGs
[2022-12-23 23:06:28,610] {logging_mixin.py:115} INFO - [2022-12-23 23:06:28,610] {dag.py:2919} INFO - Setting next_dagrun for example_branch_datetime_operator_2 to 2022-12-22T00:00:00+00:00, run_after=2022-12-23T00:00:00+00:00
[2022-12-23 23:06:28,730] {processor.py:161} INFO - Processing /home/airflow/.local/lib/python3.7/site-packages/airflow/example_dags/example_branch_datetime_operator.py took 0.177 seconds
[2022-12-23 23:06:59,119] {processor.py:153} INFO - Started process (PID=484) to work on /home/airflow/.local/lib/python3.7/site-packages/airflow/example_dags/example_branch_datetime_operator.py
[2022-12-23 23:06:59,121] {processor.py:641} INFO - Processing file /home/airflow/.local/lib/python3.7/site-packages/airflow/example_dags/example_branch_datetime_operator.py for tasks to queue
[2022-12-23 23:06:59,122] {logging_mixin.py:115} INFO - [2022-12-23 23:06:59,122] {dagbag.py:507} INFO - Filling up the DagBag from /home/airflow/.local/lib/python3.7/site-packages/airflow/example_dags/example_branch_datetime_operator.py
[2022-12-23 23:06:59,128] {processor.py:651} INFO - DAG(s) dict_keys(['example_branch_datetime_operator_2']) retrieved from /home/airflow/.local/lib/python3.7/site-packages/airflow/example_dags/example_branch_datetime_operator.py
[2022-12-23 23:06:59,153] {logging_mixin.py:115} INFO - [2022-12-23 23:06:59,153] {dag.py:2371} INFO - Sync 1 DAGs
[2022-12-23 23:06:59,171] {logging_mixin.py:115} INFO - [2022-12-23 23:06:59,171] {dag.py:2919} INFO - Setting next_dagrun for example_branch_datetime_operator_2 to 2022-12-22T00:00:00+00:00, run_after=2022-12-23T00:00:00+00:00
[2022-12-23 23:06:59,285] {processor.py:161} INFO - Processing /home/airflow/.local/lib/python3.7/site-packages/airflow/example_dags/example_branch_datetime_operator.py took 0.169 seconds
[2022-12-23 23:07:29,626] {processor.py:153} INFO - Started process (PID=547) to work on /home/airflow/.local/lib/python3.7/site-packages/airflow/example_dags/example_branch_datetime_operator.py
[2022-12-23 23:07:29,627] {processor.py:641} INFO - Processing file /home/airflow/.local/lib/python3.7/site-packages/airflow/example_dags/example_branch_datetime_operator.py for tasks to queue
[2022-12-23 23:07:29,628] {logging_mixin.py:115} INFO - [2022-12-23 23:07:29,628] {dagbag.py:507} INFO - Filling up the DagBag from /home/airflow/.local/lib/python3.7/site-packages/airflow/example_dags/example_branch_datetime_operator.py
[2022-12-23 23:07:29,636] {processor.py:651} INFO - DAG(s) dict_keys(['example_branch_datetime_operator_2']) retrieved from /home/airflow/.local/lib/python3.7/site-packages/airflow/example_dags/example_branch_datetime_operator.py
[2022-12-23 23:07:29,663] {logging_mixin.py:115} INFO - [2022-12-23 23:07:29,663] {dag.py:2371} INFO - Sync 1 DAGs
[2022-12-23 23:07:29,687] {logging_mixin.py:115} INFO - [2022-12-23 23:07:29,686] {dag.py:2919} INFO - Setting next_dagrun for example_branch_datetime_operator_2 to 2022-12-22T00:00:00+00:00, run_after=2022-12-23T00:00:00+00:00
[2022-12-23 23:07:29,811] {processor.py:161} INFO - Processing /home/airflow/.local/lib/python3.7/site-packages/airflow/example_dags/example_branch_datetime_operator.py took 0.189 seconds
[2022-12-23 23:07:59,901] {processor.py:153} INFO - Started process (PID=610) to work on /home/airflow/.local/lib/python3.7/site-packages/airflow/example_dags/example_branch_datetime_operator.py
[2022-12-23 23:07:59,902] {processor.py:641} INFO - Processing file /home/airflow/.local/lib/python3.7/site-packages/airflow/example_dags/example_branch_datetime_operator.py for tasks to queue
[2022-12-23 23:07:59,903] {logging_mixin.py:115} INFO - [2022-12-23 23:07:59,903] {dagbag.py:507} INFO - Filling up the DagBag from /home/airflow/.local/lib/python3.7/site-packages/airflow/example_dags/example_branch_datetime_operator.py
[2022-12-23 23:07:59,910] {processor.py:651} INFO - DAG(s) dict_keys(['example_branch_datetime_operator_2']) retrieved from /home/airflow/.local/lib/python3.7/site-packages/airflow/example_dags/example_branch_datetime_operator.py
[2022-12-23 23:07:59,934] {logging_mixin.py:115} INFO - [2022-12-23 23:07:59,934] {dag.py:2371} INFO - Sync 1 DAGs
[2022-12-23 23:07:59,954] {logging_mixin.py:115} INFO - [2022-12-23 23:07:59,953] {dag.py:2919} INFO - Setting next_dagrun for example_branch_datetime_operator_2 to 2022-12-22T00:00:00+00:00, run_after=2022-12-23T00:00:00+00:00
[2022-12-23 23:08:00,066] {processor.py:161} INFO - Processing /home/airflow/.local/lib/python3.7/site-packages/airflow/example_dags/example_branch_datetime_operator.py took 0.174 seconds
[2022-12-23 23:08:30,399] {processor.py:153} INFO - Started process (PID=674) to work on /home/airflow/.local/lib/python3.7/site-packages/airflow/example_dags/example_branch_datetime_operator.py
[2022-12-23 23:08:30,400] {processor.py:641} INFO - Processing file /home/airflow/.local/lib/python3.7/site-packages/airflow/example_dags/example_branch_datetime_operator.py for tasks to queue
[2022-12-23 23:08:30,401] {logging_mixin.py:115} INFO - [2022-12-23 23:08:30,401] {dagbag.py:507} INFO - Filling up the DagBag from /home/airflow/.local/lib/python3.7/site-packages/airflow/example_dags/example_branch_datetime_operator.py
[2022-12-23 23:08:30,409] {processor.py:651} INFO - DAG(s) dict_keys(['example_branch_datetime_operator_2']) retrieved from /home/airflow/.local/lib/python3.7/site-packages/airflow/example_dags/example_branch_datetime_operator.py
[2022-12-23 23:08:30,437] {logging_mixin.py:115} INFO - [2022-12-23 23:08:30,436] {dag.py:2371} INFO - Sync 1 DAGs
[2022-12-23 23:08:30,555] {logging_mixin.py:115} INFO - [2022-12-23 23:08:30,555] {dag.py:2919} INFO - Setting next_dagrun for example_branch_datetime_operator_2 to 2022-12-22T00:00:00+00:00, run_after=2022-12-23T00:00:00+00:00
[2022-12-23 23:08:30,565] {processor.py:161} INFO - Processing /home/airflow/.local/lib/python3.7/site-packages/airflow/example_dags/example_branch_datetime_operator.py took 0.170 seconds
