[2022-12-23T00:00:04.996+0000] {processor.py:153} INFO - Started process (PID=3136) to work on /home/airflow/.local/lib/python3.7/site-packages/airflow/example_dags/example_sensors.py
[2022-12-23T00:00:04.997+0000] {processor.py:743} INFO - Processing file /home/airflow/.local/lib/python3.7/site-packages/airflow/example_dags/example_sensors.py for tasks to queue
[2022-12-23T00:00:04.999+0000] {logging_mixin.py:137} INFO - [2022-12-23T00:00:04.998+0000] {dagbag.py:538} INFO - Filling up the DagBag from /home/airflow/.local/lib/python3.7/site-packages/airflow/example_dags/example_sensors.py
[2022-12-23T00:00:05.024+0000] {processor.py:753} INFO - DAG(s) dict_keys(['example_sensors']) retrieved from /home/airflow/.local/lib/python3.7/site-packages/airflow/example_dags/example_sensors.py
[2022-12-23T00:00:05.070+0000] {logging_mixin.py:137} INFO - [2022-12-23T00:00:05.070+0000] {dag.py:2676} INFO - Sync 1 DAGs
[2022-12-23T00:00:05.094+0000] {logging_mixin.py:137} INFO - [2022-12-23T00:00:05.094+0000] {dag.py:3427} INFO - Setting next_dagrun for example_sensors to None, run_after=None
[2022-12-23T00:00:05.109+0000] {processor.py:175} INFO - Processing /home/airflow/.local/lib/python3.7/site-packages/airflow/example_dags/example_sensors.py took 0.117 seconds
[2022-12-23T00:00:35.873+0000] {processor.py:153} INFO - Started process (PID=3350) to work on /home/airflow/.local/lib/python3.7/site-packages/airflow/example_dags/example_sensors.py
[2022-12-23T00:00:35.875+0000] {processor.py:743} INFO - Processing file /home/airflow/.local/lib/python3.7/site-packages/airflow/example_dags/example_sensors.py for tasks to queue
[2022-12-23T00:00:35.875+0000] {logging_mixin.py:137} INFO - [2022-12-23T00:00:35.875+0000] {dagbag.py:538} INFO - Filling up the DagBag from /home/airflow/.local/lib/python3.7/site-packages/airflow/example_dags/example_sensors.py
[2022-12-23T00:00:35.891+0000] {processor.py:753} INFO - DAG(s) dict_keys(['example_sensors']) retrieved from /home/airflow/.local/lib/python3.7/site-packages/airflow/example_dags/example_sensors.py
[2022-12-23T00:00:35.924+0000] {logging_mixin.py:137} INFO - [2022-12-23T00:00:35.924+0000] {dag.py:2676} INFO - Sync 1 DAGs
[2022-12-23T00:00:35.942+0000] {logging_mixin.py:137} INFO - [2022-12-23T00:00:35.942+0000] {dag.py:3427} INFO - Setting next_dagrun for example_sensors to None, run_after=None
[2022-12-23T00:00:35.954+0000] {processor.py:175} INFO - Processing /home/airflow/.local/lib/python3.7/site-packages/airflow/example_dags/example_sensors.py took 0.085 seconds
[2022-12-23T00:01:06.567+0000] {processor.py:153} INFO - Started process (PID=3578) to work on /home/airflow/.local/lib/python3.7/site-packages/airflow/example_dags/example_sensors.py
[2022-12-23T00:01:06.569+0000] {processor.py:743} INFO - Processing file /home/airflow/.local/lib/python3.7/site-packages/airflow/example_dags/example_sensors.py for tasks to queue
[2022-12-23T00:01:06.570+0000] {logging_mixin.py:137} INFO - [2022-12-23T00:01:06.570+0000] {dagbag.py:538} INFO - Filling up the DagBag from /home/airflow/.local/lib/python3.7/site-packages/airflow/example_dags/example_sensors.py
[2022-12-23T00:01:06.588+0000] {processor.py:753} INFO - DAG(s) dict_keys(['example_sensors']) retrieved from /home/airflow/.local/lib/python3.7/site-packages/airflow/example_dags/example_sensors.py
[2022-12-23T00:01:06.621+0000] {logging_mixin.py:137} INFO - [2022-12-23T00:01:06.620+0000] {dag.py:2676} INFO - Sync 1 DAGs
[2022-12-23T00:01:06.639+0000] {logging_mixin.py:137} INFO - [2022-12-23T00:01:06.638+0000] {dag.py:3427} INFO - Setting next_dagrun for example_sensors to None, run_after=None
[2022-12-23T00:01:06.654+0000] {processor.py:175} INFO - Processing /home/airflow/.local/lib/python3.7/site-packages/airflow/example_dags/example_sensors.py took 0.089 seconds
[2022-12-23T00:03:13.206+0000] {processor.py:153} INFO - Started process (PID=243) to work on /home/airflow/.local/lib/python3.7/site-packages/airflow/example_dags/example_sensors.py
[2022-12-23T00:03:13.208+0000] {processor.py:743} INFO - Processing file /home/airflow/.local/lib/python3.7/site-packages/airflow/example_dags/example_sensors.py for tasks to queue
[2022-12-23T00:03:13.210+0000] {logging_mixin.py:137} INFO - [2022-12-23T00:03:13.210+0000] {dagbag.py:538} INFO - Filling up the DagBag from /home/airflow/.local/lib/python3.7/site-packages/airflow/example_dags/example_sensors.py
[2022-12-23T00:03:13.235+0000] {processor.py:753} INFO - DAG(s) dict_keys(['example_sensors']) retrieved from /home/airflow/.local/lib/python3.7/site-packages/airflow/example_dags/example_sensors.py
[2022-12-23T00:03:13.259+0000] {logging_mixin.py:137} INFO - [2022-12-23T00:03:13.259+0000] {dag.py:2676} INFO - Sync 1 DAGs
[2022-12-23T00:03:13.278+0000] {logging_mixin.py:137} INFO - [2022-12-23T00:03:13.278+0000] {dag.py:3427} INFO - Setting next_dagrun for example_sensors to None, run_after=None
[2022-12-23T00:03:13.294+0000] {processor.py:175} INFO - Processing /home/airflow/.local/lib/python3.7/site-packages/airflow/example_dags/example_sensors.py took 0.090 seconds
[2022-12-23T00:03:44.152+0000] {processor.py:153} INFO - Started process (PID=469) to work on /home/airflow/.local/lib/python3.7/site-packages/airflow/example_dags/example_sensors.py
[2022-12-23T00:03:44.154+0000] {processor.py:743} INFO - Processing file /home/airflow/.local/lib/python3.7/site-packages/airflow/example_dags/example_sensors.py for tasks to queue
[2022-12-23T00:03:44.155+0000] {logging_mixin.py:137} INFO - [2022-12-23T00:03:44.155+0000] {dagbag.py:538} INFO - Filling up the DagBag from /home/airflow/.local/lib/python3.7/site-packages/airflow/example_dags/example_sensors.py
[2022-12-23T00:03:44.172+0000] {processor.py:753} INFO - DAG(s) dict_keys(['example_sensors']) retrieved from /home/airflow/.local/lib/python3.7/site-packages/airflow/example_dags/example_sensors.py
[2022-12-23T00:03:44.212+0000] {logging_mixin.py:137} INFO - [2022-12-23T00:03:44.212+0000] {dag.py:2676} INFO - Sync 1 DAGs
[2022-12-23T00:03:44.236+0000] {logging_mixin.py:137} INFO - [2022-12-23T00:03:44.236+0000] {dag.py:3427} INFO - Setting next_dagrun for example_sensors to None, run_after=None
[2022-12-23T00:03:44.257+0000] {processor.py:175} INFO - Processing /home/airflow/.local/lib/python3.7/site-packages/airflow/example_dags/example_sensors.py took 0.107 seconds
[2022-12-23T00:04:15.314+0000] {processor.py:153} INFO - Started process (PID=695) to work on /home/airflow/.local/lib/python3.7/site-packages/airflow/example_dags/example_sensors.py
[2022-12-23T00:04:15.318+0000] {processor.py:743} INFO - Processing file /home/airflow/.local/lib/python3.7/site-packages/airflow/example_dags/example_sensors.py for tasks to queue
[2022-12-23T00:04:15.321+0000] {logging_mixin.py:137} INFO - [2022-12-23T00:04:15.321+0000] {dagbag.py:538} INFO - Filling up the DagBag from /home/airflow/.local/lib/python3.7/site-packages/airflow/example_dags/example_sensors.py
[2022-12-23T00:04:15.395+0000] {processor.py:753} INFO - DAG(s) dict_keys(['example_sensors']) retrieved from /home/airflow/.local/lib/python3.7/site-packages/airflow/example_dags/example_sensors.py
[2022-12-23T00:04:15.478+0000] {logging_mixin.py:137} INFO - [2022-12-23T00:04:15.478+0000] {dag.py:2676} INFO - Sync 1 DAGs
[2022-12-23T00:04:15.504+0000] {logging_mixin.py:137} INFO - [2022-12-23T00:04:15.503+0000] {dag.py:3427} INFO - Setting next_dagrun for example_sensors to None, run_after=None
[2022-12-23T00:04:15.528+0000] {processor.py:175} INFO - Processing /home/airflow/.local/lib/python3.7/site-packages/airflow/example_dags/example_sensors.py took 0.218 seconds
[2022-12-23T00:04:45.603+0000] {processor.py:153} INFO - Started process (PID=909) to work on /home/airflow/.local/lib/python3.7/site-packages/airflow/example_dags/example_sensors.py
[2022-12-23T00:04:45.604+0000] {processor.py:743} INFO - Processing file /home/airflow/.local/lib/python3.7/site-packages/airflow/example_dags/example_sensors.py for tasks to queue
[2022-12-23T00:04:45.605+0000] {logging_mixin.py:137} INFO - [2022-12-23T00:04:45.605+0000] {dagbag.py:538} INFO - Filling up the DagBag from /home/airflow/.local/lib/python3.7/site-packages/airflow/example_dags/example_sensors.py
[2022-12-23T00:04:45.622+0000] {processor.py:753} INFO - DAG(s) dict_keys(['example_sensors']) retrieved from /home/airflow/.local/lib/python3.7/site-packages/airflow/example_dags/example_sensors.py
[2022-12-23T00:04:45.655+0000] {logging_mixin.py:137} INFO - [2022-12-23T00:04:45.655+0000] {dag.py:2676} INFO - Sync 1 DAGs
[2022-12-23T00:04:45.673+0000] {logging_mixin.py:137} INFO - [2022-12-23T00:04:45.673+0000] {dag.py:3427} INFO - Setting next_dagrun for example_sensors to None, run_after=None
[2022-12-23T00:04:45.687+0000] {processor.py:175} INFO - Processing /home/airflow/.local/lib/python3.7/site-packages/airflow/example_dags/example_sensors.py took 0.088 seconds
[2022-12-23T00:05:16.428+0000] {processor.py:153} INFO - Started process (PID=1138) to work on /home/airflow/.local/lib/python3.7/site-packages/airflow/example_dags/example_sensors.py
[2022-12-23T00:05:16.429+0000] {processor.py:743} INFO - Processing file /home/airflow/.local/lib/python3.7/site-packages/airflow/example_dags/example_sensors.py for tasks to queue
[2022-12-23T00:05:16.430+0000] {logging_mixin.py:137} INFO - [2022-12-23T00:05:16.430+0000] {dagbag.py:538} INFO - Filling up the DagBag from /home/airflow/.local/lib/python3.7/site-packages/airflow/example_dags/example_sensors.py
[2022-12-23T00:05:16.448+0000] {processor.py:753} INFO - DAG(s) dict_keys(['example_sensors']) retrieved from /home/airflow/.local/lib/python3.7/site-packages/airflow/example_dags/example_sensors.py
[2022-12-23T00:05:16.485+0000] {logging_mixin.py:137} INFO - [2022-12-23T00:05:16.485+0000] {dag.py:2676} INFO - Sync 1 DAGs
[2022-12-23T00:05:16.503+0000] {logging_mixin.py:137} INFO - [2022-12-23T00:05:16.503+0000] {dag.py:3427} INFO - Setting next_dagrun for example_sensors to None, run_after=None
[2022-12-23T00:05:16.517+0000] {processor.py:175} INFO - Processing /home/airflow/.local/lib/python3.7/site-packages/airflow/example_dags/example_sensors.py took 0.092 seconds
