[2022-12-23T00:00:05.546+0000] {processor.py:153} INFO - Started process (PID=3166) to work on /home/airflow/.local/lib/python3.7/site-packages/airflow/example_dags/example_bash_operator.py
[2022-12-23T00:00:05.547+0000] {processor.py:743} INFO - Processing file /home/airflow/.local/lib/python3.7/site-packages/airflow/example_dags/example_bash_operator.py for tasks to queue
[2022-12-23T00:00:05.548+0000] {logging_mixin.py:137} INFO - [2022-12-23T00:00:05.548+0000] {dagbag.py:538} INFO - Filling up the DagBag from /home/airflow/.local/lib/python3.7/site-packages/airflow/example_dags/example_bash_operator.py
[2022-12-23T00:00:05.567+0000] {processor.py:753} INFO - DAG(s) dict_keys(['example_bash_operator']) retrieved from /home/airflow/.local/lib/python3.7/site-packages/airflow/example_dags/example_bash_operator.py
[2022-12-23T00:00:05.608+0000] {logging_mixin.py:137} INFO - [2022-12-23T00:00:05.608+0000] {dag.py:2676} INFO - Sync 1 DAGs
[2022-12-23T00:00:05.628+0000] {logging_mixin.py:137} INFO - [2022-12-23T00:00:05.628+0000] {dag.py:3427} INFO - Setting next_dagrun for example_bash_operator to 2022-12-22T00:00:00+00:00, run_after=2022-12-23T00:00:00+00:00
[2022-12-23T00:00:05.641+0000] {processor.py:175} INFO - Processing /home/airflow/.local/lib/python3.7/site-packages/airflow/example_dags/example_bash_operator.py took 0.099 seconds
[2022-12-23T00:00:36.215+0000] {processor.py:153} INFO - Started process (PID=3380) to work on /home/airflow/.local/lib/python3.7/site-packages/airflow/example_dags/example_bash_operator.py
[2022-12-23T00:00:36.216+0000] {processor.py:743} INFO - Processing file /home/airflow/.local/lib/python3.7/site-packages/airflow/example_dags/example_bash_operator.py for tasks to queue
[2022-12-23T00:00:36.217+0000] {logging_mixin.py:137} INFO - [2022-12-23T00:00:36.217+0000] {dagbag.py:538} INFO - Filling up the DagBag from /home/airflow/.local/lib/python3.7/site-packages/airflow/example_dags/example_bash_operator.py
[2022-12-23T00:00:36.235+0000] {processor.py:753} INFO - DAG(s) dict_keys(['example_bash_operator']) retrieved from /home/airflow/.local/lib/python3.7/site-packages/airflow/example_dags/example_bash_operator.py
[2022-12-23T00:00:36.275+0000] {logging_mixin.py:137} INFO - [2022-12-23T00:00:36.275+0000] {dag.py:2676} INFO - Sync 1 DAGs
[2022-12-23T00:00:36.293+0000] {logging_mixin.py:137} INFO - [2022-12-23T00:00:36.293+0000] {dag.py:3427} INFO - Setting next_dagrun for example_bash_operator to 2022-12-22T00:00:00+00:00, run_after=2022-12-23T00:00:00+00:00
[2022-12-23T00:00:36.306+0000] {processor.py:175} INFO - Processing /home/airflow/.local/lib/python3.7/site-packages/airflow/example_dags/example_bash_operator.py took 0.094 seconds
[2022-12-23T00:01:06.915+0000] {processor.py:153} INFO - Started process (PID=3606) to work on /home/airflow/.local/lib/python3.7/site-packages/airflow/example_dags/example_bash_operator.py
[2022-12-23T00:01:06.916+0000] {processor.py:743} INFO - Processing file /home/airflow/.local/lib/python3.7/site-packages/airflow/example_dags/example_bash_operator.py for tasks to queue
[2022-12-23T00:01:06.917+0000] {logging_mixin.py:137} INFO - [2022-12-23T00:01:06.917+0000] {dagbag.py:538} INFO - Filling up the DagBag from /home/airflow/.local/lib/python3.7/site-packages/airflow/example_dags/example_bash_operator.py
[2022-12-23T00:01:06.935+0000] {processor.py:753} INFO - DAG(s) dict_keys(['example_bash_operator']) retrieved from /home/airflow/.local/lib/python3.7/site-packages/airflow/example_dags/example_bash_operator.py
[2022-12-23T00:01:06.975+0000] {logging_mixin.py:137} INFO - [2022-12-23T00:01:06.975+0000] {dag.py:2676} INFO - Sync 1 DAGs
[2022-12-23T00:01:06.994+0000] {logging_mixin.py:137} INFO - [2022-12-23T00:01:06.994+0000] {dag.py:3427} INFO - Setting next_dagrun for example_bash_operator to 2022-12-22T00:00:00+00:00, run_after=2022-12-23T00:00:00+00:00
[2022-12-23T00:01:07.009+0000] {processor.py:175} INFO - Processing /home/airflow/.local/lib/python3.7/site-packages/airflow/example_dags/example_bash_operator.py took 0.097 seconds
[2022-12-23T00:03:13.609+0000] {processor.py:153} INFO - Started process (PID=273) to work on /home/airflow/.local/lib/python3.7/site-packages/airflow/example_dags/example_bash_operator.py
[2022-12-23T00:03:13.612+0000] {processor.py:743} INFO - Processing file /home/airflow/.local/lib/python3.7/site-packages/airflow/example_dags/example_bash_operator.py for tasks to queue
[2022-12-23T00:03:13.613+0000] {logging_mixin.py:137} INFO - [2022-12-23T00:03:13.613+0000] {dagbag.py:538} INFO - Filling up the DagBag from /home/airflow/.local/lib/python3.7/site-packages/airflow/example_dags/example_bash_operator.py
[2022-12-23T00:03:13.635+0000] {processor.py:753} INFO - DAG(s) dict_keys(['example_bash_operator']) retrieved from /home/airflow/.local/lib/python3.7/site-packages/airflow/example_dags/example_bash_operator.py
[2022-12-23T00:03:13.664+0000] {logging_mixin.py:137} INFO - [2022-12-23T00:03:13.664+0000] {dag.py:2676} INFO - Sync 1 DAGs
[2022-12-23T00:03:13.690+0000] {logging_mixin.py:137} INFO - [2022-12-23T00:03:13.690+0000] {dag.py:3427} INFO - Setting next_dagrun for example_bash_operator to 2022-12-22T00:00:00+00:00, run_after=2022-12-23T00:00:00+00:00
[2022-12-23T00:03:13.709+0000] {processor.py:175} INFO - Processing /home/airflow/.local/lib/python3.7/site-packages/airflow/example_dags/example_bash_operator.py took 0.106 seconds
[2022-12-23T00:03:44.567+0000] {processor.py:153} INFO - Started process (PID=499) to work on /home/airflow/.local/lib/python3.7/site-packages/airflow/example_dags/example_bash_operator.py
[2022-12-23T00:03:44.569+0000] {processor.py:743} INFO - Processing file /home/airflow/.local/lib/python3.7/site-packages/airflow/example_dags/example_bash_operator.py for tasks to queue
[2022-12-23T00:03:44.570+0000] {logging_mixin.py:137} INFO - [2022-12-23T00:03:44.570+0000] {dagbag.py:538} INFO - Filling up the DagBag from /home/airflow/.local/lib/python3.7/site-packages/airflow/example_dags/example_bash_operator.py
[2022-12-23T00:03:44.588+0000] {processor.py:753} INFO - DAG(s) dict_keys(['example_bash_operator']) retrieved from /home/airflow/.local/lib/python3.7/site-packages/airflow/example_dags/example_bash_operator.py
[2022-12-23T00:03:44.632+0000] {logging_mixin.py:137} INFO - [2022-12-23T00:03:44.632+0000] {dag.py:2676} INFO - Sync 1 DAGs
[2022-12-23T00:03:44.652+0000] {logging_mixin.py:137} INFO - [2022-12-23T00:03:44.652+0000] {dag.py:3427} INFO - Setting next_dagrun for example_bash_operator to 2022-12-22T00:00:00+00:00, run_after=2022-12-23T00:00:00+00:00
[2022-12-23T00:03:44.666+0000] {processor.py:175} INFO - Processing /home/airflow/.local/lib/python3.7/site-packages/airflow/example_dags/example_bash_operator.py took 0.102 seconds
[2022-12-23T00:04:15.954+0000] {processor.py:153} INFO - Started process (PID=725) to work on /home/airflow/.local/lib/python3.7/site-packages/airflow/example_dags/example_bash_operator.py
[2022-12-23T00:04:15.957+0000] {processor.py:743} INFO - Processing file /home/airflow/.local/lib/python3.7/site-packages/airflow/example_dags/example_bash_operator.py for tasks to queue
[2022-12-23T00:04:15.959+0000] {logging_mixin.py:137} INFO - [2022-12-23T00:04:15.959+0000] {dagbag.py:538} INFO - Filling up the DagBag from /home/airflow/.local/lib/python3.7/site-packages/airflow/example_dags/example_bash_operator.py
[2022-12-23T00:04:15.980+0000] {processor.py:753} INFO - DAG(s) dict_keys(['example_bash_operator']) retrieved from /home/airflow/.local/lib/python3.7/site-packages/airflow/example_dags/example_bash_operator.py
[2022-12-23T00:04:16.026+0000] {logging_mixin.py:137} INFO - [2022-12-23T00:04:16.026+0000] {dag.py:2676} INFO - Sync 1 DAGs
[2022-12-23T00:04:16.048+0000] {logging_mixin.py:137} INFO - [2022-12-23T00:04:16.048+0000] {dag.py:3427} INFO - Setting next_dagrun for example_bash_operator to 2022-12-22T00:00:00+00:00, run_after=2022-12-23T00:00:00+00:00
[2022-12-23T00:04:16.069+0000] {processor.py:175} INFO - Processing /home/airflow/.local/lib/python3.7/site-packages/airflow/example_dags/example_bash_operator.py took 0.120 seconds
[2022-12-23T00:04:46.980+0000] {processor.py:153} INFO - Started process (PID=939) to work on /home/airflow/.local/lib/python3.7/site-packages/airflow/example_dags/example_bash_operator.py
[2022-12-23T00:04:46.982+0000] {processor.py:743} INFO - Processing file /home/airflow/.local/lib/python3.7/site-packages/airflow/example_dags/example_bash_operator.py for tasks to queue
[2022-12-23T00:04:46.983+0000] {logging_mixin.py:137} INFO - [2022-12-23T00:04:46.983+0000] {dagbag.py:538} INFO - Filling up the DagBag from /home/airflow/.local/lib/python3.7/site-packages/airflow/example_dags/example_bash_operator.py
[2022-12-23T00:04:47.002+0000] {processor.py:753} INFO - DAG(s) dict_keys(['example_bash_operator']) retrieved from /home/airflow/.local/lib/python3.7/site-packages/airflow/example_dags/example_bash_operator.py
[2022-12-23T00:04:47.045+0000] {logging_mixin.py:137} INFO - [2022-12-23T00:04:47.044+0000] {dag.py:2676} INFO - Sync 1 DAGs
[2022-12-23T00:04:47.063+0000] {logging_mixin.py:137} INFO - [2022-12-23T00:04:47.063+0000] {dag.py:3427} INFO - Setting next_dagrun for example_bash_operator to 2022-12-22T00:00:00+00:00, run_after=2022-12-23T00:00:00+00:00
[2022-12-23T00:04:47.077+0000] {processor.py:175} INFO - Processing /home/airflow/.local/lib/python3.7/site-packages/airflow/example_dags/example_bash_operator.py took 0.100 seconds
[2022-12-23T00:05:17.836+0000] {processor.py:153} INFO - Started process (PID=1166) to work on /home/airflow/.local/lib/python3.7/site-packages/airflow/example_dags/example_bash_operator.py
[2022-12-23T00:05:17.837+0000] {processor.py:743} INFO - Processing file /home/airflow/.local/lib/python3.7/site-packages/airflow/example_dags/example_bash_operator.py for tasks to queue
[2022-12-23T00:05:17.838+0000] {logging_mixin.py:137} INFO - [2022-12-23T00:05:17.838+0000] {dagbag.py:538} INFO - Filling up the DagBag from /home/airflow/.local/lib/python3.7/site-packages/airflow/example_dags/example_bash_operator.py
[2022-12-23T00:05:17.856+0000] {processor.py:753} INFO - DAG(s) dict_keys(['example_bash_operator']) retrieved from /home/airflow/.local/lib/python3.7/site-packages/airflow/example_dags/example_bash_operator.py
[2022-12-23T00:05:17.896+0000] {logging_mixin.py:137} INFO - [2022-12-23T00:05:17.896+0000] {dag.py:2676} INFO - Sync 1 DAGs
[2022-12-23T00:05:17.917+0000] {logging_mixin.py:137} INFO - [2022-12-23T00:05:17.917+0000] {dag.py:3427} INFO - Setting next_dagrun for example_bash_operator to 2022-12-22T00:00:00+00:00, run_after=2022-12-23T00:00:00+00:00
[2022-12-23T00:05:17.930+0000] {processor.py:175} INFO - Processing /home/airflow/.local/lib/python3.7/site-packages/airflow/example_dags/example_bash_operator.py took 0.097 seconds
[2022-12-23 22:41:55,388] {processor.py:153} INFO - Started process (PID=279) to work on /home/airflow/.local/lib/python3.7/site-packages/airflow/example_dags/example_bash_operator.py
[2022-12-23 22:41:55,391] {processor.py:641} INFO - Processing file /home/airflow/.local/lib/python3.7/site-packages/airflow/example_dags/example_bash_operator.py for tasks to queue
[2022-12-23 22:41:55,393] {logging_mixin.py:115} INFO - [2022-12-23 22:41:55,393] {dagbag.py:507} INFO - Filling up the DagBag from /home/airflow/.local/lib/python3.7/site-packages/airflow/example_dags/example_bash_operator.py
[2022-12-23 22:41:55,429] {processor.py:651} INFO - DAG(s) dict_keys(['example_bash_operator']) retrieved from /home/airflow/.local/lib/python3.7/site-packages/airflow/example_dags/example_bash_operator.py
[2022-12-23 22:41:55,596] {logging_mixin.py:115} INFO - [2022-12-23 22:41:55,596] {manager.py:508} INFO - Created Permission View: can delete on DAG:example_bash_operator
[2022-12-23 22:41:55,606] {logging_mixin.py:115} INFO - [2022-12-23 22:41:55,606] {manager.py:508} INFO - Created Permission View: can edit on DAG:example_bash_operator
[2022-12-23 22:41:55,612] {logging_mixin.py:115} INFO - [2022-12-23 22:41:55,612] {manager.py:508} INFO - Created Permission View: can read on DAG:example_bash_operator
[2022-12-23 22:41:55,613] {logging_mixin.py:115} INFO - [2022-12-23 22:41:55,613] {dag.py:2371} INFO - Sync 1 DAGs
[2022-12-23 22:41:55,620] {logging_mixin.py:115} INFO - [2022-12-23 22:41:55,620] {dag.py:2390} INFO - Creating ORM DAG for example_bash_operator
[2022-12-23 22:41:55,632] {logging_mixin.py:115} INFO - [2022-12-23 22:41:55,632] {dag.py:2919} INFO - Setting next_dagrun for example_bash_operator to 2022-12-22T00:00:00+00:00, run_after=2022-12-23T00:00:00+00:00
[2022-12-23 22:41:55,668] {processor.py:161} INFO - Processing /home/airflow/.local/lib/python3.7/site-packages/airflow/example_dags/example_bash_operator.py took 0.283 seconds
[2022-12-23 22:42:26,024] {processor.py:153} INFO - Started process (PID=473) to work on /home/airflow/.local/lib/python3.7/site-packages/airflow/example_dags/example_bash_operator.py
[2022-12-23 22:42:26,027] {processor.py:641} INFO - Processing file /home/airflow/.local/lib/python3.7/site-packages/airflow/example_dags/example_bash_operator.py for tasks to queue
[2022-12-23 22:42:26,028] {logging_mixin.py:115} INFO - [2022-12-23 22:42:26,028] {dagbag.py:507} INFO - Filling up the DagBag from /home/airflow/.local/lib/python3.7/site-packages/airflow/example_dags/example_bash_operator.py
[2022-12-23 22:42:26,050] {processor.py:651} INFO - DAG(s) dict_keys(['example_bash_operator']) retrieved from /home/airflow/.local/lib/python3.7/site-packages/airflow/example_dags/example_bash_operator.py
[2022-12-23 22:42:26,086] {logging_mixin.py:115} INFO - [2022-12-23 22:42:26,086] {dag.py:2371} INFO - Sync 1 DAGs
[2022-12-23 22:42:26,106] {logging_mixin.py:115} INFO - [2022-12-23 22:42:26,106] {dag.py:2919} INFO - Setting next_dagrun for example_bash_operator to 2022-12-22T00:00:00+00:00, run_after=2022-12-23T00:00:00+00:00
[2022-12-23 22:42:26,116] {processor.py:161} INFO - Processing /home/airflow/.local/lib/python3.7/site-packages/airflow/example_dags/example_bash_operator.py took 0.097 seconds
[2022-12-23 22:42:56,245] {processor.py:153} INFO - Started process (PID=678) to work on /home/airflow/.local/lib/python3.7/site-packages/airflow/example_dags/example_bash_operator.py
[2022-12-23 22:42:56,246] {processor.py:641} INFO - Processing file /home/airflow/.local/lib/python3.7/site-packages/airflow/example_dags/example_bash_operator.py for tasks to queue
[2022-12-23 22:42:56,247] {logging_mixin.py:115} INFO - [2022-12-23 22:42:56,247] {dagbag.py:507} INFO - Filling up the DagBag from /home/airflow/.local/lib/python3.7/site-packages/airflow/example_dags/example_bash_operator.py
[2022-12-23 22:42:56,260] {processor.py:651} INFO - DAG(s) dict_keys(['example_bash_operator']) retrieved from /home/airflow/.local/lib/python3.7/site-packages/airflow/example_dags/example_bash_operator.py
[2022-12-23 22:42:56,280] {logging_mixin.py:115} INFO - [2022-12-23 22:42:56,280] {dag.py:2371} INFO - Sync 1 DAGs
[2022-12-23 22:42:56,296] {logging_mixin.py:115} INFO - [2022-12-23 22:42:56,296] {dag.py:2919} INFO - Setting next_dagrun for example_bash_operator to 2022-12-22T00:00:00+00:00, run_after=2022-12-23T00:00:00+00:00
[2022-12-23 22:42:56,306] {processor.py:161} INFO - Processing /home/airflow/.local/lib/python3.7/site-packages/airflow/example_dags/example_bash_operator.py took 0.063 seconds
[2022-12-23 22:43:26,344] {processor.py:153} INFO - Started process (PID=879) to work on /home/airflow/.local/lib/python3.7/site-packages/airflow/example_dags/example_bash_operator.py
[2022-12-23 22:43:26,346] {processor.py:641} INFO - Processing file /home/airflow/.local/lib/python3.7/site-packages/airflow/example_dags/example_bash_operator.py for tasks to queue
[2022-12-23 22:43:26,347] {logging_mixin.py:115} INFO - [2022-12-23 22:43:26,346] {dagbag.py:507} INFO - Filling up the DagBag from /home/airflow/.local/lib/python3.7/site-packages/airflow/example_dags/example_bash_operator.py
[2022-12-23 22:43:26,359] {processor.py:651} INFO - DAG(s) dict_keys(['example_bash_operator']) retrieved from /home/airflow/.local/lib/python3.7/site-packages/airflow/example_dags/example_bash_operator.py
[2022-12-23 22:43:26,382] {logging_mixin.py:115} INFO - [2022-12-23 22:43:26,382] {dag.py:2371} INFO - Sync 1 DAGs
[2022-12-23 22:43:26,399] {logging_mixin.py:115} INFO - [2022-12-23 22:43:26,399] {dag.py:2919} INFO - Setting next_dagrun for example_bash_operator to 2022-12-22T00:00:00+00:00, run_after=2022-12-23T00:00:00+00:00
[2022-12-23 22:43:26,408] {processor.py:161} INFO - Processing /home/airflow/.local/lib/python3.7/site-packages/airflow/example_dags/example_bash_operator.py took 0.066 seconds
[2022-12-23 22:43:56,490] {processor.py:153} INFO - Started process (PID=1082) to work on /home/airflow/.local/lib/python3.7/site-packages/airflow/example_dags/example_bash_operator.py
[2022-12-23 22:43:56,491] {processor.py:641} INFO - Processing file /home/airflow/.local/lib/python3.7/site-packages/airflow/example_dags/example_bash_operator.py for tasks to queue
[2022-12-23 22:43:56,492] {logging_mixin.py:115} INFO - [2022-12-23 22:43:56,492] {dagbag.py:507} INFO - Filling up the DagBag from /home/airflow/.local/lib/python3.7/site-packages/airflow/example_dags/example_bash_operator.py
[2022-12-23 22:43:56,504] {processor.py:651} INFO - DAG(s) dict_keys(['example_bash_operator']) retrieved from /home/airflow/.local/lib/python3.7/site-packages/airflow/example_dags/example_bash_operator.py
[2022-12-23 22:43:56,529] {logging_mixin.py:115} INFO - [2022-12-23 22:43:56,529] {dag.py:2371} INFO - Sync 1 DAGs
[2022-12-23 22:43:56,545] {logging_mixin.py:115} INFO - [2022-12-23 22:43:56,545] {dag.py:2919} INFO - Setting next_dagrun for example_bash_operator to 2022-12-22T00:00:00+00:00, run_after=2022-12-23T00:00:00+00:00
[2022-12-23 22:43:56,554] {processor.py:161} INFO - Processing /home/airflow/.local/lib/python3.7/site-packages/airflow/example_dags/example_bash_operator.py took 0.066 seconds
[2022-12-23 22:44:26,689] {processor.py:153} INFO - Started process (PID=1276) to work on /home/airflow/.local/lib/python3.7/site-packages/airflow/example_dags/example_bash_operator.py
[2022-12-23 22:44:26,690] {processor.py:641} INFO - Processing file /home/airflow/.local/lib/python3.7/site-packages/airflow/example_dags/example_bash_operator.py for tasks to queue
[2022-12-23 22:44:26,691] {logging_mixin.py:115} INFO - [2022-12-23 22:44:26,691] {dagbag.py:507} INFO - Filling up the DagBag from /home/airflow/.local/lib/python3.7/site-packages/airflow/example_dags/example_bash_operator.py
[2022-12-23 22:44:26,703] {processor.py:651} INFO - DAG(s) dict_keys(['example_bash_operator']) retrieved from /home/airflow/.local/lib/python3.7/site-packages/airflow/example_dags/example_bash_operator.py
[2022-12-23 22:44:26,727] {logging_mixin.py:115} INFO - [2022-12-23 22:44:26,727] {dag.py:2371} INFO - Sync 1 DAGs
[2022-12-23 22:44:26,748] {logging_mixin.py:115} INFO - [2022-12-23 22:44:26,748] {dag.py:2919} INFO - Setting next_dagrun for example_bash_operator to 2022-12-22T00:00:00+00:00, run_after=2022-12-23T00:00:00+00:00
[2022-12-23 22:44:26,761] {processor.py:161} INFO - Processing /home/airflow/.local/lib/python3.7/site-packages/airflow/example_dags/example_bash_operator.py took 0.075 seconds
[2022-12-23 22:44:57,702] {processor.py:153} INFO - Started process (PID=1479) to work on /home/airflow/.local/lib/python3.7/site-packages/airflow/example_dags/example_bash_operator.py
[2022-12-23 22:44:57,703] {processor.py:641} INFO - Processing file /home/airflow/.local/lib/python3.7/site-packages/airflow/example_dags/example_bash_operator.py for tasks to queue
[2022-12-23 22:44:57,704] {logging_mixin.py:115} INFO - [2022-12-23 22:44:57,704] {dagbag.py:507} INFO - Filling up the DagBag from /home/airflow/.local/lib/python3.7/site-packages/airflow/example_dags/example_bash_operator.py
[2022-12-23 22:44:57,716] {processor.py:651} INFO - DAG(s) dict_keys(['example_bash_operator']) retrieved from /home/airflow/.local/lib/python3.7/site-packages/airflow/example_dags/example_bash_operator.py
[2022-12-23 22:44:57,739] {logging_mixin.py:115} INFO - [2022-12-23 22:44:57,739] {dag.py:2371} INFO - Sync 1 DAGs
[2022-12-23 22:44:57,754] {logging_mixin.py:115} INFO - [2022-12-23 22:44:57,754] {dag.py:2919} INFO - Setting next_dagrun for example_bash_operator to 2022-12-22T00:00:00+00:00, run_after=2022-12-23T00:00:00+00:00
[2022-12-23 22:44:57,761] {processor.py:161} INFO - Processing /home/airflow/.local/lib/python3.7/site-packages/airflow/example_dags/example_bash_operator.py took 0.062 seconds
[2022-12-23 22:45:28,691] {processor.py:153} INFO - Started process (PID=1684) to work on /home/airflow/.local/lib/python3.7/site-packages/airflow/example_dags/example_bash_operator.py
[2022-12-23 22:45:28,692] {processor.py:641} INFO - Processing file /home/airflow/.local/lib/python3.7/site-packages/airflow/example_dags/example_bash_operator.py for tasks to queue
[2022-12-23 22:45:28,693] {logging_mixin.py:115} INFO - [2022-12-23 22:45:28,693] {dagbag.py:507} INFO - Filling up the DagBag from /home/airflow/.local/lib/python3.7/site-packages/airflow/example_dags/example_bash_operator.py
[2022-12-23 22:45:28,705] {processor.py:651} INFO - DAG(s) dict_keys(['example_bash_operator']) retrieved from /home/airflow/.local/lib/python3.7/site-packages/airflow/example_dags/example_bash_operator.py
[2022-12-23 22:45:28,726] {logging_mixin.py:115} INFO - [2022-12-23 22:45:28,726] {dag.py:2371} INFO - Sync 1 DAGs
[2022-12-23 22:45:28,741] {logging_mixin.py:115} INFO - [2022-12-23 22:45:28,741] {dag.py:2919} INFO - Setting next_dagrun for example_bash_operator to 2022-12-22T00:00:00+00:00, run_after=2022-12-23T00:00:00+00:00
[2022-12-23 22:45:28,749] {processor.py:161} INFO - Processing /home/airflow/.local/lib/python3.7/site-packages/airflow/example_dags/example_bash_operator.py took 0.061 seconds
[2022-12-23 22:45:59,727] {processor.py:153} INFO - Started process (PID=1885) to work on /home/airflow/.local/lib/python3.7/site-packages/airflow/example_dags/example_bash_operator.py
[2022-12-23 22:45:59,728] {processor.py:641} INFO - Processing file /home/airflow/.local/lib/python3.7/site-packages/airflow/example_dags/example_bash_operator.py for tasks to queue
[2022-12-23 22:45:59,729] {logging_mixin.py:115} INFO - [2022-12-23 22:45:59,729] {dagbag.py:507} INFO - Filling up the DagBag from /home/airflow/.local/lib/python3.7/site-packages/airflow/example_dags/example_bash_operator.py
[2022-12-23 22:45:59,741] {processor.py:651} INFO - DAG(s) dict_keys(['example_bash_operator']) retrieved from /home/airflow/.local/lib/python3.7/site-packages/airflow/example_dags/example_bash_operator.py
[2022-12-23 22:45:59,765] {logging_mixin.py:115} INFO - [2022-12-23 22:45:59,765] {dag.py:2371} INFO - Sync 1 DAGs
[2022-12-23 22:45:59,780] {logging_mixin.py:115} INFO - [2022-12-23 22:45:59,779] {dag.py:2919} INFO - Setting next_dagrun for example_bash_operator to 2022-12-22T00:00:00+00:00, run_after=2022-12-23T00:00:00+00:00
[2022-12-23 22:45:59,787] {processor.py:161} INFO - Processing /home/airflow/.local/lib/python3.7/site-packages/airflow/example_dags/example_bash_operator.py took 0.062 seconds
[2022-12-23 22:46:30,930] {processor.py:153} INFO - Started process (PID=2087) to work on /home/airflow/.local/lib/python3.7/site-packages/airflow/example_dags/example_bash_operator.py
[2022-12-23 22:46:30,931] {processor.py:641} INFO - Processing file /home/airflow/.local/lib/python3.7/site-packages/airflow/example_dags/example_bash_operator.py for tasks to queue
[2022-12-23 22:46:30,932] {logging_mixin.py:115} INFO - [2022-12-23 22:46:30,932] {dagbag.py:507} INFO - Filling up the DagBag from /home/airflow/.local/lib/python3.7/site-packages/airflow/example_dags/example_bash_operator.py
[2022-12-23 22:46:30,944] {processor.py:651} INFO - DAG(s) dict_keys(['example_bash_operator']) retrieved from /home/airflow/.local/lib/python3.7/site-packages/airflow/example_dags/example_bash_operator.py
[2022-12-23 22:46:30,967] {logging_mixin.py:115} INFO - [2022-12-23 22:46:30,967] {dag.py:2371} INFO - Sync 1 DAGs
[2022-12-23 22:46:30,983] {logging_mixin.py:115} INFO - [2022-12-23 22:46:30,983] {dag.py:2919} INFO - Setting next_dagrun for example_bash_operator to 2022-12-22T00:00:00+00:00, run_after=2022-12-23T00:00:00+00:00
[2022-12-23 22:46:30,991] {processor.py:161} INFO - Processing /home/airflow/.local/lib/python3.7/site-packages/airflow/example_dags/example_bash_operator.py took 0.063 seconds
[2022-12-23 22:47:01,194] {processor.py:153} INFO - Started process (PID=2292) to work on /home/airflow/.local/lib/python3.7/site-packages/airflow/example_dags/example_bash_operator.py
[2022-12-23 22:47:01,196] {processor.py:641} INFO - Processing file /home/airflow/.local/lib/python3.7/site-packages/airflow/example_dags/example_bash_operator.py for tasks to queue
[2022-12-23 22:47:01,196] {logging_mixin.py:115} INFO - [2022-12-23 22:47:01,196] {dagbag.py:507} INFO - Filling up the DagBag from /home/airflow/.local/lib/python3.7/site-packages/airflow/example_dags/example_bash_operator.py
[2022-12-23 22:47:01,206] {processor.py:651} INFO - DAG(s) dict_keys(['example_bash_operator']) retrieved from /home/airflow/.local/lib/python3.7/site-packages/airflow/example_dags/example_bash_operator.py
[2022-12-23 22:47:01,231] {logging_mixin.py:115} INFO - [2022-12-23 22:47:01,231] {dag.py:2371} INFO - Sync 1 DAGs
[2022-12-23 22:47:01,248] {logging_mixin.py:115} INFO - [2022-12-23 22:47:01,248] {dag.py:2919} INFO - Setting next_dagrun for example_bash_operator to 2022-12-22T00:00:00+00:00, run_after=2022-12-23T00:00:00+00:00
[2022-12-23 22:47:01,258] {processor.py:161} INFO - Processing /home/airflow/.local/lib/python3.7/site-packages/airflow/example_dags/example_bash_operator.py took 0.066 seconds
[2022-12-23 22:47:32,305] {processor.py:153} INFO - Started process (PID=2486) to work on /home/airflow/.local/lib/python3.7/site-packages/airflow/example_dags/example_bash_operator.py
[2022-12-23 22:47:32,306] {processor.py:641} INFO - Processing file /home/airflow/.local/lib/python3.7/site-packages/airflow/example_dags/example_bash_operator.py for tasks to queue
[2022-12-23 22:47:32,307] {logging_mixin.py:115} INFO - [2022-12-23 22:47:32,307] {dagbag.py:507} INFO - Filling up the DagBag from /home/airflow/.local/lib/python3.7/site-packages/airflow/example_dags/example_bash_operator.py
[2022-12-23 22:47:32,316] {processor.py:651} INFO - DAG(s) dict_keys(['example_bash_operator']) retrieved from /home/airflow/.local/lib/python3.7/site-packages/airflow/example_dags/example_bash_operator.py
[2022-12-23 22:47:32,346] {logging_mixin.py:115} INFO - [2022-12-23 22:47:32,346] {dag.py:2371} INFO - Sync 1 DAGs
[2022-12-23 22:47:32,365] {logging_mixin.py:115} INFO - [2022-12-23 22:47:32,365] {dag.py:2919} INFO - Setting next_dagrun for example_bash_operator to 2022-12-22T00:00:00+00:00, run_after=2022-12-23T00:00:00+00:00
[2022-12-23 22:47:32,375] {processor.py:161} INFO - Processing /home/airflow/.local/lib/python3.7/site-packages/airflow/example_dags/example_bash_operator.py took 0.073 seconds
[2022-12-23 22:48:02,528] {processor.py:153} INFO - Started process (PID=2692) to work on /home/airflow/.local/lib/python3.7/site-packages/airflow/example_dags/example_bash_operator.py
[2022-12-23 22:48:02,530] {processor.py:641} INFO - Processing file /home/airflow/.local/lib/python3.7/site-packages/airflow/example_dags/example_bash_operator.py for tasks to queue
[2022-12-23 22:48:02,531] {logging_mixin.py:115} INFO - [2022-12-23 22:48:02,530] {dagbag.py:507} INFO - Filling up the DagBag from /home/airflow/.local/lib/python3.7/site-packages/airflow/example_dags/example_bash_operator.py
[2022-12-23 22:48:02,540] {processor.py:651} INFO - DAG(s) dict_keys(['example_bash_operator']) retrieved from /home/airflow/.local/lib/python3.7/site-packages/airflow/example_dags/example_bash_operator.py
[2022-12-23 22:48:02,565] {logging_mixin.py:115} INFO - [2022-12-23 22:48:02,565] {dag.py:2371} INFO - Sync 1 DAGs
[2022-12-23 22:48:02,583] {logging_mixin.py:115} INFO - [2022-12-23 22:48:02,583] {dag.py:2919} INFO - Setting next_dagrun for example_bash_operator to 2022-12-22T00:00:00+00:00, run_after=2022-12-23T00:00:00+00:00
[2022-12-23 22:48:02,592] {processor.py:161} INFO - Processing /home/airflow/.local/lib/python3.7/site-packages/airflow/example_dags/example_bash_operator.py took 0.068 seconds
[2022-12-23 22:48:32,712] {processor.py:153} INFO - Started process (PID=2891) to work on /home/airflow/.local/lib/python3.7/site-packages/airflow/example_dags/example_bash_operator.py
[2022-12-23 22:48:32,714] {processor.py:641} INFO - Processing file /home/airflow/.local/lib/python3.7/site-packages/airflow/example_dags/example_bash_operator.py for tasks to queue
[2022-12-23 22:48:32,714] {logging_mixin.py:115} INFO - [2022-12-23 22:48:32,714] {dagbag.py:507} INFO - Filling up the DagBag from /home/airflow/.local/lib/python3.7/site-packages/airflow/example_dags/example_bash_operator.py
[2022-12-23 22:48:32,725] {processor.py:651} INFO - DAG(s) dict_keys(['example_bash_operator']) retrieved from /home/airflow/.local/lib/python3.7/site-packages/airflow/example_dags/example_bash_operator.py
[2022-12-23 22:48:32,750] {logging_mixin.py:115} INFO - [2022-12-23 22:48:32,750] {dag.py:2371} INFO - Sync 1 DAGs
[2022-12-23 22:48:32,772] {logging_mixin.py:115} INFO - [2022-12-23 22:48:32,772] {dag.py:2919} INFO - Setting next_dagrun for example_bash_operator to 2022-12-22T00:00:00+00:00, run_after=2022-12-23T00:00:00+00:00
[2022-12-23 22:48:32,782] {processor.py:161} INFO - Processing /home/airflow/.local/lib/python3.7/site-packages/airflow/example_dags/example_bash_operator.py took 0.073 seconds
[2022-12-23 22:49:02,986] {processor.py:153} INFO - Started process (PID=3092) to work on /home/airflow/.local/lib/python3.7/site-packages/airflow/example_dags/example_bash_operator.py
[2022-12-23 22:49:02,987] {processor.py:641} INFO - Processing file /home/airflow/.local/lib/python3.7/site-packages/airflow/example_dags/example_bash_operator.py for tasks to queue
[2022-12-23 22:49:02,988] {logging_mixin.py:115} INFO - [2022-12-23 22:49:02,988] {dagbag.py:507} INFO - Filling up the DagBag from /home/airflow/.local/lib/python3.7/site-packages/airflow/example_dags/example_bash_operator.py
[2022-12-23 22:49:02,997] {processor.py:651} INFO - DAG(s) dict_keys(['example_bash_operator']) retrieved from /home/airflow/.local/lib/python3.7/site-packages/airflow/example_dags/example_bash_operator.py
[2022-12-23 22:49:03,020] {logging_mixin.py:115} INFO - [2022-12-23 22:49:03,020] {dag.py:2371} INFO - Sync 1 DAGs
[2022-12-23 22:49:03,036] {logging_mixin.py:115} INFO - [2022-12-23 22:49:03,036] {dag.py:2919} INFO - Setting next_dagrun for example_bash_operator to 2022-12-22T00:00:00+00:00, run_after=2022-12-23T00:00:00+00:00
[2022-12-23 22:49:03,045] {processor.py:161} INFO - Processing /home/airflow/.local/lib/python3.7/site-packages/airflow/example_dags/example_bash_operator.py took 0.061 seconds
[2022-12-23 22:49:33,139] {processor.py:153} INFO - Started process (PID=3287) to work on /home/airflow/.local/lib/python3.7/site-packages/airflow/example_dags/example_bash_operator.py
[2022-12-23 22:49:33,141] {processor.py:641} INFO - Processing file /home/airflow/.local/lib/python3.7/site-packages/airflow/example_dags/example_bash_operator.py for tasks to queue
[2022-12-23 22:49:33,142] {logging_mixin.py:115} INFO - [2022-12-23 22:49:33,142] {dagbag.py:507} INFO - Filling up the DagBag from /home/airflow/.local/lib/python3.7/site-packages/airflow/example_dags/example_bash_operator.py
[2022-12-23 22:49:33,151] {processor.py:651} INFO - DAG(s) dict_keys(['example_bash_operator']) retrieved from /home/airflow/.local/lib/python3.7/site-packages/airflow/example_dags/example_bash_operator.py
[2022-12-23 22:49:33,180] {logging_mixin.py:115} INFO - [2022-12-23 22:49:33,180] {dag.py:2371} INFO - Sync 1 DAGs
[2022-12-23 22:49:33,210] {logging_mixin.py:115} INFO - [2022-12-23 22:49:33,210] {dag.py:2919} INFO - Setting next_dagrun for example_bash_operator to 2022-12-22T00:00:00+00:00, run_after=2022-12-23T00:00:00+00:00
[2022-12-23 22:49:33,220] {processor.py:161} INFO - Processing /home/airflow/.local/lib/python3.7/site-packages/airflow/example_dags/example_bash_operator.py took 0.083 seconds
[2022-12-23 22:50:03,415] {processor.py:153} INFO - Started process (PID=3493) to work on /home/airflow/.local/lib/python3.7/site-packages/airflow/example_dags/example_bash_operator.py
[2022-12-23 22:50:03,416] {processor.py:641} INFO - Processing file /home/airflow/.local/lib/python3.7/site-packages/airflow/example_dags/example_bash_operator.py for tasks to queue
[2022-12-23 22:50:03,417] {logging_mixin.py:115} INFO - [2022-12-23 22:50:03,417] {dagbag.py:507} INFO - Filling up the DagBag from /home/airflow/.local/lib/python3.7/site-packages/airflow/example_dags/example_bash_operator.py
[2022-12-23 22:50:03,426] {processor.py:651} INFO - DAG(s) dict_keys(['example_bash_operator']) retrieved from /home/airflow/.local/lib/python3.7/site-packages/airflow/example_dags/example_bash_operator.py
[2022-12-23 22:50:03,451] {logging_mixin.py:115} INFO - [2022-12-23 22:50:03,451] {dag.py:2371} INFO - Sync 1 DAGs
[2022-12-23 22:50:03,468] {logging_mixin.py:115} INFO - [2022-12-23 22:50:03,468] {dag.py:2919} INFO - Setting next_dagrun for example_bash_operator to 2022-12-22T00:00:00+00:00, run_after=2022-12-23T00:00:00+00:00
[2022-12-23 22:50:03,477] {processor.py:161} INFO - Processing /home/airflow/.local/lib/python3.7/site-packages/airflow/example_dags/example_bash_operator.py took 0.065 seconds
[2022-12-23 22:50:33,585] {processor.py:153} INFO - Started process (PID=3697) to work on /home/airflow/.local/lib/python3.7/site-packages/airflow/example_dags/example_bash_operator.py
[2022-12-23 22:50:33,587] {processor.py:641} INFO - Processing file /home/airflow/.local/lib/python3.7/site-packages/airflow/example_dags/example_bash_operator.py for tasks to queue
[2022-12-23 22:50:33,588] {logging_mixin.py:115} INFO - [2022-12-23 22:50:33,587] {dagbag.py:507} INFO - Filling up the DagBag from /home/airflow/.local/lib/python3.7/site-packages/airflow/example_dags/example_bash_operator.py
[2022-12-23 22:50:33,596] {processor.py:651} INFO - DAG(s) dict_keys(['example_bash_operator']) retrieved from /home/airflow/.local/lib/python3.7/site-packages/airflow/example_dags/example_bash_operator.py
[2022-12-23 22:50:33,621] {logging_mixin.py:115} INFO - [2022-12-23 22:50:33,621] {dag.py:2371} INFO - Sync 1 DAGs
[2022-12-23 22:50:33,637] {logging_mixin.py:115} INFO - [2022-12-23 22:50:33,637] {dag.py:2919} INFO - Setting next_dagrun for example_bash_operator to 2022-12-22T00:00:00+00:00, run_after=2022-12-23T00:00:00+00:00
[2022-12-23 22:50:33,645] {processor.py:161} INFO - Processing /home/airflow/.local/lib/python3.7/site-packages/airflow/example_dags/example_bash_operator.py took 0.062 seconds
[2022-12-23 22:51:03,949] {processor.py:153} INFO - Started process (PID=3898) to work on /home/airflow/.local/lib/python3.7/site-packages/airflow/example_dags/example_bash_operator.py
[2022-12-23 22:51:03,950] {processor.py:641} INFO - Processing file /home/airflow/.local/lib/python3.7/site-packages/airflow/example_dags/example_bash_operator.py for tasks to queue
[2022-12-23 22:51:03,951] {logging_mixin.py:115} INFO - [2022-12-23 22:51:03,951] {dagbag.py:507} INFO - Filling up the DagBag from /home/airflow/.local/lib/python3.7/site-packages/airflow/example_dags/example_bash_operator.py
[2022-12-23 22:51:03,961] {processor.py:651} INFO - DAG(s) dict_keys(['example_bash_operator']) retrieved from /home/airflow/.local/lib/python3.7/site-packages/airflow/example_dags/example_bash_operator.py
[2022-12-23 22:51:03,984] {logging_mixin.py:115} INFO - [2022-12-23 22:51:03,984] {dag.py:2371} INFO - Sync 1 DAGs
[2022-12-23 22:51:04,000] {logging_mixin.py:115} INFO - [2022-12-23 22:51:04,000] {dag.py:2919} INFO - Setting next_dagrun for example_bash_operator to 2022-12-22T00:00:00+00:00, run_after=2022-12-23T00:00:00+00:00
[2022-12-23 22:51:04,009] {processor.py:161} INFO - Processing /home/airflow/.local/lib/python3.7/site-packages/airflow/example_dags/example_bash_operator.py took 0.063 seconds
[2022-12-23 22:51:34,998] {processor.py:153} INFO - Started process (PID=4104) to work on /home/airflow/.local/lib/python3.7/site-packages/airflow/example_dags/example_bash_operator.py
[2022-12-23 22:51:34,999] {processor.py:641} INFO - Processing file /home/airflow/.local/lib/python3.7/site-packages/airflow/example_dags/example_bash_operator.py for tasks to queue
[2022-12-23 22:51:35,000] {logging_mixin.py:115} INFO - [2022-12-23 22:51:35,000] {dagbag.py:507} INFO - Filling up the DagBag from /home/airflow/.local/lib/python3.7/site-packages/airflow/example_dags/example_bash_operator.py
[2022-12-23 22:51:35,010] {processor.py:651} INFO - DAG(s) dict_keys(['example_bash_operator']) retrieved from /home/airflow/.local/lib/python3.7/site-packages/airflow/example_dags/example_bash_operator.py
[2022-12-23 22:51:35,034] {logging_mixin.py:115} INFO - [2022-12-23 22:51:35,034] {dag.py:2371} INFO - Sync 1 DAGs
[2022-12-23 22:51:35,052] {logging_mixin.py:115} INFO - [2022-12-23 22:51:35,052] {dag.py:2919} INFO - Setting next_dagrun for example_bash_operator to 2022-12-22T00:00:00+00:00, run_after=2022-12-23T00:00:00+00:00
[2022-12-23 22:51:35,060] {processor.py:161} INFO - Processing /home/airflow/.local/lib/python3.7/site-packages/airflow/example_dags/example_bash_operator.py took 0.066 seconds
[2022-12-23 22:52:05,104] {processor.py:153} INFO - Started process (PID=4296) to work on /home/airflow/.local/lib/python3.7/site-packages/airflow/example_dags/example_bash_operator.py
[2022-12-23 22:52:05,105] {processor.py:641} INFO - Processing file /home/airflow/.local/lib/python3.7/site-packages/airflow/example_dags/example_bash_operator.py for tasks to queue
[2022-12-23 22:52:05,106] {logging_mixin.py:115} INFO - [2022-12-23 22:52:05,106] {dagbag.py:507} INFO - Filling up the DagBag from /home/airflow/.local/lib/python3.7/site-packages/airflow/example_dags/example_bash_operator.py
[2022-12-23 22:52:05,115] {processor.py:651} INFO - DAG(s) dict_keys(['example_bash_operator']) retrieved from /home/airflow/.local/lib/python3.7/site-packages/airflow/example_dags/example_bash_operator.py
[2022-12-23 22:52:05,138] {logging_mixin.py:115} INFO - [2022-12-23 22:52:05,138] {dag.py:2371} INFO - Sync 1 DAGs
[2022-12-23 22:52:05,153] {logging_mixin.py:115} INFO - [2022-12-23 22:52:05,153] {dag.py:2919} INFO - Setting next_dagrun for example_bash_operator to 2022-12-22T00:00:00+00:00, run_after=2022-12-23T00:00:00+00:00
[2022-12-23 22:52:05,161] {processor.py:161} INFO - Processing /home/airflow/.local/lib/python3.7/site-packages/airflow/example_dags/example_bash_operator.py took 0.060 seconds
[2022-12-23 22:52:35,220] {processor.py:153} INFO - Started process (PID=4497) to work on /home/airflow/.local/lib/python3.7/site-packages/airflow/example_dags/example_bash_operator.py
[2022-12-23 22:52:35,221] {processor.py:641} INFO - Processing file /home/airflow/.local/lib/python3.7/site-packages/airflow/example_dags/example_bash_operator.py for tasks to queue
[2022-12-23 22:52:35,222] {logging_mixin.py:115} INFO - [2022-12-23 22:52:35,222] {dagbag.py:507} INFO - Filling up the DagBag from /home/airflow/.local/lib/python3.7/site-packages/airflow/example_dags/example_bash_operator.py
[2022-12-23 22:52:35,232] {processor.py:651} INFO - DAG(s) dict_keys(['example_bash_operator']) retrieved from /home/airflow/.local/lib/python3.7/site-packages/airflow/example_dags/example_bash_operator.py
[2022-12-23 22:52:35,256] {logging_mixin.py:115} INFO - [2022-12-23 22:52:35,256] {dag.py:2371} INFO - Sync 1 DAGs
[2022-12-23 22:52:35,273] {logging_mixin.py:115} INFO - [2022-12-23 22:52:35,273] {dag.py:2919} INFO - Setting next_dagrun for example_bash_operator to 2022-12-22T00:00:00+00:00, run_after=2022-12-23T00:00:00+00:00
[2022-12-23 22:52:35,281] {processor.py:161} INFO - Processing /home/airflow/.local/lib/python3.7/site-packages/airflow/example_dags/example_bash_operator.py took 0.063 seconds
[2022-12-23 22:53:05,976] {processor.py:153} INFO - Started process (PID=4717) to work on /home/airflow/.local/lib/python3.7/site-packages/airflow/example_dags/example_bash_operator.py
[2022-12-23 22:53:05,977] {processor.py:641} INFO - Processing file /home/airflow/.local/lib/python3.7/site-packages/airflow/example_dags/example_bash_operator.py for tasks to queue
[2022-12-23 22:53:05,978] {logging_mixin.py:115} INFO - [2022-12-23 22:53:05,978] {dagbag.py:507} INFO - Filling up the DagBag from /home/airflow/.local/lib/python3.7/site-packages/airflow/example_dags/example_bash_operator.py
[2022-12-23 22:53:05,988] {processor.py:651} INFO - DAG(s) dict_keys(['example_bash_operator']) retrieved from /home/airflow/.local/lib/python3.7/site-packages/airflow/example_dags/example_bash_operator.py
[2022-12-23 22:53:06,012] {logging_mixin.py:115} INFO - [2022-12-23 22:53:06,012] {dag.py:2371} INFO - Sync 1 DAGs
[2022-12-23 22:53:06,028] {logging_mixin.py:115} INFO - [2022-12-23 22:53:06,028] {dag.py:2919} INFO - Setting next_dagrun for example_bash_operator to 2022-12-22T00:00:00+00:00, run_after=2022-12-23T00:00:00+00:00
[2022-12-23 22:53:06,037] {processor.py:161} INFO - Processing /home/airflow/.local/lib/python3.7/site-packages/airflow/example_dags/example_bash_operator.py took 0.064 seconds
[2022-12-23 22:53:37,192] {processor.py:153} INFO - Started process (PID=4919) to work on /home/airflow/.local/lib/python3.7/site-packages/airflow/example_dags/example_bash_operator.py
[2022-12-23 22:53:37,193] {processor.py:641} INFO - Processing file /home/airflow/.local/lib/python3.7/site-packages/airflow/example_dags/example_bash_operator.py for tasks to queue
[2022-12-23 22:53:37,195] {logging_mixin.py:115} INFO - [2022-12-23 22:53:37,195] {dagbag.py:507} INFO - Filling up the DagBag from /home/airflow/.local/lib/python3.7/site-packages/airflow/example_dags/example_bash_operator.py
[2022-12-23 22:53:37,206] {processor.py:651} INFO - DAG(s) dict_keys(['example_bash_operator']) retrieved from /home/airflow/.local/lib/python3.7/site-packages/airflow/example_dags/example_bash_operator.py
[2022-12-23 22:53:37,238] {logging_mixin.py:115} INFO - [2022-12-23 22:53:37,237] {dag.py:2371} INFO - Sync 1 DAGs
[2022-12-23 22:53:37,275] {logging_mixin.py:115} INFO - [2022-12-23 22:53:37,275] {dag.py:2919} INFO - Setting next_dagrun for example_bash_operator to 2022-12-22T00:00:00+00:00, run_after=2022-12-23T00:00:00+00:00
[2022-12-23 22:53:37,290] {processor.py:161} INFO - Processing /home/airflow/.local/lib/python3.7/site-packages/airflow/example_dags/example_bash_operator.py took 0.101 seconds
[2022-12-23 22:54:07,517] {processor.py:153} INFO - Started process (PID=5113) to work on /home/airflow/.local/lib/python3.7/site-packages/airflow/example_dags/example_bash_operator.py
[2022-12-23 22:54:07,518] {processor.py:641} INFO - Processing file /home/airflow/.local/lib/python3.7/site-packages/airflow/example_dags/example_bash_operator.py for tasks to queue
[2022-12-23 22:54:07,519] {logging_mixin.py:115} INFO - [2022-12-23 22:54:07,519] {dagbag.py:507} INFO - Filling up the DagBag from /home/airflow/.local/lib/python3.7/site-packages/airflow/example_dags/example_bash_operator.py
[2022-12-23 22:54:07,528] {processor.py:651} INFO - DAG(s) dict_keys(['example_bash_operator']) retrieved from /home/airflow/.local/lib/python3.7/site-packages/airflow/example_dags/example_bash_operator.py
[2022-12-23 22:54:07,553] {logging_mixin.py:115} INFO - [2022-12-23 22:54:07,553] {dag.py:2371} INFO - Sync 1 DAGs
[2022-12-23 22:54:07,569] {logging_mixin.py:115} INFO - [2022-12-23 22:54:07,568] {dag.py:2919} INFO - Setting next_dagrun for example_bash_operator to 2022-12-22T00:00:00+00:00, run_after=2022-12-23T00:00:00+00:00
[2022-12-23 22:54:07,577] {processor.py:161} INFO - Processing /home/airflow/.local/lib/python3.7/site-packages/airflow/example_dags/example_bash_operator.py took 0.063 seconds
[2022-12-23 22:54:37,881] {processor.py:153} INFO - Started process (PID=5322) to work on /home/airflow/.local/lib/python3.7/site-packages/airflow/example_dags/example_bash_operator.py
[2022-12-23 22:54:37,882] {processor.py:641} INFO - Processing file /home/airflow/.local/lib/python3.7/site-packages/airflow/example_dags/example_bash_operator.py for tasks to queue
[2022-12-23 22:54:37,883] {logging_mixin.py:115} INFO - [2022-12-23 22:54:37,883] {dagbag.py:507} INFO - Filling up the DagBag from /home/airflow/.local/lib/python3.7/site-packages/airflow/example_dags/example_bash_operator.py
[2022-12-23 22:54:37,903] {processor.py:651} INFO - DAG(s) dict_keys(['example_bash_operator']) retrieved from /home/airflow/.local/lib/python3.7/site-packages/airflow/example_dags/example_bash_operator.py
[2022-12-23 22:54:37,946] {logging_mixin.py:115} INFO - [2022-12-23 22:54:37,945] {dag.py:2371} INFO - Sync 1 DAGs
[2022-12-23 22:54:37,992] {logging_mixin.py:115} INFO - [2022-12-23 22:54:37,992] {dag.py:2919} INFO - Setting next_dagrun for example_bash_operator to 2022-12-22T00:00:00+00:00, run_after=2022-12-23T00:00:00+00:00
[2022-12-23 22:54:38,007] {processor.py:161} INFO - Processing /home/airflow/.local/lib/python3.7/site-packages/airflow/example_dags/example_bash_operator.py took 0.129 seconds
[2022-12-23 22:55:08,102] {processor.py:153} INFO - Started process (PID=5527) to work on /home/airflow/.local/lib/python3.7/site-packages/airflow/example_dags/example_bash_operator.py
[2022-12-23 22:55:08,103] {processor.py:641} INFO - Processing file /home/airflow/.local/lib/python3.7/site-packages/airflow/example_dags/example_bash_operator.py for tasks to queue
[2022-12-23 22:55:08,104] {logging_mixin.py:115} INFO - [2022-12-23 22:55:08,104] {dagbag.py:507} INFO - Filling up the DagBag from /home/airflow/.local/lib/python3.7/site-packages/airflow/example_dags/example_bash_operator.py
[2022-12-23 22:55:08,113] {processor.py:651} INFO - DAG(s) dict_keys(['example_bash_operator']) retrieved from /home/airflow/.local/lib/python3.7/site-packages/airflow/example_dags/example_bash_operator.py
[2022-12-23 22:55:08,139] {logging_mixin.py:115} INFO - [2022-12-23 22:55:08,139] {dag.py:2371} INFO - Sync 1 DAGs
[2022-12-23 22:55:08,154] {logging_mixin.py:115} INFO - [2022-12-23 22:55:08,154] {dag.py:2919} INFO - Setting next_dagrun for example_bash_operator to 2022-12-22T00:00:00+00:00, run_after=2022-12-23T00:00:00+00:00
[2022-12-23 22:55:08,162] {processor.py:161} INFO - Processing /home/airflow/.local/lib/python3.7/site-packages/airflow/example_dags/example_bash_operator.py took 0.063 seconds
[2022-12-23 22:55:38,235] {processor.py:153} INFO - Started process (PID=5731) to work on /home/airflow/.local/lib/python3.7/site-packages/airflow/example_dags/example_bash_operator.py
[2022-12-23 22:55:38,236] {processor.py:641} INFO - Processing file /home/airflow/.local/lib/python3.7/site-packages/airflow/example_dags/example_bash_operator.py for tasks to queue
[2022-12-23 22:55:38,237] {logging_mixin.py:115} INFO - [2022-12-23 22:55:38,237] {dagbag.py:507} INFO - Filling up the DagBag from /home/airflow/.local/lib/python3.7/site-packages/airflow/example_dags/example_bash_operator.py
[2022-12-23 22:55:38,247] {processor.py:651} INFO - DAG(s) dict_keys(['example_bash_operator']) retrieved from /home/airflow/.local/lib/python3.7/site-packages/airflow/example_dags/example_bash_operator.py
[2022-12-23 22:55:38,273] {logging_mixin.py:115} INFO - [2022-12-23 22:55:38,273] {dag.py:2371} INFO - Sync 1 DAGs
[2022-12-23 22:55:38,293] {logging_mixin.py:115} INFO - [2022-12-23 22:55:38,293] {dag.py:2919} INFO - Setting next_dagrun for example_bash_operator to 2022-12-22T00:00:00+00:00, run_after=2022-12-23T00:00:00+00:00
[2022-12-23 22:55:38,301] {processor.py:161} INFO - Processing /home/airflow/.local/lib/python3.7/site-packages/airflow/example_dags/example_bash_operator.py took 0.070 seconds
[2022-12-23 22:56:08,666] {processor.py:153} INFO - Started process (PID=5931) to work on /home/airflow/.local/lib/python3.7/site-packages/airflow/example_dags/example_bash_operator.py
[2022-12-23 22:56:08,667] {processor.py:641} INFO - Processing file /home/airflow/.local/lib/python3.7/site-packages/airflow/example_dags/example_bash_operator.py for tasks to queue
[2022-12-23 22:56:08,668] {logging_mixin.py:115} INFO - [2022-12-23 22:56:08,668] {dagbag.py:507} INFO - Filling up the DagBag from /home/airflow/.local/lib/python3.7/site-packages/airflow/example_dags/example_bash_operator.py
[2022-12-23 22:56:08,678] {processor.py:651} INFO - DAG(s) dict_keys(['example_bash_operator']) retrieved from /home/airflow/.local/lib/python3.7/site-packages/airflow/example_dags/example_bash_operator.py
[2022-12-23 22:56:08,701] {logging_mixin.py:115} INFO - [2022-12-23 22:56:08,700] {dag.py:2371} INFO - Sync 1 DAGs
[2022-12-23 22:56:08,717] {logging_mixin.py:115} INFO - [2022-12-23 22:56:08,717] {dag.py:2919} INFO - Setting next_dagrun for example_bash_operator to 2022-12-22T00:00:00+00:00, run_after=2022-12-23T00:00:00+00:00
[2022-12-23 22:56:08,726] {processor.py:161} INFO - Processing /home/airflow/.local/lib/python3.7/site-packages/airflow/example_dags/example_bash_operator.py took 0.063 seconds
[2022-12-23 22:56:38,952] {processor.py:153} INFO - Started process (PID=6137) to work on /home/airflow/.local/lib/python3.7/site-packages/airflow/example_dags/example_bash_operator.py
[2022-12-23 22:56:38,953] {processor.py:641} INFO - Processing file /home/airflow/.local/lib/python3.7/site-packages/airflow/example_dags/example_bash_operator.py for tasks to queue
[2022-12-23 22:56:38,954] {logging_mixin.py:115} INFO - [2022-12-23 22:56:38,954] {dagbag.py:507} INFO - Filling up the DagBag from /home/airflow/.local/lib/python3.7/site-packages/airflow/example_dags/example_bash_operator.py
[2022-12-23 22:56:38,964] {processor.py:651} INFO - DAG(s) dict_keys(['example_bash_operator']) retrieved from /home/airflow/.local/lib/python3.7/site-packages/airflow/example_dags/example_bash_operator.py
[2022-12-23 22:56:38,996] {logging_mixin.py:115} INFO - [2022-12-23 22:56:38,996] {dag.py:2371} INFO - Sync 1 DAGs
[2022-12-23 22:56:39,019] {logging_mixin.py:115} INFO - [2022-12-23 22:56:39,019] {dag.py:2919} INFO - Setting next_dagrun for example_bash_operator to 2022-12-22T00:00:00+00:00, run_after=2022-12-23T00:00:00+00:00
[2022-12-23 22:56:39,044] {processor.py:161} INFO - Processing /home/airflow/.local/lib/python3.7/site-packages/airflow/example_dags/example_bash_operator.py took 0.095 seconds
[2022-12-23 22:57:09,246] {processor.py:153} INFO - Started process (PID=6339) to work on /home/airflow/.local/lib/python3.7/site-packages/airflow/example_dags/example_bash_operator.py
[2022-12-23 22:57:09,247] {processor.py:641} INFO - Processing file /home/airflow/.local/lib/python3.7/site-packages/airflow/example_dags/example_bash_operator.py for tasks to queue
[2022-12-23 22:57:09,248] {logging_mixin.py:115} INFO - [2022-12-23 22:57:09,248] {dagbag.py:507} INFO - Filling up the DagBag from /home/airflow/.local/lib/python3.7/site-packages/airflow/example_dags/example_bash_operator.py
[2022-12-23 22:57:09,257] {processor.py:651} INFO - DAG(s) dict_keys(['example_bash_operator']) retrieved from /home/airflow/.local/lib/python3.7/site-packages/airflow/example_dags/example_bash_operator.py
[2022-12-23 22:57:09,279] {logging_mixin.py:115} INFO - [2022-12-23 22:57:09,279] {dag.py:2371} INFO - Sync 1 DAGs
[2022-12-23 22:57:09,295] {logging_mixin.py:115} INFO - [2022-12-23 22:57:09,295] {dag.py:2919} INFO - Setting next_dagrun for example_bash_operator to 2022-12-22T00:00:00+00:00, run_after=2022-12-23T00:00:00+00:00
[2022-12-23 22:57:09,304] {processor.py:161} INFO - Processing /home/airflow/.local/lib/python3.7/site-packages/airflow/example_dags/example_bash_operator.py took 0.060 seconds
[2022-12-23 22:57:39,470] {processor.py:153} INFO - Started process (PID=6542) to work on /home/airflow/.local/lib/python3.7/site-packages/airflow/example_dags/example_bash_operator.py
[2022-12-23 22:57:39,472] {processor.py:641} INFO - Processing file /home/airflow/.local/lib/python3.7/site-packages/airflow/example_dags/example_bash_operator.py for tasks to queue
[2022-12-23 22:57:39,473] {logging_mixin.py:115} INFO - [2022-12-23 22:57:39,473] {dagbag.py:507} INFO - Filling up the DagBag from /home/airflow/.local/lib/python3.7/site-packages/airflow/example_dags/example_bash_operator.py
[2022-12-23 22:57:39,482] {processor.py:651} INFO - DAG(s) dict_keys(['example_bash_operator']) retrieved from /home/airflow/.local/lib/python3.7/site-packages/airflow/example_dags/example_bash_operator.py
[2022-12-23 22:57:39,506] {logging_mixin.py:115} INFO - [2022-12-23 22:57:39,506] {dag.py:2371} INFO - Sync 1 DAGs
[2022-12-23 22:57:39,523] {logging_mixin.py:115} INFO - [2022-12-23 22:57:39,522] {dag.py:2919} INFO - Setting next_dagrun for example_bash_operator to 2022-12-22T00:00:00+00:00, run_after=2022-12-23T00:00:00+00:00
[2022-12-23 22:57:39,531] {processor.py:161} INFO - Processing /home/airflow/.local/lib/python3.7/site-packages/airflow/example_dags/example_bash_operator.py took 0.064 seconds
[2022-12-23 22:58:10,031] {processor.py:153} INFO - Started process (PID=6738) to work on /home/airflow/.local/lib/python3.7/site-packages/airflow/example_dags/example_bash_operator.py
[2022-12-23 22:58:10,032] {processor.py:641} INFO - Processing file /home/airflow/.local/lib/python3.7/site-packages/airflow/example_dags/example_bash_operator.py for tasks to queue
[2022-12-23 22:58:10,033] {logging_mixin.py:115} INFO - [2022-12-23 22:58:10,033] {dagbag.py:507} INFO - Filling up the DagBag from /home/airflow/.local/lib/python3.7/site-packages/airflow/example_dags/example_bash_operator.py
[2022-12-23 22:58:10,042] {processor.py:651} INFO - DAG(s) dict_keys(['example_bash_operator']) retrieved from /home/airflow/.local/lib/python3.7/site-packages/airflow/example_dags/example_bash_operator.py
[2022-12-23 22:58:10,066] {logging_mixin.py:115} INFO - [2022-12-23 22:58:10,066] {dag.py:2371} INFO - Sync 1 DAGs
[2022-12-23 22:58:10,082] {logging_mixin.py:115} INFO - [2022-12-23 22:58:10,082] {dag.py:2919} INFO - Setting next_dagrun for example_bash_operator to 2022-12-22T00:00:00+00:00, run_after=2022-12-23T00:00:00+00:00
[2022-12-23 22:58:10,091] {processor.py:161} INFO - Processing /home/airflow/.local/lib/python3.7/site-packages/airflow/example_dags/example_bash_operator.py took 0.063 seconds
[2022-12-23 22:58:40,196] {processor.py:153} INFO - Started process (PID=6942) to work on /home/airflow/.local/lib/python3.7/site-packages/airflow/example_dags/example_bash_operator.py
[2022-12-23 22:58:40,198] {processor.py:641} INFO - Processing file /home/airflow/.local/lib/python3.7/site-packages/airflow/example_dags/example_bash_operator.py for tasks to queue
[2022-12-23 22:58:40,199] {logging_mixin.py:115} INFO - [2022-12-23 22:58:40,199] {dagbag.py:507} INFO - Filling up the DagBag from /home/airflow/.local/lib/python3.7/site-packages/airflow/example_dags/example_bash_operator.py
[2022-12-23 22:58:40,209] {processor.py:651} INFO - DAG(s) dict_keys(['example_bash_operator']) retrieved from /home/airflow/.local/lib/python3.7/site-packages/airflow/example_dags/example_bash_operator.py
[2022-12-23 22:58:40,232] {logging_mixin.py:115} INFO - [2022-12-23 22:58:40,232] {dag.py:2371} INFO - Sync 1 DAGs
[2022-12-23 22:58:40,249] {logging_mixin.py:115} INFO - [2022-12-23 22:58:40,249] {dag.py:2919} INFO - Setting next_dagrun for example_bash_operator to 2022-12-22T00:00:00+00:00, run_after=2022-12-23T00:00:00+00:00
[2022-12-23 22:58:40,258] {processor.py:161} INFO - Processing /home/airflow/.local/lib/python3.7/site-packages/airflow/example_dags/example_bash_operator.py took 0.065 seconds
[2022-12-23 22:59:10,319] {processor.py:153} INFO - Started process (PID=7145) to work on /home/airflow/.local/lib/python3.7/site-packages/airflow/example_dags/example_bash_operator.py
[2022-12-23 22:59:10,321] {processor.py:641} INFO - Processing file /home/airflow/.local/lib/python3.7/site-packages/airflow/example_dags/example_bash_operator.py for tasks to queue
[2022-12-23 22:59:10,321] {logging_mixin.py:115} INFO - [2022-12-23 22:59:10,321] {dagbag.py:507} INFO - Filling up the DagBag from /home/airflow/.local/lib/python3.7/site-packages/airflow/example_dags/example_bash_operator.py
[2022-12-23 22:59:10,331] {processor.py:651} INFO - DAG(s) dict_keys(['example_bash_operator']) retrieved from /home/airflow/.local/lib/python3.7/site-packages/airflow/example_dags/example_bash_operator.py
[2022-12-23 22:59:10,356] {logging_mixin.py:115} INFO - [2022-12-23 22:59:10,356] {dag.py:2371} INFO - Sync 1 DAGs
[2022-12-23 22:59:10,372] {logging_mixin.py:115} INFO - [2022-12-23 22:59:10,372] {dag.py:2919} INFO - Setting next_dagrun for example_bash_operator to 2022-12-22T00:00:00+00:00, run_after=2022-12-23T00:00:00+00:00
[2022-12-23 22:59:10,381] {processor.py:161} INFO - Processing /home/airflow/.local/lib/python3.7/site-packages/airflow/example_dags/example_bash_operator.py took 0.064 seconds
[2022-12-23 22:59:40,687] {processor.py:153} INFO - Started process (PID=7349) to work on /home/airflow/.local/lib/python3.7/site-packages/airflow/example_dags/example_bash_operator.py
[2022-12-23 22:59:40,689] {processor.py:641} INFO - Processing file /home/airflow/.local/lib/python3.7/site-packages/airflow/example_dags/example_bash_operator.py for tasks to queue
[2022-12-23 22:59:40,690] {logging_mixin.py:115} INFO - [2022-12-23 22:59:40,690] {dagbag.py:507} INFO - Filling up the DagBag from /home/airflow/.local/lib/python3.7/site-packages/airflow/example_dags/example_bash_operator.py
[2022-12-23 22:59:40,705] {processor.py:651} INFO - DAG(s) dict_keys(['example_bash_operator']) retrieved from /home/airflow/.local/lib/python3.7/site-packages/airflow/example_dags/example_bash_operator.py
[2022-12-23 22:59:40,731] {logging_mixin.py:115} INFO - [2022-12-23 22:59:40,731] {dag.py:2371} INFO - Sync 1 DAGs
[2022-12-23 22:59:40,751] {logging_mixin.py:115} INFO - [2022-12-23 22:59:40,751] {dag.py:2919} INFO - Setting next_dagrun for example_bash_operator to 2022-12-22T00:00:00+00:00, run_after=2022-12-23T00:00:00+00:00
[2022-12-23 22:59:40,760] {processor.py:161} INFO - Processing /home/airflow/.local/lib/python3.7/site-packages/airflow/example_dags/example_bash_operator.py took 0.078 seconds
[2022-12-23 23:00:10,818] {processor.py:153} INFO - Started process (PID=7544) to work on /home/airflow/.local/lib/python3.7/site-packages/airflow/example_dags/example_bash_operator.py
[2022-12-23 23:00:10,819] {processor.py:641} INFO - Processing file /home/airflow/.local/lib/python3.7/site-packages/airflow/example_dags/example_bash_operator.py for tasks to queue
[2022-12-23 23:00:10,820] {logging_mixin.py:115} INFO - [2022-12-23 23:00:10,820] {dagbag.py:507} INFO - Filling up the DagBag from /home/airflow/.local/lib/python3.7/site-packages/airflow/example_dags/example_bash_operator.py
[2022-12-23 23:00:10,830] {processor.py:651} INFO - DAG(s) dict_keys(['example_bash_operator']) retrieved from /home/airflow/.local/lib/python3.7/site-packages/airflow/example_dags/example_bash_operator.py
[2022-12-23 23:00:10,853] {logging_mixin.py:115} INFO - [2022-12-23 23:00:10,853] {dag.py:2371} INFO - Sync 1 DAGs
[2022-12-23 23:00:10,876] {logging_mixin.py:115} INFO - [2022-12-23 23:00:10,876] {dag.py:2919} INFO - Setting next_dagrun for example_bash_operator to 2022-12-22T00:00:00+00:00, run_after=2022-12-23T00:00:00+00:00
[2022-12-23 23:00:10,885] {processor.py:161} INFO - Processing /home/airflow/.local/lib/python3.7/site-packages/airflow/example_dags/example_bash_operator.py took 0.071 seconds
[2022-12-23 23:00:41,239] {processor.py:153} INFO - Started process (PID=7747) to work on /home/airflow/.local/lib/python3.7/site-packages/airflow/example_dags/example_bash_operator.py
[2022-12-23 23:00:41,240] {processor.py:641} INFO - Processing file /home/airflow/.local/lib/python3.7/site-packages/airflow/example_dags/example_bash_operator.py for tasks to queue
[2022-12-23 23:00:41,241] {logging_mixin.py:115} INFO - [2022-12-23 23:00:41,241] {dagbag.py:507} INFO - Filling up the DagBag from /home/airflow/.local/lib/python3.7/site-packages/airflow/example_dags/example_bash_operator.py
[2022-12-23 23:00:41,251] {processor.py:651} INFO - DAG(s) dict_keys(['example_bash_operator']) retrieved from /home/airflow/.local/lib/python3.7/site-packages/airflow/example_dags/example_bash_operator.py
[2022-12-23 23:00:41,275] {logging_mixin.py:115} INFO - [2022-12-23 23:00:41,275] {dag.py:2371} INFO - Sync 1 DAGs
[2022-12-23 23:00:41,291] {logging_mixin.py:115} INFO - [2022-12-23 23:00:41,291] {dag.py:2919} INFO - Setting next_dagrun for example_bash_operator to 2022-12-22T00:00:00+00:00, run_after=2022-12-23T00:00:00+00:00
[2022-12-23 23:00:41,300] {processor.py:161} INFO - Processing /home/airflow/.local/lib/python3.7/site-packages/airflow/example_dags/example_bash_operator.py took 0.064 seconds
[2022-12-23 23:01:11,415] {processor.py:153} INFO - Started process (PID=7951) to work on /home/airflow/.local/lib/python3.7/site-packages/airflow/example_dags/example_bash_operator.py
[2022-12-23 23:01:11,417] {processor.py:641} INFO - Processing file /home/airflow/.local/lib/python3.7/site-packages/airflow/example_dags/example_bash_operator.py for tasks to queue
[2022-12-23 23:01:11,418] {logging_mixin.py:115} INFO - [2022-12-23 23:01:11,418] {dagbag.py:507} INFO - Filling up the DagBag from /home/airflow/.local/lib/python3.7/site-packages/airflow/example_dags/example_bash_operator.py
[2022-12-23 23:01:11,427] {processor.py:651} INFO - DAG(s) dict_keys(['example_bash_operator']) retrieved from /home/airflow/.local/lib/python3.7/site-packages/airflow/example_dags/example_bash_operator.py
[2022-12-23 23:01:11,451] {logging_mixin.py:115} INFO - [2022-12-23 23:01:11,450] {dag.py:2371} INFO - Sync 1 DAGs
[2022-12-23 23:01:11,467] {logging_mixin.py:115} INFO - [2022-12-23 23:01:11,466] {dag.py:2919} INFO - Setting next_dagrun for example_bash_operator to 2022-12-22T00:00:00+00:00, run_after=2022-12-23T00:00:00+00:00
[2022-12-23 23:01:11,476] {processor.py:161} INFO - Processing /home/airflow/.local/lib/python3.7/site-packages/airflow/example_dags/example_bash_operator.py took 0.064 seconds
[2022-12-23 23:03:26,640] {processor.py:153} INFO - Started process (PID=64) to work on /home/airflow/.local/lib/python3.7/site-packages/airflow/example_dags/example_bash_operator.py
[2022-12-23 23:03:26,645] {processor.py:641} INFO - Processing file /home/airflow/.local/lib/python3.7/site-packages/airflow/example_dags/example_bash_operator.py for tasks to queue
[2022-12-23 23:03:26,646] {logging_mixin.py:115} INFO - [2022-12-23 23:03:26,646] {dagbag.py:507} INFO - Filling up the DagBag from /home/airflow/.local/lib/python3.7/site-packages/airflow/example_dags/example_bash_operator.py
[2022-12-23 23:03:26,663] {processor.py:651} INFO - DAG(s) dict_keys(['example_bash_operator']) retrieved from /home/airflow/.local/lib/python3.7/site-packages/airflow/example_dags/example_bash_operator.py
[2022-12-23 23:03:26,873] {logging_mixin.py:115} INFO - [2022-12-23 23:03:26,873] {manager.py:508} INFO - Created Permission View: can read on DAG:example_bash_operator
[2022-12-23 23:03:26,882] {logging_mixin.py:115} INFO - [2022-12-23 23:03:26,882] {manager.py:508} INFO - Created Permission View: can edit on DAG:example_bash_operator
[2022-12-23 23:03:26,888] {logging_mixin.py:115} INFO - [2022-12-23 23:03:26,888] {manager.py:508} INFO - Created Permission View: can delete on DAG:example_bash_operator
[2022-12-23 23:03:26,889] {logging_mixin.py:115} INFO - [2022-12-23 23:03:26,889] {dag.py:2371} INFO - Sync 1 DAGs
[2022-12-23 23:03:26,897] {logging_mixin.py:115} INFO - [2022-12-23 23:03:26,897] {dag.py:2390} INFO - Creating ORM DAG for example_bash_operator
[2022-12-23 23:03:26,910] {logging_mixin.py:115} INFO - [2022-12-23 23:03:26,910] {dag.py:2919} INFO - Setting next_dagrun for example_bash_operator to 2022-12-22T00:00:00+00:00, run_after=2022-12-23T00:00:00+00:00
[2022-12-23 23:03:26,926] {processor.py:161} INFO - Processing /home/airflow/.local/lib/python3.7/site-packages/airflow/example_dags/example_bash_operator.py took 0.290 seconds
[2022-12-23 23:03:57,064] {processor.py:153} INFO - Started process (PID=127) to work on /home/airflow/.local/lib/python3.7/site-packages/airflow/example_dags/example_bash_operator.py
[2022-12-23 23:03:57,065] {processor.py:641} INFO - Processing file /home/airflow/.local/lib/python3.7/site-packages/airflow/example_dags/example_bash_operator.py for tasks to queue
[2022-12-23 23:03:57,066] {logging_mixin.py:115} INFO - [2022-12-23 23:03:57,066] {dagbag.py:507} INFO - Filling up the DagBag from /home/airflow/.local/lib/python3.7/site-packages/airflow/example_dags/example_bash_operator.py
[2022-12-23 23:03:57,076] {processor.py:651} INFO - DAG(s) dict_keys(['example_bash_operator']) retrieved from /home/airflow/.local/lib/python3.7/site-packages/airflow/example_dags/example_bash_operator.py
[2022-12-23 23:03:57,101] {logging_mixin.py:115} INFO - [2022-12-23 23:03:57,101] {dag.py:2371} INFO - Sync 1 DAGs
[2022-12-23 23:03:57,213] {logging_mixin.py:115} INFO - [2022-12-23 23:03:57,213] {dag.py:2919} INFO - Setting next_dagrun for example_bash_operator to 2022-12-22T00:00:00+00:00, run_after=2022-12-23T00:00:00+00:00
[2022-12-23 23:03:57,221] {processor.py:161} INFO - Processing /home/airflow/.local/lib/python3.7/site-packages/airflow/example_dags/example_bash_operator.py took 0.160 seconds
[2022-12-23 23:04:27,388] {processor.py:153} INFO - Started process (PID=181) to work on /home/airflow/.local/lib/python3.7/site-packages/airflow/example_dags/example_bash_operator.py
[2022-12-23 23:04:27,389] {processor.py:641} INFO - Processing file /home/airflow/.local/lib/python3.7/site-packages/airflow/example_dags/example_bash_operator.py for tasks to queue
[2022-12-23 23:04:27,390] {logging_mixin.py:115} INFO - [2022-12-23 23:04:27,390] {dagbag.py:507} INFO - Filling up the DagBag from /home/airflow/.local/lib/python3.7/site-packages/airflow/example_dags/example_bash_operator.py
[2022-12-23 23:04:27,401] {processor.py:651} INFO - DAG(s) dict_keys(['example_bash_operator']) retrieved from /home/airflow/.local/lib/python3.7/site-packages/airflow/example_dags/example_bash_operator.py
[2022-12-23 23:04:27,428] {logging_mixin.py:115} INFO - [2022-12-23 23:04:27,428] {dag.py:2371} INFO - Sync 1 DAGs
[2022-12-23 23:04:27,563] {logging_mixin.py:115} INFO - [2022-12-23 23:04:27,563] {dag.py:2919} INFO - Setting next_dagrun for example_bash_operator to 2022-12-22T00:00:00+00:00, run_after=2022-12-23T00:00:00+00:00
[2022-12-23 23:04:27,573] {processor.py:161} INFO - Processing /home/airflow/.local/lib/python3.7/site-packages/airflow/example_dags/example_bash_operator.py took 0.188 seconds
[2022-12-23 23:04:57,695] {processor.py:153} INFO - Started process (PID=244) to work on /home/airflow/.local/lib/python3.7/site-packages/airflow/example_dags/example_bash_operator.py
[2022-12-23 23:04:57,697] {processor.py:641} INFO - Processing file /home/airflow/.local/lib/python3.7/site-packages/airflow/example_dags/example_bash_operator.py for tasks to queue
[2022-12-23 23:04:57,698] {logging_mixin.py:115} INFO - [2022-12-23 23:04:57,698] {dagbag.py:507} INFO - Filling up the DagBag from /home/airflow/.local/lib/python3.7/site-packages/airflow/example_dags/example_bash_operator.py
[2022-12-23 23:04:57,709] {processor.py:651} INFO - DAG(s) dict_keys(['example_bash_operator']) retrieved from /home/airflow/.local/lib/python3.7/site-packages/airflow/example_dags/example_bash_operator.py
[2022-12-23 23:04:57,736] {logging_mixin.py:115} INFO - [2022-12-23 23:04:57,736] {dag.py:2371} INFO - Sync 1 DAGs
[2022-12-23 23:04:57,855] {logging_mixin.py:115} INFO - [2022-12-23 23:04:57,855] {dag.py:2919} INFO - Setting next_dagrun for example_bash_operator to 2022-12-22T00:00:00+00:00, run_after=2022-12-23T00:00:00+00:00
[2022-12-23 23:04:57,862] {processor.py:161} INFO - Processing /home/airflow/.local/lib/python3.7/site-packages/airflow/example_dags/example_bash_operator.py took 0.170 seconds
[2022-12-23 23:05:27,993] {processor.py:153} INFO - Started process (PID=307) to work on /home/airflow/.local/lib/python3.7/site-packages/airflow/example_dags/example_bash_operator.py
[2022-12-23 23:05:27,995] {processor.py:641} INFO - Processing file /home/airflow/.local/lib/python3.7/site-packages/airflow/example_dags/example_bash_operator.py for tasks to queue
[2022-12-23 23:05:27,996] {logging_mixin.py:115} INFO - [2022-12-23 23:05:27,996] {dagbag.py:507} INFO - Filling up the DagBag from /home/airflow/.local/lib/python3.7/site-packages/airflow/example_dags/example_bash_operator.py
[2022-12-23 23:05:28,008] {processor.py:651} INFO - DAG(s) dict_keys(['example_bash_operator']) retrieved from /home/airflow/.local/lib/python3.7/site-packages/airflow/example_dags/example_bash_operator.py
[2022-12-23 23:05:28,036] {logging_mixin.py:115} INFO - [2022-12-23 23:05:28,036] {dag.py:2371} INFO - Sync 1 DAGs
[2022-12-23 23:05:28,156] {logging_mixin.py:115} INFO - [2022-12-23 23:05:28,156] {dag.py:2919} INFO - Setting next_dagrun for example_bash_operator to 2022-12-22T00:00:00+00:00, run_after=2022-12-23T00:00:00+00:00
[2022-12-23 23:05:28,166] {processor.py:161} INFO - Processing /home/airflow/.local/lib/python3.7/site-packages/airflow/example_dags/example_bash_operator.py took 0.176 seconds
[2022-12-23 23:05:58,499] {processor.py:153} INFO - Started process (PID=370) to work on /home/airflow/.local/lib/python3.7/site-packages/airflow/example_dags/example_bash_operator.py
[2022-12-23 23:05:58,500] {processor.py:641} INFO - Processing file /home/airflow/.local/lib/python3.7/site-packages/airflow/example_dags/example_bash_operator.py for tasks to queue
[2022-12-23 23:05:58,501] {logging_mixin.py:115} INFO - [2022-12-23 23:05:58,501] {dagbag.py:507} INFO - Filling up the DagBag from /home/airflow/.local/lib/python3.7/site-packages/airflow/example_dags/example_bash_operator.py
[2022-12-23 23:05:58,513] {processor.py:651} INFO - DAG(s) dict_keys(['example_bash_operator']) retrieved from /home/airflow/.local/lib/python3.7/site-packages/airflow/example_dags/example_bash_operator.py
[2022-12-23 23:05:58,539] {logging_mixin.py:115} INFO - [2022-12-23 23:05:58,539] {dag.py:2371} INFO - Sync 1 DAGs
[2022-12-23 23:05:58,660] {logging_mixin.py:115} INFO - [2022-12-23 23:05:58,660] {dag.py:2919} INFO - Setting next_dagrun for example_bash_operator to 2022-12-22T00:00:00+00:00, run_after=2022-12-23T00:00:00+00:00
[2022-12-23 23:05:58,669] {processor.py:161} INFO - Processing /home/airflow/.local/lib/python3.7/site-packages/airflow/example_dags/example_bash_operator.py took 0.173 seconds
[2022-12-23 23:06:29,002] {processor.py:153} INFO - Started process (PID=434) to work on /home/airflow/.local/lib/python3.7/site-packages/airflow/example_dags/example_bash_operator.py
[2022-12-23 23:06:29,003] {processor.py:641} INFO - Processing file /home/airflow/.local/lib/python3.7/site-packages/airflow/example_dags/example_bash_operator.py for tasks to queue
[2022-12-23 23:06:29,004] {logging_mixin.py:115} INFO - [2022-12-23 23:06:29,004] {dagbag.py:507} INFO - Filling up the DagBag from /home/airflow/.local/lib/python3.7/site-packages/airflow/example_dags/example_bash_operator.py
[2022-12-23 23:06:29,014] {processor.py:651} INFO - DAG(s) dict_keys(['example_bash_operator']) retrieved from /home/airflow/.local/lib/python3.7/site-packages/airflow/example_dags/example_bash_operator.py
[2022-12-23 23:06:29,039] {logging_mixin.py:115} INFO - [2022-12-23 23:06:29,039] {dag.py:2371} INFO - Sync 1 DAGs
[2022-12-23 23:06:29,152] {logging_mixin.py:115} INFO - [2022-12-23 23:06:29,152] {dag.py:2919} INFO - Setting next_dagrun for example_bash_operator to 2022-12-22T00:00:00+00:00, run_after=2022-12-23T00:00:00+00:00
[2022-12-23 23:06:29,160] {processor.py:161} INFO - Processing /home/airflow/.local/lib/python3.7/site-packages/airflow/example_dags/example_bash_operator.py took 0.161 seconds
[2022-12-23 23:06:59,446] {processor.py:153} INFO - Started process (PID=487) to work on /home/airflow/.local/lib/python3.7/site-packages/airflow/example_dags/example_bash_operator.py
[2022-12-23 23:06:59,447] {processor.py:641} INFO - Processing file /home/airflow/.local/lib/python3.7/site-packages/airflow/example_dags/example_bash_operator.py for tasks to queue
[2022-12-23 23:06:59,448] {logging_mixin.py:115} INFO - [2022-12-23 23:06:59,448] {dagbag.py:507} INFO - Filling up the DagBag from /home/airflow/.local/lib/python3.7/site-packages/airflow/example_dags/example_bash_operator.py
[2022-12-23 23:06:59,459] {processor.py:651} INFO - DAG(s) dict_keys(['example_bash_operator']) retrieved from /home/airflow/.local/lib/python3.7/site-packages/airflow/example_dags/example_bash_operator.py
[2022-12-23 23:06:59,485] {logging_mixin.py:115} INFO - [2022-12-23 23:06:59,485] {dag.py:2371} INFO - Sync 1 DAGs
[2022-12-23 23:06:59,631] {logging_mixin.py:115} INFO - [2022-12-23 23:06:59,631] {dag.py:2919} INFO - Setting next_dagrun for example_bash_operator to 2022-12-22T00:00:00+00:00, run_after=2022-12-23T00:00:00+00:00
[2022-12-23 23:06:59,653] {processor.py:161} INFO - Processing /home/airflow/.local/lib/python3.7/site-packages/airflow/example_dags/example_bash_operator.py took 0.210 seconds
[2022-12-23 23:07:30,030] {processor.py:153} INFO - Started process (PID=550) to work on /home/airflow/.local/lib/python3.7/site-packages/airflow/example_dags/example_bash_operator.py
[2022-12-23 23:07:30,033] {processor.py:641} INFO - Processing file /home/airflow/.local/lib/python3.7/site-packages/airflow/example_dags/example_bash_operator.py for tasks to queue
[2022-12-23 23:07:30,035] {logging_mixin.py:115} INFO - [2022-12-23 23:07:30,034] {dagbag.py:507} INFO - Filling up the DagBag from /home/airflow/.local/lib/python3.7/site-packages/airflow/example_dags/example_bash_operator.py
[2022-12-23 23:07:30,045] {processor.py:651} INFO - DAG(s) dict_keys(['example_bash_operator']) retrieved from /home/airflow/.local/lib/python3.7/site-packages/airflow/example_dags/example_bash_operator.py
[2022-12-23 23:07:30,073] {logging_mixin.py:115} INFO - [2022-12-23 23:07:30,073] {dag.py:2371} INFO - Sync 1 DAGs
[2022-12-23 23:07:30,222] {logging_mixin.py:115} INFO - [2022-12-23 23:07:30,222] {dag.py:2919} INFO - Setting next_dagrun for example_bash_operator to 2022-12-22T00:00:00+00:00, run_after=2022-12-23T00:00:00+00:00
[2022-12-23 23:07:30,234] {processor.py:161} INFO - Processing /home/airflow/.local/lib/python3.7/site-packages/airflow/example_dags/example_bash_operator.py took 0.207 seconds
[2022-12-23 23:08:00,316] {processor.py:153} INFO - Started process (PID=614) to work on /home/airflow/.local/lib/python3.7/site-packages/airflow/example_dags/example_bash_operator.py
[2022-12-23 23:08:00,318] {processor.py:641} INFO - Processing file /home/airflow/.local/lib/python3.7/site-packages/airflow/example_dags/example_bash_operator.py for tasks to queue
[2022-12-23 23:08:00,319] {logging_mixin.py:115} INFO - [2022-12-23 23:08:00,319] {dagbag.py:507} INFO - Filling up the DagBag from /home/airflow/.local/lib/python3.7/site-packages/airflow/example_dags/example_bash_operator.py
[2022-12-23 23:08:00,328] {processor.py:651} INFO - DAG(s) dict_keys(['example_bash_operator']) retrieved from /home/airflow/.local/lib/python3.7/site-packages/airflow/example_dags/example_bash_operator.py
[2022-12-23 23:08:00,357] {logging_mixin.py:115} INFO - [2022-12-23 23:08:00,357] {dag.py:2371} INFO - Sync 1 DAGs
[2022-12-23 23:08:00,473] {logging_mixin.py:115} INFO - [2022-12-23 23:08:00,473] {dag.py:2919} INFO - Setting next_dagrun for example_bash_operator to 2022-12-22T00:00:00+00:00, run_after=2022-12-23T00:00:00+00:00
[2022-12-23 23:08:00,483] {processor.py:161} INFO - Processing /home/airflow/.local/lib/python3.7/site-packages/airflow/example_dags/example_bash_operator.py took 0.169 seconds
[2022-12-23 23:08:30,803] {processor.py:153} INFO - Started process (PID=678) to work on /home/airflow/.local/lib/python3.7/site-packages/airflow/example_dags/example_bash_operator.py
[2022-12-23 23:08:30,804] {processor.py:641} INFO - Processing file /home/airflow/.local/lib/python3.7/site-packages/airflow/example_dags/example_bash_operator.py for tasks to queue
[2022-12-23 23:08:30,805] {logging_mixin.py:115} INFO - [2022-12-23 23:08:30,805] {dagbag.py:507} INFO - Filling up the DagBag from /home/airflow/.local/lib/python3.7/site-packages/airflow/example_dags/example_bash_operator.py
[2022-12-23 23:08:30,815] {processor.py:651} INFO - DAG(s) dict_keys(['example_bash_operator']) retrieved from /home/airflow/.local/lib/python3.7/site-packages/airflow/example_dags/example_bash_operator.py
[2022-12-23 23:08:30,844] {logging_mixin.py:115} INFO - [2022-12-23 23:08:30,844] {dag.py:2371} INFO - Sync 1 DAGs
[2022-12-23 23:08:30,953] {logging_mixin.py:115} INFO - [2022-12-23 23:08:30,953] {dag.py:2919} INFO - Setting next_dagrun for example_bash_operator to 2022-12-22T00:00:00+00:00, run_after=2022-12-23T00:00:00+00:00
[2022-12-23 23:08:30,961] {processor.py:161} INFO - Processing /home/airflow/.local/lib/python3.7/site-packages/airflow/example_dags/example_bash_operator.py took 0.161 seconds
