[2022-12-23T00:00:05.263+0000] {processor.py:153} INFO - Started process (PID=3148) to work on /home/airflow/.local/lib/python3.7/site-packages/airflow/example_dags/example_branch_day_of_week_operator.py
[2022-12-23T00:00:05.265+0000] {processor.py:743} INFO - Processing file /home/airflow/.local/lib/python3.7/site-packages/airflow/example_dags/example_branch_day_of_week_operator.py for tasks to queue
[2022-12-23T00:00:05.266+0000] {logging_mixin.py:137} INFO - [2022-12-23T00:00:05.266+0000] {dagbag.py:538} INFO - Filling up the DagBag from /home/airflow/.local/lib/python3.7/site-packages/airflow/example_dags/example_branch_day_of_week_operator.py
[2022-12-23T00:00:05.284+0000] {processor.py:753} INFO - DAG(s) dict_keys(['example_weekday_branch_operator']) retrieved from /home/airflow/.local/lib/python3.7/site-packages/airflow/example_dags/example_branch_day_of_week_operator.py
[2022-12-23T00:00:05.331+0000] {logging_mixin.py:137} INFO - [2022-12-23T00:00:05.330+0000] {dag.py:2676} INFO - Sync 1 DAGs
[2022-12-23T00:00:05.363+0000] {logging_mixin.py:137} INFO - [2022-12-23T00:00:05.363+0000] {dag.py:3427} INFO - Setting next_dagrun for example_weekday_branch_operator to 2022-12-22T00:00:00+00:00, run_after=2022-12-23T00:00:00+00:00
[2022-12-23T00:00:05.383+0000] {processor.py:175} INFO - Processing /home/airflow/.local/lib/python3.7/site-packages/airflow/example_dags/example_branch_day_of_week_operator.py took 0.125 seconds
[2022-12-23T00:00:35.984+0000] {processor.py:153} INFO - Started process (PID=3360) to work on /home/airflow/.local/lib/python3.7/site-packages/airflow/example_dags/example_branch_day_of_week_operator.py
[2022-12-23T00:00:35.986+0000] {processor.py:743} INFO - Processing file /home/airflow/.local/lib/python3.7/site-packages/airflow/example_dags/example_branch_day_of_week_operator.py for tasks to queue
[2022-12-23T00:00:35.987+0000] {logging_mixin.py:137} INFO - [2022-12-23T00:00:35.987+0000] {dagbag.py:538} INFO - Filling up the DagBag from /home/airflow/.local/lib/python3.7/site-packages/airflow/example_dags/example_branch_day_of_week_operator.py
[2022-12-23T00:00:36.001+0000] {processor.py:753} INFO - DAG(s) dict_keys(['example_weekday_branch_operator']) retrieved from /home/airflow/.local/lib/python3.7/site-packages/airflow/example_dags/example_branch_day_of_week_operator.py
[2022-12-23T00:00:36.034+0000] {logging_mixin.py:137} INFO - [2022-12-23T00:00:36.034+0000] {dag.py:2676} INFO - Sync 1 DAGs
[2022-12-23T00:00:36.053+0000] {logging_mixin.py:137} INFO - [2022-12-23T00:00:36.053+0000] {dag.py:3427} INFO - Setting next_dagrun for example_weekday_branch_operator to 2022-12-22T00:00:00+00:00, run_after=2022-12-23T00:00:00+00:00
[2022-12-23T00:00:36.066+0000] {processor.py:175} INFO - Processing /home/airflow/.local/lib/python3.7/site-packages/airflow/example_dags/example_branch_day_of_week_operator.py took 0.085 seconds
[2022-12-23T00:01:06.686+0000] {processor.py:153} INFO - Started process (PID=3588) to work on /home/airflow/.local/lib/python3.7/site-packages/airflow/example_dags/example_branch_day_of_week_operator.py
[2022-12-23T00:01:06.687+0000] {processor.py:743} INFO - Processing file /home/airflow/.local/lib/python3.7/site-packages/airflow/example_dags/example_branch_day_of_week_operator.py for tasks to queue
[2022-12-23T00:01:06.688+0000] {logging_mixin.py:137} INFO - [2022-12-23T00:01:06.688+0000] {dagbag.py:538} INFO - Filling up the DagBag from /home/airflow/.local/lib/python3.7/site-packages/airflow/example_dags/example_branch_day_of_week_operator.py
[2022-12-23T00:01:06.702+0000] {processor.py:753} INFO - DAG(s) dict_keys(['example_weekday_branch_operator']) retrieved from /home/airflow/.local/lib/python3.7/site-packages/airflow/example_dags/example_branch_day_of_week_operator.py
[2022-12-23T00:01:06.733+0000] {logging_mixin.py:137} INFO - [2022-12-23T00:01:06.733+0000] {dag.py:2676} INFO - Sync 1 DAGs
[2022-12-23T00:01:06.752+0000] {logging_mixin.py:137} INFO - [2022-12-23T00:01:06.752+0000] {dag.py:3427} INFO - Setting next_dagrun for example_weekday_branch_operator to 2022-12-22T00:00:00+00:00, run_after=2022-12-23T00:00:00+00:00
[2022-12-23T00:01:06.766+0000] {processor.py:175} INFO - Processing /home/airflow/.local/lib/python3.7/site-packages/airflow/example_dags/example_branch_day_of_week_operator.py took 0.083 seconds
[2022-12-23T00:03:13.332+0000] {processor.py:153} INFO - Started process (PID=253) to work on /home/airflow/.local/lib/python3.7/site-packages/airflow/example_dags/example_branch_day_of_week_operator.py
[2022-12-23T00:03:13.333+0000] {processor.py:743} INFO - Processing file /home/airflow/.local/lib/python3.7/site-packages/airflow/example_dags/example_branch_day_of_week_operator.py for tasks to queue
[2022-12-23T00:03:13.334+0000] {logging_mixin.py:137} INFO - [2022-12-23T00:03:13.334+0000] {dagbag.py:538} INFO - Filling up the DagBag from /home/airflow/.local/lib/python3.7/site-packages/airflow/example_dags/example_branch_day_of_week_operator.py
[2022-12-23T00:03:13.354+0000] {processor.py:753} INFO - DAG(s) dict_keys(['example_weekday_branch_operator']) retrieved from /home/airflow/.local/lib/python3.7/site-packages/airflow/example_dags/example_branch_day_of_week_operator.py
[2022-12-23T00:03:13.391+0000] {logging_mixin.py:137} INFO - [2022-12-23T00:03:13.391+0000] {dag.py:2676} INFO - Sync 1 DAGs
[2022-12-23T00:03:13.416+0000] {logging_mixin.py:137} INFO - [2022-12-23T00:03:13.416+0000] {dag.py:3427} INFO - Setting next_dagrun for example_weekday_branch_operator to 2022-12-22T00:00:00+00:00, run_after=2022-12-23T00:00:00+00:00
[2022-12-23T00:03:13.433+0000] {processor.py:175} INFO - Processing /home/airflow/.local/lib/python3.7/site-packages/airflow/example_dags/example_branch_day_of_week_operator.py took 0.105 seconds
[2022-12-23T00:03:44.299+0000] {processor.py:153} INFO - Started process (PID=479) to work on /home/airflow/.local/lib/python3.7/site-packages/airflow/example_dags/example_branch_day_of_week_operator.py
[2022-12-23T00:03:44.316+0000] {processor.py:743} INFO - Processing file /home/airflow/.local/lib/python3.7/site-packages/airflow/example_dags/example_branch_day_of_week_operator.py for tasks to queue
[2022-12-23T00:03:44.318+0000] {logging_mixin.py:137} INFO - [2022-12-23T00:03:44.318+0000] {dagbag.py:538} INFO - Filling up the DagBag from /home/airflow/.local/lib/python3.7/site-packages/airflow/example_dags/example_branch_day_of_week_operator.py
[2022-12-23T00:03:44.333+0000] {processor.py:753} INFO - DAG(s) dict_keys(['example_weekday_branch_operator']) retrieved from /home/airflow/.local/lib/python3.7/site-packages/airflow/example_dags/example_branch_day_of_week_operator.py
[2022-12-23T00:03:44.368+0000] {logging_mixin.py:137} INFO - [2022-12-23T00:03:44.368+0000] {dag.py:2676} INFO - Sync 1 DAGs
[2022-12-23T00:03:44.391+0000] {logging_mixin.py:137} INFO - [2022-12-23T00:03:44.390+0000] {dag.py:3427} INFO - Setting next_dagrun for example_weekday_branch_operator to 2022-12-22T00:00:00+00:00, run_after=2022-12-23T00:00:00+00:00
[2022-12-23T00:03:44.404+0000] {processor.py:175} INFO - Processing /home/airflow/.local/lib/python3.7/site-packages/airflow/example_dags/example_branch_day_of_week_operator.py took 0.111 seconds
[2022-12-23T00:04:15.594+0000] {processor.py:153} INFO - Started process (PID=705) to work on /home/airflow/.local/lib/python3.7/site-packages/airflow/example_dags/example_branch_day_of_week_operator.py
[2022-12-23T00:04:15.596+0000] {processor.py:743} INFO - Processing file /home/airflow/.local/lib/python3.7/site-packages/airflow/example_dags/example_branch_day_of_week_operator.py for tasks to queue
[2022-12-23T00:04:15.597+0000] {logging_mixin.py:137} INFO - [2022-12-23T00:04:15.597+0000] {dagbag.py:538} INFO - Filling up the DagBag from /home/airflow/.local/lib/python3.7/site-packages/airflow/example_dags/example_branch_day_of_week_operator.py
[2022-12-23T00:04:15.615+0000] {processor.py:753} INFO - DAG(s) dict_keys(['example_weekday_branch_operator']) retrieved from /home/airflow/.local/lib/python3.7/site-packages/airflow/example_dags/example_branch_day_of_week_operator.py
[2022-12-23T00:04:15.658+0000] {logging_mixin.py:137} INFO - [2022-12-23T00:04:15.658+0000] {dag.py:2676} INFO - Sync 1 DAGs
[2022-12-23T00:04:15.683+0000] {logging_mixin.py:137} INFO - [2022-12-23T00:04:15.683+0000] {dag.py:3427} INFO - Setting next_dagrun for example_weekday_branch_operator to 2022-12-22T00:00:00+00:00, run_after=2022-12-23T00:00:00+00:00
[2022-12-23T00:04:15.718+0000] {processor.py:175} INFO - Processing /home/airflow/.local/lib/python3.7/site-packages/airflow/example_dags/example_branch_day_of_week_operator.py took 0.128 seconds
[2022-12-23T00:04:46.737+0000] {processor.py:153} INFO - Started process (PID=921) to work on /home/airflow/.local/lib/python3.7/site-packages/airflow/example_dags/example_branch_day_of_week_operator.py
[2022-12-23T00:04:46.739+0000] {processor.py:743} INFO - Processing file /home/airflow/.local/lib/python3.7/site-packages/airflow/example_dags/example_branch_day_of_week_operator.py for tasks to queue
[2022-12-23T00:04:46.740+0000] {logging_mixin.py:137} INFO - [2022-12-23T00:04:46.740+0000] {dagbag.py:538} INFO - Filling up the DagBag from /home/airflow/.local/lib/python3.7/site-packages/airflow/example_dags/example_branch_day_of_week_operator.py
[2022-12-23T00:04:46.758+0000] {processor.py:753} INFO - DAG(s) dict_keys(['example_weekday_branch_operator']) retrieved from /home/airflow/.local/lib/python3.7/site-packages/airflow/example_dags/example_branch_day_of_week_operator.py
[2022-12-23T00:04:46.798+0000] {logging_mixin.py:137} INFO - [2022-12-23T00:04:46.797+0000] {dag.py:2676} INFO - Sync 1 DAGs
[2022-12-23T00:04:46.818+0000] {logging_mixin.py:137} INFO - [2022-12-23T00:04:46.818+0000] {dag.py:3427} INFO - Setting next_dagrun for example_weekday_branch_operator to 2022-12-22T00:00:00+00:00, run_after=2022-12-23T00:00:00+00:00
[2022-12-23T00:04:46.833+0000] {processor.py:175} INFO - Processing /home/airflow/.local/lib/python3.7/site-packages/airflow/example_dags/example_branch_day_of_week_operator.py took 0.100 seconds
[2022-12-23T00:05:17.590+0000] {processor.py:153} INFO - Started process (PID=1148) to work on /home/airflow/.local/lib/python3.7/site-packages/airflow/example_dags/example_branch_day_of_week_operator.py
[2022-12-23T00:05:17.591+0000] {processor.py:743} INFO - Processing file /home/airflow/.local/lib/python3.7/site-packages/airflow/example_dags/example_branch_day_of_week_operator.py for tasks to queue
[2022-12-23T00:05:17.592+0000] {logging_mixin.py:137} INFO - [2022-12-23T00:05:17.592+0000] {dagbag.py:538} INFO - Filling up the DagBag from /home/airflow/.local/lib/python3.7/site-packages/airflow/example_dags/example_branch_day_of_week_operator.py
[2022-12-23T00:05:17.608+0000] {processor.py:753} INFO - DAG(s) dict_keys(['example_weekday_branch_operator']) retrieved from /home/airflow/.local/lib/python3.7/site-packages/airflow/example_dags/example_branch_day_of_week_operator.py
[2022-12-23T00:05:17.644+0000] {logging_mixin.py:137} INFO - [2022-12-23T00:05:17.644+0000] {dag.py:2676} INFO - Sync 1 DAGs
[2022-12-23T00:05:17.665+0000] {logging_mixin.py:137} INFO - [2022-12-23T00:05:17.665+0000] {dag.py:3427} INFO - Setting next_dagrun for example_weekday_branch_operator to 2022-12-22T00:00:00+00:00, run_after=2022-12-23T00:00:00+00:00
[2022-12-23T00:05:17.681+0000] {processor.py:175} INFO - Processing /home/airflow/.local/lib/python3.7/site-packages/airflow/example_dags/example_branch_day_of_week_operator.py took 0.095 seconds
[2022-12-23 22:41:54,525] {processor.py:153} INFO - Started process (PID=261) to work on /home/airflow/.local/lib/python3.7/site-packages/airflow/example_dags/example_branch_day_of_week_operator.py
[2022-12-23 22:41:54,530] {processor.py:641} INFO - Processing file /home/airflow/.local/lib/python3.7/site-packages/airflow/example_dags/example_branch_day_of_week_operator.py for tasks to queue
[2022-12-23 22:41:54,531] {logging_mixin.py:115} INFO - [2022-12-23 22:41:54,531] {dagbag.py:507} INFO - Filling up the DagBag from /home/airflow/.local/lib/python3.7/site-packages/airflow/example_dags/example_branch_day_of_week_operator.py
[2022-12-23 22:41:54,576] {processor.py:651} INFO - DAG(s) dict_keys(['example_weekday_branch_operator']) retrieved from /home/airflow/.local/lib/python3.7/site-packages/airflow/example_dags/example_branch_day_of_week_operator.py
[2022-12-23 22:41:54,811] {logging_mixin.py:115} INFO - [2022-12-23 22:41:54,811] {manager.py:508} INFO - Created Permission View: can delete on DAG:example_weekday_branch_operator
[2022-12-23 22:41:54,825] {logging_mixin.py:115} INFO - [2022-12-23 22:41:54,825] {manager.py:508} INFO - Created Permission View: can edit on DAG:example_weekday_branch_operator
[2022-12-23 22:41:54,836] {logging_mixin.py:115} INFO - [2022-12-23 22:41:54,836] {manager.py:508} INFO - Created Permission View: can read on DAG:example_weekday_branch_operator
[2022-12-23 22:41:54,838] {logging_mixin.py:115} INFO - [2022-12-23 22:41:54,838] {dag.py:2371} INFO - Sync 1 DAGs
[2022-12-23 22:41:54,851] {logging_mixin.py:115} INFO - [2022-12-23 22:41:54,851] {dag.py:2390} INFO - Creating ORM DAG for example_weekday_branch_operator
[2022-12-23 22:41:54,879] {logging_mixin.py:115} INFO - [2022-12-23 22:41:54,879] {dag.py:2919} INFO - Setting next_dagrun for example_weekday_branch_operator to 2022-12-22T00:00:00+00:00, run_after=2022-12-23T00:00:00+00:00
[2022-12-23 22:41:54,899] {processor.py:161} INFO - Processing /home/airflow/.local/lib/python3.7/site-packages/airflow/example_dags/example_branch_day_of_week_operator.py took 0.377 seconds
[2022-12-23 22:42:25,665] {processor.py:153} INFO - Started process (PID=453) to work on /home/airflow/.local/lib/python3.7/site-packages/airflow/example_dags/example_branch_day_of_week_operator.py
[2022-12-23 22:42:25,666] {processor.py:641} INFO - Processing file /home/airflow/.local/lib/python3.7/site-packages/airflow/example_dags/example_branch_day_of_week_operator.py for tasks to queue
[2022-12-23 22:42:25,667] {logging_mixin.py:115} INFO - [2022-12-23 22:42:25,667] {dagbag.py:507} INFO - Filling up the DagBag from /home/airflow/.local/lib/python3.7/site-packages/airflow/example_dags/example_branch_day_of_week_operator.py
[2022-12-23 22:42:25,679] {processor.py:651} INFO - DAG(s) dict_keys(['example_weekday_branch_operator']) retrieved from /home/airflow/.local/lib/python3.7/site-packages/airflow/example_dags/example_branch_day_of_week_operator.py
[2022-12-23 22:42:25,724] {logging_mixin.py:115} INFO - [2022-12-23 22:42:25,724] {dag.py:2371} INFO - Sync 1 DAGs
[2022-12-23 22:42:25,751] {logging_mixin.py:115} INFO - [2022-12-23 22:42:25,751] {dag.py:2919} INFO - Setting next_dagrun for example_weekday_branch_operator to 2022-12-22T00:00:00+00:00, run_after=2022-12-23T00:00:00+00:00
[2022-12-23 22:42:25,764] {processor.py:161} INFO - Processing /home/airflow/.local/lib/python3.7/site-packages/airflow/example_dags/example_branch_day_of_week_operator.py took 0.102 seconds
[2022-12-23 22:42:55,953] {processor.py:153} INFO - Started process (PID=656) to work on /home/airflow/.local/lib/python3.7/site-packages/airflow/example_dags/example_branch_day_of_week_operator.py
[2022-12-23 22:42:55,954] {processor.py:641} INFO - Processing file /home/airflow/.local/lib/python3.7/site-packages/airflow/example_dags/example_branch_day_of_week_operator.py for tasks to queue
[2022-12-23 22:42:55,955] {logging_mixin.py:115} INFO - [2022-12-23 22:42:55,955] {dagbag.py:507} INFO - Filling up the DagBag from /home/airflow/.local/lib/python3.7/site-packages/airflow/example_dags/example_branch_day_of_week_operator.py
[2022-12-23 22:42:55,965] {processor.py:651} INFO - DAG(s) dict_keys(['example_weekday_branch_operator']) retrieved from /home/airflow/.local/lib/python3.7/site-packages/airflow/example_dags/example_branch_day_of_week_operator.py
[2022-12-23 22:42:55,987] {logging_mixin.py:115} INFO - [2022-12-23 22:42:55,987] {dag.py:2371} INFO - Sync 1 DAGs
[2022-12-23 22:42:56,004] {logging_mixin.py:115} INFO - [2022-12-23 22:42:56,003] {dag.py:2919} INFO - Setting next_dagrun for example_weekday_branch_operator to 2022-12-22T00:00:00+00:00, run_after=2022-12-23T00:00:00+00:00
[2022-12-23 22:42:56,011] {processor.py:161} INFO - Processing /home/airflow/.local/lib/python3.7/site-packages/airflow/example_dags/example_branch_day_of_week_operator.py took 0.062 seconds
[2022-12-23 22:43:26,167] {processor.py:153} INFO - Started process (PID=859) to work on /home/airflow/.local/lib/python3.7/site-packages/airflow/example_dags/example_branch_day_of_week_operator.py
[2022-12-23 22:43:26,168] {processor.py:641} INFO - Processing file /home/airflow/.local/lib/python3.7/site-packages/airflow/example_dags/example_branch_day_of_week_operator.py for tasks to queue
[2022-12-23 22:43:26,169] {logging_mixin.py:115} INFO - [2022-12-23 22:43:26,169] {dagbag.py:507} INFO - Filling up the DagBag from /home/airflow/.local/lib/python3.7/site-packages/airflow/example_dags/example_branch_day_of_week_operator.py
[2022-12-23 22:43:26,179] {processor.py:651} INFO - DAG(s) dict_keys(['example_weekday_branch_operator']) retrieved from /home/airflow/.local/lib/python3.7/site-packages/airflow/example_dags/example_branch_day_of_week_operator.py
[2022-12-23 22:43:26,203] {logging_mixin.py:115} INFO - [2022-12-23 22:43:26,203] {dag.py:2371} INFO - Sync 1 DAGs
[2022-12-23 22:43:26,219] {logging_mixin.py:115} INFO - [2022-12-23 22:43:26,218] {dag.py:2919} INFO - Setting next_dagrun for example_weekday_branch_operator to 2022-12-22T00:00:00+00:00, run_after=2022-12-23T00:00:00+00:00
[2022-12-23 22:43:26,227] {processor.py:161} INFO - Processing /home/airflow/.local/lib/python3.7/site-packages/airflow/example_dags/example_branch_day_of_week_operator.py took 0.062 seconds
[2022-12-23 22:43:56,304] {processor.py:153} INFO - Started process (PID=1062) to work on /home/airflow/.local/lib/python3.7/site-packages/airflow/example_dags/example_branch_day_of_week_operator.py
[2022-12-23 22:43:56,309] {processor.py:641} INFO - Processing file /home/airflow/.local/lib/python3.7/site-packages/airflow/example_dags/example_branch_day_of_week_operator.py for tasks to queue
[2022-12-23 22:43:56,310] {logging_mixin.py:115} INFO - [2022-12-23 22:43:56,310] {dagbag.py:507} INFO - Filling up the DagBag from /home/airflow/.local/lib/python3.7/site-packages/airflow/example_dags/example_branch_day_of_week_operator.py
[2022-12-23 22:43:56,321] {processor.py:651} INFO - DAG(s) dict_keys(['example_weekday_branch_operator']) retrieved from /home/airflow/.local/lib/python3.7/site-packages/airflow/example_dags/example_branch_day_of_week_operator.py
[2022-12-23 22:43:56,345] {logging_mixin.py:115} INFO - [2022-12-23 22:43:56,345] {dag.py:2371} INFO - Sync 1 DAGs
[2022-12-23 22:43:56,361] {logging_mixin.py:115} INFO - [2022-12-23 22:43:56,361] {dag.py:2919} INFO - Setting next_dagrun for example_weekday_branch_operator to 2022-12-22T00:00:00+00:00, run_after=2022-12-23T00:00:00+00:00
[2022-12-23 22:43:56,370] {processor.py:161} INFO - Processing /home/airflow/.local/lib/python3.7/site-packages/airflow/example_dags/example_branch_day_of_week_operator.py took 0.068 seconds
[2022-12-23 22:44:26,502] {processor.py:153} INFO - Started process (PID=1256) to work on /home/airflow/.local/lib/python3.7/site-packages/airflow/example_dags/example_branch_day_of_week_operator.py
[2022-12-23 22:44:26,503] {processor.py:641} INFO - Processing file /home/airflow/.local/lib/python3.7/site-packages/airflow/example_dags/example_branch_day_of_week_operator.py for tasks to queue
[2022-12-23 22:44:26,504] {logging_mixin.py:115} INFO - [2022-12-23 22:44:26,504] {dagbag.py:507} INFO - Filling up the DagBag from /home/airflow/.local/lib/python3.7/site-packages/airflow/example_dags/example_branch_day_of_week_operator.py
[2022-12-23 22:44:26,514] {processor.py:651} INFO - DAG(s) dict_keys(['example_weekday_branch_operator']) retrieved from /home/airflow/.local/lib/python3.7/site-packages/airflow/example_dags/example_branch_day_of_week_operator.py
[2022-12-23 22:44:26,536] {logging_mixin.py:115} INFO - [2022-12-23 22:44:26,536] {dag.py:2371} INFO - Sync 1 DAGs
[2022-12-23 22:44:26,553] {logging_mixin.py:115} INFO - [2022-12-23 22:44:26,552] {dag.py:2919} INFO - Setting next_dagrun for example_weekday_branch_operator to 2022-12-22T00:00:00+00:00, run_after=2022-12-23T00:00:00+00:00
[2022-12-23 22:44:26,561] {processor.py:161} INFO - Processing /home/airflow/.local/lib/python3.7/site-packages/airflow/example_dags/example_branch_day_of_week_operator.py took 0.062 seconds
[2022-12-23 22:44:57,532] {processor.py:153} INFO - Started process (PID=1461) to work on /home/airflow/.local/lib/python3.7/site-packages/airflow/example_dags/example_branch_day_of_week_operator.py
[2022-12-23 22:44:57,533] {processor.py:641} INFO - Processing file /home/airflow/.local/lib/python3.7/site-packages/airflow/example_dags/example_branch_day_of_week_operator.py for tasks to queue
[2022-12-23 22:44:57,534] {logging_mixin.py:115} INFO - [2022-12-23 22:44:57,534] {dagbag.py:507} INFO - Filling up the DagBag from /home/airflow/.local/lib/python3.7/site-packages/airflow/example_dags/example_branch_day_of_week_operator.py
[2022-12-23 22:44:57,543] {processor.py:651} INFO - DAG(s) dict_keys(['example_weekday_branch_operator']) retrieved from /home/airflow/.local/lib/python3.7/site-packages/airflow/example_dags/example_branch_day_of_week_operator.py
[2022-12-23 22:44:57,565] {logging_mixin.py:115} INFO - [2022-12-23 22:44:57,565] {dag.py:2371} INFO - Sync 1 DAGs
[2022-12-23 22:44:57,580] {logging_mixin.py:115} INFO - [2022-12-23 22:44:57,580] {dag.py:2919} INFO - Setting next_dagrun for example_weekday_branch_operator to 2022-12-22T00:00:00+00:00, run_after=2022-12-23T00:00:00+00:00
[2022-12-23 22:44:57,588] {processor.py:161} INFO - Processing /home/airflow/.local/lib/python3.7/site-packages/airflow/example_dags/example_branch_day_of_week_operator.py took 0.059 seconds
[2022-12-23 22:45:28,406] {processor.py:153} INFO - Started process (PID=1664) to work on /home/airflow/.local/lib/python3.7/site-packages/airflow/example_dags/example_branch_day_of_week_operator.py
[2022-12-23 22:45:28,407] {processor.py:641} INFO - Processing file /home/airflow/.local/lib/python3.7/site-packages/airflow/example_dags/example_branch_day_of_week_operator.py for tasks to queue
[2022-12-23 22:45:28,408] {logging_mixin.py:115} INFO - [2022-12-23 22:45:28,408] {dagbag.py:507} INFO - Filling up the DagBag from /home/airflow/.local/lib/python3.7/site-packages/airflow/example_dags/example_branch_day_of_week_operator.py
[2022-12-23 22:45:28,417] {processor.py:651} INFO - DAG(s) dict_keys(['example_weekday_branch_operator']) retrieved from /home/airflow/.local/lib/python3.7/site-packages/airflow/example_dags/example_branch_day_of_week_operator.py
[2022-12-23 22:45:28,439] {logging_mixin.py:115} INFO - [2022-12-23 22:45:28,439] {dag.py:2371} INFO - Sync 1 DAGs
[2022-12-23 22:45:28,455] {logging_mixin.py:115} INFO - [2022-12-23 22:45:28,455] {dag.py:2919} INFO - Setting next_dagrun for example_weekday_branch_operator to 2022-12-22T00:00:00+00:00, run_after=2022-12-23T00:00:00+00:00
[2022-12-23 22:45:28,463] {processor.py:161} INFO - Processing /home/airflow/.local/lib/python3.7/site-packages/airflow/example_dags/example_branch_day_of_week_operator.py took 0.060 seconds
[2022-12-23 22:45:59,529] {processor.py:153} INFO - Started process (PID=1867) to work on /home/airflow/.local/lib/python3.7/site-packages/airflow/example_dags/example_branch_day_of_week_operator.py
[2022-12-23 22:45:59,530] {processor.py:641} INFO - Processing file /home/airflow/.local/lib/python3.7/site-packages/airflow/example_dags/example_branch_day_of_week_operator.py for tasks to queue
[2022-12-23 22:45:59,531] {logging_mixin.py:115} INFO - [2022-12-23 22:45:59,531] {dagbag.py:507} INFO - Filling up the DagBag from /home/airflow/.local/lib/python3.7/site-packages/airflow/example_dags/example_branch_day_of_week_operator.py
[2022-12-23 22:45:59,541] {processor.py:651} INFO - DAG(s) dict_keys(['example_weekday_branch_operator']) retrieved from /home/airflow/.local/lib/python3.7/site-packages/airflow/example_dags/example_branch_day_of_week_operator.py
[2022-12-23 22:45:59,566] {logging_mixin.py:115} INFO - [2022-12-23 22:45:59,566] {dag.py:2371} INFO - Sync 1 DAGs
[2022-12-23 22:45:59,583] {logging_mixin.py:115} INFO - [2022-12-23 22:45:59,582] {dag.py:2919} INFO - Setting next_dagrun for example_weekday_branch_operator to 2022-12-22T00:00:00+00:00, run_after=2022-12-23T00:00:00+00:00
[2022-12-23 22:45:59,592] {processor.py:161} INFO - Processing /home/airflow/.local/lib/python3.7/site-packages/airflow/example_dags/example_branch_day_of_week_operator.py took 0.066 seconds
[2022-12-23 22:46:30,749] {processor.py:153} INFO - Started process (PID=2070) to work on /home/airflow/.local/lib/python3.7/site-packages/airflow/example_dags/example_branch_day_of_week_operator.py
[2022-12-23 22:46:30,750] {processor.py:641} INFO - Processing file /home/airflow/.local/lib/python3.7/site-packages/airflow/example_dags/example_branch_day_of_week_operator.py for tasks to queue
[2022-12-23 22:46:30,751] {logging_mixin.py:115} INFO - [2022-12-23 22:46:30,751] {dagbag.py:507} INFO - Filling up the DagBag from /home/airflow/.local/lib/python3.7/site-packages/airflow/example_dags/example_branch_day_of_week_operator.py
[2022-12-23 22:46:30,758] {processor.py:651} INFO - DAG(s) dict_keys(['example_weekday_branch_operator']) retrieved from /home/airflow/.local/lib/python3.7/site-packages/airflow/example_dags/example_branch_day_of_week_operator.py
[2022-12-23 22:46:30,785] {logging_mixin.py:115} INFO - [2022-12-23 22:46:30,785] {dag.py:2371} INFO - Sync 1 DAGs
[2022-12-23 22:46:30,802] {logging_mixin.py:115} INFO - [2022-12-23 22:46:30,802] {dag.py:2919} INFO - Setting next_dagrun for example_weekday_branch_operator to 2022-12-22T00:00:00+00:00, run_after=2022-12-23T00:00:00+00:00
[2022-12-23 22:46:30,810] {processor.py:161} INFO - Processing /home/airflow/.local/lib/python3.7/site-packages/airflow/example_dags/example_branch_day_of_week_operator.py took 0.064 seconds
[2022-12-23 22:47:00,959] {processor.py:153} INFO - Started process (PID=2272) to work on /home/airflow/.local/lib/python3.7/site-packages/airflow/example_dags/example_branch_day_of_week_operator.py
[2022-12-23 22:47:00,960] {processor.py:641} INFO - Processing file /home/airflow/.local/lib/python3.7/site-packages/airflow/example_dags/example_branch_day_of_week_operator.py for tasks to queue
[2022-12-23 22:47:00,961] {logging_mixin.py:115} INFO - [2022-12-23 22:47:00,961] {dagbag.py:507} INFO - Filling up the DagBag from /home/airflow/.local/lib/python3.7/site-packages/airflow/example_dags/example_branch_day_of_week_operator.py
[2022-12-23 22:47:00,969] {processor.py:651} INFO - DAG(s) dict_keys(['example_weekday_branch_operator']) retrieved from /home/airflow/.local/lib/python3.7/site-packages/airflow/example_dags/example_branch_day_of_week_operator.py
[2022-12-23 22:47:00,999] {logging_mixin.py:115} INFO - [2022-12-23 22:47:00,999] {dag.py:2371} INFO - Sync 1 DAGs
[2022-12-23 22:47:01,017] {logging_mixin.py:115} INFO - [2022-12-23 22:47:01,017] {dag.py:2919} INFO - Setting next_dagrun for example_weekday_branch_operator to 2022-12-22T00:00:00+00:00, run_after=2022-12-23T00:00:00+00:00
[2022-12-23 22:47:01,026] {processor.py:161} INFO - Processing /home/airflow/.local/lib/python3.7/site-packages/airflow/example_dags/example_branch_day_of_week_operator.py took 0.070 seconds
[2022-12-23 22:47:32,009] {processor.py:153} INFO - Started process (PID=2466) to work on /home/airflow/.local/lib/python3.7/site-packages/airflow/example_dags/example_branch_day_of_week_operator.py
[2022-12-23 22:47:32,011] {processor.py:641} INFO - Processing file /home/airflow/.local/lib/python3.7/site-packages/airflow/example_dags/example_branch_day_of_week_operator.py for tasks to queue
[2022-12-23 22:47:32,011] {logging_mixin.py:115} INFO - [2022-12-23 22:47:32,011] {dagbag.py:507} INFO - Filling up the DagBag from /home/airflow/.local/lib/python3.7/site-packages/airflow/example_dags/example_branch_day_of_week_operator.py
[2022-12-23 22:47:32,019] {processor.py:651} INFO - DAG(s) dict_keys(['example_weekday_branch_operator']) retrieved from /home/airflow/.local/lib/python3.7/site-packages/airflow/example_dags/example_branch_day_of_week_operator.py
[2022-12-23 22:47:32,047] {logging_mixin.py:115} INFO - [2022-12-23 22:47:32,047] {dag.py:2371} INFO - Sync 1 DAGs
[2022-12-23 22:47:32,065] {logging_mixin.py:115} INFO - [2022-12-23 22:47:32,065] {dag.py:2919} INFO - Setting next_dagrun for example_weekday_branch_operator to 2022-12-22T00:00:00+00:00, run_after=2022-12-23T00:00:00+00:00
[2022-12-23 22:47:32,076] {processor.py:161} INFO - Processing /home/airflow/.local/lib/python3.7/site-packages/airflow/example_dags/example_branch_day_of_week_operator.py took 0.070 seconds
[2022-12-23 22:48:02,136] {processor.py:153} INFO - Started process (PID=2666) to work on /home/airflow/.local/lib/python3.7/site-packages/airflow/example_dags/example_branch_day_of_week_operator.py
[2022-12-23 22:48:02,138] {processor.py:641} INFO - Processing file /home/airflow/.local/lib/python3.7/site-packages/airflow/example_dags/example_branch_day_of_week_operator.py for tasks to queue
[2022-12-23 22:48:02,139] {logging_mixin.py:115} INFO - [2022-12-23 22:48:02,139] {dagbag.py:507} INFO - Filling up the DagBag from /home/airflow/.local/lib/python3.7/site-packages/airflow/example_dags/example_branch_day_of_week_operator.py
[2022-12-23 22:48:02,146] {processor.py:651} INFO - DAG(s) dict_keys(['example_weekday_branch_operator']) retrieved from /home/airflow/.local/lib/python3.7/site-packages/airflow/example_dags/example_branch_day_of_week_operator.py
[2022-12-23 22:48:02,171] {logging_mixin.py:115} INFO - [2022-12-23 22:48:02,171] {dag.py:2371} INFO - Sync 1 DAGs
[2022-12-23 22:48:02,188] {logging_mixin.py:115} INFO - [2022-12-23 22:48:02,188] {dag.py:2919} INFO - Setting next_dagrun for example_weekday_branch_operator to 2022-12-22T00:00:00+00:00, run_after=2022-12-23T00:00:00+00:00
[2022-12-23 22:48:02,196] {processor.py:161} INFO - Processing /home/airflow/.local/lib/python3.7/site-packages/airflow/example_dags/example_branch_day_of_week_operator.py took 0.063 seconds
[2022-12-23 22:48:32,327] {processor.py:153} INFO - Started process (PID=2869) to work on /home/airflow/.local/lib/python3.7/site-packages/airflow/example_dags/example_branch_day_of_week_operator.py
[2022-12-23 22:48:32,329] {processor.py:641} INFO - Processing file /home/airflow/.local/lib/python3.7/site-packages/airflow/example_dags/example_branch_day_of_week_operator.py for tasks to queue
[2022-12-23 22:48:32,333] {logging_mixin.py:115} INFO - [2022-12-23 22:48:32,333] {dagbag.py:507} INFO - Filling up the DagBag from /home/airflow/.local/lib/python3.7/site-packages/airflow/example_dags/example_branch_day_of_week_operator.py
[2022-12-23 22:48:32,340] {processor.py:651} INFO - DAG(s) dict_keys(['example_weekday_branch_operator']) retrieved from /home/airflow/.local/lib/python3.7/site-packages/airflow/example_dags/example_branch_day_of_week_operator.py
[2022-12-23 22:48:32,366] {logging_mixin.py:115} INFO - [2022-12-23 22:48:32,366] {dag.py:2371} INFO - Sync 1 DAGs
[2022-12-23 22:48:32,383] {logging_mixin.py:115} INFO - [2022-12-23 22:48:32,383] {dag.py:2919} INFO - Setting next_dagrun for example_weekday_branch_operator to 2022-12-22T00:00:00+00:00, run_after=2022-12-23T00:00:00+00:00
[2022-12-23 22:48:32,392] {processor.py:161} INFO - Processing /home/airflow/.local/lib/python3.7/site-packages/airflow/example_dags/example_branch_day_of_week_operator.py took 0.068 seconds
[2022-12-23 22:49:02,806] {processor.py:153} INFO - Started process (PID=3074) to work on /home/airflow/.local/lib/python3.7/site-packages/airflow/example_dags/example_branch_day_of_week_operator.py
[2022-12-23 22:49:02,807] {processor.py:641} INFO - Processing file /home/airflow/.local/lib/python3.7/site-packages/airflow/example_dags/example_branch_day_of_week_operator.py for tasks to queue
[2022-12-23 22:49:02,808] {logging_mixin.py:115} INFO - [2022-12-23 22:49:02,808] {dagbag.py:507} INFO - Filling up the DagBag from /home/airflow/.local/lib/python3.7/site-packages/airflow/example_dags/example_branch_day_of_week_operator.py
[2022-12-23 22:49:02,815] {processor.py:651} INFO - DAG(s) dict_keys(['example_weekday_branch_operator']) retrieved from /home/airflow/.local/lib/python3.7/site-packages/airflow/example_dags/example_branch_day_of_week_operator.py
[2022-12-23 22:49:02,839] {logging_mixin.py:115} INFO - [2022-12-23 22:49:02,839] {dag.py:2371} INFO - Sync 1 DAGs
[2022-12-23 22:49:02,857] {logging_mixin.py:115} INFO - [2022-12-23 22:49:02,857] {dag.py:2919} INFO - Setting next_dagrun for example_weekday_branch_operator to 2022-12-22T00:00:00+00:00, run_after=2022-12-23T00:00:00+00:00
[2022-12-23 22:49:02,865] {processor.py:161} INFO - Processing /home/airflow/.local/lib/python3.7/site-packages/airflow/example_dags/example_branch_day_of_week_operator.py took 0.062 seconds
[2022-12-23 22:49:32,935] {processor.py:153} INFO - Started process (PID=3267) to work on /home/airflow/.local/lib/python3.7/site-packages/airflow/example_dags/example_branch_day_of_week_operator.py
[2022-12-23 22:49:32,937] {processor.py:641} INFO - Processing file /home/airflow/.local/lib/python3.7/site-packages/airflow/example_dags/example_branch_day_of_week_operator.py for tasks to queue
[2022-12-23 22:49:32,938] {logging_mixin.py:115} INFO - [2022-12-23 22:49:32,938] {dagbag.py:507} INFO - Filling up the DagBag from /home/airflow/.local/lib/python3.7/site-packages/airflow/example_dags/example_branch_day_of_week_operator.py
[2022-12-23 22:49:32,945] {processor.py:651} INFO - DAG(s) dict_keys(['example_weekday_branch_operator']) retrieved from /home/airflow/.local/lib/python3.7/site-packages/airflow/example_dags/example_branch_day_of_week_operator.py
[2022-12-23 22:49:32,972] {logging_mixin.py:115} INFO - [2022-12-23 22:49:32,972] {dag.py:2371} INFO - Sync 1 DAGs
[2022-12-23 22:49:32,989] {logging_mixin.py:115} INFO - [2022-12-23 22:49:32,989] {dag.py:2919} INFO - Setting next_dagrun for example_weekday_branch_operator to 2022-12-22T00:00:00+00:00, run_after=2022-12-23T00:00:00+00:00
[2022-12-23 22:49:32,999] {processor.py:161} INFO - Processing /home/airflow/.local/lib/python3.7/site-packages/airflow/example_dags/example_branch_day_of_week_operator.py took 0.066 seconds
[2022-12-23 22:50:03,120] {processor.py:153} INFO - Started process (PID=3473) to work on /home/airflow/.local/lib/python3.7/site-packages/airflow/example_dags/example_branch_day_of_week_operator.py
[2022-12-23 22:50:03,121] {processor.py:641} INFO - Processing file /home/airflow/.local/lib/python3.7/site-packages/airflow/example_dags/example_branch_day_of_week_operator.py for tasks to queue
[2022-12-23 22:50:03,122] {logging_mixin.py:115} INFO - [2022-12-23 22:50:03,122] {dagbag.py:507} INFO - Filling up the DagBag from /home/airflow/.local/lib/python3.7/site-packages/airflow/example_dags/example_branch_day_of_week_operator.py
[2022-12-23 22:50:03,129] {processor.py:651} INFO - DAG(s) dict_keys(['example_weekday_branch_operator']) retrieved from /home/airflow/.local/lib/python3.7/site-packages/airflow/example_dags/example_branch_day_of_week_operator.py
[2022-12-23 22:50:03,154] {logging_mixin.py:115} INFO - [2022-12-23 22:50:03,154] {dag.py:2371} INFO - Sync 1 DAGs
[2022-12-23 22:50:03,171] {logging_mixin.py:115} INFO - [2022-12-23 22:50:03,171] {dag.py:2919} INFO - Setting next_dagrun for example_weekday_branch_operator to 2022-12-22T00:00:00+00:00, run_after=2022-12-23T00:00:00+00:00
[2022-12-23 22:50:03,180] {processor.py:161} INFO - Processing /home/airflow/.local/lib/python3.7/site-packages/airflow/example_dags/example_branch_day_of_week_operator.py took 0.063 seconds
[2022-12-23 22:50:33,306] {processor.py:153} INFO - Started process (PID=3675) to work on /home/airflow/.local/lib/python3.7/site-packages/airflow/example_dags/example_branch_day_of_week_operator.py
[2022-12-23 22:50:33,308] {processor.py:641} INFO - Processing file /home/airflow/.local/lib/python3.7/site-packages/airflow/example_dags/example_branch_day_of_week_operator.py for tasks to queue
[2022-12-23 22:50:33,308] {logging_mixin.py:115} INFO - [2022-12-23 22:50:33,308] {dagbag.py:507} INFO - Filling up the DagBag from /home/airflow/.local/lib/python3.7/site-packages/airflow/example_dags/example_branch_day_of_week_operator.py
[2022-12-23 22:50:33,316] {processor.py:651} INFO - DAG(s) dict_keys(['example_weekday_branch_operator']) retrieved from /home/airflow/.local/lib/python3.7/site-packages/airflow/example_dags/example_branch_day_of_week_operator.py
[2022-12-23 22:50:33,348] {logging_mixin.py:115} INFO - [2022-12-23 22:50:33,348] {dag.py:2371} INFO - Sync 1 DAGs
[2022-12-23 22:50:33,370] {logging_mixin.py:115} INFO - [2022-12-23 22:50:33,370] {dag.py:2919} INFO - Setting next_dagrun for example_weekday_branch_operator to 2022-12-22T00:00:00+00:00, run_after=2022-12-23T00:00:00+00:00
[2022-12-23 22:50:33,381] {processor.py:161} INFO - Processing /home/airflow/.local/lib/python3.7/site-packages/airflow/example_dags/example_branch_day_of_week_operator.py took 0.078 seconds
[2022-12-23 22:51:03,769] {processor.py:153} INFO - Started process (PID=3878) to work on /home/airflow/.local/lib/python3.7/site-packages/airflow/example_dags/example_branch_day_of_week_operator.py
[2022-12-23 22:51:03,770] {processor.py:641} INFO - Processing file /home/airflow/.local/lib/python3.7/site-packages/airflow/example_dags/example_branch_day_of_week_operator.py for tasks to queue
[2022-12-23 22:51:03,771] {logging_mixin.py:115} INFO - [2022-12-23 22:51:03,770] {dagbag.py:507} INFO - Filling up the DagBag from /home/airflow/.local/lib/python3.7/site-packages/airflow/example_dags/example_branch_day_of_week_operator.py
[2022-12-23 22:51:03,778] {processor.py:651} INFO - DAG(s) dict_keys(['example_weekday_branch_operator']) retrieved from /home/airflow/.local/lib/python3.7/site-packages/airflow/example_dags/example_branch_day_of_week_operator.py
[2022-12-23 22:51:03,802] {logging_mixin.py:115} INFO - [2022-12-23 22:51:03,802] {dag.py:2371} INFO - Sync 1 DAGs
[2022-12-23 22:51:03,818] {logging_mixin.py:115} INFO - [2022-12-23 22:51:03,818] {dag.py:2919} INFO - Setting next_dagrun for example_weekday_branch_operator to 2022-12-22T00:00:00+00:00, run_after=2022-12-23T00:00:00+00:00
[2022-12-23 22:51:03,828] {processor.py:161} INFO - Processing /home/airflow/.local/lib/python3.7/site-packages/airflow/example_dags/example_branch_day_of_week_operator.py took 0.062 seconds
[2022-12-23 22:51:34,784] {processor.py:153} INFO - Started process (PID=4082) to work on /home/airflow/.local/lib/python3.7/site-packages/airflow/example_dags/example_branch_day_of_week_operator.py
[2022-12-23 22:51:34,785] {processor.py:641} INFO - Processing file /home/airflow/.local/lib/python3.7/site-packages/airflow/example_dags/example_branch_day_of_week_operator.py for tasks to queue
[2022-12-23 22:51:34,786] {logging_mixin.py:115} INFO - [2022-12-23 22:51:34,786] {dagbag.py:507} INFO - Filling up the DagBag from /home/airflow/.local/lib/python3.7/site-packages/airflow/example_dags/example_branch_day_of_week_operator.py
[2022-12-23 22:51:34,794] {processor.py:651} INFO - DAG(s) dict_keys(['example_weekday_branch_operator']) retrieved from /home/airflow/.local/lib/python3.7/site-packages/airflow/example_dags/example_branch_day_of_week_operator.py
[2022-12-23 22:51:34,819] {logging_mixin.py:115} INFO - [2022-12-23 22:51:34,819] {dag.py:2371} INFO - Sync 1 DAGs
[2022-12-23 22:51:34,845] {logging_mixin.py:115} INFO - [2022-12-23 22:51:34,845] {dag.py:2919} INFO - Setting next_dagrun for example_weekday_branch_operator to 2022-12-22T00:00:00+00:00, run_after=2022-12-23T00:00:00+00:00
[2022-12-23 22:51:34,854] {processor.py:161} INFO - Processing /home/airflow/.local/lib/python3.7/site-packages/airflow/example_dags/example_branch_day_of_week_operator.py took 0.074 seconds
[2022-12-23 22:52:04,939] {processor.py:153} INFO - Started process (PID=4278) to work on /home/airflow/.local/lib/python3.7/site-packages/airflow/example_dags/example_branch_day_of_week_operator.py
[2022-12-23 22:52:04,940] {processor.py:641} INFO - Processing file /home/airflow/.local/lib/python3.7/site-packages/airflow/example_dags/example_branch_day_of_week_operator.py for tasks to queue
[2022-12-23 22:52:04,941] {logging_mixin.py:115} INFO - [2022-12-23 22:52:04,941] {dagbag.py:507} INFO - Filling up the DagBag from /home/airflow/.local/lib/python3.7/site-packages/airflow/example_dags/example_branch_day_of_week_operator.py
[2022-12-23 22:52:04,947] {processor.py:651} INFO - DAG(s) dict_keys(['example_weekday_branch_operator']) retrieved from /home/airflow/.local/lib/python3.7/site-packages/airflow/example_dags/example_branch_day_of_week_operator.py
[2022-12-23 22:52:04,970] {logging_mixin.py:115} INFO - [2022-12-23 22:52:04,970] {dag.py:2371} INFO - Sync 1 DAGs
[2022-12-23 22:52:04,986] {logging_mixin.py:115} INFO - [2022-12-23 22:52:04,986] {dag.py:2919} INFO - Setting next_dagrun for example_weekday_branch_operator to 2022-12-22T00:00:00+00:00, run_after=2022-12-23T00:00:00+00:00
[2022-12-23 22:52:04,994] {processor.py:161} INFO - Processing /home/airflow/.local/lib/python3.7/site-packages/airflow/example_dags/example_branch_day_of_week_operator.py took 0.058 seconds
[2022-12-23 22:52:35,096] {processor.py:153} INFO - Started process (PID=4482) to work on /home/airflow/.local/lib/python3.7/site-packages/airflow/example_dags/example_branch_day_of_week_operator.py
[2022-12-23 22:52:35,097] {processor.py:641} INFO - Processing file /home/airflow/.local/lib/python3.7/site-packages/airflow/example_dags/example_branch_day_of_week_operator.py for tasks to queue
[2022-12-23 22:52:35,099] {logging_mixin.py:115} INFO - [2022-12-23 22:52:35,099] {dagbag.py:507} INFO - Filling up the DagBag from /home/airflow/.local/lib/python3.7/site-packages/airflow/example_dags/example_branch_day_of_week_operator.py
[2022-12-23 22:52:35,105] {processor.py:651} INFO - DAG(s) dict_keys(['example_weekday_branch_operator']) retrieved from /home/airflow/.local/lib/python3.7/site-packages/airflow/example_dags/example_branch_day_of_week_operator.py
[2022-12-23 22:52:35,130] {logging_mixin.py:115} INFO - [2022-12-23 22:52:35,129] {dag.py:2371} INFO - Sync 1 DAGs
[2022-12-23 22:52:35,147] {logging_mixin.py:115} INFO - [2022-12-23 22:52:35,147] {dag.py:2919} INFO - Setting next_dagrun for example_weekday_branch_operator to 2022-12-22T00:00:00+00:00, run_after=2022-12-23T00:00:00+00:00
[2022-12-23 22:52:35,155] {processor.py:161} INFO - Processing /home/airflow/.local/lib/python3.7/site-packages/airflow/example_dags/example_branch_day_of_week_operator.py took 0.063 seconds
[2022-12-23 22:53:05,787] {processor.py:153} INFO - Started process (PID=4697) to work on /home/airflow/.local/lib/python3.7/site-packages/airflow/example_dags/example_branch_day_of_week_operator.py
[2022-12-23 22:53:05,788] {processor.py:641} INFO - Processing file /home/airflow/.local/lib/python3.7/site-packages/airflow/example_dags/example_branch_day_of_week_operator.py for tasks to queue
[2022-12-23 22:53:05,789] {logging_mixin.py:115} INFO - [2022-12-23 22:53:05,789] {dagbag.py:507} INFO - Filling up the DagBag from /home/airflow/.local/lib/python3.7/site-packages/airflow/example_dags/example_branch_day_of_week_operator.py
[2022-12-23 22:53:05,796] {processor.py:651} INFO - DAG(s) dict_keys(['example_weekday_branch_operator']) retrieved from /home/airflow/.local/lib/python3.7/site-packages/airflow/example_dags/example_branch_day_of_week_operator.py
[2022-12-23 22:53:05,818] {logging_mixin.py:115} INFO - [2022-12-23 22:53:05,818] {dag.py:2371} INFO - Sync 1 DAGs
[2022-12-23 22:53:05,836] {logging_mixin.py:115} INFO - [2022-12-23 22:53:05,836] {dag.py:2919} INFO - Setting next_dagrun for example_weekday_branch_operator to 2022-12-22T00:00:00+00:00, run_after=2022-12-23T00:00:00+00:00
[2022-12-23 22:53:05,845] {processor.py:161} INFO - Processing /home/airflow/.local/lib/python3.7/site-packages/airflow/example_dags/example_branch_day_of_week_operator.py took 0.061 seconds
[2022-12-23 22:53:36,829] {processor.py:153} INFO - Started process (PID=4899) to work on /home/airflow/.local/lib/python3.7/site-packages/airflow/example_dags/example_branch_day_of_week_operator.py
[2022-12-23 22:53:36,831] {processor.py:641} INFO - Processing file /home/airflow/.local/lib/python3.7/site-packages/airflow/example_dags/example_branch_day_of_week_operator.py for tasks to queue
[2022-12-23 22:53:36,832] {logging_mixin.py:115} INFO - [2022-12-23 22:53:36,832] {dagbag.py:507} INFO - Filling up the DagBag from /home/airflow/.local/lib/python3.7/site-packages/airflow/example_dags/example_branch_day_of_week_operator.py
[2022-12-23 22:53:36,838] {processor.py:651} INFO - DAG(s) dict_keys(['example_weekday_branch_operator']) retrieved from /home/airflow/.local/lib/python3.7/site-packages/airflow/example_dags/example_branch_day_of_week_operator.py
[2022-12-23 22:53:36,877] {logging_mixin.py:115} INFO - [2022-12-23 22:53:36,877] {dag.py:2371} INFO - Sync 1 DAGs
[2022-12-23 22:53:36,894] {logging_mixin.py:115} INFO - [2022-12-23 22:53:36,894] {dag.py:2919} INFO - Setting next_dagrun for example_weekday_branch_operator to 2022-12-22T00:00:00+00:00, run_after=2022-12-23T00:00:00+00:00
[2022-12-23 22:53:36,903] {processor.py:161} INFO - Processing /home/airflow/.local/lib/python3.7/site-packages/airflow/example_dags/example_branch_day_of_week_operator.py took 0.078 seconds
[2022-12-23 22:54:07,260] {processor.py:153} INFO - Started process (PID=5093) to work on /home/airflow/.local/lib/python3.7/site-packages/airflow/example_dags/example_branch_day_of_week_operator.py
[2022-12-23 22:54:07,261] {processor.py:641} INFO - Processing file /home/airflow/.local/lib/python3.7/site-packages/airflow/example_dags/example_branch_day_of_week_operator.py for tasks to queue
[2022-12-23 22:54:07,262] {logging_mixin.py:115} INFO - [2022-12-23 22:54:07,262] {dagbag.py:507} INFO - Filling up the DagBag from /home/airflow/.local/lib/python3.7/site-packages/airflow/example_dags/example_branch_day_of_week_operator.py
[2022-12-23 22:54:07,268] {processor.py:651} INFO - DAG(s) dict_keys(['example_weekday_branch_operator']) retrieved from /home/airflow/.local/lib/python3.7/site-packages/airflow/example_dags/example_branch_day_of_week_operator.py
[2022-12-23 22:54:07,293] {logging_mixin.py:115} INFO - [2022-12-23 22:54:07,293] {dag.py:2371} INFO - Sync 1 DAGs
[2022-12-23 22:54:07,310] {logging_mixin.py:115} INFO - [2022-12-23 22:54:07,310] {dag.py:2919} INFO - Setting next_dagrun for example_weekday_branch_operator to 2022-12-22T00:00:00+00:00, run_after=2022-12-23T00:00:00+00:00
[2022-12-23 22:54:07,318] {processor.py:161} INFO - Processing /home/airflow/.local/lib/python3.7/site-packages/airflow/example_dags/example_branch_day_of_week_operator.py took 0.061 seconds
[2022-12-23 22:54:37,643] {processor.py:153} INFO - Started process (PID=5302) to work on /home/airflow/.local/lib/python3.7/site-packages/airflow/example_dags/example_branch_day_of_week_operator.py
[2022-12-23 22:54:37,645] {processor.py:641} INFO - Processing file /home/airflow/.local/lib/python3.7/site-packages/airflow/example_dags/example_branch_day_of_week_operator.py for tasks to queue
[2022-12-23 22:54:37,646] {logging_mixin.py:115} INFO - [2022-12-23 22:54:37,646] {dagbag.py:507} INFO - Filling up the DagBag from /home/airflow/.local/lib/python3.7/site-packages/airflow/example_dags/example_branch_day_of_week_operator.py
[2022-12-23 22:54:37,656] {processor.py:651} INFO - DAG(s) dict_keys(['example_weekday_branch_operator']) retrieved from /home/airflow/.local/lib/python3.7/site-packages/airflow/example_dags/example_branch_day_of_week_operator.py
[2022-12-23 22:54:37,682] {logging_mixin.py:115} INFO - [2022-12-23 22:54:37,682] {dag.py:2371} INFO - Sync 1 DAGs
[2022-12-23 22:54:37,701] {logging_mixin.py:115} INFO - [2022-12-23 22:54:37,700] {dag.py:2919} INFO - Setting next_dagrun for example_weekday_branch_operator to 2022-12-22T00:00:00+00:00, run_after=2022-12-23T00:00:00+00:00
[2022-12-23 22:54:37,709] {processor.py:161} INFO - Processing /home/airflow/.local/lib/python3.7/site-packages/airflow/example_dags/example_branch_day_of_week_operator.py took 0.068 seconds
[2022-12-23 22:55:07,906] {processor.py:153} INFO - Started process (PID=5507) to work on /home/airflow/.local/lib/python3.7/site-packages/airflow/example_dags/example_branch_day_of_week_operator.py
[2022-12-23 22:55:07,909] {processor.py:641} INFO - Processing file /home/airflow/.local/lib/python3.7/site-packages/airflow/example_dags/example_branch_day_of_week_operator.py for tasks to queue
[2022-12-23 22:55:07,911] {logging_mixin.py:115} INFO - [2022-12-23 22:55:07,911] {dagbag.py:507} INFO - Filling up the DagBag from /home/airflow/.local/lib/python3.7/site-packages/airflow/example_dags/example_branch_day_of_week_operator.py
[2022-12-23 22:55:07,926] {processor.py:651} INFO - DAG(s) dict_keys(['example_weekday_branch_operator']) retrieved from /home/airflow/.local/lib/python3.7/site-packages/airflow/example_dags/example_branch_day_of_week_operator.py
[2022-12-23 22:55:07,954] {logging_mixin.py:115} INFO - [2022-12-23 22:55:07,954] {dag.py:2371} INFO - Sync 1 DAGs
[2022-12-23 22:55:07,972] {logging_mixin.py:115} INFO - [2022-12-23 22:55:07,972] {dag.py:2919} INFO - Setting next_dagrun for example_weekday_branch_operator to 2022-12-22T00:00:00+00:00, run_after=2022-12-23T00:00:00+00:00
[2022-12-23 22:55:07,982] {processor.py:161} INFO - Processing /home/airflow/.local/lib/python3.7/site-packages/airflow/example_dags/example_branch_day_of_week_operator.py took 0.087 seconds
[2022-12-23 22:55:38,048] {processor.py:153} INFO - Started process (PID=5711) to work on /home/airflow/.local/lib/python3.7/site-packages/airflow/example_dags/example_branch_day_of_week_operator.py
[2022-12-23 22:55:38,049] {processor.py:641} INFO - Processing file /home/airflow/.local/lib/python3.7/site-packages/airflow/example_dags/example_branch_day_of_week_operator.py for tasks to queue
[2022-12-23 22:55:38,050] {logging_mixin.py:115} INFO - [2022-12-23 22:55:38,050] {dagbag.py:507} INFO - Filling up the DagBag from /home/airflow/.local/lib/python3.7/site-packages/airflow/example_dags/example_branch_day_of_week_operator.py
[2022-12-23 22:55:38,056] {processor.py:651} INFO - DAG(s) dict_keys(['example_weekday_branch_operator']) retrieved from /home/airflow/.local/lib/python3.7/site-packages/airflow/example_dags/example_branch_day_of_week_operator.py
[2022-12-23 22:55:38,080] {logging_mixin.py:115} INFO - [2022-12-23 22:55:38,080] {dag.py:2371} INFO - Sync 1 DAGs
[2022-12-23 22:55:38,096] {logging_mixin.py:115} INFO - [2022-12-23 22:55:38,096] {dag.py:2919} INFO - Setting next_dagrun for example_weekday_branch_operator to 2022-12-22T00:00:00+00:00, run_after=2022-12-23T00:00:00+00:00
[2022-12-23 22:55:38,106] {processor.py:161} INFO - Processing /home/airflow/.local/lib/python3.7/site-packages/airflow/example_dags/example_branch_day_of_week_operator.py took 0.061 seconds
[2022-12-23 22:56:08,469] {processor.py:153} INFO - Started process (PID=5910) to work on /home/airflow/.local/lib/python3.7/site-packages/airflow/example_dags/example_branch_day_of_week_operator.py
[2022-12-23 22:56:08,471] {processor.py:641} INFO - Processing file /home/airflow/.local/lib/python3.7/site-packages/airflow/example_dags/example_branch_day_of_week_operator.py for tasks to queue
[2022-12-23 22:56:08,472] {logging_mixin.py:115} INFO - [2022-12-23 22:56:08,471] {dagbag.py:507} INFO - Filling up the DagBag from /home/airflow/.local/lib/python3.7/site-packages/airflow/example_dags/example_branch_day_of_week_operator.py
[2022-12-23 22:56:08,478] {processor.py:651} INFO - DAG(s) dict_keys(['example_weekday_branch_operator']) retrieved from /home/airflow/.local/lib/python3.7/site-packages/airflow/example_dags/example_branch_day_of_week_operator.py
[2022-12-23 22:56:08,500] {logging_mixin.py:115} INFO - [2022-12-23 22:56:08,500] {dag.py:2371} INFO - Sync 1 DAGs
[2022-12-23 22:56:08,517] {logging_mixin.py:115} INFO - [2022-12-23 22:56:08,517] {dag.py:2919} INFO - Setting next_dagrun for example_weekday_branch_operator to 2022-12-22T00:00:00+00:00, run_after=2022-12-23T00:00:00+00:00
[2022-12-23 22:56:08,525] {processor.py:161} INFO - Processing /home/airflow/.local/lib/python3.7/site-packages/airflow/example_dags/example_branch_day_of_week_operator.py took 0.058 seconds
[2022-12-23 22:56:38,745] {processor.py:153} INFO - Started process (PID=6117) to work on /home/airflow/.local/lib/python3.7/site-packages/airflow/example_dags/example_branch_day_of_week_operator.py
[2022-12-23 22:56:38,746] {processor.py:641} INFO - Processing file /home/airflow/.local/lib/python3.7/site-packages/airflow/example_dags/example_branch_day_of_week_operator.py for tasks to queue
[2022-12-23 22:56:38,747] {logging_mixin.py:115} INFO - [2022-12-23 22:56:38,747] {dagbag.py:507} INFO - Filling up the DagBag from /home/airflow/.local/lib/python3.7/site-packages/airflow/example_dags/example_branch_day_of_week_operator.py
[2022-12-23 22:56:38,754] {processor.py:651} INFO - DAG(s) dict_keys(['example_weekday_branch_operator']) retrieved from /home/airflow/.local/lib/python3.7/site-packages/airflow/example_dags/example_branch_day_of_week_operator.py
[2022-12-23 22:56:38,779] {logging_mixin.py:115} INFO - [2022-12-23 22:56:38,779] {dag.py:2371} INFO - Sync 1 DAGs
[2022-12-23 22:56:38,798] {logging_mixin.py:115} INFO - [2022-12-23 22:56:38,798] {dag.py:2919} INFO - Setting next_dagrun for example_weekday_branch_operator to 2022-12-22T00:00:00+00:00, run_after=2022-12-23T00:00:00+00:00
[2022-12-23 22:56:38,806] {processor.py:161} INFO - Processing /home/airflow/.local/lib/python3.7/site-packages/airflow/example_dags/example_branch_day_of_week_operator.py took 0.064 seconds
[2022-12-23 22:57:09,070] {processor.py:153} INFO - Started process (PID=6319) to work on /home/airflow/.local/lib/python3.7/site-packages/airflow/example_dags/example_branch_day_of_week_operator.py
[2022-12-23 22:57:09,071] {processor.py:641} INFO - Processing file /home/airflow/.local/lib/python3.7/site-packages/airflow/example_dags/example_branch_day_of_week_operator.py for tasks to queue
[2022-12-23 22:57:09,072] {logging_mixin.py:115} INFO - [2022-12-23 22:57:09,072] {dagbag.py:507} INFO - Filling up the DagBag from /home/airflow/.local/lib/python3.7/site-packages/airflow/example_dags/example_branch_day_of_week_operator.py
[2022-12-23 22:57:09,078] {processor.py:651} INFO - DAG(s) dict_keys(['example_weekday_branch_operator']) retrieved from /home/airflow/.local/lib/python3.7/site-packages/airflow/example_dags/example_branch_day_of_week_operator.py
[2022-12-23 22:57:09,102] {logging_mixin.py:115} INFO - [2022-12-23 22:57:09,102] {dag.py:2371} INFO - Sync 1 DAGs
[2022-12-23 22:57:09,120] {logging_mixin.py:115} INFO - [2022-12-23 22:57:09,120] {dag.py:2919} INFO - Setting next_dagrun for example_weekday_branch_operator to 2022-12-22T00:00:00+00:00, run_after=2022-12-23T00:00:00+00:00
[2022-12-23 22:57:09,129] {processor.py:161} INFO - Processing /home/airflow/.local/lib/python3.7/site-packages/airflow/example_dags/example_branch_day_of_week_operator.py took 0.063 seconds
[2022-12-23 22:57:39,295] {processor.py:153} INFO - Started process (PID=6522) to work on /home/airflow/.local/lib/python3.7/site-packages/airflow/example_dags/example_branch_day_of_week_operator.py
[2022-12-23 22:57:39,296] {processor.py:641} INFO - Processing file /home/airflow/.local/lib/python3.7/site-packages/airflow/example_dags/example_branch_day_of_week_operator.py for tasks to queue
[2022-12-23 22:57:39,297] {logging_mixin.py:115} INFO - [2022-12-23 22:57:39,297] {dagbag.py:507} INFO - Filling up the DagBag from /home/airflow/.local/lib/python3.7/site-packages/airflow/example_dags/example_branch_day_of_week_operator.py
[2022-12-23 22:57:39,303] {processor.py:651} INFO - DAG(s) dict_keys(['example_weekday_branch_operator']) retrieved from /home/airflow/.local/lib/python3.7/site-packages/airflow/example_dags/example_branch_day_of_week_operator.py
[2022-12-23 22:57:39,327] {logging_mixin.py:115} INFO - [2022-12-23 22:57:39,327] {dag.py:2371} INFO - Sync 1 DAGs
[2022-12-23 22:57:39,344] {logging_mixin.py:115} INFO - [2022-12-23 22:57:39,344] {dag.py:2919} INFO - Setting next_dagrun for example_weekday_branch_operator to 2022-12-22T00:00:00+00:00, run_after=2022-12-23T00:00:00+00:00
[2022-12-23 22:57:39,353] {processor.py:161} INFO - Processing /home/airflow/.local/lib/python3.7/site-packages/airflow/example_dags/example_branch_day_of_week_operator.py took 0.061 seconds
[2022-12-23 22:58:09,832] {processor.py:153} INFO - Started process (PID=6719) to work on /home/airflow/.local/lib/python3.7/site-packages/airflow/example_dags/example_branch_day_of_week_operator.py
[2022-12-23 22:58:09,833] {processor.py:641} INFO - Processing file /home/airflow/.local/lib/python3.7/site-packages/airflow/example_dags/example_branch_day_of_week_operator.py for tasks to queue
[2022-12-23 22:58:09,835] {logging_mixin.py:115} INFO - [2022-12-23 22:58:09,834] {dagbag.py:507} INFO - Filling up the DagBag from /home/airflow/.local/lib/python3.7/site-packages/airflow/example_dags/example_branch_day_of_week_operator.py
[2022-12-23 22:58:09,841] {processor.py:651} INFO - DAG(s) dict_keys(['example_weekday_branch_operator']) retrieved from /home/airflow/.local/lib/python3.7/site-packages/airflow/example_dags/example_branch_day_of_week_operator.py
[2022-12-23 22:58:09,865] {logging_mixin.py:115} INFO - [2022-12-23 22:58:09,865] {dag.py:2371} INFO - Sync 1 DAGs
[2022-12-23 22:58:09,885] {logging_mixin.py:115} INFO - [2022-12-23 22:58:09,885] {dag.py:2919} INFO - Setting next_dagrun for example_weekday_branch_operator to 2022-12-22T00:00:00+00:00, run_after=2022-12-23T00:00:00+00:00
[2022-12-23 22:58:09,894] {processor.py:161} INFO - Processing /home/airflow/.local/lib/python3.7/site-packages/airflow/example_dags/example_branch_day_of_week_operator.py took 0.064 seconds
[2022-12-23 22:58:39,925] {processor.py:153} INFO - Started process (PID=6922) to work on /home/airflow/.local/lib/python3.7/site-packages/airflow/example_dags/example_branch_day_of_week_operator.py
[2022-12-23 22:58:39,926] {processor.py:641} INFO - Processing file /home/airflow/.local/lib/python3.7/site-packages/airflow/example_dags/example_branch_day_of_week_operator.py for tasks to queue
[2022-12-23 22:58:39,927] {logging_mixin.py:115} INFO - [2022-12-23 22:58:39,927] {dagbag.py:507} INFO - Filling up the DagBag from /home/airflow/.local/lib/python3.7/site-packages/airflow/example_dags/example_branch_day_of_week_operator.py
[2022-12-23 22:58:39,933] {processor.py:651} INFO - DAG(s) dict_keys(['example_weekday_branch_operator']) retrieved from /home/airflow/.local/lib/python3.7/site-packages/airflow/example_dags/example_branch_day_of_week_operator.py
[2022-12-23 22:58:39,958] {logging_mixin.py:115} INFO - [2022-12-23 22:58:39,958] {dag.py:2371} INFO - Sync 1 DAGs
[2022-12-23 22:58:39,975] {logging_mixin.py:115} INFO - [2022-12-23 22:58:39,975] {dag.py:2919} INFO - Setting next_dagrun for example_weekday_branch_operator to 2022-12-22T00:00:00+00:00, run_after=2022-12-23T00:00:00+00:00
[2022-12-23 22:58:39,983] {processor.py:161} INFO - Processing /home/airflow/.local/lib/python3.7/site-packages/airflow/example_dags/example_branch_day_of_week_operator.py took 0.061 seconds
[2022-12-23 22:59:10,058] {processor.py:153} INFO - Started process (PID=7123) to work on /home/airflow/.local/lib/python3.7/site-packages/airflow/example_dags/example_branch_day_of_week_operator.py
[2022-12-23 22:59:10,059] {processor.py:641} INFO - Processing file /home/airflow/.local/lib/python3.7/site-packages/airflow/example_dags/example_branch_day_of_week_operator.py for tasks to queue
[2022-12-23 22:59:10,060] {logging_mixin.py:115} INFO - [2022-12-23 22:59:10,060] {dagbag.py:507} INFO - Filling up the DagBag from /home/airflow/.local/lib/python3.7/site-packages/airflow/example_dags/example_branch_day_of_week_operator.py
[2022-12-23 22:59:10,066] {processor.py:651} INFO - DAG(s) dict_keys(['example_weekday_branch_operator']) retrieved from /home/airflow/.local/lib/python3.7/site-packages/airflow/example_dags/example_branch_day_of_week_operator.py
[2022-12-23 22:59:10,090] {logging_mixin.py:115} INFO - [2022-12-23 22:59:10,090] {dag.py:2371} INFO - Sync 1 DAGs
[2022-12-23 22:59:10,107] {logging_mixin.py:115} INFO - [2022-12-23 22:59:10,107] {dag.py:2919} INFO - Setting next_dagrun for example_weekday_branch_operator to 2022-12-22T00:00:00+00:00, run_after=2022-12-23T00:00:00+00:00
[2022-12-23 22:59:10,115] {processor.py:161} INFO - Processing /home/airflow/.local/lib/python3.7/site-packages/airflow/example_dags/example_branch_day_of_week_operator.py took 0.060 seconds
[2022-12-23 22:59:40,484] {processor.py:153} INFO - Started process (PID=7329) to work on /home/airflow/.local/lib/python3.7/site-packages/airflow/example_dags/example_branch_day_of_week_operator.py
[2022-12-23 22:59:40,485] {processor.py:641} INFO - Processing file /home/airflow/.local/lib/python3.7/site-packages/airflow/example_dags/example_branch_day_of_week_operator.py for tasks to queue
[2022-12-23 22:59:40,486] {logging_mixin.py:115} INFO - [2022-12-23 22:59:40,486] {dagbag.py:507} INFO - Filling up the DagBag from /home/airflow/.local/lib/python3.7/site-packages/airflow/example_dags/example_branch_day_of_week_operator.py
[2022-12-23 22:59:40,493] {processor.py:651} INFO - DAG(s) dict_keys(['example_weekday_branch_operator']) retrieved from /home/airflow/.local/lib/python3.7/site-packages/airflow/example_dags/example_branch_day_of_week_operator.py
[2022-12-23 22:59:40,518] {logging_mixin.py:115} INFO - [2022-12-23 22:59:40,517] {dag.py:2371} INFO - Sync 1 DAGs
[2022-12-23 22:59:40,533] {logging_mixin.py:115} INFO - [2022-12-23 22:59:40,533] {dag.py:2919} INFO - Setting next_dagrun for example_weekday_branch_operator to 2022-12-22T00:00:00+00:00, run_after=2022-12-23T00:00:00+00:00
[2022-12-23 22:59:40,542] {processor.py:161} INFO - Processing /home/airflow/.local/lib/python3.7/site-packages/airflow/example_dags/example_branch_day_of_week_operator.py took 0.061 seconds
[2022-12-23 23:00:10,608] {processor.py:153} INFO - Started process (PID=7524) to work on /home/airflow/.local/lib/python3.7/site-packages/airflow/example_dags/example_branch_day_of_week_operator.py
[2022-12-23 23:00:10,610] {processor.py:641} INFO - Processing file /home/airflow/.local/lib/python3.7/site-packages/airflow/example_dags/example_branch_day_of_week_operator.py for tasks to queue
[2022-12-23 23:00:10,611] {logging_mixin.py:115} INFO - [2022-12-23 23:00:10,611] {dagbag.py:507} INFO - Filling up the DagBag from /home/airflow/.local/lib/python3.7/site-packages/airflow/example_dags/example_branch_day_of_week_operator.py
[2022-12-23 23:00:10,617] {processor.py:651} INFO - DAG(s) dict_keys(['example_weekday_branch_operator']) retrieved from /home/airflow/.local/lib/python3.7/site-packages/airflow/example_dags/example_branch_day_of_week_operator.py
[2022-12-23 23:00:10,640] {logging_mixin.py:115} INFO - [2022-12-23 23:00:10,640] {dag.py:2371} INFO - Sync 1 DAGs
[2022-12-23 23:00:10,657] {logging_mixin.py:115} INFO - [2022-12-23 23:00:10,657] {dag.py:2919} INFO - Setting next_dagrun for example_weekday_branch_operator to 2022-12-22T00:00:00+00:00, run_after=2022-12-23T00:00:00+00:00
[2022-12-23 23:00:10,666] {processor.py:161} INFO - Processing /home/airflow/.local/lib/python3.7/site-packages/airflow/example_dags/example_branch_day_of_week_operator.py took 0.060 seconds
[2022-12-23 23:00:41,046] {processor.py:153} INFO - Started process (PID=7730) to work on /home/airflow/.local/lib/python3.7/site-packages/airflow/example_dags/example_branch_day_of_week_operator.py
[2022-12-23 23:00:41,047] {processor.py:641} INFO - Processing file /home/airflow/.local/lib/python3.7/site-packages/airflow/example_dags/example_branch_day_of_week_operator.py for tasks to queue
[2022-12-23 23:00:41,049] {logging_mixin.py:115} INFO - [2022-12-23 23:00:41,048] {dagbag.py:507} INFO - Filling up the DagBag from /home/airflow/.local/lib/python3.7/site-packages/airflow/example_dags/example_branch_day_of_week_operator.py
[2022-12-23 23:00:41,055] {processor.py:651} INFO - DAG(s) dict_keys(['example_weekday_branch_operator']) retrieved from /home/airflow/.local/lib/python3.7/site-packages/airflow/example_dags/example_branch_day_of_week_operator.py
[2022-12-23 23:00:41,079] {logging_mixin.py:115} INFO - [2022-12-23 23:00:41,079] {dag.py:2371} INFO - Sync 1 DAGs
[2022-12-23 23:00:41,099] {logging_mixin.py:115} INFO - [2022-12-23 23:00:41,099] {dag.py:2919} INFO - Setting next_dagrun for example_weekday_branch_operator to 2022-12-22T00:00:00+00:00, run_after=2022-12-23T00:00:00+00:00
[2022-12-23 23:00:41,108] {processor.py:161} INFO - Processing /home/airflow/.local/lib/python3.7/site-packages/airflow/example_dags/example_branch_day_of_week_operator.py took 0.065 seconds
[2022-12-23 23:01:11,208] {processor.py:153} INFO - Started process (PID=7931) to work on /home/airflow/.local/lib/python3.7/site-packages/airflow/example_dags/example_branch_day_of_week_operator.py
[2022-12-23 23:01:11,210] {processor.py:641} INFO - Processing file /home/airflow/.local/lib/python3.7/site-packages/airflow/example_dags/example_branch_day_of_week_operator.py for tasks to queue
[2022-12-23 23:01:11,211] {logging_mixin.py:115} INFO - [2022-12-23 23:01:11,211] {dagbag.py:507} INFO - Filling up the DagBag from /home/airflow/.local/lib/python3.7/site-packages/airflow/example_dags/example_branch_day_of_week_operator.py
[2022-12-23 23:01:11,223] {processor.py:651} INFO - DAG(s) dict_keys(['example_weekday_branch_operator']) retrieved from /home/airflow/.local/lib/python3.7/site-packages/airflow/example_dags/example_branch_day_of_week_operator.py
[2022-12-23 23:01:11,254] {logging_mixin.py:115} INFO - [2022-12-23 23:01:11,254] {dag.py:2371} INFO - Sync 1 DAGs
[2022-12-23 23:01:11,275] {logging_mixin.py:115} INFO - [2022-12-23 23:01:11,275] {dag.py:2919} INFO - Setting next_dagrun for example_weekday_branch_operator to 2022-12-22T00:00:00+00:00, run_after=2022-12-23T00:00:00+00:00
[2022-12-23 23:01:11,291] {processor.py:161} INFO - Processing /home/airflow/.local/lib/python3.7/site-packages/airflow/example_dags/example_branch_day_of_week_operator.py took 0.086 seconds
[2022-12-23 23:03:25,881] {processor.py:153} INFO - Started process (PID=60) to work on /home/airflow/.local/lib/python3.7/site-packages/airflow/example_dags/example_branch_day_of_week_operator.py
[2022-12-23 23:03:25,882] {processor.py:641} INFO - Processing file /home/airflow/.local/lib/python3.7/site-packages/airflow/example_dags/example_branch_day_of_week_operator.py for tasks to queue
[2022-12-23 23:03:25,884] {logging_mixin.py:115} INFO - [2022-12-23 23:03:25,883] {dagbag.py:507} INFO - Filling up the DagBag from /home/airflow/.local/lib/python3.7/site-packages/airflow/example_dags/example_branch_day_of_week_operator.py
[2022-12-23 23:03:25,904] {processor.py:651} INFO - DAG(s) dict_keys(['example_weekday_branch_operator']) retrieved from /home/airflow/.local/lib/python3.7/site-packages/airflow/example_dags/example_branch_day_of_week_operator.py
[2022-12-23 23:03:26,171] {logging_mixin.py:115} INFO - [2022-12-23 23:03:26,171] {manager.py:508} INFO - Created Permission View: can read on DAG:example_weekday_branch_operator
[2022-12-23 23:03:26,179] {logging_mixin.py:115} INFO - [2022-12-23 23:03:26,179] {manager.py:508} INFO - Created Permission View: can edit on DAG:example_weekday_branch_operator
[2022-12-23 23:03:26,185] {logging_mixin.py:115} INFO - [2022-12-23 23:03:26,185] {manager.py:508} INFO - Created Permission View: can delete on DAG:example_weekday_branch_operator
[2022-12-23 23:03:26,186] {logging_mixin.py:115} INFO - [2022-12-23 23:03:26,186] {dag.py:2371} INFO - Sync 1 DAGs
[2022-12-23 23:03:26,191] {logging_mixin.py:115} INFO - [2022-12-23 23:03:26,191] {dag.py:2390} INFO - Creating ORM DAG for example_weekday_branch_operator
[2022-12-23 23:03:26,201] {logging_mixin.py:115} INFO - [2022-12-23 23:03:26,201] {dag.py:2919} INFO - Setting next_dagrun for example_weekday_branch_operator to 2022-12-22T00:00:00+00:00, run_after=2022-12-23T00:00:00+00:00
[2022-12-23 23:03:26,215] {processor.py:161} INFO - Processing /home/airflow/.local/lib/python3.7/site-packages/airflow/example_dags/example_branch_day_of_week_operator.py took 0.337 seconds
[2022-12-23 23:03:56,529] {processor.py:153} INFO - Started process (PID=123) to work on /home/airflow/.local/lib/python3.7/site-packages/airflow/example_dags/example_branch_day_of_week_operator.py
[2022-12-23 23:03:56,530] {processor.py:641} INFO - Processing file /home/airflow/.local/lib/python3.7/site-packages/airflow/example_dags/example_branch_day_of_week_operator.py for tasks to queue
[2022-12-23 23:03:56,531] {logging_mixin.py:115} INFO - [2022-12-23 23:03:56,531] {dagbag.py:507} INFO - Filling up the DagBag from /home/airflow/.local/lib/python3.7/site-packages/airflow/example_dags/example_branch_day_of_week_operator.py
[2022-12-23 23:03:56,538] {processor.py:651} INFO - DAG(s) dict_keys(['example_weekday_branch_operator']) retrieved from /home/airflow/.local/lib/python3.7/site-packages/airflow/example_dags/example_branch_day_of_week_operator.py
[2022-12-23 23:03:56,571] {logging_mixin.py:115} INFO - [2022-12-23 23:03:56,571] {dag.py:2371} INFO - Sync 1 DAGs
[2022-12-23 23:03:56,591] {logging_mixin.py:115} INFO - [2022-12-23 23:03:56,591] {dag.py:2919} INFO - Setting next_dagrun for example_weekday_branch_operator to 2022-12-22T00:00:00+00:00, run_after=2022-12-23T00:00:00+00:00
[2022-12-23 23:03:56,706] {processor.py:161} INFO - Processing /home/airflow/.local/lib/python3.7/site-packages/airflow/example_dags/example_branch_day_of_week_operator.py took 0.180 seconds
[2022-12-23 23:04:26,967] {processor.py:153} INFO - Started process (PID=177) to work on /home/airflow/.local/lib/python3.7/site-packages/airflow/example_dags/example_branch_day_of_week_operator.py
[2022-12-23 23:04:26,968] {processor.py:641} INFO - Processing file /home/airflow/.local/lib/python3.7/site-packages/airflow/example_dags/example_branch_day_of_week_operator.py for tasks to queue
[2022-12-23 23:04:26,969] {logging_mixin.py:115} INFO - [2022-12-23 23:04:26,969] {dagbag.py:507} INFO - Filling up the DagBag from /home/airflow/.local/lib/python3.7/site-packages/airflow/example_dags/example_branch_day_of_week_operator.py
[2022-12-23 23:04:26,976] {processor.py:651} INFO - DAG(s) dict_keys(['example_weekday_branch_operator']) retrieved from /home/airflow/.local/lib/python3.7/site-packages/airflow/example_dags/example_branch_day_of_week_operator.py
[2022-12-23 23:04:27,001] {logging_mixin.py:115} INFO - [2022-12-23 23:04:27,001] {dag.py:2371} INFO - Sync 1 DAGs
[2022-12-23 23:04:27,020] {logging_mixin.py:115} INFO - [2022-12-23 23:04:27,020] {dag.py:2919} INFO - Setting next_dagrun for example_weekday_branch_operator to 2022-12-22T00:00:00+00:00, run_after=2022-12-23T00:00:00+00:00
[2022-12-23 23:04:27,130] {processor.py:161} INFO - Processing /home/airflow/.local/lib/python3.7/site-packages/airflow/example_dags/example_branch_day_of_week_operator.py took 0.166 seconds
[2022-12-23 23:04:57,295] {processor.py:153} INFO - Started process (PID=240) to work on /home/airflow/.local/lib/python3.7/site-packages/airflow/example_dags/example_branch_day_of_week_operator.py
[2022-12-23 23:04:57,296] {processor.py:641} INFO - Processing file /home/airflow/.local/lib/python3.7/site-packages/airflow/example_dags/example_branch_day_of_week_operator.py for tasks to queue
[2022-12-23 23:04:57,297] {logging_mixin.py:115} INFO - [2022-12-23 23:04:57,297] {dagbag.py:507} INFO - Filling up the DagBag from /home/airflow/.local/lib/python3.7/site-packages/airflow/example_dags/example_branch_day_of_week_operator.py
[2022-12-23 23:04:57,304] {processor.py:651} INFO - DAG(s) dict_keys(['example_weekday_branch_operator']) retrieved from /home/airflow/.local/lib/python3.7/site-packages/airflow/example_dags/example_branch_day_of_week_operator.py
[2022-12-23 23:04:57,327] {logging_mixin.py:115} INFO - [2022-12-23 23:04:57,327] {dag.py:2371} INFO - Sync 1 DAGs
[2022-12-23 23:04:57,346] {logging_mixin.py:115} INFO - [2022-12-23 23:04:57,346] {dag.py:2919} INFO - Setting next_dagrun for example_weekday_branch_operator to 2022-12-22T00:00:00+00:00, run_after=2022-12-23T00:00:00+00:00
[2022-12-23 23:04:57,454] {processor.py:161} INFO - Processing /home/airflow/.local/lib/python3.7/site-packages/airflow/example_dags/example_branch_day_of_week_operator.py took 0.162 seconds
[2022-12-23 23:05:27,578] {processor.py:153} INFO - Started process (PID=303) to work on /home/airflow/.local/lib/python3.7/site-packages/airflow/example_dags/example_branch_day_of_week_operator.py
[2022-12-23 23:05:27,580] {processor.py:641} INFO - Processing file /home/airflow/.local/lib/python3.7/site-packages/airflow/example_dags/example_branch_day_of_week_operator.py for tasks to queue
[2022-12-23 23:05:27,581] {logging_mixin.py:115} INFO - [2022-12-23 23:05:27,581] {dagbag.py:507} INFO - Filling up the DagBag from /home/airflow/.local/lib/python3.7/site-packages/airflow/example_dags/example_branch_day_of_week_operator.py
[2022-12-23 23:05:27,588] {processor.py:651} INFO - DAG(s) dict_keys(['example_weekday_branch_operator']) retrieved from /home/airflow/.local/lib/python3.7/site-packages/airflow/example_dags/example_branch_day_of_week_operator.py
[2022-12-23 23:05:27,611] {logging_mixin.py:115} INFO - [2022-12-23 23:05:27,611] {dag.py:2371} INFO - Sync 1 DAGs
[2022-12-23 23:05:27,630] {logging_mixin.py:115} INFO - [2022-12-23 23:05:27,629] {dag.py:2919} INFO - Setting next_dagrun for example_weekday_branch_operator to 2022-12-22T00:00:00+00:00, run_after=2022-12-23T00:00:00+00:00
[2022-12-23 23:05:27,737] {processor.py:161} INFO - Processing /home/airflow/.local/lib/python3.7/site-packages/airflow/example_dags/example_branch_day_of_week_operator.py took 0.162 seconds
[2022-12-23 23:05:58,085] {processor.py:153} INFO - Started process (PID=366) to work on /home/airflow/.local/lib/python3.7/site-packages/airflow/example_dags/example_branch_day_of_week_operator.py
[2022-12-23 23:05:58,086] {processor.py:641} INFO - Processing file /home/airflow/.local/lib/python3.7/site-packages/airflow/example_dags/example_branch_day_of_week_operator.py for tasks to queue
[2022-12-23 23:05:58,087] {logging_mixin.py:115} INFO - [2022-12-23 23:05:58,087] {dagbag.py:507} INFO - Filling up the DagBag from /home/airflow/.local/lib/python3.7/site-packages/airflow/example_dags/example_branch_day_of_week_operator.py
[2022-12-23 23:05:58,095] {processor.py:651} INFO - DAG(s) dict_keys(['example_weekday_branch_operator']) retrieved from /home/airflow/.local/lib/python3.7/site-packages/airflow/example_dags/example_branch_day_of_week_operator.py
[2022-12-23 23:05:58,123] {logging_mixin.py:115} INFO - [2022-12-23 23:05:58,122] {dag.py:2371} INFO - Sync 1 DAGs
[2022-12-23 23:05:58,142] {logging_mixin.py:115} INFO - [2022-12-23 23:05:58,142] {dag.py:2919} INFO - Setting next_dagrun for example_weekday_branch_operator to 2022-12-22T00:00:00+00:00, run_after=2022-12-23T00:00:00+00:00
[2022-12-23 23:05:58,253] {processor.py:161} INFO - Processing /home/airflow/.local/lib/python3.7/site-packages/airflow/example_dags/example_branch_day_of_week_operator.py took 0.171 seconds
[2022-12-23 23:06:28,487] {processor.py:153} INFO - Started process (PID=427) to work on /home/airflow/.local/lib/python3.7/site-packages/airflow/example_dags/example_branch_day_of_week_operator.py
[2022-12-23 23:06:28,488] {processor.py:641} INFO - Processing file /home/airflow/.local/lib/python3.7/site-packages/airflow/example_dags/example_branch_day_of_week_operator.py for tasks to queue
[2022-12-23 23:06:28,489] {logging_mixin.py:115} INFO - [2022-12-23 23:06:28,489] {dagbag.py:507} INFO - Filling up the DagBag from /home/airflow/.local/lib/python3.7/site-packages/airflow/example_dags/example_branch_day_of_week_operator.py
[2022-12-23 23:06:28,497] {processor.py:651} INFO - DAG(s) dict_keys(['example_weekday_branch_operator']) retrieved from /home/airflow/.local/lib/python3.7/site-packages/airflow/example_dags/example_branch_day_of_week_operator.py
[2022-12-23 23:06:28,521] {logging_mixin.py:115} INFO - [2022-12-23 23:06:28,521] {dag.py:2371} INFO - Sync 1 DAGs
[2022-12-23 23:06:28,541] {logging_mixin.py:115} INFO - [2022-12-23 23:06:28,541] {dag.py:2919} INFO - Setting next_dagrun for example_weekday_branch_operator to 2022-12-22T00:00:00+00:00, run_after=2022-12-23T00:00:00+00:00
[2022-12-23 23:06:28,651] {processor.py:161} INFO - Processing /home/airflow/.local/lib/python3.7/site-packages/airflow/example_dags/example_branch_day_of_week_operator.py took 0.167 seconds
[2022-12-23 23:06:59,050] {processor.py:153} INFO - Started process (PID=483) to work on /home/airflow/.local/lib/python3.7/site-packages/airflow/example_dags/example_branch_day_of_week_operator.py
[2022-12-23 23:06:59,051] {processor.py:641} INFO - Processing file /home/airflow/.local/lib/python3.7/site-packages/airflow/example_dags/example_branch_day_of_week_operator.py for tasks to queue
[2022-12-23 23:06:59,052] {logging_mixin.py:115} INFO - [2022-12-23 23:06:59,052] {dagbag.py:507} INFO - Filling up the DagBag from /home/airflow/.local/lib/python3.7/site-packages/airflow/example_dags/example_branch_day_of_week_operator.py
[2022-12-23 23:06:59,059] {processor.py:651} INFO - DAG(s) dict_keys(['example_weekday_branch_operator']) retrieved from /home/airflow/.local/lib/python3.7/site-packages/airflow/example_dags/example_branch_day_of_week_operator.py
[2022-12-23 23:06:59,084] {logging_mixin.py:115} INFO - [2022-12-23 23:06:59,084] {dag.py:2371} INFO - Sync 1 DAGs
[2022-12-23 23:06:59,103] {logging_mixin.py:115} INFO - [2022-12-23 23:06:59,103] {dag.py:2919} INFO - Setting next_dagrun for example_weekday_branch_operator to 2022-12-22T00:00:00+00:00, run_after=2022-12-23T00:00:00+00:00
[2022-12-23 23:06:59,210] {processor.py:161} INFO - Processing /home/airflow/.local/lib/python3.7/site-packages/airflow/example_dags/example_branch_day_of_week_operator.py took 0.163 seconds
[2022-12-23 23:07:29,509] {processor.py:153} INFO - Started process (PID=546) to work on /home/airflow/.local/lib/python3.7/site-packages/airflow/example_dags/example_branch_day_of_week_operator.py
[2022-12-23 23:07:29,510] {processor.py:641} INFO - Processing file /home/airflow/.local/lib/python3.7/site-packages/airflow/example_dags/example_branch_day_of_week_operator.py for tasks to queue
[2022-12-23 23:07:29,512] {logging_mixin.py:115} INFO - [2022-12-23 23:07:29,512] {dagbag.py:507} INFO - Filling up the DagBag from /home/airflow/.local/lib/python3.7/site-packages/airflow/example_dags/example_branch_day_of_week_operator.py
[2022-12-23 23:07:29,521] {processor.py:651} INFO - DAG(s) dict_keys(['example_weekday_branch_operator']) retrieved from /home/airflow/.local/lib/python3.7/site-packages/airflow/example_dags/example_branch_day_of_week_operator.py
[2022-12-23 23:07:29,563] {logging_mixin.py:115} INFO - [2022-12-23 23:07:29,562] {dag.py:2371} INFO - Sync 1 DAGs
[2022-12-23 23:07:29,591] {logging_mixin.py:115} INFO - [2022-12-23 23:07:29,591] {dag.py:2919} INFO - Setting next_dagrun for example_weekday_branch_operator to 2022-12-22T00:00:00+00:00, run_after=2022-12-23T00:00:00+00:00
[2022-12-23 23:07:29,715] {processor.py:161} INFO - Processing /home/airflow/.local/lib/python3.7/site-packages/airflow/example_dags/example_branch_day_of_week_operator.py took 0.210 seconds
[2022-12-23 23:07:59,830] {processor.py:153} INFO - Started process (PID=609) to work on /home/airflow/.local/lib/python3.7/site-packages/airflow/example_dags/example_branch_day_of_week_operator.py
[2022-12-23 23:07:59,831] {processor.py:641} INFO - Processing file /home/airflow/.local/lib/python3.7/site-packages/airflow/example_dags/example_branch_day_of_week_operator.py for tasks to queue
[2022-12-23 23:07:59,832] {logging_mixin.py:115} INFO - [2022-12-23 23:07:59,832] {dagbag.py:507} INFO - Filling up the DagBag from /home/airflow/.local/lib/python3.7/site-packages/airflow/example_dags/example_branch_day_of_week_operator.py
[2022-12-23 23:07:59,839] {processor.py:651} INFO - DAG(s) dict_keys(['example_weekday_branch_operator']) retrieved from /home/airflow/.local/lib/python3.7/site-packages/airflow/example_dags/example_branch_day_of_week_operator.py
[2022-12-23 23:07:59,864] {logging_mixin.py:115} INFO - [2022-12-23 23:07:59,864] {dag.py:2371} INFO - Sync 1 DAGs
[2022-12-23 23:07:59,882] {logging_mixin.py:115} INFO - [2022-12-23 23:07:59,882] {dag.py:2919} INFO - Setting next_dagrun for example_weekday_branch_operator to 2022-12-22T00:00:00+00:00, run_after=2022-12-23T00:00:00+00:00
[2022-12-23 23:07:59,988] {processor.py:161} INFO - Processing /home/airflow/.local/lib/python3.7/site-packages/airflow/example_dags/example_branch_day_of_week_operator.py took 0.167 seconds
[2022-12-23 23:08:30,209] {processor.py:153} INFO - Started process (PID=673) to work on /home/airflow/.local/lib/python3.7/site-packages/airflow/example_dags/example_branch_day_of_week_operator.py
[2022-12-23 23:08:30,210] {processor.py:641} INFO - Processing file /home/airflow/.local/lib/python3.7/site-packages/airflow/example_dags/example_branch_day_of_week_operator.py for tasks to queue
[2022-12-23 23:08:30,211] {logging_mixin.py:115} INFO - [2022-12-23 23:08:30,211] {dagbag.py:507} INFO - Filling up the DagBag from /home/airflow/.local/lib/python3.7/site-packages/airflow/example_dags/example_branch_day_of_week_operator.py
[2022-12-23 23:08:30,218] {processor.py:651} INFO - DAG(s) dict_keys(['example_weekday_branch_operator']) retrieved from /home/airflow/.local/lib/python3.7/site-packages/airflow/example_dags/example_branch_day_of_week_operator.py
[2022-12-23 23:08:30,242] {logging_mixin.py:115} INFO - [2022-12-23 23:08:30,241] {dag.py:2371} INFO - Sync 1 DAGs
[2022-12-23 23:08:30,369] {logging_mixin.py:115} INFO - [2022-12-23 23:08:30,369] {dag.py:2919} INFO - Setting next_dagrun for example_weekday_branch_operator to 2022-12-22T00:00:00+00:00, run_after=2022-12-23T00:00:00+00:00
[2022-12-23 23:08:30,379] {processor.py:161} INFO - Processing /home/airflow/.local/lib/python3.7/site-packages/airflow/example_dags/example_branch_day_of_week_operator.py took 0.173 seconds
