[2022-12-23T00:00:06.306+0000] {processor.py:153} INFO - Started process (PID=3231) to work on /home/airflow/.local/lib/python3.7/site-packages/airflow/example_dags/example_branch_labels.py
[2022-12-23T00:00:06.307+0000] {processor.py:743} INFO - Processing file /home/airflow/.local/lib/python3.7/site-packages/airflow/example_dags/example_branch_labels.py for tasks to queue
[2022-12-23T00:00:06.308+0000] {logging_mixin.py:137} INFO - [2022-12-23T00:00:06.308+0000] {dagbag.py:538} INFO - Filling up the DagBag from /home/airflow/.local/lib/python3.7/site-packages/airflow/example_dags/example_branch_labels.py
[2022-12-23T00:00:06.321+0000] {processor.py:753} INFO - DAG(s) dict_keys(['example_branch_labels']) retrieved from /home/airflow/.local/lib/python3.7/site-packages/airflow/example_dags/example_branch_labels.py
[2022-12-23T00:00:06.354+0000] {logging_mixin.py:137} INFO - [2022-12-23T00:00:06.354+0000] {dag.py:2676} INFO - Sync 1 DAGs
[2022-12-23T00:00:06.374+0000] {logging_mixin.py:137} INFO - [2022-12-23T00:00:06.374+0000] {dag.py:3427} INFO - Setting next_dagrun for example_branch_labels to 2022-12-22T00:00:00+00:00, run_after=2022-12-23T00:00:00+00:00
[2022-12-23T00:00:06.389+0000] {processor.py:175} INFO - Processing /home/airflow/.local/lib/python3.7/site-packages/airflow/example_dags/example_branch_labels.py took 0.087 seconds
[2022-12-23T00:00:36.951+0000] {processor.py:153} INFO - Started process (PID=3445) to work on /home/airflow/.local/lib/python3.7/site-packages/airflow/example_dags/example_branch_labels.py
[2022-12-23T00:00:36.952+0000] {processor.py:743} INFO - Processing file /home/airflow/.local/lib/python3.7/site-packages/airflow/example_dags/example_branch_labels.py for tasks to queue
[2022-12-23T00:00:36.953+0000] {logging_mixin.py:137} INFO - [2022-12-23T00:00:36.953+0000] {dagbag.py:538} INFO - Filling up the DagBag from /home/airflow/.local/lib/python3.7/site-packages/airflow/example_dags/example_branch_labels.py
[2022-12-23T00:00:36.966+0000] {processor.py:753} INFO - DAG(s) dict_keys(['example_branch_labels']) retrieved from /home/airflow/.local/lib/python3.7/site-packages/airflow/example_dags/example_branch_labels.py
[2022-12-23T00:00:36.998+0000] {logging_mixin.py:137} INFO - [2022-12-23T00:00:36.998+0000] {dag.py:2676} INFO - Sync 1 DAGs
[2022-12-23T00:00:37.018+0000] {logging_mixin.py:137} INFO - [2022-12-23T00:00:37.018+0000] {dag.py:3427} INFO - Setting next_dagrun for example_branch_labels to 2022-12-22T00:00:00+00:00, run_after=2022-12-23T00:00:00+00:00
[2022-12-23T00:00:37.033+0000] {processor.py:175} INFO - Processing /home/airflow/.local/lib/python3.7/site-packages/airflow/example_dags/example_branch_labels.py took 0.085 seconds
[2022-12-23T00:01:07.650+0000] {processor.py:153} INFO - Started process (PID=3671) to work on /home/airflow/.local/lib/python3.7/site-packages/airflow/example_dags/example_branch_labels.py
[2022-12-23T00:01:07.651+0000] {processor.py:743} INFO - Processing file /home/airflow/.local/lib/python3.7/site-packages/airflow/example_dags/example_branch_labels.py for tasks to queue
[2022-12-23T00:01:07.652+0000] {logging_mixin.py:137} INFO - [2022-12-23T00:01:07.652+0000] {dagbag.py:538} INFO - Filling up the DagBag from /home/airflow/.local/lib/python3.7/site-packages/airflow/example_dags/example_branch_labels.py
[2022-12-23T00:01:07.665+0000] {processor.py:753} INFO - DAG(s) dict_keys(['example_branch_labels']) retrieved from /home/airflow/.local/lib/python3.7/site-packages/airflow/example_dags/example_branch_labels.py
[2022-12-23T00:01:07.696+0000] {logging_mixin.py:137} INFO - [2022-12-23T00:01:07.696+0000] {dag.py:2676} INFO - Sync 1 DAGs
[2022-12-23T00:01:07.716+0000] {logging_mixin.py:137} INFO - [2022-12-23T00:01:07.716+0000] {dag.py:3427} INFO - Setting next_dagrun for example_branch_labels to 2022-12-22T00:00:00+00:00, run_after=2022-12-23T00:00:00+00:00
[2022-12-23T00:01:07.730+0000] {processor.py:175} INFO - Processing /home/airflow/.local/lib/python3.7/site-packages/airflow/example_dags/example_branch_labels.py took 0.083 seconds
[2022-12-23T00:03:14.460+0000] {processor.py:153} INFO - Started process (PID=338) to work on /home/airflow/.local/lib/python3.7/site-packages/airflow/example_dags/example_branch_labels.py
[2022-12-23T00:03:14.462+0000] {processor.py:743} INFO - Processing file /home/airflow/.local/lib/python3.7/site-packages/airflow/example_dags/example_branch_labels.py for tasks to queue
[2022-12-23T00:03:14.463+0000] {logging_mixin.py:137} INFO - [2022-12-23T00:03:14.463+0000] {dagbag.py:538} INFO - Filling up the DagBag from /home/airflow/.local/lib/python3.7/site-packages/airflow/example_dags/example_branch_labels.py
[2022-12-23T00:03:14.481+0000] {processor.py:753} INFO - DAG(s) dict_keys(['example_branch_labels']) retrieved from /home/airflow/.local/lib/python3.7/site-packages/airflow/example_dags/example_branch_labels.py
[2022-12-23T00:03:14.514+0000] {logging_mixin.py:137} INFO - [2022-12-23T00:03:14.514+0000] {dag.py:2676} INFO - Sync 1 DAGs
[2022-12-23T00:03:14.537+0000] {logging_mixin.py:137} INFO - [2022-12-23T00:03:14.537+0000] {dag.py:3427} INFO - Setting next_dagrun for example_branch_labels to 2022-12-22T00:00:00+00:00, run_after=2022-12-23T00:00:00+00:00
[2022-12-23T00:03:14.550+0000] {processor.py:175} INFO - Processing /home/airflow/.local/lib/python3.7/site-packages/airflow/example_dags/example_branch_labels.py took 0.093 seconds
[2022-12-23T00:03:45.407+0000] {processor.py:153} INFO - Started process (PID=564) to work on /home/airflow/.local/lib/python3.7/site-packages/airflow/example_dags/example_branch_labels.py
[2022-12-23T00:03:45.409+0000] {processor.py:743} INFO - Processing file /home/airflow/.local/lib/python3.7/site-packages/airflow/example_dags/example_branch_labels.py for tasks to queue
[2022-12-23T00:03:45.410+0000] {logging_mixin.py:137} INFO - [2022-12-23T00:03:45.410+0000] {dagbag.py:538} INFO - Filling up the DagBag from /home/airflow/.local/lib/python3.7/site-packages/airflow/example_dags/example_branch_labels.py
[2022-12-23T00:03:45.423+0000] {processor.py:753} INFO - DAG(s) dict_keys(['example_branch_labels']) retrieved from /home/airflow/.local/lib/python3.7/site-packages/airflow/example_dags/example_branch_labels.py
[2022-12-23T00:03:45.455+0000] {logging_mixin.py:137} INFO - [2022-12-23T00:03:45.455+0000] {dag.py:2676} INFO - Sync 1 DAGs
[2022-12-23T00:03:45.477+0000] {logging_mixin.py:137} INFO - [2022-12-23T00:03:45.477+0000] {dag.py:3427} INFO - Setting next_dagrun for example_branch_labels to 2022-12-22T00:00:00+00:00, run_after=2022-12-23T00:00:00+00:00
[2022-12-23T00:03:45.493+0000] {processor.py:175} INFO - Processing /home/airflow/.local/lib/python3.7/site-packages/airflow/example_dags/example_branch_labels.py took 0.090 seconds
[2022-12-23T00:04:16.871+0000] {processor.py:153} INFO - Started process (PID=790) to work on /home/airflow/.local/lib/python3.7/site-packages/airflow/example_dags/example_branch_labels.py
[2022-12-23T00:04:16.873+0000] {processor.py:743} INFO - Processing file /home/airflow/.local/lib/python3.7/site-packages/airflow/example_dags/example_branch_labels.py for tasks to queue
[2022-12-23T00:04:16.874+0000] {logging_mixin.py:137} INFO - [2022-12-23T00:04:16.874+0000] {dagbag.py:538} INFO - Filling up the DagBag from /home/airflow/.local/lib/python3.7/site-packages/airflow/example_dags/example_branch_labels.py
[2022-12-23T00:04:16.887+0000] {processor.py:753} INFO - DAG(s) dict_keys(['example_branch_labels']) retrieved from /home/airflow/.local/lib/python3.7/site-packages/airflow/example_dags/example_branch_labels.py
[2022-12-23T00:04:16.922+0000] {logging_mixin.py:137} INFO - [2022-12-23T00:04:16.921+0000] {dag.py:2676} INFO - Sync 1 DAGs
[2022-12-23T00:04:16.944+0000] {logging_mixin.py:137} INFO - [2022-12-23T00:04:16.944+0000] {dag.py:3427} INFO - Setting next_dagrun for example_branch_labels to 2022-12-22T00:00:00+00:00, run_after=2022-12-23T00:00:00+00:00
[2022-12-23T00:04:16.959+0000] {processor.py:175} INFO - Processing /home/airflow/.local/lib/python3.7/site-packages/airflow/example_dags/example_branch_labels.py took 0.090 seconds
[2022-12-23T00:04:47.713+0000] {processor.py:153} INFO - Started process (PID=1004) to work on /home/airflow/.local/lib/python3.7/site-packages/airflow/example_dags/example_branch_labels.py
[2022-12-23T00:04:47.715+0000] {processor.py:743} INFO - Processing file /home/airflow/.local/lib/python3.7/site-packages/airflow/example_dags/example_branch_labels.py for tasks to queue
[2022-12-23T00:04:47.716+0000] {logging_mixin.py:137} INFO - [2022-12-23T00:04:47.716+0000] {dagbag.py:538} INFO - Filling up the DagBag from /home/airflow/.local/lib/python3.7/site-packages/airflow/example_dags/example_branch_labels.py
[2022-12-23T00:04:47.728+0000] {processor.py:753} INFO - DAG(s) dict_keys(['example_branch_labels']) retrieved from /home/airflow/.local/lib/python3.7/site-packages/airflow/example_dags/example_branch_labels.py
[2022-12-23T00:04:47.761+0000] {logging_mixin.py:137} INFO - [2022-12-23T00:04:47.761+0000] {dag.py:2676} INFO - Sync 1 DAGs
[2022-12-23T00:04:47.780+0000] {logging_mixin.py:137} INFO - [2022-12-23T00:04:47.780+0000] {dag.py:3427} INFO - Setting next_dagrun for example_branch_labels to 2022-12-22T00:00:00+00:00, run_after=2022-12-23T00:00:00+00:00
[2022-12-23T00:04:47.795+0000] {processor.py:175} INFO - Processing /home/airflow/.local/lib/python3.7/site-packages/airflow/example_dags/example_branch_labels.py took 0.085 seconds
[2022-12-23T00:05:18.594+0000] {processor.py:153} INFO - Started process (PID=1231) to work on /home/airflow/.local/lib/python3.7/site-packages/airflow/example_dags/example_branch_labels.py
[2022-12-23T00:05:18.595+0000] {processor.py:743} INFO - Processing file /home/airflow/.local/lib/python3.7/site-packages/airflow/example_dags/example_branch_labels.py for tasks to queue
[2022-12-23T00:05:18.596+0000] {logging_mixin.py:137} INFO - [2022-12-23T00:05:18.596+0000] {dagbag.py:538} INFO - Filling up the DagBag from /home/airflow/.local/lib/python3.7/site-packages/airflow/example_dags/example_branch_labels.py
[2022-12-23T00:05:18.608+0000] {processor.py:753} INFO - DAG(s) dict_keys(['example_branch_labels']) retrieved from /home/airflow/.local/lib/python3.7/site-packages/airflow/example_dags/example_branch_labels.py
[2022-12-23T00:05:18.640+0000] {logging_mixin.py:137} INFO - [2022-12-23T00:05:18.640+0000] {dag.py:2676} INFO - Sync 1 DAGs
[2022-12-23T00:05:18.661+0000] {logging_mixin.py:137} INFO - [2022-12-23T00:05:18.661+0000] {dag.py:3427} INFO - Setting next_dagrun for example_branch_labels to 2022-12-22T00:00:00+00:00, run_after=2022-12-23T00:00:00+00:00
[2022-12-23T00:05:18.675+0000] {processor.py:175} INFO - Processing /home/airflow/.local/lib/python3.7/site-packages/airflow/example_dags/example_branch_labels.py took 0.084 seconds
[2022-12-23 22:41:57,537] {processor.py:153} INFO - Started process (PID=334) to work on /home/airflow/.local/lib/python3.7/site-packages/airflow/example_dags/example_branch_labels.py
[2022-12-23 22:41:57,538] {processor.py:641} INFO - Processing file /home/airflow/.local/lib/python3.7/site-packages/airflow/example_dags/example_branch_labels.py for tasks to queue
[2022-12-23 22:41:57,539] {logging_mixin.py:115} INFO - [2022-12-23 22:41:57,539] {dagbag.py:507} INFO - Filling up the DagBag from /home/airflow/.local/lib/python3.7/site-packages/airflow/example_dags/example_branch_labels.py
[2022-12-23 22:41:57,546] {processor.py:651} INFO - DAG(s) dict_keys(['example_branch_labels']) retrieved from /home/airflow/.local/lib/python3.7/site-packages/airflow/example_dags/example_branch_labels.py
[2022-12-23 22:41:57,717] {logging_mixin.py:115} INFO - [2022-12-23 22:41:57,717] {manager.py:508} INFO - Created Permission View: can delete on DAG:example_branch_labels
[2022-12-23 22:41:57,731] {logging_mixin.py:115} INFO - [2022-12-23 22:41:57,731] {manager.py:508} INFO - Created Permission View: can edit on DAG:example_branch_labels
[2022-12-23 22:41:57,772] {logging_mixin.py:115} INFO - [2022-12-23 22:41:57,771] {manager.py:508} INFO - Created Permission View: can read on DAG:example_branch_labels
[2022-12-23 22:41:57,774] {logging_mixin.py:115} INFO - [2022-12-23 22:41:57,773] {dag.py:2371} INFO - Sync 1 DAGs
[2022-12-23 22:41:57,784] {logging_mixin.py:115} INFO - [2022-12-23 22:41:57,784] {dag.py:2390} INFO - Creating ORM DAG for example_branch_labels
[2022-12-23 22:41:57,805] {logging_mixin.py:115} INFO - [2022-12-23 22:41:57,805] {dag.py:2919} INFO - Setting next_dagrun for example_branch_labels to 2022-12-22T00:00:00+00:00, run_after=2022-12-23T00:00:00+00:00
[2022-12-23 22:41:57,817] {processor.py:161} INFO - Processing /home/airflow/.local/lib/python3.7/site-packages/airflow/example_dags/example_branch_labels.py took 0.287 seconds
[2022-12-23 22:42:28,595] {processor.py:153} INFO - Started process (PID=536) to work on /home/airflow/.local/lib/python3.7/site-packages/airflow/example_dags/example_branch_labels.py
[2022-12-23 22:42:28,597] {processor.py:641} INFO - Processing file /home/airflow/.local/lib/python3.7/site-packages/airflow/example_dags/example_branch_labels.py for tasks to queue
[2022-12-23 22:42:28,598] {logging_mixin.py:115} INFO - [2022-12-23 22:42:28,598] {dagbag.py:507} INFO - Filling up the DagBag from /home/airflow/.local/lib/python3.7/site-packages/airflow/example_dags/example_branch_labels.py
[2022-12-23 22:42:28,606] {processor.py:651} INFO - DAG(s) dict_keys(['example_branch_labels']) retrieved from /home/airflow/.local/lib/python3.7/site-packages/airflow/example_dags/example_branch_labels.py
[2022-12-23 22:42:28,641] {logging_mixin.py:115} INFO - [2022-12-23 22:42:28,641] {dag.py:2371} INFO - Sync 1 DAGs
[2022-12-23 22:42:28,656] {logging_mixin.py:115} INFO - [2022-12-23 22:42:28,656] {dag.py:2919} INFO - Setting next_dagrun for example_branch_labels to 2022-12-22T00:00:00+00:00, run_after=2022-12-23T00:00:00+00:00
[2022-12-23 22:42:28,665] {processor.py:161} INFO - Processing /home/airflow/.local/lib/python3.7/site-packages/airflow/example_dags/example_branch_labels.py took 0.073 seconds
[2022-12-23 22:42:58,781] {processor.py:153} INFO - Started process (PID=730) to work on /home/airflow/.local/lib/python3.7/site-packages/airflow/example_dags/example_branch_labels.py
[2022-12-23 22:42:58,782] {processor.py:641} INFO - Processing file /home/airflow/.local/lib/python3.7/site-packages/airflow/example_dags/example_branch_labels.py for tasks to queue
[2022-12-23 22:42:58,783] {logging_mixin.py:115} INFO - [2022-12-23 22:42:58,783] {dagbag.py:507} INFO - Filling up the DagBag from /home/airflow/.local/lib/python3.7/site-packages/airflow/example_dags/example_branch_labels.py
[2022-12-23 22:42:58,792] {processor.py:651} INFO - DAG(s) dict_keys(['example_branch_labels']) retrieved from /home/airflow/.local/lib/python3.7/site-packages/airflow/example_dags/example_branch_labels.py
[2022-12-23 22:42:58,825] {logging_mixin.py:115} INFO - [2022-12-23 22:42:58,825] {dag.py:2371} INFO - Sync 1 DAGs
[2022-12-23 22:42:58,846] {logging_mixin.py:115} INFO - [2022-12-23 22:42:58,846] {dag.py:2919} INFO - Setting next_dagrun for example_branch_labels to 2022-12-22T00:00:00+00:00, run_after=2022-12-23T00:00:00+00:00
[2022-12-23 22:42:58,861] {processor.py:161} INFO - Processing /home/airflow/.local/lib/python3.7/site-packages/airflow/example_dags/example_branch_labels.py took 0.085 seconds
[2022-12-23 22:43:28,905] {processor.py:153} INFO - Started process (PID=934) to work on /home/airflow/.local/lib/python3.7/site-packages/airflow/example_dags/example_branch_labels.py
[2022-12-23 22:43:28,906] {processor.py:641} INFO - Processing file /home/airflow/.local/lib/python3.7/site-packages/airflow/example_dags/example_branch_labels.py for tasks to queue
[2022-12-23 22:43:28,907] {logging_mixin.py:115} INFO - [2022-12-23 22:43:28,907] {dagbag.py:507} INFO - Filling up the DagBag from /home/airflow/.local/lib/python3.7/site-packages/airflow/example_dags/example_branch_labels.py
[2022-12-23 22:43:28,914] {processor.py:651} INFO - DAG(s) dict_keys(['example_branch_labels']) retrieved from /home/airflow/.local/lib/python3.7/site-packages/airflow/example_dags/example_branch_labels.py
[2022-12-23 22:43:28,942] {logging_mixin.py:115} INFO - [2022-12-23 22:43:28,942] {dag.py:2371} INFO - Sync 1 DAGs
[2022-12-23 22:43:28,957] {logging_mixin.py:115} INFO - [2022-12-23 22:43:28,957] {dag.py:2919} INFO - Setting next_dagrun for example_branch_labels to 2022-12-22T00:00:00+00:00, run_after=2022-12-23T00:00:00+00:00
[2022-12-23 22:43:28,965] {processor.py:161} INFO - Processing /home/airflow/.local/lib/python3.7/site-packages/airflow/example_dags/example_branch_labels.py took 0.064 seconds
[2022-12-23 22:43:59,054] {processor.py:153} INFO - Started process (PID=1136) to work on /home/airflow/.local/lib/python3.7/site-packages/airflow/example_dags/example_branch_labels.py
[2022-12-23 22:43:59,055] {processor.py:641} INFO - Processing file /home/airflow/.local/lib/python3.7/site-packages/airflow/example_dags/example_branch_labels.py for tasks to queue
[2022-12-23 22:43:59,056] {logging_mixin.py:115} INFO - [2022-12-23 22:43:59,056] {dagbag.py:507} INFO - Filling up the DagBag from /home/airflow/.local/lib/python3.7/site-packages/airflow/example_dags/example_branch_labels.py
[2022-12-23 22:43:59,063] {processor.py:651} INFO - DAG(s) dict_keys(['example_branch_labels']) retrieved from /home/airflow/.local/lib/python3.7/site-packages/airflow/example_dags/example_branch_labels.py
[2022-12-23 22:43:59,090] {logging_mixin.py:115} INFO - [2022-12-23 22:43:59,090] {dag.py:2371} INFO - Sync 1 DAGs
[2022-12-23 22:43:59,106] {logging_mixin.py:115} INFO - [2022-12-23 22:43:59,105] {dag.py:2919} INFO - Setting next_dagrun for example_branch_labels to 2022-12-22T00:00:00+00:00, run_after=2022-12-23T00:00:00+00:00
[2022-12-23 22:43:59,113] {processor.py:161} INFO - Processing /home/airflow/.local/lib/python3.7/site-packages/airflow/example_dags/example_branch_labels.py took 0.063 seconds
[2022-12-23 22:44:29,297] {processor.py:153} INFO - Started process (PID=1339) to work on /home/airflow/.local/lib/python3.7/site-packages/airflow/example_dags/example_branch_labels.py
[2022-12-23 22:44:29,298] {processor.py:641} INFO - Processing file /home/airflow/.local/lib/python3.7/site-packages/airflow/example_dags/example_branch_labels.py for tasks to queue
[2022-12-23 22:44:29,300] {logging_mixin.py:115} INFO - [2022-12-23 22:44:29,299] {dagbag.py:507} INFO - Filling up the DagBag from /home/airflow/.local/lib/python3.7/site-packages/airflow/example_dags/example_branch_labels.py
[2022-12-23 22:44:29,307] {processor.py:651} INFO - DAG(s) dict_keys(['example_branch_labels']) retrieved from /home/airflow/.local/lib/python3.7/site-packages/airflow/example_dags/example_branch_labels.py
[2022-12-23 22:44:29,336] {logging_mixin.py:115} INFO - [2022-12-23 22:44:29,336] {dag.py:2371} INFO - Sync 1 DAGs
[2022-12-23 22:44:29,351] {logging_mixin.py:115} INFO - [2022-12-23 22:44:29,351] {dag.py:2919} INFO - Setting next_dagrun for example_branch_labels to 2022-12-22T00:00:00+00:00, run_after=2022-12-23T00:00:00+00:00
[2022-12-23 22:44:29,358] {processor.py:161} INFO - Processing /home/airflow/.local/lib/python3.7/site-packages/airflow/example_dags/example_branch_labels.py took 0.066 seconds
[2022-12-23 22:45:00,201] {processor.py:153} INFO - Started process (PID=1541) to work on /home/airflow/.local/lib/python3.7/site-packages/airflow/example_dags/example_branch_labels.py
[2022-12-23 22:45:00,202] {processor.py:641} INFO - Processing file /home/airflow/.local/lib/python3.7/site-packages/airflow/example_dags/example_branch_labels.py for tasks to queue
[2022-12-23 22:45:00,206] {logging_mixin.py:115} INFO - [2022-12-23 22:45:00,206] {dagbag.py:507} INFO - Filling up the DagBag from /home/airflow/.local/lib/python3.7/site-packages/airflow/example_dags/example_branch_labels.py
[2022-12-23 22:45:00,212] {processor.py:651} INFO - DAG(s) dict_keys(['example_branch_labels']) retrieved from /home/airflow/.local/lib/python3.7/site-packages/airflow/example_dags/example_branch_labels.py
[2022-12-23 22:45:00,239] {logging_mixin.py:115} INFO - [2022-12-23 22:45:00,239] {dag.py:2371} INFO - Sync 1 DAGs
[2022-12-23 22:45:00,254] {logging_mixin.py:115} INFO - [2022-12-23 22:45:00,254] {dag.py:2919} INFO - Setting next_dagrun for example_branch_labels to 2022-12-22T00:00:00+00:00, run_after=2022-12-23T00:00:00+00:00
[2022-12-23 22:45:00,262] {processor.py:161} INFO - Processing /home/airflow/.local/lib/python3.7/site-packages/airflow/example_dags/example_branch_labels.py took 0.064 seconds
[2022-12-23 22:45:31,148] {processor.py:153} INFO - Started process (PID=1737) to work on /home/airflow/.local/lib/python3.7/site-packages/airflow/example_dags/example_branch_labels.py
[2022-12-23 22:45:31,150] {processor.py:641} INFO - Processing file /home/airflow/.local/lib/python3.7/site-packages/airflow/example_dags/example_branch_labels.py for tasks to queue
[2022-12-23 22:45:31,151] {logging_mixin.py:115} INFO - [2022-12-23 22:45:31,151] {dagbag.py:507} INFO - Filling up the DagBag from /home/airflow/.local/lib/python3.7/site-packages/airflow/example_dags/example_branch_labels.py
[2022-12-23 22:45:31,159] {processor.py:651} INFO - DAG(s) dict_keys(['example_branch_labels']) retrieved from /home/airflow/.local/lib/python3.7/site-packages/airflow/example_dags/example_branch_labels.py
[2022-12-23 22:45:31,201] {logging_mixin.py:115} INFO - [2022-12-23 22:45:31,200] {dag.py:2371} INFO - Sync 1 DAGs
[2022-12-23 22:45:31,223] {logging_mixin.py:115} INFO - [2022-12-23 22:45:31,223] {dag.py:2919} INFO - Setting next_dagrun for example_branch_labels to 2022-12-22T00:00:00+00:00, run_after=2022-12-23T00:00:00+00:00
[2022-12-23 22:45:31,232] {processor.py:161} INFO - Processing /home/airflow/.local/lib/python3.7/site-packages/airflow/example_dags/example_branch_labels.py took 0.088 seconds
[2022-12-23 22:46:01,298] {processor.py:153} INFO - Started process (PID=1940) to work on /home/airflow/.local/lib/python3.7/site-packages/airflow/example_dags/example_branch_labels.py
[2022-12-23 22:46:01,299] {processor.py:641} INFO - Processing file /home/airflow/.local/lib/python3.7/site-packages/airflow/example_dags/example_branch_labels.py for tasks to queue
[2022-12-23 22:46:01,301] {logging_mixin.py:115} INFO - [2022-12-23 22:46:01,300] {dagbag.py:507} INFO - Filling up the DagBag from /home/airflow/.local/lib/python3.7/site-packages/airflow/example_dags/example_branch_labels.py
[2022-12-23 22:46:01,307] {processor.py:651} INFO - DAG(s) dict_keys(['example_branch_labels']) retrieved from /home/airflow/.local/lib/python3.7/site-packages/airflow/example_dags/example_branch_labels.py
[2022-12-23 22:46:01,338] {logging_mixin.py:115} INFO - [2022-12-23 22:46:01,338] {dag.py:2371} INFO - Sync 1 DAGs
[2022-12-23 22:46:01,357] {logging_mixin.py:115} INFO - [2022-12-23 22:46:01,357] {dag.py:2919} INFO - Setting next_dagrun for example_branch_labels to 2022-12-22T00:00:00+00:00, run_after=2022-12-23T00:00:00+00:00
[2022-12-23 22:46:01,372] {processor.py:161} INFO - Processing /home/airflow/.local/lib/python3.7/site-packages/airflow/example_dags/example_branch_labels.py took 0.077 seconds
[2022-12-23 22:46:31,471] {processor.py:153} INFO - Started process (PID=2143) to work on /home/airflow/.local/lib/python3.7/site-packages/airflow/example_dags/example_branch_labels.py
[2022-12-23 22:46:31,472] {processor.py:641} INFO - Processing file /home/airflow/.local/lib/python3.7/site-packages/airflow/example_dags/example_branch_labels.py for tasks to queue
[2022-12-23 22:46:31,472] {logging_mixin.py:115} INFO - [2022-12-23 22:46:31,472] {dagbag.py:507} INFO - Filling up the DagBag from /home/airflow/.local/lib/python3.7/site-packages/airflow/example_dags/example_branch_labels.py
[2022-12-23 22:46:31,477] {processor.py:651} INFO - DAG(s) dict_keys(['example_branch_labels']) retrieved from /home/airflow/.local/lib/python3.7/site-packages/airflow/example_dags/example_branch_labels.py
[2022-12-23 22:46:31,502] {logging_mixin.py:115} INFO - [2022-12-23 22:46:31,502] {dag.py:2371} INFO - Sync 1 DAGs
[2022-12-23 22:46:31,518] {logging_mixin.py:115} INFO - [2022-12-23 22:46:31,518] {dag.py:2919} INFO - Setting next_dagrun for example_branch_labels to 2022-12-22T00:00:00+00:00, run_after=2022-12-23T00:00:00+00:00
[2022-12-23 22:46:31,525] {processor.py:161} INFO - Processing /home/airflow/.local/lib/python3.7/site-packages/airflow/example_dags/example_branch_labels.py took 0.057 seconds
[2022-12-23 22:47:01,770] {processor.py:153} INFO - Started process (PID=2347) to work on /home/airflow/.local/lib/python3.7/site-packages/airflow/example_dags/example_branch_labels.py
[2022-12-23 22:47:01,772] {processor.py:641} INFO - Processing file /home/airflow/.local/lib/python3.7/site-packages/airflow/example_dags/example_branch_labels.py for tasks to queue
[2022-12-23 22:47:01,773] {logging_mixin.py:115} INFO - [2022-12-23 22:47:01,773] {dagbag.py:507} INFO - Filling up the DagBag from /home/airflow/.local/lib/python3.7/site-packages/airflow/example_dags/example_branch_labels.py
[2022-12-23 22:47:01,779] {processor.py:651} INFO - DAG(s) dict_keys(['example_branch_labels']) retrieved from /home/airflow/.local/lib/python3.7/site-packages/airflow/example_dags/example_branch_labels.py
[2022-12-23 22:47:01,805] {logging_mixin.py:115} INFO - [2022-12-23 22:47:01,805] {dag.py:2371} INFO - Sync 1 DAGs
[2022-12-23 22:47:01,822] {logging_mixin.py:115} INFO - [2022-12-23 22:47:01,822] {dag.py:2919} INFO - Setting next_dagrun for example_branch_labels to 2022-12-22T00:00:00+00:00, run_after=2022-12-23T00:00:00+00:00
[2022-12-23 22:47:01,831] {processor.py:161} INFO - Processing /home/airflow/.local/lib/python3.7/site-packages/airflow/example_dags/example_branch_labels.py took 0.064 seconds
[2022-12-23 22:47:32,980] {processor.py:153} INFO - Started process (PID=2551) to work on /home/airflow/.local/lib/python3.7/site-packages/airflow/example_dags/example_branch_labels.py
[2022-12-23 22:47:32,981] {processor.py:641} INFO - Processing file /home/airflow/.local/lib/python3.7/site-packages/airflow/example_dags/example_branch_labels.py for tasks to queue
[2022-12-23 22:47:32,983] {logging_mixin.py:115} INFO - [2022-12-23 22:47:32,983] {dagbag.py:507} INFO - Filling up the DagBag from /home/airflow/.local/lib/python3.7/site-packages/airflow/example_dags/example_branch_labels.py
[2022-12-23 22:47:32,990] {processor.py:651} INFO - DAG(s) dict_keys(['example_branch_labels']) retrieved from /home/airflow/.local/lib/python3.7/site-packages/airflow/example_dags/example_branch_labels.py
[2022-12-23 22:47:33,017] {logging_mixin.py:115} INFO - [2022-12-23 22:47:33,017] {dag.py:2371} INFO - Sync 1 DAGs
[2022-12-23 22:47:33,036] {logging_mixin.py:115} INFO - [2022-12-23 22:47:33,036] {dag.py:2919} INFO - Setting next_dagrun for example_branch_labels to 2022-12-22T00:00:00+00:00, run_after=2022-12-23T00:00:00+00:00
[2022-12-23 22:47:33,045] {processor.py:161} INFO - Processing /home/airflow/.local/lib/python3.7/site-packages/airflow/example_dags/example_branch_labels.py took 0.068 seconds
[2022-12-23 22:48:03,198] {processor.py:153} INFO - Started process (PID=2747) to work on /home/airflow/.local/lib/python3.7/site-packages/airflow/example_dags/example_branch_labels.py
[2022-12-23 22:48:03,199] {processor.py:641} INFO - Processing file /home/airflow/.local/lib/python3.7/site-packages/airflow/example_dags/example_branch_labels.py for tasks to queue
[2022-12-23 22:48:03,200] {logging_mixin.py:115} INFO - [2022-12-23 22:48:03,200] {dagbag.py:507} INFO - Filling up the DagBag from /home/airflow/.local/lib/python3.7/site-packages/airflow/example_dags/example_branch_labels.py
[2022-12-23 22:48:03,205] {processor.py:651} INFO - DAG(s) dict_keys(['example_branch_labels']) retrieved from /home/airflow/.local/lib/python3.7/site-packages/airflow/example_dags/example_branch_labels.py
[2022-12-23 22:48:03,230] {logging_mixin.py:115} INFO - [2022-12-23 22:48:03,229] {dag.py:2371} INFO - Sync 1 DAGs
[2022-12-23 22:48:03,247] {logging_mixin.py:115} INFO - [2022-12-23 22:48:03,247] {dag.py:2919} INFO - Setting next_dagrun for example_branch_labels to 2022-12-22T00:00:00+00:00, run_after=2022-12-23T00:00:00+00:00
[2022-12-23 22:48:03,255] {processor.py:161} INFO - Processing /home/airflow/.local/lib/python3.7/site-packages/airflow/example_dags/example_branch_labels.py took 0.060 seconds
[2022-12-23 22:48:33,767] {processor.py:153} INFO - Started process (PID=2952) to work on /home/airflow/.local/lib/python3.7/site-packages/airflow/example_dags/example_branch_labels.py
[2022-12-23 22:48:33,768] {processor.py:641} INFO - Processing file /home/airflow/.local/lib/python3.7/site-packages/airflow/example_dags/example_branch_labels.py for tasks to queue
[2022-12-23 22:48:33,769] {logging_mixin.py:115} INFO - [2022-12-23 22:48:33,769] {dagbag.py:507} INFO - Filling up the DagBag from /home/airflow/.local/lib/python3.7/site-packages/airflow/example_dags/example_branch_labels.py
[2022-12-23 22:48:33,774] {processor.py:651} INFO - DAG(s) dict_keys(['example_branch_labels']) retrieved from /home/airflow/.local/lib/python3.7/site-packages/airflow/example_dags/example_branch_labels.py
[2022-12-23 22:48:33,798] {logging_mixin.py:115} INFO - [2022-12-23 22:48:33,798] {dag.py:2371} INFO - Sync 1 DAGs
[2022-12-23 22:48:33,816] {logging_mixin.py:115} INFO - [2022-12-23 22:48:33,816] {dag.py:2919} INFO - Setting next_dagrun for example_branch_labels to 2022-12-22T00:00:00+00:00, run_after=2022-12-23T00:00:00+00:00
[2022-12-23 22:48:33,824] {processor.py:161} INFO - Processing /home/airflow/.local/lib/python3.7/site-packages/airflow/example_dags/example_branch_labels.py took 0.060 seconds
[2022-12-23 22:49:04,774] {processor.py:153} INFO - Started process (PID=3153) to work on /home/airflow/.local/lib/python3.7/site-packages/airflow/example_dags/example_branch_labels.py
[2022-12-23 22:49:04,775] {processor.py:641} INFO - Processing file /home/airflow/.local/lib/python3.7/site-packages/airflow/example_dags/example_branch_labels.py for tasks to queue
[2022-12-23 22:49:04,776] {logging_mixin.py:115} INFO - [2022-12-23 22:49:04,776] {dagbag.py:507} INFO - Filling up the DagBag from /home/airflow/.local/lib/python3.7/site-packages/airflow/example_dags/example_branch_labels.py
[2022-12-23 22:49:04,781] {processor.py:651} INFO - DAG(s) dict_keys(['example_branch_labels']) retrieved from /home/airflow/.local/lib/python3.7/site-packages/airflow/example_dags/example_branch_labels.py
[2022-12-23 22:49:04,805] {logging_mixin.py:115} INFO - [2022-12-23 22:49:04,805] {dag.py:2371} INFO - Sync 1 DAGs
[2022-12-23 22:49:04,822] {logging_mixin.py:115} INFO - [2022-12-23 22:49:04,822] {dag.py:2919} INFO - Setting next_dagrun for example_branch_labels to 2022-12-22T00:00:00+00:00, run_after=2022-12-23T00:00:00+00:00
[2022-12-23 22:49:04,830] {processor.py:161} INFO - Processing /home/airflow/.local/lib/python3.7/site-packages/airflow/example_dags/example_branch_labels.py took 0.059 seconds
[2022-12-23 22:49:35,122] {processor.py:153} INFO - Started process (PID=3360) to work on /home/airflow/.local/lib/python3.7/site-packages/airflow/example_dags/example_branch_labels.py
[2022-12-23 22:49:35,123] {processor.py:641} INFO - Processing file /home/airflow/.local/lib/python3.7/site-packages/airflow/example_dags/example_branch_labels.py for tasks to queue
[2022-12-23 22:49:35,125] {logging_mixin.py:115} INFO - [2022-12-23 22:49:35,124] {dagbag.py:507} INFO - Filling up the DagBag from /home/airflow/.local/lib/python3.7/site-packages/airflow/example_dags/example_branch_labels.py
[2022-12-23 22:49:35,130] {processor.py:651} INFO - DAG(s) dict_keys(['example_branch_labels']) retrieved from /home/airflow/.local/lib/python3.7/site-packages/airflow/example_dags/example_branch_labels.py
[2022-12-23 22:49:35,156] {logging_mixin.py:115} INFO - [2022-12-23 22:49:35,156] {dag.py:2371} INFO - Sync 1 DAGs
[2022-12-23 22:49:35,174] {logging_mixin.py:115} INFO - [2022-12-23 22:49:35,174] {dag.py:2919} INFO - Setting next_dagrun for example_branch_labels to 2022-12-22T00:00:00+00:00, run_after=2022-12-23T00:00:00+00:00
[2022-12-23 22:49:35,183] {processor.py:161} INFO - Processing /home/airflow/.local/lib/python3.7/site-packages/airflow/example_dags/example_branch_labels.py took 0.064 seconds
[2022-12-23 22:50:06,248] {processor.py:153} INFO - Started process (PID=3552) to work on /home/airflow/.local/lib/python3.7/site-packages/airflow/example_dags/example_branch_labels.py
[2022-12-23 22:50:06,249] {processor.py:641} INFO - Processing file /home/airflow/.local/lib/python3.7/site-packages/airflow/example_dags/example_branch_labels.py for tasks to queue
[2022-12-23 22:50:06,251] {logging_mixin.py:115} INFO - [2022-12-23 22:50:06,251] {dagbag.py:507} INFO - Filling up the DagBag from /home/airflow/.local/lib/python3.7/site-packages/airflow/example_dags/example_branch_labels.py
[2022-12-23 22:50:06,256] {processor.py:651} INFO - DAG(s) dict_keys(['example_branch_labels']) retrieved from /home/airflow/.local/lib/python3.7/site-packages/airflow/example_dags/example_branch_labels.py
[2022-12-23 22:50:06,282] {logging_mixin.py:115} INFO - [2022-12-23 22:50:06,282] {dag.py:2371} INFO - Sync 1 DAGs
[2022-12-23 22:50:06,300] {logging_mixin.py:115} INFO - [2022-12-23 22:50:06,300] {dag.py:2919} INFO - Setting next_dagrun for example_branch_labels to 2022-12-22T00:00:00+00:00, run_after=2022-12-23T00:00:00+00:00
[2022-12-23 22:50:06,309] {processor.py:161} INFO - Processing /home/airflow/.local/lib/python3.7/site-packages/airflow/example_dags/example_branch_labels.py took 0.064 seconds
[2022-12-23 22:50:36,739] {processor.py:153} INFO - Started process (PID=3756) to work on /home/airflow/.local/lib/python3.7/site-packages/airflow/example_dags/example_branch_labels.py
[2022-12-23 22:50:36,741] {processor.py:641} INFO - Processing file /home/airflow/.local/lib/python3.7/site-packages/airflow/example_dags/example_branch_labels.py for tasks to queue
[2022-12-23 22:50:36,741] {logging_mixin.py:115} INFO - [2022-12-23 22:50:36,741] {dagbag.py:507} INFO - Filling up the DagBag from /home/airflow/.local/lib/python3.7/site-packages/airflow/example_dags/example_branch_labels.py
[2022-12-23 22:50:36,746] {processor.py:651} INFO - DAG(s) dict_keys(['example_branch_labels']) retrieved from /home/airflow/.local/lib/python3.7/site-packages/airflow/example_dags/example_branch_labels.py
[2022-12-23 22:50:36,770] {logging_mixin.py:115} INFO - [2022-12-23 22:50:36,770] {dag.py:2371} INFO - Sync 1 DAGs
[2022-12-23 22:50:36,787] {logging_mixin.py:115} INFO - [2022-12-23 22:50:36,787] {dag.py:2919} INFO - Setting next_dagrun for example_branch_labels to 2022-12-22T00:00:00+00:00, run_after=2022-12-23T00:00:00+00:00
[2022-12-23 22:50:36,795] {processor.py:161} INFO - Processing /home/airflow/.local/lib/python3.7/site-packages/airflow/example_dags/example_branch_labels.py took 0.058 seconds
[2022-12-23 22:51:07,628] {processor.py:153} INFO - Started process (PID=3959) to work on /home/airflow/.local/lib/python3.7/site-packages/airflow/example_dags/example_branch_labels.py
[2022-12-23 22:51:07,630] {processor.py:641} INFO - Processing file /home/airflow/.local/lib/python3.7/site-packages/airflow/example_dags/example_branch_labels.py for tasks to queue
[2022-12-23 22:51:07,631] {logging_mixin.py:115} INFO - [2022-12-23 22:51:07,631] {dagbag.py:507} INFO - Filling up the DagBag from /home/airflow/.local/lib/python3.7/site-packages/airflow/example_dags/example_branch_labels.py
[2022-12-23 22:51:07,636] {processor.py:651} INFO - DAG(s) dict_keys(['example_branch_labels']) retrieved from /home/airflow/.local/lib/python3.7/site-packages/airflow/example_dags/example_branch_labels.py
[2022-12-23 22:51:07,661] {logging_mixin.py:115} INFO - [2022-12-23 22:51:07,661] {dag.py:2371} INFO - Sync 1 DAGs
[2022-12-23 22:51:07,678] {logging_mixin.py:115} INFO - [2022-12-23 22:51:07,678] {dag.py:2919} INFO - Setting next_dagrun for example_branch_labels to 2022-12-22T00:00:00+00:00, run_after=2022-12-23T00:00:00+00:00
[2022-12-23 22:51:07,685] {processor.py:161} INFO - Processing /home/airflow/.local/lib/python3.7/site-packages/airflow/example_dags/example_branch_labels.py took 0.060 seconds
[2022-12-23 22:51:37,713] {processor.py:153} INFO - Started process (PID=4161) to work on /home/airflow/.local/lib/python3.7/site-packages/airflow/example_dags/example_branch_labels.py
[2022-12-23 22:51:37,714] {processor.py:641} INFO - Processing file /home/airflow/.local/lib/python3.7/site-packages/airflow/example_dags/example_branch_labels.py for tasks to queue
[2022-12-23 22:51:37,714] {logging_mixin.py:115} INFO - [2022-12-23 22:51:37,714] {dagbag.py:507} INFO - Filling up the DagBag from /home/airflow/.local/lib/python3.7/site-packages/airflow/example_dags/example_branch_labels.py
[2022-12-23 22:51:37,720] {processor.py:651} INFO - DAG(s) dict_keys(['example_branch_labels']) retrieved from /home/airflow/.local/lib/python3.7/site-packages/airflow/example_dags/example_branch_labels.py
[2022-12-23 22:51:37,745] {logging_mixin.py:115} INFO - [2022-12-23 22:51:37,745] {dag.py:2371} INFO - Sync 1 DAGs
[2022-12-23 22:51:37,761] {logging_mixin.py:115} INFO - [2022-12-23 22:51:37,761] {dag.py:2919} INFO - Setting next_dagrun for example_branch_labels to 2022-12-22T00:00:00+00:00, run_after=2022-12-23T00:00:00+00:00
[2022-12-23 22:51:37,769] {processor.py:161} INFO - Processing /home/airflow/.local/lib/python3.7/site-packages/airflow/example_dags/example_branch_labels.py took 0.058 seconds
[2022-12-23 22:52:08,842] {processor.py:153} INFO - Started process (PID=4369) to work on /home/airflow/.local/lib/python3.7/site-packages/airflow/example_dags/example_branch_labels.py
[2022-12-23 22:52:08,843] {processor.py:641} INFO - Processing file /home/airflow/.local/lib/python3.7/site-packages/airflow/example_dags/example_branch_labels.py for tasks to queue
[2022-12-23 22:52:08,844] {logging_mixin.py:115} INFO - [2022-12-23 22:52:08,844] {dagbag.py:507} INFO - Filling up the DagBag from /home/airflow/.local/lib/python3.7/site-packages/airflow/example_dags/example_branch_labels.py
[2022-12-23 22:52:08,849] {processor.py:651} INFO - DAG(s) dict_keys(['example_branch_labels']) retrieved from /home/airflow/.local/lib/python3.7/site-packages/airflow/example_dags/example_branch_labels.py
[2022-12-23 22:52:08,873] {logging_mixin.py:115} INFO - [2022-12-23 22:52:08,873] {dag.py:2371} INFO - Sync 1 DAGs
[2022-12-23 22:52:08,893] {logging_mixin.py:115} INFO - [2022-12-23 22:52:08,893] {dag.py:2919} INFO - Setting next_dagrun for example_branch_labels to 2022-12-22T00:00:00+00:00, run_after=2022-12-23T00:00:00+00:00
[2022-12-23 22:52:08,901] {processor.py:161} INFO - Processing /home/airflow/.local/lib/python3.7/site-packages/airflow/example_dags/example_branch_labels.py took 0.062 seconds
[2022-12-23 22:52:38,964] {processor.py:153} INFO - Started process (PID=4556) to work on /home/airflow/.local/lib/python3.7/site-packages/airflow/example_dags/example_branch_labels.py
[2022-12-23 22:52:38,965] {processor.py:641} INFO - Processing file /home/airflow/.local/lib/python3.7/site-packages/airflow/example_dags/example_branch_labels.py for tasks to queue
[2022-12-23 22:52:38,966] {logging_mixin.py:115} INFO - [2022-12-23 22:52:38,966] {dagbag.py:507} INFO - Filling up the DagBag from /home/airflow/.local/lib/python3.7/site-packages/airflow/example_dags/example_branch_labels.py
[2022-12-23 22:52:38,971] {processor.py:651} INFO - DAG(s) dict_keys(['example_branch_labels']) retrieved from /home/airflow/.local/lib/python3.7/site-packages/airflow/example_dags/example_branch_labels.py
[2022-12-23 22:52:38,996] {logging_mixin.py:115} INFO - [2022-12-23 22:52:38,996] {dag.py:2371} INFO - Sync 1 DAGs
[2022-12-23 22:52:39,030] {logging_mixin.py:115} INFO - [2022-12-23 22:52:39,030] {dag.py:2919} INFO - Setting next_dagrun for example_branch_labels to 2022-12-22T00:00:00+00:00, run_after=2022-12-23T00:00:00+00:00
[2022-12-23 22:52:39,041] {processor.py:161} INFO - Processing /home/airflow/.local/lib/python3.7/site-packages/airflow/example_dags/example_branch_labels.py took 0.079 seconds
[2022-12-23 22:53:09,587] {processor.py:153} INFO - Started process (PID=4772) to work on /home/airflow/.local/lib/python3.7/site-packages/airflow/example_dags/example_branch_labels.py
[2022-12-23 22:53:09,588] {processor.py:641} INFO - Processing file /home/airflow/.local/lib/python3.7/site-packages/airflow/example_dags/example_branch_labels.py for tasks to queue
[2022-12-23 22:53:09,589] {logging_mixin.py:115} INFO - [2022-12-23 22:53:09,589] {dagbag.py:507} INFO - Filling up the DagBag from /home/airflow/.local/lib/python3.7/site-packages/airflow/example_dags/example_branch_labels.py
[2022-12-23 22:53:09,595] {processor.py:651} INFO - DAG(s) dict_keys(['example_branch_labels']) retrieved from /home/airflow/.local/lib/python3.7/site-packages/airflow/example_dags/example_branch_labels.py
[2022-12-23 22:53:09,620] {logging_mixin.py:115} INFO - [2022-12-23 22:53:09,620] {dag.py:2371} INFO - Sync 1 DAGs
[2022-12-23 22:53:09,639] {logging_mixin.py:115} INFO - [2022-12-23 22:53:09,639] {dag.py:2919} INFO - Setting next_dagrun for example_branch_labels to 2022-12-22T00:00:00+00:00, run_after=2022-12-23T00:00:00+00:00
[2022-12-23 22:53:09,654] {processor.py:161} INFO - Processing /home/airflow/.local/lib/python3.7/site-packages/airflow/example_dags/example_branch_labels.py took 0.070 seconds
[2022-12-23 22:53:39,871] {processor.py:153} INFO - Started process (PID=4976) to work on /home/airflow/.local/lib/python3.7/site-packages/airflow/example_dags/example_branch_labels.py
[2022-12-23 22:53:39,872] {processor.py:641} INFO - Processing file /home/airflow/.local/lib/python3.7/site-packages/airflow/example_dags/example_branch_labels.py for tasks to queue
[2022-12-23 22:53:39,873] {logging_mixin.py:115} INFO - [2022-12-23 22:53:39,873] {dagbag.py:507} INFO - Filling up the DagBag from /home/airflow/.local/lib/python3.7/site-packages/airflow/example_dags/example_branch_labels.py
[2022-12-23 22:53:39,879] {processor.py:651} INFO - DAG(s) dict_keys(['example_branch_labels']) retrieved from /home/airflow/.local/lib/python3.7/site-packages/airflow/example_dags/example_branch_labels.py
[2022-12-23 22:53:39,903] {logging_mixin.py:115} INFO - [2022-12-23 22:53:39,903] {dag.py:2371} INFO - Sync 1 DAGs
[2022-12-23 22:53:39,921] {logging_mixin.py:115} INFO - [2022-12-23 22:53:39,920] {dag.py:2919} INFO - Setting next_dagrun for example_branch_labels to 2022-12-22T00:00:00+00:00, run_after=2022-12-23T00:00:00+00:00
[2022-12-23 22:53:39,928] {processor.py:161} INFO - Processing /home/airflow/.local/lib/python3.7/site-packages/airflow/example_dags/example_branch_labels.py took 0.060 seconds
[2022-12-23 22:54:10,051] {processor.py:153} INFO - Started process (PID=5182) to work on /home/airflow/.local/lib/python3.7/site-packages/airflow/example_dags/example_branch_labels.py
[2022-12-23 22:54:10,052] {processor.py:641} INFO - Processing file /home/airflow/.local/lib/python3.7/site-packages/airflow/example_dags/example_branch_labels.py for tasks to queue
[2022-12-23 22:54:10,053] {logging_mixin.py:115} INFO - [2022-12-23 22:54:10,053] {dagbag.py:507} INFO - Filling up the DagBag from /home/airflow/.local/lib/python3.7/site-packages/airflow/example_dags/example_branch_labels.py
[2022-12-23 22:54:10,058] {processor.py:651} INFO - DAG(s) dict_keys(['example_branch_labels']) retrieved from /home/airflow/.local/lib/python3.7/site-packages/airflow/example_dags/example_branch_labels.py
[2022-12-23 22:54:10,084] {logging_mixin.py:115} INFO - [2022-12-23 22:54:10,084] {dag.py:2371} INFO - Sync 1 DAGs
[2022-12-23 22:54:10,102] {logging_mixin.py:115} INFO - [2022-12-23 22:54:10,102] {dag.py:2919} INFO - Setting next_dagrun for example_branch_labels to 2022-12-22T00:00:00+00:00, run_after=2022-12-23T00:00:00+00:00
[2022-12-23 22:54:10,111] {processor.py:161} INFO - Processing /home/airflow/.local/lib/python3.7/site-packages/airflow/example_dags/example_branch_labels.py took 0.063 seconds
[2022-12-23 22:54:40,685] {processor.py:153} INFO - Started process (PID=5379) to work on /home/airflow/.local/lib/python3.7/site-packages/airflow/example_dags/example_branch_labels.py
[2022-12-23 22:54:40,687] {processor.py:641} INFO - Processing file /home/airflow/.local/lib/python3.7/site-packages/airflow/example_dags/example_branch_labels.py for tasks to queue
[2022-12-23 22:54:40,688] {logging_mixin.py:115} INFO - [2022-12-23 22:54:40,687] {dagbag.py:507} INFO - Filling up the DagBag from /home/airflow/.local/lib/python3.7/site-packages/airflow/example_dags/example_branch_labels.py
[2022-12-23 22:54:40,693] {processor.py:651} INFO - DAG(s) dict_keys(['example_branch_labels']) retrieved from /home/airflow/.local/lib/python3.7/site-packages/airflow/example_dags/example_branch_labels.py
[2022-12-23 22:54:40,721] {logging_mixin.py:115} INFO - [2022-12-23 22:54:40,721] {dag.py:2371} INFO - Sync 1 DAGs
[2022-12-23 22:54:40,756] {logging_mixin.py:115} INFO - [2022-12-23 22:54:40,756] {dag.py:2919} INFO - Setting next_dagrun for example_branch_labels to 2022-12-22T00:00:00+00:00, run_after=2022-12-23T00:00:00+00:00
[2022-12-23 22:54:40,769] {processor.py:161} INFO - Processing /home/airflow/.local/lib/python3.7/site-packages/airflow/example_dags/example_branch_labels.py took 0.086 seconds
[2022-12-23 22:55:10,875] {processor.py:153} INFO - Started process (PID=5587) to work on /home/airflow/.local/lib/python3.7/site-packages/airflow/example_dags/example_branch_labels.py
[2022-12-23 22:55:10,876] {processor.py:641} INFO - Processing file /home/airflow/.local/lib/python3.7/site-packages/airflow/example_dags/example_branch_labels.py for tasks to queue
[2022-12-23 22:55:10,877] {logging_mixin.py:115} INFO - [2022-12-23 22:55:10,877] {dagbag.py:507} INFO - Filling up the DagBag from /home/airflow/.local/lib/python3.7/site-packages/airflow/example_dags/example_branch_labels.py
[2022-12-23 22:55:10,882] {processor.py:651} INFO - DAG(s) dict_keys(['example_branch_labels']) retrieved from /home/airflow/.local/lib/python3.7/site-packages/airflow/example_dags/example_branch_labels.py
[2022-12-23 22:55:10,909] {logging_mixin.py:115} INFO - [2022-12-23 22:55:10,909] {dag.py:2371} INFO - Sync 1 DAGs
[2022-12-23 22:55:10,927] {logging_mixin.py:115} INFO - [2022-12-23 22:55:10,927] {dag.py:2919} INFO - Setting next_dagrun for example_branch_labels to 2022-12-22T00:00:00+00:00, run_after=2022-12-23T00:00:00+00:00
[2022-12-23 22:55:10,935] {processor.py:161} INFO - Processing /home/airflow/.local/lib/python3.7/site-packages/airflow/example_dags/example_branch_labels.py took 0.063 seconds
[2022-12-23 22:55:41,005] {processor.py:153} INFO - Started process (PID=5791) to work on /home/airflow/.local/lib/python3.7/site-packages/airflow/example_dags/example_branch_labels.py
[2022-12-23 22:55:41,007] {processor.py:641} INFO - Processing file /home/airflow/.local/lib/python3.7/site-packages/airflow/example_dags/example_branch_labels.py for tasks to queue
[2022-12-23 22:55:41,008] {logging_mixin.py:115} INFO - [2022-12-23 22:55:41,008] {dagbag.py:507} INFO - Filling up the DagBag from /home/airflow/.local/lib/python3.7/site-packages/airflow/example_dags/example_branch_labels.py
[2022-12-23 22:55:41,013] {processor.py:651} INFO - DAG(s) dict_keys(['example_branch_labels']) retrieved from /home/airflow/.local/lib/python3.7/site-packages/airflow/example_dags/example_branch_labels.py
[2022-12-23 22:55:41,039] {logging_mixin.py:115} INFO - [2022-12-23 22:55:41,039] {dag.py:2371} INFO - Sync 1 DAGs
[2022-12-23 22:55:41,056] {logging_mixin.py:115} INFO - [2022-12-23 22:55:41,056] {dag.py:2919} INFO - Setting next_dagrun for example_branch_labels to 2022-12-22T00:00:00+00:00, run_after=2022-12-23T00:00:00+00:00
[2022-12-23 22:55:41,064] {processor.py:161} INFO - Processing /home/airflow/.local/lib/python3.7/site-packages/airflow/example_dags/example_branch_labels.py took 0.061 seconds
[2022-12-23 22:56:11,243] {processor.py:153} INFO - Started process (PID=5995) to work on /home/airflow/.local/lib/python3.7/site-packages/airflow/example_dags/example_branch_labels.py
[2022-12-23 22:56:11,244] {processor.py:641} INFO - Processing file /home/airflow/.local/lib/python3.7/site-packages/airflow/example_dags/example_branch_labels.py for tasks to queue
[2022-12-23 22:56:11,245] {logging_mixin.py:115} INFO - [2022-12-23 22:56:11,245] {dagbag.py:507} INFO - Filling up the DagBag from /home/airflow/.local/lib/python3.7/site-packages/airflow/example_dags/example_branch_labels.py
[2022-12-23 22:56:11,250] {processor.py:651} INFO - DAG(s) dict_keys(['example_branch_labels']) retrieved from /home/airflow/.local/lib/python3.7/site-packages/airflow/example_dags/example_branch_labels.py
[2022-12-23 22:56:11,277] {logging_mixin.py:115} INFO - [2022-12-23 22:56:11,277] {dag.py:2371} INFO - Sync 1 DAGs
[2022-12-23 22:56:11,293] {logging_mixin.py:115} INFO - [2022-12-23 22:56:11,293] {dag.py:2919} INFO - Setting next_dagrun for example_branch_labels to 2022-12-22T00:00:00+00:00, run_after=2022-12-23T00:00:00+00:00
[2022-12-23 22:56:11,301] {processor.py:161} INFO - Processing /home/airflow/.local/lib/python3.7/site-packages/airflow/example_dags/example_branch_labels.py took 0.061 seconds
[2022-12-23 22:56:41,591] {processor.py:153} INFO - Started process (PID=6194) to work on /home/airflow/.local/lib/python3.7/site-packages/airflow/example_dags/example_branch_labels.py
[2022-12-23 22:56:41,592] {processor.py:641} INFO - Processing file /home/airflow/.local/lib/python3.7/site-packages/airflow/example_dags/example_branch_labels.py for tasks to queue
[2022-12-23 22:56:41,593] {logging_mixin.py:115} INFO - [2022-12-23 22:56:41,593] {dagbag.py:507} INFO - Filling up the DagBag from /home/airflow/.local/lib/python3.7/site-packages/airflow/example_dags/example_branch_labels.py
[2022-12-23 22:56:41,598] {processor.py:651} INFO - DAG(s) dict_keys(['example_branch_labels']) retrieved from /home/airflow/.local/lib/python3.7/site-packages/airflow/example_dags/example_branch_labels.py
[2022-12-23 22:56:41,626] {logging_mixin.py:115} INFO - [2022-12-23 22:56:41,626] {dag.py:2371} INFO - Sync 1 DAGs
[2022-12-23 22:56:41,646] {logging_mixin.py:115} INFO - [2022-12-23 22:56:41,646] {dag.py:2919} INFO - Setting next_dagrun for example_branch_labels to 2022-12-22T00:00:00+00:00, run_after=2022-12-23T00:00:00+00:00
[2022-12-23 22:56:41,659] {processor.py:161} INFO - Processing /home/airflow/.local/lib/python3.7/site-packages/airflow/example_dags/example_branch_labels.py took 0.071 seconds
[2022-12-23 22:57:11,917] {processor.py:153} INFO - Started process (PID=6394) to work on /home/airflow/.local/lib/python3.7/site-packages/airflow/example_dags/example_branch_labels.py
[2022-12-23 22:57:11,918] {processor.py:641} INFO - Processing file /home/airflow/.local/lib/python3.7/site-packages/airflow/example_dags/example_branch_labels.py for tasks to queue
[2022-12-23 22:57:11,919] {logging_mixin.py:115} INFO - [2022-12-23 22:57:11,919] {dagbag.py:507} INFO - Filling up the DagBag from /home/airflow/.local/lib/python3.7/site-packages/airflow/example_dags/example_branch_labels.py
[2022-12-23 22:57:11,925] {processor.py:651} INFO - DAG(s) dict_keys(['example_branch_labels']) retrieved from /home/airflow/.local/lib/python3.7/site-packages/airflow/example_dags/example_branch_labels.py
[2022-12-23 22:57:11,950] {logging_mixin.py:115} INFO - [2022-12-23 22:57:11,950] {dag.py:2371} INFO - Sync 1 DAGs
[2022-12-23 22:57:11,968] {logging_mixin.py:115} INFO - [2022-12-23 22:57:11,968] {dag.py:2919} INFO - Setting next_dagrun for example_branch_labels to 2022-12-22T00:00:00+00:00, run_after=2022-12-23T00:00:00+00:00
[2022-12-23 22:57:11,976] {processor.py:161} INFO - Processing /home/airflow/.local/lib/python3.7/site-packages/airflow/example_dags/example_branch_labels.py took 0.062 seconds
[2022-12-23 22:57:42,048] {processor.py:153} INFO - Started process (PID=6597) to work on /home/airflow/.local/lib/python3.7/site-packages/airflow/example_dags/example_branch_labels.py
[2022-12-23 22:57:42,049] {processor.py:641} INFO - Processing file /home/airflow/.local/lib/python3.7/site-packages/airflow/example_dags/example_branch_labels.py for tasks to queue
[2022-12-23 22:57:42,050] {logging_mixin.py:115} INFO - [2022-12-23 22:57:42,050] {dagbag.py:507} INFO - Filling up the DagBag from /home/airflow/.local/lib/python3.7/site-packages/airflow/example_dags/example_branch_labels.py
[2022-12-23 22:57:42,055] {processor.py:651} INFO - DAG(s) dict_keys(['example_branch_labels']) retrieved from /home/airflow/.local/lib/python3.7/site-packages/airflow/example_dags/example_branch_labels.py
[2022-12-23 22:57:42,082] {logging_mixin.py:115} INFO - [2022-12-23 22:57:42,082] {dag.py:2371} INFO - Sync 1 DAGs
[2022-12-23 22:57:42,099] {logging_mixin.py:115} INFO - [2022-12-23 22:57:42,099] {dag.py:2919} INFO - Setting next_dagrun for example_branch_labels to 2022-12-22T00:00:00+00:00, run_after=2022-12-23T00:00:00+00:00
[2022-12-23 22:57:42,108] {processor.py:161} INFO - Processing /home/airflow/.local/lib/python3.7/site-packages/airflow/example_dags/example_branch_labels.py took 0.063 seconds
[2022-12-23 22:58:12,689] {processor.py:153} INFO - Started process (PID=6804) to work on /home/airflow/.local/lib/python3.7/site-packages/airflow/example_dags/example_branch_labels.py
[2022-12-23 22:58:12,691] {processor.py:641} INFO - Processing file /home/airflow/.local/lib/python3.7/site-packages/airflow/example_dags/example_branch_labels.py for tasks to queue
[2022-12-23 22:58:12,692] {logging_mixin.py:115} INFO - [2022-12-23 22:58:12,692] {dagbag.py:507} INFO - Filling up the DagBag from /home/airflow/.local/lib/python3.7/site-packages/airflow/example_dags/example_branch_labels.py
[2022-12-23 22:58:12,698] {processor.py:651} INFO - DAG(s) dict_keys(['example_branch_labels']) retrieved from /home/airflow/.local/lib/python3.7/site-packages/airflow/example_dags/example_branch_labels.py
[2022-12-23 22:58:12,722] {logging_mixin.py:115} INFO - [2022-12-23 22:58:12,722] {dag.py:2371} INFO - Sync 1 DAGs
[2022-12-23 22:58:12,740] {logging_mixin.py:115} INFO - [2022-12-23 22:58:12,740] {dag.py:2919} INFO - Setting next_dagrun for example_branch_labels to 2022-12-22T00:00:00+00:00, run_after=2022-12-23T00:00:00+00:00
[2022-12-23 22:58:12,747] {processor.py:161} INFO - Processing /home/airflow/.local/lib/python3.7/site-packages/airflow/example_dags/example_branch_labels.py took 0.061 seconds
[2022-12-23 22:58:42,879] {processor.py:153} INFO - Started process (PID=6997) to work on /home/airflow/.local/lib/python3.7/site-packages/airflow/example_dags/example_branch_labels.py
[2022-12-23 22:58:42,880] {processor.py:641} INFO - Processing file /home/airflow/.local/lib/python3.7/site-packages/airflow/example_dags/example_branch_labels.py for tasks to queue
[2022-12-23 22:58:42,881] {logging_mixin.py:115} INFO - [2022-12-23 22:58:42,881] {dagbag.py:507} INFO - Filling up the DagBag from /home/airflow/.local/lib/python3.7/site-packages/airflow/example_dags/example_branch_labels.py
[2022-12-23 22:58:42,885] {processor.py:651} INFO - DAG(s) dict_keys(['example_branch_labels']) retrieved from /home/airflow/.local/lib/python3.7/site-packages/airflow/example_dags/example_branch_labels.py
[2022-12-23 22:58:42,910] {logging_mixin.py:115} INFO - [2022-12-23 22:58:42,910] {dag.py:2371} INFO - Sync 1 DAGs
[2022-12-23 22:58:42,927] {logging_mixin.py:115} INFO - [2022-12-23 22:58:42,927] {dag.py:2919} INFO - Setting next_dagrun for example_branch_labels to 2022-12-22T00:00:00+00:00, run_after=2022-12-23T00:00:00+00:00
[2022-12-23 22:58:42,935] {processor.py:161} INFO - Processing /home/airflow/.local/lib/python3.7/site-packages/airflow/example_dags/example_branch_labels.py took 0.059 seconds
[2022-12-23 22:59:12,966] {processor.py:153} INFO - Started process (PID=7198) to work on /home/airflow/.local/lib/python3.7/site-packages/airflow/example_dags/example_branch_labels.py
[2022-12-23 22:59:12,967] {processor.py:641} INFO - Processing file /home/airflow/.local/lib/python3.7/site-packages/airflow/example_dags/example_branch_labels.py for tasks to queue
[2022-12-23 22:59:12,968] {logging_mixin.py:115} INFO - [2022-12-23 22:59:12,968] {dagbag.py:507} INFO - Filling up the DagBag from /home/airflow/.local/lib/python3.7/site-packages/airflow/example_dags/example_branch_labels.py
[2022-12-23 22:59:12,974] {processor.py:651} INFO - DAG(s) dict_keys(['example_branch_labels']) retrieved from /home/airflow/.local/lib/python3.7/site-packages/airflow/example_dags/example_branch_labels.py
[2022-12-23 22:59:13,000] {logging_mixin.py:115} INFO - [2022-12-23 22:59:13,000] {dag.py:2371} INFO - Sync 1 DAGs
[2022-12-23 22:59:13,017] {logging_mixin.py:115} INFO - [2022-12-23 22:59:13,017] {dag.py:2919} INFO - Setting next_dagrun for example_branch_labels to 2022-12-22T00:00:00+00:00, run_after=2022-12-23T00:00:00+00:00
[2022-12-23 22:59:13,025] {processor.py:161} INFO - Processing /home/airflow/.local/lib/python3.7/site-packages/airflow/example_dags/example_branch_labels.py took 0.062 seconds
[2022-12-23 22:59:43,228] {processor.py:153} INFO - Started process (PID=7404) to work on /home/airflow/.local/lib/python3.7/site-packages/airflow/example_dags/example_branch_labels.py
[2022-12-23 22:59:43,230] {processor.py:641} INFO - Processing file /home/airflow/.local/lib/python3.7/site-packages/airflow/example_dags/example_branch_labels.py for tasks to queue
[2022-12-23 22:59:43,231] {logging_mixin.py:115} INFO - [2022-12-23 22:59:43,230] {dagbag.py:507} INFO - Filling up the DagBag from /home/airflow/.local/lib/python3.7/site-packages/airflow/example_dags/example_branch_labels.py
[2022-12-23 22:59:43,236] {processor.py:651} INFO - DAG(s) dict_keys(['example_branch_labels']) retrieved from /home/airflow/.local/lib/python3.7/site-packages/airflow/example_dags/example_branch_labels.py
[2022-12-23 22:59:43,263] {logging_mixin.py:115} INFO - [2022-12-23 22:59:43,263] {dag.py:2371} INFO - Sync 1 DAGs
[2022-12-23 22:59:43,279] {logging_mixin.py:115} INFO - [2022-12-23 22:59:43,279] {dag.py:2919} INFO - Setting next_dagrun for example_branch_labels to 2022-12-22T00:00:00+00:00, run_after=2022-12-23T00:00:00+00:00
[2022-12-23 22:59:43,287] {processor.py:161} INFO - Processing /home/airflow/.local/lib/python3.7/site-packages/airflow/example_dags/example_branch_labels.py took 0.062 seconds
[2022-12-23 23:00:13,503] {processor.py:153} INFO - Started process (PID=7609) to work on /home/airflow/.local/lib/python3.7/site-packages/airflow/example_dags/example_branch_labels.py
[2022-12-23 23:00:13,504] {processor.py:641} INFO - Processing file /home/airflow/.local/lib/python3.7/site-packages/airflow/example_dags/example_branch_labels.py for tasks to queue
[2022-12-23 23:00:13,505] {logging_mixin.py:115} INFO - [2022-12-23 23:00:13,505] {dagbag.py:507} INFO - Filling up the DagBag from /home/airflow/.local/lib/python3.7/site-packages/airflow/example_dags/example_branch_labels.py
[2022-12-23 23:00:13,511] {processor.py:651} INFO - DAG(s) dict_keys(['example_branch_labels']) retrieved from /home/airflow/.local/lib/python3.7/site-packages/airflow/example_dags/example_branch_labels.py
[2022-12-23 23:00:13,538] {logging_mixin.py:115} INFO - [2022-12-23 23:00:13,538] {dag.py:2371} INFO - Sync 1 DAGs
[2022-12-23 23:00:13,562] {logging_mixin.py:115} INFO - [2022-12-23 23:00:13,562] {dag.py:2919} INFO - Setting next_dagrun for example_branch_labels to 2022-12-22T00:00:00+00:00, run_after=2022-12-23T00:00:00+00:00
[2022-12-23 23:00:13,571] {processor.py:161} INFO - Processing /home/airflow/.local/lib/python3.7/site-packages/airflow/example_dags/example_branch_labels.py took 0.072 seconds
[2022-12-23 23:00:43,799] {processor.py:153} INFO - Started process (PID=7803) to work on /home/airflow/.local/lib/python3.7/site-packages/airflow/example_dags/example_branch_labels.py
[2022-12-23 23:00:43,801] {processor.py:641} INFO - Processing file /home/airflow/.local/lib/python3.7/site-packages/airflow/example_dags/example_branch_labels.py for tasks to queue
[2022-12-23 23:00:43,802] {logging_mixin.py:115} INFO - [2022-12-23 23:00:43,801] {dagbag.py:507} INFO - Filling up the DagBag from /home/airflow/.local/lib/python3.7/site-packages/airflow/example_dags/example_branch_labels.py
[2022-12-23 23:00:43,806] {processor.py:651} INFO - DAG(s) dict_keys(['example_branch_labels']) retrieved from /home/airflow/.local/lib/python3.7/site-packages/airflow/example_dags/example_branch_labels.py
[2022-12-23 23:00:43,831] {logging_mixin.py:115} INFO - [2022-12-23 23:00:43,831] {dag.py:2371} INFO - Sync 1 DAGs
[2022-12-23 23:00:43,848] {logging_mixin.py:115} INFO - [2022-12-23 23:00:43,848] {dag.py:2919} INFO - Setting next_dagrun for example_branch_labels to 2022-12-22T00:00:00+00:00, run_after=2022-12-23T00:00:00+00:00
[2022-12-23 23:00:43,856] {processor.py:161} INFO - Processing /home/airflow/.local/lib/python3.7/site-packages/airflow/example_dags/example_branch_labels.py took 0.059 seconds
[2022-12-23 23:01:14,044] {processor.py:153} INFO - Started process (PID=8008) to work on /home/airflow/.local/lib/python3.7/site-packages/airflow/example_dags/example_branch_labels.py
[2022-12-23 23:01:14,046] {processor.py:641} INFO - Processing file /home/airflow/.local/lib/python3.7/site-packages/airflow/example_dags/example_branch_labels.py for tasks to queue
[2022-12-23 23:01:14,051] {logging_mixin.py:115} INFO - [2022-12-23 23:01:14,051] {dagbag.py:507} INFO - Filling up the DagBag from /home/airflow/.local/lib/python3.7/site-packages/airflow/example_dags/example_branch_labels.py
[2022-12-23 23:01:14,058] {processor.py:651} INFO - DAG(s) dict_keys(['example_branch_labels']) retrieved from /home/airflow/.local/lib/python3.7/site-packages/airflow/example_dags/example_branch_labels.py
[2022-12-23 23:01:14,088] {logging_mixin.py:115} INFO - [2022-12-23 23:01:14,088] {dag.py:2371} INFO - Sync 1 DAGs
[2022-12-23 23:01:14,105] {logging_mixin.py:115} INFO - [2022-12-23 23:01:14,105] {dag.py:2919} INFO - Setting next_dagrun for example_branch_labels to 2022-12-22T00:00:00+00:00, run_after=2022-12-23T00:00:00+00:00
[2022-12-23 23:01:14,112] {processor.py:161} INFO - Processing /home/airflow/.local/lib/python3.7/site-packages/airflow/example_dags/example_branch_labels.py took 0.072 seconds
[2022-12-23 23:03:28,423] {processor.py:153} INFO - Started process (PID=75) to work on /home/airflow/.local/lib/python3.7/site-packages/airflow/example_dags/example_branch_labels.py
[2022-12-23 23:03:28,425] {processor.py:641} INFO - Processing file /home/airflow/.local/lib/python3.7/site-packages/airflow/example_dags/example_branch_labels.py for tasks to queue
[2022-12-23 23:03:28,426] {logging_mixin.py:115} INFO - [2022-12-23 23:03:28,425] {dagbag.py:507} INFO - Filling up the DagBag from /home/airflow/.local/lib/python3.7/site-packages/airflow/example_dags/example_branch_labels.py
[2022-12-23 23:03:28,432] {processor.py:651} INFO - DAG(s) dict_keys(['example_branch_labels']) retrieved from /home/airflow/.local/lib/python3.7/site-packages/airflow/example_dags/example_branch_labels.py
[2022-12-23 23:03:28,592] {logging_mixin.py:115} INFO - [2022-12-23 23:03:28,592] {manager.py:508} INFO - Created Permission View: can read on DAG:example_branch_labels
[2022-12-23 23:03:28,597] {logging_mixin.py:115} INFO - [2022-12-23 23:03:28,597] {manager.py:508} INFO - Created Permission View: can edit on DAG:example_branch_labels
[2022-12-23 23:03:28,602] {logging_mixin.py:115} INFO - [2022-12-23 23:03:28,602] {manager.py:508} INFO - Created Permission View: can delete on DAG:example_branch_labels
[2022-12-23 23:03:28,603] {logging_mixin.py:115} INFO - [2022-12-23 23:03:28,603] {dag.py:2371} INFO - Sync 1 DAGs
[2022-12-23 23:03:28,608] {logging_mixin.py:115} INFO - [2022-12-23 23:03:28,608] {dag.py:2390} INFO - Creating ORM DAG for example_branch_labels
[2022-12-23 23:03:28,617] {logging_mixin.py:115} INFO - [2022-12-23 23:03:28,617] {dag.py:2919} INFO - Setting next_dagrun for example_branch_labels to 2022-12-22T00:00:00+00:00, run_after=2022-12-23T00:00:00+00:00
[2022-12-23 23:03:28,625] {processor.py:161} INFO - Processing /home/airflow/.local/lib/python3.7/site-packages/airflow/example_dags/example_branch_labels.py took 0.205 seconds
[2022-12-23 23:03:59,066] {processor.py:153} INFO - Started process (PID=138) to work on /home/airflow/.local/lib/python3.7/site-packages/airflow/example_dags/example_branch_labels.py
[2022-12-23 23:03:59,067] {processor.py:641} INFO - Processing file /home/airflow/.local/lib/python3.7/site-packages/airflow/example_dags/example_branch_labels.py for tasks to queue
[2022-12-23 23:03:59,068] {logging_mixin.py:115} INFO - [2022-12-23 23:03:59,068] {dagbag.py:507} INFO - Filling up the DagBag from /home/airflow/.local/lib/python3.7/site-packages/airflow/example_dags/example_branch_labels.py
[2022-12-23 23:03:59,074] {processor.py:651} INFO - DAG(s) dict_keys(['example_branch_labels']) retrieved from /home/airflow/.local/lib/python3.7/site-packages/airflow/example_dags/example_branch_labels.py
[2022-12-23 23:03:59,098] {logging_mixin.py:115} INFO - [2022-12-23 23:03:59,098] {dag.py:2371} INFO - Sync 1 DAGs
[2022-12-23 23:03:59,118] {logging_mixin.py:115} INFO - [2022-12-23 23:03:59,118] {dag.py:2919} INFO - Setting next_dagrun for example_branch_labels to 2022-12-22T00:00:00+00:00, run_after=2022-12-23T00:00:00+00:00
[2022-12-23 23:03:59,127] {processor.py:161} INFO - Processing /home/airflow/.local/lib/python3.7/site-packages/airflow/example_dags/example_branch_labels.py took 0.064 seconds
[2022-12-23 23:04:29,338] {processor.py:153} INFO - Started process (PID=201) to work on /home/airflow/.local/lib/python3.7/site-packages/airflow/example_dags/example_branch_labels.py
[2022-12-23 23:04:29,339] {processor.py:641} INFO - Processing file /home/airflow/.local/lib/python3.7/site-packages/airflow/example_dags/example_branch_labels.py for tasks to queue
[2022-12-23 23:04:29,340] {logging_mixin.py:115} INFO - [2022-12-23 23:04:29,340] {dagbag.py:507} INFO - Filling up the DagBag from /home/airflow/.local/lib/python3.7/site-packages/airflow/example_dags/example_branch_labels.py
[2022-12-23 23:04:29,346] {processor.py:651} INFO - DAG(s) dict_keys(['example_branch_labels']) retrieved from /home/airflow/.local/lib/python3.7/site-packages/airflow/example_dags/example_branch_labels.py
[2022-12-23 23:04:29,374] {logging_mixin.py:115} INFO - [2022-12-23 23:04:29,374] {dag.py:2371} INFO - Sync 1 DAGs
[2022-12-23 23:04:29,392] {logging_mixin.py:115} INFO - [2022-12-23 23:04:29,392] {dag.py:2919} INFO - Setting next_dagrun for example_branch_labels to 2022-12-22T00:00:00+00:00, run_after=2022-12-23T00:00:00+00:00
[2022-12-23 23:04:29,400] {processor.py:161} INFO - Processing /home/airflow/.local/lib/python3.7/site-packages/airflow/example_dags/example_branch_labels.py took 0.064 seconds
[2022-12-23 23:04:59,786] {processor.py:153} INFO - Started process (PID=255) to work on /home/airflow/.local/lib/python3.7/site-packages/airflow/example_dags/example_branch_labels.py
[2022-12-23 23:04:59,788] {processor.py:641} INFO - Processing file /home/airflow/.local/lib/python3.7/site-packages/airflow/example_dags/example_branch_labels.py for tasks to queue
[2022-12-23 23:04:59,789] {logging_mixin.py:115} INFO - [2022-12-23 23:04:59,789] {dagbag.py:507} INFO - Filling up the DagBag from /home/airflow/.local/lib/python3.7/site-packages/airflow/example_dags/example_branch_labels.py
[2022-12-23 23:04:59,797] {processor.py:651} INFO - DAG(s) dict_keys(['example_branch_labels']) retrieved from /home/airflow/.local/lib/python3.7/site-packages/airflow/example_dags/example_branch_labels.py
[2022-12-23 23:04:59,824] {logging_mixin.py:115} INFO - [2022-12-23 23:04:59,824] {dag.py:2371} INFO - Sync 1 DAGs
[2022-12-23 23:04:59,844] {logging_mixin.py:115} INFO - [2022-12-23 23:04:59,844] {dag.py:2919} INFO - Setting next_dagrun for example_branch_labels to 2022-12-22T00:00:00+00:00, run_after=2022-12-23T00:00:00+00:00
[2022-12-23 23:04:59,853] {processor.py:161} INFO - Processing /home/airflow/.local/lib/python3.7/site-packages/airflow/example_dags/example_branch_labels.py took 0.071 seconds
[2022-12-23 23:05:30,224] {processor.py:153} INFO - Started process (PID=318) to work on /home/airflow/.local/lib/python3.7/site-packages/airflow/example_dags/example_branch_labels.py
[2022-12-23 23:05:30,225] {processor.py:641} INFO - Processing file /home/airflow/.local/lib/python3.7/site-packages/airflow/example_dags/example_branch_labels.py for tasks to queue
[2022-12-23 23:05:30,226] {logging_mixin.py:115} INFO - [2022-12-23 23:05:30,226] {dagbag.py:507} INFO - Filling up the DagBag from /home/airflow/.local/lib/python3.7/site-packages/airflow/example_dags/example_branch_labels.py
[2022-12-23 23:05:30,231] {processor.py:651} INFO - DAG(s) dict_keys(['example_branch_labels']) retrieved from /home/airflow/.local/lib/python3.7/site-packages/airflow/example_dags/example_branch_labels.py
[2022-12-23 23:05:30,257] {logging_mixin.py:115} INFO - [2022-12-23 23:05:30,256] {dag.py:2371} INFO - Sync 1 DAGs
[2022-12-23 23:05:30,276] {logging_mixin.py:115} INFO - [2022-12-23 23:05:30,276] {dag.py:2919} INFO - Setting next_dagrun for example_branch_labels to 2022-12-22T00:00:00+00:00, run_after=2022-12-23T00:00:00+00:00
[2022-12-23 23:05:30,285] {processor.py:161} INFO - Processing /home/airflow/.local/lib/python3.7/site-packages/airflow/example_dags/example_branch_labels.py took 0.065 seconds
[2022-12-23 23:06:00,554] {processor.py:153} INFO - Started process (PID=380) to work on /home/airflow/.local/lib/python3.7/site-packages/airflow/example_dags/example_branch_labels.py
[2022-12-23 23:06:00,555] {processor.py:641} INFO - Processing file /home/airflow/.local/lib/python3.7/site-packages/airflow/example_dags/example_branch_labels.py for tasks to queue
[2022-12-23 23:06:00,556] {logging_mixin.py:115} INFO - [2022-12-23 23:06:00,556] {dagbag.py:507} INFO - Filling up the DagBag from /home/airflow/.local/lib/python3.7/site-packages/airflow/example_dags/example_branch_labels.py
[2022-12-23 23:06:00,562] {processor.py:651} INFO - DAG(s) dict_keys(['example_branch_labels']) retrieved from /home/airflow/.local/lib/python3.7/site-packages/airflow/example_dags/example_branch_labels.py
[2022-12-23 23:06:00,590] {logging_mixin.py:115} INFO - [2022-12-23 23:06:00,590] {dag.py:2371} INFO - Sync 1 DAGs
[2022-12-23 23:06:00,615] {logging_mixin.py:115} INFO - [2022-12-23 23:06:00,615] {dag.py:2919} INFO - Setting next_dagrun for example_branch_labels to 2022-12-22T00:00:00+00:00, run_after=2022-12-23T00:00:00+00:00
[2022-12-23 23:06:00,627] {processor.py:161} INFO - Processing /home/airflow/.local/lib/python3.7/site-packages/airflow/example_dags/example_branch_labels.py took 0.076 seconds
[2022-12-23 23:06:30,743] {processor.py:153} INFO - Started process (PID=443) to work on /home/airflow/.local/lib/python3.7/site-packages/airflow/example_dags/example_branch_labels.py
[2022-12-23 23:06:30,744] {processor.py:641} INFO - Processing file /home/airflow/.local/lib/python3.7/site-packages/airflow/example_dags/example_branch_labels.py for tasks to queue
[2022-12-23 23:06:30,745] {logging_mixin.py:115} INFO - [2022-12-23 23:06:30,745] {dagbag.py:507} INFO - Filling up the DagBag from /home/airflow/.local/lib/python3.7/site-packages/airflow/example_dags/example_branch_labels.py
[2022-12-23 23:06:30,750] {processor.py:651} INFO - DAG(s) dict_keys(['example_branch_labels']) retrieved from /home/airflow/.local/lib/python3.7/site-packages/airflow/example_dags/example_branch_labels.py
[2022-12-23 23:06:30,774] {logging_mixin.py:115} INFO - [2022-12-23 23:06:30,774] {dag.py:2371} INFO - Sync 1 DAGs
[2022-12-23 23:06:30,791] {logging_mixin.py:115} INFO - [2022-12-23 23:06:30,791] {dag.py:2919} INFO - Setting next_dagrun for example_branch_labels to 2022-12-22T00:00:00+00:00, run_after=2022-12-23T00:00:00+00:00
[2022-12-23 23:06:30,798] {processor.py:161} INFO - Processing /home/airflow/.local/lib/python3.7/site-packages/airflow/example_dags/example_branch_labels.py took 0.058 seconds
[2022-12-23 23:07:01,172] {processor.py:153} INFO - Started process (PID=497) to work on /home/airflow/.local/lib/python3.7/site-packages/airflow/example_dags/example_branch_labels.py
[2022-12-23 23:07:01,173] {processor.py:641} INFO - Processing file /home/airflow/.local/lib/python3.7/site-packages/airflow/example_dags/example_branch_labels.py for tasks to queue
[2022-12-23 23:07:01,174] {logging_mixin.py:115} INFO - [2022-12-23 23:07:01,174] {dagbag.py:507} INFO - Filling up the DagBag from /home/airflow/.local/lib/python3.7/site-packages/airflow/example_dags/example_branch_labels.py
[2022-12-23 23:07:01,179] {processor.py:651} INFO - DAG(s) dict_keys(['example_branch_labels']) retrieved from /home/airflow/.local/lib/python3.7/site-packages/airflow/example_dags/example_branch_labels.py
[2022-12-23 23:07:01,205] {logging_mixin.py:115} INFO - [2022-12-23 23:07:01,205] {dag.py:2371} INFO - Sync 1 DAGs
[2022-12-23 23:07:01,227] {logging_mixin.py:115} INFO - [2022-12-23 23:07:01,227] {dag.py:2919} INFO - Setting next_dagrun for example_branch_labels to 2022-12-22T00:00:00+00:00, run_after=2022-12-23T00:00:00+00:00
[2022-12-23 23:07:01,235] {processor.py:161} INFO - Processing /home/airflow/.local/lib/python3.7/site-packages/airflow/example_dags/example_branch_labels.py took 0.067 seconds
[2022-12-23 23:07:31,855] {processor.py:153} INFO - Started process (PID=560) to work on /home/airflow/.local/lib/python3.7/site-packages/airflow/example_dags/example_branch_labels.py
[2022-12-23 23:07:31,857] {processor.py:641} INFO - Processing file /home/airflow/.local/lib/python3.7/site-packages/airflow/example_dags/example_branch_labels.py for tasks to queue
[2022-12-23 23:07:31,858] {logging_mixin.py:115} INFO - [2022-12-23 23:07:31,858] {dagbag.py:507} INFO - Filling up the DagBag from /home/airflow/.local/lib/python3.7/site-packages/airflow/example_dags/example_branch_labels.py
[2022-12-23 23:07:31,864] {processor.py:651} INFO - DAG(s) dict_keys(['example_branch_labels']) retrieved from /home/airflow/.local/lib/python3.7/site-packages/airflow/example_dags/example_branch_labels.py
[2022-12-23 23:07:31,892] {logging_mixin.py:115} INFO - [2022-12-23 23:07:31,892] {dag.py:2371} INFO - Sync 1 DAGs
[2022-12-23 23:07:31,912] {logging_mixin.py:115} INFO - [2022-12-23 23:07:31,912] {dag.py:2919} INFO - Setting next_dagrun for example_branch_labels to 2022-12-22T00:00:00+00:00, run_after=2022-12-23T00:00:00+00:00
[2022-12-23 23:07:31,922] {processor.py:161} INFO - Processing /home/airflow/.local/lib/python3.7/site-packages/airflow/example_dags/example_branch_labels.py took 0.070 seconds
[2022-12-23 23:08:03,058] {processor.py:153} INFO - Started process (PID=623) to work on /home/airflow/.local/lib/python3.7/site-packages/airflow/example_dags/example_branch_labels.py
[2022-12-23 23:08:03,059] {processor.py:641} INFO - Processing file /home/airflow/.local/lib/python3.7/site-packages/airflow/example_dags/example_branch_labels.py for tasks to queue
[2022-12-23 23:08:03,060] {logging_mixin.py:115} INFO - [2022-12-23 23:08:03,060] {dagbag.py:507} INFO - Filling up the DagBag from /home/airflow/.local/lib/python3.7/site-packages/airflow/example_dags/example_branch_labels.py
[2022-12-23 23:08:03,066] {processor.py:651} INFO - DAG(s) dict_keys(['example_branch_labels']) retrieved from /home/airflow/.local/lib/python3.7/site-packages/airflow/example_dags/example_branch_labels.py
[2022-12-23 23:08:03,092] {logging_mixin.py:115} INFO - [2022-12-23 23:08:03,092] {dag.py:2371} INFO - Sync 1 DAGs
[2022-12-23 23:08:03,115] {logging_mixin.py:115} INFO - [2022-12-23 23:08:03,115] {dag.py:2919} INFO - Setting next_dagrun for example_branch_labels to 2022-12-22T00:00:00+00:00, run_after=2022-12-23T00:00:00+00:00
[2022-12-23 23:08:03,124] {processor.py:161} INFO - Processing /home/airflow/.local/lib/python3.7/site-packages/airflow/example_dags/example_branch_labels.py took 0.068 seconds
[2022-12-23 23:08:33,720] {processor.py:153} INFO - Started process (PID=688) to work on /home/airflow/.local/lib/python3.7/site-packages/airflow/example_dags/example_branch_labels.py
[2022-12-23 23:08:33,722] {processor.py:641} INFO - Processing file /home/airflow/.local/lib/python3.7/site-packages/airflow/example_dags/example_branch_labels.py for tasks to queue
[2022-12-23 23:08:33,723] {logging_mixin.py:115} INFO - [2022-12-23 23:08:33,723] {dagbag.py:507} INFO - Filling up the DagBag from /home/airflow/.local/lib/python3.7/site-packages/airflow/example_dags/example_branch_labels.py
[2022-12-23 23:08:33,729] {processor.py:651} INFO - DAG(s) dict_keys(['example_branch_labels']) retrieved from /home/airflow/.local/lib/python3.7/site-packages/airflow/example_dags/example_branch_labels.py
[2022-12-23 23:08:33,753] {logging_mixin.py:115} INFO - [2022-12-23 23:08:33,753] {dag.py:2371} INFO - Sync 1 DAGs
[2022-12-23 23:08:33,868] {logging_mixin.py:115} INFO - [2022-12-23 23:08:33,868] {dag.py:2919} INFO - Setting next_dagrun for example_branch_labels to 2022-12-22T00:00:00+00:00, run_after=2022-12-23T00:00:00+00:00
[2022-12-23 23:08:33,876] {processor.py:161} INFO - Processing /home/airflow/.local/lib/python3.7/site-packages/airflow/example_dags/example_branch_labels.py took 0.158 seconds
