[2022-12-23T00:00:06.150+0000] {processor.py:153} INFO - Started process (PID=3216) to work on /home/airflow/.local/lib/python3.7/site-packages/airflow/example_dags/example_xcom.py
[2022-12-23T00:00:06.151+0000] {processor.py:743} INFO - Processing file /home/airflow/.local/lib/python3.7/site-packages/airflow/example_dags/example_xcom.py for tasks to queue
[2022-12-23T00:00:06.152+0000] {logging_mixin.py:137} INFO - [2022-12-23T00:00:06.152+0000] {dagbag.py:538} INFO - Filling up the DagBag from /home/airflow/.local/lib/python3.7/site-packages/airflow/example_dags/example_xcom.py
[2022-12-23T00:00:06.171+0000] {processor.py:753} INFO - DAG(s) dict_keys(['example_xcom']) retrieved from /home/airflow/.local/lib/python3.7/site-packages/airflow/example_dags/example_xcom.py
[2022-12-23T00:00:06.206+0000] {logging_mixin.py:137} INFO - [2022-12-23T00:00:06.206+0000] {dag.py:2676} INFO - Sync 1 DAGs
[2022-12-23T00:00:06.224+0000] {logging_mixin.py:137} INFO - [2022-12-23T00:00:06.224+0000] {dag.py:3427} INFO - Setting next_dagrun for example_xcom to 2021-01-01T00:00:00+00:00, run_after=2021-01-01T00:00:00+00:00
[2022-12-23T00:00:06.238+0000] {processor.py:175} INFO - Processing /home/airflow/.local/lib/python3.7/site-packages/airflow/example_dags/example_xcom.py took 0.091 seconds
[2022-12-23T00:00:36.798+0000] {processor.py:153} INFO - Started process (PID=3430) to work on /home/airflow/.local/lib/python3.7/site-packages/airflow/example_dags/example_xcom.py
[2022-12-23T00:00:36.799+0000] {processor.py:743} INFO - Processing file /home/airflow/.local/lib/python3.7/site-packages/airflow/example_dags/example_xcom.py for tasks to queue
[2022-12-23T00:00:36.800+0000] {logging_mixin.py:137} INFO - [2022-12-23T00:00:36.800+0000] {dagbag.py:538} INFO - Filling up the DagBag from /home/airflow/.local/lib/python3.7/site-packages/airflow/example_dags/example_xcom.py
[2022-12-23T00:00:36.818+0000] {processor.py:753} INFO - DAG(s) dict_keys(['example_xcom']) retrieved from /home/airflow/.local/lib/python3.7/site-packages/airflow/example_dags/example_xcom.py
[2022-12-23T00:00:36.853+0000] {logging_mixin.py:137} INFO - [2022-12-23T00:00:36.853+0000] {dag.py:2676} INFO - Sync 1 DAGs
[2022-12-23T00:00:36.871+0000] {logging_mixin.py:137} INFO - [2022-12-23T00:00:36.871+0000] {dag.py:3427} INFO - Setting next_dagrun for example_xcom to 2021-01-01T00:00:00+00:00, run_after=2021-01-01T00:00:00+00:00
[2022-12-23T00:00:36.884+0000] {processor.py:175} INFO - Processing /home/airflow/.local/lib/python3.7/site-packages/airflow/example_dags/example_xcom.py took 0.089 seconds
[2022-12-23T00:01:07.504+0000] {processor.py:153} INFO - Started process (PID=3656) to work on /home/airflow/.local/lib/python3.7/site-packages/airflow/example_dags/example_xcom.py
[2022-12-23T00:01:07.505+0000] {processor.py:743} INFO - Processing file /home/airflow/.local/lib/python3.7/site-packages/airflow/example_dags/example_xcom.py for tasks to queue
[2022-12-23T00:01:07.506+0000] {logging_mixin.py:137} INFO - [2022-12-23T00:01:07.506+0000] {dagbag.py:538} INFO - Filling up the DagBag from /home/airflow/.local/lib/python3.7/site-packages/airflow/example_dags/example_xcom.py
[2022-12-23T00:01:07.524+0000] {processor.py:753} INFO - DAG(s) dict_keys(['example_xcom']) retrieved from /home/airflow/.local/lib/python3.7/site-packages/airflow/example_dags/example_xcom.py
[2022-12-23T00:01:07.557+0000] {logging_mixin.py:137} INFO - [2022-12-23T00:01:07.557+0000] {dag.py:2676} INFO - Sync 1 DAGs
[2022-12-23T00:01:07.575+0000] {logging_mixin.py:137} INFO - [2022-12-23T00:01:07.575+0000] {dag.py:3427} INFO - Setting next_dagrun for example_xcom to 2021-01-01T00:00:00+00:00, run_after=2021-01-01T00:00:00+00:00
[2022-12-23T00:01:07.589+0000] {processor.py:175} INFO - Processing /home/airflow/.local/lib/python3.7/site-packages/airflow/example_dags/example_xcom.py took 0.089 seconds
[2022-12-23T00:03:14.290+0000] {processor.py:153} INFO - Started process (PID=323) to work on /home/airflow/.local/lib/python3.7/site-packages/airflow/example_dags/example_xcom.py
[2022-12-23T00:03:14.292+0000] {processor.py:743} INFO - Processing file /home/airflow/.local/lib/python3.7/site-packages/airflow/example_dags/example_xcom.py for tasks to queue
[2022-12-23T00:03:14.294+0000] {logging_mixin.py:137} INFO - [2022-12-23T00:03:14.294+0000] {dagbag.py:538} INFO - Filling up the DagBag from /home/airflow/.local/lib/python3.7/site-packages/airflow/example_dags/example_xcom.py
[2022-12-23T00:03:14.316+0000] {processor.py:753} INFO - DAG(s) dict_keys(['example_xcom']) retrieved from /home/airflow/.local/lib/python3.7/site-packages/airflow/example_dags/example_xcom.py
[2022-12-23T00:03:14.343+0000] {logging_mixin.py:137} INFO - [2022-12-23T00:03:14.343+0000] {dag.py:2676} INFO - Sync 1 DAGs
[2022-12-23T00:03:14.364+0000] {logging_mixin.py:137} INFO - [2022-12-23T00:03:14.364+0000] {dag.py:3427} INFO - Setting next_dagrun for example_xcom to 2021-01-01T00:00:00+00:00, run_after=2021-01-01T00:00:00+00:00
[2022-12-23T00:03:14.378+0000] {processor.py:175} INFO - Processing /home/airflow/.local/lib/python3.7/site-packages/airflow/example_dags/example_xcom.py took 0.091 seconds
[2022-12-23T00:03:45.243+0000] {processor.py:153} INFO - Started process (PID=549) to work on /home/airflow/.local/lib/python3.7/site-packages/airflow/example_dags/example_xcom.py
[2022-12-23T00:03:45.245+0000] {processor.py:743} INFO - Processing file /home/airflow/.local/lib/python3.7/site-packages/airflow/example_dags/example_xcom.py for tasks to queue
[2022-12-23T00:03:45.246+0000] {logging_mixin.py:137} INFO - [2022-12-23T00:03:45.246+0000] {dagbag.py:538} INFO - Filling up the DagBag from /home/airflow/.local/lib/python3.7/site-packages/airflow/example_dags/example_xcom.py
[2022-12-23T00:03:45.266+0000] {processor.py:753} INFO - DAG(s) dict_keys(['example_xcom']) retrieved from /home/airflow/.local/lib/python3.7/site-packages/airflow/example_dags/example_xcom.py
[2022-12-23T00:03:45.302+0000] {logging_mixin.py:137} INFO - [2022-12-23T00:03:45.302+0000] {dag.py:2676} INFO - Sync 1 DAGs
[2022-12-23T00:03:45.322+0000] {logging_mixin.py:137} INFO - [2022-12-23T00:03:45.322+0000] {dag.py:3427} INFO - Setting next_dagrun for example_xcom to 2021-01-01T00:00:00+00:00, run_after=2021-01-01T00:00:00+00:00
[2022-12-23T00:03:45.336+0000] {processor.py:175} INFO - Processing /home/airflow/.local/lib/python3.7/site-packages/airflow/example_dags/example_xcom.py took 0.096 seconds
[2022-12-23T00:04:16.682+0000] {processor.py:153} INFO - Started process (PID=775) to work on /home/airflow/.local/lib/python3.7/site-packages/airflow/example_dags/example_xcom.py
[2022-12-23T00:04:16.684+0000] {processor.py:743} INFO - Processing file /home/airflow/.local/lib/python3.7/site-packages/airflow/example_dags/example_xcom.py for tasks to queue
[2022-12-23T00:04:16.685+0000] {logging_mixin.py:137} INFO - [2022-12-23T00:04:16.685+0000] {dagbag.py:538} INFO - Filling up the DagBag from /home/airflow/.local/lib/python3.7/site-packages/airflow/example_dags/example_xcom.py
[2022-12-23T00:04:16.708+0000] {processor.py:753} INFO - DAG(s) dict_keys(['example_xcom']) retrieved from /home/airflow/.local/lib/python3.7/site-packages/airflow/example_dags/example_xcom.py
[2022-12-23T00:04:16.744+0000] {logging_mixin.py:137} INFO - [2022-12-23T00:04:16.744+0000] {dag.py:2676} INFO - Sync 1 DAGs
[2022-12-23T00:04:16.763+0000] {logging_mixin.py:137} INFO - [2022-12-23T00:04:16.763+0000] {dag.py:3427} INFO - Setting next_dagrun for example_xcom to 2021-01-01T00:00:00+00:00, run_after=2021-01-01T00:00:00+00:00
[2022-12-23T00:04:16.778+0000] {processor.py:175} INFO - Processing /home/airflow/.local/lib/python3.7/site-packages/airflow/example_dags/example_xcom.py took 0.099 seconds
[2022-12-23T00:04:47.571+0000] {processor.py:153} INFO - Started process (PID=989) to work on /home/airflow/.local/lib/python3.7/site-packages/airflow/example_dags/example_xcom.py
[2022-12-23T00:04:47.572+0000] {processor.py:743} INFO - Processing file /home/airflow/.local/lib/python3.7/site-packages/airflow/example_dags/example_xcom.py for tasks to queue
[2022-12-23T00:04:47.573+0000] {logging_mixin.py:137} INFO - [2022-12-23T00:04:47.573+0000] {dagbag.py:538} INFO - Filling up the DagBag from /home/airflow/.local/lib/python3.7/site-packages/airflow/example_dags/example_xcom.py
[2022-12-23T00:04:47.594+0000] {processor.py:753} INFO - DAG(s) dict_keys(['example_xcom']) retrieved from /home/airflow/.local/lib/python3.7/site-packages/airflow/example_dags/example_xcom.py
[2022-12-23T00:04:47.625+0000] {logging_mixin.py:137} INFO - [2022-12-23T00:04:47.625+0000] {dag.py:2676} INFO - Sync 1 DAGs
[2022-12-23T00:04:47.644+0000] {logging_mixin.py:137} INFO - [2022-12-23T00:04:47.644+0000] {dag.py:3427} INFO - Setting next_dagrun for example_xcom to 2021-01-01T00:00:00+00:00, run_after=2021-01-01T00:00:00+00:00
[2022-12-23T00:04:47.658+0000] {processor.py:175} INFO - Processing /home/airflow/.local/lib/python3.7/site-packages/airflow/example_dags/example_xcom.py took 0.090 seconds
[2022-12-23T00:05:18.442+0000] {processor.py:153} INFO - Started process (PID=1216) to work on /home/airflow/.local/lib/python3.7/site-packages/airflow/example_dags/example_xcom.py
[2022-12-23T00:05:18.444+0000] {processor.py:743} INFO - Processing file /home/airflow/.local/lib/python3.7/site-packages/airflow/example_dags/example_xcom.py for tasks to queue
[2022-12-23T00:05:18.445+0000] {logging_mixin.py:137} INFO - [2022-12-23T00:05:18.445+0000] {dagbag.py:538} INFO - Filling up the DagBag from /home/airflow/.local/lib/python3.7/site-packages/airflow/example_dags/example_xcom.py
[2022-12-23T00:05:18.465+0000] {processor.py:753} INFO - DAG(s) dict_keys(['example_xcom']) retrieved from /home/airflow/.local/lib/python3.7/site-packages/airflow/example_dags/example_xcom.py
[2022-12-23T00:05:18.498+0000] {logging_mixin.py:137} INFO - [2022-12-23T00:05:18.498+0000] {dag.py:2676} INFO - Sync 1 DAGs
[2022-12-23T00:05:18.517+0000] {logging_mixin.py:137} INFO - [2022-12-23T00:05:18.517+0000] {dag.py:3427} INFO - Setting next_dagrun for example_xcom to 2021-01-01T00:00:00+00:00, run_after=2021-01-01T00:00:00+00:00
[2022-12-23T00:05:18.530+0000] {processor.py:175} INFO - Processing /home/airflow/.local/lib/python3.7/site-packages/airflow/example_dags/example_xcom.py took 0.091 seconds
[2022-12-23 22:41:57,267] {processor.py:153} INFO - Started process (PID=324) to work on /home/airflow/.local/lib/python3.7/site-packages/airflow/example_dags/example_xcom.py
[2022-12-23 22:41:57,268] {processor.py:641} INFO - Processing file /home/airflow/.local/lib/python3.7/site-packages/airflow/example_dags/example_xcom.py for tasks to queue
[2022-12-23 22:41:57,271] {logging_mixin.py:115} INFO - [2022-12-23 22:41:57,271] {dagbag.py:507} INFO - Filling up the DagBag from /home/airflow/.local/lib/python3.7/site-packages/airflow/example_dags/example_xcom.py
[2022-12-23 22:41:57,303] {processor.py:651} INFO - DAG(s) dict_keys(['example_xcom']) retrieved from /home/airflow/.local/lib/python3.7/site-packages/airflow/example_dags/example_xcom.py
[2022-12-23 22:41:57,396] {logging_mixin.py:115} INFO - [2022-12-23 22:41:57,396] {manager.py:508} INFO - Created Permission View: can delete on DAG:example_xcom
[2022-12-23 22:41:57,410] {logging_mixin.py:115} INFO - [2022-12-23 22:41:57,410] {manager.py:508} INFO - Created Permission View: can edit on DAG:example_xcom
[2022-12-23 22:41:57,425] {logging_mixin.py:115} INFO - [2022-12-23 22:41:57,425] {manager.py:508} INFO - Created Permission View: can read on DAG:example_xcom
[2022-12-23 22:41:57,426] {logging_mixin.py:115} INFO - [2022-12-23 22:41:57,426] {dag.py:2371} INFO - Sync 1 DAGs
[2022-12-23 22:41:57,441] {logging_mixin.py:115} INFO - [2022-12-23 22:41:57,441] {dag.py:2390} INFO - Creating ORM DAG for example_xcom
[2022-12-23 22:41:57,456] {logging_mixin.py:115} INFO - [2022-12-23 22:41:57,456] {dag.py:2919} INFO - Setting next_dagrun for example_xcom to 2021-01-01T00:00:00+00:00, run_after=2021-01-01T00:00:00+00:00
[2022-12-23 22:41:57,473] {processor.py:161} INFO - Processing /home/airflow/.local/lib/python3.7/site-packages/airflow/example_dags/example_xcom.py took 0.213 seconds
[2022-12-23 22:42:27,530] {processor.py:153} INFO - Started process (PID=527) to work on /home/airflow/.local/lib/python3.7/site-packages/airflow/example_dags/example_xcom.py
[2022-12-23 22:42:27,532] {processor.py:641} INFO - Processing file /home/airflow/.local/lib/python3.7/site-packages/airflow/example_dags/example_xcom.py for tasks to queue
[2022-12-23 22:42:27,533] {logging_mixin.py:115} INFO - [2022-12-23 22:42:27,533] {dagbag.py:507} INFO - Filling up the DagBag from /home/airflow/.local/lib/python3.7/site-packages/airflow/example_dags/example_xcom.py
[2022-12-23 22:42:27,549] {processor.py:651} INFO - DAG(s) dict_keys(['example_xcom']) retrieved from /home/airflow/.local/lib/python3.7/site-packages/airflow/example_dags/example_xcom.py
[2022-12-23 22:42:27,596] {logging_mixin.py:115} INFO - [2022-12-23 22:42:27,596] {dag.py:2371} INFO - Sync 1 DAGs
[2022-12-23 22:42:27,609] {logging_mixin.py:115} INFO - [2022-12-23 22:42:27,609] {dag.py:2919} INFO - Setting next_dagrun for example_xcom to 2021-01-01T00:00:00+00:00, run_after=2021-01-01T00:00:00+00:00
[2022-12-23 22:42:27,620] {processor.py:161} INFO - Processing /home/airflow/.local/lib/python3.7/site-packages/airflow/example_dags/example_xcom.py took 0.093 seconds
[2022-12-23 22:42:57,683] {processor.py:153} INFO - Started process (PID=721) to work on /home/airflow/.local/lib/python3.7/site-packages/airflow/example_dags/example_xcom.py
[2022-12-23 22:42:57,684] {processor.py:641} INFO - Processing file /home/airflow/.local/lib/python3.7/site-packages/airflow/example_dags/example_xcom.py for tasks to queue
[2022-12-23 22:42:57,685] {logging_mixin.py:115} INFO - [2022-12-23 22:42:57,685] {dagbag.py:507} INFO - Filling up the DagBag from /home/airflow/.local/lib/python3.7/site-packages/airflow/example_dags/example_xcom.py
[2022-12-23 22:42:57,702] {processor.py:651} INFO - DAG(s) dict_keys(['example_xcom']) retrieved from /home/airflow/.local/lib/python3.7/site-packages/airflow/example_dags/example_xcom.py
[2022-12-23 22:42:57,750] {logging_mixin.py:115} INFO - [2022-12-23 22:42:57,750] {dag.py:2371} INFO - Sync 1 DAGs
[2022-12-23 22:42:57,764] {logging_mixin.py:115} INFO - [2022-12-23 22:42:57,764] {dag.py:2919} INFO - Setting next_dagrun for example_xcom to 2021-01-01T00:00:00+00:00, run_after=2021-01-01T00:00:00+00:00
[2022-12-23 22:42:57,774] {processor.py:161} INFO - Processing /home/airflow/.local/lib/python3.7/site-packages/airflow/example_dags/example_xcom.py took 0.094 seconds
[2022-12-23 22:43:27,802] {processor.py:153} INFO - Started process (PID=924) to work on /home/airflow/.local/lib/python3.7/site-packages/airflow/example_dags/example_xcom.py
[2022-12-23 22:43:27,803] {processor.py:641} INFO - Processing file /home/airflow/.local/lib/python3.7/site-packages/airflow/example_dags/example_xcom.py for tasks to queue
[2022-12-23 22:43:27,804] {logging_mixin.py:115} INFO - [2022-12-23 22:43:27,804] {dagbag.py:507} INFO - Filling up the DagBag from /home/airflow/.local/lib/python3.7/site-packages/airflow/example_dags/example_xcom.py
[2022-12-23 22:43:27,821] {processor.py:651} INFO - DAG(s) dict_keys(['example_xcom']) retrieved from /home/airflow/.local/lib/python3.7/site-packages/airflow/example_dags/example_xcom.py
[2022-12-23 22:43:27,843] {logging_mixin.py:115} INFO - [2022-12-23 22:43:27,843] {dag.py:2371} INFO - Sync 1 DAGs
[2022-12-23 22:43:27,857] {logging_mixin.py:115} INFO - [2022-12-23 22:43:27,857] {dag.py:2919} INFO - Setting next_dagrun for example_xcom to 2021-01-01T00:00:00+00:00, run_after=2021-01-01T00:00:00+00:00
[2022-12-23 22:43:27,865] {processor.py:161} INFO - Processing /home/airflow/.local/lib/python3.7/site-packages/airflow/example_dags/example_xcom.py took 0.066 seconds
[2022-12-23 22:43:57,963] {processor.py:153} INFO - Started process (PID=1127) to work on /home/airflow/.local/lib/python3.7/site-packages/airflow/example_dags/example_xcom.py
[2022-12-23 22:43:57,964] {processor.py:641} INFO - Processing file /home/airflow/.local/lib/python3.7/site-packages/airflow/example_dags/example_xcom.py for tasks to queue
[2022-12-23 22:43:57,965] {logging_mixin.py:115} INFO - [2022-12-23 22:43:57,965] {dagbag.py:507} INFO - Filling up the DagBag from /home/airflow/.local/lib/python3.7/site-packages/airflow/example_dags/example_xcom.py
[2022-12-23 22:43:57,982] {processor.py:651} INFO - DAG(s) dict_keys(['example_xcom']) retrieved from /home/airflow/.local/lib/python3.7/site-packages/airflow/example_dags/example_xcom.py
[2022-12-23 22:43:58,030] {logging_mixin.py:115} INFO - [2022-12-23 22:43:58,030] {dag.py:2371} INFO - Sync 1 DAGs
[2022-12-23 22:43:58,043] {logging_mixin.py:115} INFO - [2022-12-23 22:43:58,042] {dag.py:2919} INFO - Setting next_dagrun for example_xcom to 2021-01-01T00:00:00+00:00, run_after=2021-01-01T00:00:00+00:00
[2022-12-23 22:43:58,052] {processor.py:161} INFO - Processing /home/airflow/.local/lib/python3.7/site-packages/airflow/example_dags/example_xcom.py took 0.093 seconds
[2022-12-23 22:44:28,226] {processor.py:153} INFO - Started process (PID=1330) to work on /home/airflow/.local/lib/python3.7/site-packages/airflow/example_dags/example_xcom.py
[2022-12-23 22:44:28,228] {processor.py:641} INFO - Processing file /home/airflow/.local/lib/python3.7/site-packages/airflow/example_dags/example_xcom.py for tasks to queue
[2022-12-23 22:44:28,229] {logging_mixin.py:115} INFO - [2022-12-23 22:44:28,228] {dagbag.py:507} INFO - Filling up the DagBag from /home/airflow/.local/lib/python3.7/site-packages/airflow/example_dags/example_xcom.py
[2022-12-23 22:44:28,248] {processor.py:651} INFO - DAG(s) dict_keys(['example_xcom']) retrieved from /home/airflow/.local/lib/python3.7/site-packages/airflow/example_dags/example_xcom.py
[2022-12-23 22:44:28,273] {logging_mixin.py:115} INFO - [2022-12-23 22:44:28,273] {dag.py:2371} INFO - Sync 1 DAGs
[2022-12-23 22:44:28,290] {logging_mixin.py:115} INFO - [2022-12-23 22:44:28,290] {dag.py:2919} INFO - Setting next_dagrun for example_xcom to 2021-01-01T00:00:00+00:00, run_after=2021-01-01T00:00:00+00:00
[2022-12-23 22:44:28,300] {processor.py:161} INFO - Processing /home/airflow/.local/lib/python3.7/site-packages/airflow/example_dags/example_xcom.py took 0.077 seconds
[2022-12-23 22:44:59,161] {processor.py:153} INFO - Started process (PID=1524) to work on /home/airflow/.local/lib/python3.7/site-packages/airflow/example_dags/example_xcom.py
[2022-12-23 22:44:59,162] {processor.py:641} INFO - Processing file /home/airflow/.local/lib/python3.7/site-packages/airflow/example_dags/example_xcom.py for tasks to queue
[2022-12-23 22:44:59,163] {logging_mixin.py:115} INFO - [2022-12-23 22:44:59,163] {dagbag.py:507} INFO - Filling up the DagBag from /home/airflow/.local/lib/python3.7/site-packages/airflow/example_dags/example_xcom.py
[2022-12-23 22:44:59,179] {processor.py:651} INFO - DAG(s) dict_keys(['example_xcom']) retrieved from /home/airflow/.local/lib/python3.7/site-packages/airflow/example_dags/example_xcom.py
[2022-12-23 22:44:59,226] {logging_mixin.py:115} INFO - [2022-12-23 22:44:59,226] {dag.py:2371} INFO - Sync 1 DAGs
[2022-12-23 22:44:59,243] {logging_mixin.py:115} INFO - [2022-12-23 22:44:59,243] {dag.py:2919} INFO - Setting next_dagrun for example_xcom to 2021-01-01T00:00:00+00:00, run_after=2021-01-01T00:00:00+00:00
[2022-12-23 22:44:59,254] {processor.py:161} INFO - Processing /home/airflow/.local/lib/python3.7/site-packages/airflow/example_dags/example_xcom.py took 0.096 seconds
[2022-12-23 22:45:30,060] {processor.py:153} INFO - Started process (PID=1727) to work on /home/airflow/.local/lib/python3.7/site-packages/airflow/example_dags/example_xcom.py
[2022-12-23 22:45:30,061] {processor.py:641} INFO - Processing file /home/airflow/.local/lib/python3.7/site-packages/airflow/example_dags/example_xcom.py for tasks to queue
[2022-12-23 22:45:30,062] {logging_mixin.py:115} INFO - [2022-12-23 22:45:30,062] {dagbag.py:507} INFO - Filling up the DagBag from /home/airflow/.local/lib/python3.7/site-packages/airflow/example_dags/example_xcom.py
[2022-12-23 22:45:30,079] {processor.py:651} INFO - DAG(s) dict_keys(['example_xcom']) retrieved from /home/airflow/.local/lib/python3.7/site-packages/airflow/example_dags/example_xcom.py
[2022-12-23 22:45:30,125] {logging_mixin.py:115} INFO - [2022-12-23 22:45:30,125] {dag.py:2371} INFO - Sync 1 DAGs
[2022-12-23 22:45:30,139] {logging_mixin.py:115} INFO - [2022-12-23 22:45:30,139] {dag.py:2919} INFO - Setting next_dagrun for example_xcom to 2021-01-01T00:00:00+00:00, run_after=2021-01-01T00:00:00+00:00
[2022-12-23 22:45:30,150] {processor.py:161} INFO - Processing /home/airflow/.local/lib/python3.7/site-packages/airflow/example_dags/example_xcom.py took 0.092 seconds
[2022-12-23 22:46:00,180] {processor.py:153} INFO - Started process (PID=1930) to work on /home/airflow/.local/lib/python3.7/site-packages/airflow/example_dags/example_xcom.py
[2022-12-23 22:46:00,181] {processor.py:641} INFO - Processing file /home/airflow/.local/lib/python3.7/site-packages/airflow/example_dags/example_xcom.py for tasks to queue
[2022-12-23 22:46:00,182] {logging_mixin.py:115} INFO - [2022-12-23 22:46:00,182] {dagbag.py:507} INFO - Filling up the DagBag from /home/airflow/.local/lib/python3.7/site-packages/airflow/example_dags/example_xcom.py
[2022-12-23 22:46:00,198] {processor.py:651} INFO - DAG(s) dict_keys(['example_xcom']) retrieved from /home/airflow/.local/lib/python3.7/site-packages/airflow/example_dags/example_xcom.py
[2022-12-23 22:46:00,220] {logging_mixin.py:115} INFO - [2022-12-23 22:46:00,220] {dag.py:2371} INFO - Sync 1 DAGs
[2022-12-23 22:46:00,236] {logging_mixin.py:115} INFO - [2022-12-23 22:46:00,235] {dag.py:2919} INFO - Setting next_dagrun for example_xcom to 2021-01-01T00:00:00+00:00, run_after=2021-01-01T00:00:00+00:00
[2022-12-23 22:46:00,244] {processor.py:161} INFO - Processing /home/airflow/.local/lib/python3.7/site-packages/airflow/example_dags/example_xcom.py took 0.068 seconds
[2022-12-23 22:46:31,380] {processor.py:153} INFO - Started process (PID=2133) to work on /home/airflow/.local/lib/python3.7/site-packages/airflow/example_dags/example_xcom.py
[2022-12-23 22:46:31,381] {processor.py:641} INFO - Processing file /home/airflow/.local/lib/python3.7/site-packages/airflow/example_dags/example_xcom.py for tasks to queue
[2022-12-23 22:46:31,382] {logging_mixin.py:115} INFO - [2022-12-23 22:46:31,382] {dagbag.py:507} INFO - Filling up the DagBag from /home/airflow/.local/lib/python3.7/site-packages/airflow/example_dags/example_xcom.py
[2022-12-23 22:46:31,398] {processor.py:651} INFO - DAG(s) dict_keys(['example_xcom']) retrieved from /home/airflow/.local/lib/python3.7/site-packages/airflow/example_dags/example_xcom.py
[2022-12-23 22:46:31,420] {logging_mixin.py:115} INFO - [2022-12-23 22:46:31,420] {dag.py:2371} INFO - Sync 1 DAGs
[2022-12-23 22:46:31,435] {logging_mixin.py:115} INFO - [2022-12-23 22:46:31,435] {dag.py:2919} INFO - Setting next_dagrun for example_xcom to 2021-01-01T00:00:00+00:00, run_after=2021-01-01T00:00:00+00:00
[2022-12-23 22:46:31,443] {processor.py:161} INFO - Processing /home/airflow/.local/lib/python3.7/site-packages/airflow/example_dags/example_xcom.py took 0.066 seconds
[2022-12-23 22:47:01,647] {processor.py:153} INFO - Started process (PID=2337) to work on /home/airflow/.local/lib/python3.7/site-packages/airflow/example_dags/example_xcom.py
[2022-12-23 22:47:01,648] {processor.py:641} INFO - Processing file /home/airflow/.local/lib/python3.7/site-packages/airflow/example_dags/example_xcom.py for tasks to queue
[2022-12-23 22:47:01,649] {logging_mixin.py:115} INFO - [2022-12-23 22:47:01,649] {dagbag.py:507} INFO - Filling up the DagBag from /home/airflow/.local/lib/python3.7/site-packages/airflow/example_dags/example_xcom.py
[2022-12-23 22:47:01,662] {processor.py:651} INFO - DAG(s) dict_keys(['example_xcom']) retrieved from /home/airflow/.local/lib/python3.7/site-packages/airflow/example_dags/example_xcom.py
[2022-12-23 22:47:01,715] {logging_mixin.py:115} INFO - [2022-12-23 22:47:01,715] {dag.py:2371} INFO - Sync 1 DAGs
[2022-12-23 22:47:01,730] {logging_mixin.py:115} INFO - [2022-12-23 22:47:01,730] {dag.py:2919} INFO - Setting next_dagrun for example_xcom to 2021-01-01T00:00:00+00:00, run_after=2021-01-01T00:00:00+00:00
[2022-12-23 22:47:01,741] {processor.py:161} INFO - Processing /home/airflow/.local/lib/python3.7/site-packages/airflow/example_dags/example_xcom.py took 0.097 seconds
[2022-12-23 22:47:32,856] {processor.py:153} INFO - Started process (PID=2539) to work on /home/airflow/.local/lib/python3.7/site-packages/airflow/example_dags/example_xcom.py
[2022-12-23 22:47:32,858] {processor.py:641} INFO - Processing file /home/airflow/.local/lib/python3.7/site-packages/airflow/example_dags/example_xcom.py for tasks to queue
[2022-12-23 22:47:32,859] {logging_mixin.py:115} INFO - [2022-12-23 22:47:32,859] {dagbag.py:507} INFO - Filling up the DagBag from /home/airflow/.local/lib/python3.7/site-packages/airflow/example_dags/example_xcom.py
[2022-12-23 22:47:32,872] {processor.py:651} INFO - DAG(s) dict_keys(['example_xcom']) retrieved from /home/airflow/.local/lib/python3.7/site-packages/airflow/example_dags/example_xcom.py
[2022-12-23 22:47:32,924] {logging_mixin.py:115} INFO - [2022-12-23 22:47:32,924] {dag.py:2371} INFO - Sync 1 DAGs
[2022-12-23 22:47:32,940] {logging_mixin.py:115} INFO - [2022-12-23 22:47:32,940] {dag.py:2919} INFO - Setting next_dagrun for example_xcom to 2021-01-01T00:00:00+00:00, run_after=2021-01-01T00:00:00+00:00
[2022-12-23 22:47:32,951] {processor.py:161} INFO - Processing /home/airflow/.local/lib/python3.7/site-packages/airflow/example_dags/example_xcom.py took 0.098 seconds
[2022-12-23 22:48:03,080] {processor.py:153} INFO - Started process (PID=2737) to work on /home/airflow/.local/lib/python3.7/site-packages/airflow/example_dags/example_xcom.py
[2022-12-23 22:48:03,081] {processor.py:641} INFO - Processing file /home/airflow/.local/lib/python3.7/site-packages/airflow/example_dags/example_xcom.py for tasks to queue
[2022-12-23 22:48:03,082] {logging_mixin.py:115} INFO - [2022-12-23 22:48:03,082] {dagbag.py:507} INFO - Filling up the DagBag from /home/airflow/.local/lib/python3.7/site-packages/airflow/example_dags/example_xcom.py
[2022-12-23 22:48:03,095] {processor.py:651} INFO - DAG(s) dict_keys(['example_xcom']) retrieved from /home/airflow/.local/lib/python3.7/site-packages/airflow/example_dags/example_xcom.py
[2022-12-23 22:48:03,146] {logging_mixin.py:115} INFO - [2022-12-23 22:48:03,146] {dag.py:2371} INFO - Sync 1 DAGs
[2022-12-23 22:48:03,161] {logging_mixin.py:115} INFO - [2022-12-23 22:48:03,161] {dag.py:2919} INFO - Setting next_dagrun for example_xcom to 2021-01-01T00:00:00+00:00, run_after=2021-01-01T00:00:00+00:00
[2022-12-23 22:48:03,170] {processor.py:161} INFO - Processing /home/airflow/.local/lib/python3.7/site-packages/airflow/example_dags/example_xcom.py took 0.094 seconds
[2022-12-23 22:48:33,653] {processor.py:153} INFO - Started process (PID=2940) to work on /home/airflow/.local/lib/python3.7/site-packages/airflow/example_dags/example_xcom.py
[2022-12-23 22:48:33,654] {processor.py:641} INFO - Processing file /home/airflow/.local/lib/python3.7/site-packages/airflow/example_dags/example_xcom.py for tasks to queue
[2022-12-23 22:48:33,655] {logging_mixin.py:115} INFO - [2022-12-23 22:48:33,654] {dagbag.py:507} INFO - Filling up the DagBag from /home/airflow/.local/lib/python3.7/site-packages/airflow/example_dags/example_xcom.py
[2022-12-23 22:48:33,668] {processor.py:651} INFO - DAG(s) dict_keys(['example_xcom']) retrieved from /home/airflow/.local/lib/python3.7/site-packages/airflow/example_dags/example_xcom.py
[2022-12-23 22:48:33,717] {logging_mixin.py:115} INFO - [2022-12-23 22:48:33,717] {dag.py:2371} INFO - Sync 1 DAGs
[2022-12-23 22:48:33,731] {logging_mixin.py:115} INFO - [2022-12-23 22:48:33,731] {dag.py:2919} INFO - Setting next_dagrun for example_xcom to 2021-01-01T00:00:00+00:00, run_after=2021-01-01T00:00:00+00:00
[2022-12-23 22:48:33,740] {processor.py:161} INFO - Processing /home/airflow/.local/lib/python3.7/site-packages/airflow/example_dags/example_xcom.py took 0.090 seconds
[2022-12-23 22:49:04,692] {processor.py:153} INFO - Started process (PID=3145) to work on /home/airflow/.local/lib/python3.7/site-packages/airflow/example_dags/example_xcom.py
[2022-12-23 22:49:04,693] {processor.py:641} INFO - Processing file /home/airflow/.local/lib/python3.7/site-packages/airflow/example_dags/example_xcom.py for tasks to queue
[2022-12-23 22:49:04,694] {logging_mixin.py:115} INFO - [2022-12-23 22:49:04,694] {dagbag.py:507} INFO - Filling up the DagBag from /home/airflow/.local/lib/python3.7/site-packages/airflow/example_dags/example_xcom.py
[2022-12-23 22:49:04,708] {processor.py:651} INFO - DAG(s) dict_keys(['example_xcom']) retrieved from /home/airflow/.local/lib/python3.7/site-packages/airflow/example_dags/example_xcom.py
[2022-12-23 22:49:04,756] {logging_mixin.py:115} INFO - [2022-12-23 22:49:04,756] {dag.py:2371} INFO - Sync 1 DAGs
[2022-12-23 22:49:04,772] {logging_mixin.py:115} INFO - [2022-12-23 22:49:04,771] {dag.py:2919} INFO - Setting next_dagrun for example_xcom to 2021-01-01T00:00:00+00:00, run_after=2021-01-01T00:00:00+00:00
[2022-12-23 22:49:04,781] {processor.py:161} INFO - Processing /home/airflow/.local/lib/python3.7/site-packages/airflow/example_dags/example_xcom.py took 0.093 seconds
[2022-12-23 22:49:35,002] {processor.py:153} INFO - Started process (PID=3348) to work on /home/airflow/.local/lib/python3.7/site-packages/airflow/example_dags/example_xcom.py
[2022-12-23 22:49:35,004] {processor.py:641} INFO - Processing file /home/airflow/.local/lib/python3.7/site-packages/airflow/example_dags/example_xcom.py for tasks to queue
[2022-12-23 22:49:35,005] {logging_mixin.py:115} INFO - [2022-12-23 22:49:35,004] {dagbag.py:507} INFO - Filling up the DagBag from /home/airflow/.local/lib/python3.7/site-packages/airflow/example_dags/example_xcom.py
[2022-12-23 22:49:35,019] {processor.py:651} INFO - DAG(s) dict_keys(['example_xcom']) retrieved from /home/airflow/.local/lib/python3.7/site-packages/airflow/example_dags/example_xcom.py
[2022-12-23 22:49:35,070] {logging_mixin.py:115} INFO - [2022-12-23 22:49:35,070] {dag.py:2371} INFO - Sync 1 DAGs
[2022-12-23 22:49:35,086] {logging_mixin.py:115} INFO - [2022-12-23 22:49:35,086] {dag.py:2919} INFO - Setting next_dagrun for example_xcom to 2021-01-01T00:00:00+00:00, run_after=2021-01-01T00:00:00+00:00
[2022-12-23 22:49:35,095] {processor.py:161} INFO - Processing /home/airflow/.local/lib/python3.7/site-packages/airflow/example_dags/example_xcom.py took 0.095 seconds
[2022-12-23 22:50:06,124] {processor.py:153} INFO - Started process (PID=3542) to work on /home/airflow/.local/lib/python3.7/site-packages/airflow/example_dags/example_xcom.py
[2022-12-23 22:50:06,125] {processor.py:641} INFO - Processing file /home/airflow/.local/lib/python3.7/site-packages/airflow/example_dags/example_xcom.py for tasks to queue
[2022-12-23 22:50:06,126] {logging_mixin.py:115} INFO - [2022-12-23 22:50:06,126] {dagbag.py:507} INFO - Filling up the DagBag from /home/airflow/.local/lib/python3.7/site-packages/airflow/example_dags/example_xcom.py
[2022-12-23 22:50:06,141] {processor.py:651} INFO - DAG(s) dict_keys(['example_xcom']) retrieved from /home/airflow/.local/lib/python3.7/site-packages/airflow/example_dags/example_xcom.py
[2022-12-23 22:50:06,195] {logging_mixin.py:115} INFO - [2022-12-23 22:50:06,195] {dag.py:2371} INFO - Sync 1 DAGs
[2022-12-23 22:50:06,210] {logging_mixin.py:115} INFO - [2022-12-23 22:50:06,209] {dag.py:2919} INFO - Setting next_dagrun for example_xcom to 2021-01-01T00:00:00+00:00, run_after=2021-01-01T00:00:00+00:00
[2022-12-23 22:50:06,219] {processor.py:161} INFO - Processing /home/airflow/.local/lib/python3.7/site-packages/airflow/example_dags/example_xcom.py took 0.098 seconds
[2022-12-23 22:50:36,659] {processor.py:153} INFO - Started process (PID=3748) to work on /home/airflow/.local/lib/python3.7/site-packages/airflow/example_dags/example_xcom.py
[2022-12-23 22:50:36,660] {processor.py:641} INFO - Processing file /home/airflow/.local/lib/python3.7/site-packages/airflow/example_dags/example_xcom.py for tasks to queue
[2022-12-23 22:50:36,661] {logging_mixin.py:115} INFO - [2022-12-23 22:50:36,661] {dagbag.py:507} INFO - Filling up the DagBag from /home/airflow/.local/lib/python3.7/site-packages/airflow/example_dags/example_xcom.py
[2022-12-23 22:50:36,675] {processor.py:651} INFO - DAG(s) dict_keys(['example_xcom']) retrieved from /home/airflow/.local/lib/python3.7/site-packages/airflow/example_dags/example_xcom.py
[2022-12-23 22:50:36,722] {logging_mixin.py:115} INFO - [2022-12-23 22:50:36,722] {dag.py:2371} INFO - Sync 1 DAGs
[2022-12-23 22:50:36,737] {logging_mixin.py:115} INFO - [2022-12-23 22:50:36,737] {dag.py:2919} INFO - Setting next_dagrun for example_xcom to 2021-01-01T00:00:00+00:00, run_after=2021-01-01T00:00:00+00:00
[2022-12-23 22:50:36,747] {processor.py:161} INFO - Processing /home/airflow/.local/lib/python3.7/site-packages/airflow/example_dags/example_xcom.py took 0.091 seconds
[2022-12-23 22:51:07,387] {processor.py:153} INFO - Started process (PID=3947) to work on /home/airflow/.local/lib/python3.7/site-packages/airflow/example_dags/example_xcom.py
[2022-12-23 22:51:07,388] {processor.py:641} INFO - Processing file /home/airflow/.local/lib/python3.7/site-packages/airflow/example_dags/example_xcom.py for tasks to queue
[2022-12-23 22:51:07,389] {logging_mixin.py:115} INFO - [2022-12-23 22:51:07,389] {dagbag.py:507} INFO - Filling up the DagBag from /home/airflow/.local/lib/python3.7/site-packages/airflow/example_dags/example_xcom.py
[2022-12-23 22:51:07,410] {processor.py:651} INFO - DAG(s) dict_keys(['example_xcom']) retrieved from /home/airflow/.local/lib/python3.7/site-packages/airflow/example_dags/example_xcom.py
[2022-12-23 22:51:07,474] {logging_mixin.py:115} INFO - [2022-12-23 22:51:07,474] {dag.py:2371} INFO - Sync 1 DAGs
[2022-12-23 22:51:07,491] {logging_mixin.py:115} INFO - [2022-12-23 22:51:07,491] {dag.py:2919} INFO - Setting next_dagrun for example_xcom to 2021-01-01T00:00:00+00:00, run_after=2021-01-01T00:00:00+00:00
[2022-12-23 22:51:07,503] {processor.py:161} INFO - Processing /home/airflow/.local/lib/python3.7/site-packages/airflow/example_dags/example_xcom.py took 0.119 seconds
[2022-12-23 22:51:37,592] {processor.py:153} INFO - Started process (PID=4151) to work on /home/airflow/.local/lib/python3.7/site-packages/airflow/example_dags/example_xcom.py
[2022-12-23 22:51:37,594] {processor.py:641} INFO - Processing file /home/airflow/.local/lib/python3.7/site-packages/airflow/example_dags/example_xcom.py for tasks to queue
[2022-12-23 22:51:37,595] {logging_mixin.py:115} INFO - [2022-12-23 22:51:37,595] {dagbag.py:507} INFO - Filling up the DagBag from /home/airflow/.local/lib/python3.7/site-packages/airflow/example_dags/example_xcom.py
[2022-12-23 22:51:37,615] {processor.py:651} INFO - DAG(s) dict_keys(['example_xcom']) retrieved from /home/airflow/.local/lib/python3.7/site-packages/airflow/example_dags/example_xcom.py
[2022-12-23 22:51:37,668] {logging_mixin.py:115} INFO - [2022-12-23 22:51:37,668] {dag.py:2371} INFO - Sync 1 DAGs
[2022-12-23 22:51:37,682] {logging_mixin.py:115} INFO - [2022-12-23 22:51:37,682] {dag.py:2919} INFO - Setting next_dagrun for example_xcom to 2021-01-01T00:00:00+00:00, run_after=2021-01-01T00:00:00+00:00
[2022-12-23 22:51:37,692] {processor.py:161} INFO - Processing /home/airflow/.local/lib/python3.7/site-packages/airflow/example_dags/example_xcom.py took 0.105 seconds
[2022-12-23 22:52:08,642] {processor.py:153} INFO - Started process (PID=4357) to work on /home/airflow/.local/lib/python3.7/site-packages/airflow/example_dags/example_xcom.py
[2022-12-23 22:52:08,644] {processor.py:641} INFO - Processing file /home/airflow/.local/lib/python3.7/site-packages/airflow/example_dags/example_xcom.py for tasks to queue
[2022-12-23 22:52:08,645] {logging_mixin.py:115} INFO - [2022-12-23 22:52:08,644] {dagbag.py:507} INFO - Filling up the DagBag from /home/airflow/.local/lib/python3.7/site-packages/airflow/example_dags/example_xcom.py
[2022-12-23 22:52:08,659] {processor.py:651} INFO - DAG(s) dict_keys(['example_xcom']) retrieved from /home/airflow/.local/lib/python3.7/site-packages/airflow/example_dags/example_xcom.py
[2022-12-23 22:52:08,709] {logging_mixin.py:115} INFO - [2022-12-23 22:52:08,709] {dag.py:2371} INFO - Sync 1 DAGs
[2022-12-23 22:52:08,724] {logging_mixin.py:115} INFO - [2022-12-23 22:52:08,724] {dag.py:2919} INFO - Setting next_dagrun for example_xcom to 2021-01-01T00:00:00+00:00, run_after=2021-01-01T00:00:00+00:00
[2022-12-23 22:52:08,734] {processor.py:161} INFO - Processing /home/airflow/.local/lib/python3.7/site-packages/airflow/example_dags/example_xcom.py took 0.095 seconds
[2022-12-23 22:52:38,843] {processor.py:153} INFO - Started process (PID=4549) to work on /home/airflow/.local/lib/python3.7/site-packages/airflow/example_dags/example_xcom.py
[2022-12-23 22:52:38,846] {processor.py:641} INFO - Processing file /home/airflow/.local/lib/python3.7/site-packages/airflow/example_dags/example_xcom.py for tasks to queue
[2022-12-23 22:52:38,847] {logging_mixin.py:115} INFO - [2022-12-23 22:52:38,847] {dagbag.py:507} INFO - Filling up the DagBag from /home/airflow/.local/lib/python3.7/site-packages/airflow/example_dags/example_xcom.py
[2022-12-23 22:52:38,864] {processor.py:651} INFO - DAG(s) dict_keys(['example_xcom']) retrieved from /home/airflow/.local/lib/python3.7/site-packages/airflow/example_dags/example_xcom.py
[2022-12-23 22:52:38,910] {logging_mixin.py:115} INFO - [2022-12-23 22:52:38,910] {dag.py:2371} INFO - Sync 1 DAGs
[2022-12-23 22:52:38,924] {logging_mixin.py:115} INFO - [2022-12-23 22:52:38,924] {dag.py:2919} INFO - Setting next_dagrun for example_xcom to 2021-01-01T00:00:00+00:00, run_after=2021-01-01T00:00:00+00:00
[2022-12-23 22:52:38,934] {processor.py:161} INFO - Processing /home/airflow/.local/lib/python3.7/site-packages/airflow/example_dags/example_xcom.py took 0.096 seconds
[2022-12-23 22:53:09,490] {processor.py:153} INFO - Started process (PID=4764) to work on /home/airflow/.local/lib/python3.7/site-packages/airflow/example_dags/example_xcom.py
[2022-12-23 22:53:09,493] {processor.py:641} INFO - Processing file /home/airflow/.local/lib/python3.7/site-packages/airflow/example_dags/example_xcom.py for tasks to queue
[2022-12-23 22:53:09,494] {logging_mixin.py:115} INFO - [2022-12-23 22:53:09,494] {dagbag.py:507} INFO - Filling up the DagBag from /home/airflow/.local/lib/python3.7/site-packages/airflow/example_dags/example_xcom.py
[2022-12-23 22:53:09,517] {processor.py:651} INFO - DAG(s) dict_keys(['example_xcom']) retrieved from /home/airflow/.local/lib/python3.7/site-packages/airflow/example_dags/example_xcom.py
[2022-12-23 22:53:09,567] {logging_mixin.py:115} INFO - [2022-12-23 22:53:09,567] {dag.py:2371} INFO - Sync 1 DAGs
[2022-12-23 22:53:09,583] {logging_mixin.py:115} INFO - [2022-12-23 22:53:09,583] {dag.py:2919} INFO - Setting next_dagrun for example_xcom to 2021-01-01T00:00:00+00:00, run_after=2021-01-01T00:00:00+00:00
[2022-12-23 22:53:09,593] {processor.py:161} INFO - Processing /home/airflow/.local/lib/python3.7/site-packages/airflow/example_dags/example_xcom.py took 0.107 seconds
[2022-12-23 22:53:39,786] {processor.py:153} INFO - Started process (PID=4966) to work on /home/airflow/.local/lib/python3.7/site-packages/airflow/example_dags/example_xcom.py
[2022-12-23 22:53:39,787] {processor.py:641} INFO - Processing file /home/airflow/.local/lib/python3.7/site-packages/airflow/example_dags/example_xcom.py for tasks to queue
[2022-12-23 22:53:39,788] {logging_mixin.py:115} INFO - [2022-12-23 22:53:39,788] {dagbag.py:507} INFO - Filling up the DagBag from /home/airflow/.local/lib/python3.7/site-packages/airflow/example_dags/example_xcom.py
[2022-12-23 22:53:39,802] {processor.py:651} INFO - DAG(s) dict_keys(['example_xcom']) retrieved from /home/airflow/.local/lib/python3.7/site-packages/airflow/example_dags/example_xcom.py
[2022-12-23 22:53:39,825] {logging_mixin.py:115} INFO - [2022-12-23 22:53:39,825] {dag.py:2371} INFO - Sync 1 DAGs
[2022-12-23 22:53:39,841] {logging_mixin.py:115} INFO - [2022-12-23 22:53:39,841] {dag.py:2919} INFO - Setting next_dagrun for example_xcom to 2021-01-01T00:00:00+00:00, run_after=2021-01-01T00:00:00+00:00
[2022-12-23 22:53:39,849] {processor.py:161} INFO - Processing /home/airflow/.local/lib/python3.7/site-packages/airflow/example_dags/example_xcom.py took 0.066 seconds
[2022-12-23 22:54:09,954] {processor.py:153} INFO - Started process (PID=5169) to work on /home/airflow/.local/lib/python3.7/site-packages/airflow/example_dags/example_xcom.py
[2022-12-23 22:54:09,955] {processor.py:641} INFO - Processing file /home/airflow/.local/lib/python3.7/site-packages/airflow/example_dags/example_xcom.py for tasks to queue
[2022-12-23 22:54:09,956] {logging_mixin.py:115} INFO - [2022-12-23 22:54:09,956] {dagbag.py:507} INFO - Filling up the DagBag from /home/airflow/.local/lib/python3.7/site-packages/airflow/example_dags/example_xcom.py
[2022-12-23 22:54:09,971] {processor.py:651} INFO - DAG(s) dict_keys(['example_xcom']) retrieved from /home/airflow/.local/lib/python3.7/site-packages/airflow/example_dags/example_xcom.py
[2022-12-23 22:54:09,995] {logging_mixin.py:115} INFO - [2022-12-23 22:54:09,995] {dag.py:2371} INFO - Sync 1 DAGs
[2022-12-23 22:54:10,011] {logging_mixin.py:115} INFO - [2022-12-23 22:54:10,011] {dag.py:2919} INFO - Setting next_dagrun for example_xcom to 2021-01-01T00:00:00+00:00, run_after=2021-01-01T00:00:00+00:00
[2022-12-23 22:54:10,020] {processor.py:161} INFO - Processing /home/airflow/.local/lib/python3.7/site-packages/airflow/example_dags/example_xcom.py took 0.070 seconds
[2022-12-23 22:54:40,578] {processor.py:153} INFO - Started process (PID=5369) to work on /home/airflow/.local/lib/python3.7/site-packages/airflow/example_dags/example_xcom.py
[2022-12-23 22:54:40,580] {processor.py:641} INFO - Processing file /home/airflow/.local/lib/python3.7/site-packages/airflow/example_dags/example_xcom.py for tasks to queue
[2022-12-23 22:54:40,581] {logging_mixin.py:115} INFO - [2022-12-23 22:54:40,581] {dagbag.py:507} INFO - Filling up the DagBag from /home/airflow/.local/lib/python3.7/site-packages/airflow/example_dags/example_xcom.py
[2022-12-23 22:54:40,597] {processor.py:651} INFO - DAG(s) dict_keys(['example_xcom']) retrieved from /home/airflow/.local/lib/python3.7/site-packages/airflow/example_dags/example_xcom.py
[2022-12-23 22:54:40,624] {logging_mixin.py:115} INFO - [2022-12-23 22:54:40,624] {dag.py:2371} INFO - Sync 1 DAGs
[2022-12-23 22:54:40,641] {logging_mixin.py:115} INFO - [2022-12-23 22:54:40,640] {dag.py:2919} INFO - Setting next_dagrun for example_xcom to 2021-01-01T00:00:00+00:00, run_after=2021-01-01T00:00:00+00:00
[2022-12-23 22:54:40,654] {processor.py:161} INFO - Processing /home/airflow/.local/lib/python3.7/site-packages/airflow/example_dags/example_xcom.py took 0.081 seconds
[2022-12-23 22:55:10,742] {processor.py:153} INFO - Started process (PID=5574) to work on /home/airflow/.local/lib/python3.7/site-packages/airflow/example_dags/example_xcom.py
[2022-12-23 22:55:10,744] {processor.py:641} INFO - Processing file /home/airflow/.local/lib/python3.7/site-packages/airflow/example_dags/example_xcom.py for tasks to queue
[2022-12-23 22:55:10,746] {logging_mixin.py:115} INFO - [2022-12-23 22:55:10,746] {dagbag.py:507} INFO - Filling up the DagBag from /home/airflow/.local/lib/python3.7/site-packages/airflow/example_dags/example_xcom.py
[2022-12-23 22:55:10,769] {processor.py:651} INFO - DAG(s) dict_keys(['example_xcom']) retrieved from /home/airflow/.local/lib/python3.7/site-packages/airflow/example_dags/example_xcom.py
[2022-12-23 22:55:10,822] {logging_mixin.py:115} INFO - [2022-12-23 22:55:10,822] {dag.py:2371} INFO - Sync 1 DAGs
[2022-12-23 22:55:10,838] {logging_mixin.py:115} INFO - [2022-12-23 22:55:10,838] {dag.py:2919} INFO - Setting next_dagrun for example_xcom to 2021-01-01T00:00:00+00:00, run_after=2021-01-01T00:00:00+00:00
[2022-12-23 22:55:10,848] {processor.py:161} INFO - Processing /home/airflow/.local/lib/python3.7/site-packages/airflow/example_dags/example_xcom.py took 0.111 seconds
[2022-12-23 22:55:40,932] {processor.py:153} INFO - Started process (PID=5781) to work on /home/airflow/.local/lib/python3.7/site-packages/airflow/example_dags/example_xcom.py
[2022-12-23 22:55:40,935] {processor.py:641} INFO - Processing file /home/airflow/.local/lib/python3.7/site-packages/airflow/example_dags/example_xcom.py for tasks to queue
[2022-12-23 22:55:40,936] {logging_mixin.py:115} INFO - [2022-12-23 22:55:40,936] {dagbag.py:507} INFO - Filling up the DagBag from /home/airflow/.local/lib/python3.7/site-packages/airflow/example_dags/example_xcom.py
[2022-12-23 22:55:40,951] {processor.py:651} INFO - DAG(s) dict_keys(['example_xcom']) retrieved from /home/airflow/.local/lib/python3.7/site-packages/airflow/example_dags/example_xcom.py
[2022-12-23 22:55:41,001] {logging_mixin.py:115} INFO - [2022-12-23 22:55:41,001] {dag.py:2371} INFO - Sync 1 DAGs
[2022-12-23 22:55:41,016] {logging_mixin.py:115} INFO - [2022-12-23 22:55:41,016] {dag.py:2919} INFO - Setting next_dagrun for example_xcom to 2021-01-01T00:00:00+00:00, run_after=2021-01-01T00:00:00+00:00
[2022-12-23 22:55:41,026] {processor.py:161} INFO - Processing /home/airflow/.local/lib/python3.7/site-packages/airflow/example_dags/example_xcom.py took 0.097 seconds
[2022-12-23 22:56:11,150] {processor.py:153} INFO - Started process (PID=5987) to work on /home/airflow/.local/lib/python3.7/site-packages/airflow/example_dags/example_xcom.py
[2022-12-23 22:56:11,152] {processor.py:641} INFO - Processing file /home/airflow/.local/lib/python3.7/site-packages/airflow/example_dags/example_xcom.py for tasks to queue
[2022-12-23 22:56:11,153] {logging_mixin.py:115} INFO - [2022-12-23 22:56:11,153] {dagbag.py:507} INFO - Filling up the DagBag from /home/airflow/.local/lib/python3.7/site-packages/airflow/example_dags/example_xcom.py
[2022-12-23 22:56:11,173] {processor.py:651} INFO - DAG(s) dict_keys(['example_xcom']) retrieved from /home/airflow/.local/lib/python3.7/site-packages/airflow/example_dags/example_xcom.py
[2022-12-23 22:56:11,221] {logging_mixin.py:115} INFO - [2022-12-23 22:56:11,221] {dag.py:2371} INFO - Sync 1 DAGs
[2022-12-23 22:56:11,236] {logging_mixin.py:115} INFO - [2022-12-23 22:56:11,236] {dag.py:2919} INFO - Setting next_dagrun for example_xcom to 2021-01-01T00:00:00+00:00, run_after=2021-01-01T00:00:00+00:00
[2022-12-23 22:56:11,246] {processor.py:161} INFO - Processing /home/airflow/.local/lib/python3.7/site-packages/airflow/example_dags/example_xcom.py took 0.101 seconds
[2022-12-23 22:56:41,503] {processor.py:153} INFO - Started process (PID=6184) to work on /home/airflow/.local/lib/python3.7/site-packages/airflow/example_dags/example_xcom.py
[2022-12-23 22:56:41,504] {processor.py:641} INFO - Processing file /home/airflow/.local/lib/python3.7/site-packages/airflow/example_dags/example_xcom.py for tasks to queue
[2022-12-23 22:56:41,506] {logging_mixin.py:115} INFO - [2022-12-23 22:56:41,506] {dagbag.py:507} INFO - Filling up the DagBag from /home/airflow/.local/lib/python3.7/site-packages/airflow/example_dags/example_xcom.py
[2022-12-23 22:56:41,524] {processor.py:651} INFO - DAG(s) dict_keys(['example_xcom']) retrieved from /home/airflow/.local/lib/python3.7/site-packages/airflow/example_dags/example_xcom.py
[2022-12-23 22:56:41,548] {logging_mixin.py:115} INFO - [2022-12-23 22:56:41,548] {dag.py:2371} INFO - Sync 1 DAGs
[2022-12-23 22:56:41,563] {logging_mixin.py:115} INFO - [2022-12-23 22:56:41,563] {dag.py:2919} INFO - Setting next_dagrun for example_xcom to 2021-01-01T00:00:00+00:00, run_after=2021-01-01T00:00:00+00:00
[2022-12-23 22:56:41,572] {processor.py:161} INFO - Processing /home/airflow/.local/lib/python3.7/site-packages/airflow/example_dags/example_xcom.py took 0.073 seconds
[2022-12-23 22:57:11,819] {processor.py:153} INFO - Started process (PID=6386) to work on /home/airflow/.local/lib/python3.7/site-packages/airflow/example_dags/example_xcom.py
[2022-12-23 22:57:11,821] {processor.py:641} INFO - Processing file /home/airflow/.local/lib/python3.7/site-packages/airflow/example_dags/example_xcom.py for tasks to queue
[2022-12-23 22:57:11,822] {logging_mixin.py:115} INFO - [2022-12-23 22:57:11,822] {dagbag.py:507} INFO - Filling up the DagBag from /home/airflow/.local/lib/python3.7/site-packages/airflow/example_dags/example_xcom.py
[2022-12-23 22:57:11,840] {processor.py:651} INFO - DAG(s) dict_keys(['example_xcom']) retrieved from /home/airflow/.local/lib/python3.7/site-packages/airflow/example_dags/example_xcom.py
[2022-12-23 22:57:11,894] {logging_mixin.py:115} INFO - [2022-12-23 22:57:11,894] {dag.py:2371} INFO - Sync 1 DAGs
[2022-12-23 22:57:11,910] {logging_mixin.py:115} INFO - [2022-12-23 22:57:11,910] {dag.py:2919} INFO - Setting next_dagrun for example_xcom to 2021-01-01T00:00:00+00:00, run_after=2021-01-01T00:00:00+00:00
[2022-12-23 22:57:11,921] {processor.py:161} INFO - Processing /home/airflow/.local/lib/python3.7/site-packages/airflow/example_dags/example_xcom.py took 0.106 seconds
[2022-12-23 22:57:41,961] {processor.py:153} INFO - Started process (PID=6589) to work on /home/airflow/.local/lib/python3.7/site-packages/airflow/example_dags/example_xcom.py
[2022-12-23 22:57:41,963] {processor.py:641} INFO - Processing file /home/airflow/.local/lib/python3.7/site-packages/airflow/example_dags/example_xcom.py for tasks to queue
[2022-12-23 22:57:41,964] {logging_mixin.py:115} INFO - [2022-12-23 22:57:41,964] {dagbag.py:507} INFO - Filling up the DagBag from /home/airflow/.local/lib/python3.7/site-packages/airflow/example_dags/example_xcom.py
[2022-12-23 22:57:41,979] {processor.py:651} INFO - DAG(s) dict_keys(['example_xcom']) retrieved from /home/airflow/.local/lib/python3.7/site-packages/airflow/example_dags/example_xcom.py
[2022-12-23 22:57:42,029] {logging_mixin.py:115} INFO - [2022-12-23 22:57:42,029] {dag.py:2371} INFO - Sync 1 DAGs
[2022-12-23 22:57:42,044] {logging_mixin.py:115} INFO - [2022-12-23 22:57:42,044] {dag.py:2919} INFO - Setting next_dagrun for example_xcom to 2021-01-01T00:00:00+00:00, run_after=2021-01-01T00:00:00+00:00
[2022-12-23 22:57:42,054] {processor.py:161} INFO - Processing /home/airflow/.local/lib/python3.7/site-packages/airflow/example_dags/example_xcom.py took 0.097 seconds
[2022-12-23 22:58:12,594] {processor.py:153} INFO - Started process (PID=6794) to work on /home/airflow/.local/lib/python3.7/site-packages/airflow/example_dags/example_xcom.py
[2022-12-23 22:58:12,596] {processor.py:641} INFO - Processing file /home/airflow/.local/lib/python3.7/site-packages/airflow/example_dags/example_xcom.py for tasks to queue
[2022-12-23 22:58:12,598] {logging_mixin.py:115} INFO - [2022-12-23 22:58:12,598] {dagbag.py:507} INFO - Filling up the DagBag from /home/airflow/.local/lib/python3.7/site-packages/airflow/example_dags/example_xcom.py
[2022-12-23 22:58:12,620] {processor.py:651} INFO - DAG(s) dict_keys(['example_xcom']) retrieved from /home/airflow/.local/lib/python3.7/site-packages/airflow/example_dags/example_xcom.py
[2022-12-23 22:58:12,646] {logging_mixin.py:115} INFO - [2022-12-23 22:58:12,646] {dag.py:2371} INFO - Sync 1 DAGs
[2022-12-23 22:58:12,661] {logging_mixin.py:115} INFO - [2022-12-23 22:58:12,660] {dag.py:2919} INFO - Setting next_dagrun for example_xcom to 2021-01-01T00:00:00+00:00, run_after=2021-01-01T00:00:00+00:00
[2022-12-23 22:58:12,668] {processor.py:161} INFO - Processing /home/airflow/.local/lib/python3.7/site-packages/airflow/example_dags/example_xcom.py took 0.078 seconds
[2022-12-23 22:58:42,790] {processor.py:153} INFO - Started process (PID=6987) to work on /home/airflow/.local/lib/python3.7/site-packages/airflow/example_dags/example_xcom.py
[2022-12-23 22:58:42,791] {processor.py:641} INFO - Processing file /home/airflow/.local/lib/python3.7/site-packages/airflow/example_dags/example_xcom.py for tasks to queue
[2022-12-23 22:58:42,792] {logging_mixin.py:115} INFO - [2022-12-23 22:58:42,792] {dagbag.py:507} INFO - Filling up the DagBag from /home/airflow/.local/lib/python3.7/site-packages/airflow/example_dags/example_xcom.py
[2022-12-23 22:58:42,807] {processor.py:651} INFO - DAG(s) dict_keys(['example_xcom']) retrieved from /home/airflow/.local/lib/python3.7/site-packages/airflow/example_dags/example_xcom.py
[2022-12-23 22:58:42,829] {logging_mixin.py:115} INFO - [2022-12-23 22:58:42,829] {dag.py:2371} INFO - Sync 1 DAGs
[2022-12-23 22:58:42,844] {logging_mixin.py:115} INFO - [2022-12-23 22:58:42,844] {dag.py:2919} INFO - Setting next_dagrun for example_xcom to 2021-01-01T00:00:00+00:00, run_after=2021-01-01T00:00:00+00:00
[2022-12-23 22:58:42,852] {processor.py:161} INFO - Processing /home/airflow/.local/lib/python3.7/site-packages/airflow/example_dags/example_xcom.py took 0.065 seconds
[2022-12-23 22:59:12,890] {processor.py:153} INFO - Started process (PID=7193) to work on /home/airflow/.local/lib/python3.7/site-packages/airflow/example_dags/example_xcom.py
[2022-12-23 22:59:12,891] {processor.py:641} INFO - Processing file /home/airflow/.local/lib/python3.7/site-packages/airflow/example_dags/example_xcom.py for tasks to queue
[2022-12-23 22:59:12,892] {logging_mixin.py:115} INFO - [2022-12-23 22:59:12,892] {dagbag.py:507} INFO - Filling up the DagBag from /home/airflow/.local/lib/python3.7/site-packages/airflow/example_dags/example_xcom.py
[2022-12-23 22:59:12,906] {processor.py:651} INFO - DAG(s) dict_keys(['example_xcom']) retrieved from /home/airflow/.local/lib/python3.7/site-packages/airflow/example_dags/example_xcom.py
[2022-12-23 22:59:12,955] {logging_mixin.py:115} INFO - [2022-12-23 22:59:12,955] {dag.py:2371} INFO - Sync 1 DAGs
[2022-12-23 22:59:12,972] {logging_mixin.py:115} INFO - [2022-12-23 22:59:12,972] {dag.py:2919} INFO - Setting next_dagrun for example_xcom to 2021-01-01T00:00:00+00:00, run_after=2021-01-01T00:00:00+00:00
[2022-12-23 22:59:12,982] {processor.py:161} INFO - Processing /home/airflow/.local/lib/python3.7/site-packages/airflow/example_dags/example_xcom.py took 0.095 seconds
[2022-12-23 22:59:43,146] {processor.py:153} INFO - Started process (PID=7396) to work on /home/airflow/.local/lib/python3.7/site-packages/airflow/example_dags/example_xcom.py
[2022-12-23 22:59:43,147] {processor.py:641} INFO - Processing file /home/airflow/.local/lib/python3.7/site-packages/airflow/example_dags/example_xcom.py for tasks to queue
[2022-12-23 22:59:43,149] {logging_mixin.py:115} INFO - [2022-12-23 22:59:43,149] {dagbag.py:507} INFO - Filling up the DagBag from /home/airflow/.local/lib/python3.7/site-packages/airflow/example_dags/example_xcom.py
[2022-12-23 22:59:43,165] {processor.py:651} INFO - DAG(s) dict_keys(['example_xcom']) retrieved from /home/airflow/.local/lib/python3.7/site-packages/airflow/example_dags/example_xcom.py
[2022-12-23 22:59:43,212] {logging_mixin.py:115} INFO - [2022-12-23 22:59:43,212] {dag.py:2371} INFO - Sync 1 DAGs
[2022-12-23 22:59:43,227] {logging_mixin.py:115} INFO - [2022-12-23 22:59:43,227] {dag.py:2919} INFO - Setting next_dagrun for example_xcom to 2021-01-01T00:00:00+00:00, run_after=2021-01-01T00:00:00+00:00
[2022-12-23 22:59:43,236] {processor.py:161} INFO - Processing /home/airflow/.local/lib/python3.7/site-packages/airflow/example_dags/example_xcom.py took 0.095 seconds
[2022-12-23 23:00:13,374] {processor.py:153} INFO - Started process (PID=7601) to work on /home/airflow/.local/lib/python3.7/site-packages/airflow/example_dags/example_xcom.py
[2022-12-23 23:00:13,377] {processor.py:641} INFO - Processing file /home/airflow/.local/lib/python3.7/site-packages/airflow/example_dags/example_xcom.py for tasks to queue
[2022-12-23 23:00:13,380] {logging_mixin.py:115} INFO - [2022-12-23 23:00:13,380] {dagbag.py:507} INFO - Filling up the DagBag from /home/airflow/.local/lib/python3.7/site-packages/airflow/example_dags/example_xcom.py
[2022-12-23 23:00:13,404] {processor.py:651} INFO - DAG(s) dict_keys(['example_xcom']) retrieved from /home/airflow/.local/lib/python3.7/site-packages/airflow/example_dags/example_xcom.py
[2022-12-23 23:00:13,478] {logging_mixin.py:115} INFO - [2022-12-23 23:00:13,478] {dag.py:2371} INFO - Sync 1 DAGs
[2022-12-23 23:00:13,497] {logging_mixin.py:115} INFO - [2022-12-23 23:00:13,497] {dag.py:2919} INFO - Setting next_dagrun for example_xcom to 2021-01-01T00:00:00+00:00, run_after=2021-01-01T00:00:00+00:00
[2022-12-23 23:00:13,508] {processor.py:161} INFO - Processing /home/airflow/.local/lib/python3.7/site-packages/airflow/example_dags/example_xcom.py took 0.138 seconds
[2022-12-23 23:00:43,717] {processor.py:153} INFO - Started process (PID=7795) to work on /home/airflow/.local/lib/python3.7/site-packages/airflow/example_dags/example_xcom.py
[2022-12-23 23:00:43,721] {processor.py:641} INFO - Processing file /home/airflow/.local/lib/python3.7/site-packages/airflow/example_dags/example_xcom.py for tasks to queue
[2022-12-23 23:00:43,722] {logging_mixin.py:115} INFO - [2022-12-23 23:00:43,722] {dagbag.py:507} INFO - Filling up the DagBag from /home/airflow/.local/lib/python3.7/site-packages/airflow/example_dags/example_xcom.py
[2022-12-23 23:00:43,736] {processor.py:651} INFO - DAG(s) dict_keys(['example_xcom']) retrieved from /home/airflow/.local/lib/python3.7/site-packages/airflow/example_dags/example_xcom.py
[2022-12-23 23:00:43,784] {logging_mixin.py:115} INFO - [2022-12-23 23:00:43,784] {dag.py:2371} INFO - Sync 1 DAGs
[2022-12-23 23:00:43,799] {logging_mixin.py:115} INFO - [2022-12-23 23:00:43,799] {dag.py:2919} INFO - Setting next_dagrun for example_xcom to 2021-01-01T00:00:00+00:00, run_after=2021-01-01T00:00:00+00:00
[2022-12-23 23:00:43,812] {processor.py:161} INFO - Processing /home/airflow/.local/lib/python3.7/site-packages/airflow/example_dags/example_xcom.py took 0.098 seconds
[2022-12-23 23:01:13,941] {processor.py:153} INFO - Started process (PID=7998) to work on /home/airflow/.local/lib/python3.7/site-packages/airflow/example_dags/example_xcom.py
[2022-12-23 23:01:13,944] {processor.py:641} INFO - Processing file /home/airflow/.local/lib/python3.7/site-packages/airflow/example_dags/example_xcom.py for tasks to queue
[2022-12-23 23:01:13,945] {logging_mixin.py:115} INFO - [2022-12-23 23:01:13,945] {dagbag.py:507} INFO - Filling up the DagBag from /home/airflow/.local/lib/python3.7/site-packages/airflow/example_dags/example_xcom.py
[2022-12-23 23:01:13,963] {processor.py:651} INFO - DAG(s) dict_keys(['example_xcom']) retrieved from /home/airflow/.local/lib/python3.7/site-packages/airflow/example_dags/example_xcom.py
[2022-12-23 23:01:13,985] {logging_mixin.py:115} INFO - [2022-12-23 23:01:13,985] {dag.py:2371} INFO - Sync 1 DAGs
[2022-12-23 23:01:14,001] {logging_mixin.py:115} INFO - [2022-12-23 23:01:14,001] {dag.py:2919} INFO - Setting next_dagrun for example_xcom to 2021-01-01T00:00:00+00:00, run_after=2021-01-01T00:00:00+00:00
[2022-12-23 23:01:14,010] {processor.py:161} INFO - Processing /home/airflow/.local/lib/python3.7/site-packages/airflow/example_dags/example_xcom.py took 0.073 seconds
[2022-12-23 23:03:28,127] {processor.py:153} INFO - Started process (PID=73) to work on /home/airflow/.local/lib/python3.7/site-packages/airflow/example_dags/example_xcom.py
[2022-12-23 23:03:28,129] {processor.py:641} INFO - Processing file /home/airflow/.local/lib/python3.7/site-packages/airflow/example_dags/example_xcom.py for tasks to queue
[2022-12-23 23:03:28,130] {logging_mixin.py:115} INFO - [2022-12-23 23:03:28,130] {dagbag.py:507} INFO - Filling up the DagBag from /home/airflow/.local/lib/python3.7/site-packages/airflow/example_dags/example_xcom.py
[2022-12-23 23:03:28,149] {processor.py:651} INFO - DAG(s) dict_keys(['example_xcom']) retrieved from /home/airflow/.local/lib/python3.7/site-packages/airflow/example_dags/example_xcom.py
[2022-12-23 23:03:28,339] {logging_mixin.py:115} INFO - [2022-12-23 23:03:28,339] {manager.py:508} INFO - Created Permission View: can read on DAG:example_xcom
[2022-12-23 23:03:28,347] {logging_mixin.py:115} INFO - [2022-12-23 23:03:28,347] {manager.py:508} INFO - Created Permission View: can edit on DAG:example_xcom
[2022-12-23 23:03:28,355] {logging_mixin.py:115} INFO - [2022-12-23 23:03:28,354] {manager.py:508} INFO - Created Permission View: can delete on DAG:example_xcom
[2022-12-23 23:03:28,356] {logging_mixin.py:115} INFO - [2022-12-23 23:03:28,356] {dag.py:2371} INFO - Sync 1 DAGs
[2022-12-23 23:03:28,363] {logging_mixin.py:115} INFO - [2022-12-23 23:03:28,363] {dag.py:2390} INFO - Creating ORM DAG for example_xcom
[2022-12-23 23:03:28,373] {logging_mixin.py:115} INFO - [2022-12-23 23:03:28,373] {dag.py:2919} INFO - Setting next_dagrun for example_xcom to 2021-01-01T00:00:00+00:00, run_after=2021-01-01T00:00:00+00:00
[2022-12-23 23:03:28,384] {processor.py:161} INFO - Processing /home/airflow/.local/lib/python3.7/site-packages/airflow/example_dags/example_xcom.py took 0.260 seconds
[2022-12-23 23:03:58,830] {processor.py:153} INFO - Started process (PID=136) to work on /home/airflow/.local/lib/python3.7/site-packages/airflow/example_dags/example_xcom.py
[2022-12-23 23:03:58,831] {processor.py:641} INFO - Processing file /home/airflow/.local/lib/python3.7/site-packages/airflow/example_dags/example_xcom.py for tasks to queue
[2022-12-23 23:03:58,832] {logging_mixin.py:115} INFO - [2022-12-23 23:03:58,832] {dagbag.py:507} INFO - Filling up the DagBag from /home/airflow/.local/lib/python3.7/site-packages/airflow/example_dags/example_xcom.py
[2022-12-23 23:03:58,847] {processor.py:651} INFO - DAG(s) dict_keys(['example_xcom']) retrieved from /home/airflow/.local/lib/python3.7/site-packages/airflow/example_dags/example_xcom.py
[2022-12-23 23:03:59,009] {logging_mixin.py:115} INFO - [2022-12-23 23:03:59,009] {dag.py:2371} INFO - Sync 1 DAGs
[2022-12-23 23:03:59,023] {logging_mixin.py:115} INFO - [2022-12-23 23:03:59,023] {dag.py:2919} INFO - Setting next_dagrun for example_xcom to 2021-01-01T00:00:00+00:00, run_after=2021-01-01T00:00:00+00:00
[2022-12-23 23:03:59,032] {processor.py:161} INFO - Processing /home/airflow/.local/lib/python3.7/site-packages/airflow/example_dags/example_xcom.py took 0.205 seconds
[2022-12-23 23:04:29,120] {processor.py:153} INFO - Started process (PID=199) to work on /home/airflow/.local/lib/python3.7/site-packages/airflow/example_dags/example_xcom.py
[2022-12-23 23:04:29,121] {processor.py:641} INFO - Processing file /home/airflow/.local/lib/python3.7/site-packages/airflow/example_dags/example_xcom.py for tasks to queue
[2022-12-23 23:04:29,122] {logging_mixin.py:115} INFO - [2022-12-23 23:04:29,122] {dagbag.py:507} INFO - Filling up the DagBag from /home/airflow/.local/lib/python3.7/site-packages/airflow/example_dags/example_xcom.py
[2022-12-23 23:04:29,135] {processor.py:651} INFO - DAG(s) dict_keys(['example_xcom']) retrieved from /home/airflow/.local/lib/python3.7/site-packages/airflow/example_dags/example_xcom.py
[2022-12-23 23:04:29,278] {logging_mixin.py:115} INFO - [2022-12-23 23:04:29,278] {dag.py:2371} INFO - Sync 1 DAGs
[2022-12-23 23:04:29,291] {logging_mixin.py:115} INFO - [2022-12-23 23:04:29,291] {dag.py:2919} INFO - Setting next_dagrun for example_xcom to 2021-01-01T00:00:00+00:00, run_after=2021-01-01T00:00:00+00:00
[2022-12-23 23:04:29,300] {processor.py:161} INFO - Processing /home/airflow/.local/lib/python3.7/site-packages/airflow/example_dags/example_xcom.py took 0.183 seconds
[2022-12-23 23:04:59,679] {processor.py:153} INFO - Started process (PID=253) to work on /home/airflow/.local/lib/python3.7/site-packages/airflow/example_dags/example_xcom.py
[2022-12-23 23:04:59,680] {processor.py:641} INFO - Processing file /home/airflow/.local/lib/python3.7/site-packages/airflow/example_dags/example_xcom.py for tasks to queue
[2022-12-23 23:04:59,682] {logging_mixin.py:115} INFO - [2022-12-23 23:04:59,681] {dagbag.py:507} INFO - Filling up the DagBag from /home/airflow/.local/lib/python3.7/site-packages/airflow/example_dags/example_xcom.py
[2022-12-23 23:04:59,700] {processor.py:651} INFO - DAG(s) dict_keys(['example_xcom']) retrieved from /home/airflow/.local/lib/python3.7/site-packages/airflow/example_dags/example_xcom.py
[2022-12-23 23:04:59,866] {logging_mixin.py:115} INFO - [2022-12-23 23:04:59,866] {dag.py:2371} INFO - Sync 1 DAGs
[2022-12-23 23:04:59,879] {logging_mixin.py:115} INFO - [2022-12-23 23:04:59,879] {dag.py:2919} INFO - Setting next_dagrun for example_xcom to 2021-01-01T00:00:00+00:00, run_after=2021-01-01T00:00:00+00:00
[2022-12-23 23:04:59,888] {processor.py:161} INFO - Processing /home/airflow/.local/lib/python3.7/site-packages/airflow/example_dags/example_xcom.py took 0.212 seconds
[2022-12-23 23:05:30,136] {processor.py:153} INFO - Started process (PID=316) to work on /home/airflow/.local/lib/python3.7/site-packages/airflow/example_dags/example_xcom.py
[2022-12-23 23:05:30,137] {processor.py:641} INFO - Processing file /home/airflow/.local/lib/python3.7/site-packages/airflow/example_dags/example_xcom.py for tasks to queue
[2022-12-23 23:05:30,138] {logging_mixin.py:115} INFO - [2022-12-23 23:05:30,138] {dagbag.py:507} INFO - Filling up the DagBag from /home/airflow/.local/lib/python3.7/site-packages/airflow/example_dags/example_xcom.py
[2022-12-23 23:05:30,154] {processor.py:651} INFO - DAG(s) dict_keys(['example_xcom']) retrieved from /home/airflow/.local/lib/python3.7/site-packages/airflow/example_dags/example_xcom.py
[2022-12-23 23:05:30,303] {logging_mixin.py:115} INFO - [2022-12-23 23:05:30,303] {dag.py:2371} INFO - Sync 1 DAGs
[2022-12-23 23:05:30,316] {logging_mixin.py:115} INFO - [2022-12-23 23:05:30,316] {dag.py:2919} INFO - Setting next_dagrun for example_xcom to 2021-01-01T00:00:00+00:00, run_after=2021-01-01T00:00:00+00:00
[2022-12-23 23:05:30,325] {processor.py:161} INFO - Processing /home/airflow/.local/lib/python3.7/site-packages/airflow/example_dags/example_xcom.py took 0.193 seconds
[2022-12-23 23:06:00,648] {processor.py:153} INFO - Started process (PID=381) to work on /home/airflow/.local/lib/python3.7/site-packages/airflow/example_dags/example_xcom.py
[2022-12-23 23:06:00,649] {processor.py:641} INFO - Processing file /home/airflow/.local/lib/python3.7/site-packages/airflow/example_dags/example_xcom.py for tasks to queue
[2022-12-23 23:06:00,650] {logging_mixin.py:115} INFO - [2022-12-23 23:06:00,650] {dagbag.py:507} INFO - Filling up the DagBag from /home/airflow/.local/lib/python3.7/site-packages/airflow/example_dags/example_xcom.py
[2022-12-23 23:06:00,665] {processor.py:651} INFO - DAG(s) dict_keys(['example_xcom']) retrieved from /home/airflow/.local/lib/python3.7/site-packages/airflow/example_dags/example_xcom.py
[2022-12-23 23:06:00,820] {logging_mixin.py:115} INFO - [2022-12-23 23:06:00,820] {dag.py:2371} INFO - Sync 1 DAGs
[2022-12-23 23:06:00,832] {logging_mixin.py:115} INFO - [2022-12-23 23:06:00,832] {dag.py:2919} INFO - Setting next_dagrun for example_xcom to 2021-01-01T00:00:00+00:00, run_after=2021-01-01T00:00:00+00:00
[2022-12-23 23:06:00,841] {processor.py:161} INFO - Processing /home/airflow/.local/lib/python3.7/site-packages/airflow/example_dags/example_xcom.py took 0.196 seconds
[2022-12-23 23:06:31,844] {processor.py:153} INFO - Started process (PID=444) to work on /home/airflow/.local/lib/python3.7/site-packages/airflow/example_dags/example_xcom.py
[2022-12-23 23:06:31,847] {processor.py:641} INFO - Processing file /home/airflow/.local/lib/python3.7/site-packages/airflow/example_dags/example_xcom.py for tasks to queue
[2022-12-23 23:06:31,849] {logging_mixin.py:115} INFO - [2022-12-23 23:06:31,849] {dagbag.py:507} INFO - Filling up the DagBag from /home/airflow/.local/lib/python3.7/site-packages/airflow/example_dags/example_xcom.py
[2022-12-23 23:06:31,869] {processor.py:651} INFO - DAG(s) dict_keys(['example_xcom']) retrieved from /home/airflow/.local/lib/python3.7/site-packages/airflow/example_dags/example_xcom.py
[2022-12-23 23:06:32,025] {logging_mixin.py:115} INFO - [2022-12-23 23:06:32,025] {dag.py:2371} INFO - Sync 1 DAGs
[2022-12-23 23:06:32,037] {logging_mixin.py:115} INFO - [2022-12-23 23:06:32,036] {dag.py:2919} INFO - Setting next_dagrun for example_xcom to 2021-01-01T00:00:00+00:00, run_after=2021-01-01T00:00:00+00:00
[2022-12-23 23:06:32,045] {processor.py:161} INFO - Processing /home/airflow/.local/lib/python3.7/site-packages/airflow/example_dags/example_xcom.py took 0.208 seconds
[2022-12-23 23:07:02,267] {processor.py:153} INFO - Started process (PID=507) to work on /home/airflow/.local/lib/python3.7/site-packages/airflow/example_dags/example_xcom.py
[2022-12-23 23:07:02,268] {processor.py:641} INFO - Processing file /home/airflow/.local/lib/python3.7/site-packages/airflow/example_dags/example_xcom.py for tasks to queue
[2022-12-23 23:07:02,269] {logging_mixin.py:115} INFO - [2022-12-23 23:07:02,269] {dagbag.py:507} INFO - Filling up the DagBag from /home/airflow/.local/lib/python3.7/site-packages/airflow/example_dags/example_xcom.py
[2022-12-23 23:07:02,284] {processor.py:651} INFO - DAG(s) dict_keys(['example_xcom']) retrieved from /home/airflow/.local/lib/python3.7/site-packages/airflow/example_dags/example_xcom.py
[2022-12-23 23:07:02,539] {logging_mixin.py:115} INFO - [2022-12-23 23:07:02,539] {dag.py:2371} INFO - Sync 1 DAGs
[2022-12-23 23:07:02,558] {logging_mixin.py:115} INFO - [2022-12-23 23:07:02,558] {dag.py:2919} INFO - Setting next_dagrun for example_xcom to 2021-01-01T00:00:00+00:00, run_after=2021-01-01T00:00:00+00:00
[2022-12-23 23:07:02,571] {processor.py:161} INFO - Processing /home/airflow/.local/lib/python3.7/site-packages/airflow/example_dags/example_xcom.py took 0.308 seconds
[2022-12-23 23:07:32,952] {processor.py:153} INFO - Started process (PID=561) to work on /home/airflow/.local/lib/python3.7/site-packages/airflow/example_dags/example_xcom.py
[2022-12-23 23:07:32,954] {processor.py:641} INFO - Processing file /home/airflow/.local/lib/python3.7/site-packages/airflow/example_dags/example_xcom.py for tasks to queue
[2022-12-23 23:07:32,955] {logging_mixin.py:115} INFO - [2022-12-23 23:07:32,955] {dagbag.py:507} INFO - Filling up the DagBag from /home/airflow/.local/lib/python3.7/site-packages/airflow/example_dags/example_xcom.py
[2022-12-23 23:07:32,972] {processor.py:651} INFO - DAG(s) dict_keys(['example_xcom']) retrieved from /home/airflow/.local/lib/python3.7/site-packages/airflow/example_dags/example_xcom.py
[2022-12-23 23:07:33,139] {logging_mixin.py:115} INFO - [2022-12-23 23:07:33,139] {dag.py:2371} INFO - Sync 1 DAGs
[2022-12-23 23:07:33,152] {logging_mixin.py:115} INFO - [2022-12-23 23:07:33,152] {dag.py:2919} INFO - Setting next_dagrun for example_xcom to 2021-01-01T00:00:00+00:00, run_after=2021-01-01T00:00:00+00:00
[2022-12-23 23:07:33,162] {processor.py:161} INFO - Processing /home/airflow/.local/lib/python3.7/site-packages/airflow/example_dags/example_xcom.py took 0.214 seconds
[2022-12-23 23:08:03,199] {processor.py:153} INFO - Started process (PID=626) to work on /home/airflow/.local/lib/python3.7/site-packages/airflow/example_dags/example_xcom.py
[2022-12-23 23:08:03,201] {processor.py:641} INFO - Processing file /home/airflow/.local/lib/python3.7/site-packages/airflow/example_dags/example_xcom.py for tasks to queue
[2022-12-23 23:08:03,202] {logging_mixin.py:115} INFO - [2022-12-23 23:08:03,202] {dagbag.py:507} INFO - Filling up the DagBag from /home/airflow/.local/lib/python3.7/site-packages/airflow/example_dags/example_xcom.py
[2022-12-23 23:08:03,215] {processor.py:651} INFO - DAG(s) dict_keys(['example_xcom']) retrieved from /home/airflow/.local/lib/python3.7/site-packages/airflow/example_dags/example_xcom.py
[2022-12-23 23:08:03,357] {logging_mixin.py:115} INFO - [2022-12-23 23:08:03,356] {dag.py:2371} INFO - Sync 1 DAGs
[2022-12-23 23:08:03,369] {logging_mixin.py:115} INFO - [2022-12-23 23:08:03,369] {dag.py:2919} INFO - Setting next_dagrun for example_xcom to 2021-01-01T00:00:00+00:00, run_after=2021-01-01T00:00:00+00:00
[2022-12-23 23:08:03,378] {processor.py:161} INFO - Processing /home/airflow/.local/lib/python3.7/site-packages/airflow/example_dags/example_xcom.py took 0.182 seconds
[2022-12-23 23:08:33,708] {processor.py:153} INFO - Started process (PID=687) to work on /home/airflow/.local/lib/python3.7/site-packages/airflow/example_dags/example_xcom.py
[2022-12-23 23:08:33,709] {processor.py:641} INFO - Processing file /home/airflow/.local/lib/python3.7/site-packages/airflow/example_dags/example_xcom.py for tasks to queue
[2022-12-23 23:08:33,709] {logging_mixin.py:115} INFO - [2022-12-23 23:08:33,709] {dagbag.py:507} INFO - Filling up the DagBag from /home/airflow/.local/lib/python3.7/site-packages/airflow/example_dags/example_xcom.py
[2022-12-23 23:08:33,723] {processor.py:651} INFO - DAG(s) dict_keys(['example_xcom']) retrieved from /home/airflow/.local/lib/python3.7/site-packages/airflow/example_dags/example_xcom.py
[2022-12-23 23:08:33,874] {logging_mixin.py:115} INFO - [2022-12-23 23:08:33,874] {dag.py:2371} INFO - Sync 1 DAGs
[2022-12-23 23:08:33,886] {logging_mixin.py:115} INFO - [2022-12-23 23:08:33,886] {dag.py:2919} INFO - Setting next_dagrun for example_xcom to 2021-01-01T00:00:00+00:00, run_after=2021-01-01T00:00:00+00:00
[2022-12-23 23:08:33,899] {processor.py:161} INFO - Processing /home/airflow/.local/lib/python3.7/site-packages/airflow/example_dags/example_xcom.py took 0.194 seconds
