[2022-12-23T00:00:04.600+0000] {processor.py:153} INFO - Started process (PID=3113) to work on /home/airflow/.local/lib/python3.7/site-packages/airflow/example_dags/example_latest_only_with_trigger.py
[2022-12-23T00:00:04.601+0000] {processor.py:743} INFO - Processing file /home/airflow/.local/lib/python3.7/site-packages/airflow/example_dags/example_latest_only_with_trigger.py for tasks to queue
[2022-12-23T00:00:04.601+0000] {logging_mixin.py:137} INFO - [2022-12-23T00:00:04.601+0000] {dagbag.py:538} INFO - Filling up the DagBag from /home/airflow/.local/lib/python3.7/site-packages/airflow/example_dags/example_latest_only_with_trigger.py
[2022-12-23T00:00:04.615+0000] {processor.py:753} INFO - DAG(s) dict_keys(['latest_only_with_trigger']) retrieved from /home/airflow/.local/lib/python3.7/site-packages/airflow/example_dags/example_latest_only_with_trigger.py
[2022-12-23T00:00:04.647+0000] {logging_mixin.py:137} INFO - [2022-12-23T00:00:04.647+0000] {dag.py:2676} INFO - Sync 1 DAGs
[2022-12-23T00:00:04.670+0000] {logging_mixin.py:137} INFO - [2022-12-23T00:00:04.670+0000] {dag.py:3427} INFO - Setting next_dagrun for latest_only_with_trigger to 2022-12-22T20:00:04.670561+00:00, run_after=2022-12-23T00:00:04.670561+00:00
[2022-12-23T00:00:04.686+0000] {processor.py:175} INFO - Processing /home/airflow/.local/lib/python3.7/site-packages/airflow/example_dags/example_latest_only_with_trigger.py took 0.089 seconds
[2022-12-23T00:00:35.525+0000] {processor.py:153} INFO - Started process (PID=3327) to work on /home/airflow/.local/lib/python3.7/site-packages/airflow/example_dags/example_latest_only_with_trigger.py
[2022-12-23T00:00:35.526+0000] {processor.py:743} INFO - Processing file /home/airflow/.local/lib/python3.7/site-packages/airflow/example_dags/example_latest_only_with_trigger.py for tasks to queue
[2022-12-23T00:00:35.527+0000] {logging_mixin.py:137} INFO - [2022-12-23T00:00:35.527+0000] {dagbag.py:538} INFO - Filling up the DagBag from /home/airflow/.local/lib/python3.7/site-packages/airflow/example_dags/example_latest_only_with_trigger.py
[2022-12-23T00:00:35.540+0000] {processor.py:753} INFO - DAG(s) dict_keys(['latest_only_with_trigger']) retrieved from /home/airflow/.local/lib/python3.7/site-packages/airflow/example_dags/example_latest_only_with_trigger.py
[2022-12-23T00:00:35.573+0000] {logging_mixin.py:137} INFO - [2022-12-23T00:00:35.573+0000] {dag.py:2676} INFO - Sync 1 DAGs
[2022-12-23T00:00:35.591+0000] {logging_mixin.py:137} INFO - [2022-12-23T00:00:35.591+0000] {dag.py:3427} INFO - Setting next_dagrun for latest_only_with_trigger to 2022-12-22T20:00:35.591228+00:00, run_after=2022-12-23T00:00:35.591228+00:00
[2022-12-23T00:00:35.604+0000] {processor.py:175} INFO - Processing /home/airflow/.local/lib/python3.7/site-packages/airflow/example_dags/example_latest_only_with_trigger.py took 0.082 seconds
[2022-12-23T00:01:06.211+0000] {processor.py:153} INFO - Started process (PID=3553) to work on /home/airflow/.local/lib/python3.7/site-packages/airflow/example_dags/example_latest_only_with_trigger.py
[2022-12-23T00:01:06.213+0000] {processor.py:743} INFO - Processing file /home/airflow/.local/lib/python3.7/site-packages/airflow/example_dags/example_latest_only_with_trigger.py for tasks to queue
[2022-12-23T00:01:06.214+0000] {logging_mixin.py:137} INFO - [2022-12-23T00:01:06.214+0000] {dagbag.py:538} INFO - Filling up the DagBag from /home/airflow/.local/lib/python3.7/site-packages/airflow/example_dags/example_latest_only_with_trigger.py
[2022-12-23T00:01:06.227+0000] {processor.py:753} INFO - DAG(s) dict_keys(['latest_only_with_trigger']) retrieved from /home/airflow/.local/lib/python3.7/site-packages/airflow/example_dags/example_latest_only_with_trigger.py
[2022-12-23T00:01:06.258+0000] {logging_mixin.py:137} INFO - [2022-12-23T00:01:06.258+0000] {dag.py:2676} INFO - Sync 1 DAGs
[2022-12-23T00:01:06.278+0000] {logging_mixin.py:137} INFO - [2022-12-23T00:01:06.278+0000] {dag.py:3427} INFO - Setting next_dagrun for latest_only_with_trigger to 2022-12-22T20:01:06.278136+00:00, run_after=2022-12-23T00:01:06.278136+00:00
[2022-12-23T00:01:06.293+0000] {processor.py:175} INFO - Processing /home/airflow/.local/lib/python3.7/site-packages/airflow/example_dags/example_latest_only_with_trigger.py took 0.084 seconds
[2022-12-23T00:03:12.848+0000] {processor.py:153} INFO - Started process (PID=218) to work on /home/airflow/.local/lib/python3.7/site-packages/airflow/example_dags/example_latest_only_with_trigger.py
[2022-12-23T00:03:12.849+0000] {processor.py:743} INFO - Processing file /home/airflow/.local/lib/python3.7/site-packages/airflow/example_dags/example_latest_only_with_trigger.py for tasks to queue
[2022-12-23T00:03:12.850+0000] {logging_mixin.py:137} INFO - [2022-12-23T00:03:12.850+0000] {dagbag.py:538} INFO - Filling up the DagBag from /home/airflow/.local/lib/python3.7/site-packages/airflow/example_dags/example_latest_only_with_trigger.py
[2022-12-23T00:03:12.866+0000] {processor.py:753} INFO - DAG(s) dict_keys(['latest_only_with_trigger']) retrieved from /home/airflow/.local/lib/python3.7/site-packages/airflow/example_dags/example_latest_only_with_trigger.py
[2022-12-23T00:03:12.894+0000] {logging_mixin.py:137} INFO - [2022-12-23T00:03:12.893+0000] {dag.py:2676} INFO - Sync 1 DAGs
[2022-12-23T00:03:12.919+0000] {logging_mixin.py:137} INFO - [2022-12-23T00:03:12.919+0000] {dag.py:3427} INFO - Setting next_dagrun for latest_only_with_trigger to 2022-12-22T20:03:12.918799+00:00, run_after=2022-12-23T00:03:12.918799+00:00
[2022-12-23T00:03:12.936+0000] {processor.py:175} INFO - Processing /home/airflow/.local/lib/python3.7/site-packages/airflow/example_dags/example_latest_only_with_trigger.py took 0.092 seconds
[2022-12-23T00:03:43.762+0000] {processor.py:153} INFO - Started process (PID=446) to work on /home/airflow/.local/lib/python3.7/site-packages/airflow/example_dags/example_latest_only_with_trigger.py
[2022-12-23T00:03:43.764+0000] {processor.py:743} INFO - Processing file /home/airflow/.local/lib/python3.7/site-packages/airflow/example_dags/example_latest_only_with_trigger.py for tasks to queue
[2022-12-23T00:03:43.765+0000] {logging_mixin.py:137} INFO - [2022-12-23T00:03:43.765+0000] {dagbag.py:538} INFO - Filling up the DagBag from /home/airflow/.local/lib/python3.7/site-packages/airflow/example_dags/example_latest_only_with_trigger.py
[2022-12-23T00:03:43.778+0000] {processor.py:753} INFO - DAG(s) dict_keys(['latest_only_with_trigger']) retrieved from /home/airflow/.local/lib/python3.7/site-packages/airflow/example_dags/example_latest_only_with_trigger.py
[2022-12-23T00:03:43.812+0000] {logging_mixin.py:137} INFO - [2022-12-23T00:03:43.812+0000] {dag.py:2676} INFO - Sync 1 DAGs
[2022-12-23T00:03:43.832+0000] {logging_mixin.py:137} INFO - [2022-12-23T00:03:43.831+0000] {dag.py:3427} INFO - Setting next_dagrun for latest_only_with_trigger to 2022-12-22T20:03:43.831666+00:00, run_after=2022-12-23T00:03:43.831666+00:00
[2022-12-23T00:03:43.847+0000] {processor.py:175} INFO - Processing /home/airflow/.local/lib/python3.7/site-packages/airflow/example_dags/example_latest_only_with_trigger.py took 0.087 seconds
[2022-12-23T00:04:14.817+0000] {processor.py:153} INFO - Started process (PID=667) to work on /home/airflow/.local/lib/python3.7/site-packages/airflow/example_dags/example_latest_only_with_trigger.py
[2022-12-23T00:04:14.819+0000] {processor.py:743} INFO - Processing file /home/airflow/.local/lib/python3.7/site-packages/airflow/example_dags/example_latest_only_with_trigger.py for tasks to queue
[2022-12-23T00:04:14.820+0000] {logging_mixin.py:137} INFO - [2022-12-23T00:04:14.820+0000] {dagbag.py:538} INFO - Filling up the DagBag from /home/airflow/.local/lib/python3.7/site-packages/airflow/example_dags/example_latest_only_with_trigger.py
[2022-12-23T00:04:14.835+0000] {processor.py:753} INFO - DAG(s) dict_keys(['latest_only_with_trigger']) retrieved from /home/airflow/.local/lib/python3.7/site-packages/airflow/example_dags/example_latest_only_with_trigger.py
[2022-12-23T00:04:14.880+0000] {logging_mixin.py:137} INFO - [2022-12-23T00:04:14.880+0000] {dag.py:2676} INFO - Sync 1 DAGs
[2022-12-23T00:04:14.900+0000] {logging_mixin.py:137} INFO - [2022-12-23T00:04:14.900+0000] {dag.py:3427} INFO - Setting next_dagrun for latest_only_with_trigger to 2022-12-22T20:04:14.899835+00:00, run_after=2022-12-23T00:04:14.899835+00:00
[2022-12-23T00:04:14.915+0000] {processor.py:175} INFO - Processing /home/airflow/.local/lib/python3.7/site-packages/airflow/example_dags/example_latest_only_with_trigger.py took 0.101 seconds
[2022-12-23T00:04:45.243+0000] {processor.py:153} INFO - Started process (PID=886) to work on /home/airflow/.local/lib/python3.7/site-packages/airflow/example_dags/example_latest_only_with_trigger.py
[2022-12-23T00:04:45.244+0000] {processor.py:743} INFO - Processing file /home/airflow/.local/lib/python3.7/site-packages/airflow/example_dags/example_latest_only_with_trigger.py for tasks to queue
[2022-12-23T00:04:45.245+0000] {logging_mixin.py:137} INFO - [2022-12-23T00:04:45.245+0000] {dagbag.py:538} INFO - Filling up the DagBag from /home/airflow/.local/lib/python3.7/site-packages/airflow/example_dags/example_latest_only_with_trigger.py
[2022-12-23T00:04:45.259+0000] {processor.py:753} INFO - DAG(s) dict_keys(['latest_only_with_trigger']) retrieved from /home/airflow/.local/lib/python3.7/site-packages/airflow/example_dags/example_latest_only_with_trigger.py
[2022-12-23T00:04:45.293+0000] {logging_mixin.py:137} INFO - [2022-12-23T00:04:45.293+0000] {dag.py:2676} INFO - Sync 1 DAGs
[2022-12-23T00:04:45.312+0000] {logging_mixin.py:137} INFO - [2022-12-23T00:04:45.312+0000] {dag.py:3427} INFO - Setting next_dagrun for latest_only_with_trigger to 2022-12-22T20:04:45.312239+00:00, run_after=2022-12-23T00:04:45.312239+00:00
[2022-12-23T00:04:45.326+0000] {processor.py:175} INFO - Processing /home/airflow/.local/lib/python3.7/site-packages/airflow/example_dags/example_latest_only_with_trigger.py took 0.086 seconds
[2022-12-23T00:05:16.074+0000] {processor.py:153} INFO - Started process (PID=1113) to work on /home/airflow/.local/lib/python3.7/site-packages/airflow/example_dags/example_latest_only_with_trigger.py
[2022-12-23T00:05:16.075+0000] {processor.py:743} INFO - Processing file /home/airflow/.local/lib/python3.7/site-packages/airflow/example_dags/example_latest_only_with_trigger.py for tasks to queue
[2022-12-23T00:05:16.076+0000] {logging_mixin.py:137} INFO - [2022-12-23T00:05:16.076+0000] {dagbag.py:538} INFO - Filling up the DagBag from /home/airflow/.local/lib/python3.7/site-packages/airflow/example_dags/example_latest_only_with_trigger.py
[2022-12-23T00:05:16.089+0000] {processor.py:753} INFO - DAG(s) dict_keys(['latest_only_with_trigger']) retrieved from /home/airflow/.local/lib/python3.7/site-packages/airflow/example_dags/example_latest_only_with_trigger.py
[2022-12-23T00:05:16.120+0000] {logging_mixin.py:137} INFO - [2022-12-23T00:05:16.120+0000] {dag.py:2676} INFO - Sync 1 DAGs
[2022-12-23T00:05:16.139+0000] {logging_mixin.py:137} INFO - [2022-12-23T00:05:16.138+0000] {dag.py:3427} INFO - Setting next_dagrun for latest_only_with_trigger to 2022-12-22T20:05:16.138736+00:00, run_after=2022-12-23T00:05:16.138736+00:00
[2022-12-23T00:05:16.151+0000] {processor.py:175} INFO - Processing /home/airflow/.local/lib/python3.7/site-packages/airflow/example_dags/example_latest_only_with_trigger.py took 0.080 seconds
[2022-12-23 22:41:53,616] {processor.py:153} INFO - Started process (PID=241) to work on /home/airflow/.local/lib/python3.7/site-packages/airflow/example_dags/example_latest_only_with_trigger.py
[2022-12-23 22:41:53,618] {processor.py:641} INFO - Processing file /home/airflow/.local/lib/python3.7/site-packages/airflow/example_dags/example_latest_only_with_trigger.py for tasks to queue
[2022-12-23 22:41:53,619] {logging_mixin.py:115} INFO - [2022-12-23 22:41:53,618] {dagbag.py:507} INFO - Filling up the DagBag from /home/airflow/.local/lib/python3.7/site-packages/airflow/example_dags/example_latest_only_with_trigger.py
[2022-12-23 22:41:53,642] {processor.py:651} INFO - DAG(s) dict_keys(['latest_only_with_trigger']) retrieved from /home/airflow/.local/lib/python3.7/site-packages/airflow/example_dags/example_latest_only_with_trigger.py
[2022-12-23 22:41:53,859] {logging_mixin.py:115} INFO - [2022-12-23 22:41:53,858] {manager.py:508} INFO - Created Permission View: can delete on DAG:latest_only_with_trigger
[2022-12-23 22:41:53,880] {logging_mixin.py:115} INFO - [2022-12-23 22:41:53,880] {manager.py:508} INFO - Created Permission View: can edit on DAG:latest_only_with_trigger
[2022-12-23 22:41:53,889] {logging_mixin.py:115} INFO - [2022-12-23 22:41:53,888] {manager.py:508} INFO - Created Permission View: can read on DAG:latest_only_with_trigger
[2022-12-23 22:41:53,891] {logging_mixin.py:115} INFO - [2022-12-23 22:41:53,889] {dag.py:2371} INFO - Sync 1 DAGs
[2022-12-23 22:41:53,914] {logging_mixin.py:115} INFO - [2022-12-23 22:41:53,914] {dag.py:2390} INFO - Creating ORM DAG for latest_only_with_trigger
[2022-12-23 22:41:53,954] {logging_mixin.py:115} INFO - [2022-12-23 22:41:53,954] {dag.py:2919} INFO - Setting next_dagrun for latest_only_with_trigger to 2022-12-23T18:41:53.954174+00:00, run_after=2022-12-23T22:41:53.954174+00:00
[2022-12-23 22:41:53,987] {processor.py:161} INFO - Processing /home/airflow/.local/lib/python3.7/site-packages/airflow/example_dags/example_latest_only_with_trigger.py took 0.376 seconds
[2022-12-23 22:42:24,295] {processor.py:153} INFO - Started process (PID=435) to work on /home/airflow/.local/lib/python3.7/site-packages/airflow/example_dags/example_latest_only_with_trigger.py
[2022-12-23 22:42:24,297] {processor.py:641} INFO - Processing file /home/airflow/.local/lib/python3.7/site-packages/airflow/example_dags/example_latest_only_with_trigger.py for tasks to queue
[2022-12-23 22:42:24,298] {logging_mixin.py:115} INFO - [2022-12-23 22:42:24,298] {dagbag.py:507} INFO - Filling up the DagBag from /home/airflow/.local/lib/python3.7/site-packages/airflow/example_dags/example_latest_only_with_trigger.py
[2022-12-23 22:42:24,304] {processor.py:651} INFO - DAG(s) dict_keys(['latest_only_with_trigger']) retrieved from /home/airflow/.local/lib/python3.7/site-packages/airflow/example_dags/example_latest_only_with_trigger.py
[2022-12-23 22:42:24,347] {logging_mixin.py:115} INFO - [2022-12-23 22:42:24,347] {dag.py:2371} INFO - Sync 1 DAGs
[2022-12-23 22:42:24,367] {logging_mixin.py:115} INFO - [2022-12-23 22:42:24,367] {dag.py:2919} INFO - Setting next_dagrun for latest_only_with_trigger to 2022-12-23T18:42:24.366846+00:00, run_after=2022-12-23T22:42:24.366846+00:00
[2022-12-23 22:42:24,378] {processor.py:161} INFO - Processing /home/airflow/.local/lib/python3.7/site-packages/airflow/example_dags/example_latest_only_with_trigger.py took 0.089 seconds
[2022-12-23 22:42:54,723] {processor.py:153} INFO - Started process (PID=636) to work on /home/airflow/.local/lib/python3.7/site-packages/airflow/example_dags/example_latest_only_with_trigger.py
[2022-12-23 22:42:54,725] {processor.py:641} INFO - Processing file /home/airflow/.local/lib/python3.7/site-packages/airflow/example_dags/example_latest_only_with_trigger.py for tasks to queue
[2022-12-23 22:42:54,726] {logging_mixin.py:115} INFO - [2022-12-23 22:42:54,726] {dagbag.py:507} INFO - Filling up the DagBag from /home/airflow/.local/lib/python3.7/site-packages/airflow/example_dags/example_latest_only_with_trigger.py
[2022-12-23 22:42:54,731] {processor.py:651} INFO - DAG(s) dict_keys(['latest_only_with_trigger']) retrieved from /home/airflow/.local/lib/python3.7/site-packages/airflow/example_dags/example_latest_only_with_trigger.py
[2022-12-23 22:42:54,762] {logging_mixin.py:115} INFO - [2022-12-23 22:42:54,762] {dag.py:2371} INFO - Sync 1 DAGs
[2022-12-23 22:42:54,781] {logging_mixin.py:115} INFO - [2022-12-23 22:42:54,781] {dag.py:2919} INFO - Setting next_dagrun for latest_only_with_trigger to 2022-12-23T18:42:54.781244+00:00, run_after=2022-12-23T22:42:54.781244+00:00
[2022-12-23 22:42:54,789] {processor.py:161} INFO - Processing /home/airflow/.local/lib/python3.7/site-packages/airflow/example_dags/example_latest_only_with_trigger.py took 0.069 seconds
[2022-12-23 22:43:24,959] {processor.py:153} INFO - Started process (PID=839) to work on /home/airflow/.local/lib/python3.7/site-packages/airflow/example_dags/example_latest_only_with_trigger.py
[2022-12-23 22:43:24,960] {processor.py:641} INFO - Processing file /home/airflow/.local/lib/python3.7/site-packages/airflow/example_dags/example_latest_only_with_trigger.py for tasks to queue
[2022-12-23 22:43:24,961] {logging_mixin.py:115} INFO - [2022-12-23 22:43:24,961] {dagbag.py:507} INFO - Filling up the DagBag from /home/airflow/.local/lib/python3.7/site-packages/airflow/example_dags/example_latest_only_with_trigger.py
[2022-12-23 22:43:24,966] {processor.py:651} INFO - DAG(s) dict_keys(['latest_only_with_trigger']) retrieved from /home/airflow/.local/lib/python3.7/site-packages/airflow/example_dags/example_latest_only_with_trigger.py
[2022-12-23 22:43:24,992] {logging_mixin.py:115} INFO - [2022-12-23 22:43:24,992] {dag.py:2371} INFO - Sync 1 DAGs
[2022-12-23 22:43:25,008] {logging_mixin.py:115} INFO - [2022-12-23 22:43:25,007] {dag.py:2919} INFO - Setting next_dagrun for latest_only_with_trigger to 2022-12-23T18:43:25.007694+00:00, run_after=2022-12-23T22:43:25.007694+00:00
[2022-12-23 22:43:25,016] {processor.py:161} INFO - Processing /home/airflow/.local/lib/python3.7/site-packages/airflow/example_dags/example_latest_only_with_trigger.py took 0.060 seconds
[2022-12-23 22:43:56,044] {processor.py:153} INFO - Started process (PID=1042) to work on /home/airflow/.local/lib/python3.7/site-packages/airflow/example_dags/example_latest_only_with_trigger.py
[2022-12-23 22:43:56,045] {processor.py:641} INFO - Processing file /home/airflow/.local/lib/python3.7/site-packages/airflow/example_dags/example_latest_only_with_trigger.py for tasks to queue
[2022-12-23 22:43:56,046] {logging_mixin.py:115} INFO - [2022-12-23 22:43:56,046] {dagbag.py:507} INFO - Filling up the DagBag from /home/airflow/.local/lib/python3.7/site-packages/airflow/example_dags/example_latest_only_with_trigger.py
[2022-12-23 22:43:56,051] {processor.py:651} INFO - DAG(s) dict_keys(['latest_only_with_trigger']) retrieved from /home/airflow/.local/lib/python3.7/site-packages/airflow/example_dags/example_latest_only_with_trigger.py
[2022-12-23 22:43:56,077] {logging_mixin.py:115} INFO - [2022-12-23 22:43:56,077] {dag.py:2371} INFO - Sync 1 DAGs
[2022-12-23 22:43:56,093] {logging_mixin.py:115} INFO - [2022-12-23 22:43:56,092] {dag.py:2919} INFO - Setting next_dagrun for latest_only_with_trigger to 2022-12-23T18:43:56.092750+00:00, run_after=2022-12-23T22:43:56.092750+00:00
[2022-12-23 22:43:56,102] {processor.py:161} INFO - Processing /home/airflow/.local/lib/python3.7/site-packages/airflow/example_dags/example_latest_only_with_trigger.py took 0.061 seconds
[2022-12-23 22:44:26,269] {processor.py:153} INFO - Started process (PID=1236) to work on /home/airflow/.local/lib/python3.7/site-packages/airflow/example_dags/example_latest_only_with_trigger.py
[2022-12-23 22:44:26,270] {processor.py:641} INFO - Processing file /home/airflow/.local/lib/python3.7/site-packages/airflow/example_dags/example_latest_only_with_trigger.py for tasks to queue
[2022-12-23 22:44:26,271] {logging_mixin.py:115} INFO - [2022-12-23 22:44:26,271] {dagbag.py:507} INFO - Filling up the DagBag from /home/airflow/.local/lib/python3.7/site-packages/airflow/example_dags/example_latest_only_with_trigger.py
[2022-12-23 22:44:26,276] {processor.py:651} INFO - DAG(s) dict_keys(['latest_only_with_trigger']) retrieved from /home/airflow/.local/lib/python3.7/site-packages/airflow/example_dags/example_latest_only_with_trigger.py
[2022-12-23 22:44:26,301] {logging_mixin.py:115} INFO - [2022-12-23 22:44:26,301] {dag.py:2371} INFO - Sync 1 DAGs
[2022-12-23 22:44:26,316] {logging_mixin.py:115} INFO - [2022-12-23 22:44:26,316] {dag.py:2919} INFO - Setting next_dagrun for latest_only_with_trigger to 2022-12-23T18:44:26.316000+00:00, run_after=2022-12-23T22:44:26.316000+00:00
[2022-12-23 22:44:26,325] {processor.py:161} INFO - Processing /home/airflow/.local/lib/python3.7/site-packages/airflow/example_dags/example_latest_only_with_trigger.py took 0.059 seconds
[2022-12-23 22:44:57,328] {processor.py:153} INFO - Started process (PID=1439) to work on /home/airflow/.local/lib/python3.7/site-packages/airflow/example_dags/example_latest_only_with_trigger.py
[2022-12-23 22:44:57,329] {processor.py:641} INFO - Processing file /home/airflow/.local/lib/python3.7/site-packages/airflow/example_dags/example_latest_only_with_trigger.py for tasks to queue
[2022-12-23 22:44:57,330] {logging_mixin.py:115} INFO - [2022-12-23 22:44:57,330] {dagbag.py:507} INFO - Filling up the DagBag from /home/airflow/.local/lib/python3.7/site-packages/airflow/example_dags/example_latest_only_with_trigger.py
[2022-12-23 22:44:57,335] {processor.py:651} INFO - DAG(s) dict_keys(['latest_only_with_trigger']) retrieved from /home/airflow/.local/lib/python3.7/site-packages/airflow/example_dags/example_latest_only_with_trigger.py
[2022-12-23 22:44:57,362] {logging_mixin.py:115} INFO - [2022-12-23 22:44:57,362] {dag.py:2371} INFO - Sync 1 DAGs
[2022-12-23 22:44:57,378] {logging_mixin.py:115} INFO - [2022-12-23 22:44:57,378] {dag.py:2919} INFO - Setting next_dagrun for latest_only_with_trigger to 2022-12-23T18:44:57.378614+00:00, run_after=2022-12-23T22:44:57.378614+00:00
[2022-12-23 22:44:57,386] {processor.py:161} INFO - Processing /home/airflow/.local/lib/python3.7/site-packages/airflow/example_dags/example_latest_only_with_trigger.py took 0.061 seconds
[2022-12-23 22:45:28,201] {processor.py:153} INFO - Started process (PID=1642) to work on /home/airflow/.local/lib/python3.7/site-packages/airflow/example_dags/example_latest_only_with_trigger.py
[2022-12-23 22:45:28,203] {processor.py:641} INFO - Processing file /home/airflow/.local/lib/python3.7/site-packages/airflow/example_dags/example_latest_only_with_trigger.py for tasks to queue
[2022-12-23 22:45:28,204] {logging_mixin.py:115} INFO - [2022-12-23 22:45:28,204] {dagbag.py:507} INFO - Filling up the DagBag from /home/airflow/.local/lib/python3.7/site-packages/airflow/example_dags/example_latest_only_with_trigger.py
[2022-12-23 22:45:28,209] {processor.py:651} INFO - DAG(s) dict_keys(['latest_only_with_trigger']) retrieved from /home/airflow/.local/lib/python3.7/site-packages/airflow/example_dags/example_latest_only_with_trigger.py
[2022-12-23 22:45:28,235] {logging_mixin.py:115} INFO - [2022-12-23 22:45:28,235] {dag.py:2371} INFO - Sync 1 DAGs
[2022-12-23 22:45:28,251] {logging_mixin.py:115} INFO - [2022-12-23 22:45:28,251] {dag.py:2919} INFO - Setting next_dagrun for latest_only_with_trigger to 2022-12-23T18:45:28.250900+00:00, run_after=2022-12-23T22:45:28.250900+00:00
[2022-12-23 22:45:28,259] {processor.py:161} INFO - Processing /home/airflow/.local/lib/python3.7/site-packages/airflow/example_dags/example_latest_only_with_trigger.py took 0.060 seconds
[2022-12-23 22:45:59,318] {processor.py:153} INFO - Started process (PID=1845) to work on /home/airflow/.local/lib/python3.7/site-packages/airflow/example_dags/example_latest_only_with_trigger.py
[2022-12-23 22:45:59,319] {processor.py:641} INFO - Processing file /home/airflow/.local/lib/python3.7/site-packages/airflow/example_dags/example_latest_only_with_trigger.py for tasks to queue
[2022-12-23 22:45:59,320] {logging_mixin.py:115} INFO - [2022-12-23 22:45:59,320] {dagbag.py:507} INFO - Filling up the DagBag from /home/airflow/.local/lib/python3.7/site-packages/airflow/example_dags/example_latest_only_with_trigger.py
[2022-12-23 22:45:59,326] {processor.py:651} INFO - DAG(s) dict_keys(['latest_only_with_trigger']) retrieved from /home/airflow/.local/lib/python3.7/site-packages/airflow/example_dags/example_latest_only_with_trigger.py
[2022-12-23 22:45:59,356] {logging_mixin.py:115} INFO - [2022-12-23 22:45:59,356] {dag.py:2371} INFO - Sync 1 DAGs
[2022-12-23 22:45:59,371] {logging_mixin.py:115} INFO - [2022-12-23 22:45:59,371] {dag.py:2919} INFO - Setting next_dagrun for latest_only_with_trigger to 2022-12-23T18:45:59.371507+00:00, run_after=2022-12-23T22:45:59.371507+00:00
[2022-12-23 22:45:59,380] {processor.py:161} INFO - Processing /home/airflow/.local/lib/python3.7/site-packages/airflow/example_dags/example_latest_only_with_trigger.py took 0.065 seconds
[2022-12-23 22:46:30,474] {processor.py:153} INFO - Started process (PID=2048) to work on /home/airflow/.local/lib/python3.7/site-packages/airflow/example_dags/example_latest_only_with_trigger.py
[2022-12-23 22:46:30,476] {processor.py:641} INFO - Processing file /home/airflow/.local/lib/python3.7/site-packages/airflow/example_dags/example_latest_only_with_trigger.py for tasks to queue
[2022-12-23 22:46:30,477] {logging_mixin.py:115} INFO - [2022-12-23 22:46:30,477] {dagbag.py:507} INFO - Filling up the DagBag from /home/airflow/.local/lib/python3.7/site-packages/airflow/example_dags/example_latest_only_with_trigger.py
[2022-12-23 22:46:30,481] {processor.py:651} INFO - DAG(s) dict_keys(['latest_only_with_trigger']) retrieved from /home/airflow/.local/lib/python3.7/site-packages/airflow/example_dags/example_latest_only_with_trigger.py
[2022-12-23 22:46:30,509] {logging_mixin.py:115} INFO - [2022-12-23 22:46:30,509] {dag.py:2371} INFO - Sync 1 DAGs
[2022-12-23 22:46:30,525] {logging_mixin.py:115} INFO - [2022-12-23 22:46:30,525] {dag.py:2919} INFO - Setting next_dagrun for latest_only_with_trigger to 2022-12-23T18:46:30.524944+00:00, run_after=2022-12-23T22:46:30.524944+00:00
[2022-12-23 22:46:30,533] {processor.py:161} INFO - Processing /home/airflow/.local/lib/python3.7/site-packages/airflow/example_dags/example_latest_only_with_trigger.py took 0.062 seconds
[2022-12-23 22:47:00,587] {processor.py:153} INFO - Started process (PID=2250) to work on /home/airflow/.local/lib/python3.7/site-packages/airflow/example_dags/example_latest_only_with_trigger.py
[2022-12-23 22:47:00,588] {processor.py:641} INFO - Processing file /home/airflow/.local/lib/python3.7/site-packages/airflow/example_dags/example_latest_only_with_trigger.py for tasks to queue
[2022-12-23 22:47:00,589] {logging_mixin.py:115} INFO - [2022-12-23 22:47:00,589] {dagbag.py:507} INFO - Filling up the DagBag from /home/airflow/.local/lib/python3.7/site-packages/airflow/example_dags/example_latest_only_with_trigger.py
[2022-12-23 22:47:00,594] {processor.py:651} INFO - DAG(s) dict_keys(['latest_only_with_trigger']) retrieved from /home/airflow/.local/lib/python3.7/site-packages/airflow/example_dags/example_latest_only_with_trigger.py
[2022-12-23 22:47:00,618] {logging_mixin.py:115} INFO - [2022-12-23 22:47:00,618] {dag.py:2371} INFO - Sync 1 DAGs
[2022-12-23 22:47:00,635] {logging_mixin.py:115} INFO - [2022-12-23 22:47:00,635] {dag.py:2919} INFO - Setting next_dagrun for latest_only_with_trigger to 2022-12-23T18:47:00.635562+00:00, run_after=2022-12-23T22:47:00.635562+00:00
[2022-12-23 22:47:00,644] {processor.py:161} INFO - Processing /home/airflow/.local/lib/python3.7/site-packages/airflow/example_dags/example_latest_only_with_trigger.py took 0.060 seconds
[2022-12-23 22:47:30,702] {processor.py:153} INFO - Started process (PID=2442) to work on /home/airflow/.local/lib/python3.7/site-packages/airflow/example_dags/example_latest_only_with_trigger.py
[2022-12-23 22:47:30,703] {processor.py:641} INFO - Processing file /home/airflow/.local/lib/python3.7/site-packages/airflow/example_dags/example_latest_only_with_trigger.py for tasks to queue
[2022-12-23 22:47:30,704] {logging_mixin.py:115} INFO - [2022-12-23 22:47:30,703] {dagbag.py:507} INFO - Filling up the DagBag from /home/airflow/.local/lib/python3.7/site-packages/airflow/example_dags/example_latest_only_with_trigger.py
[2022-12-23 22:47:30,708] {processor.py:651} INFO - DAG(s) dict_keys(['latest_only_with_trigger']) retrieved from /home/airflow/.local/lib/python3.7/site-packages/airflow/example_dags/example_latest_only_with_trigger.py
[2022-12-23 22:47:30,734] {logging_mixin.py:115} INFO - [2022-12-23 22:47:30,734] {dag.py:2371} INFO - Sync 1 DAGs
[2022-12-23 22:47:30,749] {logging_mixin.py:115} INFO - [2022-12-23 22:47:30,749] {dag.py:2919} INFO - Setting next_dagrun for latest_only_with_trigger to 2022-12-23T18:47:30.749481+00:00, run_after=2022-12-23T22:47:30.749481+00:00
[2022-12-23 22:47:30,757] {processor.py:161} INFO - Processing /home/airflow/.local/lib/python3.7/site-packages/airflow/example_dags/example_latest_only_with_trigger.py took 0.059 seconds
[2022-12-23 22:48:00,874] {processor.py:153} INFO - Started process (PID=2646) to work on /home/airflow/.local/lib/python3.7/site-packages/airflow/example_dags/example_latest_only_with_trigger.py
[2022-12-23 22:48:00,875] {processor.py:641} INFO - Processing file /home/airflow/.local/lib/python3.7/site-packages/airflow/example_dags/example_latest_only_with_trigger.py for tasks to queue
[2022-12-23 22:48:00,876] {logging_mixin.py:115} INFO - [2022-12-23 22:48:00,876] {dagbag.py:507} INFO - Filling up the DagBag from /home/airflow/.local/lib/python3.7/site-packages/airflow/example_dags/example_latest_only_with_trigger.py
[2022-12-23 22:48:00,881] {processor.py:651} INFO - DAG(s) dict_keys(['latest_only_with_trigger']) retrieved from /home/airflow/.local/lib/python3.7/site-packages/airflow/example_dags/example_latest_only_with_trigger.py
[2022-12-23 22:48:00,908] {logging_mixin.py:115} INFO - [2022-12-23 22:48:00,907] {dag.py:2371} INFO - Sync 1 DAGs
[2022-12-23 22:48:00,925] {logging_mixin.py:115} INFO - [2022-12-23 22:48:00,925] {dag.py:2919} INFO - Setting next_dagrun for latest_only_with_trigger to 2022-12-23T18:48:00.925261+00:00, run_after=2022-12-23T22:48:00.925261+00:00
[2022-12-23 22:48:00,936] {processor.py:161} INFO - Processing /home/airflow/.local/lib/python3.7/site-packages/airflow/example_dags/example_latest_only_with_trigger.py took 0.065 seconds
[2022-12-23 22:48:31,036] {processor.py:153} INFO - Started process (PID=2849) to work on /home/airflow/.local/lib/python3.7/site-packages/airflow/example_dags/example_latest_only_with_trigger.py
[2022-12-23 22:48:31,037] {processor.py:641} INFO - Processing file /home/airflow/.local/lib/python3.7/site-packages/airflow/example_dags/example_latest_only_with_trigger.py for tasks to queue
[2022-12-23 22:48:31,038] {logging_mixin.py:115} INFO - [2022-12-23 22:48:31,038] {dagbag.py:507} INFO - Filling up the DagBag from /home/airflow/.local/lib/python3.7/site-packages/airflow/example_dags/example_latest_only_with_trigger.py
[2022-12-23 22:48:31,042] {processor.py:651} INFO - DAG(s) dict_keys(['latest_only_with_trigger']) retrieved from /home/airflow/.local/lib/python3.7/site-packages/airflow/example_dags/example_latest_only_with_trigger.py
[2022-12-23 22:48:31,066] {logging_mixin.py:115} INFO - [2022-12-23 22:48:31,066] {dag.py:2371} INFO - Sync 1 DAGs
[2022-12-23 22:48:31,081] {logging_mixin.py:115} INFO - [2022-12-23 22:48:31,081] {dag.py:2919} INFO - Setting next_dagrun for latest_only_with_trigger to 2022-12-23T18:48:31.081257+00:00, run_after=2022-12-23T22:48:31.081257+00:00
[2022-12-23 22:48:31,090] {processor.py:161} INFO - Processing /home/airflow/.local/lib/python3.7/site-packages/airflow/example_dags/example_latest_only_with_trigger.py took 0.057 seconds
[2022-12-23 22:49:01,589] {processor.py:153} INFO - Started process (PID=3052) to work on /home/airflow/.local/lib/python3.7/site-packages/airflow/example_dags/example_latest_only_with_trigger.py
[2022-12-23 22:49:01,590] {processor.py:641} INFO - Processing file /home/airflow/.local/lib/python3.7/site-packages/airflow/example_dags/example_latest_only_with_trigger.py for tasks to queue
[2022-12-23 22:49:01,591] {logging_mixin.py:115} INFO - [2022-12-23 22:49:01,591] {dagbag.py:507} INFO - Filling up the DagBag from /home/airflow/.local/lib/python3.7/site-packages/airflow/example_dags/example_latest_only_with_trigger.py
[2022-12-23 22:49:01,596] {processor.py:651} INFO - DAG(s) dict_keys(['latest_only_with_trigger']) retrieved from /home/airflow/.local/lib/python3.7/site-packages/airflow/example_dags/example_latest_only_with_trigger.py
[2022-12-23 22:49:01,620] {logging_mixin.py:115} INFO - [2022-12-23 22:49:01,620] {dag.py:2371} INFO - Sync 1 DAGs
[2022-12-23 22:49:01,637] {logging_mixin.py:115} INFO - [2022-12-23 22:49:01,637] {dag.py:2919} INFO - Setting next_dagrun for latest_only_with_trigger to 2022-12-23T18:49:01.637545+00:00, run_after=2022-12-23T22:49:01.637545+00:00
[2022-12-23 22:49:01,647] {processor.py:161} INFO - Processing /home/airflow/.local/lib/python3.7/site-packages/airflow/example_dags/example_latest_only_with_trigger.py took 0.061 seconds
[2022-12-23 22:49:32,700] {processor.py:153} INFO - Started process (PID=3249) to work on /home/airflow/.local/lib/python3.7/site-packages/airflow/example_dags/example_latest_only_with_trigger.py
[2022-12-23 22:49:32,702] {processor.py:641} INFO - Processing file /home/airflow/.local/lib/python3.7/site-packages/airflow/example_dags/example_latest_only_with_trigger.py for tasks to queue
[2022-12-23 22:49:32,702] {logging_mixin.py:115} INFO - [2022-12-23 22:49:32,702] {dagbag.py:507} INFO - Filling up the DagBag from /home/airflow/.local/lib/python3.7/site-packages/airflow/example_dags/example_latest_only_with_trigger.py
[2022-12-23 22:49:32,708] {processor.py:651} INFO - DAG(s) dict_keys(['latest_only_with_trigger']) retrieved from /home/airflow/.local/lib/python3.7/site-packages/airflow/example_dags/example_latest_only_with_trigger.py
[2022-12-23 22:49:32,736] {logging_mixin.py:115} INFO - [2022-12-23 22:49:32,736] {dag.py:2371} INFO - Sync 1 DAGs
[2022-12-23 22:49:32,755] {logging_mixin.py:115} INFO - [2022-12-23 22:49:32,755] {dag.py:2919} INFO - Setting next_dagrun for latest_only_with_trigger to 2022-12-23T18:49:32.755450+00:00, run_after=2022-12-23T22:49:32.755450+00:00
[2022-12-23 22:49:32,767] {processor.py:161} INFO - Processing /home/airflow/.local/lib/python3.7/site-packages/airflow/example_dags/example_latest_only_with_trigger.py took 0.070 seconds
[2022-12-23 22:50:02,847] {processor.py:153} INFO - Started process (PID=3451) to work on /home/airflow/.local/lib/python3.7/site-packages/airflow/example_dags/example_latest_only_with_trigger.py
[2022-12-23 22:50:02,848] {processor.py:641} INFO - Processing file /home/airflow/.local/lib/python3.7/site-packages/airflow/example_dags/example_latest_only_with_trigger.py for tasks to queue
[2022-12-23 22:50:02,849] {logging_mixin.py:115} INFO - [2022-12-23 22:50:02,849] {dagbag.py:507} INFO - Filling up the DagBag from /home/airflow/.local/lib/python3.7/site-packages/airflow/example_dags/example_latest_only_with_trigger.py
[2022-12-23 22:50:02,855] {processor.py:651} INFO - DAG(s) dict_keys(['latest_only_with_trigger']) retrieved from /home/airflow/.local/lib/python3.7/site-packages/airflow/example_dags/example_latest_only_with_trigger.py
[2022-12-23 22:50:02,879] {logging_mixin.py:115} INFO - [2022-12-23 22:50:02,879] {dag.py:2371} INFO - Sync 1 DAGs
[2022-12-23 22:50:02,895] {logging_mixin.py:115} INFO - [2022-12-23 22:50:02,895] {dag.py:2919} INFO - Setting next_dagrun for latest_only_with_trigger to 2022-12-23T18:50:02.895597+00:00, run_after=2022-12-23T22:50:02.895597+00:00
[2022-12-23 22:50:02,904] {processor.py:161} INFO - Processing /home/airflow/.local/lib/python3.7/site-packages/airflow/example_dags/example_latest_only_with_trigger.py took 0.060 seconds
[2022-12-23 22:50:33,082] {processor.py:153} INFO - Started process (PID=3655) to work on /home/airflow/.local/lib/python3.7/site-packages/airflow/example_dags/example_latest_only_with_trigger.py
[2022-12-23 22:50:33,083] {processor.py:641} INFO - Processing file /home/airflow/.local/lib/python3.7/site-packages/airflow/example_dags/example_latest_only_with_trigger.py for tasks to queue
[2022-12-23 22:50:33,084] {logging_mixin.py:115} INFO - [2022-12-23 22:50:33,084] {dagbag.py:507} INFO - Filling up the DagBag from /home/airflow/.local/lib/python3.7/site-packages/airflow/example_dags/example_latest_only_with_trigger.py
[2022-12-23 22:50:33,089] {processor.py:651} INFO - DAG(s) dict_keys(['latest_only_with_trigger']) retrieved from /home/airflow/.local/lib/python3.7/site-packages/airflow/example_dags/example_latest_only_with_trigger.py
[2022-12-23 22:50:33,115] {logging_mixin.py:115} INFO - [2022-12-23 22:50:33,114] {dag.py:2371} INFO - Sync 1 DAGs
[2022-12-23 22:50:33,130] {logging_mixin.py:115} INFO - [2022-12-23 22:50:33,130] {dag.py:2919} INFO - Setting next_dagrun for latest_only_with_trigger to 2022-12-23T18:50:33.130611+00:00, run_after=2022-12-23T22:50:33.130611+00:00
[2022-12-23 22:50:33,138] {processor.py:161} INFO - Processing /home/airflow/.local/lib/python3.7/site-packages/airflow/example_dags/example_latest_only_with_trigger.py took 0.060 seconds
[2022-12-23 22:51:03,594] {processor.py:153} INFO - Started process (PID=3858) to work on /home/airflow/.local/lib/python3.7/site-packages/airflow/example_dags/example_latest_only_with_trigger.py
[2022-12-23 22:51:03,595] {processor.py:641} INFO - Processing file /home/airflow/.local/lib/python3.7/site-packages/airflow/example_dags/example_latest_only_with_trigger.py for tasks to queue
[2022-12-23 22:51:03,596] {logging_mixin.py:115} INFO - [2022-12-23 22:51:03,596] {dagbag.py:507} INFO - Filling up the DagBag from /home/airflow/.local/lib/python3.7/site-packages/airflow/example_dags/example_latest_only_with_trigger.py
[2022-12-23 22:51:03,601] {processor.py:651} INFO - DAG(s) dict_keys(['latest_only_with_trigger']) retrieved from /home/airflow/.local/lib/python3.7/site-packages/airflow/example_dags/example_latest_only_with_trigger.py
[2022-12-23 22:51:03,624] {logging_mixin.py:115} INFO - [2022-12-23 22:51:03,624] {dag.py:2371} INFO - Sync 1 DAGs
[2022-12-23 22:51:03,640] {logging_mixin.py:115} INFO - [2022-12-23 22:51:03,640] {dag.py:2919} INFO - Setting next_dagrun for latest_only_with_trigger to 2022-12-23T18:51:03.640577+00:00, run_after=2022-12-23T22:51:03.640577+00:00
[2022-12-23 22:51:03,649] {processor.py:161} INFO - Processing /home/airflow/.local/lib/python3.7/site-packages/airflow/example_dags/example_latest_only_with_trigger.py took 0.059 seconds
[2022-12-23 22:51:34,537] {processor.py:153} INFO - Started process (PID=4055) to work on /home/airflow/.local/lib/python3.7/site-packages/airflow/example_dags/example_latest_only_with_trigger.py
[2022-12-23 22:51:34,538] {processor.py:641} INFO - Processing file /home/airflow/.local/lib/python3.7/site-packages/airflow/example_dags/example_latest_only_with_trigger.py for tasks to queue
[2022-12-23 22:51:34,539] {logging_mixin.py:115} INFO - [2022-12-23 22:51:34,539] {dagbag.py:507} INFO - Filling up the DagBag from /home/airflow/.local/lib/python3.7/site-packages/airflow/example_dags/example_latest_only_with_trigger.py
[2022-12-23 22:51:34,544] {processor.py:651} INFO - DAG(s) dict_keys(['latest_only_with_trigger']) retrieved from /home/airflow/.local/lib/python3.7/site-packages/airflow/example_dags/example_latest_only_with_trigger.py
[2022-12-23 22:51:34,570] {logging_mixin.py:115} INFO - [2022-12-23 22:51:34,569] {dag.py:2371} INFO - Sync 1 DAGs
[2022-12-23 22:51:34,586] {logging_mixin.py:115} INFO - [2022-12-23 22:51:34,586] {dag.py:2919} INFO - Setting next_dagrun for latest_only_with_trigger to 2022-12-23T18:51:34.586294+00:00, run_after=2022-12-23T22:51:34.586294+00:00
[2022-12-23 22:51:34,597] {processor.py:161} INFO - Processing /home/airflow/.local/lib/python3.7/site-packages/airflow/example_dags/example_latest_only_with_trigger.py took 0.063 seconds
[2022-12-23 22:52:04,738] {processor.py:153} INFO - Started process (PID=4259) to work on /home/airflow/.local/lib/python3.7/site-packages/airflow/example_dags/example_latest_only_with_trigger.py
[2022-12-23 22:52:04,739] {processor.py:641} INFO - Processing file /home/airflow/.local/lib/python3.7/site-packages/airflow/example_dags/example_latest_only_with_trigger.py for tasks to queue
[2022-12-23 22:52:04,740] {logging_mixin.py:115} INFO - [2022-12-23 22:52:04,740] {dagbag.py:507} INFO - Filling up the DagBag from /home/airflow/.local/lib/python3.7/site-packages/airflow/example_dags/example_latest_only_with_trigger.py
[2022-12-23 22:52:04,745] {processor.py:651} INFO - DAG(s) dict_keys(['latest_only_with_trigger']) retrieved from /home/airflow/.local/lib/python3.7/site-packages/airflow/example_dags/example_latest_only_with_trigger.py
[2022-12-23 22:52:04,769] {logging_mixin.py:115} INFO - [2022-12-23 22:52:04,769] {dag.py:2371} INFO - Sync 1 DAGs
[2022-12-23 22:52:04,785] {logging_mixin.py:115} INFO - [2022-12-23 22:52:04,785] {dag.py:2919} INFO - Setting next_dagrun for latest_only_with_trigger to 2022-12-23T18:52:04.784735+00:00, run_after=2022-12-23T22:52:04.784735+00:00
[2022-12-23 22:52:04,793] {processor.py:161} INFO - Processing /home/airflow/.local/lib/python3.7/site-packages/airflow/example_dags/example_latest_only_with_trigger.py took 0.058 seconds
[2022-12-23 22:52:34,873] {processor.py:153} INFO - Started process (PID=4462) to work on /home/airflow/.local/lib/python3.7/site-packages/airflow/example_dags/example_latest_only_with_trigger.py
[2022-12-23 22:52:34,874] {processor.py:641} INFO - Processing file /home/airflow/.local/lib/python3.7/site-packages/airflow/example_dags/example_latest_only_with_trigger.py for tasks to queue
[2022-12-23 22:52:34,875] {logging_mixin.py:115} INFO - [2022-12-23 22:52:34,875] {dagbag.py:507} INFO - Filling up the DagBag from /home/airflow/.local/lib/python3.7/site-packages/airflow/example_dags/example_latest_only_with_trigger.py
[2022-12-23 22:52:34,880] {processor.py:651} INFO - DAG(s) dict_keys(['latest_only_with_trigger']) retrieved from /home/airflow/.local/lib/python3.7/site-packages/airflow/example_dags/example_latest_only_with_trigger.py
[2022-12-23 22:52:34,904] {logging_mixin.py:115} INFO - [2022-12-23 22:52:34,904] {dag.py:2371} INFO - Sync 1 DAGs
[2022-12-23 22:52:34,919] {logging_mixin.py:115} INFO - [2022-12-23 22:52:34,919] {dag.py:2919} INFO - Setting next_dagrun for latest_only_with_trigger to 2022-12-23T18:52:34.919527+00:00, run_after=2022-12-23T22:52:34.919527+00:00
[2022-12-23 22:52:34,928] {processor.py:161} INFO - Processing /home/airflow/.local/lib/python3.7/site-packages/airflow/example_dags/example_latest_only_with_trigger.py took 0.058 seconds
[2022-12-23 22:53:05,583] {processor.py:153} INFO - Started process (PID=4677) to work on /home/airflow/.local/lib/python3.7/site-packages/airflow/example_dags/example_latest_only_with_trigger.py
[2022-12-23 22:53:05,584] {processor.py:641} INFO - Processing file /home/airflow/.local/lib/python3.7/site-packages/airflow/example_dags/example_latest_only_with_trigger.py for tasks to queue
[2022-12-23 22:53:05,585] {logging_mixin.py:115} INFO - [2022-12-23 22:53:05,585] {dagbag.py:507} INFO - Filling up the DagBag from /home/airflow/.local/lib/python3.7/site-packages/airflow/example_dags/example_latest_only_with_trigger.py
[2022-12-23 22:53:05,589] {processor.py:651} INFO - DAG(s) dict_keys(['latest_only_with_trigger']) retrieved from /home/airflow/.local/lib/python3.7/site-packages/airflow/example_dags/example_latest_only_with_trigger.py
[2022-12-23 22:53:05,614] {logging_mixin.py:115} INFO - [2022-12-23 22:53:05,614] {dag.py:2371} INFO - Sync 1 DAGs
[2022-12-23 22:53:05,632] {logging_mixin.py:115} INFO - [2022-12-23 22:53:05,632] {dag.py:2919} INFO - Setting next_dagrun for latest_only_with_trigger to 2022-12-23T18:53:05.632190+00:00, run_after=2022-12-23T22:53:05.632190+00:00
[2022-12-23 22:53:05,640] {processor.py:161} INFO - Processing /home/airflow/.local/lib/python3.7/site-packages/airflow/example_dags/example_latest_only_with_trigger.py took 0.061 seconds
[2022-12-23 22:53:36,357] {processor.py:153} INFO - Started process (PID=4881) to work on /home/airflow/.local/lib/python3.7/site-packages/airflow/example_dags/example_latest_only_with_trigger.py
[2022-12-23 22:53:36,358] {processor.py:641} INFO - Processing file /home/airflow/.local/lib/python3.7/site-packages/airflow/example_dags/example_latest_only_with_trigger.py for tasks to queue
[2022-12-23 22:53:36,359] {logging_mixin.py:115} INFO - [2022-12-23 22:53:36,359] {dagbag.py:507} INFO - Filling up the DagBag from /home/airflow/.local/lib/python3.7/site-packages/airflow/example_dags/example_latest_only_with_trigger.py
[2022-12-23 22:53:36,370] {processor.py:651} INFO - DAG(s) dict_keys(['latest_only_with_trigger']) retrieved from /home/airflow/.local/lib/python3.7/site-packages/airflow/example_dags/example_latest_only_with_trigger.py
[2022-12-23 22:53:36,413] {logging_mixin.py:115} INFO - [2022-12-23 22:53:36,412] {dag.py:2371} INFO - Sync 1 DAGs
[2022-12-23 22:53:36,488] {logging_mixin.py:115} INFO - [2022-12-23 22:53:36,488] {dag.py:2919} INFO - Setting next_dagrun for latest_only_with_trigger to 2022-12-23T18:53:36.487878+00:00, run_after=2022-12-23T22:53:36.487878+00:00
[2022-12-23 22:53:36,505] {processor.py:161} INFO - Processing /home/airflow/.local/lib/python3.7/site-packages/airflow/example_dags/example_latest_only_with_trigger.py took 0.151 seconds
[2022-12-23 22:54:07,071] {processor.py:153} INFO - Started process (PID=5073) to work on /home/airflow/.local/lib/python3.7/site-packages/airflow/example_dags/example_latest_only_with_trigger.py
[2022-12-23 22:54:07,073] {processor.py:641} INFO - Processing file /home/airflow/.local/lib/python3.7/site-packages/airflow/example_dags/example_latest_only_with_trigger.py for tasks to queue
[2022-12-23 22:54:07,074] {logging_mixin.py:115} INFO - [2022-12-23 22:54:07,074] {dagbag.py:507} INFO - Filling up the DagBag from /home/airflow/.local/lib/python3.7/site-packages/airflow/example_dags/example_latest_only_with_trigger.py
[2022-12-23 22:54:07,079] {processor.py:651} INFO - DAG(s) dict_keys(['latest_only_with_trigger']) retrieved from /home/airflow/.local/lib/python3.7/site-packages/airflow/example_dags/example_latest_only_with_trigger.py
[2022-12-23 22:54:07,105] {logging_mixin.py:115} INFO - [2022-12-23 22:54:07,105] {dag.py:2371} INFO - Sync 1 DAGs
[2022-12-23 22:54:07,122] {logging_mixin.py:115} INFO - [2022-12-23 22:54:07,122] {dag.py:2919} INFO - Setting next_dagrun for latest_only_with_trigger to 2022-12-23T18:54:07.121774+00:00, run_after=2022-12-23T22:54:07.121774+00:00
[2022-12-23 22:54:07,131] {processor.py:161} INFO - Processing /home/airflow/.local/lib/python3.7/site-packages/airflow/example_dags/example_latest_only_with_trigger.py took 0.063 seconds
[2022-12-23 22:54:37,313] {processor.py:153} INFO - Started process (PID=5281) to work on /home/airflow/.local/lib/python3.7/site-packages/airflow/example_dags/example_latest_only_with_trigger.py
[2022-12-23 22:54:37,314] {processor.py:641} INFO - Processing file /home/airflow/.local/lib/python3.7/site-packages/airflow/example_dags/example_latest_only_with_trigger.py for tasks to queue
[2022-12-23 22:54:37,315] {logging_mixin.py:115} INFO - [2022-12-23 22:54:37,315] {dagbag.py:507} INFO - Filling up the DagBag from /home/airflow/.local/lib/python3.7/site-packages/airflow/example_dags/example_latest_only_with_trigger.py
[2022-12-23 22:54:37,320] {processor.py:651} INFO - DAG(s) dict_keys(['latest_only_with_trigger']) retrieved from /home/airflow/.local/lib/python3.7/site-packages/airflow/example_dags/example_latest_only_with_trigger.py
[2022-12-23 22:54:37,346] {logging_mixin.py:115} INFO - [2022-12-23 22:54:37,346] {dag.py:2371} INFO - Sync 1 DAGs
[2022-12-23 22:54:37,366] {logging_mixin.py:115} INFO - [2022-12-23 22:54:37,366] {dag.py:2919} INFO - Setting next_dagrun for latest_only_with_trigger to 2022-12-23T18:54:37.365914+00:00, run_after=2022-12-23T22:54:37.365914+00:00
[2022-12-23 22:54:37,375] {processor.py:161} INFO - Processing /home/airflow/.local/lib/python3.7/site-packages/airflow/example_dags/example_latest_only_with_trigger.py took 0.065 seconds
[2022-12-23 22:55:07,629] {processor.py:153} INFO - Started process (PID=5487) to work on /home/airflow/.local/lib/python3.7/site-packages/airflow/example_dags/example_latest_only_with_trigger.py
[2022-12-23 22:55:07,630] {processor.py:641} INFO - Processing file /home/airflow/.local/lib/python3.7/site-packages/airflow/example_dags/example_latest_only_with_trigger.py for tasks to queue
[2022-12-23 22:55:07,631] {logging_mixin.py:115} INFO - [2022-12-23 22:55:07,631] {dagbag.py:507} INFO - Filling up the DagBag from /home/airflow/.local/lib/python3.7/site-packages/airflow/example_dags/example_latest_only_with_trigger.py
[2022-12-23 22:55:07,636] {processor.py:651} INFO - DAG(s) dict_keys(['latest_only_with_trigger']) retrieved from /home/airflow/.local/lib/python3.7/site-packages/airflow/example_dags/example_latest_only_with_trigger.py
[2022-12-23 22:55:07,660] {logging_mixin.py:115} INFO - [2022-12-23 22:55:07,660] {dag.py:2371} INFO - Sync 1 DAGs
[2022-12-23 22:55:07,676] {logging_mixin.py:115} INFO - [2022-12-23 22:55:07,676] {dag.py:2919} INFO - Setting next_dagrun for latest_only_with_trigger to 2022-12-23T18:55:07.676190+00:00, run_after=2022-12-23T22:55:07.676190+00:00
[2022-12-23 22:55:07,685] {processor.py:161} INFO - Processing /home/airflow/.local/lib/python3.7/site-packages/airflow/example_dags/example_latest_only_with_trigger.py took 0.059 seconds
[2022-12-23 22:55:37,830] {processor.py:153} INFO - Started process (PID=5693) to work on /home/airflow/.local/lib/python3.7/site-packages/airflow/example_dags/example_latest_only_with_trigger.py
[2022-12-23 22:55:37,832] {processor.py:641} INFO - Processing file /home/airflow/.local/lib/python3.7/site-packages/airflow/example_dags/example_latest_only_with_trigger.py for tasks to queue
[2022-12-23 22:55:37,833] {logging_mixin.py:115} INFO - [2022-12-23 22:55:37,832] {dagbag.py:507} INFO - Filling up the DagBag from /home/airflow/.local/lib/python3.7/site-packages/airflow/example_dags/example_latest_only_with_trigger.py
[2022-12-23 22:55:37,838] {processor.py:651} INFO - DAG(s) dict_keys(['latest_only_with_trigger']) retrieved from /home/airflow/.local/lib/python3.7/site-packages/airflow/example_dags/example_latest_only_with_trigger.py
[2022-12-23 22:55:37,871] {logging_mixin.py:115} INFO - [2022-12-23 22:55:37,871] {dag.py:2371} INFO - Sync 1 DAGs
[2022-12-23 22:55:37,889] {logging_mixin.py:115} INFO - [2022-12-23 22:55:37,889] {dag.py:2919} INFO - Setting next_dagrun for latest_only_with_trigger to 2022-12-23T18:55:37.889125+00:00, run_after=2022-12-23T22:55:37.889125+00:00
[2022-12-23 22:55:37,899] {processor.py:161} INFO - Processing /home/airflow/.local/lib/python3.7/site-packages/airflow/example_dags/example_latest_only_with_trigger.py took 0.071 seconds
[2022-12-23 22:56:08,181] {processor.py:153} INFO - Started process (PID=5891) to work on /home/airflow/.local/lib/python3.7/site-packages/airflow/example_dags/example_latest_only_with_trigger.py
[2022-12-23 22:56:08,182] {processor.py:641} INFO - Processing file /home/airflow/.local/lib/python3.7/site-packages/airflow/example_dags/example_latest_only_with_trigger.py for tasks to queue
[2022-12-23 22:56:08,183] {logging_mixin.py:115} INFO - [2022-12-23 22:56:08,183] {dagbag.py:507} INFO - Filling up the DagBag from /home/airflow/.local/lib/python3.7/site-packages/airflow/example_dags/example_latest_only_with_trigger.py
[2022-12-23 22:56:08,188] {processor.py:651} INFO - DAG(s) dict_keys(['latest_only_with_trigger']) retrieved from /home/airflow/.local/lib/python3.7/site-packages/airflow/example_dags/example_latest_only_with_trigger.py
[2022-12-23 22:56:08,210] {logging_mixin.py:115} INFO - [2022-12-23 22:56:08,210] {dag.py:2371} INFO - Sync 1 DAGs
[2022-12-23 22:56:08,225] {logging_mixin.py:115} INFO - [2022-12-23 22:56:08,225] {dag.py:2919} INFO - Setting next_dagrun for latest_only_with_trigger to 2022-12-23T18:56:08.225444+00:00, run_after=2022-12-23T22:56:08.225444+00:00
[2022-12-23 22:56:08,234] {processor.py:161} INFO - Processing /home/airflow/.local/lib/python3.7/site-packages/airflow/example_dags/example_latest_only_with_trigger.py took 0.056 seconds
[2022-12-23 22:56:38,526] {processor.py:153} INFO - Started process (PID=6097) to work on /home/airflow/.local/lib/python3.7/site-packages/airflow/example_dags/example_latest_only_with_trigger.py
[2022-12-23 22:56:38,528] {processor.py:641} INFO - Processing file /home/airflow/.local/lib/python3.7/site-packages/airflow/example_dags/example_latest_only_with_trigger.py for tasks to queue
[2022-12-23 22:56:38,529] {logging_mixin.py:115} INFO - [2022-12-23 22:56:38,529] {dagbag.py:507} INFO - Filling up the DagBag from /home/airflow/.local/lib/python3.7/site-packages/airflow/example_dags/example_latest_only_with_trigger.py
[2022-12-23 22:56:38,534] {processor.py:651} INFO - DAG(s) dict_keys(['latest_only_with_trigger']) retrieved from /home/airflow/.local/lib/python3.7/site-packages/airflow/example_dags/example_latest_only_with_trigger.py
[2022-12-23 22:56:38,559] {logging_mixin.py:115} INFO - [2022-12-23 22:56:38,559] {dag.py:2371} INFO - Sync 1 DAGs
[2022-12-23 22:56:38,577] {logging_mixin.py:115} INFO - [2022-12-23 22:56:38,577] {dag.py:2919} INFO - Setting next_dagrun for latest_only_with_trigger to 2022-12-23T18:56:38.577211+00:00, run_after=2022-12-23T22:56:38.577211+00:00
[2022-12-23 22:56:38,588] {processor.py:161} INFO - Processing /home/airflow/.local/lib/python3.7/site-packages/airflow/example_dags/example_latest_only_with_trigger.py took 0.064 seconds
[2022-12-23 22:57:08,860] {processor.py:153} INFO - Started process (PID=6299) to work on /home/airflow/.local/lib/python3.7/site-packages/airflow/example_dags/example_latest_only_with_trigger.py
[2022-12-23 22:57:08,861] {processor.py:641} INFO - Processing file /home/airflow/.local/lib/python3.7/site-packages/airflow/example_dags/example_latest_only_with_trigger.py for tasks to queue
[2022-12-23 22:57:08,862] {logging_mixin.py:115} INFO - [2022-12-23 22:57:08,862] {dagbag.py:507} INFO - Filling up the DagBag from /home/airflow/.local/lib/python3.7/site-packages/airflow/example_dags/example_latest_only_with_trigger.py
[2022-12-23 22:57:08,867] {processor.py:651} INFO - DAG(s) dict_keys(['latest_only_with_trigger']) retrieved from /home/airflow/.local/lib/python3.7/site-packages/airflow/example_dags/example_latest_only_with_trigger.py
[2022-12-23 22:57:08,891] {logging_mixin.py:115} INFO - [2022-12-23 22:57:08,891] {dag.py:2371} INFO - Sync 1 DAGs
[2022-12-23 22:57:08,908] {logging_mixin.py:115} INFO - [2022-12-23 22:57:08,907] {dag.py:2919} INFO - Setting next_dagrun for latest_only_with_trigger to 2022-12-23T18:57:08.907726+00:00, run_after=2022-12-23T22:57:08.907726+00:00
[2022-12-23 22:57:08,917] {processor.py:161} INFO - Processing /home/airflow/.local/lib/python3.7/site-packages/airflow/example_dags/example_latest_only_with_trigger.py took 0.060 seconds
[2022-12-23 22:57:39,088] {processor.py:153} INFO - Started process (PID=6502) to work on /home/airflow/.local/lib/python3.7/site-packages/airflow/example_dags/example_latest_only_with_trigger.py
[2022-12-23 22:57:39,090] {processor.py:641} INFO - Processing file /home/airflow/.local/lib/python3.7/site-packages/airflow/example_dags/example_latest_only_with_trigger.py for tasks to queue
[2022-12-23 22:57:39,091] {logging_mixin.py:115} INFO - [2022-12-23 22:57:39,091] {dagbag.py:507} INFO - Filling up the DagBag from /home/airflow/.local/lib/python3.7/site-packages/airflow/example_dags/example_latest_only_with_trigger.py
[2022-12-23 22:57:39,095] {processor.py:651} INFO - DAG(s) dict_keys(['latest_only_with_trigger']) retrieved from /home/airflow/.local/lib/python3.7/site-packages/airflow/example_dags/example_latest_only_with_trigger.py
[2022-12-23 22:57:39,119] {logging_mixin.py:115} INFO - [2022-12-23 22:57:39,119] {dag.py:2371} INFO - Sync 1 DAGs
[2022-12-23 22:57:39,135] {logging_mixin.py:115} INFO - [2022-12-23 22:57:39,135] {dag.py:2919} INFO - Setting next_dagrun for latest_only_with_trigger to 2022-12-23T18:57:39.135012+00:00, run_after=2022-12-23T22:57:39.135012+00:00
[2022-12-23 22:57:39,143] {processor.py:161} INFO - Processing /home/airflow/.local/lib/python3.7/site-packages/airflow/example_dags/example_latest_only_with_trigger.py took 0.058 seconds
[2022-12-23 22:58:09,628] {processor.py:153} INFO - Started process (PID=6700) to work on /home/airflow/.local/lib/python3.7/site-packages/airflow/example_dags/example_latest_only_with_trigger.py
[2022-12-23 22:58:09,630] {processor.py:641} INFO - Processing file /home/airflow/.local/lib/python3.7/site-packages/airflow/example_dags/example_latest_only_with_trigger.py for tasks to queue
[2022-12-23 22:58:09,631] {logging_mixin.py:115} INFO - [2022-12-23 22:58:09,631] {dagbag.py:507} INFO - Filling up the DagBag from /home/airflow/.local/lib/python3.7/site-packages/airflow/example_dags/example_latest_only_with_trigger.py
[2022-12-23 22:58:09,636] {processor.py:651} INFO - DAG(s) dict_keys(['latest_only_with_trigger']) retrieved from /home/airflow/.local/lib/python3.7/site-packages/airflow/example_dags/example_latest_only_with_trigger.py
[2022-12-23 22:58:09,661] {logging_mixin.py:115} INFO - [2022-12-23 22:58:09,661] {dag.py:2371} INFO - Sync 1 DAGs
[2022-12-23 22:58:09,677] {logging_mixin.py:115} INFO - [2022-12-23 22:58:09,677] {dag.py:2919} INFO - Setting next_dagrun for latest_only_with_trigger to 2022-12-23T18:58:09.676797+00:00, run_after=2022-12-23T22:58:09.676797+00:00
[2022-12-23 22:58:09,686] {processor.py:161} INFO - Processing /home/airflow/.local/lib/python3.7/site-packages/airflow/example_dags/example_latest_only_with_trigger.py took 0.060 seconds
[2022-12-23 22:58:39,754] {processor.py:153} INFO - Started process (PID=6902) to work on /home/airflow/.local/lib/python3.7/site-packages/airflow/example_dags/example_latest_only_with_trigger.py
[2022-12-23 22:58:39,755] {processor.py:641} INFO - Processing file /home/airflow/.local/lib/python3.7/site-packages/airflow/example_dags/example_latest_only_with_trigger.py for tasks to queue
[2022-12-23 22:58:39,756] {logging_mixin.py:115} INFO - [2022-12-23 22:58:39,756] {dagbag.py:507} INFO - Filling up the DagBag from /home/airflow/.local/lib/python3.7/site-packages/airflow/example_dags/example_latest_only_with_trigger.py
[2022-12-23 22:58:39,761] {processor.py:651} INFO - DAG(s) dict_keys(['latest_only_with_trigger']) retrieved from /home/airflow/.local/lib/python3.7/site-packages/airflow/example_dags/example_latest_only_with_trigger.py
[2022-12-23 22:58:39,785] {logging_mixin.py:115} INFO - [2022-12-23 22:58:39,785] {dag.py:2371} INFO - Sync 1 DAGs
[2022-12-23 22:58:39,801] {logging_mixin.py:115} INFO - [2022-12-23 22:58:39,801] {dag.py:2919} INFO - Setting next_dagrun for latest_only_with_trigger to 2022-12-23T18:58:39.801156+00:00, run_after=2022-12-23T22:58:39.801156+00:00
[2022-12-23 22:58:39,809] {processor.py:161} INFO - Processing /home/airflow/.local/lib/python3.7/site-packages/airflow/example_dags/example_latest_only_with_trigger.py took 0.059 seconds
[2022-12-23 22:59:09,885] {processor.py:153} INFO - Started process (PID=7105) to work on /home/airflow/.local/lib/python3.7/site-packages/airflow/example_dags/example_latest_only_with_trigger.py
[2022-12-23 22:59:09,886] {processor.py:641} INFO - Processing file /home/airflow/.local/lib/python3.7/site-packages/airflow/example_dags/example_latest_only_with_trigger.py for tasks to queue
[2022-12-23 22:59:09,887] {logging_mixin.py:115} INFO - [2022-12-23 22:59:09,887] {dagbag.py:507} INFO - Filling up the DagBag from /home/airflow/.local/lib/python3.7/site-packages/airflow/example_dags/example_latest_only_with_trigger.py
[2022-12-23 22:59:09,892] {processor.py:651} INFO - DAG(s) dict_keys(['latest_only_with_trigger']) retrieved from /home/airflow/.local/lib/python3.7/site-packages/airflow/example_dags/example_latest_only_with_trigger.py
[2022-12-23 22:59:09,916] {logging_mixin.py:115} INFO - [2022-12-23 22:59:09,915] {dag.py:2371} INFO - Sync 1 DAGs
[2022-12-23 22:59:09,931] {logging_mixin.py:115} INFO - [2022-12-23 22:59:09,931] {dag.py:2919} INFO - Setting next_dagrun for latest_only_with_trigger to 2022-12-23T18:59:09.931052+00:00, run_after=2022-12-23T22:59:09.931052+00:00
[2022-12-23 22:59:09,939] {processor.py:161} INFO - Processing /home/airflow/.local/lib/python3.7/site-packages/airflow/example_dags/example_latest_only_with_trigger.py took 0.057 seconds
[2022-12-23 22:59:40,207] {processor.py:153} INFO - Started process (PID=7309) to work on /home/airflow/.local/lib/python3.7/site-packages/airflow/example_dags/example_latest_only_with_trigger.py
[2022-12-23 22:59:40,208] {processor.py:641} INFO - Processing file /home/airflow/.local/lib/python3.7/site-packages/airflow/example_dags/example_latest_only_with_trigger.py for tasks to queue
[2022-12-23 22:59:40,210] {logging_mixin.py:115} INFO - [2022-12-23 22:59:40,209] {dagbag.py:507} INFO - Filling up the DagBag from /home/airflow/.local/lib/python3.7/site-packages/airflow/example_dags/example_latest_only_with_trigger.py
[2022-12-23 22:59:40,215] {processor.py:651} INFO - DAG(s) dict_keys(['latest_only_with_trigger']) retrieved from /home/airflow/.local/lib/python3.7/site-packages/airflow/example_dags/example_latest_only_with_trigger.py
[2022-12-23 22:59:40,239] {logging_mixin.py:115} INFO - [2022-12-23 22:59:40,239] {dag.py:2371} INFO - Sync 1 DAGs
[2022-12-23 22:59:40,256] {logging_mixin.py:115} INFO - [2022-12-23 22:59:40,256] {dag.py:2919} INFO - Setting next_dagrun for latest_only_with_trigger to 2022-12-23T18:59:40.256070+00:00, run_after=2022-12-23T22:59:40.256070+00:00
[2022-12-23 22:59:40,265] {processor.py:161} INFO - Processing /home/airflow/.local/lib/python3.7/site-packages/airflow/example_dags/example_latest_only_with_trigger.py took 0.061 seconds
[2022-12-23 23:00:10,423] {processor.py:153} INFO - Started process (PID=7504) to work on /home/airflow/.local/lib/python3.7/site-packages/airflow/example_dags/example_latest_only_with_trigger.py
[2022-12-23 23:00:10,424] {processor.py:641} INFO - Processing file /home/airflow/.local/lib/python3.7/site-packages/airflow/example_dags/example_latest_only_with_trigger.py for tasks to queue
[2022-12-23 23:00:10,425] {logging_mixin.py:115} INFO - [2022-12-23 23:00:10,425] {dagbag.py:507} INFO - Filling up the DagBag from /home/airflow/.local/lib/python3.7/site-packages/airflow/example_dags/example_latest_only_with_trigger.py
[2022-12-23 23:00:10,430] {processor.py:651} INFO - DAG(s) dict_keys(['latest_only_with_trigger']) retrieved from /home/airflow/.local/lib/python3.7/site-packages/airflow/example_dags/example_latest_only_with_trigger.py
[2022-12-23 23:00:10,455] {logging_mixin.py:115} INFO - [2022-12-23 23:00:10,455] {dag.py:2371} INFO - Sync 1 DAGs
[2022-12-23 23:00:10,471] {logging_mixin.py:115} INFO - [2022-12-23 23:00:10,471] {dag.py:2919} INFO - Setting next_dagrun for latest_only_with_trigger to 2022-12-23T19:00:10.471286+00:00, run_after=2022-12-23T23:00:10.471286+00:00
[2022-12-23 23:00:10,480] {processor.py:161} INFO - Processing /home/airflow/.local/lib/python3.7/site-packages/airflow/example_dags/example_latest_only_with_trigger.py took 0.060 seconds
[2022-12-23 23:00:40,770] {processor.py:153} INFO - Started process (PID=7710) to work on /home/airflow/.local/lib/python3.7/site-packages/airflow/example_dags/example_latest_only_with_trigger.py
[2022-12-23 23:00:40,772] {processor.py:641} INFO - Processing file /home/airflow/.local/lib/python3.7/site-packages/airflow/example_dags/example_latest_only_with_trigger.py for tasks to queue
[2022-12-23 23:00:40,773] {logging_mixin.py:115} INFO - [2022-12-23 23:00:40,773] {dagbag.py:507} INFO - Filling up the DagBag from /home/airflow/.local/lib/python3.7/site-packages/airflow/example_dags/example_latest_only_with_trigger.py
[2022-12-23 23:00:40,778] {processor.py:651} INFO - DAG(s) dict_keys(['latest_only_with_trigger']) retrieved from /home/airflow/.local/lib/python3.7/site-packages/airflow/example_dags/example_latest_only_with_trigger.py
[2022-12-23 23:00:40,803] {logging_mixin.py:115} INFO - [2022-12-23 23:00:40,803] {dag.py:2371} INFO - Sync 1 DAGs
[2022-12-23 23:00:40,819] {logging_mixin.py:115} INFO - [2022-12-23 23:00:40,819] {dag.py:2919} INFO - Setting next_dagrun for latest_only_with_trigger to 2022-12-23T19:00:40.818961+00:00, run_after=2022-12-23T23:00:40.818961+00:00
[2022-12-23 23:00:40,826] {processor.py:161} INFO - Processing /home/airflow/.local/lib/python3.7/site-packages/airflow/example_dags/example_latest_only_with_trigger.py took 0.059 seconds
[2022-12-23 23:01:10,980] {processor.py:153} INFO - Started process (PID=7911) to work on /home/airflow/.local/lib/python3.7/site-packages/airflow/example_dags/example_latest_only_with_trigger.py
[2022-12-23 23:01:10,982] {processor.py:641} INFO - Processing file /home/airflow/.local/lib/python3.7/site-packages/airflow/example_dags/example_latest_only_with_trigger.py for tasks to queue
[2022-12-23 23:01:10,983] {logging_mixin.py:115} INFO - [2022-12-23 23:01:10,983] {dagbag.py:507} INFO - Filling up the DagBag from /home/airflow/.local/lib/python3.7/site-packages/airflow/example_dags/example_latest_only_with_trigger.py
[2022-12-23 23:01:10,989] {processor.py:651} INFO - DAG(s) dict_keys(['latest_only_with_trigger']) retrieved from /home/airflow/.local/lib/python3.7/site-packages/airflow/example_dags/example_latest_only_with_trigger.py
[2022-12-23 23:01:11,024] {logging_mixin.py:115} INFO - [2022-12-23 23:01:11,024] {dag.py:2371} INFO - Sync 1 DAGs
[2022-12-23 23:01:11,042] {logging_mixin.py:115} INFO - [2022-12-23 23:01:11,042] {dag.py:2919} INFO - Setting next_dagrun for latest_only_with_trigger to 2022-12-23T19:01:11.042323+00:00, run_after=2022-12-23T23:01:11.042323+00:00
[2022-12-23 23:01:11,052] {processor.py:161} INFO - Processing /home/airflow/.local/lib/python3.7/site-packages/airflow/example_dags/example_latest_only_with_trigger.py took 0.076 seconds
[2022-12-23 23:03:24,543] {processor.py:153} INFO - Started process (PID=56) to work on /home/airflow/.local/lib/python3.7/site-packages/airflow/example_dags/example_latest_only_with_trigger.py
[2022-12-23 23:03:24,545] {processor.py:641} INFO - Processing file /home/airflow/.local/lib/python3.7/site-packages/airflow/example_dags/example_latest_only_with_trigger.py for tasks to queue
[2022-12-23 23:03:24,546] {logging_mixin.py:115} INFO - [2022-12-23 23:03:24,546] {dagbag.py:507} INFO - Filling up the DagBag from /home/airflow/.local/lib/python3.7/site-packages/airflow/example_dags/example_latest_only_with_trigger.py
[2022-12-23 23:03:24,558] {processor.py:651} INFO - DAG(s) dict_keys(['latest_only_with_trigger']) retrieved from /home/airflow/.local/lib/python3.7/site-packages/airflow/example_dags/example_latest_only_with_trigger.py
[2022-12-23 23:03:24,918] {logging_mixin.py:115} INFO - [2022-12-23 23:03:24,918] {manager.py:508} INFO - Created Permission View: can read on DAG:latest_only_with_trigger
[2022-12-23 23:03:24,941] {logging_mixin.py:115} INFO - [2022-12-23 23:03:24,941] {manager.py:508} INFO - Created Permission View: can edit on DAG:latest_only_with_trigger
[2022-12-23 23:03:24,948] {logging_mixin.py:115} INFO - [2022-12-23 23:03:24,948] {manager.py:508} INFO - Created Permission View: can delete on DAG:latest_only_with_trigger
[2022-12-23 23:03:24,950] {logging_mixin.py:115} INFO - [2022-12-23 23:03:24,950] {dag.py:2371} INFO - Sync 1 DAGs
[2022-12-23 23:03:24,965] {logging_mixin.py:115} INFO - [2022-12-23 23:03:24,964] {dag.py:2390} INFO - Creating ORM DAG for latest_only_with_trigger
[2022-12-23 23:03:24,989] {logging_mixin.py:115} INFO - [2022-12-23 23:03:24,988] {dag.py:2919} INFO - Setting next_dagrun for latest_only_with_trigger to 2022-12-23T19:03:24.988545+00:00, run_after=2022-12-23T23:03:24.988545+00:00
[2022-12-23 23:03:25,005] {processor.py:161} INFO - Processing /home/airflow/.local/lib/python3.7/site-packages/airflow/example_dags/example_latest_only_with_trigger.py took 0.466 seconds
[2022-12-23 23:03:55,242] {processor.py:153} INFO - Started process (PID=119) to work on /home/airflow/.local/lib/python3.7/site-packages/airflow/example_dags/example_latest_only_with_trigger.py
[2022-12-23 23:03:55,244] {processor.py:641} INFO - Processing file /home/airflow/.local/lib/python3.7/site-packages/airflow/example_dags/example_latest_only_with_trigger.py for tasks to queue
[2022-12-23 23:03:55,244] {logging_mixin.py:115} INFO - [2022-12-23 23:03:55,244] {dagbag.py:507} INFO - Filling up the DagBag from /home/airflow/.local/lib/python3.7/site-packages/airflow/example_dags/example_latest_only_with_trigger.py
[2022-12-23 23:03:55,250] {processor.py:651} INFO - DAG(s) dict_keys(['latest_only_with_trigger']) retrieved from /home/airflow/.local/lib/python3.7/site-packages/airflow/example_dags/example_latest_only_with_trigger.py
[2022-12-23 23:03:55,276] {logging_mixin.py:115} INFO - [2022-12-23 23:03:55,276] {dag.py:2371} INFO - Sync 1 DAGs
[2022-12-23 23:03:55,294] {logging_mixin.py:115} INFO - [2022-12-23 23:03:55,294] {dag.py:2919} INFO - Setting next_dagrun for latest_only_with_trigger to 2022-12-23T19:03:55.294577+00:00, run_after=2022-12-23T23:03:55.294577+00:00
[2022-12-23 23:03:55,303] {processor.py:161} INFO - Processing /home/airflow/.local/lib/python3.7/site-packages/airflow/example_dags/example_latest_only_with_trigger.py took 0.064 seconds
[2022-12-23 23:04:25,627] {processor.py:153} INFO - Started process (PID=173) to work on /home/airflow/.local/lib/python3.7/site-packages/airflow/example_dags/example_latest_only_with_trigger.py
[2022-12-23 23:04:25,629] {processor.py:641} INFO - Processing file /home/airflow/.local/lib/python3.7/site-packages/airflow/example_dags/example_latest_only_with_trigger.py for tasks to queue
[2022-12-23 23:04:25,630] {logging_mixin.py:115} INFO - [2022-12-23 23:04:25,630] {dagbag.py:507} INFO - Filling up the DagBag from /home/airflow/.local/lib/python3.7/site-packages/airflow/example_dags/example_latest_only_with_trigger.py
[2022-12-23 23:04:25,636] {processor.py:651} INFO - DAG(s) dict_keys(['latest_only_with_trigger']) retrieved from /home/airflow/.local/lib/python3.7/site-packages/airflow/example_dags/example_latest_only_with_trigger.py
[2022-12-23 23:04:25,662] {logging_mixin.py:115} INFO - [2022-12-23 23:04:25,661] {dag.py:2371} INFO - Sync 1 DAGs
[2022-12-23 23:04:25,681] {logging_mixin.py:115} INFO - [2022-12-23 23:04:25,681] {dag.py:2919} INFO - Setting next_dagrun for latest_only_with_trigger to 2022-12-23T19:04:25.680906+00:00, run_after=2022-12-23T23:04:25.680906+00:00
[2022-12-23 23:04:25,689] {processor.py:161} INFO - Processing /home/airflow/.local/lib/python3.7/site-packages/airflow/example_dags/example_latest_only_with_trigger.py took 0.066 seconds
[2022-12-23 23:04:55,951] {processor.py:153} INFO - Started process (PID=235) to work on /home/airflow/.local/lib/python3.7/site-packages/airflow/example_dags/example_latest_only_with_trigger.py
[2022-12-23 23:04:55,953] {processor.py:641} INFO - Processing file /home/airflow/.local/lib/python3.7/site-packages/airflow/example_dags/example_latest_only_with_trigger.py for tasks to queue
[2022-12-23 23:04:55,953] {logging_mixin.py:115} INFO - [2022-12-23 23:04:55,953] {dagbag.py:507} INFO - Filling up the DagBag from /home/airflow/.local/lib/python3.7/site-packages/airflow/example_dags/example_latest_only_with_trigger.py
[2022-12-23 23:04:55,959] {processor.py:651} INFO - DAG(s) dict_keys(['latest_only_with_trigger']) retrieved from /home/airflow/.local/lib/python3.7/site-packages/airflow/example_dags/example_latest_only_with_trigger.py
[2022-12-23 23:04:55,984] {logging_mixin.py:115} INFO - [2022-12-23 23:04:55,984] {dag.py:2371} INFO - Sync 1 DAGs
[2022-12-23 23:04:56,002] {logging_mixin.py:115} INFO - [2022-12-23 23:04:56,002] {dag.py:2919} INFO - Setting next_dagrun for latest_only_with_trigger to 2022-12-23T19:04:56.002127+00:00, run_after=2022-12-23T23:04:56.002127+00:00
[2022-12-23 23:04:56,012] {processor.py:161} INFO - Processing /home/airflow/.local/lib/python3.7/site-packages/airflow/example_dags/example_latest_only_with_trigger.py took 0.063 seconds
[2022-12-23 23:05:26,166] {processor.py:153} INFO - Started process (PID=298) to work on /home/airflow/.local/lib/python3.7/site-packages/airflow/example_dags/example_latest_only_with_trigger.py
[2022-12-23 23:05:26,167] {processor.py:641} INFO - Processing file /home/airflow/.local/lib/python3.7/site-packages/airflow/example_dags/example_latest_only_with_trigger.py for tasks to queue
[2022-12-23 23:05:26,168] {logging_mixin.py:115} INFO - [2022-12-23 23:05:26,168] {dagbag.py:507} INFO - Filling up the DagBag from /home/airflow/.local/lib/python3.7/site-packages/airflow/example_dags/example_latest_only_with_trigger.py
[2022-12-23 23:05:26,173] {processor.py:651} INFO - DAG(s) dict_keys(['latest_only_with_trigger']) retrieved from /home/airflow/.local/lib/python3.7/site-packages/airflow/example_dags/example_latest_only_with_trigger.py
[2022-12-23 23:05:26,199] {logging_mixin.py:115} INFO - [2022-12-23 23:05:26,199] {dag.py:2371} INFO - Sync 1 DAGs
[2022-12-23 23:05:26,219] {logging_mixin.py:115} INFO - [2022-12-23 23:05:26,219] {dag.py:2919} INFO - Setting next_dagrun for latest_only_with_trigger to 2022-12-23T19:05:26.219578+00:00, run_after=2022-12-23T23:05:26.219578+00:00
[2022-12-23 23:05:26,228] {processor.py:161} INFO - Processing /home/airflow/.local/lib/python3.7/site-packages/airflow/example_dags/example_latest_only_with_trigger.py took 0.065 seconds
[2022-12-23 23:05:56,762] {processor.py:153} INFO - Started process (PID=362) to work on /home/airflow/.local/lib/python3.7/site-packages/airflow/example_dags/example_latest_only_with_trigger.py
[2022-12-23 23:05:56,764] {processor.py:641} INFO - Processing file /home/airflow/.local/lib/python3.7/site-packages/airflow/example_dags/example_latest_only_with_trigger.py for tasks to queue
[2022-12-23 23:05:56,765] {logging_mixin.py:115} INFO - [2022-12-23 23:05:56,765] {dagbag.py:507} INFO - Filling up the DagBag from /home/airflow/.local/lib/python3.7/site-packages/airflow/example_dags/example_latest_only_with_trigger.py
[2022-12-23 23:05:56,771] {processor.py:651} INFO - DAG(s) dict_keys(['latest_only_with_trigger']) retrieved from /home/airflow/.local/lib/python3.7/site-packages/airflow/example_dags/example_latest_only_with_trigger.py
[2022-12-23 23:05:56,795] {logging_mixin.py:115} INFO - [2022-12-23 23:05:56,795] {dag.py:2371} INFO - Sync 1 DAGs
[2022-12-23 23:05:56,814] {logging_mixin.py:115} INFO - [2022-12-23 23:05:56,814] {dag.py:2919} INFO - Setting next_dagrun for latest_only_with_trigger to 2022-12-23T19:05:56.813855+00:00, run_after=2022-12-23T23:05:56.813855+00:00
[2022-12-23 23:05:56,823] {processor.py:161} INFO - Processing /home/airflow/.local/lib/python3.7/site-packages/airflow/example_dags/example_latest_only_with_trigger.py took 0.064 seconds
[2022-12-23 23:06:27,129] {processor.py:153} INFO - Started process (PID=415) to work on /home/airflow/.local/lib/python3.7/site-packages/airflow/example_dags/example_latest_only_with_trigger.py
[2022-12-23 23:06:27,130] {processor.py:641} INFO - Processing file /home/airflow/.local/lib/python3.7/site-packages/airflow/example_dags/example_latest_only_with_trigger.py for tasks to queue
[2022-12-23 23:06:27,132] {logging_mixin.py:115} INFO - [2022-12-23 23:06:27,131] {dagbag.py:507} INFO - Filling up the DagBag from /home/airflow/.local/lib/python3.7/site-packages/airflow/example_dags/example_latest_only_with_trigger.py
[2022-12-23 23:06:27,137] {processor.py:651} INFO - DAG(s) dict_keys(['latest_only_with_trigger']) retrieved from /home/airflow/.local/lib/python3.7/site-packages/airflow/example_dags/example_latest_only_with_trigger.py
[2022-12-23 23:06:27,171] {logging_mixin.py:115} INFO - [2022-12-23 23:06:27,171] {dag.py:2371} INFO - Sync 1 DAGs
[2022-12-23 23:06:27,190] {logging_mixin.py:115} INFO - [2022-12-23 23:06:27,190] {dag.py:2919} INFO - Setting next_dagrun for latest_only_with_trigger to 2022-12-23T19:06:27.189848+00:00, run_after=2022-12-23T23:06:27.189848+00:00
[2022-12-23 23:06:27,198] {processor.py:161} INFO - Processing /home/airflow/.local/lib/python3.7/site-packages/airflow/example_dags/example_latest_only_with_trigger.py took 0.072 seconds
[2022-12-23 23:06:57,709] {processor.py:153} INFO - Started process (PID=479) to work on /home/airflow/.local/lib/python3.7/site-packages/airflow/example_dags/example_latest_only_with_trigger.py
[2022-12-23 23:06:57,710] {processor.py:641} INFO - Processing file /home/airflow/.local/lib/python3.7/site-packages/airflow/example_dags/example_latest_only_with_trigger.py for tasks to queue
[2022-12-23 23:06:57,711] {logging_mixin.py:115} INFO - [2022-12-23 23:06:57,711] {dagbag.py:507} INFO - Filling up the DagBag from /home/airflow/.local/lib/python3.7/site-packages/airflow/example_dags/example_latest_only_with_trigger.py
[2022-12-23 23:06:57,716] {processor.py:651} INFO - DAG(s) dict_keys(['latest_only_with_trigger']) retrieved from /home/airflow/.local/lib/python3.7/site-packages/airflow/example_dags/example_latest_only_with_trigger.py
[2022-12-23 23:06:57,741] {logging_mixin.py:115} INFO - [2022-12-23 23:06:57,741] {dag.py:2371} INFO - Sync 1 DAGs
[2022-12-23 23:06:57,760] {logging_mixin.py:115} INFO - [2022-12-23 23:06:57,760] {dag.py:2919} INFO - Setting next_dagrun for latest_only_with_trigger to 2022-12-23T19:06:57.759826+00:00, run_after=2022-12-23T23:06:57.759826+00:00
[2022-12-23 23:06:57,767] {processor.py:161} INFO - Processing /home/airflow/.local/lib/python3.7/site-packages/airflow/example_dags/example_latest_only_with_trigger.py took 0.061 seconds
[2022-12-23 23:07:28,173] {processor.py:153} INFO - Started process (PID=542) to work on /home/airflow/.local/lib/python3.7/site-packages/airflow/example_dags/example_latest_only_with_trigger.py
[2022-12-23 23:07:28,175] {processor.py:641} INFO - Processing file /home/airflow/.local/lib/python3.7/site-packages/airflow/example_dags/example_latest_only_with_trigger.py for tasks to queue
[2022-12-23 23:07:28,176] {logging_mixin.py:115} INFO - [2022-12-23 23:07:28,176] {dagbag.py:507} INFO - Filling up the DagBag from /home/airflow/.local/lib/python3.7/site-packages/airflow/example_dags/example_latest_only_with_trigger.py
[2022-12-23 23:07:28,181] {processor.py:651} INFO - DAG(s) dict_keys(['latest_only_with_trigger']) retrieved from /home/airflow/.local/lib/python3.7/site-packages/airflow/example_dags/example_latest_only_with_trigger.py
[2022-12-23 23:07:28,207] {logging_mixin.py:115} INFO - [2022-12-23 23:07:28,206] {dag.py:2371} INFO - Sync 1 DAGs
[2022-12-23 23:07:28,225] {logging_mixin.py:115} INFO - [2022-12-23 23:07:28,225] {dag.py:2919} INFO - Setting next_dagrun for latest_only_with_trigger to 2022-12-23T19:07:28.225596+00:00, run_after=2022-12-23T23:07:28.225596+00:00
[2022-12-23 23:07:28,235] {processor.py:161} INFO - Processing /home/airflow/.local/lib/python3.7/site-packages/airflow/example_dags/example_latest_only_with_trigger.py took 0.065 seconds
[2022-12-23 23:07:58,377] {processor.py:153} INFO - Started process (PID=604) to work on /home/airflow/.local/lib/python3.7/site-packages/airflow/example_dags/example_latest_only_with_trigger.py
[2022-12-23 23:07:58,379] {processor.py:641} INFO - Processing file /home/airflow/.local/lib/python3.7/site-packages/airflow/example_dags/example_latest_only_with_trigger.py for tasks to queue
[2022-12-23 23:07:58,380] {logging_mixin.py:115} INFO - [2022-12-23 23:07:58,380] {dagbag.py:507} INFO - Filling up the DagBag from /home/airflow/.local/lib/python3.7/site-packages/airflow/example_dags/example_latest_only_with_trigger.py
[2022-12-23 23:07:58,385] {processor.py:651} INFO - DAG(s) dict_keys(['latest_only_with_trigger']) retrieved from /home/airflow/.local/lib/python3.7/site-packages/airflow/example_dags/example_latest_only_with_trigger.py
[2022-12-23 23:07:58,410] {logging_mixin.py:115} INFO - [2022-12-23 23:07:58,410] {dag.py:2371} INFO - Sync 1 DAGs
[2022-12-23 23:07:58,428] {logging_mixin.py:115} INFO - [2022-12-23 23:07:58,428] {dag.py:2919} INFO - Setting next_dagrun for latest_only_with_trigger to 2022-12-23T19:07:58.428243+00:00, run_after=2022-12-23T23:07:58.428243+00:00
[2022-12-23 23:07:58,436] {processor.py:161} INFO - Processing /home/airflow/.local/lib/python3.7/site-packages/airflow/example_dags/example_latest_only_with_trigger.py took 0.062 seconds
[2022-12-23 23:08:28,763] {processor.py:153} INFO - Started process (PID=659) to work on /home/airflow/.local/lib/python3.7/site-packages/airflow/example_dags/example_latest_only_with_trigger.py
[2022-12-23 23:08:28,764] {processor.py:641} INFO - Processing file /home/airflow/.local/lib/python3.7/site-packages/airflow/example_dags/example_latest_only_with_trigger.py for tasks to queue
[2022-12-23 23:08:28,765] {logging_mixin.py:115} INFO - [2022-12-23 23:08:28,765] {dagbag.py:507} INFO - Filling up the DagBag from /home/airflow/.local/lib/python3.7/site-packages/airflow/example_dags/example_latest_only_with_trigger.py
[2022-12-23 23:08:28,770] {processor.py:651} INFO - DAG(s) dict_keys(['latest_only_with_trigger']) retrieved from /home/airflow/.local/lib/python3.7/site-packages/airflow/example_dags/example_latest_only_with_trigger.py
[2022-12-23 23:08:28,795] {logging_mixin.py:115} INFO - [2022-12-23 23:08:28,795] {dag.py:2371} INFO - Sync 1 DAGs
[2022-12-23 23:08:28,907] {logging_mixin.py:115} INFO - [2022-12-23 23:08:28,907] {dag.py:2919} INFO - Setting next_dagrun for latest_only_with_trigger to 2022-12-23T19:08:28.907386+00:00, run_after=2022-12-23T23:08:28.907386+00:00
[2022-12-23 23:08:28,915] {processor.py:161} INFO - Processing /home/airflow/.local/lib/python3.7/site-packages/airflow/example_dags/example_latest_only_with_trigger.py took 0.156 seconds
