[2022-12-23T00:00:04.804+0000] {processor.py:153} INFO - Started process (PID=3126) to work on /home/airflow/.local/lib/python3.7/site-packages/airflow/example_dags/example_datasets.py
[2022-12-23T00:00:04.805+0000] {processor.py:743} INFO - Processing file /home/airflow/.local/lib/python3.7/site-packages/airflow/example_dags/example_datasets.py for tasks to queue
[2022-12-23T00:00:04.808+0000] {logging_mixin.py:137} INFO - [2022-12-23T00:00:04.808+0000] {dagbag.py:538} INFO - Filling up the DagBag from /home/airflow/.local/lib/python3.7/site-packages/airflow/example_dags/example_datasets.py
[2022-12-23T00:00:04.826+0000] {processor.py:753} INFO - DAG(s) dict_keys(['dataset_produces_1', 'dataset_consumes_1', 'dataset_consumes_1_and_2', 'dataset_consumes_1_never_scheduled', 'dataset_produces_2', 'dataset_consumes_unknown_never_scheduled']) retrieved from /home/airflow/.local/lib/python3.7/site-packages/airflow/example_dags/example_datasets.py
[2022-12-23T00:00:04.874+0000] {logging_mixin.py:137} INFO - [2022-12-23T00:00:04.874+0000] {dag.py:2676} INFO - Sync 6 DAGs
[2022-12-23T00:00:04.904+0000] {logging_mixin.py:137} INFO - [2022-12-23T00:00:04.904+0000] {dag.py:3427} INFO - Setting next_dagrun for dataset_consumes_1 to None, run_after=None
[2022-12-23T00:00:04.909+0000] {logging_mixin.py:137} INFO - [2022-12-23T00:00:04.909+0000] {dag.py:3427} INFO - Setting next_dagrun for dataset_consumes_1_and_2 to None, run_after=None
[2022-12-23T00:00:04.911+0000] {logging_mixin.py:137} INFO - [2022-12-23T00:00:04.911+0000] {dag.py:3427} INFO - Setting next_dagrun for dataset_consumes_1_never_scheduled to None, run_after=None
[2022-12-23T00:00:04.912+0000] {logging_mixin.py:137} INFO - [2022-12-23T00:00:04.912+0000] {dag.py:3427} INFO - Setting next_dagrun for dataset_consumes_unknown_never_scheduled to None, run_after=None
[2022-12-23T00:00:04.916+0000] {logging_mixin.py:137} INFO - [2022-12-23T00:00:04.916+0000] {dag.py:3427} INFO - Setting next_dagrun for dataset_produces_1 to 2022-12-22T00:00:00+00:00, run_after=2022-12-23T00:00:00+00:00
[2022-12-23T00:00:04.917+0000] {logging_mixin.py:137} INFO - [2022-12-23T00:00:04.917+0000] {dag.py:3427} INFO - Setting next_dagrun for dataset_produces_2 to None, run_after=None
[2022-12-23T00:00:04.941+0000] {processor.py:175} INFO - Processing /home/airflow/.local/lib/python3.7/site-packages/airflow/example_dags/example_datasets.py took 0.140 seconds
[2022-12-23T00:00:35.753+0000] {processor.py:153} INFO - Started process (PID=3342) to work on /home/airflow/.local/lib/python3.7/site-packages/airflow/example_dags/example_datasets.py
[2022-12-23T00:00:35.755+0000] {processor.py:743} INFO - Processing file /home/airflow/.local/lib/python3.7/site-packages/airflow/example_dags/example_datasets.py for tasks to queue
[2022-12-23T00:00:35.756+0000] {logging_mixin.py:137} INFO - [2022-12-23T00:00:35.756+0000] {dagbag.py:538} INFO - Filling up the DagBag from /home/airflow/.local/lib/python3.7/site-packages/airflow/example_dags/example_datasets.py
[2022-12-23T00:00:35.769+0000] {processor.py:753} INFO - DAG(s) dict_keys(['dataset_consumes_unknown_never_scheduled', 'dataset_produces_2', 'dataset_consumes_1_never_scheduled', 'dataset_consumes_1_and_2', 'dataset_produces_1', 'dataset_consumes_1']) retrieved from /home/airflow/.local/lib/python3.7/site-packages/airflow/example_dags/example_datasets.py
[2022-12-23T00:00:35.810+0000] {logging_mixin.py:137} INFO - [2022-12-23T00:00:35.810+0000] {dag.py:2676} INFO - Sync 6 DAGs
[2022-12-23T00:00:35.829+0000] {logging_mixin.py:137} INFO - [2022-12-23T00:00:35.828+0000] {dag.py:3427} INFO - Setting next_dagrun for dataset_consumes_1 to None, run_after=None
[2022-12-23T00:00:35.832+0000] {logging_mixin.py:137} INFO - [2022-12-23T00:00:35.831+0000] {dag.py:3427} INFO - Setting next_dagrun for dataset_consumes_1_and_2 to None, run_after=None
[2022-12-23T00:00:35.833+0000] {logging_mixin.py:137} INFO - [2022-12-23T00:00:35.833+0000] {dag.py:3427} INFO - Setting next_dagrun for dataset_consumes_1_never_scheduled to None, run_after=None
[2022-12-23T00:00:35.834+0000] {logging_mixin.py:137} INFO - [2022-12-23T00:00:35.834+0000] {dag.py:3427} INFO - Setting next_dagrun for dataset_consumes_unknown_never_scheduled to None, run_after=None
[2022-12-23T00:00:35.837+0000] {logging_mixin.py:137} INFO - [2022-12-23T00:00:35.837+0000] {dag.py:3427} INFO - Setting next_dagrun for dataset_produces_1 to 2022-12-22T00:00:00+00:00, run_after=2022-12-23T00:00:00+00:00
[2022-12-23T00:00:35.839+0000] {logging_mixin.py:137} INFO - [2022-12-23T00:00:35.839+0000] {dag.py:3427} INFO - Setting next_dagrun for dataset_produces_2 to None, run_after=None
[2022-12-23T00:00:35.861+0000] {processor.py:175} INFO - Processing /home/airflow/.local/lib/python3.7/site-packages/airflow/example_dags/example_datasets.py took 0.111 seconds
[2022-12-23T00:01:06.427+0000] {processor.py:153} INFO - Started process (PID=3568) to work on /home/airflow/.local/lib/python3.7/site-packages/airflow/example_dags/example_datasets.py
[2022-12-23T00:01:06.429+0000] {processor.py:743} INFO - Processing file /home/airflow/.local/lib/python3.7/site-packages/airflow/example_dags/example_datasets.py for tasks to queue
[2022-12-23T00:01:06.430+0000] {logging_mixin.py:137} INFO - [2022-12-23T00:01:06.430+0000] {dagbag.py:538} INFO - Filling up the DagBag from /home/airflow/.local/lib/python3.7/site-packages/airflow/example_dags/example_datasets.py
[2022-12-23T00:01:06.446+0000] {processor.py:753} INFO - DAG(s) dict_keys(['dataset_consumes_1', 'dataset_consumes_unknown_never_scheduled', 'dataset_produces_2', 'dataset_consumes_1_never_scheduled', 'dataset_produces_1', 'dataset_consumes_1_and_2']) retrieved from /home/airflow/.local/lib/python3.7/site-packages/airflow/example_dags/example_datasets.py
[2022-12-23T00:01:06.490+0000] {logging_mixin.py:137} INFO - [2022-12-23T00:01:06.490+0000] {dag.py:2676} INFO - Sync 6 DAGs
[2022-12-23T00:01:06.511+0000] {logging_mixin.py:137} INFO - [2022-12-23T00:01:06.510+0000] {dag.py:3427} INFO - Setting next_dagrun for dataset_consumes_1 to None, run_after=None
[2022-12-23T00:01:06.514+0000] {logging_mixin.py:137} INFO - [2022-12-23T00:01:06.514+0000] {dag.py:3427} INFO - Setting next_dagrun for dataset_consumes_1_and_2 to None, run_after=None
[2022-12-23T00:01:06.516+0000] {logging_mixin.py:137} INFO - [2022-12-23T00:01:06.516+0000] {dag.py:3427} INFO - Setting next_dagrun for dataset_consumes_1_never_scheduled to None, run_after=None
[2022-12-23T00:01:06.518+0000] {logging_mixin.py:137} INFO - [2022-12-23T00:01:06.518+0000] {dag.py:3427} INFO - Setting next_dagrun for dataset_consumes_unknown_never_scheduled to None, run_after=None
[2022-12-23T00:01:06.521+0000] {logging_mixin.py:137} INFO - [2022-12-23T00:01:06.521+0000] {dag.py:3427} INFO - Setting next_dagrun for dataset_produces_1 to 2022-12-22T00:00:00+00:00, run_after=2022-12-23T00:00:00+00:00
[2022-12-23T00:01:06.522+0000] {logging_mixin.py:137} INFO - [2022-12-23T00:01:06.522+0000] {dag.py:3427} INFO - Setting next_dagrun for dataset_produces_2 to None, run_after=None
[2022-12-23T00:01:06.547+0000] {processor.py:175} INFO - Processing /home/airflow/.local/lib/python3.7/site-packages/airflow/example_dags/example_datasets.py took 0.122 seconds
[2022-12-23T00:03:13.045+0000] {processor.py:153} INFO - Started process (PID=233) to work on /home/airflow/.local/lib/python3.7/site-packages/airflow/example_dags/example_datasets.py
[2022-12-23T00:03:13.047+0000] {processor.py:743} INFO - Processing file /home/airflow/.local/lib/python3.7/site-packages/airflow/example_dags/example_datasets.py for tasks to queue
[2022-12-23T00:03:13.048+0000] {logging_mixin.py:137} INFO - [2022-12-23T00:03:13.048+0000] {dagbag.py:538} INFO - Filling up the DagBag from /home/airflow/.local/lib/python3.7/site-packages/airflow/example_dags/example_datasets.py
[2022-12-23T00:03:13.064+0000] {processor.py:753} INFO - DAG(s) dict_keys(['dataset_consumes_1', 'dataset_consumes_1_and_2', 'dataset_consumes_1_never_scheduled', 'dataset_produces_1', 'dataset_produces_2', 'dataset_consumes_unknown_never_scheduled']) retrieved from /home/airflow/.local/lib/python3.7/site-packages/airflow/example_dags/example_datasets.py
[2022-12-23T00:03:13.101+0000] {logging_mixin.py:137} INFO - [2022-12-23T00:03:13.101+0000] {dag.py:2676} INFO - Sync 6 DAGs
[2022-12-23T00:03:13.124+0000] {logging_mixin.py:137} INFO - [2022-12-23T00:03:13.124+0000] {dag.py:3427} INFO - Setting next_dagrun for dataset_consumes_1 to None, run_after=None
[2022-12-23T00:03:13.128+0000] {logging_mixin.py:137} INFO - [2022-12-23T00:03:13.127+0000] {dag.py:3427} INFO - Setting next_dagrun for dataset_consumes_1_and_2 to None, run_after=None
[2022-12-23T00:03:13.129+0000] {logging_mixin.py:137} INFO - [2022-12-23T00:03:13.129+0000] {dag.py:3427} INFO - Setting next_dagrun for dataset_consumes_1_never_scheduled to None, run_after=None
[2022-12-23T00:03:13.131+0000] {logging_mixin.py:137} INFO - [2022-12-23T00:03:13.131+0000] {dag.py:3427} INFO - Setting next_dagrun for dataset_consumes_unknown_never_scheduled to None, run_after=None
[2022-12-23T00:03:13.134+0000] {logging_mixin.py:137} INFO - [2022-12-23T00:03:13.134+0000] {dag.py:3427} INFO - Setting next_dagrun for dataset_produces_1 to 2022-12-22T00:00:00+00:00, run_after=2022-12-23T00:00:00+00:00
[2022-12-23T00:03:13.136+0000] {logging_mixin.py:137} INFO - [2022-12-23T00:03:13.136+0000] {dag.py:3427} INFO - Setting next_dagrun for dataset_produces_2 to None, run_after=None
[2022-12-23T00:03:13.168+0000] {processor.py:175} INFO - Processing /home/airflow/.local/lib/python3.7/site-packages/airflow/example_dags/example_datasets.py took 0.129 seconds
[2022-12-23T00:03:44.013+0000] {processor.py:153} INFO - Started process (PID=461) to work on /home/airflow/.local/lib/python3.7/site-packages/airflow/example_dags/example_datasets.py
[2022-12-23T00:03:44.015+0000] {processor.py:743} INFO - Processing file /home/airflow/.local/lib/python3.7/site-packages/airflow/example_dags/example_datasets.py for tasks to queue
[2022-12-23T00:03:44.015+0000] {logging_mixin.py:137} INFO - [2022-12-23T00:03:44.015+0000] {dagbag.py:538} INFO - Filling up the DagBag from /home/airflow/.local/lib/python3.7/site-packages/airflow/example_dags/example_datasets.py
[2022-12-23T00:03:44.031+0000] {processor.py:753} INFO - DAG(s) dict_keys(['dataset_consumes_1', 'dataset_consumes_1_never_scheduled', 'dataset_produces_1', 'dataset_produces_2', 'dataset_consumes_1_and_2', 'dataset_consumes_unknown_never_scheduled']) retrieved from /home/airflow/.local/lib/python3.7/site-packages/airflow/example_dags/example_datasets.py
[2022-12-23T00:03:44.111+0000] {logging_mixin.py:137} INFO - [2022-12-23T00:03:44.110+0000] {dag.py:2676} INFO - Sync 6 DAGs
[2022-12-23T00:03:44.129+0000] {logging_mixin.py:137} INFO - [2022-12-23T00:03:44.129+0000] {dag.py:3427} INFO - Setting next_dagrun for dataset_consumes_1 to None, run_after=None
[2022-12-23T00:03:44.132+0000] {logging_mixin.py:137} INFO - [2022-12-23T00:03:44.132+0000] {dag.py:3427} INFO - Setting next_dagrun for dataset_consumes_1_and_2 to None, run_after=None
[2022-12-23T00:03:44.134+0000] {logging_mixin.py:137} INFO - [2022-12-23T00:03:44.134+0000] {dag.py:3427} INFO - Setting next_dagrun for dataset_consumes_1_never_scheduled to None, run_after=None
[2022-12-23T00:03:44.135+0000] {logging_mixin.py:137} INFO - [2022-12-23T00:03:44.135+0000] {dag.py:3427} INFO - Setting next_dagrun for dataset_consumes_unknown_never_scheduled to None, run_after=None
[2022-12-23T00:03:44.138+0000] {logging_mixin.py:137} INFO - [2022-12-23T00:03:44.138+0000] {dag.py:3427} INFO - Setting next_dagrun for dataset_produces_1 to 2022-12-22T00:00:00+00:00, run_after=2022-12-23T00:00:00+00:00
[2022-12-23T00:03:44.139+0000] {logging_mixin.py:137} INFO - [2022-12-23T00:03:44.139+0000] {dag.py:3427} INFO - Setting next_dagrun for dataset_produces_2 to None, run_after=None
[2022-12-23T00:03:44.166+0000] {processor.py:175} INFO - Processing /home/airflow/.local/lib/python3.7/site-packages/airflow/example_dags/example_datasets.py took 0.156 seconds
[2022-12-23T00:04:15.085+0000] {processor.py:153} INFO - Started process (PID=682) to work on /home/airflow/.local/lib/python3.7/site-packages/airflow/example_dags/example_datasets.py
[2022-12-23T00:04:15.087+0000] {processor.py:743} INFO - Processing file /home/airflow/.local/lib/python3.7/site-packages/airflow/example_dags/example_datasets.py for tasks to queue
[2022-12-23T00:04:15.088+0000] {logging_mixin.py:137} INFO - [2022-12-23T00:04:15.088+0000] {dagbag.py:538} INFO - Filling up the DagBag from /home/airflow/.local/lib/python3.7/site-packages/airflow/example_dags/example_datasets.py
[2022-12-23T00:04:15.102+0000] {processor.py:753} INFO - DAG(s) dict_keys(['dataset_produces_2', 'dataset_produces_1', 'dataset_consumes_1', 'dataset_consumes_1_never_scheduled', 'dataset_consumes_1_and_2', 'dataset_consumes_unknown_never_scheduled']) retrieved from /home/airflow/.local/lib/python3.7/site-packages/airflow/example_dags/example_datasets.py
[2022-12-23T00:04:15.196+0000] {logging_mixin.py:137} INFO - [2022-12-23T00:04:15.196+0000] {dag.py:2676} INFO - Sync 6 DAGs
[2022-12-23T00:04:15.222+0000] {logging_mixin.py:137} INFO - [2022-12-23T00:04:15.222+0000] {dag.py:3427} INFO - Setting next_dagrun for dataset_consumes_1 to None, run_after=None
[2022-12-23T00:04:15.225+0000] {logging_mixin.py:137} INFO - [2022-12-23T00:04:15.225+0000] {dag.py:3427} INFO - Setting next_dagrun for dataset_consumes_1_and_2 to None, run_after=None
[2022-12-23T00:04:15.227+0000] {logging_mixin.py:137} INFO - [2022-12-23T00:04:15.227+0000] {dag.py:3427} INFO - Setting next_dagrun for dataset_consumes_1_never_scheduled to None, run_after=None
[2022-12-23T00:04:15.230+0000] {logging_mixin.py:137} INFO - [2022-12-23T00:04:15.230+0000] {dag.py:3427} INFO - Setting next_dagrun for dataset_consumes_unknown_never_scheduled to None, run_after=None
[2022-12-23T00:04:15.238+0000] {logging_mixin.py:137} INFO - [2022-12-23T00:04:15.237+0000] {dag.py:3427} INFO - Setting next_dagrun for dataset_produces_1 to 2022-12-22T00:00:00+00:00, run_after=2022-12-23T00:00:00+00:00
[2022-12-23T00:04:15.239+0000] {logging_mixin.py:137} INFO - [2022-12-23T00:04:15.239+0000] {dag.py:3427} INFO - Setting next_dagrun for dataset_produces_2 to None, run_after=None
[2022-12-23T00:04:15.281+0000] {processor.py:175} INFO - Processing /home/airflow/.local/lib/python3.7/site-packages/airflow/example_dags/example_datasets.py took 0.203 seconds
[2022-12-23T00:04:45.480+0000] {processor.py:153} INFO - Started process (PID=901) to work on /home/airflow/.local/lib/python3.7/site-packages/airflow/example_dags/example_datasets.py
[2022-12-23T00:04:45.481+0000] {processor.py:743} INFO - Processing file /home/airflow/.local/lib/python3.7/site-packages/airflow/example_dags/example_datasets.py for tasks to queue
[2022-12-23T00:04:45.482+0000] {logging_mixin.py:137} INFO - [2022-12-23T00:04:45.482+0000] {dagbag.py:538} INFO - Filling up the DagBag from /home/airflow/.local/lib/python3.7/site-packages/airflow/example_dags/example_datasets.py
[2022-12-23T00:04:45.496+0000] {processor.py:753} INFO - DAG(s) dict_keys(['dataset_produces_1', 'dataset_consumes_1_and_2', 'dataset_consumes_1_never_scheduled', 'dataset_consumes_1', 'dataset_produces_2', 'dataset_consumes_unknown_never_scheduled']) retrieved from /home/airflow/.local/lib/python3.7/site-packages/airflow/example_dags/example_datasets.py
[2022-12-23T00:04:45.538+0000] {logging_mixin.py:137} INFO - [2022-12-23T00:04:45.538+0000] {dag.py:2676} INFO - Sync 6 DAGs
[2022-12-23T00:04:45.556+0000] {logging_mixin.py:137} INFO - [2022-12-23T00:04:45.556+0000] {dag.py:3427} INFO - Setting next_dagrun for dataset_consumes_1 to None, run_after=None
[2022-12-23T00:04:45.559+0000] {logging_mixin.py:137} INFO - [2022-12-23T00:04:45.559+0000] {dag.py:3427} INFO - Setting next_dagrun for dataset_consumes_1_and_2 to None, run_after=None
[2022-12-23T00:04:45.561+0000] {logging_mixin.py:137} INFO - [2022-12-23T00:04:45.561+0000] {dag.py:3427} INFO - Setting next_dagrun for dataset_consumes_1_never_scheduled to None, run_after=None
[2022-12-23T00:04:45.562+0000] {logging_mixin.py:137} INFO - [2022-12-23T00:04:45.562+0000] {dag.py:3427} INFO - Setting next_dagrun for dataset_consumes_unknown_never_scheduled to None, run_after=None
[2022-12-23T00:04:45.565+0000] {logging_mixin.py:137} INFO - [2022-12-23T00:04:45.565+0000] {dag.py:3427} INFO - Setting next_dagrun for dataset_produces_1 to 2022-12-22T00:00:00+00:00, run_after=2022-12-23T00:00:00+00:00
[2022-12-23T00:04:45.567+0000] {logging_mixin.py:137} INFO - [2022-12-23T00:04:45.567+0000] {dag.py:3427} INFO - Setting next_dagrun for dataset_produces_2 to None, run_after=None
[2022-12-23T00:04:45.593+0000] {processor.py:175} INFO - Processing /home/airflow/.local/lib/python3.7/site-packages/airflow/example_dags/example_datasets.py took 0.116 seconds
[2022-12-23T00:05:16.296+0000] {processor.py:153} INFO - Started process (PID=1128) to work on /home/airflow/.local/lib/python3.7/site-packages/airflow/example_dags/example_datasets.py
[2022-12-23T00:05:16.297+0000] {processor.py:743} INFO - Processing file /home/airflow/.local/lib/python3.7/site-packages/airflow/example_dags/example_datasets.py for tasks to queue
[2022-12-23T00:05:16.298+0000] {logging_mixin.py:137} INFO - [2022-12-23T00:05:16.298+0000] {dagbag.py:538} INFO - Filling up the DagBag from /home/airflow/.local/lib/python3.7/site-packages/airflow/example_dags/example_datasets.py
[2022-12-23T00:05:16.312+0000] {processor.py:753} INFO - DAG(s) dict_keys(['dataset_consumes_1', 'dataset_consumes_1_and_2', 'dataset_consumes_1_never_scheduled', 'dataset_produces_2', 'dataset_consumes_unknown_never_scheduled', 'dataset_produces_1']) retrieved from /home/airflow/.local/lib/python3.7/site-packages/airflow/example_dags/example_datasets.py
[2022-12-23T00:05:16.352+0000] {logging_mixin.py:137} INFO - [2022-12-23T00:05:16.352+0000] {dag.py:2676} INFO - Sync 6 DAGs
[2022-12-23T00:05:16.372+0000] {logging_mixin.py:137} INFO - [2022-12-23T00:05:16.372+0000] {dag.py:3427} INFO - Setting next_dagrun for dataset_consumes_1 to None, run_after=None
[2022-12-23T00:05:16.375+0000] {logging_mixin.py:137} INFO - [2022-12-23T00:05:16.375+0000] {dag.py:3427} INFO - Setting next_dagrun for dataset_consumes_1_and_2 to None, run_after=None
[2022-12-23T00:05:16.376+0000] {logging_mixin.py:137} INFO - [2022-12-23T00:05:16.376+0000] {dag.py:3427} INFO - Setting next_dagrun for dataset_consumes_1_never_scheduled to None, run_after=None
[2022-12-23T00:05:16.377+0000] {logging_mixin.py:137} INFO - [2022-12-23T00:05:16.377+0000] {dag.py:3427} INFO - Setting next_dagrun for dataset_consumes_unknown_never_scheduled to None, run_after=None
[2022-12-23T00:05:16.379+0000] {logging_mixin.py:137} INFO - [2022-12-23T00:05:16.379+0000] {dag.py:3427} INFO - Setting next_dagrun for dataset_produces_1 to 2022-12-22T00:00:00+00:00, run_after=2022-12-23T00:00:00+00:00
[2022-12-23T00:05:16.381+0000] {logging_mixin.py:137} INFO - [2022-12-23T00:05:16.381+0000] {dag.py:3427} INFO - Setting next_dagrun for dataset_produces_2 to None, run_after=None
[2022-12-23T00:05:16.407+0000] {processor.py:175} INFO - Processing /home/airflow/.local/lib/python3.7/site-packages/airflow/example_dags/example_datasets.py took 0.114 seconds
