[2022-12-23T00:00:05.442+0000] {processor.py:153} INFO - Started process (PID=3161) to work on /home/airflow/.local/lib/python3.7/site-packages/airflow/example_dags/example_dag_decorator.py
[2022-12-23T00:00:05.443+0000] {processor.py:743} INFO - Processing file /home/airflow/.local/lib/python3.7/site-packages/airflow/example_dags/example_dag_decorator.py for tasks to queue
[2022-12-23T00:00:05.444+0000] {logging_mixin.py:137} INFO - [2022-12-23T00:00:05.444+0000] {dagbag.py:538} INFO - Filling up the DagBag from /home/airflow/.local/lib/python3.7/site-packages/airflow/example_dags/example_dag_decorator.py
[2022-12-23T00:00:05.459+0000] {logging_mixin.py:137} INFO - [2022-12-23T00:00:05.459+0000] {taskmixin.py:205} WARNING - Dependency <Task(_PythonDecoratedOperator): prepare_email>, send_email already registered for DAG: example_dag_decorator
[2022-12-23T00:00:05.460+0000] {logging_mixin.py:137} INFO - [2022-12-23T00:00:05.459+0000] {taskmixin.py:205} WARNING - Dependency <Task(EmailOperator): send_email>, prepare_email already registered for DAG: example_dag_decorator
[2022-12-23T00:00:05.470+0000] {processor.py:753} INFO - DAG(s) dict_keys(['example_dag_decorator']) retrieved from /home/airflow/.local/lib/python3.7/site-packages/airflow/example_dags/example_dag_decorator.py
[2022-12-23T00:00:05.530+0000] {logging_mixin.py:137} INFO - [2022-12-23T00:00:05.530+0000] {dag.py:2676} INFO - Sync 1 DAGs
[2022-12-23T00:00:05.548+0000] {logging_mixin.py:137} INFO - [2022-12-23T00:00:05.548+0000] {dag.py:3427} INFO - Setting next_dagrun for example_dag_decorator to None, run_after=None
[2022-12-23T00:00:05.564+0000] {processor.py:175} INFO - Processing /home/airflow/.local/lib/python3.7/site-packages/airflow/example_dags/example_dag_decorator.py took 0.125 seconds
[2022-12-23T00:00:36.124+0000] {processor.py:153} INFO - Started process (PID=3375) to work on /home/airflow/.local/lib/python3.7/site-packages/airflow/example_dags/example_dag_decorator.py
[2022-12-23T00:00:36.125+0000] {processor.py:743} INFO - Processing file /home/airflow/.local/lib/python3.7/site-packages/airflow/example_dags/example_dag_decorator.py for tasks to queue
[2022-12-23T00:00:36.126+0000] {logging_mixin.py:137} INFO - [2022-12-23T00:00:36.126+0000] {dagbag.py:538} INFO - Filling up the DagBag from /home/airflow/.local/lib/python3.7/site-packages/airflow/example_dags/example_dag_decorator.py
[2022-12-23T00:00:36.140+0000] {logging_mixin.py:137} INFO - [2022-12-23T00:00:36.139+0000] {taskmixin.py:205} WARNING - Dependency <Task(_PythonDecoratedOperator): prepare_email>, send_email already registered for DAG: example_dag_decorator
[2022-12-23T00:00:36.140+0000] {logging_mixin.py:137} INFO - [2022-12-23T00:00:36.140+0000] {taskmixin.py:205} WARNING - Dependency <Task(EmailOperator): send_email>, prepare_email already registered for DAG: example_dag_decorator
[2022-12-23T00:00:36.150+0000] {processor.py:753} INFO - DAG(s) dict_keys(['example_dag_decorator']) retrieved from /home/airflow/.local/lib/python3.7/site-packages/airflow/example_dags/example_dag_decorator.py
[2022-12-23T00:00:36.207+0000] {logging_mixin.py:137} INFO - [2022-12-23T00:00:36.207+0000] {dag.py:2676} INFO - Sync 1 DAGs
[2022-12-23T00:00:36.224+0000] {logging_mixin.py:137} INFO - [2022-12-23T00:00:36.224+0000] {dag.py:3427} INFO - Setting next_dagrun for example_dag_decorator to None, run_after=None
[2022-12-23T00:00:36.239+0000] {processor.py:175} INFO - Processing /home/airflow/.local/lib/python3.7/site-packages/airflow/example_dags/example_dag_decorator.py took 0.118 seconds
[2022-12-23T00:01:06.820+0000] {processor.py:153} INFO - Started process (PID=3601) to work on /home/airflow/.local/lib/python3.7/site-packages/airflow/example_dags/example_dag_decorator.py
[2022-12-23T00:01:06.821+0000] {processor.py:743} INFO - Processing file /home/airflow/.local/lib/python3.7/site-packages/airflow/example_dags/example_dag_decorator.py for tasks to queue
[2022-12-23T00:01:06.822+0000] {logging_mixin.py:137} INFO - [2022-12-23T00:01:06.822+0000] {dagbag.py:538} INFO - Filling up the DagBag from /home/airflow/.local/lib/python3.7/site-packages/airflow/example_dags/example_dag_decorator.py
[2022-12-23T00:01:06.836+0000] {logging_mixin.py:137} INFO - [2022-12-23T00:01:06.836+0000] {taskmixin.py:205} WARNING - Dependency <Task(_PythonDecoratedOperator): prepare_email>, send_email already registered for DAG: example_dag_decorator
[2022-12-23T00:01:06.837+0000] {logging_mixin.py:137} INFO - [2022-12-23T00:01:06.837+0000] {taskmixin.py:205} WARNING - Dependency <Task(EmailOperator): send_email>, prepare_email already registered for DAG: example_dag_decorator
[2022-12-23T00:01:06.847+0000] {processor.py:753} INFO - DAG(s) dict_keys(['example_dag_decorator']) retrieved from /home/airflow/.local/lib/python3.7/site-packages/airflow/example_dags/example_dag_decorator.py
[2022-12-23T00:01:06.908+0000] {logging_mixin.py:137} INFO - [2022-12-23T00:01:06.907+0000] {dag.py:2676} INFO - Sync 1 DAGs
[2022-12-23T00:01:06.925+0000] {logging_mixin.py:137} INFO - [2022-12-23T00:01:06.925+0000] {dag.py:3427} INFO - Setting next_dagrun for example_dag_decorator to None, run_after=None
[2022-12-23T00:01:06.939+0000] {processor.py:175} INFO - Processing /home/airflow/.local/lib/python3.7/site-packages/airflow/example_dags/example_dag_decorator.py took 0.123 seconds
[2022-12-23T00:03:13.525+0000] {processor.py:153} INFO - Started process (PID=268) to work on /home/airflow/.local/lib/python3.7/site-packages/airflow/example_dags/example_dag_decorator.py
[2022-12-23T00:03:13.527+0000] {processor.py:743} INFO - Processing file /home/airflow/.local/lib/python3.7/site-packages/airflow/example_dags/example_dag_decorator.py for tasks to queue
[2022-12-23T00:03:13.527+0000] {logging_mixin.py:137} INFO - [2022-12-23T00:03:13.527+0000] {dagbag.py:538} INFO - Filling up the DagBag from /home/airflow/.local/lib/python3.7/site-packages/airflow/example_dags/example_dag_decorator.py
[2022-12-23T00:03:13.546+0000] {logging_mixin.py:137} INFO - [2022-12-23T00:03:13.546+0000] {taskmixin.py:205} WARNING - Dependency <Task(_PythonDecoratedOperator): prepare_email>, send_email already registered for DAG: example_dag_decorator
[2022-12-23T00:03:13.549+0000] {logging_mixin.py:137} INFO - [2022-12-23T00:03:13.549+0000] {taskmixin.py:205} WARNING - Dependency <Task(EmailOperator): send_email>, prepare_email already registered for DAG: example_dag_decorator
[2022-12-23T00:03:13.564+0000] {processor.py:753} INFO - DAG(s) dict_keys(['example_dag_decorator']) retrieved from /home/airflow/.local/lib/python3.7/site-packages/airflow/example_dags/example_dag_decorator.py
[2022-12-23T00:03:13.593+0000] {logging_mixin.py:137} INFO - [2022-12-23T00:03:13.593+0000] {dag.py:2676} INFO - Sync 1 DAGs
[2022-12-23T00:03:13.618+0000] {logging_mixin.py:137} INFO - [2022-12-23T00:03:13.618+0000] {dag.py:3427} INFO - Setting next_dagrun for example_dag_decorator to None, run_after=None
[2022-12-23T00:03:13.637+0000] {processor.py:175} INFO - Processing /home/airflow/.local/lib/python3.7/site-packages/airflow/example_dags/example_dag_decorator.py took 0.115 seconds
[2022-12-23T00:03:44.519+0000] {processor.py:153} INFO - Started process (PID=494) to work on /home/airflow/.local/lib/python3.7/site-packages/airflow/example_dags/example_dag_decorator.py
[2022-12-23T00:03:44.521+0000] {processor.py:743} INFO - Processing file /home/airflow/.local/lib/python3.7/site-packages/airflow/example_dags/example_dag_decorator.py for tasks to queue
[2022-12-23T00:03:44.522+0000] {logging_mixin.py:137} INFO - [2022-12-23T00:03:44.522+0000] {dagbag.py:538} INFO - Filling up the DagBag from /home/airflow/.local/lib/python3.7/site-packages/airflow/example_dags/example_dag_decorator.py
[2022-12-23T00:03:44.537+0000] {logging_mixin.py:137} INFO - [2022-12-23T00:03:44.537+0000] {taskmixin.py:205} WARNING - Dependency <Task(_PythonDecoratedOperator): prepare_email>, send_email already registered for DAG: example_dag_decorator
[2022-12-23T00:03:44.538+0000] {logging_mixin.py:137} INFO - [2022-12-23T00:03:44.538+0000] {taskmixin.py:205} WARNING - Dependency <Task(EmailOperator): send_email>, prepare_email already registered for DAG: example_dag_decorator
[2022-12-23T00:03:44.550+0000] {processor.py:753} INFO - DAG(s) dict_keys(['example_dag_decorator']) retrieved from /home/airflow/.local/lib/python3.7/site-packages/airflow/example_dags/example_dag_decorator.py
[2022-12-23T00:03:44.611+0000] {logging_mixin.py:137} INFO - [2022-12-23T00:03:44.611+0000] {dag.py:2676} INFO - Sync 1 DAGs
[2022-12-23T00:03:44.629+0000] {logging_mixin.py:137} INFO - [2022-12-23T00:03:44.629+0000] {dag.py:3427} INFO - Setting next_dagrun for example_dag_decorator to None, run_after=None
[2022-12-23T00:03:44.644+0000] {processor.py:175} INFO - Processing /home/airflow/.local/lib/python3.7/site-packages/airflow/example_dags/example_dag_decorator.py took 0.130 seconds
[2022-12-23T00:04:15.803+0000] {processor.py:153} INFO - Started process (PID=720) to work on /home/airflow/.local/lib/python3.7/site-packages/airflow/example_dags/example_dag_decorator.py
[2022-12-23T00:04:15.805+0000] {processor.py:743} INFO - Processing file /home/airflow/.local/lib/python3.7/site-packages/airflow/example_dags/example_dag_decorator.py for tasks to queue
[2022-12-23T00:04:15.806+0000] {logging_mixin.py:137} INFO - [2022-12-23T00:04:15.806+0000] {dagbag.py:538} INFO - Filling up the DagBag from /home/airflow/.local/lib/python3.7/site-packages/airflow/example_dags/example_dag_decorator.py
[2022-12-23T00:04:15.820+0000] {logging_mixin.py:137} INFO - [2022-12-23T00:04:15.820+0000] {taskmixin.py:205} WARNING - Dependency <Task(_PythonDecoratedOperator): prepare_email>, send_email already registered for DAG: example_dag_decorator
[2022-12-23T00:04:15.821+0000] {logging_mixin.py:137} INFO - [2022-12-23T00:04:15.821+0000] {taskmixin.py:205} WARNING - Dependency <Task(EmailOperator): send_email>, prepare_email already registered for DAG: example_dag_decorator
[2022-12-23T00:04:15.832+0000] {processor.py:753} INFO - DAG(s) dict_keys(['example_dag_decorator']) retrieved from /home/airflow/.local/lib/python3.7/site-packages/airflow/example_dags/example_dag_decorator.py
[2022-12-23T00:04:15.932+0000] {logging_mixin.py:137} INFO - [2022-12-23T00:04:15.932+0000] {dag.py:2676} INFO - Sync 1 DAGs
[2022-12-23T00:04:15.953+0000] {logging_mixin.py:137} INFO - [2022-12-23T00:04:15.953+0000] {dag.py:3427} INFO - Setting next_dagrun for example_dag_decorator to None, run_after=None
[2022-12-23T00:04:15.974+0000] {processor.py:175} INFO - Processing /home/airflow/.local/lib/python3.7/site-packages/airflow/example_dags/example_dag_decorator.py took 0.175 seconds
[2022-12-23T00:04:46.872+0000] {processor.py:153} INFO - Started process (PID=934) to work on /home/airflow/.local/lib/python3.7/site-packages/airflow/example_dags/example_dag_decorator.py
[2022-12-23T00:04:46.874+0000] {processor.py:743} INFO - Processing file /home/airflow/.local/lib/python3.7/site-packages/airflow/example_dags/example_dag_decorator.py for tasks to queue
[2022-12-23T00:04:46.875+0000] {logging_mixin.py:137} INFO - [2022-12-23T00:04:46.875+0000] {dagbag.py:538} INFO - Filling up the DagBag from /home/airflow/.local/lib/python3.7/site-packages/airflow/example_dags/example_dag_decorator.py
[2022-12-23T00:04:46.889+0000] {logging_mixin.py:137} INFO - [2022-12-23T00:04:46.889+0000] {taskmixin.py:205} WARNING - Dependency <Task(_PythonDecoratedOperator): prepare_email>, send_email already registered for DAG: example_dag_decorator
[2022-12-23T00:04:46.890+0000] {logging_mixin.py:137} INFO - [2022-12-23T00:04:46.890+0000] {taskmixin.py:205} WARNING - Dependency <Task(EmailOperator): send_email>, prepare_email already registered for DAG: example_dag_decorator
[2022-12-23T00:04:46.901+0000] {processor.py:753} INFO - DAG(s) dict_keys(['example_dag_decorator']) retrieved from /home/airflow/.local/lib/python3.7/site-packages/airflow/example_dags/example_dag_decorator.py
[2022-12-23T00:04:46.966+0000] {logging_mixin.py:137} INFO - [2022-12-23T00:04:46.966+0000] {dag.py:2676} INFO - Sync 1 DAGs
[2022-12-23T00:04:46.983+0000] {logging_mixin.py:137} INFO - [2022-12-23T00:04:46.983+0000] {dag.py:3427} INFO - Setting next_dagrun for example_dag_decorator to None, run_after=None
[2022-12-23T00:04:46.997+0000] {processor.py:175} INFO - Processing /home/airflow/.local/lib/python3.7/site-packages/airflow/example_dags/example_dag_decorator.py took 0.128 seconds
[2022-12-23T00:05:17.725+0000] {processor.py:153} INFO - Started process (PID=1161) to work on /home/airflow/.local/lib/python3.7/site-packages/airflow/example_dags/example_dag_decorator.py
[2022-12-23T00:05:17.726+0000] {processor.py:743} INFO - Processing file /home/airflow/.local/lib/python3.7/site-packages/airflow/example_dags/example_dag_decorator.py for tasks to queue
[2022-12-23T00:05:17.727+0000] {logging_mixin.py:137} INFO - [2022-12-23T00:05:17.727+0000] {dagbag.py:538} INFO - Filling up the DagBag from /home/airflow/.local/lib/python3.7/site-packages/airflow/example_dags/example_dag_decorator.py
[2022-12-23T00:05:17.742+0000] {logging_mixin.py:137} INFO - [2022-12-23T00:05:17.742+0000] {taskmixin.py:205} WARNING - Dependency <Task(_PythonDecoratedOperator): prepare_email>, send_email already registered for DAG: example_dag_decorator
[2022-12-23T00:05:17.743+0000] {logging_mixin.py:137} INFO - [2022-12-23T00:05:17.743+0000] {taskmixin.py:205} WARNING - Dependency <Task(EmailOperator): send_email>, prepare_email already registered for DAG: example_dag_decorator
[2022-12-23T00:05:17.754+0000] {processor.py:753} INFO - DAG(s) dict_keys(['example_dag_decorator']) retrieved from /home/airflow/.local/lib/python3.7/site-packages/airflow/example_dags/example_dag_decorator.py
[2022-12-23T00:05:17.821+0000] {logging_mixin.py:137} INFO - [2022-12-23T00:05:17.821+0000] {dag.py:2676} INFO - Sync 1 DAGs
[2022-12-23T00:05:17.839+0000] {logging_mixin.py:137} INFO - [2022-12-23T00:05:17.839+0000] {dag.py:3427} INFO - Setting next_dagrun for example_dag_decorator to None, run_after=None
[2022-12-23T00:05:17.853+0000] {processor.py:175} INFO - Processing /home/airflow/.local/lib/python3.7/site-packages/airflow/example_dags/example_dag_decorator.py took 0.131 seconds
[2022-12-23 22:41:55,216] {processor.py:153} INFO - Started process (PID=274) to work on /home/airflow/.local/lib/python3.7/site-packages/airflow/example_dags/example_dag_decorator.py
[2022-12-23 22:41:55,219] {processor.py:641} INFO - Processing file /home/airflow/.local/lib/python3.7/site-packages/airflow/example_dags/example_dag_decorator.py for tasks to queue
[2022-12-23 22:41:55,222] {logging_mixin.py:115} INFO - [2022-12-23 22:41:55,222] {dagbag.py:507} INFO - Filling up the DagBag from /home/airflow/.local/lib/python3.7/site-packages/airflow/example_dags/example_dag_decorator.py
[2022-12-23 22:41:55,327] {processor.py:651} INFO - DAG(s) dict_keys(['example_dag_decorator']) retrieved from /home/airflow/.local/lib/python3.7/site-packages/airflow/example_dags/example_dag_decorator.py
[2022-12-23 22:41:55,454] {logging_mixin.py:115} INFO - [2022-12-23 22:41:55,454] {manager.py:508} INFO - Created Permission View: can delete on DAG:example_dag_decorator
[2022-12-23 22:41:55,477] {logging_mixin.py:115} INFO - [2022-12-23 22:41:55,477] {manager.py:508} INFO - Created Permission View: can edit on DAG:example_dag_decorator
[2022-12-23 22:41:55,490] {logging_mixin.py:115} INFO - [2022-12-23 22:41:55,490] {manager.py:508} INFO - Created Permission View: can read on DAG:example_dag_decorator
[2022-12-23 22:41:55,491] {logging_mixin.py:115} INFO - [2022-12-23 22:41:55,491] {dag.py:2371} INFO - Sync 1 DAGs
[2022-12-23 22:41:55,502] {logging_mixin.py:115} INFO - [2022-12-23 22:41:55,502] {dag.py:2390} INFO - Creating ORM DAG for example_dag_decorator
[2022-12-23 22:41:55,531] {logging_mixin.py:115} INFO - [2022-12-23 22:41:55,531] {dag.py:2919} INFO - Setting next_dagrun for example_dag_decorator to None, run_after=None
[2022-12-23 22:41:55,551] {processor.py:161} INFO - Processing /home/airflow/.local/lib/python3.7/site-packages/airflow/example_dags/example_dag_decorator.py took 0.347 seconds
[2022-12-23 22:42:25,915] {processor.py:153} INFO - Started process (PID=468) to work on /home/airflow/.local/lib/python3.7/site-packages/airflow/example_dags/example_dag_decorator.py
[2022-12-23 22:42:25,920] {processor.py:641} INFO - Processing file /home/airflow/.local/lib/python3.7/site-packages/airflow/example_dags/example_dag_decorator.py for tasks to queue
[2022-12-23 22:42:25,922] {logging_mixin.py:115} INFO - [2022-12-23 22:42:25,922] {dagbag.py:507} INFO - Filling up the DagBag from /home/airflow/.local/lib/python3.7/site-packages/airflow/example_dags/example_dag_decorator.py
[2022-12-23 22:42:25,948] {processor.py:651} INFO - DAG(s) dict_keys(['example_dag_decorator']) retrieved from /home/airflow/.local/lib/python3.7/site-packages/airflow/example_dags/example_dag_decorator.py
[2022-12-23 22:42:26,011] {logging_mixin.py:115} INFO - [2022-12-23 22:42:26,011] {dag.py:2371} INFO - Sync 1 DAGs
[2022-12-23 22:42:26,036] {logging_mixin.py:115} INFO - [2022-12-23 22:42:26,036] {dag.py:2919} INFO - Setting next_dagrun for example_dag_decorator to None, run_after=None
[2022-12-23 22:42:26,048] {processor.py:161} INFO - Processing /home/airflow/.local/lib/python3.7/site-packages/airflow/example_dags/example_dag_decorator.py took 0.138 seconds
[2022-12-23 22:42:56,128] {processor.py:153} INFO - Started process (PID=673) to work on /home/airflow/.local/lib/python3.7/site-packages/airflow/example_dags/example_dag_decorator.py
[2022-12-23 22:42:56,129] {processor.py:641} INFO - Processing file /home/airflow/.local/lib/python3.7/site-packages/airflow/example_dags/example_dag_decorator.py for tasks to queue
[2022-12-23 22:42:56,129] {logging_mixin.py:115} INFO - [2022-12-23 22:42:56,129] {dagbag.py:507} INFO - Filling up the DagBag from /home/airflow/.local/lib/python3.7/site-packages/airflow/example_dags/example_dag_decorator.py
[2022-12-23 22:42:56,150] {processor.py:651} INFO - DAG(s) dict_keys(['example_dag_decorator']) retrieved from /home/airflow/.local/lib/python3.7/site-packages/airflow/example_dags/example_dag_decorator.py
[2022-12-23 22:42:56,195] {logging_mixin.py:115} INFO - [2022-12-23 22:42:56,195] {dag.py:2371} INFO - Sync 1 DAGs
[2022-12-23 22:42:56,208] {logging_mixin.py:115} INFO - [2022-12-23 22:42:56,208] {dag.py:2919} INFO - Setting next_dagrun for example_dag_decorator to None, run_after=None
[2022-12-23 22:42:56,218] {processor.py:161} INFO - Processing /home/airflow/.local/lib/python3.7/site-packages/airflow/example_dags/example_dag_decorator.py took 0.093 seconds
[2022-12-23 22:43:26,280] {processor.py:153} INFO - Started process (PID=874) to work on /home/airflow/.local/lib/python3.7/site-packages/airflow/example_dags/example_dag_decorator.py
[2022-12-23 22:43:26,281] {processor.py:641} INFO - Processing file /home/airflow/.local/lib/python3.7/site-packages/airflow/example_dags/example_dag_decorator.py for tasks to queue
[2022-12-23 22:43:26,282] {logging_mixin.py:115} INFO - [2022-12-23 22:43:26,282] {dagbag.py:507} INFO - Filling up the DagBag from /home/airflow/.local/lib/python3.7/site-packages/airflow/example_dags/example_dag_decorator.py
[2022-12-23 22:43:26,303] {processor.py:651} INFO - DAG(s) dict_keys(['example_dag_decorator']) retrieved from /home/airflow/.local/lib/python3.7/site-packages/airflow/example_dags/example_dag_decorator.py
[2022-12-23 22:43:26,352] {logging_mixin.py:115} INFO - [2022-12-23 22:43:26,351] {dag.py:2371} INFO - Sync 1 DAGs
[2022-12-23 22:43:26,366] {logging_mixin.py:115} INFO - [2022-12-23 22:43:26,365] {dag.py:2919} INFO - Setting next_dagrun for example_dag_decorator to None, run_after=None
[2022-12-23 22:43:26,374] {processor.py:161} INFO - Processing /home/airflow/.local/lib/python3.7/site-packages/airflow/example_dags/example_dag_decorator.py took 0.097 seconds
[2022-12-23 22:43:56,418] {processor.py:153} INFO - Started process (PID=1077) to work on /home/airflow/.local/lib/python3.7/site-packages/airflow/example_dags/example_dag_decorator.py
[2022-12-23 22:43:56,420] {processor.py:641} INFO - Processing file /home/airflow/.local/lib/python3.7/site-packages/airflow/example_dags/example_dag_decorator.py for tasks to queue
[2022-12-23 22:43:56,421] {logging_mixin.py:115} INFO - [2022-12-23 22:43:56,421] {dagbag.py:507} INFO - Filling up the DagBag from /home/airflow/.local/lib/python3.7/site-packages/airflow/example_dags/example_dag_decorator.py
[2022-12-23 22:43:56,442] {processor.py:651} INFO - DAG(s) dict_keys(['example_dag_decorator']) retrieved from /home/airflow/.local/lib/python3.7/site-packages/airflow/example_dags/example_dag_decorator.py
[2022-12-23 22:43:56,489] {logging_mixin.py:115} INFO - [2022-12-23 22:43:56,488] {dag.py:2371} INFO - Sync 1 DAGs
[2022-12-23 22:43:56,502] {logging_mixin.py:115} INFO - [2022-12-23 22:43:56,502] {dag.py:2919} INFO - Setting next_dagrun for example_dag_decorator to None, run_after=None
[2022-12-23 22:43:56,511] {processor.py:161} INFO - Processing /home/airflow/.local/lib/python3.7/site-packages/airflow/example_dags/example_dag_decorator.py took 0.095 seconds
[2022-12-23 22:44:26,668] {processor.py:153} INFO - Started process (PID=1271) to work on /home/airflow/.local/lib/python3.7/site-packages/airflow/example_dags/example_dag_decorator.py
[2022-12-23 22:44:26,669] {processor.py:641} INFO - Processing file /home/airflow/.local/lib/python3.7/site-packages/airflow/example_dags/example_dag_decorator.py for tasks to queue
[2022-12-23 22:44:26,670] {logging_mixin.py:115} INFO - [2022-12-23 22:44:26,670] {dagbag.py:507} INFO - Filling up the DagBag from /home/airflow/.local/lib/python3.7/site-packages/airflow/example_dags/example_dag_decorator.py
[2022-12-23 22:44:26,694] {processor.py:651} INFO - DAG(s) dict_keys(['example_dag_decorator']) retrieved from /home/airflow/.local/lib/python3.7/site-packages/airflow/example_dags/example_dag_decorator.py
[2022-12-23 22:44:26,744] {logging_mixin.py:115} INFO - [2022-12-23 22:44:26,744] {dag.py:2371} INFO - Sync 1 DAGs
[2022-12-23 22:44:26,761] {logging_mixin.py:115} INFO - [2022-12-23 22:44:26,761] {dag.py:2919} INFO - Setting next_dagrun for example_dag_decorator to None, run_after=None
[2022-12-23 22:44:26,773] {processor.py:161} INFO - Processing /home/airflow/.local/lib/python3.7/site-packages/airflow/example_dags/example_dag_decorator.py took 0.108 seconds
[2022-12-23 22:44:57,697] {processor.py:153} INFO - Started process (PID=1476) to work on /home/airflow/.local/lib/python3.7/site-packages/airflow/example_dags/example_dag_decorator.py
[2022-12-23 22:44:57,698] {processor.py:641} INFO - Processing file /home/airflow/.local/lib/python3.7/site-packages/airflow/example_dags/example_dag_decorator.py for tasks to queue
[2022-12-23 22:44:57,699] {logging_mixin.py:115} INFO - [2022-12-23 22:44:57,699] {dagbag.py:507} INFO - Filling up the DagBag from /home/airflow/.local/lib/python3.7/site-packages/airflow/example_dags/example_dag_decorator.py
[2022-12-23 22:44:57,719] {processor.py:651} INFO - DAG(s) dict_keys(['example_dag_decorator']) retrieved from /home/airflow/.local/lib/python3.7/site-packages/airflow/example_dags/example_dag_decorator.py
[2022-12-23 22:44:57,763] {logging_mixin.py:115} INFO - [2022-12-23 22:44:57,763] {dag.py:2371} INFO - Sync 1 DAGs
[2022-12-23 22:44:57,778] {logging_mixin.py:115} INFO - [2022-12-23 22:44:57,778] {dag.py:2919} INFO - Setting next_dagrun for example_dag_decorator to None, run_after=None
[2022-12-23 22:44:57,787] {processor.py:161} INFO - Processing /home/airflow/.local/lib/python3.7/site-packages/airflow/example_dags/example_dag_decorator.py took 0.092 seconds
[2022-12-23 22:45:28,574] {processor.py:153} INFO - Started process (PID=1679) to work on /home/airflow/.local/lib/python3.7/site-packages/airflow/example_dags/example_dag_decorator.py
[2022-12-23 22:45:28,575] {processor.py:641} INFO - Processing file /home/airflow/.local/lib/python3.7/site-packages/airflow/example_dags/example_dag_decorator.py for tasks to queue
[2022-12-23 22:45:28,576] {logging_mixin.py:115} INFO - [2022-12-23 22:45:28,575] {dagbag.py:507} INFO - Filling up the DagBag from /home/airflow/.local/lib/python3.7/site-packages/airflow/example_dags/example_dag_decorator.py
[2022-12-23 22:45:28,596] {processor.py:651} INFO - DAG(s) dict_keys(['example_dag_decorator']) retrieved from /home/airflow/.local/lib/python3.7/site-packages/airflow/example_dags/example_dag_decorator.py
[2022-12-23 22:45:28,641] {logging_mixin.py:115} INFO - [2022-12-23 22:45:28,641] {dag.py:2371} INFO - Sync 1 DAGs
[2022-12-23 22:45:28,655] {logging_mixin.py:115} INFO - [2022-12-23 22:45:28,655] {dag.py:2919} INFO - Setting next_dagrun for example_dag_decorator to None, run_after=None
[2022-12-23 22:45:28,664] {processor.py:161} INFO - Processing /home/airflow/.local/lib/python3.7/site-packages/airflow/example_dags/example_dag_decorator.py took 0.093 seconds
[2022-12-23 22:45:59,720] {processor.py:153} INFO - Started process (PID=1882) to work on /home/airflow/.local/lib/python3.7/site-packages/airflow/example_dags/example_dag_decorator.py
[2022-12-23 22:45:59,721] {processor.py:641} INFO - Processing file /home/airflow/.local/lib/python3.7/site-packages/airflow/example_dags/example_dag_decorator.py for tasks to queue
[2022-12-23 22:45:59,722] {logging_mixin.py:115} INFO - [2022-12-23 22:45:59,722] {dagbag.py:507} INFO - Filling up the DagBag from /home/airflow/.local/lib/python3.7/site-packages/airflow/example_dags/example_dag_decorator.py
[2022-12-23 22:45:59,743] {processor.py:651} INFO - DAG(s) dict_keys(['example_dag_decorator']) retrieved from /home/airflow/.local/lib/python3.7/site-packages/airflow/example_dags/example_dag_decorator.py
[2022-12-23 22:45:59,792] {logging_mixin.py:115} INFO - [2022-12-23 22:45:59,792] {dag.py:2371} INFO - Sync 1 DAGs
[2022-12-23 22:45:59,806] {logging_mixin.py:115} INFO - [2022-12-23 22:45:59,806] {dag.py:2919} INFO - Setting next_dagrun for example_dag_decorator to None, run_after=None
[2022-12-23 22:45:59,816] {processor.py:161} INFO - Processing /home/airflow/.local/lib/python3.7/site-packages/airflow/example_dags/example_dag_decorator.py took 0.099 seconds
[2022-12-23 22:46:30,929] {processor.py:153} INFO - Started process (PID=2085) to work on /home/airflow/.local/lib/python3.7/site-packages/airflow/example_dags/example_dag_decorator.py
[2022-12-23 22:46:30,930] {processor.py:641} INFO - Processing file /home/airflow/.local/lib/python3.7/site-packages/airflow/example_dags/example_dag_decorator.py for tasks to queue
[2022-12-23 22:46:30,931] {logging_mixin.py:115} INFO - [2022-12-23 22:46:30,931] {dagbag.py:507} INFO - Filling up the DagBag from /home/airflow/.local/lib/python3.7/site-packages/airflow/example_dags/example_dag_decorator.py
[2022-12-23 22:46:30,950] {processor.py:651} INFO - DAG(s) dict_keys(['example_dag_decorator']) retrieved from /home/airflow/.local/lib/python3.7/site-packages/airflow/example_dags/example_dag_decorator.py
[2022-12-23 22:46:30,997] {logging_mixin.py:115} INFO - [2022-12-23 22:46:30,997] {dag.py:2371} INFO - Sync 1 DAGs
[2022-12-23 22:46:31,011] {logging_mixin.py:115} INFO - [2022-12-23 22:46:31,011] {dag.py:2919} INFO - Setting next_dagrun for example_dag_decorator to None, run_after=None
[2022-12-23 22:46:31,021] {processor.py:161} INFO - Processing /home/airflow/.local/lib/python3.7/site-packages/airflow/example_dags/example_dag_decorator.py took 0.096 seconds
[2022-12-23 22:47:01,118] {processor.py:153} INFO - Started process (PID=2287) to work on /home/airflow/.local/lib/python3.7/site-packages/airflow/example_dags/example_dag_decorator.py
[2022-12-23 22:47:01,120] {processor.py:641} INFO - Processing file /home/airflow/.local/lib/python3.7/site-packages/airflow/example_dags/example_dag_decorator.py for tasks to queue
[2022-12-23 22:47:01,122] {logging_mixin.py:115} INFO - [2022-12-23 22:47:01,122] {dagbag.py:507} INFO - Filling up the DagBag from /home/airflow/.local/lib/python3.7/site-packages/airflow/example_dags/example_dag_decorator.py
[2022-12-23 22:47:01,147] {processor.py:651} INFO - DAG(s) dict_keys(['example_dag_decorator']) retrieved from /home/airflow/.local/lib/python3.7/site-packages/airflow/example_dags/example_dag_decorator.py
[2022-12-23 22:47:01,204] {logging_mixin.py:115} INFO - [2022-12-23 22:47:01,204] {dag.py:2371} INFO - Sync 1 DAGs
[2022-12-23 22:47:01,219] {logging_mixin.py:115} INFO - [2022-12-23 22:47:01,219] {dag.py:2919} INFO - Setting next_dagrun for example_dag_decorator to None, run_after=None
[2022-12-23 22:47:01,230] {processor.py:161} INFO - Processing /home/airflow/.local/lib/python3.7/site-packages/airflow/example_dags/example_dag_decorator.py took 0.116 seconds
[2022-12-23 22:47:32,288] {processor.py:153} INFO - Started process (PID=2481) to work on /home/airflow/.local/lib/python3.7/site-packages/airflow/example_dags/example_dag_decorator.py
[2022-12-23 22:47:32,290] {processor.py:641} INFO - Processing file /home/airflow/.local/lib/python3.7/site-packages/airflow/example_dags/example_dag_decorator.py for tasks to queue
[2022-12-23 22:47:32,291] {logging_mixin.py:115} INFO - [2022-12-23 22:47:32,291] {dagbag.py:507} INFO - Filling up the DagBag from /home/airflow/.local/lib/python3.7/site-packages/airflow/example_dags/example_dag_decorator.py
[2022-12-23 22:47:32,310] {processor.py:651} INFO - DAG(s) dict_keys(['example_dag_decorator']) retrieved from /home/airflow/.local/lib/python3.7/site-packages/airflow/example_dags/example_dag_decorator.py
[2022-12-23 22:47:32,366] {logging_mixin.py:115} INFO - [2022-12-23 22:47:32,365] {dag.py:2371} INFO - Sync 1 DAGs
[2022-12-23 22:47:32,383] {logging_mixin.py:115} INFO - [2022-12-23 22:47:32,383] {dag.py:2919} INFO - Setting next_dagrun for example_dag_decorator to None, run_after=None
[2022-12-23 22:47:32,393] {processor.py:161} INFO - Processing /home/airflow/.local/lib/python3.7/site-packages/airflow/example_dags/example_dag_decorator.py took 0.114 seconds
[2022-12-23 22:48:02,425] {processor.py:153} INFO - Started process (PID=2687) to work on /home/airflow/.local/lib/python3.7/site-packages/airflow/example_dags/example_dag_decorator.py
[2022-12-23 22:48:02,426] {processor.py:641} INFO - Processing file /home/airflow/.local/lib/python3.7/site-packages/airflow/example_dags/example_dag_decorator.py for tasks to queue
[2022-12-23 22:48:02,427] {logging_mixin.py:115} INFO - [2022-12-23 22:48:02,427] {dagbag.py:507} INFO - Filling up the DagBag from /home/airflow/.local/lib/python3.7/site-packages/airflow/example_dags/example_dag_decorator.py
[2022-12-23 22:48:02,446] {processor.py:651} INFO - DAG(s) dict_keys(['example_dag_decorator']) retrieved from /home/airflow/.local/lib/python3.7/site-packages/airflow/example_dags/example_dag_decorator.py
[2022-12-23 22:48:02,471] {logging_mixin.py:115} INFO - [2022-12-23 22:48:02,471] {dag.py:2371} INFO - Sync 1 DAGs
[2022-12-23 22:48:02,487] {logging_mixin.py:115} INFO - [2022-12-23 22:48:02,487] {dag.py:2919} INFO - Setting next_dagrun for example_dag_decorator to None, run_after=None
[2022-12-23 22:48:02,497] {processor.py:161} INFO - Processing /home/airflow/.local/lib/python3.7/site-packages/airflow/example_dags/example_dag_decorator.py took 0.075 seconds
[2022-12-23 22:48:32,588] {processor.py:153} INFO - Started process (PID=2886) to work on /home/airflow/.local/lib/python3.7/site-packages/airflow/example_dags/example_dag_decorator.py
[2022-12-23 22:48:32,589] {processor.py:641} INFO - Processing file /home/airflow/.local/lib/python3.7/site-packages/airflow/example_dags/example_dag_decorator.py for tasks to queue
[2022-12-23 22:48:32,590] {logging_mixin.py:115} INFO - [2022-12-23 22:48:32,590] {dagbag.py:507} INFO - Filling up the DagBag from /home/airflow/.local/lib/python3.7/site-packages/airflow/example_dags/example_dag_decorator.py
[2022-12-23 22:48:32,609] {processor.py:651} INFO - DAG(s) dict_keys(['example_dag_decorator']) retrieved from /home/airflow/.local/lib/python3.7/site-packages/airflow/example_dags/example_dag_decorator.py
[2022-12-23 22:48:32,659] {logging_mixin.py:115} INFO - [2022-12-23 22:48:32,659] {dag.py:2371} INFO - Sync 1 DAGs
[2022-12-23 22:48:32,673] {logging_mixin.py:115} INFO - [2022-12-23 22:48:32,673] {dag.py:2919} INFO - Setting next_dagrun for example_dag_decorator to None, run_after=None
[2022-12-23 22:48:32,683] {processor.py:161} INFO - Processing /home/airflow/.local/lib/python3.7/site-packages/airflow/example_dags/example_dag_decorator.py took 0.098 seconds
[2022-12-23 22:49:02,980] {processor.py:153} INFO - Started process (PID=3089) to work on /home/airflow/.local/lib/python3.7/site-packages/airflow/example_dags/example_dag_decorator.py
[2022-12-23 22:49:02,981] {processor.py:641} INFO - Processing file /home/airflow/.local/lib/python3.7/site-packages/airflow/example_dags/example_dag_decorator.py for tasks to queue
[2022-12-23 22:49:02,982] {logging_mixin.py:115} INFO - [2022-12-23 22:49:02,982] {dagbag.py:507} INFO - Filling up the DagBag from /home/airflow/.local/lib/python3.7/site-packages/airflow/example_dags/example_dag_decorator.py
[2022-12-23 22:49:03,000] {processor.py:651} INFO - DAG(s) dict_keys(['example_dag_decorator']) retrieved from /home/airflow/.local/lib/python3.7/site-packages/airflow/example_dags/example_dag_decorator.py
[2022-12-23 22:49:03,046] {logging_mixin.py:115} INFO - [2022-12-23 22:49:03,046] {dag.py:2371} INFO - Sync 1 DAGs
[2022-12-23 22:49:03,060] {logging_mixin.py:115} INFO - [2022-12-23 22:49:03,060] {dag.py:2919} INFO - Setting next_dagrun for example_dag_decorator to None, run_after=None
[2022-12-23 22:49:03,070] {processor.py:161} INFO - Processing /home/airflow/.local/lib/python3.7/site-packages/airflow/example_dags/example_dag_decorator.py took 0.093 seconds
[2022-12-23 22:49:33,127] {processor.py:153} INFO - Started process (PID=3284) to work on /home/airflow/.local/lib/python3.7/site-packages/airflow/example_dags/example_dag_decorator.py
[2022-12-23 22:49:33,129] {processor.py:641} INFO - Processing file /home/airflow/.local/lib/python3.7/site-packages/airflow/example_dags/example_dag_decorator.py for tasks to queue
[2022-12-23 22:49:33,130] {logging_mixin.py:115} INFO - [2022-12-23 22:49:33,129] {dagbag.py:507} INFO - Filling up the DagBag from /home/airflow/.local/lib/python3.7/site-packages/airflow/example_dags/example_dag_decorator.py
[2022-12-23 22:49:33,153] {processor.py:651} INFO - DAG(s) dict_keys(['example_dag_decorator']) retrieved from /home/airflow/.local/lib/python3.7/site-packages/airflow/example_dags/example_dag_decorator.py
[2022-12-23 22:49:33,212] {logging_mixin.py:115} INFO - [2022-12-23 22:49:33,212] {dag.py:2371} INFO - Sync 1 DAGs
[2022-12-23 22:49:33,230] {logging_mixin.py:115} INFO - [2022-12-23 22:49:33,230] {dag.py:2919} INFO - Setting next_dagrun for example_dag_decorator to None, run_after=None
[2022-12-23 22:49:33,241] {processor.py:161} INFO - Processing /home/airflow/.local/lib/python3.7/site-packages/airflow/example_dags/example_dag_decorator.py took 0.117 seconds
[2022-12-23 22:50:03,294] {processor.py:153} INFO - Started process (PID=3488) to work on /home/airflow/.local/lib/python3.7/site-packages/airflow/example_dags/example_dag_decorator.py
[2022-12-23 22:50:03,295] {processor.py:641} INFO - Processing file /home/airflow/.local/lib/python3.7/site-packages/airflow/example_dags/example_dag_decorator.py for tasks to queue
[2022-12-23 22:50:03,296] {logging_mixin.py:115} INFO - [2022-12-23 22:50:03,296] {dagbag.py:507} INFO - Filling up the DagBag from /home/airflow/.local/lib/python3.7/site-packages/airflow/example_dags/example_dag_decorator.py
[2022-12-23 22:50:03,313] {processor.py:651} INFO - DAG(s) dict_keys(['example_dag_decorator']) retrieved from /home/airflow/.local/lib/python3.7/site-packages/airflow/example_dags/example_dag_decorator.py
[2022-12-23 22:50:03,363] {logging_mixin.py:115} INFO - [2022-12-23 22:50:03,363] {dag.py:2371} INFO - Sync 1 DAGs
[2022-12-23 22:50:03,377] {logging_mixin.py:115} INFO - [2022-12-23 22:50:03,377] {dag.py:2919} INFO - Setting next_dagrun for example_dag_decorator to None, run_after=None
[2022-12-23 22:50:03,387] {processor.py:161} INFO - Processing /home/airflow/.local/lib/python3.7/site-packages/airflow/example_dags/example_dag_decorator.py took 0.095 seconds
[2022-12-23 22:50:33,462] {processor.py:153} INFO - Started process (PID=3690) to work on /home/airflow/.local/lib/python3.7/site-packages/airflow/example_dags/example_dag_decorator.py
[2022-12-23 22:50:33,463] {processor.py:641} INFO - Processing file /home/airflow/.local/lib/python3.7/site-packages/airflow/example_dags/example_dag_decorator.py for tasks to queue
[2022-12-23 22:50:33,464] {logging_mixin.py:115} INFO - [2022-12-23 22:50:33,464] {dagbag.py:507} INFO - Filling up the DagBag from /home/airflow/.local/lib/python3.7/site-packages/airflow/example_dags/example_dag_decorator.py
[2022-12-23 22:50:33,484] {processor.py:651} INFO - DAG(s) dict_keys(['example_dag_decorator']) retrieved from /home/airflow/.local/lib/python3.7/site-packages/airflow/example_dags/example_dag_decorator.py
[2022-12-23 22:50:33,533] {logging_mixin.py:115} INFO - [2022-12-23 22:50:33,533] {dag.py:2371} INFO - Sync 1 DAGs
[2022-12-23 22:50:33,548] {logging_mixin.py:115} INFO - [2022-12-23 22:50:33,548] {dag.py:2919} INFO - Setting next_dagrun for example_dag_decorator to None, run_after=None
[2022-12-23 22:50:33,557] {processor.py:161} INFO - Processing /home/airflow/.local/lib/python3.7/site-packages/airflow/example_dags/example_dag_decorator.py took 0.098 seconds
[2022-12-23 22:51:03,931] {processor.py:153} INFO - Started process (PID=3893) to work on /home/airflow/.local/lib/python3.7/site-packages/airflow/example_dags/example_dag_decorator.py
[2022-12-23 22:51:03,932] {processor.py:641} INFO - Processing file /home/airflow/.local/lib/python3.7/site-packages/airflow/example_dags/example_dag_decorator.py for tasks to queue
[2022-12-23 22:51:03,933] {logging_mixin.py:115} INFO - [2022-12-23 22:51:03,933] {dagbag.py:507} INFO - Filling up the DagBag from /home/airflow/.local/lib/python3.7/site-packages/airflow/example_dags/example_dag_decorator.py
[2022-12-23 22:51:03,951] {processor.py:651} INFO - DAG(s) dict_keys(['example_dag_decorator']) retrieved from /home/airflow/.local/lib/python3.7/site-packages/airflow/example_dags/example_dag_decorator.py
[2022-12-23 22:51:03,973] {logging_mixin.py:115} INFO - [2022-12-23 22:51:03,973] {dag.py:2371} INFO - Sync 1 DAGs
[2022-12-23 22:51:03,988] {logging_mixin.py:115} INFO - [2022-12-23 22:51:03,987] {dag.py:2919} INFO - Setting next_dagrun for example_dag_decorator to None, run_after=None
[2022-12-23 22:51:03,996] {processor.py:161} INFO - Processing /home/airflow/.local/lib/python3.7/site-packages/airflow/example_dags/example_dag_decorator.py took 0.068 seconds
[2022-12-23 22:51:34,975] {processor.py:153} INFO - Started process (PID=4099) to work on /home/airflow/.local/lib/python3.7/site-packages/airflow/example_dags/example_dag_decorator.py
[2022-12-23 22:51:34,976] {processor.py:641} INFO - Processing file /home/airflow/.local/lib/python3.7/site-packages/airflow/example_dags/example_dag_decorator.py for tasks to queue
[2022-12-23 22:51:34,977] {logging_mixin.py:115} INFO - [2022-12-23 22:51:34,977] {dagbag.py:507} INFO - Filling up the DagBag from /home/airflow/.local/lib/python3.7/site-packages/airflow/example_dags/example_dag_decorator.py
[2022-12-23 22:51:35,003] {processor.py:651} INFO - DAG(s) dict_keys(['example_dag_decorator']) retrieved from /home/airflow/.local/lib/python3.7/site-packages/airflow/example_dags/example_dag_decorator.py
[2022-12-23 22:51:35,051] {logging_mixin.py:115} INFO - [2022-12-23 22:51:35,051] {dag.py:2371} INFO - Sync 1 DAGs
[2022-12-23 22:51:35,065] {logging_mixin.py:115} INFO - [2022-12-23 22:51:35,065] {dag.py:2919} INFO - Setting next_dagrun for example_dag_decorator to None, run_after=None
[2022-12-23 22:51:35,074] {processor.py:161} INFO - Processing /home/airflow/.local/lib/python3.7/site-packages/airflow/example_dags/example_dag_decorator.py took 0.103 seconds
[2022-12-23 22:52:05,113] {processor.py:153} INFO - Started process (PID=4299) to work on /home/airflow/.local/lib/python3.7/site-packages/airflow/example_dags/example_dag_decorator.py
[2022-12-23 22:52:05,114] {processor.py:641} INFO - Processing file /home/airflow/.local/lib/python3.7/site-packages/airflow/example_dags/example_dag_decorator.py for tasks to queue
[2022-12-23 22:52:05,115] {logging_mixin.py:115} INFO - [2022-12-23 22:52:05,115] {dagbag.py:507} INFO - Filling up the DagBag from /home/airflow/.local/lib/python3.7/site-packages/airflow/example_dags/example_dag_decorator.py
[2022-12-23 22:52:05,132] {processor.py:651} INFO - DAG(s) dict_keys(['example_dag_decorator']) retrieved from /home/airflow/.local/lib/python3.7/site-packages/airflow/example_dags/example_dag_decorator.py
[2022-12-23 22:52:05,180] {logging_mixin.py:115} INFO - [2022-12-23 22:52:05,180] {dag.py:2371} INFO - Sync 1 DAGs
[2022-12-23 22:52:05,194] {logging_mixin.py:115} INFO - [2022-12-23 22:52:05,194] {dag.py:2919} INFO - Setting next_dagrun for example_dag_decorator to None, run_after=None
[2022-12-23 22:52:05,203] {processor.py:161} INFO - Processing /home/airflow/.local/lib/python3.7/site-packages/airflow/example_dags/example_dag_decorator.py took 0.092 seconds
[2022-12-23 22:52:35,275] {processor.py:153} INFO - Started process (PID=4502) to work on /home/airflow/.local/lib/python3.7/site-packages/airflow/example_dags/example_dag_decorator.py
[2022-12-23 22:52:35,276] {processor.py:641} INFO - Processing file /home/airflow/.local/lib/python3.7/site-packages/airflow/example_dags/example_dag_decorator.py for tasks to queue
[2022-12-23 22:52:35,277] {logging_mixin.py:115} INFO - [2022-12-23 22:52:35,277] {dagbag.py:507} INFO - Filling up the DagBag from /home/airflow/.local/lib/python3.7/site-packages/airflow/example_dags/example_dag_decorator.py
[2022-12-23 22:52:35,295] {processor.py:651} INFO - DAG(s) dict_keys(['example_dag_decorator']) retrieved from /home/airflow/.local/lib/python3.7/site-packages/airflow/example_dags/example_dag_decorator.py
[2022-12-23 22:52:35,342] {logging_mixin.py:115} INFO - [2022-12-23 22:52:35,342] {dag.py:2371} INFO - Sync 1 DAGs
[2022-12-23 22:52:35,359] {logging_mixin.py:115} INFO - [2022-12-23 22:52:35,359] {dag.py:2919} INFO - Setting next_dagrun for example_dag_decorator to None, run_after=None
[2022-12-23 22:52:35,369] {processor.py:161} INFO - Processing /home/airflow/.local/lib/python3.7/site-packages/airflow/example_dags/example_dag_decorator.py took 0.097 seconds
[2022-12-23 22:53:05,945] {processor.py:153} INFO - Started process (PID=4712) to work on /home/airflow/.local/lib/python3.7/site-packages/airflow/example_dags/example_dag_decorator.py
[2022-12-23 22:53:05,947] {processor.py:641} INFO - Processing file /home/airflow/.local/lib/python3.7/site-packages/airflow/example_dags/example_dag_decorator.py for tasks to queue
[2022-12-23 22:53:05,948] {logging_mixin.py:115} INFO - [2022-12-23 22:53:05,948] {dagbag.py:507} INFO - Filling up the DagBag from /home/airflow/.local/lib/python3.7/site-packages/airflow/example_dags/example_dag_decorator.py
[2022-12-23 22:53:05,967] {processor.py:651} INFO - DAG(s) dict_keys(['example_dag_decorator']) retrieved from /home/airflow/.local/lib/python3.7/site-packages/airflow/example_dags/example_dag_decorator.py
[2022-12-23 22:53:06,018] {logging_mixin.py:115} INFO - [2022-12-23 22:53:06,018] {dag.py:2371} INFO - Sync 1 DAGs
[2022-12-23 22:53:06,033] {logging_mixin.py:115} INFO - [2022-12-23 22:53:06,033] {dag.py:2919} INFO - Setting next_dagrun for example_dag_decorator to None, run_after=None
[2022-12-23 22:53:06,042] {processor.py:161} INFO - Processing /home/airflow/.local/lib/python3.7/site-packages/airflow/example_dags/example_dag_decorator.py took 0.102 seconds
[2022-12-23 22:53:37,012] {processor.py:153} INFO - Started process (PID=4914) to work on /home/airflow/.local/lib/python3.7/site-packages/airflow/example_dags/example_dag_decorator.py
[2022-12-23 22:53:37,013] {processor.py:641} INFO - Processing file /home/airflow/.local/lib/python3.7/site-packages/airflow/example_dags/example_dag_decorator.py for tasks to queue
[2022-12-23 22:53:37,014] {logging_mixin.py:115} INFO - [2022-12-23 22:53:37,014] {dagbag.py:507} INFO - Filling up the DagBag from /home/airflow/.local/lib/python3.7/site-packages/airflow/example_dags/example_dag_decorator.py
[2022-12-23 22:53:37,045] {processor.py:651} INFO - DAG(s) dict_keys(['example_dag_decorator']) retrieved from /home/airflow/.local/lib/python3.7/site-packages/airflow/example_dags/example_dag_decorator.py
[2022-12-23 22:53:37,176] {logging_mixin.py:115} INFO - [2022-12-23 22:53:37,176] {dag.py:2371} INFO - Sync 1 DAGs
[2022-12-23 22:53:37,195] {logging_mixin.py:115} INFO - [2022-12-23 22:53:37,195] {dag.py:2919} INFO - Setting next_dagrun for example_dag_decorator to None, run_after=None
[2022-12-23 22:53:37,205] {processor.py:161} INFO - Processing /home/airflow/.local/lib/python3.7/site-packages/airflow/example_dags/example_dag_decorator.py took 0.196 seconds
[2022-12-23 22:54:07,430] {processor.py:153} INFO - Started process (PID=5107) to work on /home/airflow/.local/lib/python3.7/site-packages/airflow/example_dags/example_dag_decorator.py
[2022-12-23 22:54:07,431] {processor.py:641} INFO - Processing file /home/airflow/.local/lib/python3.7/site-packages/airflow/example_dags/example_dag_decorator.py for tasks to queue
[2022-12-23 22:54:07,432] {logging_mixin.py:115} INFO - [2022-12-23 22:54:07,432] {dagbag.py:507} INFO - Filling up the DagBag from /home/airflow/.local/lib/python3.7/site-packages/airflow/example_dags/example_dag_decorator.py
[2022-12-23 22:54:07,450] {processor.py:651} INFO - DAG(s) dict_keys(['example_dag_decorator']) retrieved from /home/airflow/.local/lib/python3.7/site-packages/airflow/example_dags/example_dag_decorator.py
[2022-12-23 22:54:07,495] {logging_mixin.py:115} INFO - [2022-12-23 22:54:07,494] {dag.py:2371} INFO - Sync 1 DAGs
[2022-12-23 22:54:07,508] {logging_mixin.py:115} INFO - [2022-12-23 22:54:07,508] {dag.py:2919} INFO - Setting next_dagrun for example_dag_decorator to None, run_after=None
[2022-12-23 22:54:07,518] {processor.py:161} INFO - Processing /home/airflow/.local/lib/python3.7/site-packages/airflow/example_dags/example_dag_decorator.py took 0.090 seconds
[2022-12-23 22:54:37,805] {processor.py:153} INFO - Started process (PID=5317) to work on /home/airflow/.local/lib/python3.7/site-packages/airflow/example_dags/example_dag_decorator.py
[2022-12-23 22:54:37,806] {processor.py:641} INFO - Processing file /home/airflow/.local/lib/python3.7/site-packages/airflow/example_dags/example_dag_decorator.py for tasks to queue
[2022-12-23 22:54:37,809] {logging_mixin.py:115} INFO - [2022-12-23 22:54:37,808] {dagbag.py:507} INFO - Filling up the DagBag from /home/airflow/.local/lib/python3.7/site-packages/airflow/example_dags/example_dag_decorator.py
[2022-12-23 22:54:37,841] {processor.py:651} INFO - DAG(s) dict_keys(['example_dag_decorator']) retrieved from /home/airflow/.local/lib/python3.7/site-packages/airflow/example_dags/example_dag_decorator.py
[2022-12-23 22:54:37,901] {logging_mixin.py:115} INFO - [2022-12-23 22:54:37,901] {dag.py:2371} INFO - Sync 1 DAGs
[2022-12-23 22:54:37,935] {logging_mixin.py:115} INFO - [2022-12-23 22:54:37,935] {dag.py:2919} INFO - Setting next_dagrun for example_dag_decorator to None, run_after=None
[2022-12-23 22:54:37,952] {processor.py:161} INFO - Processing /home/airflow/.local/lib/python3.7/site-packages/airflow/example_dags/example_dag_decorator.py took 0.151 seconds
[2022-12-23 22:55:08,059] {processor.py:153} INFO - Started process (PID=5522) to work on /home/airflow/.local/lib/python3.7/site-packages/airflow/example_dags/example_dag_decorator.py
[2022-12-23 22:55:08,060] {processor.py:641} INFO - Processing file /home/airflow/.local/lib/python3.7/site-packages/airflow/example_dags/example_dag_decorator.py for tasks to queue
[2022-12-23 22:55:08,061] {logging_mixin.py:115} INFO - [2022-12-23 22:55:08,061] {dagbag.py:507} INFO - Filling up the DagBag from /home/airflow/.local/lib/python3.7/site-packages/airflow/example_dags/example_dag_decorator.py
[2022-12-23 22:55:08,079] {processor.py:651} INFO - DAG(s) dict_keys(['example_dag_decorator']) retrieved from /home/airflow/.local/lib/python3.7/site-packages/airflow/example_dags/example_dag_decorator.py
[2022-12-23 22:55:08,102] {logging_mixin.py:115} INFO - [2022-12-23 22:55:08,102] {dag.py:2371} INFO - Sync 1 DAGs
[2022-12-23 22:55:08,117] {logging_mixin.py:115} INFO - [2022-12-23 22:55:08,117] {dag.py:2919} INFO - Setting next_dagrun for example_dag_decorator to None, run_after=None
[2022-12-23 22:55:08,125] {processor.py:161} INFO - Processing /home/airflow/.local/lib/python3.7/site-packages/airflow/example_dags/example_dag_decorator.py took 0.070 seconds
[2022-12-23 22:55:38,214] {processor.py:153} INFO - Started process (PID=5726) to work on /home/airflow/.local/lib/python3.7/site-packages/airflow/example_dags/example_dag_decorator.py
[2022-12-23 22:55:38,216] {processor.py:641} INFO - Processing file /home/airflow/.local/lib/python3.7/site-packages/airflow/example_dags/example_dag_decorator.py for tasks to queue
[2022-12-23 22:55:38,217] {logging_mixin.py:115} INFO - [2022-12-23 22:55:38,217] {dagbag.py:507} INFO - Filling up the DagBag from /home/airflow/.local/lib/python3.7/site-packages/airflow/example_dags/example_dag_decorator.py
[2022-12-23 22:55:38,238] {processor.py:651} INFO - DAG(s) dict_keys(['example_dag_decorator']) retrieved from /home/airflow/.local/lib/python3.7/site-packages/airflow/example_dags/example_dag_decorator.py
[2022-12-23 22:55:38,261] {logging_mixin.py:115} INFO - [2022-12-23 22:55:38,261] {dag.py:2371} INFO - Sync 1 DAGs
[2022-12-23 22:55:38,282] {logging_mixin.py:115} INFO - [2022-12-23 22:55:38,281] {dag.py:2919} INFO - Setting next_dagrun for example_dag_decorator to None, run_after=None
[2022-12-23 22:55:38,290] {processor.py:161} INFO - Processing /home/airflow/.local/lib/python3.7/site-packages/airflow/example_dags/example_dag_decorator.py took 0.080 seconds
[2022-12-23 22:56:08,637] {processor.py:153} INFO - Started process (PID=5926) to work on /home/airflow/.local/lib/python3.7/site-packages/airflow/example_dags/example_dag_decorator.py
[2022-12-23 22:56:08,638] {processor.py:641} INFO - Processing file /home/airflow/.local/lib/python3.7/site-packages/airflow/example_dags/example_dag_decorator.py for tasks to queue
[2022-12-23 22:56:08,639] {logging_mixin.py:115} INFO - [2022-12-23 22:56:08,639] {dagbag.py:507} INFO - Filling up the DagBag from /home/airflow/.local/lib/python3.7/site-packages/airflow/example_dags/example_dag_decorator.py
[2022-12-23 22:56:08,659] {processor.py:651} INFO - DAG(s) dict_keys(['example_dag_decorator']) retrieved from /home/airflow/.local/lib/python3.7/site-packages/airflow/example_dags/example_dag_decorator.py
[2022-12-23 22:56:08,683] {logging_mixin.py:115} INFO - [2022-12-23 22:56:08,682] {dag.py:2371} INFO - Sync 1 DAGs
[2022-12-23 22:56:08,697] {logging_mixin.py:115} INFO - [2022-12-23 22:56:08,697] {dag.py:2919} INFO - Setting next_dagrun for example_dag_decorator to None, run_after=None
[2022-12-23 22:56:08,706] {processor.py:161} INFO - Processing /home/airflow/.local/lib/python3.7/site-packages/airflow/example_dags/example_dag_decorator.py took 0.072 seconds
[2022-12-23 22:56:38,888] {processor.py:153} INFO - Started process (PID=6132) to work on /home/airflow/.local/lib/python3.7/site-packages/airflow/example_dags/example_dag_decorator.py
[2022-12-23 22:56:38,890] {processor.py:641} INFO - Processing file /home/airflow/.local/lib/python3.7/site-packages/airflow/example_dags/example_dag_decorator.py for tasks to queue
[2022-12-23 22:56:38,892] {logging_mixin.py:115} INFO - [2022-12-23 22:56:38,892] {dagbag.py:507} INFO - Filling up the DagBag from /home/airflow/.local/lib/python3.7/site-packages/airflow/example_dags/example_dag_decorator.py
[2022-12-23 22:56:38,928] {processor.py:651} INFO - DAG(s) dict_keys(['example_dag_decorator']) retrieved from /home/airflow/.local/lib/python3.7/site-packages/airflow/example_dags/example_dag_decorator.py
[2022-12-23 22:56:38,990] {logging_mixin.py:115} INFO - [2022-12-23 22:56:38,990] {dag.py:2371} INFO - Sync 1 DAGs
[2022-12-23 22:56:39,011] {logging_mixin.py:115} INFO - [2022-12-23 22:56:39,010] {dag.py:2919} INFO - Setting next_dagrun for example_dag_decorator to None, run_after=None
[2022-12-23 22:56:39,029] {processor.py:161} INFO - Processing /home/airflow/.local/lib/python3.7/site-packages/airflow/example_dags/example_dag_decorator.py took 0.145 seconds
[2022-12-23 22:57:09,214] {processor.py:153} INFO - Started process (PID=6334) to work on /home/airflow/.local/lib/python3.7/site-packages/airflow/example_dags/example_dag_decorator.py
[2022-12-23 22:57:09,216] {processor.py:641} INFO - Processing file /home/airflow/.local/lib/python3.7/site-packages/airflow/example_dags/example_dag_decorator.py for tasks to queue
[2022-12-23 22:57:09,217] {logging_mixin.py:115} INFO - [2022-12-23 22:57:09,217] {dagbag.py:507} INFO - Filling up the DagBag from /home/airflow/.local/lib/python3.7/site-packages/airflow/example_dags/example_dag_decorator.py
[2022-12-23 22:57:09,235] {processor.py:651} INFO - DAG(s) dict_keys(['example_dag_decorator']) retrieved from /home/airflow/.local/lib/python3.7/site-packages/airflow/example_dags/example_dag_decorator.py
[2022-12-23 22:57:09,283] {logging_mixin.py:115} INFO - [2022-12-23 22:57:09,283] {dag.py:2371} INFO - Sync 1 DAGs
[2022-12-23 22:57:09,296] {logging_mixin.py:115} INFO - [2022-12-23 22:57:09,296] {dag.py:2919} INFO - Setting next_dagrun for example_dag_decorator to None, run_after=None
[2022-12-23 22:57:09,305] {processor.py:161} INFO - Processing /home/airflow/.local/lib/python3.7/site-packages/airflow/example_dags/example_dag_decorator.py took 0.093 seconds
[2022-12-23 22:57:39,439] {processor.py:153} INFO - Started process (PID=6537) to work on /home/airflow/.local/lib/python3.7/site-packages/airflow/example_dags/example_dag_decorator.py
[2022-12-23 22:57:39,441] {processor.py:641} INFO - Processing file /home/airflow/.local/lib/python3.7/site-packages/airflow/example_dags/example_dag_decorator.py for tasks to queue
[2022-12-23 22:57:39,442] {logging_mixin.py:115} INFO - [2022-12-23 22:57:39,442] {dagbag.py:507} INFO - Filling up the DagBag from /home/airflow/.local/lib/python3.7/site-packages/airflow/example_dags/example_dag_decorator.py
[2022-12-23 22:57:39,461] {processor.py:651} INFO - DAG(s) dict_keys(['example_dag_decorator']) retrieved from /home/airflow/.local/lib/python3.7/site-packages/airflow/example_dags/example_dag_decorator.py
[2022-12-23 22:57:39,486] {logging_mixin.py:115} INFO - [2022-12-23 22:57:39,486] {dag.py:2371} INFO - Sync 1 DAGs
[2022-12-23 22:57:39,501] {logging_mixin.py:115} INFO - [2022-12-23 22:57:39,501] {dag.py:2919} INFO - Setting next_dagrun for example_dag_decorator to None, run_after=None
[2022-12-23 22:57:39,509] {processor.py:161} INFO - Processing /home/airflow/.local/lib/python3.7/site-packages/airflow/example_dags/example_dag_decorator.py took 0.073 seconds
[2022-12-23 22:58:09,956] {processor.py:153} INFO - Started process (PID=6733) to work on /home/airflow/.local/lib/python3.7/site-packages/airflow/example_dags/example_dag_decorator.py
[2022-12-23 22:58:09,957] {processor.py:641} INFO - Processing file /home/airflow/.local/lib/python3.7/site-packages/airflow/example_dags/example_dag_decorator.py for tasks to queue
[2022-12-23 22:58:09,958] {logging_mixin.py:115} INFO - [2022-12-23 22:58:09,958] {dagbag.py:507} INFO - Filling up the DagBag from /home/airflow/.local/lib/python3.7/site-packages/airflow/example_dags/example_dag_decorator.py
[2022-12-23 22:58:09,979] {processor.py:651} INFO - DAG(s) dict_keys(['example_dag_decorator']) retrieved from /home/airflow/.local/lib/python3.7/site-packages/airflow/example_dags/example_dag_decorator.py
[2022-12-23 22:58:10,002] {logging_mixin.py:115} INFO - [2022-12-23 22:58:10,002] {dag.py:2371} INFO - Sync 1 DAGs
[2022-12-23 22:58:10,017] {logging_mixin.py:115} INFO - [2022-12-23 22:58:10,017] {dag.py:2919} INFO - Setting next_dagrun for example_dag_decorator to None, run_after=None
[2022-12-23 22:58:10,026] {processor.py:161} INFO - Processing /home/airflow/.local/lib/python3.7/site-packages/airflow/example_dags/example_dag_decorator.py took 0.073 seconds
[2022-12-23 22:58:40,102] {processor.py:153} INFO - Started process (PID=6934) to work on /home/airflow/.local/lib/python3.7/site-packages/airflow/example_dags/example_dag_decorator.py
[2022-12-23 22:58:40,103] {processor.py:641} INFO - Processing file /home/airflow/.local/lib/python3.7/site-packages/airflow/example_dags/example_dag_decorator.py for tasks to queue
[2022-12-23 22:58:40,104] {logging_mixin.py:115} INFO - [2022-12-23 22:58:40,104] {dagbag.py:507} INFO - Filling up the DagBag from /home/airflow/.local/lib/python3.7/site-packages/airflow/example_dags/example_dag_decorator.py
[2022-12-23 22:58:40,121] {processor.py:651} INFO - DAG(s) dict_keys(['example_dag_decorator']) retrieved from /home/airflow/.local/lib/python3.7/site-packages/airflow/example_dags/example_dag_decorator.py
[2022-12-23 22:58:40,144] {logging_mixin.py:115} INFO - [2022-12-23 22:58:40,144] {dag.py:2371} INFO - Sync 1 DAGs
[2022-12-23 22:58:40,158] {logging_mixin.py:115} INFO - [2022-12-23 22:58:40,158] {dag.py:2919} INFO - Setting next_dagrun for example_dag_decorator to None, run_after=None
[2022-12-23 22:58:40,168] {processor.py:161} INFO - Processing /home/airflow/.local/lib/python3.7/site-packages/airflow/example_dags/example_dag_decorator.py took 0.069 seconds
[2022-12-23 22:59:10,228] {processor.py:153} INFO - Started process (PID=7136) to work on /home/airflow/.local/lib/python3.7/site-packages/airflow/example_dags/example_dag_decorator.py
[2022-12-23 22:59:10,229] {processor.py:641} INFO - Processing file /home/airflow/.local/lib/python3.7/site-packages/airflow/example_dags/example_dag_decorator.py for tasks to queue
[2022-12-23 22:59:10,229] {logging_mixin.py:115} INFO - [2022-12-23 22:59:10,229] {dagbag.py:507} INFO - Filling up the DagBag from /home/airflow/.local/lib/python3.7/site-packages/airflow/example_dags/example_dag_decorator.py
[2022-12-23 22:59:10,247] {processor.py:651} INFO - DAG(s) dict_keys(['example_dag_decorator']) retrieved from /home/airflow/.local/lib/python3.7/site-packages/airflow/example_dags/example_dag_decorator.py
[2022-12-23 22:59:10,270] {logging_mixin.py:115} INFO - [2022-12-23 22:59:10,270] {dag.py:2371} INFO - Sync 1 DAGs
[2022-12-23 22:59:10,286] {logging_mixin.py:115} INFO - [2022-12-23 22:59:10,285] {dag.py:2919} INFO - Setting next_dagrun for example_dag_decorator to None, run_after=None
[2022-12-23 22:59:10,296] {processor.py:161} INFO - Processing /home/airflow/.local/lib/python3.7/site-packages/airflow/example_dags/example_dag_decorator.py took 0.071 seconds
[2022-12-23 22:59:40,589] {processor.py:153} INFO - Started process (PID=7344) to work on /home/airflow/.local/lib/python3.7/site-packages/airflow/example_dags/example_dag_decorator.py
[2022-12-23 22:59:40,590] {processor.py:641} INFO - Processing file /home/airflow/.local/lib/python3.7/site-packages/airflow/example_dags/example_dag_decorator.py for tasks to queue
[2022-12-23 22:59:40,591] {logging_mixin.py:115} INFO - [2022-12-23 22:59:40,591] {dagbag.py:507} INFO - Filling up the DagBag from /home/airflow/.local/lib/python3.7/site-packages/airflow/example_dags/example_dag_decorator.py
[2022-12-23 22:59:40,609] {processor.py:651} INFO - DAG(s) dict_keys(['example_dag_decorator']) retrieved from /home/airflow/.local/lib/python3.7/site-packages/airflow/example_dags/example_dag_decorator.py
[2022-12-23 22:59:40,673] {logging_mixin.py:115} INFO - [2022-12-23 22:59:40,673] {dag.py:2371} INFO - Sync 1 DAGs
[2022-12-23 22:59:40,699] {logging_mixin.py:115} INFO - [2022-12-23 22:59:40,698] {dag.py:2919} INFO - Setting next_dagrun for example_dag_decorator to None, run_after=None
[2022-12-23 22:59:40,711] {processor.py:161} INFO - Processing /home/airflow/.local/lib/python3.7/site-packages/airflow/example_dags/example_dag_decorator.py took 0.125 seconds
[2022-12-23 23:00:10,783] {processor.py:153} INFO - Started process (PID=7539) to work on /home/airflow/.local/lib/python3.7/site-packages/airflow/example_dags/example_dag_decorator.py
[2022-12-23 23:00:10,785] {processor.py:641} INFO - Processing file /home/airflow/.local/lib/python3.7/site-packages/airflow/example_dags/example_dag_decorator.py for tasks to queue
[2022-12-23 23:00:10,786] {logging_mixin.py:115} INFO - [2022-12-23 23:00:10,786] {dagbag.py:507} INFO - Filling up the DagBag from /home/airflow/.local/lib/python3.7/site-packages/airflow/example_dags/example_dag_decorator.py
[2022-12-23 23:00:10,805] {processor.py:651} INFO - DAG(s) dict_keys(['example_dag_decorator']) retrieved from /home/airflow/.local/lib/python3.7/site-packages/airflow/example_dags/example_dag_decorator.py
[2022-12-23 23:00:10,830] {logging_mixin.py:115} INFO - [2022-12-23 23:00:10,830] {dag.py:2371} INFO - Sync 1 DAGs
[2022-12-23 23:00:10,845] {logging_mixin.py:115} INFO - [2022-12-23 23:00:10,845] {dag.py:2919} INFO - Setting next_dagrun for example_dag_decorator to None, run_after=None
[2022-12-23 23:00:10,855] {processor.py:161} INFO - Processing /home/airflow/.local/lib/python3.7/site-packages/airflow/example_dags/example_dag_decorator.py took 0.075 seconds
[2022-12-23 23:00:41,236] {processor.py:153} INFO - Started process (PID=7745) to work on /home/airflow/.local/lib/python3.7/site-packages/airflow/example_dags/example_dag_decorator.py
[2022-12-23 23:00:41,237] {processor.py:641} INFO - Processing file /home/airflow/.local/lib/python3.7/site-packages/airflow/example_dags/example_dag_decorator.py for tasks to queue
[2022-12-23 23:00:41,238] {logging_mixin.py:115} INFO - [2022-12-23 23:00:41,238] {dagbag.py:507} INFO - Filling up the DagBag from /home/airflow/.local/lib/python3.7/site-packages/airflow/example_dags/example_dag_decorator.py
[2022-12-23 23:00:41,256] {processor.py:651} INFO - DAG(s) dict_keys(['example_dag_decorator']) retrieved from /home/airflow/.local/lib/python3.7/site-packages/airflow/example_dags/example_dag_decorator.py
[2022-12-23 23:00:41,303] {logging_mixin.py:115} INFO - [2022-12-23 23:00:41,303] {dag.py:2371} INFO - Sync 1 DAGs
[2022-12-23 23:00:41,317] {logging_mixin.py:115} INFO - [2022-12-23 23:00:41,317] {dag.py:2919} INFO - Setting next_dagrun for example_dag_decorator to None, run_after=None
[2022-12-23 23:00:41,328] {processor.py:161} INFO - Processing /home/airflow/.local/lib/python3.7/site-packages/airflow/example_dags/example_dag_decorator.py took 0.095 seconds
[2022-12-23 23:01:11,387] {processor.py:153} INFO - Started process (PID=7946) to work on /home/airflow/.local/lib/python3.7/site-packages/airflow/example_dags/example_dag_decorator.py
[2022-12-23 23:01:11,388] {processor.py:641} INFO - Processing file /home/airflow/.local/lib/python3.7/site-packages/airflow/example_dags/example_dag_decorator.py for tasks to queue
[2022-12-23 23:01:11,389] {logging_mixin.py:115} INFO - [2022-12-23 23:01:11,389] {dagbag.py:507} INFO - Filling up the DagBag from /home/airflow/.local/lib/python3.7/site-packages/airflow/example_dags/example_dag_decorator.py
[2022-12-23 23:01:11,408] {processor.py:651} INFO - DAG(s) dict_keys(['example_dag_decorator']) retrieved from /home/airflow/.local/lib/python3.7/site-packages/airflow/example_dags/example_dag_decorator.py
[2022-12-23 23:01:11,458] {logging_mixin.py:115} INFO - [2022-12-23 23:01:11,458] {dag.py:2371} INFO - Sync 1 DAGs
[2022-12-23 23:01:11,471] {logging_mixin.py:115} INFO - [2022-12-23 23:01:11,470] {dag.py:2919} INFO - Setting next_dagrun for example_dag_decorator to None, run_after=None
[2022-12-23 23:01:11,481] {processor.py:161} INFO - Processing /home/airflow/.local/lib/python3.7/site-packages/airflow/example_dags/example_dag_decorator.py took 0.097 seconds
[2022-12-23 23:03:26,354] {processor.py:153} INFO - Started process (PID=63) to work on /home/airflow/.local/lib/python3.7/site-packages/airflow/example_dags/example_dag_decorator.py
[2022-12-23 23:03:26,356] {processor.py:641} INFO - Processing file /home/airflow/.local/lib/python3.7/site-packages/airflow/example_dags/example_dag_decorator.py for tasks to queue
[2022-12-23 23:03:26,357] {logging_mixin.py:115} INFO - [2022-12-23 23:03:26,357] {dagbag.py:507} INFO - Filling up the DagBag from /home/airflow/.local/lib/python3.7/site-packages/airflow/example_dags/example_dag_decorator.py
[2022-12-23 23:03:26,393] {processor.py:651} INFO - DAG(s) dict_keys(['example_dag_decorator']) retrieved from /home/airflow/.local/lib/python3.7/site-packages/airflow/example_dags/example_dag_decorator.py
[2022-12-23 23:03:26,646] {logging_mixin.py:115} INFO - [2022-12-23 23:03:26,646] {manager.py:508} INFO - Created Permission View: can read on DAG:example_dag_decorator
[2022-12-23 23:03:26,655] {logging_mixin.py:115} INFO - [2022-12-23 23:03:26,655] {manager.py:508} INFO - Created Permission View: can edit on DAG:example_dag_decorator
[2022-12-23 23:03:26,665] {logging_mixin.py:115} INFO - [2022-12-23 23:03:26,665] {manager.py:508} INFO - Created Permission View: can delete on DAG:example_dag_decorator
[2022-12-23 23:03:26,666] {logging_mixin.py:115} INFO - [2022-12-23 23:03:26,666] {dag.py:2371} INFO - Sync 1 DAGs
[2022-12-23 23:03:26,671] {logging_mixin.py:115} INFO - [2022-12-23 23:03:26,671] {dag.py:2390} INFO - Creating ORM DAG for example_dag_decorator
[2022-12-23 23:03:26,686] {logging_mixin.py:115} INFO - [2022-12-23 23:03:26,686] {dag.py:2919} INFO - Setting next_dagrun for example_dag_decorator to None, run_after=None
[2022-12-23 23:03:26,704] {processor.py:161} INFO - Processing /home/airflow/.local/lib/python3.7/site-packages/airflow/example_dags/example_dag_decorator.py took 0.354 seconds
[2022-12-23 23:03:56,828] {processor.py:153} INFO - Started process (PID=126) to work on /home/airflow/.local/lib/python3.7/site-packages/airflow/example_dags/example_dag_decorator.py
[2022-12-23 23:03:56,829] {processor.py:641} INFO - Processing file /home/airflow/.local/lib/python3.7/site-packages/airflow/example_dags/example_dag_decorator.py for tasks to queue
[2022-12-23 23:03:56,830] {logging_mixin.py:115} INFO - [2022-12-23 23:03:56,830] {dagbag.py:507} INFO - Filling up the DagBag from /home/airflow/.local/lib/python3.7/site-packages/airflow/example_dags/example_dag_decorator.py
[2022-12-23 23:03:56,848] {processor.py:651} INFO - DAG(s) dict_keys(['example_dag_decorator']) retrieved from /home/airflow/.local/lib/python3.7/site-packages/airflow/example_dags/example_dag_decorator.py
[2022-12-23 23:03:57,004] {logging_mixin.py:115} INFO - [2022-12-23 23:03:57,004] {dag.py:2371} INFO - Sync 1 DAGs
[2022-12-23 23:03:57,019] {logging_mixin.py:115} INFO - [2022-12-23 23:03:57,019] {dag.py:2919} INFO - Setting next_dagrun for example_dag_decorator to None, run_after=None
[2022-12-23 23:03:57,029] {processor.py:161} INFO - Processing /home/airflow/.local/lib/python3.7/site-packages/airflow/example_dags/example_dag_decorator.py took 0.204 seconds
[2022-12-23 23:04:27,252] {processor.py:153} INFO - Started process (PID=180) to work on /home/airflow/.local/lib/python3.7/site-packages/airflow/example_dags/example_dag_decorator.py
[2022-12-23 23:04:27,253] {processor.py:641} INFO - Processing file /home/airflow/.local/lib/python3.7/site-packages/airflow/example_dags/example_dag_decorator.py for tasks to queue
[2022-12-23 23:04:27,254] {logging_mixin.py:115} INFO - [2022-12-23 23:04:27,254] {dagbag.py:507} INFO - Filling up the DagBag from /home/airflow/.local/lib/python3.7/site-packages/airflow/example_dags/example_dag_decorator.py
[2022-12-23 23:04:27,273] {processor.py:651} INFO - DAG(s) dict_keys(['example_dag_decorator']) retrieved from /home/airflow/.local/lib/python3.7/site-packages/airflow/example_dags/example_dag_decorator.py
[2022-12-23 23:04:27,426] {logging_mixin.py:115} INFO - [2022-12-23 23:04:27,425] {dag.py:2371} INFO - Sync 1 DAGs
[2022-12-23 23:04:27,437] {logging_mixin.py:115} INFO - [2022-12-23 23:04:27,437] {dag.py:2919} INFO - Setting next_dagrun for example_dag_decorator to None, run_after=None
[2022-12-23 23:04:27,445] {processor.py:161} INFO - Processing /home/airflow/.local/lib/python3.7/site-packages/airflow/example_dags/example_dag_decorator.py took 0.196 seconds
[2022-12-23 23:04:57,565] {processor.py:153} INFO - Started process (PID=243) to work on /home/airflow/.local/lib/python3.7/site-packages/airflow/example_dags/example_dag_decorator.py
[2022-12-23 23:04:57,567] {processor.py:641} INFO - Processing file /home/airflow/.local/lib/python3.7/site-packages/airflow/example_dags/example_dag_decorator.py for tasks to queue
[2022-12-23 23:04:57,568] {logging_mixin.py:115} INFO - [2022-12-23 23:04:57,568] {dagbag.py:507} INFO - Filling up the DagBag from /home/airflow/.local/lib/python3.7/site-packages/airflow/example_dags/example_dag_decorator.py
[2022-12-23 23:04:57,585] {processor.py:651} INFO - DAG(s) dict_keys(['example_dag_decorator']) retrieved from /home/airflow/.local/lib/python3.7/site-packages/airflow/example_dags/example_dag_decorator.py
[2022-12-23 23:04:57,736] {logging_mixin.py:115} INFO - [2022-12-23 23:04:57,736] {dag.py:2371} INFO - Sync 1 DAGs
[2022-12-23 23:04:57,748] {logging_mixin.py:115} INFO - [2022-12-23 23:04:57,748] {dag.py:2919} INFO - Setting next_dagrun for example_dag_decorator to None, run_after=None
[2022-12-23 23:04:57,757] {processor.py:161} INFO - Processing /home/airflow/.local/lib/python3.7/site-packages/airflow/example_dags/example_dag_decorator.py took 0.194 seconds
[2022-12-23 23:05:27,841] {processor.py:153} INFO - Started process (PID=306) to work on /home/airflow/.local/lib/python3.7/site-packages/airflow/example_dags/example_dag_decorator.py
[2022-12-23 23:05:27,842] {processor.py:641} INFO - Processing file /home/airflow/.local/lib/python3.7/site-packages/airflow/example_dags/example_dag_decorator.py for tasks to queue
[2022-12-23 23:05:27,843] {logging_mixin.py:115} INFO - [2022-12-23 23:05:27,843] {dagbag.py:507} INFO - Filling up the DagBag from /home/airflow/.local/lib/python3.7/site-packages/airflow/example_dags/example_dag_decorator.py
[2022-12-23 23:05:27,865] {processor.py:651} INFO - DAG(s) dict_keys(['example_dag_decorator']) retrieved from /home/airflow/.local/lib/python3.7/site-packages/airflow/example_dags/example_dag_decorator.py
[2022-12-23 23:05:28,023] {logging_mixin.py:115} INFO - [2022-12-23 23:05:28,023] {dag.py:2371} INFO - Sync 1 DAGs
[2022-12-23 23:05:28,045] {logging_mixin.py:115} INFO - [2022-12-23 23:05:28,045] {dag.py:2919} INFO - Setting next_dagrun for example_dag_decorator to None, run_after=None
[2022-12-23 23:05:28,055] {processor.py:161} INFO - Processing /home/airflow/.local/lib/python3.7/site-packages/airflow/example_dags/example_dag_decorator.py took 0.217 seconds
[2022-12-23 23:05:58,364] {processor.py:153} INFO - Started process (PID=369) to work on /home/airflow/.local/lib/python3.7/site-packages/airflow/example_dags/example_dag_decorator.py
[2022-12-23 23:05:58,365] {processor.py:641} INFO - Processing file /home/airflow/.local/lib/python3.7/site-packages/airflow/example_dags/example_dag_decorator.py for tasks to queue
[2022-12-23 23:05:58,366] {logging_mixin.py:115} INFO - [2022-12-23 23:05:58,366] {dagbag.py:507} INFO - Filling up the DagBag from /home/airflow/.local/lib/python3.7/site-packages/airflow/example_dags/example_dag_decorator.py
[2022-12-23 23:05:58,384] {processor.py:651} INFO - DAG(s) dict_keys(['example_dag_decorator']) retrieved from /home/airflow/.local/lib/python3.7/site-packages/airflow/example_dags/example_dag_decorator.py
[2022-12-23 23:05:58,538] {logging_mixin.py:115} INFO - [2022-12-23 23:05:58,538] {dag.py:2371} INFO - Sync 1 DAGs
[2022-12-23 23:05:58,550] {logging_mixin.py:115} INFO - [2022-12-23 23:05:58,550] {dag.py:2919} INFO - Setting next_dagrun for example_dag_decorator to None, run_after=None
[2022-12-23 23:05:58,559] {processor.py:161} INFO - Processing /home/airflow/.local/lib/python3.7/site-packages/airflow/example_dags/example_dag_decorator.py took 0.199 seconds
[2022-12-23 23:06:28,766] {processor.py:153} INFO - Started process (PID=432) to work on /home/airflow/.local/lib/python3.7/site-packages/airflow/example_dags/example_dag_decorator.py
[2022-12-23 23:06:28,767] {processor.py:641} INFO - Processing file /home/airflow/.local/lib/python3.7/site-packages/airflow/example_dags/example_dag_decorator.py for tasks to queue
[2022-12-23 23:06:28,768] {logging_mixin.py:115} INFO - [2022-12-23 23:06:28,768] {dagbag.py:507} INFO - Filling up the DagBag from /home/airflow/.local/lib/python3.7/site-packages/airflow/example_dags/example_dag_decorator.py
[2022-12-23 23:06:28,787] {processor.py:651} INFO - DAG(s) dict_keys(['example_dag_decorator']) retrieved from /home/airflow/.local/lib/python3.7/site-packages/airflow/example_dags/example_dag_decorator.py
[2022-12-23 23:06:28,952] {logging_mixin.py:115} INFO - [2022-12-23 23:06:28,952] {dag.py:2371} INFO - Sync 1 DAGs
[2022-12-23 23:06:28,964] {logging_mixin.py:115} INFO - [2022-12-23 23:06:28,963] {dag.py:2919} INFO - Setting next_dagrun for example_dag_decorator to None, run_after=None
[2022-12-23 23:06:28,973] {processor.py:161} INFO - Processing /home/airflow/.local/lib/python3.7/site-packages/airflow/example_dags/example_dag_decorator.py took 0.209 seconds
[2022-12-23 23:06:59,319] {processor.py:153} INFO - Started process (PID=486) to work on /home/airflow/.local/lib/python3.7/site-packages/airflow/example_dags/example_dag_decorator.py
[2022-12-23 23:06:59,320] {processor.py:641} INFO - Processing file /home/airflow/.local/lib/python3.7/site-packages/airflow/example_dags/example_dag_decorator.py for tasks to queue
[2022-12-23 23:06:59,321] {logging_mixin.py:115} INFO - [2022-12-23 23:06:59,321] {dagbag.py:507} INFO - Filling up the DagBag from /home/airflow/.local/lib/python3.7/site-packages/airflow/example_dags/example_dag_decorator.py
[2022-12-23 23:06:59,338] {processor.py:651} INFO - DAG(s) dict_keys(['example_dag_decorator']) retrieved from /home/airflow/.local/lib/python3.7/site-packages/airflow/example_dags/example_dag_decorator.py
[2022-12-23 23:06:59,489] {logging_mixin.py:115} INFO - [2022-12-23 23:06:59,489] {dag.py:2371} INFO - Sync 1 DAGs
[2022-12-23 23:06:59,501] {logging_mixin.py:115} INFO - [2022-12-23 23:06:59,501] {dag.py:2919} INFO - Setting next_dagrun for example_dag_decorator to None, run_after=None
[2022-12-23 23:06:59,511] {processor.py:161} INFO - Processing /home/airflow/.local/lib/python3.7/site-packages/airflow/example_dags/example_dag_decorator.py took 0.194 seconds
[2022-12-23 23:07:29,847] {processor.py:153} INFO - Started process (PID=549) to work on /home/airflow/.local/lib/python3.7/site-packages/airflow/example_dags/example_dag_decorator.py
[2022-12-23 23:07:29,849] {processor.py:641} INFO - Processing file /home/airflow/.local/lib/python3.7/site-packages/airflow/example_dags/example_dag_decorator.py for tasks to queue
[2022-12-23 23:07:29,850] {logging_mixin.py:115} INFO - [2022-12-23 23:07:29,850] {dagbag.py:507} INFO - Filling up the DagBag from /home/airflow/.local/lib/python3.7/site-packages/airflow/example_dags/example_dag_decorator.py
[2022-12-23 23:07:29,868] {processor.py:651} INFO - DAG(s) dict_keys(['example_dag_decorator']) retrieved from /home/airflow/.local/lib/python3.7/site-packages/airflow/example_dags/example_dag_decorator.py
[2022-12-23 23:07:30,045] {logging_mixin.py:115} INFO - [2022-12-23 23:07:30,045] {dag.py:2371} INFO - Sync 1 DAGs
[2022-12-23 23:07:30,059] {logging_mixin.py:115} INFO - [2022-12-23 23:07:30,059] {dag.py:2919} INFO - Setting next_dagrun for example_dag_decorator to None, run_after=None
[2022-12-23 23:07:30,070] {processor.py:161} INFO - Processing /home/airflow/.local/lib/python3.7/site-packages/airflow/example_dags/example_dag_decorator.py took 0.220 seconds
[2022-12-23 23:08:00,227] {processor.py:153} INFO - Started process (PID=612) to work on /home/airflow/.local/lib/python3.7/site-packages/airflow/example_dags/example_dag_decorator.py
[2022-12-23 23:08:00,228] {processor.py:641} INFO - Processing file /home/airflow/.local/lib/python3.7/site-packages/airflow/example_dags/example_dag_decorator.py for tasks to queue
[2022-12-23 23:08:00,229] {logging_mixin.py:115} INFO - [2022-12-23 23:08:00,229] {dagbag.py:507} INFO - Filling up the DagBag from /home/airflow/.local/lib/python3.7/site-packages/airflow/example_dags/example_dag_decorator.py
[2022-12-23 23:08:00,247] {processor.py:651} INFO - DAG(s) dict_keys(['example_dag_decorator']) retrieved from /home/airflow/.local/lib/python3.7/site-packages/airflow/example_dags/example_dag_decorator.py
[2022-12-23 23:08:00,396] {logging_mixin.py:115} INFO - [2022-12-23 23:08:00,396] {dag.py:2371} INFO - Sync 1 DAGs
[2022-12-23 23:08:00,409] {logging_mixin.py:115} INFO - [2022-12-23 23:08:00,409] {dag.py:2919} INFO - Setting next_dagrun for example_dag_decorator to None, run_after=None
[2022-12-23 23:08:00,419] {processor.py:161} INFO - Processing /home/airflow/.local/lib/python3.7/site-packages/airflow/example_dags/example_dag_decorator.py took 0.195 seconds
[2022-12-23 23:08:30,626] {processor.py:153} INFO - Started process (PID=677) to work on /home/airflow/.local/lib/python3.7/site-packages/airflow/example_dags/example_dag_decorator.py
[2022-12-23 23:08:30,628] {processor.py:641} INFO - Processing file /home/airflow/.local/lib/python3.7/site-packages/airflow/example_dags/example_dag_decorator.py for tasks to queue
[2022-12-23 23:08:30,630] {logging_mixin.py:115} INFO - [2022-12-23 23:08:30,630] {dagbag.py:507} INFO - Filling up the DagBag from /home/airflow/.local/lib/python3.7/site-packages/airflow/example_dags/example_dag_decorator.py
[2022-12-23 23:08:30,650] {processor.py:651} INFO - DAG(s) dict_keys(['example_dag_decorator']) retrieved from /home/airflow/.local/lib/python3.7/site-packages/airflow/example_dags/example_dag_decorator.py
[2022-12-23 23:08:30,805] {logging_mixin.py:115} INFO - [2022-12-23 23:08:30,805] {dag.py:2371} INFO - Sync 1 DAGs
[2022-12-23 23:08:30,816] {logging_mixin.py:115} INFO - [2022-12-23 23:08:30,816] {dag.py:2919} INFO - Setting next_dagrun for example_dag_decorator to None, run_after=None
[2022-12-23 23:08:30,825] {processor.py:161} INFO - Processing /home/airflow/.local/lib/python3.7/site-packages/airflow/example_dags/example_dag_decorator.py took 0.202 seconds
