[2022-12-23T00:00:04.910+0000] {processor.py:153} INFO - Started process (PID=3131) to work on /home/airflow/.local/lib/python3.7/site-packages/airflow/example_dags/example_xcomargs.py
[2022-12-23T00:00:04.911+0000] {processor.py:743} INFO - Processing file /home/airflow/.local/lib/python3.7/site-packages/airflow/example_dags/example_xcomargs.py for tasks to queue
[2022-12-23T00:00:04.912+0000] {logging_mixin.py:137} INFO - [2022-12-23T00:00:04.912+0000] {dagbag.py:538} INFO - Filling up the DagBag from /home/airflow/.local/lib/python3.7/site-packages/airflow/example_dags/example_xcomargs.py
[2022-12-23T00:00:04.932+0000] {processor.py:753} INFO - DAG(s) dict_keys(['example_xcom_args', 'example_xcom_args_with_operators']) retrieved from /home/airflow/.local/lib/python3.7/site-packages/airflow/example_dags/example_xcomargs.py
[2022-12-23T00:00:04.975+0000] {logging_mixin.py:137} INFO - [2022-12-23T00:00:04.975+0000] {dag.py:2676} INFO - Sync 2 DAGs
[2022-12-23T00:00:04.999+0000] {logging_mixin.py:137} INFO - [2022-12-23T00:00:04.999+0000] {dag.py:3427} INFO - Setting next_dagrun for example_xcom_args to None, run_after=None
[2022-12-23T00:00:05.003+0000] {logging_mixin.py:137} INFO - [2022-12-23T00:00:05.003+0000] {dag.py:3427} INFO - Setting next_dagrun for example_xcom_args_with_operators to None, run_after=None
[2022-12-23T00:00:05.018+0000] {processor.py:175} INFO - Processing /home/airflow/.local/lib/python3.7/site-packages/airflow/example_dags/example_xcomargs.py took 0.111 seconds
[2022-12-23T00:00:35.757+0000] {processor.py:153} INFO - Started process (PID=3345) to work on /home/airflow/.local/lib/python3.7/site-packages/airflow/example_dags/example_xcomargs.py
[2022-12-23T00:00:35.758+0000] {processor.py:743} INFO - Processing file /home/airflow/.local/lib/python3.7/site-packages/airflow/example_dags/example_xcomargs.py for tasks to queue
[2022-12-23T00:00:35.759+0000] {logging_mixin.py:137} INFO - [2022-12-23T00:00:35.759+0000] {dagbag.py:538} INFO - Filling up the DagBag from /home/airflow/.local/lib/python3.7/site-packages/airflow/example_dags/example_xcomargs.py
[2022-12-23T00:00:35.777+0000] {processor.py:753} INFO - DAG(s) dict_keys(['example_xcom_args', 'example_xcom_args_with_operators']) retrieved from /home/airflow/.local/lib/python3.7/site-packages/airflow/example_dags/example_xcomargs.py
[2022-12-23T00:00:35.810+0000] {logging_mixin.py:137} INFO - [2022-12-23T00:00:35.810+0000] {dag.py:2676} INFO - Sync 2 DAGs
[2022-12-23T00:00:35.829+0000] {logging_mixin.py:137} INFO - [2022-12-23T00:00:35.828+0000] {dag.py:3427} INFO - Setting next_dagrun for example_xcom_args to None, run_after=None
[2022-12-23T00:00:35.832+0000] {logging_mixin.py:137} INFO - [2022-12-23T00:00:35.832+0000] {dag.py:3427} INFO - Setting next_dagrun for example_xcom_args_with_operators to None, run_after=None
[2022-12-23T00:00:35.844+0000] {processor.py:175} INFO - Processing /home/airflow/.local/lib/python3.7/site-packages/airflow/example_dags/example_xcomargs.py took 0.090 seconds
[2022-12-23T00:01:06.446+0000] {processor.py:153} INFO - Started process (PID=3571) to work on /home/airflow/.local/lib/python3.7/site-packages/airflow/example_dags/example_xcomargs.py
[2022-12-23T00:01:06.447+0000] {processor.py:743} INFO - Processing file /home/airflow/.local/lib/python3.7/site-packages/airflow/example_dags/example_xcomargs.py for tasks to queue
[2022-12-23T00:01:06.448+0000] {logging_mixin.py:137} INFO - [2022-12-23T00:01:06.448+0000] {dagbag.py:538} INFO - Filling up the DagBag from /home/airflow/.local/lib/python3.7/site-packages/airflow/example_dags/example_xcomargs.py
[2022-12-23T00:01:06.468+0000] {processor.py:753} INFO - DAG(s) dict_keys(['example_xcom_args_with_operators', 'example_xcom_args']) retrieved from /home/airflow/.local/lib/python3.7/site-packages/airflow/example_dags/example_xcomargs.py
[2022-12-23T00:01:06.503+0000] {logging_mixin.py:137} INFO - [2022-12-23T00:01:06.502+0000] {dag.py:2676} INFO - Sync 2 DAGs
[2022-12-23T00:01:06.522+0000] {logging_mixin.py:137} INFO - [2022-12-23T00:01:06.522+0000] {dag.py:3427} INFO - Setting next_dagrun for example_xcom_args to None, run_after=None
[2022-12-23T00:01:06.526+0000] {logging_mixin.py:137} INFO - [2022-12-23T00:01:06.526+0000] {dag.py:3427} INFO - Setting next_dagrun for example_xcom_args_with_operators to None, run_after=None
[2022-12-23T00:01:06.538+0000] {processor.py:175} INFO - Processing /home/airflow/.local/lib/python3.7/site-packages/airflow/example_dags/example_xcomargs.py took 0.095 seconds
[2022-12-23T00:03:13.111+0000] {processor.py:153} INFO - Started process (PID=238) to work on /home/airflow/.local/lib/python3.7/site-packages/airflow/example_dags/example_xcomargs.py
[2022-12-23T00:03:13.112+0000] {processor.py:743} INFO - Processing file /home/airflow/.local/lib/python3.7/site-packages/airflow/example_dags/example_xcomargs.py for tasks to queue
[2022-12-23T00:03:13.113+0000] {logging_mixin.py:137} INFO - [2022-12-23T00:03:13.113+0000] {dagbag.py:538} INFO - Filling up the DagBag from /home/airflow/.local/lib/python3.7/site-packages/airflow/example_dags/example_xcomargs.py
[2022-12-23T00:03:13.138+0000] {processor.py:753} INFO - DAG(s) dict_keys(['example_xcom_args', 'example_xcom_args_with_operators']) retrieved from /home/airflow/.local/lib/python3.7/site-packages/airflow/example_dags/example_xcomargs.py
[2022-12-23T00:03:13.165+0000] {logging_mixin.py:137} INFO - [2022-12-23T00:03:13.165+0000] {dag.py:2676} INFO - Sync 2 DAGs
[2022-12-23T00:03:13.191+0000] {logging_mixin.py:137} INFO - [2022-12-23T00:03:13.190+0000] {dag.py:3427} INFO - Setting next_dagrun for example_xcom_args to None, run_after=None
[2022-12-23T00:03:13.195+0000] {logging_mixin.py:137} INFO - [2022-12-23T00:03:13.195+0000] {dag.py:3427} INFO - Setting next_dagrun for example_xcom_args_with_operators to None, run_after=None
[2022-12-23T00:03:13.211+0000] {processor.py:175} INFO - Processing /home/airflow/.local/lib/python3.7/site-packages/airflow/example_dags/example_xcomargs.py took 0.103 seconds
[2022-12-23T00:03:44.025+0000] {processor.py:153} INFO - Started process (PID=464) to work on /home/airflow/.local/lib/python3.7/site-packages/airflow/example_dags/example_xcomargs.py
[2022-12-23T00:03:44.027+0000] {processor.py:743} INFO - Processing file /home/airflow/.local/lib/python3.7/site-packages/airflow/example_dags/example_xcomargs.py for tasks to queue
[2022-12-23T00:03:44.028+0000] {logging_mixin.py:137} INFO - [2022-12-23T00:03:44.028+0000] {dagbag.py:538} INFO - Filling up the DagBag from /home/airflow/.local/lib/python3.7/site-packages/airflow/example_dags/example_xcomargs.py
[2022-12-23T00:03:44.048+0000] {processor.py:753} INFO - DAG(s) dict_keys(['example_xcom_args_with_operators', 'example_xcom_args']) retrieved from /home/airflow/.local/lib/python3.7/site-packages/airflow/example_dags/example_xcomargs.py
[2022-12-23T00:03:44.085+0000] {logging_mixin.py:137} INFO - [2022-12-23T00:03:44.085+0000] {dag.py:2676} INFO - Sync 2 DAGs
[2022-12-23T00:03:44.105+0000] {logging_mixin.py:137} INFO - [2022-12-23T00:03:44.105+0000] {dag.py:3427} INFO - Setting next_dagrun for example_xcom_args to None, run_after=None
[2022-12-23T00:03:44.108+0000] {logging_mixin.py:137} INFO - [2022-12-23T00:03:44.108+0000] {dag.py:3427} INFO - Setting next_dagrun for example_xcom_args_with_operators to None, run_after=None
[2022-12-23T00:03:44.121+0000] {processor.py:175} INFO - Processing /home/airflow/.local/lib/python3.7/site-packages/airflow/example_dags/example_xcomargs.py took 0.099 seconds
[2022-12-23T00:04:15.146+0000] {processor.py:153} INFO - Started process (PID=687) to work on /home/airflow/.local/lib/python3.7/site-packages/airflow/example_dags/example_xcomargs.py
[2022-12-23T00:04:15.147+0000] {processor.py:743} INFO - Processing file /home/airflow/.local/lib/python3.7/site-packages/airflow/example_dags/example_xcomargs.py for tasks to queue
[2022-12-23T00:04:15.148+0000] {logging_mixin.py:137} INFO - [2022-12-23T00:04:15.148+0000] {dagbag.py:538} INFO - Filling up the DagBag from /home/airflow/.local/lib/python3.7/site-packages/airflow/example_dags/example_xcomargs.py
[2022-12-23T00:04:15.197+0000] {processor.py:753} INFO - DAG(s) dict_keys(['example_xcom_args_with_operators', 'example_xcom_args']) retrieved from /home/airflow/.local/lib/python3.7/site-packages/airflow/example_dags/example_xcomargs.py
[2022-12-23T00:04:15.244+0000] {logging_mixin.py:137} INFO - [2022-12-23T00:04:15.244+0000] {dag.py:2676} INFO - Sync 2 DAGs
[2022-12-23T00:04:15.272+0000] {logging_mixin.py:137} INFO - [2022-12-23T00:04:15.272+0000] {dag.py:3427} INFO - Setting next_dagrun for example_xcom_args to None, run_after=None
[2022-12-23T00:04:15.276+0000] {logging_mixin.py:137} INFO - [2022-12-23T00:04:15.276+0000] {dag.py:3427} INFO - Setting next_dagrun for example_xcom_args_with_operators to None, run_after=None
[2022-12-23T00:04:15.310+0000] {processor.py:175} INFO - Processing /home/airflow/.local/lib/python3.7/site-packages/airflow/example_dags/example_xcomargs.py took 0.167 seconds
[2022-12-23T00:04:45.483+0000] {processor.py:153} INFO - Started process (PID=904) to work on /home/airflow/.local/lib/python3.7/site-packages/airflow/example_dags/example_xcomargs.py
[2022-12-23T00:04:45.484+0000] {processor.py:743} INFO - Processing file /home/airflow/.local/lib/python3.7/site-packages/airflow/example_dags/example_xcomargs.py for tasks to queue
[2022-12-23T00:04:45.485+0000] {logging_mixin.py:137} INFO - [2022-12-23T00:04:45.485+0000] {dagbag.py:538} INFO - Filling up the DagBag from /home/airflow/.local/lib/python3.7/site-packages/airflow/example_dags/example_xcomargs.py
[2022-12-23T00:04:45.504+0000] {processor.py:753} INFO - DAG(s) dict_keys(['example_xcom_args', 'example_xcom_args_with_operators']) retrieved from /home/airflow/.local/lib/python3.7/site-packages/airflow/example_dags/example_xcomargs.py
[2022-12-23T00:04:45.538+0000] {logging_mixin.py:137} INFO - [2022-12-23T00:04:45.537+0000] {dag.py:2676} INFO - Sync 2 DAGs
[2022-12-23T00:04:45.557+0000] {logging_mixin.py:137} INFO - [2022-12-23T00:04:45.556+0000] {dag.py:3427} INFO - Setting next_dagrun for example_xcom_args to None, run_after=None
[2022-12-23T00:04:45.559+0000] {logging_mixin.py:137} INFO - [2022-12-23T00:04:45.559+0000] {dag.py:3427} INFO - Setting next_dagrun for example_xcom_args_with_operators to None, run_after=None
[2022-12-23T00:04:45.572+0000] {processor.py:175} INFO - Processing /home/airflow/.local/lib/python3.7/site-packages/airflow/example_dags/example_xcomargs.py took 0.092 seconds
[2022-12-23T00:05:16.311+0000] {processor.py:153} INFO - Started process (PID=1131) to work on /home/airflow/.local/lib/python3.7/site-packages/airflow/example_dags/example_xcomargs.py
[2022-12-23T00:05:16.312+0000] {processor.py:743} INFO - Processing file /home/airflow/.local/lib/python3.7/site-packages/airflow/example_dags/example_xcomargs.py for tasks to queue
[2022-12-23T00:05:16.313+0000] {logging_mixin.py:137} INFO - [2022-12-23T00:05:16.313+0000] {dagbag.py:538} INFO - Filling up the DagBag from /home/airflow/.local/lib/python3.7/site-packages/airflow/example_dags/example_xcomargs.py
[2022-12-23T00:05:16.332+0000] {processor.py:753} INFO - DAG(s) dict_keys(['example_xcom_args', 'example_xcom_args_with_operators']) retrieved from /home/airflow/.local/lib/python3.7/site-packages/airflow/example_dags/example_xcomargs.py
[2022-12-23T00:05:16.365+0000] {logging_mixin.py:137} INFO - [2022-12-23T00:05:16.365+0000] {dag.py:2676} INFO - Sync 2 DAGs
[2022-12-23T00:05:16.384+0000] {logging_mixin.py:137} INFO - [2022-12-23T00:05:16.384+0000] {dag.py:3427} INFO - Setting next_dagrun for example_xcom_args to None, run_after=None
[2022-12-23T00:05:16.387+0000] {logging_mixin.py:137} INFO - [2022-12-23T00:05:16.387+0000] {dag.py:3427} INFO - Setting next_dagrun for example_xcom_args_with_operators to None, run_after=None
[2022-12-23T00:05:16.399+0000] {processor.py:175} INFO - Processing /home/airflow/.local/lib/python3.7/site-packages/airflow/example_dags/example_xcomargs.py took 0.091 seconds
[2022-12-23 22:41:54,071] {processor.py:153} INFO - Started process (PID=249) to work on /home/airflow/.local/lib/python3.7/site-packages/airflow/example_dags/example_xcomargs.py
[2022-12-23 22:41:54,081] {processor.py:641} INFO - Processing file /home/airflow/.local/lib/python3.7/site-packages/airflow/example_dags/example_xcomargs.py for tasks to queue
[2022-12-23 22:41:54,085] {logging_mixin.py:115} INFO - [2022-12-23 22:41:54,085] {dagbag.py:507} INFO - Filling up the DagBag from /home/airflow/.local/lib/python3.7/site-packages/airflow/example_dags/example_xcomargs.py
[2022-12-23 22:41:54,127] {processor.py:651} INFO - DAG(s) dict_keys(['example_xcom_args', 'example_xcom_args_with_operators']) retrieved from /home/airflow/.local/lib/python3.7/site-packages/airflow/example_dags/example_xcomargs.py
[2022-12-23 22:41:54,327] {logging_mixin.py:115} INFO - [2022-12-23 22:41:54,327] {manager.py:508} INFO - Created Permission View: can delete on DAG:example_xcom_args
[2022-12-23 22:41:54,345] {logging_mixin.py:115} INFO - [2022-12-23 22:41:54,345] {manager.py:508} INFO - Created Permission View: can edit on DAG:example_xcom_args
[2022-12-23 22:41:54,356] {logging_mixin.py:115} INFO - [2022-12-23 22:41:54,356] {manager.py:508} INFO - Created Permission View: can read on DAG:example_xcom_args
[2022-12-23 22:41:54,381] {logging_mixin.py:115} INFO - [2022-12-23 22:41:54,380] {manager.py:508} INFO - Created Permission View: can delete on DAG:example_xcom_args_with_operators
[2022-12-23 22:41:54,397] {logging_mixin.py:115} INFO - [2022-12-23 22:41:54,397] {manager.py:508} INFO - Created Permission View: can edit on DAG:example_xcom_args_with_operators
[2022-12-23 22:41:54,406] {logging_mixin.py:115} INFO - [2022-12-23 22:41:54,406] {manager.py:508} INFO - Created Permission View: can read on DAG:example_xcom_args_with_operators
[2022-12-23 22:41:54,407] {logging_mixin.py:115} INFO - [2022-12-23 22:41:54,407] {dag.py:2371} INFO - Sync 2 DAGs
[2022-12-23 22:41:54,417] {logging_mixin.py:115} INFO - [2022-12-23 22:41:54,417] {dag.py:2390} INFO - Creating ORM DAG for example_xcom_args_with_operators
[2022-12-23 22:41:54,419] {logging_mixin.py:115} INFO - [2022-12-23 22:41:54,418] {dag.py:2390} INFO - Creating ORM DAG for example_xcom_args
[2022-12-23 22:41:54,434] {logging_mixin.py:115} INFO - [2022-12-23 22:41:54,434] {dag.py:2919} INFO - Setting next_dagrun for example_xcom_args to None, run_after=None
[2022-12-23 22:41:54,435] {logging_mixin.py:115} INFO - [2022-12-23 22:41:54,435] {dag.py:2919} INFO - Setting next_dagrun for example_xcom_args_with_operators to None, run_after=None
[2022-12-23 22:41:54,456] {processor.py:161} INFO - Processing /home/airflow/.local/lib/python3.7/site-packages/airflow/example_dags/example_xcomargs.py took 0.388 seconds
[2022-12-23 22:42:25,416] {processor.py:153} INFO - Started process (PID=445) to work on /home/airflow/.local/lib/python3.7/site-packages/airflow/example_dags/example_xcomargs.py
[2022-12-23 22:42:25,417] {processor.py:641} INFO - Processing file /home/airflow/.local/lib/python3.7/site-packages/airflow/example_dags/example_xcomargs.py for tasks to queue
[2022-12-23 22:42:25,418] {logging_mixin.py:115} INFO - [2022-12-23 22:42:25,418] {dagbag.py:507} INFO - Filling up the DagBag from /home/airflow/.local/lib/python3.7/site-packages/airflow/example_dags/example_xcomargs.py
[2022-12-23 22:42:25,455] {processor.py:651} INFO - DAG(s) dict_keys(['example_xcom_args', 'example_xcom_args_with_operators']) retrieved from /home/airflow/.local/lib/python3.7/site-packages/airflow/example_dags/example_xcomargs.py
[2022-12-23 22:42:25,564] {logging_mixin.py:115} INFO - [2022-12-23 22:42:25,564] {dag.py:2371} INFO - Sync 2 DAGs
[2022-12-23 22:42:25,632] {logging_mixin.py:115} INFO - [2022-12-23 22:42:25,632] {dag.py:2919} INFO - Setting next_dagrun for example_xcom_args to None, run_after=None
[2022-12-23 22:42:25,633] {logging_mixin.py:115} INFO - [2022-12-23 22:42:25,633] {dag.py:2919} INFO - Setting next_dagrun for example_xcom_args_with_operators to None, run_after=None
[2022-12-23 22:42:25,660] {processor.py:161} INFO - Processing /home/airflow/.local/lib/python3.7/site-packages/airflow/example_dags/example_xcomargs.py took 0.246 seconds
[2022-12-23 22:42:55,852] {processor.py:153} INFO - Started process (PID=648) to work on /home/airflow/.local/lib/python3.7/site-packages/airflow/example_dags/example_xcomargs.py
[2022-12-23 22:42:55,855] {processor.py:641} INFO - Processing file /home/airflow/.local/lib/python3.7/site-packages/airflow/example_dags/example_xcomargs.py for tasks to queue
[2022-12-23 22:42:55,857] {logging_mixin.py:115} INFO - [2022-12-23 22:42:55,857] {dagbag.py:507} INFO - Filling up the DagBag from /home/airflow/.local/lib/python3.7/site-packages/airflow/example_dags/example_xcomargs.py
[2022-12-23 22:42:55,878] {processor.py:651} INFO - DAG(s) dict_keys(['example_xcom_args', 'example_xcom_args_with_operators']) retrieved from /home/airflow/.local/lib/python3.7/site-packages/airflow/example_dags/example_xcomargs.py
[2022-12-23 22:42:55,926] {logging_mixin.py:115} INFO - [2022-12-23 22:42:55,926] {dag.py:2371} INFO - Sync 2 DAGs
[2022-12-23 22:42:55,939] {logging_mixin.py:115} INFO - [2022-12-23 22:42:55,939] {dag.py:2919} INFO - Setting next_dagrun for example_xcom_args to None, run_after=None
[2022-12-23 22:42:55,940] {logging_mixin.py:115} INFO - [2022-12-23 22:42:55,940] {dag.py:2919} INFO - Setting next_dagrun for example_xcom_args_with_operators to None, run_after=None
[2022-12-23 22:42:55,951] {processor.py:161} INFO - Processing /home/airflow/.local/lib/python3.7/site-packages/airflow/example_dags/example_xcomargs.py took 0.103 seconds
[2022-12-23 22:43:26,066] {processor.py:153} INFO - Started process (PID=851) to work on /home/airflow/.local/lib/python3.7/site-packages/airflow/example_dags/example_xcomargs.py
[2022-12-23 22:43:26,068] {processor.py:641} INFO - Processing file /home/airflow/.local/lib/python3.7/site-packages/airflow/example_dags/example_xcomargs.py for tasks to queue
[2022-12-23 22:43:26,069] {logging_mixin.py:115} INFO - [2022-12-23 22:43:26,069] {dagbag.py:507} INFO - Filling up the DagBag from /home/airflow/.local/lib/python3.7/site-packages/airflow/example_dags/example_xcomargs.py
[2022-12-23 22:43:26,092] {processor.py:651} INFO - DAG(s) dict_keys(['example_xcom_args', 'example_xcom_args_with_operators']) retrieved from /home/airflow/.local/lib/python3.7/site-packages/airflow/example_dags/example_xcomargs.py
[2022-12-23 22:43:26,141] {logging_mixin.py:115} INFO - [2022-12-23 22:43:26,141] {dag.py:2371} INFO - Sync 2 DAGs
[2022-12-23 22:43:26,154] {logging_mixin.py:115} INFO - [2022-12-23 22:43:26,154] {dag.py:2919} INFO - Setting next_dagrun for example_xcom_args to None, run_after=None
[2022-12-23 22:43:26,155] {logging_mixin.py:115} INFO - [2022-12-23 22:43:26,155] {dag.py:2919} INFO - Setting next_dagrun for example_xcom_args_with_operators to None, run_after=None
[2022-12-23 22:43:26,165] {processor.py:161} INFO - Processing /home/airflow/.local/lib/python3.7/site-packages/airflow/example_dags/example_xcomargs.py took 0.104 seconds
[2022-12-23 22:43:56,208] {processor.py:153} INFO - Started process (PID=1054) to work on /home/airflow/.local/lib/python3.7/site-packages/airflow/example_dags/example_xcomargs.py
[2022-12-23 22:43:56,210] {processor.py:641} INFO - Processing file /home/airflow/.local/lib/python3.7/site-packages/airflow/example_dags/example_xcomargs.py for tasks to queue
[2022-12-23 22:43:56,210] {logging_mixin.py:115} INFO - [2022-12-23 22:43:56,210] {dagbag.py:507} INFO - Filling up the DagBag from /home/airflow/.local/lib/python3.7/site-packages/airflow/example_dags/example_xcomargs.py
[2022-12-23 22:43:56,228] {processor.py:651} INFO - DAG(s) dict_keys(['example_xcom_args', 'example_xcom_args_with_operators']) retrieved from /home/airflow/.local/lib/python3.7/site-packages/airflow/example_dags/example_xcomargs.py
[2022-12-23 22:43:56,276] {logging_mixin.py:115} INFO - [2022-12-23 22:43:56,276] {dag.py:2371} INFO - Sync 2 DAGs
[2022-12-23 22:43:56,290] {logging_mixin.py:115} INFO - [2022-12-23 22:43:56,290] {dag.py:2919} INFO - Setting next_dagrun for example_xcom_args to None, run_after=None
[2022-12-23 22:43:56,291] {logging_mixin.py:115} INFO - [2022-12-23 22:43:56,291] {dag.py:2919} INFO - Setting next_dagrun for example_xcom_args_with_operators to None, run_after=None
[2022-12-23 22:43:56,303] {processor.py:161} INFO - Processing /home/airflow/.local/lib/python3.7/site-packages/airflow/example_dags/example_xcomargs.py took 0.097 seconds
[2022-12-23 22:44:26,364] {processor.py:153} INFO - Started process (PID=1245) to work on /home/airflow/.local/lib/python3.7/site-packages/airflow/example_dags/example_xcomargs.py
[2022-12-23 22:44:26,366] {processor.py:641} INFO - Processing file /home/airflow/.local/lib/python3.7/site-packages/airflow/example_dags/example_xcomargs.py for tasks to queue
[2022-12-23 22:44:26,367] {logging_mixin.py:115} INFO - [2022-12-23 22:44:26,367] {dagbag.py:507} INFO - Filling up the DagBag from /home/airflow/.local/lib/python3.7/site-packages/airflow/example_dags/example_xcomargs.py
[2022-12-23 22:44:26,383] {processor.py:651} INFO - DAG(s) dict_keys(['example_xcom_args', 'example_xcom_args_with_operators']) retrieved from /home/airflow/.local/lib/python3.7/site-packages/airflow/example_dags/example_xcomargs.py
[2022-12-23 22:44:26,446] {logging_mixin.py:115} INFO - [2022-12-23 22:44:26,446] {dag.py:2371} INFO - Sync 2 DAGs
[2022-12-23 22:44:26,459] {logging_mixin.py:115} INFO - [2022-12-23 22:44:26,459] {dag.py:2919} INFO - Setting next_dagrun for example_xcom_args to None, run_after=None
[2022-12-23 22:44:26,460] {logging_mixin.py:115} INFO - [2022-12-23 22:44:26,460] {dag.py:2919} INFO - Setting next_dagrun for example_xcom_args_with_operators to None, run_after=None
[2022-12-23 22:44:26,471] {processor.py:161} INFO - Processing /home/airflow/.local/lib/python3.7/site-packages/airflow/example_dags/example_xcomargs.py took 0.110 seconds
[2022-12-23 22:44:57,413] {processor.py:153} INFO - Started process (PID=1449) to work on /home/airflow/.local/lib/python3.7/site-packages/airflow/example_dags/example_xcomargs.py
[2022-12-23 22:44:57,414] {processor.py:641} INFO - Processing file /home/airflow/.local/lib/python3.7/site-packages/airflow/example_dags/example_xcomargs.py for tasks to queue
[2022-12-23 22:44:57,415] {logging_mixin.py:115} INFO - [2022-12-23 22:44:57,415] {dagbag.py:507} INFO - Filling up the DagBag from /home/airflow/.local/lib/python3.7/site-packages/airflow/example_dags/example_xcomargs.py
[2022-12-23 22:44:57,432] {processor.py:651} INFO - DAG(s) dict_keys(['example_xcom_args', 'example_xcom_args_with_operators']) retrieved from /home/airflow/.local/lib/python3.7/site-packages/airflow/example_dags/example_xcomargs.py
[2022-12-23 22:44:57,481] {logging_mixin.py:115} INFO - [2022-12-23 22:44:57,481] {dag.py:2371} INFO - Sync 2 DAGs
[2022-12-23 22:44:57,494] {logging_mixin.py:115} INFO - [2022-12-23 22:44:57,494] {dag.py:2919} INFO - Setting next_dagrun for example_xcom_args to None, run_after=None
[2022-12-23 22:44:57,495] {logging_mixin.py:115} INFO - [2022-12-23 22:44:57,495] {dag.py:2919} INFO - Setting next_dagrun for example_xcom_args_with_operators to None, run_after=None
[2022-12-23 22:44:57,504] {processor.py:161} INFO - Processing /home/airflow/.local/lib/python3.7/site-packages/airflow/example_dags/example_xcomargs.py took 0.094 seconds
[2022-12-23 22:45:28,287] {processor.py:153} INFO - Started process (PID=1652) to work on /home/airflow/.local/lib/python3.7/site-packages/airflow/example_dags/example_xcomargs.py
[2022-12-23 22:45:28,289] {processor.py:641} INFO - Processing file /home/airflow/.local/lib/python3.7/site-packages/airflow/example_dags/example_xcomargs.py for tasks to queue
[2022-12-23 22:45:28,290] {logging_mixin.py:115} INFO - [2022-12-23 22:45:28,289] {dagbag.py:507} INFO - Filling up the DagBag from /home/airflow/.local/lib/python3.7/site-packages/airflow/example_dags/example_xcomargs.py
[2022-12-23 22:45:28,307] {processor.py:651} INFO - DAG(s) dict_keys(['example_xcom_args', 'example_xcom_args_with_operators']) retrieved from /home/airflow/.local/lib/python3.7/site-packages/airflow/example_dags/example_xcomargs.py
[2022-12-23 22:45:28,356] {logging_mixin.py:115} INFO - [2022-12-23 22:45:28,355] {dag.py:2371} INFO - Sync 2 DAGs
[2022-12-23 22:45:28,369] {logging_mixin.py:115} INFO - [2022-12-23 22:45:28,369] {dag.py:2919} INFO - Setting next_dagrun for example_xcom_args to None, run_after=None
[2022-12-23 22:45:28,370] {logging_mixin.py:115} INFO - [2022-12-23 22:45:28,370] {dag.py:2919} INFO - Setting next_dagrun for example_xcom_args_with_operators to None, run_after=None
[2022-12-23 22:45:28,380] {processor.py:161} INFO - Processing /home/airflow/.local/lib/python3.7/site-packages/airflow/example_dags/example_xcomargs.py took 0.095 seconds
[2022-12-23 22:45:59,406] {processor.py:153} INFO - Started process (PID=1855) to work on /home/airflow/.local/lib/python3.7/site-packages/airflow/example_dags/example_xcomargs.py
[2022-12-23 22:45:59,407] {processor.py:641} INFO - Processing file /home/airflow/.local/lib/python3.7/site-packages/airflow/example_dags/example_xcomargs.py for tasks to queue
[2022-12-23 22:45:59,408] {logging_mixin.py:115} INFO - [2022-12-23 22:45:59,408] {dagbag.py:507} INFO - Filling up the DagBag from /home/airflow/.local/lib/python3.7/site-packages/airflow/example_dags/example_xcomargs.py
[2022-12-23 22:45:59,426] {processor.py:651} INFO - DAG(s) dict_keys(['example_xcom_args', 'example_xcom_args_with_operators']) retrieved from /home/airflow/.local/lib/python3.7/site-packages/airflow/example_dags/example_xcomargs.py
[2022-12-23 22:45:59,475] {logging_mixin.py:115} INFO - [2022-12-23 22:45:59,475] {dag.py:2371} INFO - Sync 2 DAGs
[2022-12-23 22:45:59,489] {logging_mixin.py:115} INFO - [2022-12-23 22:45:59,489] {dag.py:2919} INFO - Setting next_dagrun for example_xcom_args to None, run_after=None
[2022-12-23 22:45:59,490] {logging_mixin.py:115} INFO - [2022-12-23 22:45:59,490] {dag.py:2919} INFO - Setting next_dagrun for example_xcom_args_with_operators to None, run_after=None
[2022-12-23 22:45:59,501] {processor.py:161} INFO - Processing /home/airflow/.local/lib/python3.7/site-packages/airflow/example_dags/example_xcomargs.py took 0.098 seconds
[2022-12-23 22:46:30,564] {processor.py:153} INFO - Started process (PID=2058) to work on /home/airflow/.local/lib/python3.7/site-packages/airflow/example_dags/example_xcomargs.py
[2022-12-23 22:46:30,565] {processor.py:641} INFO - Processing file /home/airflow/.local/lib/python3.7/site-packages/airflow/example_dags/example_xcomargs.py for tasks to queue
[2022-12-23 22:46:30,566] {logging_mixin.py:115} INFO - [2022-12-23 22:46:30,566] {dagbag.py:507} INFO - Filling up the DagBag from /home/airflow/.local/lib/python3.7/site-packages/airflow/example_dags/example_xcomargs.py
[2022-12-23 22:46:30,582] {processor.py:651} INFO - DAG(s) dict_keys(['example_xcom_args', 'example_xcom_args_with_operators']) retrieved from /home/airflow/.local/lib/python3.7/site-packages/airflow/example_dags/example_xcomargs.py
[2022-12-23 22:46:30,605] {logging_mixin.py:115} INFO - [2022-12-23 22:46:30,605] {dag.py:2371} INFO - Sync 2 DAGs
[2022-12-23 22:46:30,620] {logging_mixin.py:115} INFO - [2022-12-23 22:46:30,620] {dag.py:2919} INFO - Setting next_dagrun for example_xcom_args to None, run_after=None
[2022-12-23 22:46:30,620] {logging_mixin.py:115} INFO - [2022-12-23 22:46:30,620] {dag.py:2919} INFO - Setting next_dagrun for example_xcom_args_with_operators to None, run_after=None
[2022-12-23 22:46:30,628] {processor.py:161} INFO - Processing /home/airflow/.local/lib/python3.7/site-packages/airflow/example_dags/example_xcomargs.py took 0.067 seconds
[2022-12-23 22:47:00,768] {processor.py:153} INFO - Started process (PID=2262) to work on /home/airflow/.local/lib/python3.7/site-packages/airflow/example_dags/example_xcomargs.py
[2022-12-23 22:47:00,769] {processor.py:641} INFO - Processing file /home/airflow/.local/lib/python3.7/site-packages/airflow/example_dags/example_xcomargs.py for tasks to queue
[2022-12-23 22:47:00,770] {logging_mixin.py:115} INFO - [2022-12-23 22:47:00,770] {dagbag.py:507} INFO - Filling up the DagBag from /home/airflow/.local/lib/python3.7/site-packages/airflow/example_dags/example_xcomargs.py
[2022-12-23 22:47:00,783] {processor.py:651} INFO - DAG(s) dict_keys(['example_xcom_args', 'example_xcom_args_with_operators']) retrieved from /home/airflow/.local/lib/python3.7/site-packages/airflow/example_dags/example_xcomargs.py
[2022-12-23 22:47:00,835] {logging_mixin.py:115} INFO - [2022-12-23 22:47:00,835] {dag.py:2371} INFO - Sync 2 DAGs
[2022-12-23 22:47:00,853] {logging_mixin.py:115} INFO - [2022-12-23 22:47:00,853] {dag.py:2919} INFO - Setting next_dagrun for example_xcom_args to None, run_after=None
[2022-12-23 22:47:00,854] {logging_mixin.py:115} INFO - [2022-12-23 22:47:00,854] {dag.py:2919} INFO - Setting next_dagrun for example_xcom_args_with_operators to None, run_after=None
[2022-12-23 22:47:00,866] {processor.py:161} INFO - Processing /home/airflow/.local/lib/python3.7/site-packages/airflow/example_dags/example_xcomargs.py took 0.100 seconds
[2022-12-23 22:47:31,803] {processor.py:153} INFO - Started process (PID=2454) to work on /home/airflow/.local/lib/python3.7/site-packages/airflow/example_dags/example_xcomargs.py
[2022-12-23 22:47:31,804] {processor.py:641} INFO - Processing file /home/airflow/.local/lib/python3.7/site-packages/airflow/example_dags/example_xcomargs.py for tasks to queue
[2022-12-23 22:47:31,807] {logging_mixin.py:115} INFO - [2022-12-23 22:47:31,807] {dagbag.py:507} INFO - Filling up the DagBag from /home/airflow/.local/lib/python3.7/site-packages/airflow/example_dags/example_xcomargs.py
[2022-12-23 22:47:31,824] {processor.py:651} INFO - DAG(s) dict_keys(['example_xcom_args', 'example_xcom_args_with_operators']) retrieved from /home/airflow/.local/lib/python3.7/site-packages/airflow/example_dags/example_xcomargs.py
[2022-12-23 22:47:31,850] {logging_mixin.py:115} INFO - [2022-12-23 22:47:31,850] {dag.py:2371} INFO - Sync 2 DAGs
[2022-12-23 22:47:31,867] {logging_mixin.py:115} INFO - [2022-12-23 22:47:31,867] {dag.py:2919} INFO - Setting next_dagrun for example_xcom_args to None, run_after=None
[2022-12-23 22:47:31,868] {logging_mixin.py:115} INFO - [2022-12-23 22:47:31,868] {dag.py:2919} INFO - Setting next_dagrun for example_xcom_args_with_operators to None, run_after=None
[2022-12-23 22:47:31,878] {processor.py:161} INFO - Processing /home/airflow/.local/lib/python3.7/site-packages/airflow/example_dags/example_xcomargs.py took 0.079 seconds
[2022-12-23 22:48:01,993] {processor.py:153} INFO - Started process (PID=2658) to work on /home/airflow/.local/lib/python3.7/site-packages/airflow/example_dags/example_xcomargs.py
[2022-12-23 22:48:01,995] {processor.py:641} INFO - Processing file /home/airflow/.local/lib/python3.7/site-packages/airflow/example_dags/example_xcomargs.py for tasks to queue
[2022-12-23 22:48:01,997] {logging_mixin.py:115} INFO - [2022-12-23 22:48:01,997] {dagbag.py:507} INFO - Filling up the DagBag from /home/airflow/.local/lib/python3.7/site-packages/airflow/example_dags/example_xcomargs.py
[2022-12-23 22:48:02,020] {processor.py:651} INFO - DAG(s) dict_keys(['example_xcom_args', 'example_xcom_args_with_operators']) retrieved from /home/airflow/.local/lib/python3.7/site-packages/airflow/example_dags/example_xcomargs.py
[2022-12-23 22:48:02,080] {logging_mixin.py:115} INFO - [2022-12-23 22:48:02,080] {dag.py:2371} INFO - Sync 2 DAGs
[2022-12-23 22:48:02,097] {logging_mixin.py:115} INFO - [2022-12-23 22:48:02,097] {dag.py:2919} INFO - Setting next_dagrun for example_xcom_args to None, run_after=None
[2022-12-23 22:48:02,098] {logging_mixin.py:115} INFO - [2022-12-23 22:48:02,098] {dag.py:2919} INFO - Setting next_dagrun for example_xcom_args_with_operators to None, run_after=None
[2022-12-23 22:48:02,108] {processor.py:161} INFO - Processing /home/airflow/.local/lib/python3.7/site-packages/airflow/example_dags/example_xcomargs.py took 0.120 seconds
[2022-12-23 22:48:32,215] {processor.py:153} INFO - Started process (PID=2861) to work on /home/airflow/.local/lib/python3.7/site-packages/airflow/example_dags/example_xcomargs.py
[2022-12-23 22:48:32,216] {processor.py:641} INFO - Processing file /home/airflow/.local/lib/python3.7/site-packages/airflow/example_dags/example_xcomargs.py for tasks to queue
[2022-12-23 22:48:32,218] {logging_mixin.py:115} INFO - [2022-12-23 22:48:32,218] {dagbag.py:507} INFO - Filling up the DagBag from /home/airflow/.local/lib/python3.7/site-packages/airflow/example_dags/example_xcomargs.py
[2022-12-23 22:48:32,236] {processor.py:651} INFO - DAG(s) dict_keys(['example_xcom_args', 'example_xcom_args_with_operators']) retrieved from /home/airflow/.local/lib/python3.7/site-packages/airflow/example_dags/example_xcomargs.py
[2022-12-23 22:48:32,289] {logging_mixin.py:115} INFO - [2022-12-23 22:48:32,289] {dag.py:2371} INFO - Sync 2 DAGs
[2022-12-23 22:48:32,304] {logging_mixin.py:115} INFO - [2022-12-23 22:48:32,304] {dag.py:2919} INFO - Setting next_dagrun for example_xcom_args to None, run_after=None
[2022-12-23 22:48:32,305] {logging_mixin.py:115} INFO - [2022-12-23 22:48:32,305] {dag.py:2919} INFO - Setting next_dagrun for example_xcom_args_with_operators to None, run_after=None
[2022-12-23 22:48:32,315] {processor.py:161} INFO - Processing /home/airflow/.local/lib/python3.7/site-packages/airflow/example_dags/example_xcomargs.py took 0.104 seconds
[2022-12-23 22:49:02,697] {processor.py:153} INFO - Started process (PID=3064) to work on /home/airflow/.local/lib/python3.7/site-packages/airflow/example_dags/example_xcomargs.py
[2022-12-23 22:49:02,700] {processor.py:641} INFO - Processing file /home/airflow/.local/lib/python3.7/site-packages/airflow/example_dags/example_xcomargs.py for tasks to queue
[2022-12-23 22:49:02,701] {logging_mixin.py:115} INFO - [2022-12-23 22:49:02,701] {dagbag.py:507} INFO - Filling up the DagBag from /home/airflow/.local/lib/python3.7/site-packages/airflow/example_dags/example_xcomargs.py
[2022-12-23 22:49:02,725] {processor.py:651} INFO - DAG(s) dict_keys(['example_xcom_args', 'example_xcom_args_with_operators']) retrieved from /home/airflow/.local/lib/python3.7/site-packages/airflow/example_dags/example_xcomargs.py
[2022-12-23 22:49:02,751] {logging_mixin.py:115} INFO - [2022-12-23 22:49:02,751] {dag.py:2371} INFO - Sync 2 DAGs
[2022-12-23 22:49:02,766] {logging_mixin.py:115} INFO - [2022-12-23 22:49:02,766] {dag.py:2919} INFO - Setting next_dagrun for example_xcom_args to None, run_after=None
[2022-12-23 22:49:02,767] {logging_mixin.py:115} INFO - [2022-12-23 22:49:02,767] {dag.py:2919} INFO - Setting next_dagrun for example_xcom_args_with_operators to None, run_after=None
[2022-12-23 22:49:02,776] {processor.py:161} INFO - Processing /home/airflow/.local/lib/python3.7/site-packages/airflow/example_dags/example_xcomargs.py took 0.082 seconds
[2022-12-23 22:49:32,817] {processor.py:153} INFO - Started process (PID=3259) to work on /home/airflow/.local/lib/python3.7/site-packages/airflow/example_dags/example_xcomargs.py
[2022-12-23 22:49:32,818] {processor.py:641} INFO - Processing file /home/airflow/.local/lib/python3.7/site-packages/airflow/example_dags/example_xcomargs.py for tasks to queue
[2022-12-23 22:49:32,819] {logging_mixin.py:115} INFO - [2022-12-23 22:49:32,818] {dagbag.py:507} INFO - Filling up the DagBag from /home/airflow/.local/lib/python3.7/site-packages/airflow/example_dags/example_xcomargs.py
[2022-12-23 22:49:32,836] {processor.py:651} INFO - DAG(s) dict_keys(['example_xcom_args', 'example_xcom_args_with_operators']) retrieved from /home/airflow/.local/lib/python3.7/site-packages/airflow/example_dags/example_xcomargs.py
[2022-12-23 22:49:32,904] {logging_mixin.py:115} INFO - [2022-12-23 22:49:32,904] {dag.py:2371} INFO - Sync 2 DAGs
[2022-12-23 22:49:32,923] {logging_mixin.py:115} INFO - [2022-12-23 22:49:32,922] {dag.py:2919} INFO - Setting next_dagrun for example_xcom_args to None, run_after=None
[2022-12-23 22:49:32,924] {logging_mixin.py:115} INFO - [2022-12-23 22:49:32,924] {dag.py:2919} INFO - Setting next_dagrun for example_xcom_args_with_operators to None, run_after=None
[2022-12-23 22:49:32,935] {processor.py:161} INFO - Processing /home/airflow/.local/lib/python3.7/site-packages/airflow/example_dags/example_xcomargs.py took 0.122 seconds
[2022-12-23 22:50:03,021] {processor.py:153} INFO - Started process (PID=3463) to work on /home/airflow/.local/lib/python3.7/site-packages/airflow/example_dags/example_xcomargs.py
[2022-12-23 22:50:03,022] {processor.py:641} INFO - Processing file /home/airflow/.local/lib/python3.7/site-packages/airflow/example_dags/example_xcomargs.py for tasks to queue
[2022-12-23 22:50:03,024] {logging_mixin.py:115} INFO - [2022-12-23 22:50:03,023] {dagbag.py:507} INFO - Filling up the DagBag from /home/airflow/.local/lib/python3.7/site-packages/airflow/example_dags/example_xcomargs.py
[2022-12-23 22:50:03,040] {processor.py:651} INFO - DAG(s) dict_keys(['example_xcom_args', 'example_xcom_args_with_operators']) retrieved from /home/airflow/.local/lib/python3.7/site-packages/airflow/example_dags/example_xcomargs.py
[2022-12-23 22:50:03,066] {logging_mixin.py:115} INFO - [2022-12-23 22:50:03,066] {dag.py:2371} INFO - Sync 2 DAGs
[2022-12-23 22:50:03,081] {logging_mixin.py:115} INFO - [2022-12-23 22:50:03,081] {dag.py:2919} INFO - Setting next_dagrun for example_xcom_args to None, run_after=None
[2022-12-23 22:50:03,082] {logging_mixin.py:115} INFO - [2022-12-23 22:50:03,082] {dag.py:2919} INFO - Setting next_dagrun for example_xcom_args_with_operators to None, run_after=None
[2022-12-23 22:50:03,091] {processor.py:161} INFO - Processing /home/airflow/.local/lib/python3.7/site-packages/airflow/example_dags/example_xcomargs.py took 0.074 seconds
[2022-12-23 22:50:33,171] {processor.py:153} INFO - Started process (PID=3665) to work on /home/airflow/.local/lib/python3.7/site-packages/airflow/example_dags/example_xcomargs.py
[2022-12-23 22:50:33,172] {processor.py:641} INFO - Processing file /home/airflow/.local/lib/python3.7/site-packages/airflow/example_dags/example_xcomargs.py for tasks to queue
[2022-12-23 22:50:33,172] {logging_mixin.py:115} INFO - [2022-12-23 22:50:33,172] {dagbag.py:507} INFO - Filling up the DagBag from /home/airflow/.local/lib/python3.7/site-packages/airflow/example_dags/example_xcomargs.py
[2022-12-23 22:50:33,187] {processor.py:651} INFO - DAG(s) dict_keys(['example_xcom_args', 'example_xcom_args_with_operators']) retrieved from /home/airflow/.local/lib/python3.7/site-packages/airflow/example_dags/example_xcomargs.py
[2022-12-23 22:50:33,240] {logging_mixin.py:115} INFO - [2022-12-23 22:50:33,240] {dag.py:2371} INFO - Sync 2 DAGs
[2022-12-23 22:50:33,257] {logging_mixin.py:115} INFO - [2022-12-23 22:50:33,257] {dag.py:2919} INFO - Setting next_dagrun for example_xcom_args to None, run_after=None
[2022-12-23 22:50:33,258] {logging_mixin.py:115} INFO - [2022-12-23 22:50:33,258] {dag.py:2919} INFO - Setting next_dagrun for example_xcom_args_with_operators to None, run_after=None
[2022-12-23 22:50:33,269] {processor.py:161} INFO - Processing /home/airflow/.local/lib/python3.7/site-packages/airflow/example_dags/example_xcomargs.py took 0.101 seconds
[2022-12-23 22:51:03,675] {processor.py:153} INFO - Started process (PID=3868) to work on /home/airflow/.local/lib/python3.7/site-packages/airflow/example_dags/example_xcomargs.py
[2022-12-23 22:51:03,677] {processor.py:641} INFO - Processing file /home/airflow/.local/lib/python3.7/site-packages/airflow/example_dags/example_xcomargs.py for tasks to queue
[2022-12-23 22:51:03,678] {logging_mixin.py:115} INFO - [2022-12-23 22:51:03,678] {dagbag.py:507} INFO - Filling up the DagBag from /home/airflow/.local/lib/python3.7/site-packages/airflow/example_dags/example_xcomargs.py
[2022-12-23 22:51:03,692] {processor.py:651} INFO - DAG(s) dict_keys(['example_xcom_args', 'example_xcom_args_with_operators']) retrieved from /home/airflow/.local/lib/python3.7/site-packages/airflow/example_dags/example_xcomargs.py
[2022-12-23 22:51:03,717] {logging_mixin.py:115} INFO - [2022-12-23 22:51:03,717] {dag.py:2371} INFO - Sync 2 DAGs
[2022-12-23 22:51:03,733] {logging_mixin.py:115} INFO - [2022-12-23 22:51:03,732] {dag.py:2919} INFO - Setting next_dagrun for example_xcom_args to None, run_after=None
[2022-12-23 22:51:03,733] {logging_mixin.py:115} INFO - [2022-12-23 22:51:03,733] {dag.py:2919} INFO - Setting next_dagrun for example_xcom_args_with_operators to None, run_after=None
[2022-12-23 22:51:03,742] {processor.py:161} INFO - Processing /home/airflow/.local/lib/python3.7/site-packages/airflow/example_dags/example_xcomargs.py took 0.070 seconds
[2022-12-23 22:51:34,624] {processor.py:153} INFO - Started process (PID=4065) to work on /home/airflow/.local/lib/python3.7/site-packages/airflow/example_dags/example_xcomargs.py
[2022-12-23 22:51:34,626] {processor.py:641} INFO - Processing file /home/airflow/.local/lib/python3.7/site-packages/airflow/example_dags/example_xcomargs.py for tasks to queue
[2022-12-23 22:51:34,629] {logging_mixin.py:115} INFO - [2022-12-23 22:51:34,629] {dagbag.py:507} INFO - Filling up the DagBag from /home/airflow/.local/lib/python3.7/site-packages/airflow/example_dags/example_xcomargs.py
[2022-12-23 22:51:34,647] {processor.py:651} INFO - DAG(s) dict_keys(['example_xcom_args', 'example_xcom_args_with_operators']) retrieved from /home/airflow/.local/lib/python3.7/site-packages/airflow/example_dags/example_xcomargs.py
[2022-12-23 22:51:34,712] {logging_mixin.py:115} INFO - [2022-12-23 22:51:34,711] {dag.py:2371} INFO - Sync 2 DAGs
[2022-12-23 22:51:34,731] {logging_mixin.py:115} INFO - [2022-12-23 22:51:34,731] {dag.py:2919} INFO - Setting next_dagrun for example_xcom_args to None, run_after=None
[2022-12-23 22:51:34,732] {logging_mixin.py:115} INFO - [2022-12-23 22:51:34,732] {dag.py:2919} INFO - Setting next_dagrun for example_xcom_args_with_operators to None, run_after=None
[2022-12-23 22:51:34,747] {processor.py:161} INFO - Processing /home/airflow/.local/lib/python3.7/site-packages/airflow/example_dags/example_xcomargs.py took 0.125 seconds
[2022-12-23 22:52:04,820] {processor.py:153} INFO - Started process (PID=4269) to work on /home/airflow/.local/lib/python3.7/site-packages/airflow/example_dags/example_xcomargs.py
[2022-12-23 22:52:04,821] {processor.py:641} INFO - Processing file /home/airflow/.local/lib/python3.7/site-packages/airflow/example_dags/example_xcomargs.py for tasks to queue
[2022-12-23 22:52:04,822] {logging_mixin.py:115} INFO - [2022-12-23 22:52:04,822] {dagbag.py:507} INFO - Filling up the DagBag from /home/airflow/.local/lib/python3.7/site-packages/airflow/example_dags/example_xcomargs.py
[2022-12-23 22:52:04,837] {processor.py:651} INFO - DAG(s) dict_keys(['example_xcom_args', 'example_xcom_args_with_operators']) retrieved from /home/airflow/.local/lib/python3.7/site-packages/airflow/example_dags/example_xcomargs.py
[2022-12-23 22:52:04,886] {logging_mixin.py:115} INFO - [2022-12-23 22:52:04,886] {dag.py:2371} INFO - Sync 2 DAGs
[2022-12-23 22:52:04,900] {logging_mixin.py:115} INFO - [2022-12-23 22:52:04,900] {dag.py:2919} INFO - Setting next_dagrun for example_xcom_args to None, run_after=None
[2022-12-23 22:52:04,901] {logging_mixin.py:115} INFO - [2022-12-23 22:52:04,901] {dag.py:2919} INFO - Setting next_dagrun for example_xcom_args_with_operators to None, run_after=None
[2022-12-23 22:52:04,909] {processor.py:161} INFO - Processing /home/airflow/.local/lib/python3.7/site-packages/airflow/example_dags/example_xcomargs.py took 0.092 seconds
[2022-12-23 22:52:34,954] {processor.py:153} INFO - Started process (PID=4472) to work on /home/airflow/.local/lib/python3.7/site-packages/airflow/example_dags/example_xcomargs.py
[2022-12-23 22:52:34,955] {processor.py:641} INFO - Processing file /home/airflow/.local/lib/python3.7/site-packages/airflow/example_dags/example_xcomargs.py for tasks to queue
[2022-12-23 22:52:34,956] {logging_mixin.py:115} INFO - [2022-12-23 22:52:34,956] {dagbag.py:507} INFO - Filling up the DagBag from /home/airflow/.local/lib/python3.7/site-packages/airflow/example_dags/example_xcomargs.py
[2022-12-23 22:52:34,970] {processor.py:651} INFO - DAG(s) dict_keys(['example_xcom_args', 'example_xcom_args_with_operators']) retrieved from /home/airflow/.local/lib/python3.7/site-packages/airflow/example_dags/example_xcomargs.py
[2022-12-23 22:52:35,020] {logging_mixin.py:115} INFO - [2022-12-23 22:52:35,020] {dag.py:2371} INFO - Sync 2 DAGs
[2022-12-23 22:52:35,035] {logging_mixin.py:115} INFO - [2022-12-23 22:52:35,035] {dag.py:2919} INFO - Setting next_dagrun for example_xcom_args to None, run_after=None
[2022-12-23 22:52:35,036] {logging_mixin.py:115} INFO - [2022-12-23 22:52:35,036] {dag.py:2919} INFO - Setting next_dagrun for example_xcom_args_with_operators to None, run_after=None
[2022-12-23 22:52:35,053] {processor.py:161} INFO - Processing /home/airflow/.local/lib/python3.7/site-packages/airflow/example_dags/example_xcomargs.py took 0.102 seconds
[2022-12-23 22:53:05,666] {processor.py:153} INFO - Started process (PID=4687) to work on /home/airflow/.local/lib/python3.7/site-packages/airflow/example_dags/example_xcomargs.py
[2022-12-23 22:53:05,667] {processor.py:641} INFO - Processing file /home/airflow/.local/lib/python3.7/site-packages/airflow/example_dags/example_xcomargs.py for tasks to queue
[2022-12-23 22:53:05,668] {logging_mixin.py:115} INFO - [2022-12-23 22:53:05,668] {dagbag.py:507} INFO - Filling up the DagBag from /home/airflow/.local/lib/python3.7/site-packages/airflow/example_dags/example_xcomargs.py
[2022-12-23 22:53:05,682] {processor.py:651} INFO - DAG(s) dict_keys(['example_xcom_args', 'example_xcom_args_with_operators']) retrieved from /home/airflow/.local/lib/python3.7/site-packages/airflow/example_dags/example_xcomargs.py
[2022-12-23 22:53:05,733] {logging_mixin.py:115} INFO - [2022-12-23 22:53:05,733] {dag.py:2371} INFO - Sync 2 DAGs
[2022-12-23 22:53:05,750] {logging_mixin.py:115} INFO - [2022-12-23 22:53:05,750] {dag.py:2919} INFO - Setting next_dagrun for example_xcom_args to None, run_after=None
[2022-12-23 22:53:05,750] {logging_mixin.py:115} INFO - [2022-12-23 22:53:05,750] {dag.py:2919} INFO - Setting next_dagrun for example_xcom_args_with_operators to None, run_after=None
[2022-12-23 22:53:05,760] {processor.py:161} INFO - Processing /home/airflow/.local/lib/python3.7/site-packages/airflow/example_dags/example_xcomargs.py took 0.096 seconds
[2022-12-23 22:53:36,594] {processor.py:153} INFO - Started process (PID=4889) to work on /home/airflow/.local/lib/python3.7/site-packages/airflow/example_dags/example_xcomargs.py
[2022-12-23 22:53:36,595] {processor.py:641} INFO - Processing file /home/airflow/.local/lib/python3.7/site-packages/airflow/example_dags/example_xcomargs.py for tasks to queue
[2022-12-23 22:53:36,596] {logging_mixin.py:115} INFO - [2022-12-23 22:53:36,596] {dagbag.py:507} INFO - Filling up the DagBag from /home/airflow/.local/lib/python3.7/site-packages/airflow/example_dags/example_xcomargs.py
[2022-12-23 22:53:36,630] {processor.py:651} INFO - DAG(s) dict_keys(['example_xcom_args', 'example_xcom_args_with_operators']) retrieved from /home/airflow/.local/lib/python3.7/site-packages/airflow/example_dags/example_xcomargs.py
[2022-12-23 22:53:36,676] {logging_mixin.py:115} INFO - [2022-12-23 22:53:36,676] {dag.py:2371} INFO - Sync 2 DAGs
[2022-12-23 22:53:36,723] {logging_mixin.py:115} INFO - [2022-12-23 22:53:36,722] {dag.py:2919} INFO - Setting next_dagrun for example_xcom_args to None, run_after=None
[2022-12-23 22:53:36,723] {logging_mixin.py:115} INFO - [2022-12-23 22:53:36,723] {dag.py:2919} INFO - Setting next_dagrun for example_xcom_args_with_operators to None, run_after=None
[2022-12-23 22:53:36,734] {processor.py:161} INFO - Processing /home/airflow/.local/lib/python3.7/site-packages/airflow/example_dags/example_xcomargs.py took 0.144 seconds
[2022-12-23 22:54:07,160] {processor.py:153} INFO - Started process (PID=5083) to work on /home/airflow/.local/lib/python3.7/site-packages/airflow/example_dags/example_xcomargs.py
[2022-12-23 22:54:07,161] {processor.py:641} INFO - Processing file /home/airflow/.local/lib/python3.7/site-packages/airflow/example_dags/example_xcomargs.py for tasks to queue
[2022-12-23 22:54:07,162] {logging_mixin.py:115} INFO - [2022-12-23 22:54:07,162] {dagbag.py:507} INFO - Filling up the DagBag from /home/airflow/.local/lib/python3.7/site-packages/airflow/example_dags/example_xcomargs.py
[2022-12-23 22:54:07,177] {processor.py:651} INFO - DAG(s) dict_keys(['example_xcom_args', 'example_xcom_args_with_operators']) retrieved from /home/airflow/.local/lib/python3.7/site-packages/airflow/example_dags/example_xcomargs.py
[2022-12-23 22:54:07,208] {logging_mixin.py:115} INFO - [2022-12-23 22:54:07,208] {dag.py:2371} INFO - Sync 2 DAGs
[2022-12-23 22:54:07,224] {logging_mixin.py:115} INFO - [2022-12-23 22:54:07,224] {dag.py:2919} INFO - Setting next_dagrun for example_xcom_args to None, run_after=None
[2022-12-23 22:54:07,225] {logging_mixin.py:115} INFO - [2022-12-23 22:54:07,225] {dag.py:2919} INFO - Setting next_dagrun for example_xcom_args_with_operators to None, run_after=None
[2022-12-23 22:54:07,233] {processor.py:161} INFO - Processing /home/airflow/.local/lib/python3.7/site-packages/airflow/example_dags/example_xcomargs.py took 0.077 seconds
[2022-12-23 22:54:37,533] {processor.py:153} INFO - Started process (PID=5293) to work on /home/airflow/.local/lib/python3.7/site-packages/airflow/example_dags/example_xcomargs.py
[2022-12-23 22:54:37,535] {processor.py:641} INFO - Processing file /home/airflow/.local/lib/python3.7/site-packages/airflow/example_dags/example_xcomargs.py for tasks to queue
[2022-12-23 22:54:37,536] {logging_mixin.py:115} INFO - [2022-12-23 22:54:37,536] {dagbag.py:507} INFO - Filling up the DagBag from /home/airflow/.local/lib/python3.7/site-packages/airflow/example_dags/example_xcomargs.py
[2022-12-23 22:54:37,563] {processor.py:651} INFO - DAG(s) dict_keys(['example_xcom_args', 'example_xcom_args_with_operators']) retrieved from /home/airflow/.local/lib/python3.7/site-packages/airflow/example_dags/example_xcomargs.py
[2022-12-23 22:54:37,625] {logging_mixin.py:115} INFO - [2022-12-23 22:54:37,625] {dag.py:2371} INFO - Sync 2 DAGs
[2022-12-23 22:54:37,641] {logging_mixin.py:115} INFO - [2022-12-23 22:54:37,641] {dag.py:2919} INFO - Setting next_dagrun for example_xcom_args to None, run_after=None
[2022-12-23 22:54:37,642] {logging_mixin.py:115} INFO - [2022-12-23 22:54:37,642] {dag.py:2919} INFO - Setting next_dagrun for example_xcom_args_with_operators to None, run_after=None
[2022-12-23 22:54:37,653] {processor.py:161} INFO - Processing /home/airflow/.local/lib/python3.7/site-packages/airflow/example_dags/example_xcomargs.py took 0.124 seconds
[2022-12-23 22:55:07,711] {processor.py:153} INFO - Started process (PID=5497) to work on /home/airflow/.local/lib/python3.7/site-packages/airflow/example_dags/example_xcomargs.py
[2022-12-23 22:55:07,712] {processor.py:641} INFO - Processing file /home/airflow/.local/lib/python3.7/site-packages/airflow/example_dags/example_xcomargs.py for tasks to queue
[2022-12-23 22:55:07,713] {logging_mixin.py:115} INFO - [2022-12-23 22:55:07,713] {dagbag.py:507} INFO - Filling up the DagBag from /home/airflow/.local/lib/python3.7/site-packages/airflow/example_dags/example_xcomargs.py
[2022-12-23 22:55:07,727] {processor.py:651} INFO - DAG(s) dict_keys(['example_xcom_args', 'example_xcom_args_with_operators']) retrieved from /home/airflow/.local/lib/python3.7/site-packages/airflow/example_dags/example_xcomargs.py
[2022-12-23 22:55:07,776] {logging_mixin.py:115} INFO - [2022-12-23 22:55:07,776] {dag.py:2371} INFO - Sync 2 DAGs
[2022-12-23 22:55:07,797] {logging_mixin.py:115} INFO - [2022-12-23 22:55:07,797] {dag.py:2919} INFO - Setting next_dagrun for example_xcom_args to None, run_after=None
[2022-12-23 22:55:07,798] {logging_mixin.py:115} INFO - [2022-12-23 22:55:07,798] {dag.py:2919} INFO - Setting next_dagrun for example_xcom_args_with_operators to None, run_after=None
[2022-12-23 22:55:07,813] {processor.py:161} INFO - Processing /home/airflow/.local/lib/python3.7/site-packages/airflow/example_dags/example_xcomargs.py took 0.104 seconds
[2022-12-23 22:55:37,931] {processor.py:153} INFO - Started process (PID=5700) to work on /home/airflow/.local/lib/python3.7/site-packages/airflow/example_dags/example_xcomargs.py
[2022-12-23 22:55:37,932] {processor.py:641} INFO - Processing file /home/airflow/.local/lib/python3.7/site-packages/airflow/example_dags/example_xcomargs.py for tasks to queue
[2022-12-23 22:55:37,933] {logging_mixin.py:115} INFO - [2022-12-23 22:55:37,933] {dagbag.py:507} INFO - Filling up the DagBag from /home/airflow/.local/lib/python3.7/site-packages/airflow/example_dags/example_xcomargs.py
[2022-12-23 22:55:37,946] {processor.py:651} INFO - DAG(s) dict_keys(['example_xcom_args', 'example_xcom_args_with_operators']) retrieved from /home/airflow/.local/lib/python3.7/site-packages/airflow/example_dags/example_xcomargs.py
[2022-12-23 22:55:37,995] {logging_mixin.py:115} INFO - [2022-12-23 22:55:37,995] {dag.py:2371} INFO - Sync 2 DAGs
[2022-12-23 22:55:38,009] {logging_mixin.py:115} INFO - [2022-12-23 22:55:38,009] {dag.py:2919} INFO - Setting next_dagrun for example_xcom_args to None, run_after=None
[2022-12-23 22:55:38,010] {logging_mixin.py:115} INFO - [2022-12-23 22:55:38,010] {dag.py:2919} INFO - Setting next_dagrun for example_xcom_args_with_operators to None, run_after=None
[2022-12-23 22:55:38,020] {processor.py:161} INFO - Processing /home/airflow/.local/lib/python3.7/site-packages/airflow/example_dags/example_xcomargs.py took 0.092 seconds
[2022-12-23 22:56:08,348] {processor.py:153} INFO - Started process (PID=5903) to work on /home/airflow/.local/lib/python3.7/site-packages/airflow/example_dags/example_xcomargs.py
[2022-12-23 22:56:08,349] {processor.py:641} INFO - Processing file /home/airflow/.local/lib/python3.7/site-packages/airflow/example_dags/example_xcomargs.py for tasks to queue
[2022-12-23 22:56:08,350] {logging_mixin.py:115} INFO - [2022-12-23 22:56:08,350] {dagbag.py:507} INFO - Filling up the DagBag from /home/airflow/.local/lib/python3.7/site-packages/airflow/example_dags/example_xcomargs.py
[2022-12-23 22:56:08,364] {processor.py:651} INFO - DAG(s) dict_keys(['example_xcom_args', 'example_xcom_args_with_operators']) retrieved from /home/airflow/.local/lib/python3.7/site-packages/airflow/example_dags/example_xcomargs.py
[2022-12-23 22:56:08,414] {logging_mixin.py:115} INFO - [2022-12-23 22:56:08,414] {dag.py:2371} INFO - Sync 2 DAGs
[2022-12-23 22:56:08,429] {logging_mixin.py:115} INFO - [2022-12-23 22:56:08,429] {dag.py:2919} INFO - Setting next_dagrun for example_xcom_args to None, run_after=None
[2022-12-23 22:56:08,430] {logging_mixin.py:115} INFO - [2022-12-23 22:56:08,430] {dag.py:2919} INFO - Setting next_dagrun for example_xcom_args_with_operators to None, run_after=None
[2022-12-23 22:56:08,439] {processor.py:161} INFO - Processing /home/airflow/.local/lib/python3.7/site-packages/airflow/example_dags/example_xcomargs.py took 0.093 seconds
[2022-12-23 22:56:38,619] {processor.py:153} INFO - Started process (PID=6107) to work on /home/airflow/.local/lib/python3.7/site-packages/airflow/example_dags/example_xcomargs.py
[2022-12-23 22:56:38,620] {processor.py:641} INFO - Processing file /home/airflow/.local/lib/python3.7/site-packages/airflow/example_dags/example_xcomargs.py for tasks to queue
[2022-12-23 22:56:38,622] {logging_mixin.py:115} INFO - [2022-12-23 22:56:38,622] {dagbag.py:507} INFO - Filling up the DagBag from /home/airflow/.local/lib/python3.7/site-packages/airflow/example_dags/example_xcomargs.py
[2022-12-23 22:56:38,637] {processor.py:651} INFO - DAG(s) dict_keys(['example_xcom_args', 'example_xcom_args_with_operators']) retrieved from /home/airflow/.local/lib/python3.7/site-packages/airflow/example_dags/example_xcomargs.py
[2022-12-23 22:56:38,689] {logging_mixin.py:115} INFO - [2022-12-23 22:56:38,688] {dag.py:2371} INFO - Sync 2 DAGs
[2022-12-23 22:56:38,704] {logging_mixin.py:115} INFO - [2022-12-23 22:56:38,704] {dag.py:2919} INFO - Setting next_dagrun for example_xcom_args to None, run_after=None
[2022-12-23 22:56:38,705] {logging_mixin.py:115} INFO - [2022-12-23 22:56:38,705] {dag.py:2919} INFO - Setting next_dagrun for example_xcom_args_with_operators to None, run_after=None
[2022-12-23 22:56:38,715] {processor.py:161} INFO - Processing /home/airflow/.local/lib/python3.7/site-packages/airflow/example_dags/example_xcomargs.py took 0.099 seconds
[2022-12-23 22:57:08,945] {processor.py:153} INFO - Started process (PID=6309) to work on /home/airflow/.local/lib/python3.7/site-packages/airflow/example_dags/example_xcomargs.py
[2022-12-23 22:57:08,946] {processor.py:641} INFO - Processing file /home/airflow/.local/lib/python3.7/site-packages/airflow/example_dags/example_xcomargs.py for tasks to queue
[2022-12-23 22:57:08,947] {logging_mixin.py:115} INFO - [2022-12-23 22:57:08,947] {dagbag.py:507} INFO - Filling up the DagBag from /home/airflow/.local/lib/python3.7/site-packages/airflow/example_dags/example_xcomargs.py
[2022-12-23 22:57:08,962] {processor.py:651} INFO - DAG(s) dict_keys(['example_xcom_args', 'example_xcom_args_with_operators']) retrieved from /home/airflow/.local/lib/python3.7/site-packages/airflow/example_dags/example_xcomargs.py
[2022-12-23 22:57:09,013] {logging_mixin.py:115} INFO - [2022-12-23 22:57:09,013] {dag.py:2371} INFO - Sync 2 DAGs
[2022-12-23 22:57:09,031] {logging_mixin.py:115} INFO - [2022-12-23 22:57:09,031] {dag.py:2919} INFO - Setting next_dagrun for example_xcom_args to None, run_after=None
[2022-12-23 22:57:09,031] {logging_mixin.py:115} INFO - [2022-12-23 22:57:09,031] {dag.py:2919} INFO - Setting next_dagrun for example_xcom_args_with_operators to None, run_after=None
[2022-12-23 22:57:09,041] {processor.py:161} INFO - Processing /home/airflow/.local/lib/python3.7/site-packages/airflow/example_dags/example_xcomargs.py took 0.099 seconds
[2022-12-23 22:57:39,169] {processor.py:153} INFO - Started process (PID=6512) to work on /home/airflow/.local/lib/python3.7/site-packages/airflow/example_dags/example_xcomargs.py
[2022-12-23 22:57:39,170] {processor.py:641} INFO - Processing file /home/airflow/.local/lib/python3.7/site-packages/airflow/example_dags/example_xcomargs.py for tasks to queue
[2022-12-23 22:57:39,171] {logging_mixin.py:115} INFO - [2022-12-23 22:57:39,171] {dagbag.py:507} INFO - Filling up the DagBag from /home/airflow/.local/lib/python3.7/site-packages/airflow/example_dags/example_xcomargs.py
[2022-12-23 22:57:39,186] {processor.py:651} INFO - DAG(s) dict_keys(['example_xcom_args', 'example_xcom_args_with_operators']) retrieved from /home/airflow/.local/lib/python3.7/site-packages/airflow/example_dags/example_xcomargs.py
[2022-12-23 22:57:39,237] {logging_mixin.py:115} INFO - [2022-12-23 22:57:39,237] {dag.py:2371} INFO - Sync 2 DAGs
[2022-12-23 22:57:39,258] {logging_mixin.py:115} INFO - [2022-12-23 22:57:39,258] {dag.py:2919} INFO - Setting next_dagrun for example_xcom_args to None, run_after=None
[2022-12-23 22:57:39,258] {logging_mixin.py:115} INFO - [2022-12-23 22:57:39,258] {dag.py:2919} INFO - Setting next_dagrun for example_xcom_args_with_operators to None, run_after=None
[2022-12-23 22:57:39,268] {processor.py:161} INFO - Processing /home/airflow/.local/lib/python3.7/site-packages/airflow/example_dags/example_xcomargs.py took 0.102 seconds
[2022-12-23 22:58:09,711] {processor.py:153} INFO - Started process (PID=6710) to work on /home/airflow/.local/lib/python3.7/site-packages/airflow/example_dags/example_xcomargs.py
[2022-12-23 22:58:09,712] {processor.py:641} INFO - Processing file /home/airflow/.local/lib/python3.7/site-packages/airflow/example_dags/example_xcomargs.py for tasks to queue
[2022-12-23 22:58:09,713] {logging_mixin.py:115} INFO - [2022-12-23 22:58:09,713] {dagbag.py:507} INFO - Filling up the DagBag from /home/airflow/.local/lib/python3.7/site-packages/airflow/example_dags/example_xcomargs.py
[2022-12-23 22:58:09,728] {processor.py:651} INFO - DAG(s) dict_keys(['example_xcom_args', 'example_xcom_args_with_operators']) retrieved from /home/airflow/.local/lib/python3.7/site-packages/airflow/example_dags/example_xcomargs.py
[2022-12-23 22:58:09,789] {logging_mixin.py:115} INFO - [2022-12-23 22:58:09,788] {dag.py:2371} INFO - Sync 2 DAGs
[2022-12-23 22:58:09,804] {logging_mixin.py:115} INFO - [2022-12-23 22:58:09,804] {dag.py:2919} INFO - Setting next_dagrun for example_xcom_args to None, run_after=None
[2022-12-23 22:58:09,805] {logging_mixin.py:115} INFO - [2022-12-23 22:58:09,804] {dag.py:2919} INFO - Setting next_dagrun for example_xcom_args_with_operators to None, run_after=None
[2022-12-23 22:58:09,815] {processor.py:161} INFO - Processing /home/airflow/.local/lib/python3.7/site-packages/airflow/example_dags/example_xcomargs.py took 0.106 seconds
[2022-12-23 22:58:39,845] {processor.py:153} INFO - Started process (PID=6915) to work on /home/airflow/.local/lib/python3.7/site-packages/airflow/example_dags/example_xcomargs.py
[2022-12-23 22:58:39,847] {processor.py:641} INFO - Processing file /home/airflow/.local/lib/python3.7/site-packages/airflow/example_dags/example_xcomargs.py for tasks to queue
[2022-12-23 22:58:39,847] {logging_mixin.py:115} INFO - [2022-12-23 22:58:39,847] {dagbag.py:507} INFO - Filling up the DagBag from /home/airflow/.local/lib/python3.7/site-packages/airflow/example_dags/example_xcomargs.py
[2022-12-23 22:58:39,861] {processor.py:651} INFO - DAG(s) dict_keys(['example_xcom_args', 'example_xcom_args_with_operators']) retrieved from /home/airflow/.local/lib/python3.7/site-packages/airflow/example_dags/example_xcomargs.py
[2022-12-23 22:58:39,886] {logging_mixin.py:115} INFO - [2022-12-23 22:58:39,886] {dag.py:2371} INFO - Sync 2 DAGs
[2022-12-23 22:58:39,901] {logging_mixin.py:115} INFO - [2022-12-23 22:58:39,901] {dag.py:2919} INFO - Setting next_dagrun for example_xcom_args to None, run_after=None
[2022-12-23 22:58:39,902] {logging_mixin.py:115} INFO - [2022-12-23 22:58:39,902] {dag.py:2919} INFO - Setting next_dagrun for example_xcom_args_with_operators to None, run_after=None
[2022-12-23 22:58:39,910] {processor.py:161} INFO - Processing /home/airflow/.local/lib/python3.7/site-packages/airflow/example_dags/example_xcomargs.py took 0.068 seconds
[2022-12-23 22:59:09,965] {processor.py:153} INFO - Started process (PID=7113) to work on /home/airflow/.local/lib/python3.7/site-packages/airflow/example_dags/example_xcomargs.py
[2022-12-23 22:59:09,966] {processor.py:641} INFO - Processing file /home/airflow/.local/lib/python3.7/site-packages/airflow/example_dags/example_xcomargs.py for tasks to queue
[2022-12-23 22:59:09,967] {logging_mixin.py:115} INFO - [2022-12-23 22:59:09,967] {dagbag.py:507} INFO - Filling up the DagBag from /home/airflow/.local/lib/python3.7/site-packages/airflow/example_dags/example_xcomargs.py
[2022-12-23 22:59:09,982] {processor.py:651} INFO - DAG(s) dict_keys(['example_xcom_args', 'example_xcom_args_with_operators']) retrieved from /home/airflow/.local/lib/python3.7/site-packages/airflow/example_dags/example_xcomargs.py
[2022-12-23 22:59:10,006] {logging_mixin.py:115} INFO - [2022-12-23 22:59:10,006] {dag.py:2371} INFO - Sync 2 DAGs
[2022-12-23 22:59:10,022] {logging_mixin.py:115} INFO - [2022-12-23 22:59:10,022] {dag.py:2919} INFO - Setting next_dagrun for example_xcom_args to None, run_after=None
[2022-12-23 22:59:10,023] {logging_mixin.py:115} INFO - [2022-12-23 22:59:10,023] {dag.py:2919} INFO - Setting next_dagrun for example_xcom_args_with_operators to None, run_after=None
[2022-12-23 22:59:10,031] {processor.py:161} INFO - Processing /home/airflow/.local/lib/python3.7/site-packages/airflow/example_dags/example_xcomargs.py took 0.069 seconds
[2022-12-23 22:59:40,384] {processor.py:153} INFO - Started process (PID=7321) to work on /home/airflow/.local/lib/python3.7/site-packages/airflow/example_dags/example_xcomargs.py
[2022-12-23 22:59:40,385] {processor.py:641} INFO - Processing file /home/airflow/.local/lib/python3.7/site-packages/airflow/example_dags/example_xcomargs.py for tasks to queue
[2022-12-23 22:59:40,386] {logging_mixin.py:115} INFO - [2022-12-23 22:59:40,386] {dagbag.py:507} INFO - Filling up the DagBag from /home/airflow/.local/lib/python3.7/site-packages/airflow/example_dags/example_xcomargs.py
[2022-12-23 22:59:40,400] {processor.py:651} INFO - DAG(s) dict_keys(['example_xcom_args', 'example_xcom_args_with_operators']) retrieved from /home/airflow/.local/lib/python3.7/site-packages/airflow/example_dags/example_xcomargs.py
[2022-12-23 22:59:40,451] {logging_mixin.py:115} INFO - [2022-12-23 22:59:40,451] {dag.py:2371} INFO - Sync 2 DAGs
[2022-12-23 22:59:40,465] {logging_mixin.py:115} INFO - [2022-12-23 22:59:40,465] {dag.py:2919} INFO - Setting next_dagrun for example_xcom_args to None, run_after=None
[2022-12-23 22:59:40,466] {logging_mixin.py:115} INFO - [2022-12-23 22:59:40,466] {dag.py:2919} INFO - Setting next_dagrun for example_xcom_args_with_operators to None, run_after=None
[2022-12-23 22:59:40,476] {processor.py:161} INFO - Processing /home/airflow/.local/lib/python3.7/site-packages/airflow/example_dags/example_xcomargs.py took 0.095 seconds
[2022-12-23 23:00:10,597] {processor.py:153} INFO - Started process (PID=7521) to work on /home/airflow/.local/lib/python3.7/site-packages/airflow/example_dags/example_xcomargs.py
[2022-12-23 23:00:10,599] {processor.py:641} INFO - Processing file /home/airflow/.local/lib/python3.7/site-packages/airflow/example_dags/example_xcomargs.py for tasks to queue
[2022-12-23 23:00:10,600] {logging_mixin.py:115} INFO - [2022-12-23 23:00:10,600] {dagbag.py:507} INFO - Filling up the DagBag from /home/airflow/.local/lib/python3.7/site-packages/airflow/example_dags/example_xcomargs.py
[2022-12-23 23:00:10,616] {processor.py:651} INFO - DAG(s) dict_keys(['example_xcom_args', 'example_xcom_args_with_operators']) retrieved from /home/airflow/.local/lib/python3.7/site-packages/airflow/example_dags/example_xcomargs.py
[2022-12-23 23:00:10,667] {logging_mixin.py:115} INFO - [2022-12-23 23:00:10,667] {dag.py:2371} INFO - Sync 2 DAGs
[2022-12-23 23:00:10,683] {logging_mixin.py:115} INFO - [2022-12-23 23:00:10,683] {dag.py:2919} INFO - Setting next_dagrun for example_xcom_args to None, run_after=None
[2022-12-23 23:00:10,684] {logging_mixin.py:115} INFO - [2022-12-23 23:00:10,684] {dag.py:2919} INFO - Setting next_dagrun for example_xcom_args_with_operators to None, run_after=None
[2022-12-23 23:00:10,694] {processor.py:161} INFO - Processing /home/airflow/.local/lib/python3.7/site-packages/airflow/example_dags/example_xcomargs.py took 0.100 seconds
[2022-12-23 23:00:40,860] {processor.py:153} INFO - Started process (PID=7717) to work on /home/airflow/.local/lib/python3.7/site-packages/airflow/example_dags/example_xcomargs.py
[2022-12-23 23:00:40,861] {processor.py:641} INFO - Processing file /home/airflow/.local/lib/python3.7/site-packages/airflow/example_dags/example_xcomargs.py for tasks to queue
[2022-12-23 23:00:40,862] {logging_mixin.py:115} INFO - [2022-12-23 23:00:40,862] {dagbag.py:507} INFO - Filling up the DagBag from /home/airflow/.local/lib/python3.7/site-packages/airflow/example_dags/example_xcomargs.py
[2022-12-23 23:00:40,875] {processor.py:651} INFO - DAG(s) dict_keys(['example_xcom_args', 'example_xcom_args_with_operators']) retrieved from /home/airflow/.local/lib/python3.7/site-packages/airflow/example_dags/example_xcomargs.py
[2022-12-23 23:00:40,899] {logging_mixin.py:115} INFO - [2022-12-23 23:00:40,899] {dag.py:2371} INFO - Sync 2 DAGs
[2022-12-23 23:00:40,914] {logging_mixin.py:115} INFO - [2022-12-23 23:00:40,914] {dag.py:2919} INFO - Setting next_dagrun for example_xcom_args to None, run_after=None
[2022-12-23 23:00:40,915] {logging_mixin.py:115} INFO - [2022-12-23 23:00:40,915] {dag.py:2919} INFO - Setting next_dagrun for example_xcom_args_with_operators to None, run_after=None
[2022-12-23 23:00:40,923] {processor.py:161} INFO - Processing /home/airflow/.local/lib/python3.7/site-packages/airflow/example_dags/example_xcomargs.py took 0.067 seconds
[2022-12-23 23:01:11,080] {processor.py:153} INFO - Started process (PID=7921) to work on /home/airflow/.local/lib/python3.7/site-packages/airflow/example_dags/example_xcomargs.py
[2022-12-23 23:01:11,081] {processor.py:641} INFO - Processing file /home/airflow/.local/lib/python3.7/site-packages/airflow/example_dags/example_xcomargs.py for tasks to queue
[2022-12-23 23:01:11,082] {logging_mixin.py:115} INFO - [2022-12-23 23:01:11,082] {dagbag.py:507} INFO - Filling up the DagBag from /home/airflow/.local/lib/python3.7/site-packages/airflow/example_dags/example_xcomargs.py
[2022-12-23 23:01:11,097] {processor.py:651} INFO - DAG(s) dict_keys(['example_xcom_args', 'example_xcom_args_with_operators']) retrieved from /home/airflow/.local/lib/python3.7/site-packages/airflow/example_dags/example_xcomargs.py
[2022-12-23 23:01:11,152] {logging_mixin.py:115} INFO - [2022-12-23 23:01:11,152] {dag.py:2371} INFO - Sync 2 DAGs
[2022-12-23 23:01:11,168] {logging_mixin.py:115} INFO - [2022-12-23 23:01:11,168] {dag.py:2919} INFO - Setting next_dagrun for example_xcom_args to None, run_after=None
[2022-12-23 23:01:11,169] {logging_mixin.py:115} INFO - [2022-12-23 23:01:11,169] {dag.py:2919} INFO - Setting next_dagrun for example_xcom_args_with_operators to None, run_after=None
[2022-12-23 23:01:11,180] {processor.py:161} INFO - Processing /home/airflow/.local/lib/python3.7/site-packages/airflow/example_dags/example_xcomargs.py took 0.103 seconds
[2022-12-23 23:03:25,114] {processor.py:153} INFO - Started process (PID=58) to work on /home/airflow/.local/lib/python3.7/site-packages/airflow/example_dags/example_xcomargs.py
[2022-12-23 23:03:25,117] {processor.py:641} INFO - Processing file /home/airflow/.local/lib/python3.7/site-packages/airflow/example_dags/example_xcomargs.py for tasks to queue
[2022-12-23 23:03:25,118] {logging_mixin.py:115} INFO - [2022-12-23 23:03:25,118] {dagbag.py:507} INFO - Filling up the DagBag from /home/airflow/.local/lib/python3.7/site-packages/airflow/example_dags/example_xcomargs.py
[2022-12-23 23:03:25,167] {processor.py:651} INFO - DAG(s) dict_keys(['example_xcom_args', 'example_xcom_args_with_operators']) retrieved from /home/airflow/.local/lib/python3.7/site-packages/airflow/example_dags/example_xcomargs.py
[2022-12-23 23:03:25,738] {logging_mixin.py:115} INFO - [2022-12-23 23:03:25,738] {manager.py:508} INFO - Created Permission View: can read on DAG:example_xcom_args
[2022-12-23 23:03:25,758] {logging_mixin.py:115} INFO - [2022-12-23 23:03:25,758] {manager.py:508} INFO - Created Permission View: can edit on DAG:example_xcom_args
[2022-12-23 23:03:25,772] {logging_mixin.py:115} INFO - [2022-12-23 23:03:25,772] {manager.py:508} INFO - Created Permission View: can delete on DAG:example_xcom_args
[2022-12-23 23:03:25,793] {logging_mixin.py:115} INFO - [2022-12-23 23:03:25,793] {manager.py:508} INFO - Created Permission View: can read on DAG:example_xcom_args_with_operators
[2022-12-23 23:03:25,803] {logging_mixin.py:115} INFO - [2022-12-23 23:03:25,803] {manager.py:508} INFO - Created Permission View: can edit on DAG:example_xcom_args_with_operators
[2022-12-23 23:03:25,807] {logging_mixin.py:115} INFO - [2022-12-23 23:03:25,807] {manager.py:508} INFO - Created Permission View: can delete on DAG:example_xcom_args_with_operators
[2022-12-23 23:03:25,808] {logging_mixin.py:115} INFO - [2022-12-23 23:03:25,808] {dag.py:2371} INFO - Sync 2 DAGs
[2022-12-23 23:03:25,820] {logging_mixin.py:115} INFO - [2022-12-23 23:03:25,820] {dag.py:2390} INFO - Creating ORM DAG for example_xcom_args
[2022-12-23 23:03:25,823] {logging_mixin.py:115} INFO - [2022-12-23 23:03:25,823] {dag.py:2390} INFO - Creating ORM DAG for example_xcom_args_with_operators
[2022-12-23 23:03:25,838] {logging_mixin.py:115} INFO - [2022-12-23 23:03:25,838] {dag.py:2919} INFO - Setting next_dagrun for example_xcom_args to None, run_after=None
[2022-12-23 23:03:25,839] {logging_mixin.py:115} INFO - [2022-12-23 23:03:25,839] {dag.py:2919} INFO - Setting next_dagrun for example_xcom_args_with_operators to None, run_after=None
[2022-12-23 23:03:25,853] {processor.py:161} INFO - Processing /home/airflow/.local/lib/python3.7/site-packages/airflow/example_dags/example_xcomargs.py took 0.746 seconds
[2022-12-23 23:03:56,261] {processor.py:153} INFO - Started process (PID=121) to work on /home/airflow/.local/lib/python3.7/site-packages/airflow/example_dags/example_xcomargs.py
[2022-12-23 23:03:56,263] {processor.py:641} INFO - Processing file /home/airflow/.local/lib/python3.7/site-packages/airflow/example_dags/example_xcomargs.py for tasks to queue
[2022-12-23 23:03:56,264] {logging_mixin.py:115} INFO - [2022-12-23 23:03:56,264] {dagbag.py:507} INFO - Filling up the DagBag from /home/airflow/.local/lib/python3.7/site-packages/airflow/example_dags/example_xcomargs.py
[2022-12-23 23:03:56,282] {processor.py:651} INFO - DAG(s) dict_keys(['example_xcom_args', 'example_xcom_args_with_operators']) retrieved from /home/airflow/.local/lib/python3.7/site-packages/airflow/example_dags/example_xcomargs.py
[2022-12-23 23:03:56,450] {logging_mixin.py:115} INFO - [2022-12-23 23:03:56,450] {dag.py:2371} INFO - Sync 2 DAGs
[2022-12-23 23:03:56,467] {logging_mixin.py:115} INFO - [2022-12-23 23:03:56,467] {dag.py:2919} INFO - Setting next_dagrun for example_xcom_args to None, run_after=None
[2022-12-23 23:03:56,469] {logging_mixin.py:115} INFO - [2022-12-23 23:03:56,469] {dag.py:2919} INFO - Setting next_dagrun for example_xcom_args_with_operators to None, run_after=None
[2022-12-23 23:03:56,484] {processor.py:161} INFO - Processing /home/airflow/.local/lib/python3.7/site-packages/airflow/example_dags/example_xcomargs.py took 0.227 seconds
[2022-12-23 23:04:26,726] {processor.py:153} INFO - Started process (PID=175) to work on /home/airflow/.local/lib/python3.7/site-packages/airflow/example_dags/example_xcomargs.py
[2022-12-23 23:04:26,728] {processor.py:641} INFO - Processing file /home/airflow/.local/lib/python3.7/site-packages/airflow/example_dags/example_xcomargs.py for tasks to queue
[2022-12-23 23:04:26,729] {logging_mixin.py:115} INFO - [2022-12-23 23:04:26,729] {dagbag.py:507} INFO - Filling up the DagBag from /home/airflow/.local/lib/python3.7/site-packages/airflow/example_dags/example_xcomargs.py
[2022-12-23 23:04:26,747] {processor.py:651} INFO - DAG(s) dict_keys(['example_xcom_args', 'example_xcom_args_with_operators']) retrieved from /home/airflow/.local/lib/python3.7/site-packages/airflow/example_dags/example_xcomargs.py
[2022-12-23 23:04:26,907] {logging_mixin.py:115} INFO - [2022-12-23 23:04:26,907] {dag.py:2371} INFO - Sync 2 DAGs
[2022-12-23 23:04:26,919] {logging_mixin.py:115} INFO - [2022-12-23 23:04:26,919] {dag.py:2919} INFO - Setting next_dagrun for example_xcom_args to None, run_after=None
[2022-12-23 23:04:26,920] {logging_mixin.py:115} INFO - [2022-12-23 23:04:26,920] {dag.py:2919} INFO - Setting next_dagrun for example_xcom_args_with_operators to None, run_after=None
[2022-12-23 23:04:26,933] {processor.py:161} INFO - Processing /home/airflow/.local/lib/python3.7/site-packages/airflow/example_dags/example_xcomargs.py took 0.210 seconds
[2022-12-23 23:04:57,076] {processor.py:153} INFO - Started process (PID=238) to work on /home/airflow/.local/lib/python3.7/site-packages/airflow/example_dags/example_xcomargs.py
[2022-12-23 23:04:57,078] {processor.py:641} INFO - Processing file /home/airflow/.local/lib/python3.7/site-packages/airflow/example_dags/example_xcomargs.py for tasks to queue
[2022-12-23 23:04:57,079] {logging_mixin.py:115} INFO - [2022-12-23 23:04:57,079] {dagbag.py:507} INFO - Filling up the DagBag from /home/airflow/.local/lib/python3.7/site-packages/airflow/example_dags/example_xcomargs.py
[2022-12-23 23:04:57,094] {processor.py:651} INFO - DAG(s) dict_keys(['example_xcom_args', 'example_xcom_args_with_operators']) retrieved from /home/airflow/.local/lib/python3.7/site-packages/airflow/example_dags/example_xcomargs.py
[2022-12-23 23:04:57,238] {logging_mixin.py:115} INFO - [2022-12-23 23:04:57,238] {dag.py:2371} INFO - Sync 2 DAGs
[2022-12-23 23:04:57,250] {logging_mixin.py:115} INFO - [2022-12-23 23:04:57,250] {dag.py:2919} INFO - Setting next_dagrun for example_xcom_args to None, run_after=None
[2022-12-23 23:04:57,251] {logging_mixin.py:115} INFO - [2022-12-23 23:04:57,251] {dag.py:2919} INFO - Setting next_dagrun for example_xcom_args_with_operators to None, run_after=None
[2022-12-23 23:04:57,260] {processor.py:161} INFO - Processing /home/airflow/.local/lib/python3.7/site-packages/airflow/example_dags/example_xcomargs.py took 0.190 seconds
[2022-12-23 23:05:27,320] {processor.py:153} INFO - Started process (PID=301) to work on /home/airflow/.local/lib/python3.7/site-packages/airflow/example_dags/example_xcomargs.py
[2022-12-23 23:05:27,321] {processor.py:641} INFO - Processing file /home/airflow/.local/lib/python3.7/site-packages/airflow/example_dags/example_xcomargs.py for tasks to queue
[2022-12-23 23:05:27,322] {logging_mixin.py:115} INFO - [2022-12-23 23:05:27,322] {dagbag.py:507} INFO - Filling up the DagBag from /home/airflow/.local/lib/python3.7/site-packages/airflow/example_dags/example_xcomargs.py
[2022-12-23 23:05:27,342] {processor.py:651} INFO - DAG(s) dict_keys(['example_xcom_args', 'example_xcom_args_with_operators']) retrieved from /home/airflow/.local/lib/python3.7/site-packages/airflow/example_dags/example_xcomargs.py
[2022-12-23 23:05:27,519] {logging_mixin.py:115} INFO - [2022-12-23 23:05:27,519] {dag.py:2371} INFO - Sync 2 DAGs
[2022-12-23 23:05:27,533] {logging_mixin.py:115} INFO - [2022-12-23 23:05:27,533] {dag.py:2919} INFO - Setting next_dagrun for example_xcom_args to None, run_after=None
[2022-12-23 23:05:27,533] {logging_mixin.py:115} INFO - [2022-12-23 23:05:27,533] {dag.py:2919} INFO - Setting next_dagrun for example_xcom_args_with_operators to None, run_after=None
[2022-12-23 23:05:27,544] {processor.py:161} INFO - Processing /home/airflow/.local/lib/python3.7/site-packages/airflow/example_dags/example_xcomargs.py took 0.228 seconds
[2022-12-23 23:05:57,861] {processor.py:153} INFO - Started process (PID=364) to work on /home/airflow/.local/lib/python3.7/site-packages/airflow/example_dags/example_xcomargs.py
[2022-12-23 23:05:57,863] {processor.py:641} INFO - Processing file /home/airflow/.local/lib/python3.7/site-packages/airflow/example_dags/example_xcomargs.py for tasks to queue
[2022-12-23 23:05:57,864] {logging_mixin.py:115} INFO - [2022-12-23 23:05:57,864] {dagbag.py:507} INFO - Filling up the DagBag from /home/airflow/.local/lib/python3.7/site-packages/airflow/example_dags/example_xcomargs.py
[2022-12-23 23:05:57,881] {processor.py:651} INFO - DAG(s) dict_keys(['example_xcom_args', 'example_xcom_args_with_operators']) retrieved from /home/airflow/.local/lib/python3.7/site-packages/airflow/example_dags/example_xcomargs.py
[2022-12-23 23:05:58,028] {logging_mixin.py:115} INFO - [2022-12-23 23:05:58,028] {dag.py:2371} INFO - Sync 2 DAGs
[2022-12-23 23:05:58,041] {logging_mixin.py:115} INFO - [2022-12-23 23:05:58,041] {dag.py:2919} INFO - Setting next_dagrun for example_xcom_args to None, run_after=None
[2022-12-23 23:05:58,042] {logging_mixin.py:115} INFO - [2022-12-23 23:05:58,042] {dag.py:2919} INFO - Setting next_dagrun for example_xcom_args_with_operators to None, run_after=None
[2022-12-23 23:05:58,050] {processor.py:161} INFO - Processing /home/airflow/.local/lib/python3.7/site-packages/airflow/example_dags/example_xcomargs.py took 0.193 seconds
[2022-12-23 23:06:28,252] {processor.py:153} INFO - Started process (PID=418) to work on /home/airflow/.local/lib/python3.7/site-packages/airflow/example_dags/example_xcomargs.py
[2022-12-23 23:06:28,254] {processor.py:641} INFO - Processing file /home/airflow/.local/lib/python3.7/site-packages/airflow/example_dags/example_xcomargs.py for tasks to queue
[2022-12-23 23:06:28,255] {logging_mixin.py:115} INFO - [2022-12-23 23:06:28,255] {dagbag.py:507} INFO - Filling up the DagBag from /home/airflow/.local/lib/python3.7/site-packages/airflow/example_dags/example_xcomargs.py
[2022-12-23 23:06:28,274] {processor.py:651} INFO - DAG(s) dict_keys(['example_xcom_args', 'example_xcom_args_with_operators']) retrieved from /home/airflow/.local/lib/python3.7/site-packages/airflow/example_dags/example_xcomargs.py
[2022-12-23 23:06:28,423] {logging_mixin.py:115} INFO - [2022-12-23 23:06:28,423] {dag.py:2371} INFO - Sync 2 DAGs
[2022-12-23 23:06:28,436] {logging_mixin.py:115} INFO - [2022-12-23 23:06:28,436] {dag.py:2919} INFO - Setting next_dagrun for example_xcom_args to None, run_after=None
[2022-12-23 23:06:28,437] {logging_mixin.py:115} INFO - [2022-12-23 23:06:28,437] {dag.py:2919} INFO - Setting next_dagrun for example_xcom_args_with_operators to None, run_after=None
[2022-12-23 23:06:28,452] {processor.py:161} INFO - Processing /home/airflow/.local/lib/python3.7/site-packages/airflow/example_dags/example_xcomargs.py took 0.205 seconds
[2022-12-23 23:06:58,832] {processor.py:153} INFO - Started process (PID=481) to work on /home/airflow/.local/lib/python3.7/site-packages/airflow/example_dags/example_xcomargs.py
[2022-12-23 23:06:58,833] {processor.py:641} INFO - Processing file /home/airflow/.local/lib/python3.7/site-packages/airflow/example_dags/example_xcomargs.py for tasks to queue
[2022-12-23 23:06:58,834] {logging_mixin.py:115} INFO - [2022-12-23 23:06:58,834] {dagbag.py:507} INFO - Filling up the DagBag from /home/airflow/.local/lib/python3.7/site-packages/airflow/example_dags/example_xcomargs.py
[2022-12-23 23:06:58,851] {processor.py:651} INFO - DAG(s) dict_keys(['example_xcom_args', 'example_xcom_args_with_operators']) retrieved from /home/airflow/.local/lib/python3.7/site-packages/airflow/example_dags/example_xcomargs.py
[2022-12-23 23:06:58,994] {logging_mixin.py:115} INFO - [2022-12-23 23:06:58,994] {dag.py:2371} INFO - Sync 2 DAGs
[2022-12-23 23:06:59,006] {logging_mixin.py:115} INFO - [2022-12-23 23:06:59,006] {dag.py:2919} INFO - Setting next_dagrun for example_xcom_args to None, run_after=None
[2022-12-23 23:06:59,007] {logging_mixin.py:115} INFO - [2022-12-23 23:06:59,007] {dag.py:2919} INFO - Setting next_dagrun for example_xcom_args_with_operators to None, run_after=None
[2022-12-23 23:06:59,015] {processor.py:161} INFO - Processing /home/airflow/.local/lib/python3.7/site-packages/airflow/example_dags/example_xcomargs.py took 0.188 seconds
[2022-12-23 23:07:29,273] {processor.py:153} INFO - Started process (PID=544) to work on /home/airflow/.local/lib/python3.7/site-packages/airflow/example_dags/example_xcomargs.py
[2022-12-23 23:07:29,274] {processor.py:641} INFO - Processing file /home/airflow/.local/lib/python3.7/site-packages/airflow/example_dags/example_xcomargs.py for tasks to queue
[2022-12-23 23:07:29,275] {logging_mixin.py:115} INFO - [2022-12-23 23:07:29,275] {dagbag.py:507} INFO - Filling up the DagBag from /home/airflow/.local/lib/python3.7/site-packages/airflow/example_dags/example_xcomargs.py
[2022-12-23 23:07:29,291] {processor.py:651} INFO - DAG(s) dict_keys(['example_xcom_args', 'example_xcom_args_with_operators']) retrieved from /home/airflow/.local/lib/python3.7/site-packages/airflow/example_dags/example_xcomargs.py
[2022-12-23 23:07:29,443] {logging_mixin.py:115} INFO - [2022-12-23 23:07:29,443] {dag.py:2371} INFO - Sync 2 DAGs
[2022-12-23 23:07:29,457] {logging_mixin.py:115} INFO - [2022-12-23 23:07:29,457] {dag.py:2919} INFO - Setting next_dagrun for example_xcom_args to None, run_after=None
[2022-12-23 23:07:29,458] {logging_mixin.py:115} INFO - [2022-12-23 23:07:29,458] {dag.py:2919} INFO - Setting next_dagrun for example_xcom_args_with_operators to None, run_after=None
[2022-12-23 23:07:29,469] {processor.py:161} INFO - Processing /home/airflow/.local/lib/python3.7/site-packages/airflow/example_dags/example_xcomargs.py took 0.200 seconds
[2022-12-23 23:07:59,604] {processor.py:153} INFO - Started process (PID=607) to work on /home/airflow/.local/lib/python3.7/site-packages/airflow/example_dags/example_xcomargs.py
[2022-12-23 23:07:59,605] {processor.py:641} INFO - Processing file /home/airflow/.local/lib/python3.7/site-packages/airflow/example_dags/example_xcomargs.py for tasks to queue
[2022-12-23 23:07:59,606] {logging_mixin.py:115} INFO - [2022-12-23 23:07:59,606] {dagbag.py:507} INFO - Filling up the DagBag from /home/airflow/.local/lib/python3.7/site-packages/airflow/example_dags/example_xcomargs.py
[2022-12-23 23:07:59,621] {processor.py:651} INFO - DAG(s) dict_keys(['example_xcom_args', 'example_xcom_args_with_operators']) retrieved from /home/airflow/.local/lib/python3.7/site-packages/airflow/example_dags/example_xcomargs.py
[2022-12-23 23:07:59,771] {logging_mixin.py:115} INFO - [2022-12-23 23:07:59,771] {dag.py:2371} INFO - Sync 2 DAGs
[2022-12-23 23:07:59,783] {logging_mixin.py:115} INFO - [2022-12-23 23:07:59,783] {dag.py:2919} INFO - Setting next_dagrun for example_xcom_args to None, run_after=None
[2022-12-23 23:07:59,784] {logging_mixin.py:115} INFO - [2022-12-23 23:07:59,784] {dag.py:2919} INFO - Setting next_dagrun for example_xcom_args_with_operators to None, run_after=None
[2022-12-23 23:07:59,793] {processor.py:161} INFO - Processing /home/airflow/.local/lib/python3.7/site-packages/airflow/example_dags/example_xcomargs.py took 0.192 seconds
[2022-12-23 23:08:29,958] {processor.py:153} INFO - Started process (PID=671) to work on /home/airflow/.local/lib/python3.7/site-packages/airflow/example_dags/example_xcomargs.py
[2022-12-23 23:08:29,960] {processor.py:641} INFO - Processing file /home/airflow/.local/lib/python3.7/site-packages/airflow/example_dags/example_xcomargs.py for tasks to queue
[2022-12-23 23:08:29,961] {logging_mixin.py:115} INFO - [2022-12-23 23:08:29,961] {dagbag.py:507} INFO - Filling up the DagBag from /home/airflow/.local/lib/python3.7/site-packages/airflow/example_dags/example_xcomargs.py
[2022-12-23 23:08:29,974] {processor.py:651} INFO - DAG(s) dict_keys(['example_xcom_args', 'example_xcom_args_with_operators']) retrieved from /home/airflow/.local/lib/python3.7/site-packages/airflow/example_dags/example_xcomargs.py
[2022-12-23 23:08:30,146] {logging_mixin.py:115} INFO - [2022-12-23 23:08:30,146] {dag.py:2371} INFO - Sync 2 DAGs
[2022-12-23 23:08:30,161] {logging_mixin.py:115} INFO - [2022-12-23 23:08:30,161] {dag.py:2919} INFO - Setting next_dagrun for example_xcom_args to None, run_after=None
[2022-12-23 23:08:30,162] {logging_mixin.py:115} INFO - [2022-12-23 23:08:30,162] {dag.py:2919} INFO - Setting next_dagrun for example_xcom_args_with_operators to None, run_after=None
[2022-12-23 23:08:30,174] {processor.py:161} INFO - Processing /home/airflow/.local/lib/python3.7/site-packages/airflow/example_dags/example_xcomargs.py took 0.219 seconds
