[2022-12-23T00:00:06.076+0000] {processor.py:153} INFO - Started process (PID=3211) to work on /home/airflow/.local/lib/python3.7/site-packages/airflow/example_dags/example_branch_operator.py
[2022-12-23T00:00:06.077+0000] {processor.py:743} INFO - Processing file /home/airflow/.local/lib/python3.7/site-packages/airflow/example_dags/example_branch_operator.py for tasks to queue
[2022-12-23T00:00:06.079+0000] {logging_mixin.py:137} INFO - [2022-12-23T00:00:06.078+0000] {dagbag.py:538} INFO - Filling up the DagBag from /home/airflow/.local/lib/python3.7/site-packages/airflow/example_dags/example_branch_operator.py
[2022-12-23T00:00:06.093+0000] {processor.py:753} INFO - DAG(s) dict_keys(['example_branch_operator']) retrieved from /home/airflow/.local/lib/python3.7/site-packages/airflow/example_dags/example_branch_operator.py
[2022-12-23T00:00:06.128+0000] {logging_mixin.py:137} INFO - [2022-12-23T00:00:06.128+0000] {dag.py:2676} INFO - Sync 1 DAGs
[2022-12-23T00:00:06.147+0000] {logging_mixin.py:137} INFO - [2022-12-23T00:00:06.147+0000] {dag.py:3427} INFO - Setting next_dagrun for example_branch_operator to 2022-12-22T00:00:00+00:00, run_after=2022-12-23T00:00:00+00:00
[2022-12-23T00:00:06.162+0000] {processor.py:175} INFO - Processing /home/airflow/.local/lib/python3.7/site-packages/airflow/example_dags/example_branch_operator.py took 0.089 seconds
[2022-12-23T00:00:36.730+0000] {processor.py:153} INFO - Started process (PID=3425) to work on /home/airflow/.local/lib/python3.7/site-packages/airflow/example_dags/example_branch_operator.py
[2022-12-23T00:00:36.731+0000] {processor.py:743} INFO - Processing file /home/airflow/.local/lib/python3.7/site-packages/airflow/example_dags/example_branch_operator.py for tasks to queue
[2022-12-23T00:00:36.733+0000] {logging_mixin.py:137} INFO - [2022-12-23T00:00:36.733+0000] {dagbag.py:538} INFO - Filling up the DagBag from /home/airflow/.local/lib/python3.7/site-packages/airflow/example_dags/example_branch_operator.py
[2022-12-23T00:00:36.747+0000] {processor.py:753} INFO - DAG(s) dict_keys(['example_branch_operator']) retrieved from /home/airflow/.local/lib/python3.7/site-packages/airflow/example_dags/example_branch_operator.py
[2022-12-23T00:00:36.781+0000] {logging_mixin.py:137} INFO - [2022-12-23T00:00:36.781+0000] {dag.py:2676} INFO - Sync 1 DAGs
[2022-12-23T00:00:36.801+0000] {logging_mixin.py:137} INFO - [2022-12-23T00:00:36.800+0000] {dag.py:3427} INFO - Setting next_dagrun for example_branch_operator to 2022-12-22T00:00:00+00:00, run_after=2022-12-23T00:00:00+00:00
[2022-12-23T00:00:36.814+0000] {processor.py:175} INFO - Processing /home/airflow/.local/lib/python3.7/site-packages/airflow/example_dags/example_branch_operator.py took 0.087 seconds
[2022-12-23T00:01:07.433+0000] {processor.py:153} INFO - Started process (PID=3651) to work on /home/airflow/.local/lib/python3.7/site-packages/airflow/example_dags/example_branch_operator.py
[2022-12-23T00:01:07.434+0000] {processor.py:743} INFO - Processing file /home/airflow/.local/lib/python3.7/site-packages/airflow/example_dags/example_branch_operator.py for tasks to queue
[2022-12-23T00:01:07.435+0000] {logging_mixin.py:137} INFO - [2022-12-23T00:01:07.435+0000] {dagbag.py:538} INFO - Filling up the DagBag from /home/airflow/.local/lib/python3.7/site-packages/airflow/example_dags/example_branch_operator.py
[2022-12-23T00:01:07.449+0000] {processor.py:753} INFO - DAG(s) dict_keys(['example_branch_operator']) retrieved from /home/airflow/.local/lib/python3.7/site-packages/airflow/example_dags/example_branch_operator.py
[2022-12-23T00:01:07.482+0000] {logging_mixin.py:137} INFO - [2022-12-23T00:01:07.482+0000] {dag.py:2676} INFO - Sync 1 DAGs
[2022-12-23T00:01:07.502+0000] {logging_mixin.py:137} INFO - [2022-12-23T00:01:07.502+0000] {dag.py:3427} INFO - Setting next_dagrun for example_branch_operator to 2022-12-22T00:00:00+00:00, run_after=2022-12-23T00:00:00+00:00
[2022-12-23T00:01:07.517+0000] {processor.py:175} INFO - Processing /home/airflow/.local/lib/python3.7/site-packages/airflow/example_dags/example_branch_operator.py took 0.087 seconds
[2022-12-23T00:03:14.217+0000] {processor.py:153} INFO - Started process (PID=318) to work on /home/airflow/.local/lib/python3.7/site-packages/airflow/example_dags/example_branch_operator.py
[2022-12-23T00:03:14.220+0000] {processor.py:743} INFO - Processing file /home/airflow/.local/lib/python3.7/site-packages/airflow/example_dags/example_branch_operator.py for tasks to queue
[2022-12-23T00:03:14.221+0000] {logging_mixin.py:137} INFO - [2022-12-23T00:03:14.220+0000] {dagbag.py:538} INFO - Filling up the DagBag from /home/airflow/.local/lib/python3.7/site-packages/airflow/example_dags/example_branch_operator.py
[2022-12-23T00:03:14.240+0000] {processor.py:753} INFO - DAG(s) dict_keys(['example_branch_operator']) retrieved from /home/airflow/.local/lib/python3.7/site-packages/airflow/example_dags/example_branch_operator.py
[2022-12-23T00:03:14.270+0000] {logging_mixin.py:137} INFO - [2022-12-23T00:03:14.270+0000] {dag.py:2676} INFO - Sync 1 DAGs
[2022-12-23T00:03:14.292+0000] {logging_mixin.py:137} INFO - [2022-12-23T00:03:14.292+0000] {dag.py:3427} INFO - Setting next_dagrun for example_branch_operator to 2022-12-22T00:00:00+00:00, run_after=2022-12-23T00:00:00+00:00
[2022-12-23T00:03:14.307+0000] {processor.py:175} INFO - Processing /home/airflow/.local/lib/python3.7/site-packages/airflow/example_dags/example_branch_operator.py took 0.092 seconds
[2022-12-23T00:03:45.175+0000] {processor.py:153} INFO - Started process (PID=544) to work on /home/airflow/.local/lib/python3.7/site-packages/airflow/example_dags/example_branch_operator.py
[2022-12-23T00:03:45.176+0000] {processor.py:743} INFO - Processing file /home/airflow/.local/lib/python3.7/site-packages/airflow/example_dags/example_branch_operator.py for tasks to queue
[2022-12-23T00:03:45.178+0000] {logging_mixin.py:137} INFO - [2022-12-23T00:03:45.178+0000] {dagbag.py:538} INFO - Filling up the DagBag from /home/airflow/.local/lib/python3.7/site-packages/airflow/example_dags/example_branch_operator.py
[2022-12-23T00:03:45.192+0000] {processor.py:753} INFO - DAG(s) dict_keys(['example_branch_operator']) retrieved from /home/airflow/.local/lib/python3.7/site-packages/airflow/example_dags/example_branch_operator.py
[2022-12-23T00:03:45.227+0000] {logging_mixin.py:137} INFO - [2022-12-23T00:03:45.227+0000] {dag.py:2676} INFO - Sync 1 DAGs
[2022-12-23T00:03:45.248+0000] {logging_mixin.py:137} INFO - [2022-12-23T00:03:45.248+0000] {dag.py:3427} INFO - Setting next_dagrun for example_branch_operator to 2022-12-22T00:00:00+00:00, run_after=2022-12-23T00:00:00+00:00
[2022-12-23T00:03:45.262+0000] {processor.py:175} INFO - Processing /home/airflow/.local/lib/python3.7/site-packages/airflow/example_dags/example_branch_operator.py took 0.090 seconds
[2022-12-23T00:04:16.611+0000] {processor.py:153} INFO - Started process (PID=770) to work on /home/airflow/.local/lib/python3.7/site-packages/airflow/example_dags/example_branch_operator.py
[2022-12-23T00:04:16.613+0000] {processor.py:743} INFO - Processing file /home/airflow/.local/lib/python3.7/site-packages/airflow/example_dags/example_branch_operator.py for tasks to queue
[2022-12-23T00:04:16.615+0000] {logging_mixin.py:137} INFO - [2022-12-23T00:04:16.615+0000] {dagbag.py:538} INFO - Filling up the DagBag from /home/airflow/.local/lib/python3.7/site-packages/airflow/example_dags/example_branch_operator.py
[2022-12-23T00:04:16.629+0000] {processor.py:753} INFO - DAG(s) dict_keys(['example_branch_operator']) retrieved from /home/airflow/.local/lib/python3.7/site-packages/airflow/example_dags/example_branch_operator.py
[2022-12-23T00:04:16.666+0000] {logging_mixin.py:137} INFO - [2022-12-23T00:04:16.666+0000] {dag.py:2676} INFO - Sync 1 DAGs
[2022-12-23T00:04:16.690+0000] {logging_mixin.py:137} INFO - [2022-12-23T00:04:16.690+0000] {dag.py:3427} INFO - Setting next_dagrun for example_branch_operator to 2022-12-22T00:00:00+00:00, run_after=2022-12-23T00:00:00+00:00
[2022-12-23T00:04:16.706+0000] {processor.py:175} INFO - Processing /home/airflow/.local/lib/python3.7/site-packages/airflow/example_dags/example_branch_operator.py took 0.098 seconds
[2022-12-23T00:04:47.493+0000] {processor.py:153} INFO - Started process (PID=984) to work on /home/airflow/.local/lib/python3.7/site-packages/airflow/example_dags/example_branch_operator.py
[2022-12-23T00:04:47.494+0000] {processor.py:743} INFO - Processing file /home/airflow/.local/lib/python3.7/site-packages/airflow/example_dags/example_branch_operator.py for tasks to queue
[2022-12-23T00:04:47.495+0000] {logging_mixin.py:137} INFO - [2022-12-23T00:04:47.495+0000] {dagbag.py:538} INFO - Filling up the DagBag from /home/airflow/.local/lib/python3.7/site-packages/airflow/example_dags/example_branch_operator.py
[2022-12-23T00:04:47.509+0000] {processor.py:753} INFO - DAG(s) dict_keys(['example_branch_operator']) retrieved from /home/airflow/.local/lib/python3.7/site-packages/airflow/example_dags/example_branch_operator.py
[2022-12-23T00:04:47.542+0000] {logging_mixin.py:137} INFO - [2022-12-23T00:04:47.542+0000] {dag.py:2676} INFO - Sync 1 DAGs
[2022-12-23T00:04:47.561+0000] {logging_mixin.py:137} INFO - [2022-12-23T00:04:47.561+0000] {dag.py:3427} INFO - Setting next_dagrun for example_branch_operator to 2022-12-22T00:00:00+00:00, run_after=2022-12-23T00:00:00+00:00
[2022-12-23T00:04:47.575+0000] {processor.py:175} INFO - Processing /home/airflow/.local/lib/python3.7/site-packages/airflow/example_dags/example_branch_operator.py took 0.086 seconds
[2022-12-23T00:05:18.367+0000] {processor.py:153} INFO - Started process (PID=1211) to work on /home/airflow/.local/lib/python3.7/site-packages/airflow/example_dags/example_branch_operator.py
[2022-12-23T00:05:18.368+0000] {processor.py:743} INFO - Processing file /home/airflow/.local/lib/python3.7/site-packages/airflow/example_dags/example_branch_operator.py for tasks to queue
[2022-12-23T00:05:18.369+0000] {logging_mixin.py:137} INFO - [2022-12-23T00:05:18.369+0000] {dagbag.py:538} INFO - Filling up the DagBag from /home/airflow/.local/lib/python3.7/site-packages/airflow/example_dags/example_branch_operator.py
[2022-12-23T00:05:18.383+0000] {processor.py:753} INFO - DAG(s) dict_keys(['example_branch_operator']) retrieved from /home/airflow/.local/lib/python3.7/site-packages/airflow/example_dags/example_branch_operator.py
[2022-12-23T00:05:18.417+0000] {logging_mixin.py:137} INFO - [2022-12-23T00:05:18.417+0000] {dag.py:2676} INFO - Sync 1 DAGs
[2022-12-23T00:05:18.439+0000] {logging_mixin.py:137} INFO - [2022-12-23T00:05:18.439+0000] {dag.py:3427} INFO - Setting next_dagrun for example_branch_operator to 2022-12-22T00:00:00+00:00, run_after=2022-12-23T00:00:00+00:00
[2022-12-23T00:05:18.452+0000] {processor.py:175} INFO - Processing /home/airflow/.local/lib/python3.7/site-packages/airflow/example_dags/example_branch_operator.py took 0.088 seconds
[2022-12-23 22:41:57,044] {processor.py:153} INFO - Started process (PID=319) to work on /home/airflow/.local/lib/python3.7/site-packages/airflow/example_dags/example_branch_operator.py
[2022-12-23 22:41:57,050] {processor.py:641} INFO - Processing file /home/airflow/.local/lib/python3.7/site-packages/airflow/example_dags/example_branch_operator.py for tasks to queue
[2022-12-23 22:41:57,058] {logging_mixin.py:115} INFO - [2022-12-23 22:41:57,058] {dagbag.py:507} INFO - Filling up the DagBag from /home/airflow/.local/lib/python3.7/site-packages/airflow/example_dags/example_branch_operator.py
[2022-12-23 22:41:57,132] {processor.py:651} INFO - DAG(s) dict_keys(['example_branch_operator']) retrieved from /home/airflow/.local/lib/python3.7/site-packages/airflow/example_dags/example_branch_operator.py
[2022-12-23 22:41:57,271] {logging_mixin.py:115} INFO - [2022-12-23 22:41:57,271] {manager.py:508} INFO - Created Permission View: can delete on DAG:example_branch_operator
[2022-12-23 22:41:57,301] {logging_mixin.py:115} INFO - [2022-12-23 22:41:57,301] {manager.py:508} INFO - Created Permission View: can edit on DAG:example_branch_operator
[2022-12-23 22:41:57,310] {logging_mixin.py:115} INFO - [2022-12-23 22:41:57,310] {manager.py:508} INFO - Created Permission View: can read on DAG:example_branch_operator
[2022-12-23 22:41:57,312] {logging_mixin.py:115} INFO - [2022-12-23 22:41:57,312] {dag.py:2371} INFO - Sync 1 DAGs
[2022-12-23 22:41:57,325] {logging_mixin.py:115} INFO - [2022-12-23 22:41:57,325] {dag.py:2390} INFO - Creating ORM DAG for example_branch_operator
[2022-12-23 22:41:57,355] {logging_mixin.py:115} INFO - [2022-12-23 22:41:57,355] {dag.py:2919} INFO - Setting next_dagrun for example_branch_operator to 2022-12-22T00:00:00+00:00, run_after=2022-12-23T00:00:00+00:00
[2022-12-23 22:41:57,373] {processor.py:161} INFO - Processing /home/airflow/.local/lib/python3.7/site-packages/airflow/example_dags/example_branch_operator.py took 0.339 seconds
[2022-12-23 22:42:27,484] {processor.py:153} INFO - Started process (PID=522) to work on /home/airflow/.local/lib/python3.7/site-packages/airflow/example_dags/example_branch_operator.py
[2022-12-23 22:42:27,486] {processor.py:641} INFO - Processing file /home/airflow/.local/lib/python3.7/site-packages/airflow/example_dags/example_branch_operator.py for tasks to queue
[2022-12-23 22:42:27,487] {logging_mixin.py:115} INFO - [2022-12-23 22:42:27,487] {dagbag.py:507} INFO - Filling up the DagBag from /home/airflow/.local/lib/python3.7/site-packages/airflow/example_dags/example_branch_operator.py
[2022-12-23 22:42:27,498] {processor.py:651} INFO - DAG(s) dict_keys(['example_branch_operator']) retrieved from /home/airflow/.local/lib/python3.7/site-packages/airflow/example_dags/example_branch_operator.py
[2022-12-23 22:42:27,522] {logging_mixin.py:115} INFO - [2022-12-23 22:42:27,522] {dag.py:2371} INFO - Sync 1 DAGs
[2022-12-23 22:42:27,540] {logging_mixin.py:115} INFO - [2022-12-23 22:42:27,540] {dag.py:2919} INFO - Setting next_dagrun for example_branch_operator to 2022-12-22T00:00:00+00:00, run_after=2022-12-23T00:00:00+00:00
[2022-12-23 22:42:27,548] {processor.py:161} INFO - Processing /home/airflow/.local/lib/python3.7/site-packages/airflow/example_dags/example_branch_operator.py took 0.066 seconds
[2022-12-23 22:42:57,676] {processor.py:153} INFO - Started process (PID=718) to work on /home/airflow/.local/lib/python3.7/site-packages/airflow/example_dags/example_branch_operator.py
[2022-12-23 22:42:57,677] {processor.py:641} INFO - Processing file /home/airflow/.local/lib/python3.7/site-packages/airflow/example_dags/example_branch_operator.py for tasks to queue
[2022-12-23 22:42:57,678] {logging_mixin.py:115} INFO - [2022-12-23 22:42:57,678] {dagbag.py:507} INFO - Filling up the DagBag from /home/airflow/.local/lib/python3.7/site-packages/airflow/example_dags/example_branch_operator.py
[2022-12-23 22:42:57,690] {processor.py:651} INFO - DAG(s) dict_keys(['example_branch_operator']) retrieved from /home/airflow/.local/lib/python3.7/site-packages/airflow/example_dags/example_branch_operator.py
[2022-12-23 22:42:57,717] {logging_mixin.py:115} INFO - [2022-12-23 22:42:57,717] {dag.py:2371} INFO - Sync 1 DAGs
[2022-12-23 22:42:57,734] {logging_mixin.py:115} INFO - [2022-12-23 22:42:57,734] {dag.py:2919} INFO - Setting next_dagrun for example_branch_operator to 2022-12-22T00:00:00+00:00, run_after=2022-12-23T00:00:00+00:00
[2022-12-23 22:42:57,743] {processor.py:161} INFO - Processing /home/airflow/.local/lib/python3.7/site-packages/airflow/example_dags/example_branch_operator.py took 0.070 seconds
[2022-12-23 22:43:27,795] {processor.py:153} INFO - Started process (PID=921) to work on /home/airflow/.local/lib/python3.7/site-packages/airflow/example_dags/example_branch_operator.py
[2022-12-23 22:43:27,796] {processor.py:641} INFO - Processing file /home/airflow/.local/lib/python3.7/site-packages/airflow/example_dags/example_branch_operator.py for tasks to queue
[2022-12-23 22:43:27,797] {logging_mixin.py:115} INFO - [2022-12-23 22:43:27,797] {dagbag.py:507} INFO - Filling up the DagBag from /home/airflow/.local/lib/python3.7/site-packages/airflow/example_dags/example_branch_operator.py
[2022-12-23 22:43:27,808] {processor.py:651} INFO - DAG(s) dict_keys(['example_branch_operator']) retrieved from /home/airflow/.local/lib/python3.7/site-packages/airflow/example_dags/example_branch_operator.py
[2022-12-23 22:43:27,832] {logging_mixin.py:115} INFO - [2022-12-23 22:43:27,832] {dag.py:2371} INFO - Sync 1 DAGs
[2022-12-23 22:43:27,848] {logging_mixin.py:115} INFO - [2022-12-23 22:43:27,848] {dag.py:2919} INFO - Setting next_dagrun for example_branch_operator to 2022-12-22T00:00:00+00:00, run_after=2022-12-23T00:00:00+00:00
[2022-12-23 22:43:27,856] {processor.py:161} INFO - Processing /home/airflow/.local/lib/python3.7/site-packages/airflow/example_dags/example_branch_operator.py took 0.064 seconds
[2022-12-23 22:43:57,944] {processor.py:153} INFO - Started process (PID=1122) to work on /home/airflow/.local/lib/python3.7/site-packages/airflow/example_dags/example_branch_operator.py
[2022-12-23 22:43:57,945] {processor.py:641} INFO - Processing file /home/airflow/.local/lib/python3.7/site-packages/airflow/example_dags/example_branch_operator.py for tasks to queue
[2022-12-23 22:43:57,946] {logging_mixin.py:115} INFO - [2022-12-23 22:43:57,945] {dagbag.py:507} INFO - Filling up the DagBag from /home/airflow/.local/lib/python3.7/site-packages/airflow/example_dags/example_branch_operator.py
[2022-12-23 22:43:57,958] {processor.py:651} INFO - DAG(s) dict_keys(['example_branch_operator']) retrieved from /home/airflow/.local/lib/python3.7/site-packages/airflow/example_dags/example_branch_operator.py
[2022-12-23 22:43:57,981] {logging_mixin.py:115} INFO - [2022-12-23 22:43:57,981] {dag.py:2371} INFO - Sync 1 DAGs
[2022-12-23 22:43:57,998] {logging_mixin.py:115} INFO - [2022-12-23 22:43:57,998] {dag.py:2919} INFO - Setting next_dagrun for example_branch_operator to 2022-12-22T00:00:00+00:00, run_after=2022-12-23T00:00:00+00:00
[2022-12-23 22:43:58,006] {processor.py:161} INFO - Processing /home/airflow/.local/lib/python3.7/site-packages/airflow/example_dags/example_branch_operator.py took 0.065 seconds
[2022-12-23 22:44:28,166] {processor.py:153} INFO - Started process (PID=1325) to work on /home/airflow/.local/lib/python3.7/site-packages/airflow/example_dags/example_branch_operator.py
[2022-12-23 22:44:28,168] {processor.py:641} INFO - Processing file /home/airflow/.local/lib/python3.7/site-packages/airflow/example_dags/example_branch_operator.py for tasks to queue
[2022-12-23 22:44:28,169] {logging_mixin.py:115} INFO - [2022-12-23 22:44:28,169] {dagbag.py:507} INFO - Filling up the DagBag from /home/airflow/.local/lib/python3.7/site-packages/airflow/example_dags/example_branch_operator.py
[2022-12-23 22:44:28,182] {processor.py:651} INFO - DAG(s) dict_keys(['example_branch_operator']) retrieved from /home/airflow/.local/lib/python3.7/site-packages/airflow/example_dags/example_branch_operator.py
[2022-12-23 22:44:28,208] {logging_mixin.py:115} INFO - [2022-12-23 22:44:28,208] {dag.py:2371} INFO - Sync 1 DAGs
[2022-12-23 22:44:28,227] {logging_mixin.py:115} INFO - [2022-12-23 22:44:28,226] {dag.py:2919} INFO - Setting next_dagrun for example_branch_operator to 2022-12-22T00:00:00+00:00, run_after=2022-12-23T00:00:00+00:00
[2022-12-23 22:44:28,236] {processor.py:161} INFO - Processing /home/airflow/.local/lib/python3.7/site-packages/airflow/example_dags/example_branch_operator.py took 0.073 seconds
[2022-12-23 22:44:59,101] {processor.py:153} INFO - Started process (PID=1519) to work on /home/airflow/.local/lib/python3.7/site-packages/airflow/example_dags/example_branch_operator.py
[2022-12-23 22:44:59,102] {processor.py:641} INFO - Processing file /home/airflow/.local/lib/python3.7/site-packages/airflow/example_dags/example_branch_operator.py for tasks to queue
[2022-12-23 22:44:59,103] {logging_mixin.py:115} INFO - [2022-12-23 22:44:59,102] {dagbag.py:507} INFO - Filling up the DagBag from /home/airflow/.local/lib/python3.7/site-packages/airflow/example_dags/example_branch_operator.py
[2022-12-23 22:44:59,114] {processor.py:651} INFO - DAG(s) dict_keys(['example_branch_operator']) retrieved from /home/airflow/.local/lib/python3.7/site-packages/airflow/example_dags/example_branch_operator.py
[2022-12-23 22:44:59,137] {logging_mixin.py:115} INFO - [2022-12-23 22:44:59,137] {dag.py:2371} INFO - Sync 1 DAGs
[2022-12-23 22:44:59,154] {logging_mixin.py:115} INFO - [2022-12-23 22:44:59,154] {dag.py:2919} INFO - Setting next_dagrun for example_branch_operator to 2022-12-22T00:00:00+00:00, run_after=2022-12-23T00:00:00+00:00
[2022-12-23 22:44:59,164] {processor.py:161} INFO - Processing /home/airflow/.local/lib/python3.7/site-packages/airflow/example_dags/example_branch_operator.py took 0.066 seconds
[2022-12-23 22:45:30,009] {processor.py:153} INFO - Started process (PID=1722) to work on /home/airflow/.local/lib/python3.7/site-packages/airflow/example_dags/example_branch_operator.py
[2022-12-23 22:45:30,010] {processor.py:641} INFO - Processing file /home/airflow/.local/lib/python3.7/site-packages/airflow/example_dags/example_branch_operator.py for tasks to queue
[2022-12-23 22:45:30,011] {logging_mixin.py:115} INFO - [2022-12-23 22:45:30,010] {dagbag.py:507} INFO - Filling up the DagBag from /home/airflow/.local/lib/python3.7/site-packages/airflow/example_dags/example_branch_operator.py
[2022-12-23 22:45:30,022] {processor.py:651} INFO - DAG(s) dict_keys(['example_branch_operator']) retrieved from /home/airflow/.local/lib/python3.7/site-packages/airflow/example_dags/example_branch_operator.py
[2022-12-23 22:45:30,045] {logging_mixin.py:115} INFO - [2022-12-23 22:45:30,045] {dag.py:2371} INFO - Sync 1 DAGs
[2022-12-23 22:45:30,062] {logging_mixin.py:115} INFO - [2022-12-23 22:45:30,062] {dag.py:2919} INFO - Setting next_dagrun for example_branch_operator to 2022-12-22T00:00:00+00:00, run_after=2022-12-23T00:00:00+00:00
[2022-12-23 22:45:30,070] {processor.py:161} INFO - Processing /home/airflow/.local/lib/python3.7/site-packages/airflow/example_dags/example_branch_operator.py took 0.064 seconds
[2022-12-23 22:46:00,165] {processor.py:153} INFO - Started process (PID=1925) to work on /home/airflow/.local/lib/python3.7/site-packages/airflow/example_dags/example_branch_operator.py
[2022-12-23 22:46:00,166] {processor.py:641} INFO - Processing file /home/airflow/.local/lib/python3.7/site-packages/airflow/example_dags/example_branch_operator.py for tasks to queue
[2022-12-23 22:46:00,167] {logging_mixin.py:115} INFO - [2022-12-23 22:46:00,167] {dagbag.py:507} INFO - Filling up the DagBag from /home/airflow/.local/lib/python3.7/site-packages/airflow/example_dags/example_branch_operator.py
[2022-12-23 22:46:00,179] {processor.py:651} INFO - DAG(s) dict_keys(['example_branch_operator']) retrieved from /home/airflow/.local/lib/python3.7/site-packages/airflow/example_dags/example_branch_operator.py
[2022-12-23 22:46:00,202] {logging_mixin.py:115} INFO - [2022-12-23 22:46:00,202] {dag.py:2371} INFO - Sync 1 DAGs
[2022-12-23 22:46:00,218] {logging_mixin.py:115} INFO - [2022-12-23 22:46:00,218] {dag.py:2919} INFO - Setting next_dagrun for example_branch_operator to 2022-12-22T00:00:00+00:00, run_after=2022-12-23T00:00:00+00:00
[2022-12-23 22:46:00,226] {processor.py:161} INFO - Processing /home/airflow/.local/lib/python3.7/site-packages/airflow/example_dags/example_branch_operator.py took 0.063 seconds
[2022-12-23 22:46:31,374] {processor.py:153} INFO - Started process (PID=2128) to work on /home/airflow/.local/lib/python3.7/site-packages/airflow/example_dags/example_branch_operator.py
[2022-12-23 22:46:31,375] {processor.py:641} INFO - Processing file /home/airflow/.local/lib/python3.7/site-packages/airflow/example_dags/example_branch_operator.py for tasks to queue
[2022-12-23 22:46:31,376] {logging_mixin.py:115} INFO - [2022-12-23 22:46:31,376] {dagbag.py:507} INFO - Filling up the DagBag from /home/airflow/.local/lib/python3.7/site-packages/airflow/example_dags/example_branch_operator.py
[2022-12-23 22:46:31,388] {processor.py:651} INFO - DAG(s) dict_keys(['example_branch_operator']) retrieved from /home/airflow/.local/lib/python3.7/site-packages/airflow/example_dags/example_branch_operator.py
[2022-12-23 22:46:31,410] {logging_mixin.py:115} INFO - [2022-12-23 22:46:31,410] {dag.py:2371} INFO - Sync 1 DAGs
[2022-12-23 22:46:31,427] {logging_mixin.py:115} INFO - [2022-12-23 22:46:31,427] {dag.py:2919} INFO - Setting next_dagrun for example_branch_operator to 2022-12-22T00:00:00+00:00, run_after=2022-12-23T00:00:00+00:00
[2022-12-23 22:46:31,436] {processor.py:161} INFO - Processing /home/airflow/.local/lib/python3.7/site-packages/airflow/example_dags/example_branch_operator.py took 0.065 seconds
[2022-12-23 22:47:01,621] {processor.py:153} INFO - Started process (PID=2332) to work on /home/airflow/.local/lib/python3.7/site-packages/airflow/example_dags/example_branch_operator.py
[2022-12-23 22:47:01,622] {processor.py:641} INFO - Processing file /home/airflow/.local/lib/python3.7/site-packages/airflow/example_dags/example_branch_operator.py for tasks to queue
[2022-12-23 22:47:01,623] {logging_mixin.py:115} INFO - [2022-12-23 22:47:01,623] {dagbag.py:507} INFO - Filling up the DagBag from /home/airflow/.local/lib/python3.7/site-packages/airflow/example_dags/example_branch_operator.py
[2022-12-23 22:47:01,633] {processor.py:651} INFO - DAG(s) dict_keys(['example_branch_operator']) retrieved from /home/airflow/.local/lib/python3.7/site-packages/airflow/example_dags/example_branch_operator.py
[2022-12-23 22:47:01,658] {logging_mixin.py:115} INFO - [2022-12-23 22:47:01,658] {dag.py:2371} INFO - Sync 1 DAGs
[2022-12-23 22:47:01,675] {logging_mixin.py:115} INFO - [2022-12-23 22:47:01,675] {dag.py:2919} INFO - Setting next_dagrun for example_branch_operator to 2022-12-22T00:00:00+00:00, run_after=2022-12-23T00:00:00+00:00
[2022-12-23 22:47:01,684] {processor.py:161} INFO - Processing /home/airflow/.local/lib/python3.7/site-packages/airflow/example_dags/example_branch_operator.py took 0.066 seconds
[2022-12-23 22:47:32,775] {processor.py:153} INFO - Started process (PID=2534) to work on /home/airflow/.local/lib/python3.7/site-packages/airflow/example_dags/example_branch_operator.py
[2022-12-23 22:47:32,776] {processor.py:641} INFO - Processing file /home/airflow/.local/lib/python3.7/site-packages/airflow/example_dags/example_branch_operator.py for tasks to queue
[2022-12-23 22:47:32,777] {logging_mixin.py:115} INFO - [2022-12-23 22:47:32,777] {dagbag.py:507} INFO - Filling up the DagBag from /home/airflow/.local/lib/python3.7/site-packages/airflow/example_dags/example_branch_operator.py
[2022-12-23 22:47:32,786] {processor.py:651} INFO - DAG(s) dict_keys(['example_branch_operator']) retrieved from /home/airflow/.local/lib/python3.7/site-packages/airflow/example_dags/example_branch_operator.py
[2022-12-23 22:47:32,810] {logging_mixin.py:115} INFO - [2022-12-23 22:47:32,810] {dag.py:2371} INFO - Sync 1 DAGs
[2022-12-23 22:47:32,829] {logging_mixin.py:115} INFO - [2022-12-23 22:47:32,829] {dag.py:2919} INFO - Setting next_dagrun for example_branch_operator to 2022-12-22T00:00:00+00:00, run_after=2022-12-23T00:00:00+00:00
[2022-12-23 22:47:32,839] {processor.py:161} INFO - Processing /home/airflow/.local/lib/python3.7/site-packages/airflow/example_dags/example_branch_operator.py took 0.067 seconds
[2022-12-23 22:48:03,043] {processor.py:153} INFO - Started process (PID=2732) to work on /home/airflow/.local/lib/python3.7/site-packages/airflow/example_dags/example_branch_operator.py
[2022-12-23 22:48:03,044] {processor.py:641} INFO - Processing file /home/airflow/.local/lib/python3.7/site-packages/airflow/example_dags/example_branch_operator.py for tasks to queue
[2022-12-23 22:48:03,045] {logging_mixin.py:115} INFO - [2022-12-23 22:48:03,045] {dagbag.py:507} INFO - Filling up the DagBag from /home/airflow/.local/lib/python3.7/site-packages/airflow/example_dags/example_branch_operator.py
[2022-12-23 22:48:03,053] {processor.py:651} INFO - DAG(s) dict_keys(['example_branch_operator']) retrieved from /home/airflow/.local/lib/python3.7/site-packages/airflow/example_dags/example_branch_operator.py
[2022-12-23 22:48:03,080] {logging_mixin.py:115} INFO - [2022-12-23 22:48:03,080] {dag.py:2371} INFO - Sync 1 DAGs
[2022-12-23 22:48:03,097] {logging_mixin.py:115} INFO - [2022-12-23 22:48:03,097] {dag.py:2919} INFO - Setting next_dagrun for example_branch_operator to 2022-12-22T00:00:00+00:00, run_after=2022-12-23T00:00:00+00:00
[2022-12-23 22:48:03,105] {processor.py:161} INFO - Processing /home/airflow/.local/lib/python3.7/site-packages/airflow/example_dags/example_branch_operator.py took 0.065 seconds
[2022-12-23 22:48:33,603] {processor.py:153} INFO - Started process (PID=2935) to work on /home/airflow/.local/lib/python3.7/site-packages/airflow/example_dags/example_branch_operator.py
[2022-12-23 22:48:33,604] {processor.py:641} INFO - Processing file /home/airflow/.local/lib/python3.7/site-packages/airflow/example_dags/example_branch_operator.py for tasks to queue
[2022-12-23 22:48:33,605] {logging_mixin.py:115} INFO - [2022-12-23 22:48:33,605] {dagbag.py:507} INFO - Filling up the DagBag from /home/airflow/.local/lib/python3.7/site-packages/airflow/example_dags/example_branch_operator.py
[2022-12-23 22:48:33,613] {processor.py:651} INFO - DAG(s) dict_keys(['example_branch_operator']) retrieved from /home/airflow/.local/lib/python3.7/site-packages/airflow/example_dags/example_branch_operator.py
[2022-12-23 22:48:33,639] {logging_mixin.py:115} INFO - [2022-12-23 22:48:33,639] {dag.py:2371} INFO - Sync 1 DAGs
[2022-12-23 22:48:33,657] {logging_mixin.py:115} INFO - [2022-12-23 22:48:33,657] {dag.py:2919} INFO - Setting next_dagrun for example_branch_operator to 2022-12-22T00:00:00+00:00, run_after=2022-12-23T00:00:00+00:00
[2022-12-23 22:48:33,665] {processor.py:161} INFO - Processing /home/airflow/.local/lib/python3.7/site-packages/airflow/example_dags/example_branch_operator.py took 0.065 seconds
[2022-12-23 22:49:04,598] {processor.py:153} INFO - Started process (PID=3140) to work on /home/airflow/.local/lib/python3.7/site-packages/airflow/example_dags/example_branch_operator.py
[2022-12-23 22:49:04,600] {processor.py:641} INFO - Processing file /home/airflow/.local/lib/python3.7/site-packages/airflow/example_dags/example_branch_operator.py for tasks to queue
[2022-12-23 22:49:04,601] {logging_mixin.py:115} INFO - [2022-12-23 22:49:04,601] {dagbag.py:507} INFO - Filling up the DagBag from /home/airflow/.local/lib/python3.7/site-packages/airflow/example_dags/example_branch_operator.py
[2022-12-23 22:49:04,610] {processor.py:651} INFO - DAG(s) dict_keys(['example_branch_operator']) retrieved from /home/airflow/.local/lib/python3.7/site-packages/airflow/example_dags/example_branch_operator.py
[2022-12-23 22:49:04,638] {logging_mixin.py:115} INFO - [2022-12-23 22:49:04,638] {dag.py:2371} INFO - Sync 1 DAGs
[2022-12-23 22:49:04,657] {logging_mixin.py:115} INFO - [2022-12-23 22:49:04,657] {dag.py:2919} INFO - Setting next_dagrun for example_branch_operator to 2022-12-22T00:00:00+00:00, run_after=2022-12-23T00:00:00+00:00
[2022-12-23 22:49:04,665] {processor.py:161} INFO - Processing /home/airflow/.local/lib/python3.7/site-packages/airflow/example_dags/example_branch_operator.py took 0.070 seconds
[2022-12-23 22:49:34,942] {processor.py:153} INFO - Started process (PID=3343) to work on /home/airflow/.local/lib/python3.7/site-packages/airflow/example_dags/example_branch_operator.py
[2022-12-23 22:49:34,943] {processor.py:641} INFO - Processing file /home/airflow/.local/lib/python3.7/site-packages/airflow/example_dags/example_branch_operator.py for tasks to queue
[2022-12-23 22:49:34,944] {logging_mixin.py:115} INFO - [2022-12-23 22:49:34,944] {dagbag.py:507} INFO - Filling up the DagBag from /home/airflow/.local/lib/python3.7/site-packages/airflow/example_dags/example_branch_operator.py
[2022-12-23 22:49:34,953] {processor.py:651} INFO - DAG(s) dict_keys(['example_branch_operator']) retrieved from /home/airflow/.local/lib/python3.7/site-packages/airflow/example_dags/example_branch_operator.py
[2022-12-23 22:49:34,981] {logging_mixin.py:115} INFO - [2022-12-23 22:49:34,981] {dag.py:2371} INFO - Sync 1 DAGs
[2022-12-23 22:49:35,000] {logging_mixin.py:115} INFO - [2022-12-23 22:49:35,000] {dag.py:2919} INFO - Setting next_dagrun for example_branch_operator to 2022-12-22T00:00:00+00:00, run_after=2022-12-23T00:00:00+00:00
[2022-12-23 22:49:35,009] {processor.py:161} INFO - Processing /home/airflow/.local/lib/python3.7/site-packages/airflow/example_dags/example_branch_operator.py took 0.070 seconds
[2022-12-23 22:50:06,025] {processor.py:153} INFO - Started process (PID=3537) to work on /home/airflow/.local/lib/python3.7/site-packages/airflow/example_dags/example_branch_operator.py
[2022-12-23 22:50:06,027] {processor.py:641} INFO - Processing file /home/airflow/.local/lib/python3.7/site-packages/airflow/example_dags/example_branch_operator.py for tasks to queue
[2022-12-23 22:50:06,028] {logging_mixin.py:115} INFO - [2022-12-23 22:50:06,028] {dagbag.py:507} INFO - Filling up the DagBag from /home/airflow/.local/lib/python3.7/site-packages/airflow/example_dags/example_branch_operator.py
[2022-12-23 22:50:06,037] {processor.py:651} INFO - DAG(s) dict_keys(['example_branch_operator']) retrieved from /home/airflow/.local/lib/python3.7/site-packages/airflow/example_dags/example_branch_operator.py
[2022-12-23 22:50:06,063] {logging_mixin.py:115} INFO - [2022-12-23 22:50:06,063] {dag.py:2371} INFO - Sync 1 DAGs
[2022-12-23 22:50:06,083] {logging_mixin.py:115} INFO - [2022-12-23 22:50:06,083] {dag.py:2919} INFO - Setting next_dagrun for example_branch_operator to 2022-12-22T00:00:00+00:00, run_after=2022-12-23T00:00:00+00:00
[2022-12-23 22:50:06,095] {processor.py:161} INFO - Processing /home/airflow/.local/lib/python3.7/site-packages/airflow/example_dags/example_branch_operator.py took 0.073 seconds
[2022-12-23 22:50:36,158] {processor.py:153} INFO - Started process (PID=3737) to work on /home/airflow/.local/lib/python3.7/site-packages/airflow/example_dags/example_branch_operator.py
[2022-12-23 22:50:36,159] {processor.py:641} INFO - Processing file /home/airflow/.local/lib/python3.7/site-packages/airflow/example_dags/example_branch_operator.py for tasks to queue
[2022-12-23 22:50:36,160] {logging_mixin.py:115} INFO - [2022-12-23 22:50:36,159] {dagbag.py:507} INFO - Filling up the DagBag from /home/airflow/.local/lib/python3.7/site-packages/airflow/example_dags/example_branch_operator.py
[2022-12-23 22:50:36,168] {processor.py:651} INFO - DAG(s) dict_keys(['example_branch_operator']) retrieved from /home/airflow/.local/lib/python3.7/site-packages/airflow/example_dags/example_branch_operator.py
[2022-12-23 22:50:36,192] {logging_mixin.py:115} INFO - [2022-12-23 22:50:36,192] {dag.py:2371} INFO - Sync 1 DAGs
[2022-12-23 22:50:36,208] {logging_mixin.py:115} INFO - [2022-12-23 22:50:36,208] {dag.py:2919} INFO - Setting next_dagrun for example_branch_operator to 2022-12-22T00:00:00+00:00, run_after=2022-12-23T00:00:00+00:00
[2022-12-23 22:50:36,215] {processor.py:161} INFO - Processing /home/airflow/.local/lib/python3.7/site-packages/airflow/example_dags/example_branch_operator.py took 0.061 seconds
[2022-12-23 22:51:06,367] {processor.py:153} INFO - Started process (PID=3940) to work on /home/airflow/.local/lib/python3.7/site-packages/airflow/example_dags/example_branch_operator.py
[2022-12-23 22:51:06,369] {processor.py:641} INFO - Processing file /home/airflow/.local/lib/python3.7/site-packages/airflow/example_dags/example_branch_operator.py for tasks to queue
[2022-12-23 22:51:06,370] {logging_mixin.py:115} INFO - [2022-12-23 22:51:06,369] {dagbag.py:507} INFO - Filling up the DagBag from /home/airflow/.local/lib/python3.7/site-packages/airflow/example_dags/example_branch_operator.py
[2022-12-23 22:51:06,380] {processor.py:651} INFO - DAG(s) dict_keys(['example_branch_operator']) retrieved from /home/airflow/.local/lib/python3.7/site-packages/airflow/example_dags/example_branch_operator.py
[2022-12-23 22:51:06,406] {logging_mixin.py:115} INFO - [2022-12-23 22:51:06,406] {dag.py:2371} INFO - Sync 1 DAGs
[2022-12-23 22:51:06,425] {logging_mixin.py:115} INFO - [2022-12-23 22:51:06,425] {dag.py:2919} INFO - Setting next_dagrun for example_branch_operator to 2022-12-22T00:00:00+00:00, run_after=2022-12-23T00:00:00+00:00
[2022-12-23 22:51:06,433] {processor.py:161} INFO - Processing /home/airflow/.local/lib/python3.7/site-packages/airflow/example_dags/example_branch_operator.py took 0.069 seconds
[2022-12-23 22:51:36,536] {processor.py:153} INFO - Started process (PID=4144) to work on /home/airflow/.local/lib/python3.7/site-packages/airflow/example_dags/example_branch_operator.py
[2022-12-23 22:51:36,537] {processor.py:641} INFO - Processing file /home/airflow/.local/lib/python3.7/site-packages/airflow/example_dags/example_branch_operator.py for tasks to queue
[2022-12-23 22:51:36,538] {logging_mixin.py:115} INFO - [2022-12-23 22:51:36,538] {dagbag.py:507} INFO - Filling up the DagBag from /home/airflow/.local/lib/python3.7/site-packages/airflow/example_dags/example_branch_operator.py
[2022-12-23 22:51:36,547] {processor.py:651} INFO - DAG(s) dict_keys(['example_branch_operator']) retrieved from /home/airflow/.local/lib/python3.7/site-packages/airflow/example_dags/example_branch_operator.py
[2022-12-23 22:51:36,572] {logging_mixin.py:115} INFO - [2022-12-23 22:51:36,572] {dag.py:2371} INFO - Sync 1 DAGs
[2022-12-23 22:51:36,588] {logging_mixin.py:115} INFO - [2022-12-23 22:51:36,588] {dag.py:2919} INFO - Setting next_dagrun for example_branch_operator to 2022-12-22T00:00:00+00:00, run_after=2022-12-23T00:00:00+00:00
[2022-12-23 22:51:36,596] {processor.py:161} INFO - Processing /home/airflow/.local/lib/python3.7/site-packages/airflow/example_dags/example_branch_operator.py took 0.063 seconds
[2022-12-23 22:52:07,589] {processor.py:153} INFO - Started process (PID=4339) to work on /home/airflow/.local/lib/python3.7/site-packages/airflow/example_dags/example_branch_operator.py
[2022-12-23 22:52:07,591] {processor.py:641} INFO - Processing file /home/airflow/.local/lib/python3.7/site-packages/airflow/example_dags/example_branch_operator.py for tasks to queue
[2022-12-23 22:52:07,592] {logging_mixin.py:115} INFO - [2022-12-23 22:52:07,591] {dagbag.py:507} INFO - Filling up the DagBag from /home/airflow/.local/lib/python3.7/site-packages/airflow/example_dags/example_branch_operator.py
[2022-12-23 22:52:07,600] {processor.py:651} INFO - DAG(s) dict_keys(['example_branch_operator']) retrieved from /home/airflow/.local/lib/python3.7/site-packages/airflow/example_dags/example_branch_operator.py
[2022-12-23 22:52:07,633] {logging_mixin.py:115} INFO - [2022-12-23 22:52:07,633] {dag.py:2371} INFO - Sync 1 DAGs
[2022-12-23 22:52:07,652] {logging_mixin.py:115} INFO - [2022-12-23 22:52:07,652] {dag.py:2919} INFO - Setting next_dagrun for example_branch_operator to 2022-12-22T00:00:00+00:00, run_after=2022-12-23T00:00:00+00:00
[2022-12-23 22:52:07,665] {processor.py:161} INFO - Processing /home/airflow/.local/lib/python3.7/site-packages/airflow/example_dags/example_branch_operator.py took 0.080 seconds
[2022-12-23 22:52:37,724] {processor.py:153} INFO - Started process (PID=4541) to work on /home/airflow/.local/lib/python3.7/site-packages/airflow/example_dags/example_branch_operator.py
[2022-12-23 22:52:37,726] {processor.py:641} INFO - Processing file /home/airflow/.local/lib/python3.7/site-packages/airflow/example_dags/example_branch_operator.py for tasks to queue
[2022-12-23 22:52:37,727] {logging_mixin.py:115} INFO - [2022-12-23 22:52:37,726] {dagbag.py:507} INFO - Filling up the DagBag from /home/airflow/.local/lib/python3.7/site-packages/airflow/example_dags/example_branch_operator.py
[2022-12-23 22:52:37,735] {processor.py:651} INFO - DAG(s) dict_keys(['example_branch_operator']) retrieved from /home/airflow/.local/lib/python3.7/site-packages/airflow/example_dags/example_branch_operator.py
[2022-12-23 22:52:37,757] {logging_mixin.py:115} INFO - [2022-12-23 22:52:37,757] {dag.py:2371} INFO - Sync 1 DAGs
[2022-12-23 22:52:37,774] {logging_mixin.py:115} INFO - [2022-12-23 22:52:37,774] {dag.py:2919} INFO - Setting next_dagrun for example_branch_operator to 2022-12-22T00:00:00+00:00, run_after=2022-12-23T00:00:00+00:00
[2022-12-23 22:52:37,782] {processor.py:161} INFO - Processing /home/airflow/.local/lib/python3.7/site-packages/airflow/example_dags/example_branch_operator.py took 0.060 seconds
[2022-12-23 22:53:08,437] {processor.py:153} INFO - Started process (PID=4757) to work on /home/airflow/.local/lib/python3.7/site-packages/airflow/example_dags/example_branch_operator.py
[2022-12-23 22:53:08,438] {processor.py:641} INFO - Processing file /home/airflow/.local/lib/python3.7/site-packages/airflow/example_dags/example_branch_operator.py for tasks to queue
[2022-12-23 22:53:08,439] {logging_mixin.py:115} INFO - [2022-12-23 22:53:08,439] {dagbag.py:507} INFO - Filling up the DagBag from /home/airflow/.local/lib/python3.7/site-packages/airflow/example_dags/example_branch_operator.py
[2022-12-23 22:53:08,448] {processor.py:651} INFO - DAG(s) dict_keys(['example_branch_operator']) retrieved from /home/airflow/.local/lib/python3.7/site-packages/airflow/example_dags/example_branch_operator.py
[2022-12-23 22:53:08,472] {logging_mixin.py:115} INFO - [2022-12-23 22:53:08,472] {dag.py:2371} INFO - Sync 1 DAGs
[2022-12-23 22:53:08,489] {logging_mixin.py:115} INFO - [2022-12-23 22:53:08,489] {dag.py:2919} INFO - Setting next_dagrun for example_branch_operator to 2022-12-22T00:00:00+00:00, run_after=2022-12-23T00:00:00+00:00
[2022-12-23 22:53:08,498] {processor.py:161} INFO - Processing /home/airflow/.local/lib/python3.7/site-packages/airflow/example_dags/example_branch_operator.py took 0.064 seconds
[2022-12-23 22:53:38,775] {processor.py:153} INFO - Started process (PID=4961) to work on /home/airflow/.local/lib/python3.7/site-packages/airflow/example_dags/example_branch_operator.py
[2022-12-23 22:53:38,776] {processor.py:641} INFO - Processing file /home/airflow/.local/lib/python3.7/site-packages/airflow/example_dags/example_branch_operator.py for tasks to queue
[2022-12-23 22:53:38,777] {logging_mixin.py:115} INFO - [2022-12-23 22:53:38,777] {dagbag.py:507} INFO - Filling up the DagBag from /home/airflow/.local/lib/python3.7/site-packages/airflow/example_dags/example_branch_operator.py
[2022-12-23 22:53:38,785] {processor.py:651} INFO - DAG(s) dict_keys(['example_branch_operator']) retrieved from /home/airflow/.local/lib/python3.7/site-packages/airflow/example_dags/example_branch_operator.py
[2022-12-23 22:53:38,809] {logging_mixin.py:115} INFO - [2022-12-23 22:53:38,809] {dag.py:2371} INFO - Sync 1 DAGs
[2022-12-23 22:53:38,825] {logging_mixin.py:115} INFO - [2022-12-23 22:53:38,825] {dag.py:2919} INFO - Setting next_dagrun for example_branch_operator to 2022-12-22T00:00:00+00:00, run_after=2022-12-23T00:00:00+00:00
[2022-12-23 22:53:38,832] {processor.py:161} INFO - Processing /home/airflow/.local/lib/python3.7/site-packages/airflow/example_dags/example_branch_operator.py took 0.060 seconds
[2022-12-23 22:54:08,918] {processor.py:153} INFO - Started process (PID=5153) to work on /home/airflow/.local/lib/python3.7/site-packages/airflow/example_dags/example_branch_operator.py
[2022-12-23 22:54:08,920] {processor.py:641} INFO - Processing file /home/airflow/.local/lib/python3.7/site-packages/airflow/example_dags/example_branch_operator.py for tasks to queue
[2022-12-23 22:54:08,921] {logging_mixin.py:115} INFO - [2022-12-23 22:54:08,921] {dagbag.py:507} INFO - Filling up the DagBag from /home/airflow/.local/lib/python3.7/site-packages/airflow/example_dags/example_branch_operator.py
[2022-12-23 22:54:08,930] {processor.py:651} INFO - DAG(s) dict_keys(['example_branch_operator']) retrieved from /home/airflow/.local/lib/python3.7/site-packages/airflow/example_dags/example_branch_operator.py
[2022-12-23 22:54:08,953] {logging_mixin.py:115} INFO - [2022-12-23 22:54:08,953] {dag.py:2371} INFO - Sync 1 DAGs
[2022-12-23 22:54:08,970] {logging_mixin.py:115} INFO - [2022-12-23 22:54:08,970] {dag.py:2919} INFO - Setting next_dagrun for example_branch_operator to 2022-12-22T00:00:00+00:00, run_after=2022-12-23T00:00:00+00:00
[2022-12-23 22:54:08,980] {processor.py:161} INFO - Processing /home/airflow/.local/lib/python3.7/site-packages/airflow/example_dags/example_branch_operator.py took 0.065 seconds
[2022-12-23 22:54:39,560] {processor.py:153} INFO - Started process (PID=5364) to work on /home/airflow/.local/lib/python3.7/site-packages/airflow/example_dags/example_branch_operator.py
[2022-12-23 22:54:39,561] {processor.py:641} INFO - Processing file /home/airflow/.local/lib/python3.7/site-packages/airflow/example_dags/example_branch_operator.py for tasks to queue
[2022-12-23 22:54:39,563] {logging_mixin.py:115} INFO - [2022-12-23 22:54:39,563] {dagbag.py:507} INFO - Filling up the DagBag from /home/airflow/.local/lib/python3.7/site-packages/airflow/example_dags/example_branch_operator.py
[2022-12-23 22:54:39,572] {processor.py:651} INFO - DAG(s) dict_keys(['example_branch_operator']) retrieved from /home/airflow/.local/lib/python3.7/site-packages/airflow/example_dags/example_branch_operator.py
[2022-12-23 22:54:39,600] {logging_mixin.py:115} INFO - [2022-12-23 22:54:39,600] {dag.py:2371} INFO - Sync 1 DAGs
[2022-12-23 22:54:39,633] {logging_mixin.py:115} INFO - [2022-12-23 22:54:39,633] {dag.py:2919} INFO - Setting next_dagrun for example_branch_operator to 2022-12-22T00:00:00+00:00, run_after=2022-12-23T00:00:00+00:00
[2022-12-23 22:54:39,651] {processor.py:161} INFO - Processing /home/airflow/.local/lib/python3.7/site-packages/airflow/example_dags/example_branch_operator.py took 0.093 seconds
[2022-12-23 22:55:09,705] {processor.py:153} INFO - Started process (PID=5569) to work on /home/airflow/.local/lib/python3.7/site-packages/airflow/example_dags/example_branch_operator.py
[2022-12-23 22:55:09,706] {processor.py:641} INFO - Processing file /home/airflow/.local/lib/python3.7/site-packages/airflow/example_dags/example_branch_operator.py for tasks to queue
[2022-12-23 22:55:09,707] {logging_mixin.py:115} INFO - [2022-12-23 22:55:09,707] {dagbag.py:507} INFO - Filling up the DagBag from /home/airflow/.local/lib/python3.7/site-packages/airflow/example_dags/example_branch_operator.py
[2022-12-23 22:55:09,715] {processor.py:651} INFO - DAG(s) dict_keys(['example_branch_operator']) retrieved from /home/airflow/.local/lib/python3.7/site-packages/airflow/example_dags/example_branch_operator.py
[2022-12-23 22:55:09,745] {logging_mixin.py:115} INFO - [2022-12-23 22:55:09,745] {dag.py:2371} INFO - Sync 1 DAGs
[2022-12-23 22:55:09,763] {logging_mixin.py:115} INFO - [2022-12-23 22:55:09,763] {dag.py:2919} INFO - Setting next_dagrun for example_branch_operator to 2022-12-22T00:00:00+00:00, run_after=2022-12-23T00:00:00+00:00
[2022-12-23 22:55:09,772] {processor.py:161} INFO - Processing /home/airflow/.local/lib/python3.7/site-packages/airflow/example_dags/example_branch_operator.py took 0.071 seconds
[2022-12-23 22:55:39,844] {processor.py:153} INFO - Started process (PID=5773) to work on /home/airflow/.local/lib/python3.7/site-packages/airflow/example_dags/example_branch_operator.py
[2022-12-23 22:55:39,845] {processor.py:641} INFO - Processing file /home/airflow/.local/lib/python3.7/site-packages/airflow/example_dags/example_branch_operator.py for tasks to queue
[2022-12-23 22:55:39,846] {logging_mixin.py:115} INFO - [2022-12-23 22:55:39,846] {dagbag.py:507} INFO - Filling up the DagBag from /home/airflow/.local/lib/python3.7/site-packages/airflow/example_dags/example_branch_operator.py
[2022-12-23 22:55:39,854] {processor.py:651} INFO - DAG(s) dict_keys(['example_branch_operator']) retrieved from /home/airflow/.local/lib/python3.7/site-packages/airflow/example_dags/example_branch_operator.py
[2022-12-23 22:55:39,878] {logging_mixin.py:115} INFO - [2022-12-23 22:55:39,878] {dag.py:2371} INFO - Sync 1 DAGs
[2022-12-23 22:55:39,895] {logging_mixin.py:115} INFO - [2022-12-23 22:55:39,895] {dag.py:2919} INFO - Setting next_dagrun for example_branch_operator to 2022-12-22T00:00:00+00:00, run_after=2022-12-23T00:00:00+00:00
[2022-12-23 22:55:39,903] {processor.py:161} INFO - Processing /home/airflow/.local/lib/python3.7/site-packages/airflow/example_dags/example_branch_operator.py took 0.063 seconds
[2022-12-23 22:56:10,115] {processor.py:153} INFO - Started process (PID=5980) to work on /home/airflow/.local/lib/python3.7/site-packages/airflow/example_dags/example_branch_operator.py
[2022-12-23 22:56:10,117] {processor.py:641} INFO - Processing file /home/airflow/.local/lib/python3.7/site-packages/airflow/example_dags/example_branch_operator.py for tasks to queue
[2022-12-23 22:56:10,118] {logging_mixin.py:115} INFO - [2022-12-23 22:56:10,118] {dagbag.py:507} INFO - Filling up the DagBag from /home/airflow/.local/lib/python3.7/site-packages/airflow/example_dags/example_branch_operator.py
[2022-12-23 22:56:10,128] {processor.py:651} INFO - DAG(s) dict_keys(['example_branch_operator']) retrieved from /home/airflow/.local/lib/python3.7/site-packages/airflow/example_dags/example_branch_operator.py
[2022-12-23 22:56:10,154] {logging_mixin.py:115} INFO - [2022-12-23 22:56:10,154] {dag.py:2371} INFO - Sync 1 DAGs
[2022-12-23 22:56:10,171] {logging_mixin.py:115} INFO - [2022-12-23 22:56:10,171] {dag.py:2919} INFO - Setting next_dagrun for example_branch_operator to 2022-12-22T00:00:00+00:00, run_after=2022-12-23T00:00:00+00:00
[2022-12-23 22:56:10,180] {processor.py:161} INFO - Processing /home/airflow/.local/lib/python3.7/site-packages/airflow/example_dags/example_branch_operator.py took 0.068 seconds
[2022-12-23 22:56:40,455] {processor.py:153} INFO - Started process (PID=6177) to work on /home/airflow/.local/lib/python3.7/site-packages/airflow/example_dags/example_branch_operator.py
[2022-12-23 22:56:40,456] {processor.py:641} INFO - Processing file /home/airflow/.local/lib/python3.7/site-packages/airflow/example_dags/example_branch_operator.py for tasks to queue
[2022-12-23 22:56:40,457] {logging_mixin.py:115} INFO - [2022-12-23 22:56:40,457] {dagbag.py:507} INFO - Filling up the DagBag from /home/airflow/.local/lib/python3.7/site-packages/airflow/example_dags/example_branch_operator.py
[2022-12-23 22:56:40,467] {processor.py:651} INFO - DAG(s) dict_keys(['example_branch_operator']) retrieved from /home/airflow/.local/lib/python3.7/site-packages/airflow/example_dags/example_branch_operator.py
[2022-12-23 22:56:40,492] {logging_mixin.py:115} INFO - [2022-12-23 22:56:40,492] {dag.py:2371} INFO - Sync 1 DAGs
[2022-12-23 22:56:40,509] {logging_mixin.py:115} INFO - [2022-12-23 22:56:40,509] {dag.py:2919} INFO - Setting next_dagrun for example_branch_operator to 2022-12-22T00:00:00+00:00, run_after=2022-12-23T00:00:00+00:00
[2022-12-23 22:56:40,518] {processor.py:161} INFO - Processing /home/airflow/.local/lib/python3.7/site-packages/airflow/example_dags/example_branch_operator.py took 0.066 seconds
[2022-12-23 22:57:10,768] {processor.py:153} INFO - Started process (PID=6379) to work on /home/airflow/.local/lib/python3.7/site-packages/airflow/example_dags/example_branch_operator.py
[2022-12-23 22:57:10,769] {processor.py:641} INFO - Processing file /home/airflow/.local/lib/python3.7/site-packages/airflow/example_dags/example_branch_operator.py for tasks to queue
[2022-12-23 22:57:10,770] {logging_mixin.py:115} INFO - [2022-12-23 22:57:10,770] {dagbag.py:507} INFO - Filling up the DagBag from /home/airflow/.local/lib/python3.7/site-packages/airflow/example_dags/example_branch_operator.py
[2022-12-23 22:57:10,779] {processor.py:651} INFO - DAG(s) dict_keys(['example_branch_operator']) retrieved from /home/airflow/.local/lib/python3.7/site-packages/airflow/example_dags/example_branch_operator.py
[2022-12-23 22:57:10,804] {logging_mixin.py:115} INFO - [2022-12-23 22:57:10,804] {dag.py:2371} INFO - Sync 1 DAGs
[2022-12-23 22:57:10,820] {logging_mixin.py:115} INFO - [2022-12-23 22:57:10,820] {dag.py:2919} INFO - Setting next_dagrun for example_branch_operator to 2022-12-22T00:00:00+00:00, run_after=2022-12-23T00:00:00+00:00
[2022-12-23 22:57:10,829] {processor.py:161} INFO - Processing /home/airflow/.local/lib/python3.7/site-packages/airflow/example_dags/example_branch_operator.py took 0.064 seconds
[2022-12-23 22:57:40,870] {processor.py:153} INFO - Started process (PID=6582) to work on /home/airflow/.local/lib/python3.7/site-packages/airflow/example_dags/example_branch_operator.py
[2022-12-23 22:57:40,872] {processor.py:641} INFO - Processing file /home/airflow/.local/lib/python3.7/site-packages/airflow/example_dags/example_branch_operator.py for tasks to queue
[2022-12-23 22:57:40,873] {logging_mixin.py:115} INFO - [2022-12-23 22:57:40,873] {dagbag.py:507} INFO - Filling up the DagBag from /home/airflow/.local/lib/python3.7/site-packages/airflow/example_dags/example_branch_operator.py
[2022-12-23 22:57:40,882] {processor.py:651} INFO - DAG(s) dict_keys(['example_branch_operator']) retrieved from /home/airflow/.local/lib/python3.7/site-packages/airflow/example_dags/example_branch_operator.py
[2022-12-23 22:57:40,910] {logging_mixin.py:115} INFO - [2022-12-23 22:57:40,910] {dag.py:2371} INFO - Sync 1 DAGs
[2022-12-23 22:57:40,927] {logging_mixin.py:115} INFO - [2022-12-23 22:57:40,927] {dag.py:2919} INFO - Setting next_dagrun for example_branch_operator to 2022-12-22T00:00:00+00:00, run_after=2022-12-23T00:00:00+00:00
[2022-12-23 22:57:40,936] {processor.py:161} INFO - Processing /home/airflow/.local/lib/python3.7/site-packages/airflow/example_dags/example_branch_operator.py took 0.070 seconds
[2022-12-23 22:58:11,530] {processor.py:153} INFO - Started process (PID=6787) to work on /home/airflow/.local/lib/python3.7/site-packages/airflow/example_dags/example_branch_operator.py
[2022-12-23 22:58:11,531] {processor.py:641} INFO - Processing file /home/airflow/.local/lib/python3.7/site-packages/airflow/example_dags/example_branch_operator.py for tasks to queue
[2022-12-23 22:58:11,533] {logging_mixin.py:115} INFO - [2022-12-23 22:58:11,533] {dagbag.py:507} INFO - Filling up the DagBag from /home/airflow/.local/lib/python3.7/site-packages/airflow/example_dags/example_branch_operator.py
[2022-12-23 22:58:11,543] {processor.py:651} INFO - DAG(s) dict_keys(['example_branch_operator']) retrieved from /home/airflow/.local/lib/python3.7/site-packages/airflow/example_dags/example_branch_operator.py
[2022-12-23 22:58:11,574] {logging_mixin.py:115} INFO - [2022-12-23 22:58:11,574] {dag.py:2371} INFO - Sync 1 DAGs
[2022-12-23 22:58:11,590] {logging_mixin.py:115} INFO - [2022-12-23 22:58:11,590] {dag.py:2919} INFO - Setting next_dagrun for example_branch_operator to 2022-12-22T00:00:00+00:00, run_after=2022-12-23T00:00:00+00:00
[2022-12-23 22:58:11,598] {processor.py:161} INFO - Processing /home/airflow/.local/lib/python3.7/site-packages/airflow/example_dags/example_branch_operator.py took 0.072 seconds
[2022-12-23 22:58:41,671] {processor.py:153} INFO - Started process (PID=6979) to work on /home/airflow/.local/lib/python3.7/site-packages/airflow/example_dags/example_branch_operator.py
[2022-12-23 22:58:41,672] {processor.py:641} INFO - Processing file /home/airflow/.local/lib/python3.7/site-packages/airflow/example_dags/example_branch_operator.py for tasks to queue
[2022-12-23 22:58:41,673] {logging_mixin.py:115} INFO - [2022-12-23 22:58:41,673] {dagbag.py:507} INFO - Filling up the DagBag from /home/airflow/.local/lib/python3.7/site-packages/airflow/example_dags/example_branch_operator.py
[2022-12-23 22:58:41,680] {processor.py:651} INFO - DAG(s) dict_keys(['example_branch_operator']) retrieved from /home/airflow/.local/lib/python3.7/site-packages/airflow/example_dags/example_branch_operator.py
[2022-12-23 22:58:41,705] {logging_mixin.py:115} INFO - [2022-12-23 22:58:41,705] {dag.py:2371} INFO - Sync 1 DAGs
[2022-12-23 22:58:41,724] {logging_mixin.py:115} INFO - [2022-12-23 22:58:41,723] {dag.py:2919} INFO - Setting next_dagrun for example_branch_operator to 2022-12-22T00:00:00+00:00, run_after=2022-12-23T00:00:00+00:00
[2022-12-23 22:58:41,752] {processor.py:161} INFO - Processing /home/airflow/.local/lib/python3.7/site-packages/airflow/example_dags/example_branch_operator.py took 0.084 seconds
[2022-12-23 22:59:11,791] {processor.py:153} INFO - Started process (PID=7182) to work on /home/airflow/.local/lib/python3.7/site-packages/airflow/example_dags/example_branch_operator.py
[2022-12-23 22:59:11,792] {processor.py:641} INFO - Processing file /home/airflow/.local/lib/python3.7/site-packages/airflow/example_dags/example_branch_operator.py for tasks to queue
[2022-12-23 22:59:11,793] {logging_mixin.py:115} INFO - [2022-12-23 22:59:11,793] {dagbag.py:507} INFO - Filling up the DagBag from /home/airflow/.local/lib/python3.7/site-packages/airflow/example_dags/example_branch_operator.py
[2022-12-23 22:59:11,801] {processor.py:651} INFO - DAG(s) dict_keys(['example_branch_operator']) retrieved from /home/airflow/.local/lib/python3.7/site-packages/airflow/example_dags/example_branch_operator.py
[2022-12-23 22:59:11,826] {logging_mixin.py:115} INFO - [2022-12-23 22:59:11,826] {dag.py:2371} INFO - Sync 1 DAGs
[2022-12-23 22:59:11,844] {logging_mixin.py:115} INFO - [2022-12-23 22:59:11,844] {dag.py:2919} INFO - Setting next_dagrun for example_branch_operator to 2022-12-22T00:00:00+00:00, run_after=2022-12-23T00:00:00+00:00
[2022-12-23 22:59:11,852] {processor.py:161} INFO - Processing /home/airflow/.local/lib/python3.7/site-packages/airflow/example_dags/example_branch_operator.py took 0.063 seconds
[2022-12-23 22:59:42,099] {processor.py:153} INFO - Started process (PID=7389) to work on /home/airflow/.local/lib/python3.7/site-packages/airflow/example_dags/example_branch_operator.py
[2022-12-23 22:59:42,100] {processor.py:641} INFO - Processing file /home/airflow/.local/lib/python3.7/site-packages/airflow/example_dags/example_branch_operator.py for tasks to queue
[2022-12-23 22:59:42,101] {logging_mixin.py:115} INFO - [2022-12-23 22:59:42,101] {dagbag.py:507} INFO - Filling up the DagBag from /home/airflow/.local/lib/python3.7/site-packages/airflow/example_dags/example_branch_operator.py
[2022-12-23 22:59:42,109] {processor.py:651} INFO - DAG(s) dict_keys(['example_branch_operator']) retrieved from /home/airflow/.local/lib/python3.7/site-packages/airflow/example_dags/example_branch_operator.py
[2022-12-23 22:59:42,134] {logging_mixin.py:115} INFO - [2022-12-23 22:59:42,134] {dag.py:2371} INFO - Sync 1 DAGs
[2022-12-23 22:59:42,151] {logging_mixin.py:115} INFO - [2022-12-23 22:59:42,151] {dag.py:2919} INFO - Setting next_dagrun for example_branch_operator to 2022-12-22T00:00:00+00:00, run_after=2022-12-23T00:00:00+00:00
[2022-12-23 22:59:42,159] {processor.py:161} INFO - Processing /home/airflow/.local/lib/python3.7/site-packages/airflow/example_dags/example_branch_operator.py took 0.063 seconds
[2022-12-23 23:00:12,252] {processor.py:153} INFO - Started process (PID=7594) to work on /home/airflow/.local/lib/python3.7/site-packages/airflow/example_dags/example_branch_operator.py
[2022-12-23 23:00:12,253] {processor.py:641} INFO - Processing file /home/airflow/.local/lib/python3.7/site-packages/airflow/example_dags/example_branch_operator.py for tasks to queue
[2022-12-23 23:00:12,254] {logging_mixin.py:115} INFO - [2022-12-23 23:00:12,254] {dagbag.py:507} INFO - Filling up the DagBag from /home/airflow/.local/lib/python3.7/site-packages/airflow/example_dags/example_branch_operator.py
[2022-12-23 23:00:12,263] {processor.py:651} INFO - DAG(s) dict_keys(['example_branch_operator']) retrieved from /home/airflow/.local/lib/python3.7/site-packages/airflow/example_dags/example_branch_operator.py
[2022-12-23 23:00:12,306] {logging_mixin.py:115} INFO - [2022-12-23 23:00:12,306] {dag.py:2371} INFO - Sync 1 DAGs
[2022-12-23 23:00:12,326] {logging_mixin.py:115} INFO - [2022-12-23 23:00:12,326] {dag.py:2919} INFO - Setting next_dagrun for example_branch_operator to 2022-12-22T00:00:00+00:00, run_after=2022-12-23T00:00:00+00:00
[2022-12-23 23:00:12,340] {processor.py:161} INFO - Processing /home/airflow/.local/lib/python3.7/site-packages/airflow/example_dags/example_branch_operator.py took 0.091 seconds
[2022-12-23 23:00:42,677] {processor.py:153} INFO - Started process (PID=7788) to work on /home/airflow/.local/lib/python3.7/site-packages/airflow/example_dags/example_branch_operator.py
[2022-12-23 23:00:42,678] {processor.py:641} INFO - Processing file /home/airflow/.local/lib/python3.7/site-packages/airflow/example_dags/example_branch_operator.py for tasks to queue
[2022-12-23 23:00:42,679] {logging_mixin.py:115} INFO - [2022-12-23 23:00:42,679] {dagbag.py:507} INFO - Filling up the DagBag from /home/airflow/.local/lib/python3.7/site-packages/airflow/example_dags/example_branch_operator.py
[2022-12-23 23:00:42,687] {processor.py:651} INFO - DAG(s) dict_keys(['example_branch_operator']) retrieved from /home/airflow/.local/lib/python3.7/site-packages/airflow/example_dags/example_branch_operator.py
[2022-12-23 23:00:42,713] {logging_mixin.py:115} INFO - [2022-12-23 23:00:42,713] {dag.py:2371} INFO - Sync 1 DAGs
[2022-12-23 23:00:42,730] {logging_mixin.py:115} INFO - [2022-12-23 23:00:42,729] {dag.py:2919} INFO - Setting next_dagrun for example_branch_operator to 2022-12-22T00:00:00+00:00, run_after=2022-12-23T00:00:00+00:00
[2022-12-23 23:00:42,738] {processor.py:161} INFO - Processing /home/airflow/.local/lib/python3.7/site-packages/airflow/example_dags/example_branch_operator.py took 0.064 seconds
[2022-12-23 23:01:12,900] {processor.py:153} INFO - Started process (PID=7993) to work on /home/airflow/.local/lib/python3.7/site-packages/airflow/example_dags/example_branch_operator.py
[2022-12-23 23:01:12,901] {processor.py:641} INFO - Processing file /home/airflow/.local/lib/python3.7/site-packages/airflow/example_dags/example_branch_operator.py for tasks to queue
[2022-12-23 23:01:12,902] {logging_mixin.py:115} INFO - [2022-12-23 23:01:12,902] {dagbag.py:507} INFO - Filling up the DagBag from /home/airflow/.local/lib/python3.7/site-packages/airflow/example_dags/example_branch_operator.py
[2022-12-23 23:01:12,910] {processor.py:651} INFO - DAG(s) dict_keys(['example_branch_operator']) retrieved from /home/airflow/.local/lib/python3.7/site-packages/airflow/example_dags/example_branch_operator.py
[2022-12-23 23:01:12,933] {logging_mixin.py:115} INFO - [2022-12-23 23:01:12,933] {dag.py:2371} INFO - Sync 1 DAGs
[2022-12-23 23:01:12,949] {logging_mixin.py:115} INFO - [2022-12-23 23:01:12,949] {dag.py:2919} INFO - Setting next_dagrun for example_branch_operator to 2022-12-22T00:00:00+00:00, run_after=2022-12-23T00:00:00+00:00
[2022-12-23 23:01:12,956] {processor.py:161} INFO - Processing /home/airflow/.local/lib/python3.7/site-packages/airflow/example_dags/example_branch_operator.py took 0.059 seconds
[2022-12-23 23:03:28,109] {processor.py:153} INFO - Started process (PID=72) to work on /home/airflow/.local/lib/python3.7/site-packages/airflow/example_dags/example_branch_operator.py
[2022-12-23 23:03:28,111] {processor.py:641} INFO - Processing file /home/airflow/.local/lib/python3.7/site-packages/airflow/example_dags/example_branch_operator.py for tasks to queue
[2022-12-23 23:03:28,112] {logging_mixin.py:115} INFO - [2022-12-23 23:03:28,112] {dagbag.py:507} INFO - Filling up the DagBag from /home/airflow/.local/lib/python3.7/site-packages/airflow/example_dags/example_branch_operator.py
[2022-12-23 23:03:28,124] {processor.py:651} INFO - DAG(s) dict_keys(['example_branch_operator']) retrieved from /home/airflow/.local/lib/python3.7/site-packages/airflow/example_dags/example_branch_operator.py
[2022-12-23 23:03:28,308] {logging_mixin.py:115} INFO - [2022-12-23 23:03:28,308] {manager.py:508} INFO - Created Permission View: can read on DAG:example_branch_operator
[2022-12-23 23:03:28,315] {logging_mixin.py:115} INFO - [2022-12-23 23:03:28,315] {manager.py:508} INFO - Created Permission View: can edit on DAG:example_branch_operator
[2022-12-23 23:03:28,320] {logging_mixin.py:115} INFO - [2022-12-23 23:03:28,320] {manager.py:508} INFO - Created Permission View: can delete on DAG:example_branch_operator
[2022-12-23 23:03:28,321] {logging_mixin.py:115} INFO - [2022-12-23 23:03:28,321] {dag.py:2371} INFO - Sync 1 DAGs
[2022-12-23 23:03:28,328] {logging_mixin.py:115} INFO - [2022-12-23 23:03:28,328] {dag.py:2390} INFO - Creating ORM DAG for example_branch_operator
[2022-12-23 23:03:28,340] {logging_mixin.py:115} INFO - [2022-12-23 23:03:28,340] {dag.py:2919} INFO - Setting next_dagrun for example_branch_operator to 2022-12-22T00:00:00+00:00, run_after=2022-12-23T00:00:00+00:00
[2022-12-23 23:03:28,352] {processor.py:161} INFO - Processing /home/airflow/.local/lib/python3.7/site-packages/airflow/example_dags/example_branch_operator.py took 0.245 seconds
[2022-12-23 23:03:58,814] {processor.py:153} INFO - Started process (PID=135) to work on /home/airflow/.local/lib/python3.7/site-packages/airflow/example_dags/example_branch_operator.py
[2022-12-23 23:03:58,816] {processor.py:641} INFO - Processing file /home/airflow/.local/lib/python3.7/site-packages/airflow/example_dags/example_branch_operator.py for tasks to queue
[2022-12-23 23:03:58,817] {logging_mixin.py:115} INFO - [2022-12-23 23:03:58,817] {dagbag.py:507} INFO - Filling up the DagBag from /home/airflow/.local/lib/python3.7/site-packages/airflow/example_dags/example_branch_operator.py
[2022-12-23 23:03:58,827] {processor.py:651} INFO - DAG(s) dict_keys(['example_branch_operator']) retrieved from /home/airflow/.local/lib/python3.7/site-packages/airflow/example_dags/example_branch_operator.py
[2022-12-23 23:03:58,852] {logging_mixin.py:115} INFO - [2022-12-23 23:03:58,852] {dag.py:2371} INFO - Sync 1 DAGs
[2022-12-23 23:03:58,876] {logging_mixin.py:115} INFO - [2022-12-23 23:03:58,876] {dag.py:2919} INFO - Setting next_dagrun for example_branch_operator to 2022-12-22T00:00:00+00:00, run_after=2022-12-23T00:00:00+00:00
[2022-12-23 23:03:58,987] {processor.py:161} INFO - Processing /home/airflow/.local/lib/python3.7/site-packages/airflow/example_dags/example_branch_operator.py took 0.175 seconds
[2022-12-23 23:04:29,114] {processor.py:153} INFO - Started process (PID=198) to work on /home/airflow/.local/lib/python3.7/site-packages/airflow/example_dags/example_branch_operator.py
[2022-12-23 23:04:29,115] {processor.py:641} INFO - Processing file /home/airflow/.local/lib/python3.7/site-packages/airflow/example_dags/example_branch_operator.py for tasks to queue
[2022-12-23 23:04:29,116] {logging_mixin.py:115} INFO - [2022-12-23 23:04:29,116] {dagbag.py:507} INFO - Filling up the DagBag from /home/airflow/.local/lib/python3.7/site-packages/airflow/example_dags/example_branch_operator.py
[2022-12-23 23:04:29,125] {processor.py:651} INFO - DAG(s) dict_keys(['example_branch_operator']) retrieved from /home/airflow/.local/lib/python3.7/site-packages/airflow/example_dags/example_branch_operator.py
[2022-12-23 23:04:29,149] {logging_mixin.py:115} INFO - [2022-12-23 23:04:29,149] {dag.py:2371} INFO - Sync 1 DAGs
[2022-12-23 23:04:29,168] {logging_mixin.py:115} INFO - [2022-12-23 23:04:29,168] {dag.py:2919} INFO - Setting next_dagrun for example_branch_operator to 2022-12-22T00:00:00+00:00, run_after=2022-12-23T00:00:00+00:00
[2022-12-23 23:04:29,268] {processor.py:161} INFO - Processing /home/airflow/.local/lib/python3.7/site-packages/airflow/example_dags/example_branch_operator.py took 0.157 seconds
[2022-12-23 23:04:59,446] {processor.py:153} INFO - Started process (PID=252) to work on /home/airflow/.local/lib/python3.7/site-packages/airflow/example_dags/example_branch_operator.py
[2022-12-23 23:04:59,447] {processor.py:641} INFO - Processing file /home/airflow/.local/lib/python3.7/site-packages/airflow/example_dags/example_branch_operator.py for tasks to queue
[2022-12-23 23:04:59,449] {logging_mixin.py:115} INFO - [2022-12-23 23:04:59,449] {dagbag.py:507} INFO - Filling up the DagBag from /home/airflow/.local/lib/python3.7/site-packages/airflow/example_dags/example_branch_operator.py
[2022-12-23 23:04:59,459] {processor.py:651} INFO - DAG(s) dict_keys(['example_branch_operator']) retrieved from /home/airflow/.local/lib/python3.7/site-packages/airflow/example_dags/example_branch_operator.py
[2022-12-23 23:04:59,484] {logging_mixin.py:115} INFO - [2022-12-23 23:04:59,484] {dag.py:2371} INFO - Sync 1 DAGs
[2022-12-23 23:04:59,504] {logging_mixin.py:115} INFO - [2022-12-23 23:04:59,504] {dag.py:2919} INFO - Setting next_dagrun for example_branch_operator to 2022-12-22T00:00:00+00:00, run_after=2022-12-23T00:00:00+00:00
[2022-12-23 23:04:59,636] {processor.py:161} INFO - Processing /home/airflow/.local/lib/python3.7/site-packages/airflow/example_dags/example_branch_operator.py took 0.193 seconds
[2022-12-23 23:05:29,932] {processor.py:153} INFO - Started process (PID=315) to work on /home/airflow/.local/lib/python3.7/site-packages/airflow/example_dags/example_branch_operator.py
[2022-12-23 23:05:29,934] {processor.py:641} INFO - Processing file /home/airflow/.local/lib/python3.7/site-packages/airflow/example_dags/example_branch_operator.py for tasks to queue
[2022-12-23 23:05:29,936] {logging_mixin.py:115} INFO - [2022-12-23 23:05:29,936] {dagbag.py:507} INFO - Filling up the DagBag from /home/airflow/.local/lib/python3.7/site-packages/airflow/example_dags/example_branch_operator.py
[2022-12-23 23:05:29,946] {processor.py:651} INFO - DAG(s) dict_keys(['example_branch_operator']) retrieved from /home/airflow/.local/lib/python3.7/site-packages/airflow/example_dags/example_branch_operator.py
[2022-12-23 23:05:29,972] {logging_mixin.py:115} INFO - [2022-12-23 23:05:29,972] {dag.py:2371} INFO - Sync 1 DAGs
[2022-12-23 23:05:29,991] {logging_mixin.py:115} INFO - [2022-12-23 23:05:29,991] {dag.py:2919} INFO - Setting next_dagrun for example_branch_operator to 2022-12-22T00:00:00+00:00, run_after=2022-12-23T00:00:00+00:00
[2022-12-23 23:05:30,098] {processor.py:161} INFO - Processing /home/airflow/.local/lib/python3.7/site-packages/airflow/example_dags/example_branch_operator.py took 0.169 seconds
[2022-12-23 23:06:00,318] {processor.py:153} INFO - Started process (PID=378) to work on /home/airflow/.local/lib/python3.7/site-packages/airflow/example_dags/example_branch_operator.py
[2022-12-23 23:06:00,319] {processor.py:641} INFO - Processing file /home/airflow/.local/lib/python3.7/site-packages/airflow/example_dags/example_branch_operator.py for tasks to queue
[2022-12-23 23:06:00,320] {logging_mixin.py:115} INFO - [2022-12-23 23:06:00,320] {dagbag.py:507} INFO - Filling up the DagBag from /home/airflow/.local/lib/python3.7/site-packages/airflow/example_dags/example_branch_operator.py
[2022-12-23 23:06:00,328] {processor.py:651} INFO - DAG(s) dict_keys(['example_branch_operator']) retrieved from /home/airflow/.local/lib/python3.7/site-packages/airflow/example_dags/example_branch_operator.py
[2022-12-23 23:06:00,356] {logging_mixin.py:115} INFO - [2022-12-23 23:06:00,356] {dag.py:2371} INFO - Sync 1 DAGs
[2022-12-23 23:06:00,379] {logging_mixin.py:115} INFO - [2022-12-23 23:06:00,379] {dag.py:2919} INFO - Setting next_dagrun for example_branch_operator to 2022-12-22T00:00:00+00:00, run_after=2022-12-23T00:00:00+00:00
[2022-12-23 23:06:00,507] {processor.py:161} INFO - Processing /home/airflow/.local/lib/python3.7/site-packages/airflow/example_dags/example_branch_operator.py took 0.192 seconds
[2022-12-23 23:06:30,550] {processor.py:153} INFO - Started process (PID=441) to work on /home/airflow/.local/lib/python3.7/site-packages/airflow/example_dags/example_branch_operator.py
[2022-12-23 23:06:30,551] {processor.py:641} INFO - Processing file /home/airflow/.local/lib/python3.7/site-packages/airflow/example_dags/example_branch_operator.py for tasks to queue
[2022-12-23 23:06:30,552] {logging_mixin.py:115} INFO - [2022-12-23 23:06:30,552] {dagbag.py:507} INFO - Filling up the DagBag from /home/airflow/.local/lib/python3.7/site-packages/airflow/example_dags/example_branch_operator.py
[2022-12-23 23:06:30,561] {processor.py:651} INFO - DAG(s) dict_keys(['example_branch_operator']) retrieved from /home/airflow/.local/lib/python3.7/site-packages/airflow/example_dags/example_branch_operator.py
[2022-12-23 23:06:30,586] {logging_mixin.py:115} INFO - [2022-12-23 23:06:30,586] {dag.py:2371} INFO - Sync 1 DAGs
[2022-12-23 23:06:30,605] {logging_mixin.py:115} INFO - [2022-12-23 23:06:30,605] {dag.py:2919} INFO - Setting next_dagrun for example_branch_operator to 2022-12-22T00:00:00+00:00, run_after=2022-12-23T00:00:00+00:00
[2022-12-23 23:06:30,706] {processor.py:161} INFO - Processing /home/airflow/.local/lib/python3.7/site-packages/airflow/example_dags/example_branch_operator.py took 0.158 seconds
[2022-12-23 23:07:01,064] {processor.py:153} INFO - Started process (PID=495) to work on /home/airflow/.local/lib/python3.7/site-packages/airflow/example_dags/example_branch_operator.py
[2022-12-23 23:07:01,066] {processor.py:641} INFO - Processing file /home/airflow/.local/lib/python3.7/site-packages/airflow/example_dags/example_branch_operator.py for tasks to queue
[2022-12-23 23:07:01,067] {logging_mixin.py:115} INFO - [2022-12-23 23:07:01,067] {dagbag.py:507} INFO - Filling up the DagBag from /home/airflow/.local/lib/python3.7/site-packages/airflow/example_dags/example_branch_operator.py
[2022-12-23 23:07:01,077] {processor.py:651} INFO - DAG(s) dict_keys(['example_branch_operator']) retrieved from /home/airflow/.local/lib/python3.7/site-packages/airflow/example_dags/example_branch_operator.py
[2022-12-23 23:07:01,105] {logging_mixin.py:115} INFO - [2022-12-23 23:07:01,105] {dag.py:2371} INFO - Sync 1 DAGs
[2022-12-23 23:07:01,124] {logging_mixin.py:115} INFO - [2022-12-23 23:07:01,124] {dag.py:2919} INFO - Setting next_dagrun for example_branch_operator to 2022-12-22T00:00:00+00:00, run_after=2022-12-23T00:00:00+00:00
[2022-12-23 23:07:01,229] {processor.py:161} INFO - Processing /home/airflow/.local/lib/python3.7/site-packages/airflow/example_dags/example_branch_operator.py took 0.167 seconds
[2022-12-23 23:07:31,797] {processor.py:153} INFO - Started process (PID=559) to work on /home/airflow/.local/lib/python3.7/site-packages/airflow/example_dags/example_branch_operator.py
[2022-12-23 23:07:31,798] {processor.py:641} INFO - Processing file /home/airflow/.local/lib/python3.7/site-packages/airflow/example_dags/example_branch_operator.py for tasks to queue
[2022-12-23 23:07:31,799] {logging_mixin.py:115} INFO - [2022-12-23 23:07:31,799] {dagbag.py:507} INFO - Filling up the DagBag from /home/airflow/.local/lib/python3.7/site-packages/airflow/example_dags/example_branch_operator.py
[2022-12-23 23:07:31,807] {processor.py:651} INFO - DAG(s) dict_keys(['example_branch_operator']) retrieved from /home/airflow/.local/lib/python3.7/site-packages/airflow/example_dags/example_branch_operator.py
[2022-12-23 23:07:31,832] {logging_mixin.py:115} INFO - [2022-12-23 23:07:31,832] {dag.py:2371} INFO - Sync 1 DAGs
[2022-12-23 23:07:31,853] {logging_mixin.py:115} INFO - [2022-12-23 23:07:31,853] {dag.py:2919} INFO - Setting next_dagrun for example_branch_operator to 2022-12-22T00:00:00+00:00, run_after=2022-12-23T00:00:00+00:00
[2022-12-23 23:07:31,960] {processor.py:161} INFO - Processing /home/airflow/.local/lib/python3.7/site-packages/airflow/example_dags/example_branch_operator.py took 0.166 seconds
[2022-12-23 23:08:02,957] {processor.py:153} INFO - Started process (PID=621) to work on /home/airflow/.local/lib/python3.7/site-packages/airflow/example_dags/example_branch_operator.py
[2022-12-23 23:08:02,959] {processor.py:641} INFO - Processing file /home/airflow/.local/lib/python3.7/site-packages/airflow/example_dags/example_branch_operator.py for tasks to queue
[2022-12-23 23:08:02,960] {logging_mixin.py:115} INFO - [2022-12-23 23:08:02,960] {dagbag.py:507} INFO - Filling up the DagBag from /home/airflow/.local/lib/python3.7/site-packages/airflow/example_dags/example_branch_operator.py
[2022-12-23 23:08:02,968] {processor.py:651} INFO - DAG(s) dict_keys(['example_branch_operator']) retrieved from /home/airflow/.local/lib/python3.7/site-packages/airflow/example_dags/example_branch_operator.py
[2022-12-23 23:08:02,993] {logging_mixin.py:115} INFO - [2022-12-23 23:08:02,993] {dag.py:2371} INFO - Sync 1 DAGs
[2022-12-23 23:08:03,012] {logging_mixin.py:115} INFO - [2022-12-23 23:08:03,012] {dag.py:2919} INFO - Setting next_dagrun for example_branch_operator to 2022-12-22T00:00:00+00:00, run_after=2022-12-23T00:00:00+00:00
[2022-12-23 23:08:03,119] {processor.py:161} INFO - Processing /home/airflow/.local/lib/python3.7/site-packages/airflow/example_dags/example_branch_operator.py took 0.165 seconds
[2022-12-23 23:08:33,528] {processor.py:153} INFO - Started process (PID=686) to work on /home/airflow/.local/lib/python3.7/site-packages/airflow/example_dags/example_branch_operator.py
[2022-12-23 23:08:33,530] {processor.py:641} INFO - Processing file /home/airflow/.local/lib/python3.7/site-packages/airflow/example_dags/example_branch_operator.py for tasks to queue
[2022-12-23 23:08:33,531] {logging_mixin.py:115} INFO - [2022-12-23 23:08:33,530] {dagbag.py:507} INFO - Filling up the DagBag from /home/airflow/.local/lib/python3.7/site-packages/airflow/example_dags/example_branch_operator.py
[2022-12-23 23:08:33,540] {processor.py:651} INFO - DAG(s) dict_keys(['example_branch_operator']) retrieved from /home/airflow/.local/lib/python3.7/site-packages/airflow/example_dags/example_branch_operator.py
[2022-12-23 23:08:33,564] {logging_mixin.py:115} INFO - [2022-12-23 23:08:33,564] {dag.py:2371} INFO - Sync 1 DAGs
[2022-12-23 23:08:33,678] {logging_mixin.py:115} INFO - [2022-12-23 23:08:33,678] {dag.py:2919} INFO - Setting next_dagrun for example_branch_operator to 2022-12-22T00:00:00+00:00, run_after=2022-12-23T00:00:00+00:00
[2022-12-23 23:08:33,686] {processor.py:161} INFO - Processing /home/airflow/.local/lib/python3.7/site-packages/airflow/example_dags/example_branch_operator.py took 0.161 seconds
