[2022-12-23T00:00:04.747+0000] {processor.py:153} INFO - Started process (PID=3121) to work on /home/airflow/.local/lib/python3.7/site-packages/airflow/example_dags/example_branch_operator_decorator.py
[2022-12-23T00:00:04.749+0000] {processor.py:743} INFO - Processing file /home/airflow/.local/lib/python3.7/site-packages/airflow/example_dags/example_branch_operator_decorator.py for tasks to queue
[2022-12-23T00:00:04.751+0000] {logging_mixin.py:137} INFO - [2022-12-23T00:00:04.751+0000] {dagbag.py:538} INFO - Filling up the DagBag from /home/airflow/.local/lib/python3.7/site-packages/airflow/example_dags/example_branch_operator_decorator.py
[2022-12-23T00:00:04.776+0000] {processor.py:753} INFO - DAG(s) dict_keys(['example_branch_python_operator_decorator']) retrieved from /home/airflow/.local/lib/python3.7/site-packages/airflow/example_dags/example_branch_operator_decorator.py
[2022-12-23T00:00:04.826+0000] {logging_mixin.py:137} INFO - [2022-12-23T00:00:04.826+0000] {dag.py:2676} INFO - Sync 1 DAGs
[2022-12-23T00:00:04.850+0000] {logging_mixin.py:137} INFO - [2022-12-23T00:00:04.849+0000] {dag.py:3427} INFO - Setting next_dagrun for example_branch_python_operator_decorator to 2022-12-22T00:00:00+00:00, run_after=2022-12-23T00:00:00+00:00
[2022-12-23T00:00:04.868+0000] {processor.py:175} INFO - Processing /home/airflow/.local/lib/python3.7/site-packages/airflow/example_dags/example_branch_operator_decorator.py took 0.124 seconds
[2022-12-23T00:00:35.637+0000] {processor.py:153} INFO - Started process (PID=3337) to work on /home/airflow/.local/lib/python3.7/site-packages/airflow/example_dags/example_branch_operator_decorator.py
[2022-12-23T00:00:35.639+0000] {processor.py:743} INFO - Processing file /home/airflow/.local/lib/python3.7/site-packages/airflow/example_dags/example_branch_operator_decorator.py for tasks to queue
[2022-12-23T00:00:35.639+0000] {logging_mixin.py:137} INFO - [2022-12-23T00:00:35.639+0000] {dagbag.py:538} INFO - Filling up the DagBag from /home/airflow/.local/lib/python3.7/site-packages/airflow/example_dags/example_branch_operator_decorator.py
[2022-12-23T00:00:35.659+0000] {processor.py:753} INFO - DAG(s) dict_keys(['example_branch_python_operator_decorator']) retrieved from /home/airflow/.local/lib/python3.7/site-packages/airflow/example_dags/example_branch_operator_decorator.py
[2022-12-23T00:00:35.691+0000] {logging_mixin.py:137} INFO - [2022-12-23T00:00:35.691+0000] {dag.py:2676} INFO - Sync 1 DAGs
[2022-12-23T00:00:35.710+0000] {logging_mixin.py:137} INFO - [2022-12-23T00:00:35.710+0000] {dag.py:3427} INFO - Setting next_dagrun for example_branch_python_operator_decorator to 2022-12-22T00:00:00+00:00, run_after=2022-12-23T00:00:00+00:00
[2022-12-23T00:00:35.724+0000] {processor.py:175} INFO - Processing /home/airflow/.local/lib/python3.7/site-packages/airflow/example_dags/example_branch_operator_decorator.py took 0.090 seconds
[2022-12-23T00:01:06.325+0000] {processor.py:153} INFO - Started process (PID=3560) to work on /home/airflow/.local/lib/python3.7/site-packages/airflow/example_dags/example_branch_operator_decorator.py
[2022-12-23T00:01:06.327+0000] {processor.py:743} INFO - Processing file /home/airflow/.local/lib/python3.7/site-packages/airflow/example_dags/example_branch_operator_decorator.py for tasks to queue
[2022-12-23T00:01:06.328+0000] {logging_mixin.py:137} INFO - [2022-12-23T00:01:06.327+0000] {dagbag.py:538} INFO - Filling up the DagBag from /home/airflow/.local/lib/python3.7/site-packages/airflow/example_dags/example_branch_operator_decorator.py
[2022-12-23T00:01:06.347+0000] {processor.py:753} INFO - DAG(s) dict_keys(['example_branch_python_operator_decorator']) retrieved from /home/airflow/.local/lib/python3.7/site-packages/airflow/example_dags/example_branch_operator_decorator.py
[2022-12-23T00:01:06.378+0000] {logging_mixin.py:137} INFO - [2022-12-23T00:01:06.377+0000] {dag.py:2676} INFO - Sync 1 DAGs
[2022-12-23T00:01:06.396+0000] {logging_mixin.py:137} INFO - [2022-12-23T00:01:06.396+0000] {dag.py:3427} INFO - Setting next_dagrun for example_branch_python_operator_decorator to 2022-12-22T00:00:00+00:00, run_after=2022-12-23T00:00:00+00:00
[2022-12-23T00:01:06.411+0000] {processor.py:175} INFO - Processing /home/airflow/.local/lib/python3.7/site-packages/airflow/example_dags/example_branch_operator_decorator.py took 0.089 seconds
[2022-12-23T00:03:12.976+0000] {processor.py:153} INFO - Started process (PID=228) to work on /home/airflow/.local/lib/python3.7/site-packages/airflow/example_dags/example_branch_operator_decorator.py
[2022-12-23T00:03:12.978+0000] {processor.py:743} INFO - Processing file /home/airflow/.local/lib/python3.7/site-packages/airflow/example_dags/example_branch_operator_decorator.py for tasks to queue
[2022-12-23T00:03:12.979+0000] {logging_mixin.py:137} INFO - [2022-12-23T00:03:12.979+0000] {dagbag.py:538} INFO - Filling up the DagBag from /home/airflow/.local/lib/python3.7/site-packages/airflow/example_dags/example_branch_operator_decorator.py
[2022-12-23T00:03:13.003+0000] {processor.py:753} INFO - DAG(s) dict_keys(['example_branch_python_operator_decorator']) retrieved from /home/airflow/.local/lib/python3.7/site-packages/airflow/example_dags/example_branch_operator_decorator.py
[2022-12-23T00:03:13.032+0000] {logging_mixin.py:137} INFO - [2022-12-23T00:03:13.031+0000] {dag.py:2676} INFO - Sync 1 DAGs
[2022-12-23T00:03:13.057+0000] {logging_mixin.py:137} INFO - [2022-12-23T00:03:13.057+0000] {dag.py:3427} INFO - Setting next_dagrun for example_branch_python_operator_decorator to 2022-12-22T00:00:00+00:00, run_after=2022-12-23T00:00:00+00:00
[2022-12-23T00:03:13.073+0000] {processor.py:175} INFO - Processing /home/airflow/.local/lib/python3.7/site-packages/airflow/example_dags/example_branch_operator_decorator.py took 0.101 seconds
[2022-12-23T00:03:43.882+0000] {processor.py:153} INFO - Started process (PID=454) to work on /home/airflow/.local/lib/python3.7/site-packages/airflow/example_dags/example_branch_operator_decorator.py
[2022-12-23T00:03:43.883+0000] {processor.py:743} INFO - Processing file /home/airflow/.local/lib/python3.7/site-packages/airflow/example_dags/example_branch_operator_decorator.py for tasks to queue
[2022-12-23T00:03:43.884+0000] {logging_mixin.py:137} INFO - [2022-12-23T00:03:43.884+0000] {dagbag.py:538} INFO - Filling up the DagBag from /home/airflow/.local/lib/python3.7/site-packages/airflow/example_dags/example_branch_operator_decorator.py
[2022-12-23T00:03:43.905+0000] {processor.py:753} INFO - DAG(s) dict_keys(['example_branch_python_operator_decorator']) retrieved from /home/airflow/.local/lib/python3.7/site-packages/airflow/example_dags/example_branch_operator_decorator.py
[2022-12-23T00:03:43.946+0000] {logging_mixin.py:137} INFO - [2022-12-23T00:03:43.946+0000] {dag.py:2676} INFO - Sync 1 DAGs
[2022-12-23T00:03:43.966+0000] {logging_mixin.py:137} INFO - [2022-12-23T00:03:43.966+0000] {dag.py:3427} INFO - Setting next_dagrun for example_branch_python_operator_decorator to 2022-12-22T00:00:00+00:00, run_after=2022-12-23T00:00:00+00:00
[2022-12-23T00:03:43.991+0000] {processor.py:175} INFO - Processing /home/airflow/.local/lib/python3.7/site-packages/airflow/example_dags/example_branch_operator_decorator.py took 0.112 seconds
[2022-12-23T00:04:14.958+0000] {processor.py:153} INFO - Started process (PID=677) to work on /home/airflow/.local/lib/python3.7/site-packages/airflow/example_dags/example_branch_operator_decorator.py
[2022-12-23T00:04:14.959+0000] {processor.py:743} INFO - Processing file /home/airflow/.local/lib/python3.7/site-packages/airflow/example_dags/example_branch_operator_decorator.py for tasks to queue
[2022-12-23T00:04:14.960+0000] {logging_mixin.py:137} INFO - [2022-12-23T00:04:14.960+0000] {dagbag.py:538} INFO - Filling up the DagBag from /home/airflow/.local/lib/python3.7/site-packages/airflow/example_dags/example_branch_operator_decorator.py
[2022-12-23T00:04:14.981+0000] {processor.py:753} INFO - DAG(s) dict_keys(['example_branch_python_operator_decorator']) retrieved from /home/airflow/.local/lib/python3.7/site-packages/airflow/example_dags/example_branch_operator_decorator.py
[2022-12-23T00:04:15.020+0000] {logging_mixin.py:137} INFO - [2022-12-23T00:04:15.020+0000] {dag.py:2676} INFO - Sync 1 DAGs
[2022-12-23T00:04:15.045+0000] {logging_mixin.py:137} INFO - [2022-12-23T00:04:15.045+0000] {dag.py:3427} INFO - Setting next_dagrun for example_branch_python_operator_decorator to 2022-12-22T00:00:00+00:00, run_after=2022-12-23T00:00:00+00:00
[2022-12-23T00:04:15.065+0000] {processor.py:175} INFO - Processing /home/airflow/.local/lib/python3.7/site-packages/airflow/example_dags/example_branch_operator_decorator.py took 0.110 seconds
[2022-12-23T00:04:45.357+0000] {processor.py:153} INFO - Started process (PID=896) to work on /home/airflow/.local/lib/python3.7/site-packages/airflow/example_dags/example_branch_operator_decorator.py
[2022-12-23T00:04:45.358+0000] {processor.py:743} INFO - Processing file /home/airflow/.local/lib/python3.7/site-packages/airflow/example_dags/example_branch_operator_decorator.py for tasks to queue
[2022-12-23T00:04:45.359+0000] {logging_mixin.py:137} INFO - [2022-12-23T00:04:45.359+0000] {dagbag.py:538} INFO - Filling up the DagBag from /home/airflow/.local/lib/python3.7/site-packages/airflow/example_dags/example_branch_operator_decorator.py
[2022-12-23T00:04:45.381+0000] {processor.py:753} INFO - DAG(s) dict_keys(['example_branch_python_operator_decorator']) retrieved from /home/airflow/.local/lib/python3.7/site-packages/airflow/example_dags/example_branch_operator_decorator.py
[2022-12-23T00:04:45.416+0000] {logging_mixin.py:137} INFO - [2022-12-23T00:04:45.415+0000] {dag.py:2676} INFO - Sync 1 DAGs
[2022-12-23T00:04:45.435+0000] {logging_mixin.py:137} INFO - [2022-12-23T00:04:45.435+0000] {dag.py:3427} INFO - Setting next_dagrun for example_branch_python_operator_decorator to 2022-12-22T00:00:00+00:00, run_after=2022-12-23T00:00:00+00:00
[2022-12-23T00:04:45.449+0000] {processor.py:175} INFO - Processing /home/airflow/.local/lib/python3.7/site-packages/airflow/example_dags/example_branch_operator_decorator.py took 0.095 seconds
[2022-12-23T00:05:16.184+0000] {processor.py:153} INFO - Started process (PID=1120) to work on /home/airflow/.local/lib/python3.7/site-packages/airflow/example_dags/example_branch_operator_decorator.py
[2022-12-23T00:05:16.185+0000] {processor.py:743} INFO - Processing file /home/airflow/.local/lib/python3.7/site-packages/airflow/example_dags/example_branch_operator_decorator.py for tasks to queue
[2022-12-23T00:05:16.186+0000] {logging_mixin.py:137} INFO - [2022-12-23T00:05:16.186+0000] {dagbag.py:538} INFO - Filling up the DagBag from /home/airflow/.local/lib/python3.7/site-packages/airflow/example_dags/example_branch_operator_decorator.py
[2022-12-23T00:05:16.209+0000] {processor.py:753} INFO - DAG(s) dict_keys(['example_branch_python_operator_decorator']) retrieved from /home/airflow/.local/lib/python3.7/site-packages/airflow/example_dags/example_branch_operator_decorator.py
[2022-12-23T00:05:16.243+0000] {logging_mixin.py:137} INFO - [2022-12-23T00:05:16.243+0000] {dag.py:2676} INFO - Sync 1 DAGs
[2022-12-23T00:05:16.263+0000] {logging_mixin.py:137} INFO - [2022-12-23T00:05:16.263+0000] {dag.py:3427} INFO - Setting next_dagrun for example_branch_python_operator_decorator to 2022-12-22T00:00:00+00:00, run_after=2022-12-23T00:00:00+00:00
[2022-12-23T00:05:16.277+0000] {processor.py:175} INFO - Processing /home/airflow/.local/lib/python3.7/site-packages/airflow/example_dags/example_branch_operator_decorator.py took 0.096 seconds
[2022-12-23 22:41:53,662] {processor.py:153} INFO - Started process (PID=243) to work on /home/airflow/.local/lib/python3.7/site-packages/airflow/example_dags/example_branch_operator_decorator.py
[2022-12-23 22:41:53,664] {processor.py:641} INFO - Processing file /home/airflow/.local/lib/python3.7/site-packages/airflow/example_dags/example_branch_operator_decorator.py for tasks to queue
[2022-12-23 22:41:53,665] {logging_mixin.py:115} INFO - [2022-12-23 22:41:53,665] {dagbag.py:507} INFO - Filling up the DagBag from /home/airflow/.local/lib/python3.7/site-packages/airflow/example_dags/example_branch_operator_decorator.py
[2022-12-23 22:41:53,742] {processor.py:651} INFO - DAG(s) dict_keys(['example_branch_python_operator_decorator']) retrieved from /home/airflow/.local/lib/python3.7/site-packages/airflow/example_dags/example_branch_operator_decorator.py
[2022-12-23 22:41:54,034] {logging_mixin.py:115} INFO - [2022-12-23 22:41:54,034] {manager.py:508} INFO - Created Permission View: can delete on DAG:example_branch_python_operator_decorator
[2022-12-23 22:41:54,065] {logging_mixin.py:115} INFO - [2022-12-23 22:41:54,065] {manager.py:508} INFO - Created Permission View: can edit on DAG:example_branch_python_operator_decorator
[2022-12-23 22:41:54,091] {logging_mixin.py:115} INFO - [2022-12-23 22:41:54,091] {manager.py:508} INFO - Created Permission View: can read on DAG:example_branch_python_operator_decorator
[2022-12-23 22:41:54,092] {logging_mixin.py:115} INFO - [2022-12-23 22:41:54,092] {dag.py:2371} INFO - Sync 1 DAGs
[2022-12-23 22:41:54,103] {logging_mixin.py:115} INFO - [2022-12-23 22:41:54,103] {dag.py:2390} INFO - Creating ORM DAG for example_branch_python_operator_decorator
[2022-12-23 22:41:54,116] {logging_mixin.py:115} INFO - [2022-12-23 22:41:54,116] {dag.py:2919} INFO - Setting next_dagrun for example_branch_python_operator_decorator to 2022-12-22T00:00:00+00:00, run_after=2022-12-23T00:00:00+00:00
[2022-12-23 22:41:54,134] {processor.py:161} INFO - Processing /home/airflow/.local/lib/python3.7/site-packages/airflow/example_dags/example_branch_operator_decorator.py took 0.495 seconds
[2022-12-23 22:42:24,298] {processor.py:153} INFO - Started process (PID=437) to work on /home/airflow/.local/lib/python3.7/site-packages/airflow/example_dags/example_branch_operator_decorator.py
[2022-12-23 22:42:24,299] {processor.py:641} INFO - Processing file /home/airflow/.local/lib/python3.7/site-packages/airflow/example_dags/example_branch_operator_decorator.py for tasks to queue
[2022-12-23 22:42:24,300] {logging_mixin.py:115} INFO - [2022-12-23 22:42:24,300] {dagbag.py:507} INFO - Filling up the DagBag from /home/airflow/.local/lib/python3.7/site-packages/airflow/example_dags/example_branch_operator_decorator.py
[2022-12-23 22:42:24,321] {processor.py:651} INFO - DAG(s) dict_keys(['example_branch_python_operator_decorator']) retrieved from /home/airflow/.local/lib/python3.7/site-packages/airflow/example_dags/example_branch_operator_decorator.py
[2022-12-23 22:42:24,354] {logging_mixin.py:115} INFO - [2022-12-23 22:42:24,354] {dag.py:2371} INFO - Sync 1 DAGs
[2022-12-23 22:42:24,375] {logging_mixin.py:115} INFO - [2022-12-23 22:42:24,375] {dag.py:2919} INFO - Setting next_dagrun for example_branch_python_operator_decorator to 2022-12-22T00:00:00+00:00, run_after=2022-12-23T00:00:00+00:00
[2022-12-23 22:42:24,384] {processor.py:161} INFO - Processing /home/airflow/.local/lib/python3.7/site-packages/airflow/example_dags/example_branch_operator_decorator.py took 0.090 seconds
[2022-12-23 22:42:54,822] {processor.py:153} INFO - Started process (PID=643) to work on /home/airflow/.local/lib/python3.7/site-packages/airflow/example_dags/example_branch_operator_decorator.py
[2022-12-23 22:42:54,823] {processor.py:641} INFO - Processing file /home/airflow/.local/lib/python3.7/site-packages/airflow/example_dags/example_branch_operator_decorator.py for tasks to queue
[2022-12-23 22:42:54,824] {logging_mixin.py:115} INFO - [2022-12-23 22:42:54,824] {dagbag.py:507} INFO - Filling up the DagBag from /home/airflow/.local/lib/python3.7/site-packages/airflow/example_dags/example_branch_operator_decorator.py
[2022-12-23 22:42:54,842] {processor.py:651} INFO - DAG(s) dict_keys(['example_branch_python_operator_decorator']) retrieved from /home/airflow/.local/lib/python3.7/site-packages/airflow/example_dags/example_branch_operator_decorator.py
[2022-12-23 22:42:54,866] {logging_mixin.py:115} INFO - [2022-12-23 22:42:54,866] {dag.py:2371} INFO - Sync 1 DAGs
[2022-12-23 22:42:54,883] {logging_mixin.py:115} INFO - [2022-12-23 22:42:54,883] {dag.py:2919} INFO - Setting next_dagrun for example_branch_python_operator_decorator to 2022-12-22T00:00:00+00:00, run_after=2022-12-23T00:00:00+00:00
[2022-12-23 22:42:54,892] {processor.py:161} INFO - Processing /home/airflow/.local/lib/python3.7/site-packages/airflow/example_dags/example_branch_operator_decorator.py took 0.073 seconds
[2022-12-23 22:43:25,027] {processor.py:153} INFO - Started process (PID=844) to work on /home/airflow/.local/lib/python3.7/site-packages/airflow/example_dags/example_branch_operator_decorator.py
[2022-12-23 22:43:25,028] {processor.py:641} INFO - Processing file /home/airflow/.local/lib/python3.7/site-packages/airflow/example_dags/example_branch_operator_decorator.py for tasks to queue
[2022-12-23 22:43:25,029] {logging_mixin.py:115} INFO - [2022-12-23 22:43:25,029] {dagbag.py:507} INFO - Filling up the DagBag from /home/airflow/.local/lib/python3.7/site-packages/airflow/example_dags/example_branch_operator_decorator.py
[2022-12-23 22:43:25,046] {processor.py:651} INFO - DAG(s) dict_keys(['example_branch_python_operator_decorator']) retrieved from /home/airflow/.local/lib/python3.7/site-packages/airflow/example_dags/example_branch_operator_decorator.py
[2022-12-23 22:43:25,068] {logging_mixin.py:115} INFO - [2022-12-23 22:43:25,068] {dag.py:2371} INFO - Sync 1 DAGs
[2022-12-23 22:43:25,084] {logging_mixin.py:115} INFO - [2022-12-23 22:43:25,084] {dag.py:2919} INFO - Setting next_dagrun for example_branch_python_operator_decorator to 2022-12-22T00:00:00+00:00, run_after=2022-12-23T00:00:00+00:00
[2022-12-23 22:43:25,092] {processor.py:161} INFO - Processing /home/airflow/.local/lib/python3.7/site-packages/airflow/example_dags/example_branch_operator_decorator.py took 0.068 seconds
[2022-12-23 22:43:56,116] {processor.py:153} INFO - Started process (PID=1048) to work on /home/airflow/.local/lib/python3.7/site-packages/airflow/example_dags/example_branch_operator_decorator.py
[2022-12-23 22:43:56,117] {processor.py:641} INFO - Processing file /home/airflow/.local/lib/python3.7/site-packages/airflow/example_dags/example_branch_operator_decorator.py for tasks to queue
[2022-12-23 22:43:56,118] {logging_mixin.py:115} INFO - [2022-12-23 22:43:56,118] {dagbag.py:507} INFO - Filling up the DagBag from /home/airflow/.local/lib/python3.7/site-packages/airflow/example_dags/example_branch_operator_decorator.py
[2022-12-23 22:43:56,135] {processor.py:651} INFO - DAG(s) dict_keys(['example_branch_python_operator_decorator']) retrieved from /home/airflow/.local/lib/python3.7/site-packages/airflow/example_dags/example_branch_operator_decorator.py
[2022-12-23 22:43:56,158] {logging_mixin.py:115} INFO - [2022-12-23 22:43:56,158] {dag.py:2371} INFO - Sync 1 DAGs
[2022-12-23 22:43:56,173] {logging_mixin.py:115} INFO - [2022-12-23 22:43:56,173] {dag.py:2919} INFO - Setting next_dagrun for example_branch_python_operator_decorator to 2022-12-22T00:00:00+00:00, run_after=2022-12-23T00:00:00+00:00
[2022-12-23 22:43:56,181] {processor.py:161} INFO - Processing /home/airflow/.local/lib/python3.7/site-packages/airflow/example_dags/example_branch_operator_decorator.py took 0.068 seconds
[2022-12-23 22:44:26,359] {processor.py:153} INFO - Started process (PID=1243) to work on /home/airflow/.local/lib/python3.7/site-packages/airflow/example_dags/example_branch_operator_decorator.py
[2022-12-23 22:44:26,361] {processor.py:641} INFO - Processing file /home/airflow/.local/lib/python3.7/site-packages/airflow/example_dags/example_branch_operator_decorator.py for tasks to queue
[2022-12-23 22:44:26,362] {logging_mixin.py:115} INFO - [2022-12-23 22:44:26,362] {dagbag.py:507} INFO - Filling up the DagBag from /home/airflow/.local/lib/python3.7/site-packages/airflow/example_dags/example_branch_operator_decorator.py
[2022-12-23 22:44:26,383] {processor.py:651} INFO - DAG(s) dict_keys(['example_branch_python_operator_decorator']) retrieved from /home/airflow/.local/lib/python3.7/site-packages/airflow/example_dags/example_branch_operator_decorator.py
[2022-12-23 22:44:26,413] {logging_mixin.py:115} INFO - [2022-12-23 22:44:26,413] {dag.py:2371} INFO - Sync 1 DAGs
[2022-12-23 22:44:26,434] {logging_mixin.py:115} INFO - [2022-12-23 22:44:26,433] {dag.py:2919} INFO - Setting next_dagrun for example_branch_python_operator_decorator to 2022-12-22T00:00:00+00:00, run_after=2022-12-23T00:00:00+00:00
[2022-12-23 22:44:26,442] {processor.py:161} INFO - Processing /home/airflow/.local/lib/python3.7/site-packages/airflow/example_dags/example_branch_operator_decorator.py took 0.085 seconds
[2022-12-23 22:44:57,351] {processor.py:153} INFO - Started process (PID=1444) to work on /home/airflow/.local/lib/python3.7/site-packages/airflow/example_dags/example_branch_operator_decorator.py
[2022-12-23 22:44:57,352] {processor.py:641} INFO - Processing file /home/airflow/.local/lib/python3.7/site-packages/airflow/example_dags/example_branch_operator_decorator.py for tasks to queue
[2022-12-23 22:44:57,353] {logging_mixin.py:115} INFO - [2022-12-23 22:44:57,353] {dagbag.py:507} INFO - Filling up the DagBag from /home/airflow/.local/lib/python3.7/site-packages/airflow/example_dags/example_branch_operator_decorator.py
[2022-12-23 22:44:57,369] {processor.py:651} INFO - DAG(s) dict_keys(['example_branch_python_operator_decorator']) retrieved from /home/airflow/.local/lib/python3.7/site-packages/airflow/example_dags/example_branch_operator_decorator.py
[2022-12-23 22:44:57,393] {logging_mixin.py:115} INFO - [2022-12-23 22:44:57,392] {dag.py:2371} INFO - Sync 1 DAGs
[2022-12-23 22:44:57,410] {logging_mixin.py:115} INFO - [2022-12-23 22:44:57,410] {dag.py:2919} INFO - Setting next_dagrun for example_branch_python_operator_decorator to 2022-12-22T00:00:00+00:00, run_after=2022-12-23T00:00:00+00:00
[2022-12-23 22:44:57,418] {processor.py:161} INFO - Processing /home/airflow/.local/lib/python3.7/site-packages/airflow/example_dags/example_branch_operator_decorator.py took 0.070 seconds
[2022-12-23 22:45:28,221] {processor.py:153} INFO - Started process (PID=1647) to work on /home/airflow/.local/lib/python3.7/site-packages/airflow/example_dags/example_branch_operator_decorator.py
[2022-12-23 22:45:28,222] {processor.py:641} INFO - Processing file /home/airflow/.local/lib/python3.7/site-packages/airflow/example_dags/example_branch_operator_decorator.py for tasks to queue
[2022-12-23 22:45:28,223] {logging_mixin.py:115} INFO - [2022-12-23 22:45:28,223] {dagbag.py:507} INFO - Filling up the DagBag from /home/airflow/.local/lib/python3.7/site-packages/airflow/example_dags/example_branch_operator_decorator.py
[2022-12-23 22:45:28,239] {processor.py:651} INFO - DAG(s) dict_keys(['example_branch_python_operator_decorator']) retrieved from /home/airflow/.local/lib/python3.7/site-packages/airflow/example_dags/example_branch_operator_decorator.py
[2022-12-23 22:45:28,262] {logging_mixin.py:115} INFO - [2022-12-23 22:45:28,262] {dag.py:2371} INFO - Sync 1 DAGs
[2022-12-23 22:45:28,279] {logging_mixin.py:115} INFO - [2022-12-23 22:45:28,279] {dag.py:2919} INFO - Setting next_dagrun for example_branch_python_operator_decorator to 2022-12-22T00:00:00+00:00, run_after=2022-12-23T00:00:00+00:00
[2022-12-23 22:45:28,289] {processor.py:161} INFO - Processing /home/airflow/.local/lib/python3.7/site-packages/airflow/example_dags/example_branch_operator_decorator.py took 0.071 seconds
[2022-12-23 22:45:59,341] {processor.py:153} INFO - Started process (PID=1850) to work on /home/airflow/.local/lib/python3.7/site-packages/airflow/example_dags/example_branch_operator_decorator.py
[2022-12-23 22:45:59,343] {processor.py:641} INFO - Processing file /home/airflow/.local/lib/python3.7/site-packages/airflow/example_dags/example_branch_operator_decorator.py for tasks to queue
[2022-12-23 22:45:59,344] {logging_mixin.py:115} INFO - [2022-12-23 22:45:59,344] {dagbag.py:507} INFO - Filling up the DagBag from /home/airflow/.local/lib/python3.7/site-packages/airflow/example_dags/example_branch_operator_decorator.py
[2022-12-23 22:45:59,360] {processor.py:651} INFO - DAG(s) dict_keys(['example_branch_python_operator_decorator']) retrieved from /home/airflow/.local/lib/python3.7/site-packages/airflow/example_dags/example_branch_operator_decorator.py
[2022-12-23 22:45:59,382] {logging_mixin.py:115} INFO - [2022-12-23 22:45:59,382] {dag.py:2371} INFO - Sync 1 DAGs
[2022-12-23 22:45:59,399] {logging_mixin.py:115} INFO - [2022-12-23 22:45:59,399] {dag.py:2919} INFO - Setting next_dagrun for example_branch_python_operator_decorator to 2022-12-22T00:00:00+00:00, run_after=2022-12-23T00:00:00+00:00
[2022-12-23 22:45:59,409] {processor.py:161} INFO - Processing /home/airflow/.local/lib/python3.7/site-packages/airflow/example_dags/example_branch_operator_decorator.py took 0.071 seconds
[2022-12-23 22:46:30,559] {processor.py:153} INFO - Started process (PID=2055) to work on /home/airflow/.local/lib/python3.7/site-packages/airflow/example_dags/example_branch_operator_decorator.py
[2022-12-23 22:46:30,560] {processor.py:641} INFO - Processing file /home/airflow/.local/lib/python3.7/site-packages/airflow/example_dags/example_branch_operator_decorator.py for tasks to queue
[2022-12-23 22:46:30,561] {logging_mixin.py:115} INFO - [2022-12-23 22:46:30,561] {dagbag.py:507} INFO - Filling up the DagBag from /home/airflow/.local/lib/python3.7/site-packages/airflow/example_dags/example_branch_operator_decorator.py
[2022-12-23 22:46:30,578] {processor.py:651} INFO - DAG(s) dict_keys(['example_branch_python_operator_decorator']) retrieved from /home/airflow/.local/lib/python3.7/site-packages/airflow/example_dags/example_branch_operator_decorator.py
[2022-12-23 22:46:30,601] {logging_mixin.py:115} INFO - [2022-12-23 22:46:30,601] {dag.py:2371} INFO - Sync 1 DAGs
[2022-12-23 22:46:30,617] {logging_mixin.py:115} INFO - [2022-12-23 22:46:30,617] {dag.py:2919} INFO - Setting next_dagrun for example_branch_python_operator_decorator to 2022-12-22T00:00:00+00:00, run_after=2022-12-23T00:00:00+00:00
[2022-12-23 22:46:30,626] {processor.py:161} INFO - Processing /home/airflow/.local/lib/python3.7/site-packages/airflow/example_dags/example_branch_operator_decorator.py took 0.069 seconds
[2022-12-23 22:47:00,671] {processor.py:153} INFO - Started process (PID=2257) to work on /home/airflow/.local/lib/python3.7/site-packages/airflow/example_dags/example_branch_operator_decorator.py
[2022-12-23 22:47:00,672] {processor.py:641} INFO - Processing file /home/airflow/.local/lib/python3.7/site-packages/airflow/example_dags/example_branch_operator_decorator.py for tasks to queue
[2022-12-23 22:47:00,673] {logging_mixin.py:115} INFO - [2022-12-23 22:47:00,673] {dagbag.py:507} INFO - Filling up the DagBag from /home/airflow/.local/lib/python3.7/site-packages/airflow/example_dags/example_branch_operator_decorator.py
[2022-12-23 22:47:00,687] {processor.py:651} INFO - DAG(s) dict_keys(['example_branch_python_operator_decorator']) retrieved from /home/airflow/.local/lib/python3.7/site-packages/airflow/example_dags/example_branch_operator_decorator.py
[2022-12-23 22:47:00,712] {logging_mixin.py:115} INFO - [2022-12-23 22:47:00,712] {dag.py:2371} INFO - Sync 1 DAGs
[2022-12-23 22:47:00,730] {logging_mixin.py:115} INFO - [2022-12-23 22:47:00,730] {dag.py:2919} INFO - Setting next_dagrun for example_branch_python_operator_decorator to 2022-12-22T00:00:00+00:00, run_after=2022-12-23T00:00:00+00:00
[2022-12-23 22:47:00,739] {processor.py:161} INFO - Processing /home/airflow/.local/lib/python3.7/site-packages/airflow/example_dags/example_branch_operator_decorator.py took 0.072 seconds
[2022-12-23 22:47:30,785] {processor.py:153} INFO - Started process (PID=2447) to work on /home/airflow/.local/lib/python3.7/site-packages/airflow/example_dags/example_branch_operator_decorator.py
[2022-12-23 22:47:30,786] {processor.py:641} INFO - Processing file /home/airflow/.local/lib/python3.7/site-packages/airflow/example_dags/example_branch_operator_decorator.py for tasks to queue
[2022-12-23 22:47:30,786] {logging_mixin.py:115} INFO - [2022-12-23 22:47:30,786] {dagbag.py:507} INFO - Filling up the DagBag from /home/airflow/.local/lib/python3.7/site-packages/airflow/example_dags/example_branch_operator_decorator.py
[2022-12-23 22:47:30,801] {processor.py:651} INFO - DAG(s) dict_keys(['example_branch_python_operator_decorator']) retrieved from /home/airflow/.local/lib/python3.7/site-packages/airflow/example_dags/example_branch_operator_decorator.py
[2022-12-23 22:47:30,825] {logging_mixin.py:115} INFO - [2022-12-23 22:47:30,825] {dag.py:2371} INFO - Sync 1 DAGs
[2022-12-23 22:47:30,841] {logging_mixin.py:115} INFO - [2022-12-23 22:47:30,840] {dag.py:2919} INFO - Setting next_dagrun for example_branch_python_operator_decorator to 2022-12-22T00:00:00+00:00, run_after=2022-12-23T00:00:00+00:00
[2022-12-23 22:47:30,849] {processor.py:161} INFO - Processing /home/airflow/.local/lib/python3.7/site-packages/airflow/example_dags/example_branch_operator_decorator.py took 0.067 seconds
[2022-12-23 22:48:00,952] {processor.py:153} INFO - Started process (PID=2651) to work on /home/airflow/.local/lib/python3.7/site-packages/airflow/example_dags/example_branch_operator_decorator.py
[2022-12-23 22:48:00,954] {processor.py:641} INFO - Processing file /home/airflow/.local/lib/python3.7/site-packages/airflow/example_dags/example_branch_operator_decorator.py for tasks to queue
[2022-12-23 22:48:00,955] {logging_mixin.py:115} INFO - [2022-12-23 22:48:00,955] {dagbag.py:507} INFO - Filling up the DagBag from /home/airflow/.local/lib/python3.7/site-packages/airflow/example_dags/example_branch_operator_decorator.py
[2022-12-23 22:48:00,969] {processor.py:651} INFO - DAG(s) dict_keys(['example_branch_python_operator_decorator']) retrieved from /home/airflow/.local/lib/python3.7/site-packages/airflow/example_dags/example_branch_operator_decorator.py
[2022-12-23 22:48:00,995] {logging_mixin.py:115} INFO - [2022-12-23 22:48:00,995] {dag.py:2371} INFO - Sync 1 DAGs
[2022-12-23 22:48:01,012] {logging_mixin.py:115} INFO - [2022-12-23 22:48:01,012] {dag.py:2919} INFO - Setting next_dagrun for example_branch_python_operator_decorator to 2022-12-22T00:00:00+00:00, run_after=2022-12-23T00:00:00+00:00
[2022-12-23 22:48:01,022] {processor.py:161} INFO - Processing /home/airflow/.local/lib/python3.7/site-packages/airflow/example_dags/example_branch_operator_decorator.py took 0.072 seconds
[2022-12-23 22:48:31,116] {processor.py:153} INFO - Started process (PID=2856) to work on /home/airflow/.local/lib/python3.7/site-packages/airflow/example_dags/example_branch_operator_decorator.py
[2022-12-23 22:48:31,117] {processor.py:641} INFO - Processing file /home/airflow/.local/lib/python3.7/site-packages/airflow/example_dags/example_branch_operator_decorator.py for tasks to queue
[2022-12-23 22:48:31,118] {logging_mixin.py:115} INFO - [2022-12-23 22:48:31,118] {dagbag.py:507} INFO - Filling up the DagBag from /home/airflow/.local/lib/python3.7/site-packages/airflow/example_dags/example_branch_operator_decorator.py
[2022-12-23 22:48:31,132] {processor.py:651} INFO - DAG(s) dict_keys(['example_branch_python_operator_decorator']) retrieved from /home/airflow/.local/lib/python3.7/site-packages/airflow/example_dags/example_branch_operator_decorator.py
[2022-12-23 22:48:31,156] {logging_mixin.py:115} INFO - [2022-12-23 22:48:31,156] {dag.py:2371} INFO - Sync 1 DAGs
[2022-12-23 22:48:31,172] {logging_mixin.py:115} INFO - [2022-12-23 22:48:31,172] {dag.py:2919} INFO - Setting next_dagrun for example_branch_python_operator_decorator to 2022-12-22T00:00:00+00:00, run_after=2022-12-23T00:00:00+00:00
[2022-12-23 22:48:31,180] {processor.py:161} INFO - Processing /home/airflow/.local/lib/python3.7/site-packages/airflow/example_dags/example_branch_operator_decorator.py took 0.067 seconds
[2022-12-23 22:49:01,662] {processor.py:153} INFO - Started process (PID=3057) to work on /home/airflow/.local/lib/python3.7/site-packages/airflow/example_dags/example_branch_operator_decorator.py
[2022-12-23 22:49:01,663] {processor.py:641} INFO - Processing file /home/airflow/.local/lib/python3.7/site-packages/airflow/example_dags/example_branch_operator_decorator.py for tasks to queue
[2022-12-23 22:49:01,664] {logging_mixin.py:115} INFO - [2022-12-23 22:49:01,664] {dagbag.py:507} INFO - Filling up the DagBag from /home/airflow/.local/lib/python3.7/site-packages/airflow/example_dags/example_branch_operator_decorator.py
[2022-12-23 22:49:01,677] {processor.py:651} INFO - DAG(s) dict_keys(['example_branch_python_operator_decorator']) retrieved from /home/airflow/.local/lib/python3.7/site-packages/airflow/example_dags/example_branch_operator_decorator.py
[2022-12-23 22:49:01,701] {logging_mixin.py:115} INFO - [2022-12-23 22:49:01,701] {dag.py:2371} INFO - Sync 1 DAGs
[2022-12-23 22:49:01,718] {logging_mixin.py:115} INFO - [2022-12-23 22:49:01,718] {dag.py:2919} INFO - Setting next_dagrun for example_branch_python_operator_decorator to 2022-12-22T00:00:00+00:00, run_after=2022-12-23T00:00:00+00:00
[2022-12-23 22:49:01,726] {processor.py:161} INFO - Processing /home/airflow/.local/lib/python3.7/site-packages/airflow/example_dags/example_branch_operator_decorator.py took 0.066 seconds
[2022-12-23 22:49:32,708] {processor.py:153} INFO - Started process (PID=3251) to work on /home/airflow/.local/lib/python3.7/site-packages/airflow/example_dags/example_branch_operator_decorator.py
[2022-12-23 22:49:32,709] {processor.py:641} INFO - Processing file /home/airflow/.local/lib/python3.7/site-packages/airflow/example_dags/example_branch_operator_decorator.py for tasks to queue
[2022-12-23 22:49:32,710] {logging_mixin.py:115} INFO - [2022-12-23 22:49:32,710] {dagbag.py:507} INFO - Filling up the DagBag from /home/airflow/.local/lib/python3.7/site-packages/airflow/example_dags/example_branch_operator_decorator.py
[2022-12-23 22:49:32,726] {processor.py:651} INFO - DAG(s) dict_keys(['example_branch_python_operator_decorator']) retrieved from /home/airflow/.local/lib/python3.7/site-packages/airflow/example_dags/example_branch_operator_decorator.py
[2022-12-23 22:49:32,756] {logging_mixin.py:115} INFO - [2022-12-23 22:49:32,756] {dag.py:2371} INFO - Sync 1 DAGs
[2022-12-23 22:49:32,776] {logging_mixin.py:115} INFO - [2022-12-23 22:49:32,776] {dag.py:2919} INFO - Setting next_dagrun for example_branch_python_operator_decorator to 2022-12-22T00:00:00+00:00, run_after=2022-12-23T00:00:00+00:00
[2022-12-23 22:49:32,787] {processor.py:161} INFO - Processing /home/airflow/.local/lib/python3.7/site-packages/airflow/example_dags/example_branch_operator_decorator.py took 0.083 seconds
[2022-12-23 22:50:02,923] {processor.py:153} INFO - Started process (PID=3458) to work on /home/airflow/.local/lib/python3.7/site-packages/airflow/example_dags/example_branch_operator_decorator.py
[2022-12-23 22:50:02,924] {processor.py:641} INFO - Processing file /home/airflow/.local/lib/python3.7/site-packages/airflow/example_dags/example_branch_operator_decorator.py for tasks to queue
[2022-12-23 22:50:02,925] {logging_mixin.py:115} INFO - [2022-12-23 22:50:02,925] {dagbag.py:507} INFO - Filling up the DagBag from /home/airflow/.local/lib/python3.7/site-packages/airflow/example_dags/example_branch_operator_decorator.py
[2022-12-23 22:50:02,940] {processor.py:651} INFO - DAG(s) dict_keys(['example_branch_python_operator_decorator']) retrieved from /home/airflow/.local/lib/python3.7/site-packages/airflow/example_dags/example_branch_operator_decorator.py
[2022-12-23 22:50:02,965] {logging_mixin.py:115} INFO - [2022-12-23 22:50:02,965] {dag.py:2371} INFO - Sync 1 DAGs
[2022-12-23 22:50:02,983] {logging_mixin.py:115} INFO - [2022-12-23 22:50:02,983] {dag.py:2919} INFO - Setting next_dagrun for example_branch_python_operator_decorator to 2022-12-22T00:00:00+00:00, run_after=2022-12-23T00:00:00+00:00
[2022-12-23 22:50:02,993] {processor.py:161} INFO - Processing /home/airflow/.local/lib/python3.7/site-packages/airflow/example_dags/example_branch_operator_decorator.py took 0.072 seconds
[2022-12-23 22:50:33,158] {processor.py:153} INFO - Started process (PID=3662) to work on /home/airflow/.local/lib/python3.7/site-packages/airflow/example_dags/example_branch_operator_decorator.py
[2022-12-23 22:50:33,159] {processor.py:641} INFO - Processing file /home/airflow/.local/lib/python3.7/site-packages/airflow/example_dags/example_branch_operator_decorator.py for tasks to queue
[2022-12-23 22:50:33,160] {logging_mixin.py:115} INFO - [2022-12-23 22:50:33,160] {dagbag.py:507} INFO - Filling up the DagBag from /home/airflow/.local/lib/python3.7/site-packages/airflow/example_dags/example_branch_operator_decorator.py
[2022-12-23 22:50:33,177] {processor.py:651} INFO - DAG(s) dict_keys(['example_branch_python_operator_decorator']) retrieved from /home/airflow/.local/lib/python3.7/site-packages/airflow/example_dags/example_branch_operator_decorator.py
[2022-12-23 22:50:33,202] {logging_mixin.py:115} INFO - [2022-12-23 22:50:33,202] {dag.py:2371} INFO - Sync 1 DAGs
[2022-12-23 22:50:33,220] {logging_mixin.py:115} INFO - [2022-12-23 22:50:33,220] {dag.py:2919} INFO - Setting next_dagrun for example_branch_python_operator_decorator to 2022-12-22T00:00:00+00:00, run_after=2022-12-23T00:00:00+00:00
[2022-12-23 22:50:33,230] {processor.py:161} INFO - Processing /home/airflow/.local/lib/python3.7/site-packages/airflow/example_dags/example_branch_operator_decorator.py took 0.074 seconds
[2022-12-23 22:51:03,650] {processor.py:153} INFO - Started process (PID=3863) to work on /home/airflow/.local/lib/python3.7/site-packages/airflow/example_dags/example_branch_operator_decorator.py
[2022-12-23 22:51:03,653] {processor.py:641} INFO - Processing file /home/airflow/.local/lib/python3.7/site-packages/airflow/example_dags/example_branch_operator_decorator.py for tasks to queue
[2022-12-23 22:51:03,653] {logging_mixin.py:115} INFO - [2022-12-23 22:51:03,653] {dagbag.py:507} INFO - Filling up the DagBag from /home/airflow/.local/lib/python3.7/site-packages/airflow/example_dags/example_branch_operator_decorator.py
[2022-12-23 22:51:03,668] {processor.py:651} INFO - DAG(s) dict_keys(['example_branch_python_operator_decorator']) retrieved from /home/airflow/.local/lib/python3.7/site-packages/airflow/example_dags/example_branch_operator_decorator.py
[2022-12-23 22:51:03,693] {logging_mixin.py:115} INFO - [2022-12-23 22:51:03,693] {dag.py:2371} INFO - Sync 1 DAGs
[2022-12-23 22:51:03,708] {logging_mixin.py:115} INFO - [2022-12-23 22:51:03,708] {dag.py:2919} INFO - Setting next_dagrun for example_branch_python_operator_decorator to 2022-12-22T00:00:00+00:00, run_after=2022-12-23T00:00:00+00:00
[2022-12-23 22:51:03,717] {processor.py:161} INFO - Processing /home/airflow/.local/lib/python3.7/site-packages/airflow/example_dags/example_branch_operator_decorator.py took 0.070 seconds
[2022-12-23 22:51:34,610] {processor.py:153} INFO - Started process (PID=4060) to work on /home/airflow/.local/lib/python3.7/site-packages/airflow/example_dags/example_branch_operator_decorator.py
[2022-12-23 22:51:34,611] {processor.py:641} INFO - Processing file /home/airflow/.local/lib/python3.7/site-packages/airflow/example_dags/example_branch_operator_decorator.py for tasks to queue
[2022-12-23 22:51:34,612] {logging_mixin.py:115} INFO - [2022-12-23 22:51:34,612] {dagbag.py:507} INFO - Filling up the DagBag from /home/airflow/.local/lib/python3.7/site-packages/airflow/example_dags/example_branch_operator_decorator.py
[2022-12-23 22:51:34,627] {processor.py:651} INFO - DAG(s) dict_keys(['example_branch_python_operator_decorator']) retrieved from /home/airflow/.local/lib/python3.7/site-packages/airflow/example_dags/example_branch_operator_decorator.py
[2022-12-23 22:51:34,664] {logging_mixin.py:115} INFO - [2022-12-23 22:51:34,663] {dag.py:2371} INFO - Sync 1 DAGs
[2022-12-23 22:51:34,680] {logging_mixin.py:115} INFO - [2022-12-23 22:51:34,680] {dag.py:2919} INFO - Setting next_dagrun for example_branch_python_operator_decorator to 2022-12-22T00:00:00+00:00, run_after=2022-12-23T00:00:00+00:00
[2022-12-23 22:51:34,706] {processor.py:161} INFO - Processing /home/airflow/.local/lib/python3.7/site-packages/airflow/example_dags/example_branch_operator_decorator.py took 0.099 seconds
[2022-12-23 22:52:04,757] {processor.py:153} INFO - Started process (PID=4264) to work on /home/airflow/.local/lib/python3.7/site-packages/airflow/example_dags/example_branch_operator_decorator.py
[2022-12-23 22:52:04,758] {processor.py:641} INFO - Processing file /home/airflow/.local/lib/python3.7/site-packages/airflow/example_dags/example_branch_operator_decorator.py for tasks to queue
[2022-12-23 22:52:04,759] {logging_mixin.py:115} INFO - [2022-12-23 22:52:04,759] {dagbag.py:507} INFO - Filling up the DagBag from /home/airflow/.local/lib/python3.7/site-packages/airflow/example_dags/example_branch_operator_decorator.py
[2022-12-23 22:52:04,773] {processor.py:651} INFO - DAG(s) dict_keys(['example_branch_python_operator_decorator']) retrieved from /home/airflow/.local/lib/python3.7/site-packages/airflow/example_dags/example_branch_operator_decorator.py
[2022-12-23 22:52:04,796] {logging_mixin.py:115} INFO - [2022-12-23 22:52:04,796] {dag.py:2371} INFO - Sync 1 DAGs
[2022-12-23 22:52:04,812] {logging_mixin.py:115} INFO - [2022-12-23 22:52:04,812] {dag.py:2919} INFO - Setting next_dagrun for example_branch_python_operator_decorator to 2022-12-22T00:00:00+00:00, run_after=2022-12-23T00:00:00+00:00
[2022-12-23 22:52:04,820] {processor.py:161} INFO - Processing /home/airflow/.local/lib/python3.7/site-packages/airflow/example_dags/example_branch_operator_decorator.py took 0.067 seconds
[2022-12-23 22:52:34,943] {processor.py:153} INFO - Started process (PID=4467) to work on /home/airflow/.local/lib/python3.7/site-packages/airflow/example_dags/example_branch_operator_decorator.py
[2022-12-23 22:52:34,944] {processor.py:641} INFO - Processing file /home/airflow/.local/lib/python3.7/site-packages/airflow/example_dags/example_branch_operator_decorator.py for tasks to queue
[2022-12-23 22:52:34,944] {logging_mixin.py:115} INFO - [2022-12-23 22:52:34,944] {dagbag.py:507} INFO - Filling up the DagBag from /home/airflow/.local/lib/python3.7/site-packages/airflow/example_dags/example_branch_operator_decorator.py
[2022-12-23 22:52:34,958] {processor.py:651} INFO - DAG(s) dict_keys(['example_branch_python_operator_decorator']) retrieved from /home/airflow/.local/lib/python3.7/site-packages/airflow/example_dags/example_branch_operator_decorator.py
[2022-12-23 22:52:34,982] {logging_mixin.py:115} INFO - [2022-12-23 22:52:34,981] {dag.py:2371} INFO - Sync 1 DAGs
[2022-12-23 22:52:34,998] {logging_mixin.py:115} INFO - [2022-12-23 22:52:34,998] {dag.py:2919} INFO - Setting next_dagrun for example_branch_python_operator_decorator to 2022-12-22T00:00:00+00:00, run_after=2022-12-23T00:00:00+00:00
[2022-12-23 22:52:35,006] {processor.py:161} INFO - Processing /home/airflow/.local/lib/python3.7/site-packages/airflow/example_dags/example_branch_operator_decorator.py took 0.066 seconds
[2022-12-23 22:53:05,658] {processor.py:153} INFO - Started process (PID=4684) to work on /home/airflow/.local/lib/python3.7/site-packages/airflow/example_dags/example_branch_operator_decorator.py
[2022-12-23 22:53:05,659] {processor.py:641} INFO - Processing file /home/airflow/.local/lib/python3.7/site-packages/airflow/example_dags/example_branch_operator_decorator.py for tasks to queue
[2022-12-23 22:53:05,660] {logging_mixin.py:115} INFO - [2022-12-23 22:53:05,660] {dagbag.py:507} INFO - Filling up the DagBag from /home/airflow/.local/lib/python3.7/site-packages/airflow/example_dags/example_branch_operator_decorator.py
[2022-12-23 22:53:05,674] {processor.py:651} INFO - DAG(s) dict_keys(['example_branch_python_operator_decorator']) retrieved from /home/airflow/.local/lib/python3.7/site-packages/airflow/example_dags/example_branch_operator_decorator.py
[2022-12-23 22:53:05,698] {logging_mixin.py:115} INFO - [2022-12-23 22:53:05,698] {dag.py:2371} INFO - Sync 1 DAGs
[2022-12-23 22:53:05,713] {logging_mixin.py:115} INFO - [2022-12-23 22:53:05,713] {dag.py:2919} INFO - Setting next_dagrun for example_branch_python_operator_decorator to 2022-12-22T00:00:00+00:00, run_after=2022-12-23T00:00:00+00:00
[2022-12-23 22:53:05,721] {processor.py:161} INFO - Processing /home/airflow/.local/lib/python3.7/site-packages/airflow/example_dags/example_branch_operator_decorator.py took 0.066 seconds
[2022-12-23 22:53:36,370] {processor.py:153} INFO - Started process (PID=4883) to work on /home/airflow/.local/lib/python3.7/site-packages/airflow/example_dags/example_branch_operator_decorator.py
[2022-12-23 22:53:36,371] {processor.py:641} INFO - Processing file /home/airflow/.local/lib/python3.7/site-packages/airflow/example_dags/example_branch_operator_decorator.py for tasks to queue
[2022-12-23 22:53:36,372] {logging_mixin.py:115} INFO - [2022-12-23 22:53:36,372] {dagbag.py:507} INFO - Filling up the DagBag from /home/airflow/.local/lib/python3.7/site-packages/airflow/example_dags/example_branch_operator_decorator.py
[2022-12-23 22:53:36,390] {processor.py:651} INFO - DAG(s) dict_keys(['example_branch_python_operator_decorator']) retrieved from /home/airflow/.local/lib/python3.7/site-packages/airflow/example_dags/example_branch_operator_decorator.py
[2022-12-23 22:53:36,468] {logging_mixin.py:115} INFO - [2022-12-23 22:53:36,468] {dag.py:2371} INFO - Sync 1 DAGs
[2022-12-23 22:53:36,545] {logging_mixin.py:115} INFO - [2022-12-23 22:53:36,545] {dag.py:2919} INFO - Setting next_dagrun for example_branch_python_operator_decorator to 2022-12-22T00:00:00+00:00, run_after=2022-12-23T00:00:00+00:00
[2022-12-23 22:53:36,585] {processor.py:161} INFO - Processing /home/airflow/.local/lib/python3.7/site-packages/airflow/example_dags/example_branch_operator_decorator.py took 0.218 seconds
[2022-12-23 22:54:07,151] {processor.py:153} INFO - Started process (PID=5080) to work on /home/airflow/.local/lib/python3.7/site-packages/airflow/example_dags/example_branch_operator_decorator.py
[2022-12-23 22:54:07,152] {processor.py:641} INFO - Processing file /home/airflow/.local/lib/python3.7/site-packages/airflow/example_dags/example_branch_operator_decorator.py for tasks to queue
[2022-12-23 22:54:07,153] {logging_mixin.py:115} INFO - [2022-12-23 22:54:07,153] {dagbag.py:507} INFO - Filling up the DagBag from /home/airflow/.local/lib/python3.7/site-packages/airflow/example_dags/example_branch_operator_decorator.py
[2022-12-23 22:54:07,168] {processor.py:651} INFO - DAG(s) dict_keys(['example_branch_python_operator_decorator']) retrieved from /home/airflow/.local/lib/python3.7/site-packages/airflow/example_dags/example_branch_operator_decorator.py
[2022-12-23 22:54:07,196] {logging_mixin.py:115} INFO - [2022-12-23 22:54:07,196] {dag.py:2371} INFO - Sync 1 DAGs
[2022-12-23 22:54:07,214] {logging_mixin.py:115} INFO - [2022-12-23 22:54:07,214] {dag.py:2919} INFO - Setting next_dagrun for example_branch_python_operator_decorator to 2022-12-22T00:00:00+00:00, run_after=2022-12-23T00:00:00+00:00
[2022-12-23 22:54:07,222] {processor.py:161} INFO - Processing /home/airflow/.local/lib/python3.7/site-packages/airflow/example_dags/example_branch_operator_decorator.py took 0.074 seconds
[2022-12-23 22:54:37,431] {processor.py:153} INFO - Started process (PID=5288) to work on /home/airflow/.local/lib/python3.7/site-packages/airflow/example_dags/example_branch_operator_decorator.py
[2022-12-23 22:54:37,432] {processor.py:641} INFO - Processing file /home/airflow/.local/lib/python3.7/site-packages/airflow/example_dags/example_branch_operator_decorator.py for tasks to queue
[2022-12-23 22:54:37,433] {logging_mixin.py:115} INFO - [2022-12-23 22:54:37,433] {dagbag.py:507} INFO - Filling up the DagBag from /home/airflow/.local/lib/python3.7/site-packages/airflow/example_dags/example_branch_operator_decorator.py
[2022-12-23 22:54:37,449] {processor.py:651} INFO - DAG(s) dict_keys(['example_branch_python_operator_decorator']) retrieved from /home/airflow/.local/lib/python3.7/site-packages/airflow/example_dags/example_branch_operator_decorator.py
[2022-12-23 22:54:37,473] {logging_mixin.py:115} INFO - [2022-12-23 22:54:37,473] {dag.py:2371} INFO - Sync 1 DAGs
[2022-12-23 22:54:37,491] {logging_mixin.py:115} INFO - [2022-12-23 22:54:37,491] {dag.py:2919} INFO - Setting next_dagrun for example_branch_python_operator_decorator to 2022-12-22T00:00:00+00:00, run_after=2022-12-23T00:00:00+00:00
[2022-12-23 22:54:37,500] {processor.py:161} INFO - Processing /home/airflow/.local/lib/python3.7/site-packages/airflow/example_dags/example_branch_operator_decorator.py took 0.072 seconds
[2022-12-23 22:55:07,701] {processor.py:153} INFO - Started process (PID=5494) to work on /home/airflow/.local/lib/python3.7/site-packages/airflow/example_dags/example_branch_operator_decorator.py
[2022-12-23 22:55:07,702] {processor.py:641} INFO - Processing file /home/airflow/.local/lib/python3.7/site-packages/airflow/example_dags/example_branch_operator_decorator.py for tasks to queue
[2022-12-23 22:55:07,704] {logging_mixin.py:115} INFO - [2022-12-23 22:55:07,704] {dagbag.py:507} INFO - Filling up the DagBag from /home/airflow/.local/lib/python3.7/site-packages/airflow/example_dags/example_branch_operator_decorator.py
[2022-12-23 22:55:07,719] {processor.py:651} INFO - DAG(s) dict_keys(['example_branch_python_operator_decorator']) retrieved from /home/airflow/.local/lib/python3.7/site-packages/airflow/example_dags/example_branch_operator_decorator.py
[2022-12-23 22:55:07,743] {logging_mixin.py:115} INFO - [2022-12-23 22:55:07,743] {dag.py:2371} INFO - Sync 1 DAGs
[2022-12-23 22:55:07,760] {logging_mixin.py:115} INFO - [2022-12-23 22:55:07,760] {dag.py:2919} INFO - Setting next_dagrun for example_branch_python_operator_decorator to 2022-12-22T00:00:00+00:00, run_after=2022-12-23T00:00:00+00:00
[2022-12-23 22:55:07,768] {processor.py:161} INFO - Processing /home/airflow/.local/lib/python3.7/site-packages/airflow/example_dags/example_branch_operator_decorator.py took 0.069 seconds
[2022-12-23 22:55:37,929] {processor.py:153} INFO - Started process (PID=5698) to work on /home/airflow/.local/lib/python3.7/site-packages/airflow/example_dags/example_branch_operator_decorator.py
[2022-12-23 22:55:37,930] {processor.py:641} INFO - Processing file /home/airflow/.local/lib/python3.7/site-packages/airflow/example_dags/example_branch_operator_decorator.py for tasks to queue
[2022-12-23 22:55:37,931] {logging_mixin.py:115} INFO - [2022-12-23 22:55:37,931] {dagbag.py:507} INFO - Filling up the DagBag from /home/airflow/.local/lib/python3.7/site-packages/airflow/example_dags/example_branch_operator_decorator.py
[2022-12-23 22:55:37,945] {processor.py:651} INFO - DAG(s) dict_keys(['example_branch_python_operator_decorator']) retrieved from /home/airflow/.local/lib/python3.7/site-packages/airflow/example_dags/example_branch_operator_decorator.py
[2022-12-23 22:55:37,969] {logging_mixin.py:115} INFO - [2022-12-23 22:55:37,969] {dag.py:2371} INFO - Sync 1 DAGs
[2022-12-23 22:55:37,985] {logging_mixin.py:115} INFO - [2022-12-23 22:55:37,985] {dag.py:2919} INFO - Setting next_dagrun for example_branch_python_operator_decorator to 2022-12-22T00:00:00+00:00, run_after=2022-12-23T00:00:00+00:00
[2022-12-23 22:55:37,993] {processor.py:161} INFO - Processing /home/airflow/.local/lib/python3.7/site-packages/airflow/example_dags/example_branch_operator_decorator.py took 0.068 seconds
[2022-12-23 22:56:08,259] {processor.py:153} INFO - Started process (PID=5898) to work on /home/airflow/.local/lib/python3.7/site-packages/airflow/example_dags/example_branch_operator_decorator.py
[2022-12-23 22:56:08,260] {processor.py:641} INFO - Processing file /home/airflow/.local/lib/python3.7/site-packages/airflow/example_dags/example_branch_operator_decorator.py for tasks to queue
[2022-12-23 22:56:08,261] {logging_mixin.py:115} INFO - [2022-12-23 22:56:08,261] {dagbag.py:507} INFO - Filling up the DagBag from /home/airflow/.local/lib/python3.7/site-packages/airflow/example_dags/example_branch_operator_decorator.py
[2022-12-23 22:56:08,274] {processor.py:651} INFO - DAG(s) dict_keys(['example_branch_python_operator_decorator']) retrieved from /home/airflow/.local/lib/python3.7/site-packages/airflow/example_dags/example_branch_operator_decorator.py
[2022-12-23 22:56:08,298] {logging_mixin.py:115} INFO - [2022-12-23 22:56:08,298] {dag.py:2371} INFO - Sync 1 DAGs
[2022-12-23 22:56:08,314] {logging_mixin.py:115} INFO - [2022-12-23 22:56:08,314] {dag.py:2919} INFO - Setting next_dagrun for example_branch_python_operator_decorator to 2022-12-22T00:00:00+00:00, run_after=2022-12-23T00:00:00+00:00
[2022-12-23 22:56:08,323] {processor.py:161} INFO - Processing /home/airflow/.local/lib/python3.7/site-packages/airflow/example_dags/example_branch_operator_decorator.py took 0.067 seconds
[2022-12-23 22:56:38,602] {processor.py:153} INFO - Started process (PID=6102) to work on /home/airflow/.local/lib/python3.7/site-packages/airflow/example_dags/example_branch_operator_decorator.py
[2022-12-23 22:56:38,603] {processor.py:641} INFO - Processing file /home/airflow/.local/lib/python3.7/site-packages/airflow/example_dags/example_branch_operator_decorator.py for tasks to queue
[2022-12-23 22:56:38,604] {logging_mixin.py:115} INFO - [2022-12-23 22:56:38,604] {dagbag.py:507} INFO - Filling up the DagBag from /home/airflow/.local/lib/python3.7/site-packages/airflow/example_dags/example_branch_operator_decorator.py
[2022-12-23 22:56:38,619] {processor.py:651} INFO - DAG(s) dict_keys(['example_branch_python_operator_decorator']) retrieved from /home/airflow/.local/lib/python3.7/site-packages/airflow/example_dags/example_branch_operator_decorator.py
[2022-12-23 22:56:38,644] {logging_mixin.py:115} INFO - [2022-12-23 22:56:38,644] {dag.py:2371} INFO - Sync 1 DAGs
[2022-12-23 22:56:38,661] {logging_mixin.py:115} INFO - [2022-12-23 22:56:38,661] {dag.py:2919} INFO - Setting next_dagrun for example_branch_python_operator_decorator to 2022-12-22T00:00:00+00:00, run_after=2022-12-23T00:00:00+00:00
[2022-12-23 22:56:38,670] {processor.py:161} INFO - Processing /home/airflow/.local/lib/python3.7/site-packages/airflow/example_dags/example_branch_operator_decorator.py took 0.071 seconds
[2022-12-23 22:57:08,927] {processor.py:153} INFO - Started process (PID=6304) to work on /home/airflow/.local/lib/python3.7/site-packages/airflow/example_dags/example_branch_operator_decorator.py
[2022-12-23 22:57:08,928] {processor.py:641} INFO - Processing file /home/airflow/.local/lib/python3.7/site-packages/airflow/example_dags/example_branch_operator_decorator.py for tasks to queue
[2022-12-23 22:57:08,931] {logging_mixin.py:115} INFO - [2022-12-23 22:57:08,931] {dagbag.py:507} INFO - Filling up the DagBag from /home/airflow/.local/lib/python3.7/site-packages/airflow/example_dags/example_branch_operator_decorator.py
[2022-12-23 22:57:08,946] {processor.py:651} INFO - DAG(s) dict_keys(['example_branch_python_operator_decorator']) retrieved from /home/airflow/.local/lib/python3.7/site-packages/airflow/example_dags/example_branch_operator_decorator.py
[2022-12-23 22:57:08,971] {logging_mixin.py:115} INFO - [2022-12-23 22:57:08,971] {dag.py:2371} INFO - Sync 1 DAGs
[2022-12-23 22:57:08,987] {logging_mixin.py:115} INFO - [2022-12-23 22:57:08,987] {dag.py:2919} INFO - Setting next_dagrun for example_branch_python_operator_decorator to 2022-12-22T00:00:00+00:00, run_after=2022-12-23T00:00:00+00:00
[2022-12-23 22:57:08,995] {processor.py:161} INFO - Processing /home/airflow/.local/lib/python3.7/site-packages/airflow/example_dags/example_branch_operator_decorator.py took 0.071 seconds
[2022-12-23 22:57:39,161] {processor.py:153} INFO - Started process (PID=6509) to work on /home/airflow/.local/lib/python3.7/site-packages/airflow/example_dags/example_branch_operator_decorator.py
[2022-12-23 22:57:39,162] {processor.py:641} INFO - Processing file /home/airflow/.local/lib/python3.7/site-packages/airflow/example_dags/example_branch_operator_decorator.py for tasks to queue
[2022-12-23 22:57:39,163] {logging_mixin.py:115} INFO - [2022-12-23 22:57:39,163] {dagbag.py:507} INFO - Filling up the DagBag from /home/airflow/.local/lib/python3.7/site-packages/airflow/example_dags/example_branch_operator_decorator.py
[2022-12-23 22:57:39,177] {processor.py:651} INFO - DAG(s) dict_keys(['example_branch_python_operator_decorator']) retrieved from /home/airflow/.local/lib/python3.7/site-packages/airflow/example_dags/example_branch_operator_decorator.py
[2022-12-23 22:57:39,202] {logging_mixin.py:115} INFO - [2022-12-23 22:57:39,202] {dag.py:2371} INFO - Sync 1 DAGs
[2022-12-23 22:57:39,218] {logging_mixin.py:115} INFO - [2022-12-23 22:57:39,218] {dag.py:2919} INFO - Setting next_dagrun for example_branch_python_operator_decorator to 2022-12-22T00:00:00+00:00, run_after=2022-12-23T00:00:00+00:00
[2022-12-23 22:57:39,227] {processor.py:161} INFO - Processing /home/airflow/.local/lib/python3.7/site-packages/airflow/example_dags/example_branch_operator_decorator.py took 0.069 seconds
[2022-12-23 22:58:09,633] {processor.py:153} INFO - Started process (PID=6703) to work on /home/airflow/.local/lib/python3.7/site-packages/airflow/example_dags/example_branch_operator_decorator.py
[2022-12-23 22:58:09,634] {processor.py:641} INFO - Processing file /home/airflow/.local/lib/python3.7/site-packages/airflow/example_dags/example_branch_operator_decorator.py for tasks to queue
[2022-12-23 22:58:09,635] {logging_mixin.py:115} INFO - [2022-12-23 22:58:09,635] {dagbag.py:507} INFO - Filling up the DagBag from /home/airflow/.local/lib/python3.7/site-packages/airflow/example_dags/example_branch_operator_decorator.py
[2022-12-23 22:58:09,649] {processor.py:651} INFO - DAG(s) dict_keys(['example_branch_python_operator_decorator']) retrieved from /home/airflow/.local/lib/python3.7/site-packages/airflow/example_dags/example_branch_operator_decorator.py
[2022-12-23 22:58:09,672] {logging_mixin.py:115} INFO - [2022-12-23 22:58:09,672] {dag.py:2371} INFO - Sync 1 DAGs
[2022-12-23 22:58:09,688] {logging_mixin.py:115} INFO - [2022-12-23 22:58:09,688] {dag.py:2919} INFO - Setting next_dagrun for example_branch_python_operator_decorator to 2022-12-22T00:00:00+00:00, run_after=2022-12-23T00:00:00+00:00
[2022-12-23 22:58:09,696] {processor.py:161} INFO - Processing /home/airflow/.local/lib/python3.7/site-packages/airflow/example_dags/example_branch_operator_decorator.py took 0.066 seconds
[2022-12-23 22:58:39,756] {processor.py:153} INFO - Started process (PID=6904) to work on /home/airflow/.local/lib/python3.7/site-packages/airflow/example_dags/example_branch_operator_decorator.py
[2022-12-23 22:58:39,757] {processor.py:641} INFO - Processing file /home/airflow/.local/lib/python3.7/site-packages/airflow/example_dags/example_branch_operator_decorator.py for tasks to queue
[2022-12-23 22:58:39,758] {logging_mixin.py:115} INFO - [2022-12-23 22:58:39,758] {dagbag.py:507} INFO - Filling up the DagBag from /home/airflow/.local/lib/python3.7/site-packages/airflow/example_dags/example_branch_operator_decorator.py
[2022-12-23 22:58:39,771] {processor.py:651} INFO - DAG(s) dict_keys(['example_branch_python_operator_decorator']) retrieved from /home/airflow/.local/lib/python3.7/site-packages/airflow/example_dags/example_branch_operator_decorator.py
[2022-12-23 22:58:39,794] {logging_mixin.py:115} INFO - [2022-12-23 22:58:39,794] {dag.py:2371} INFO - Sync 1 DAGs
[2022-12-23 22:58:39,810] {logging_mixin.py:115} INFO - [2022-12-23 22:58:39,810] {dag.py:2919} INFO - Setting next_dagrun for example_branch_python_operator_decorator to 2022-12-22T00:00:00+00:00, run_after=2022-12-23T00:00:00+00:00
[2022-12-23 22:58:39,818] {processor.py:161} INFO - Processing /home/airflow/.local/lib/python3.7/site-packages/airflow/example_dags/example_branch_operator_decorator.py took 0.065 seconds
[2022-12-23 22:59:09,889] {processor.py:153} INFO - Started process (PID=7107) to work on /home/airflow/.local/lib/python3.7/site-packages/airflow/example_dags/example_branch_operator_decorator.py
[2022-12-23 22:59:09,890] {processor.py:641} INFO - Processing file /home/airflow/.local/lib/python3.7/site-packages/airflow/example_dags/example_branch_operator_decorator.py for tasks to queue
[2022-12-23 22:59:09,891] {logging_mixin.py:115} INFO - [2022-12-23 22:59:09,891] {dagbag.py:507} INFO - Filling up the DagBag from /home/airflow/.local/lib/python3.7/site-packages/airflow/example_dags/example_branch_operator_decorator.py
[2022-12-23 22:59:09,904] {processor.py:651} INFO - DAG(s) dict_keys(['example_branch_python_operator_decorator']) retrieved from /home/airflow/.local/lib/python3.7/site-packages/airflow/example_dags/example_branch_operator_decorator.py
[2022-12-23 22:59:09,928] {logging_mixin.py:115} INFO - [2022-12-23 22:59:09,928] {dag.py:2371} INFO - Sync 1 DAGs
[2022-12-23 22:59:09,944] {logging_mixin.py:115} INFO - [2022-12-23 22:59:09,944] {dag.py:2919} INFO - Setting next_dagrun for example_branch_python_operator_decorator to 2022-12-22T00:00:00+00:00, run_after=2022-12-23T00:00:00+00:00
[2022-12-23 22:59:09,953] {processor.py:161} INFO - Processing /home/airflow/.local/lib/python3.7/site-packages/airflow/example_dags/example_branch_operator_decorator.py took 0.066 seconds
[2022-12-23 22:59:40,293] {processor.py:153} INFO - Started process (PID=7316) to work on /home/airflow/.local/lib/python3.7/site-packages/airflow/example_dags/example_branch_operator_decorator.py
[2022-12-23 22:59:40,294] {processor.py:641} INFO - Processing file /home/airflow/.local/lib/python3.7/site-packages/airflow/example_dags/example_branch_operator_decorator.py for tasks to queue
[2022-12-23 22:59:40,295] {logging_mixin.py:115} INFO - [2022-12-23 22:59:40,295] {dagbag.py:507} INFO - Filling up the DagBag from /home/airflow/.local/lib/python3.7/site-packages/airflow/example_dags/example_branch_operator_decorator.py
[2022-12-23 22:59:40,309] {processor.py:651} INFO - DAG(s) dict_keys(['example_branch_python_operator_decorator']) retrieved from /home/airflow/.local/lib/python3.7/site-packages/airflow/example_dags/example_branch_operator_decorator.py
[2022-12-23 22:59:40,334] {logging_mixin.py:115} INFO - [2022-12-23 22:59:40,334] {dag.py:2371} INFO - Sync 1 DAGs
[2022-12-23 22:59:40,349] {logging_mixin.py:115} INFO - [2022-12-23 22:59:40,349] {dag.py:2919} INFO - Setting next_dagrun for example_branch_python_operator_decorator to 2022-12-22T00:00:00+00:00, run_after=2022-12-23T00:00:00+00:00
[2022-12-23 22:59:40,358] {processor.py:161} INFO - Processing /home/airflow/.local/lib/python3.7/site-packages/airflow/example_dags/example_branch_operator_decorator.py took 0.067 seconds
[2022-12-23 23:00:10,495] {processor.py:153} INFO - Started process (PID=7511) to work on /home/airflow/.local/lib/python3.7/site-packages/airflow/example_dags/example_branch_operator_decorator.py
[2022-12-23 23:00:10,496] {processor.py:641} INFO - Processing file /home/airflow/.local/lib/python3.7/site-packages/airflow/example_dags/example_branch_operator_decorator.py for tasks to queue
[2022-12-23 23:00:10,497] {logging_mixin.py:115} INFO - [2022-12-23 23:00:10,497] {dagbag.py:507} INFO - Filling up the DagBag from /home/airflow/.local/lib/python3.7/site-packages/airflow/example_dags/example_branch_operator_decorator.py
[2022-12-23 23:00:10,511] {processor.py:651} INFO - DAG(s) dict_keys(['example_branch_python_operator_decorator']) retrieved from /home/airflow/.local/lib/python3.7/site-packages/airflow/example_dags/example_branch_operator_decorator.py
[2022-12-23 23:00:10,539] {logging_mixin.py:115} INFO - [2022-12-23 23:00:10,539] {dag.py:2371} INFO - Sync 1 DAGs
[2022-12-23 23:00:10,558] {logging_mixin.py:115} INFO - [2022-12-23 23:00:10,558] {dag.py:2919} INFO - Setting next_dagrun for example_branch_python_operator_decorator to 2022-12-22T00:00:00+00:00, run_after=2022-12-23T00:00:00+00:00
[2022-12-23 23:00:10,568] {processor.py:161} INFO - Processing /home/airflow/.local/lib/python3.7/site-packages/airflow/example_dags/example_branch_operator_decorator.py took 0.075 seconds
[2022-12-23 23:00:40,854] {processor.py:153} INFO - Started process (PID=7715) to work on /home/airflow/.local/lib/python3.7/site-packages/airflow/example_dags/example_branch_operator_decorator.py
[2022-12-23 23:00:40,855] {processor.py:641} INFO - Processing file /home/airflow/.local/lib/python3.7/site-packages/airflow/example_dags/example_branch_operator_decorator.py for tasks to queue
[2022-12-23 23:00:40,857] {logging_mixin.py:115} INFO - [2022-12-23 23:00:40,856] {dagbag.py:507} INFO - Filling up the DagBag from /home/airflow/.local/lib/python3.7/site-packages/airflow/example_dags/example_branch_operator_decorator.py
[2022-12-23 23:00:40,871] {processor.py:651} INFO - DAG(s) dict_keys(['example_branch_python_operator_decorator']) retrieved from /home/airflow/.local/lib/python3.7/site-packages/airflow/example_dags/example_branch_operator_decorator.py
[2022-12-23 23:00:40,896] {logging_mixin.py:115} INFO - [2022-12-23 23:00:40,896] {dag.py:2371} INFO - Sync 1 DAGs
[2022-12-23 23:00:40,913] {logging_mixin.py:115} INFO - [2022-12-23 23:00:40,913] {dag.py:2919} INFO - Setting next_dagrun for example_branch_python_operator_decorator to 2022-12-22T00:00:00+00:00, run_after=2022-12-23T00:00:00+00:00
[2022-12-23 23:00:40,922] {processor.py:161} INFO - Processing /home/airflow/.local/lib/python3.7/site-packages/airflow/example_dags/example_branch_operator_decorator.py took 0.071 seconds
[2022-12-23 23:01:11,060] {processor.py:153} INFO - Started process (PID=7916) to work on /home/airflow/.local/lib/python3.7/site-packages/airflow/example_dags/example_branch_operator_decorator.py
[2022-12-23 23:01:11,062] {processor.py:641} INFO - Processing file /home/airflow/.local/lib/python3.7/site-packages/airflow/example_dags/example_branch_operator_decorator.py for tasks to queue
[2022-12-23 23:01:11,063] {logging_mixin.py:115} INFO - [2022-12-23 23:01:11,063] {dagbag.py:507} INFO - Filling up the DagBag from /home/airflow/.local/lib/python3.7/site-packages/airflow/example_dags/example_branch_operator_decorator.py
[2022-12-23 23:01:11,080] {processor.py:651} INFO - DAG(s) dict_keys(['example_branch_python_operator_decorator']) retrieved from /home/airflow/.local/lib/python3.7/site-packages/airflow/example_dags/example_branch_operator_decorator.py
[2022-12-23 23:01:11,106] {logging_mixin.py:115} INFO - [2022-12-23 23:01:11,106] {dag.py:2371} INFO - Sync 1 DAGs
[2022-12-23 23:01:11,125] {logging_mixin.py:115} INFO - [2022-12-23 23:01:11,125] {dag.py:2919} INFO - Setting next_dagrun for example_branch_python_operator_decorator to 2022-12-22T00:00:00+00:00, run_after=2022-12-23T00:00:00+00:00
[2022-12-23 23:01:11,135] {processor.py:161} INFO - Processing /home/airflow/.local/lib/python3.7/site-packages/airflow/example_dags/example_branch_operator_decorator.py took 0.078 seconds
[2022-12-23 23:03:24,715] {processor.py:153} INFO - Started process (PID=57) to work on /home/airflow/.local/lib/python3.7/site-packages/airflow/example_dags/example_branch_operator_decorator.py
[2022-12-23 23:03:24,717] {processor.py:641} INFO - Processing file /home/airflow/.local/lib/python3.7/site-packages/airflow/example_dags/example_branch_operator_decorator.py for tasks to queue
[2022-12-23 23:03:24,718] {logging_mixin.py:115} INFO - [2022-12-23 23:03:24,718] {dagbag.py:507} INFO - Filling up the DagBag from /home/airflow/.local/lib/python3.7/site-packages/airflow/example_dags/example_branch_operator_decorator.py
[2022-12-23 23:03:24,751] {processor.py:651} INFO - DAG(s) dict_keys(['example_branch_python_operator_decorator']) retrieved from /home/airflow/.local/lib/python3.7/site-packages/airflow/example_dags/example_branch_operator_decorator.py
[2022-12-23 23:03:25,152] {logging_mixin.py:115} INFO - [2022-12-23 23:03:25,152] {manager.py:508} INFO - Created Permission View: can read on DAG:example_branch_python_operator_decorator
[2022-12-23 23:03:25,172] {logging_mixin.py:115} INFO - [2022-12-23 23:03:25,172] {manager.py:508} INFO - Created Permission View: can edit on DAG:example_branch_python_operator_decorator
[2022-12-23 23:03:25,179] {logging_mixin.py:115} INFO - [2022-12-23 23:03:25,179] {manager.py:508} INFO - Created Permission View: can delete on DAG:example_branch_python_operator_decorator
[2022-12-23 23:03:25,180] {logging_mixin.py:115} INFO - [2022-12-23 23:03:25,180] {dag.py:2371} INFO - Sync 1 DAGs
[2022-12-23 23:03:25,192] {logging_mixin.py:115} INFO - [2022-12-23 23:03:25,192] {dag.py:2390} INFO - Creating ORM DAG for example_branch_python_operator_decorator
[2022-12-23 23:03:25,214] {logging_mixin.py:115} INFO - [2022-12-23 23:03:25,214] {dag.py:2919} INFO - Setting next_dagrun for example_branch_python_operator_decorator to 2022-12-22T00:00:00+00:00, run_after=2022-12-23T00:00:00+00:00
[2022-12-23 23:03:25,304] {processor.py:161} INFO - Processing /home/airflow/.local/lib/python3.7/site-packages/airflow/example_dags/example_branch_operator_decorator.py took 0.595 seconds
[2022-12-23 23:03:56,261] {processor.py:153} INFO - Started process (PID=120) to work on /home/airflow/.local/lib/python3.7/site-packages/airflow/example_dags/example_branch_operator_decorator.py
[2022-12-23 23:03:56,263] {processor.py:641} INFO - Processing file /home/airflow/.local/lib/python3.7/site-packages/airflow/example_dags/example_branch_operator_decorator.py for tasks to queue
[2022-12-23 23:03:56,265] {logging_mixin.py:115} INFO - [2022-12-23 23:03:56,265] {dagbag.py:507} INFO - Filling up the DagBag from /home/airflow/.local/lib/python3.7/site-packages/airflow/example_dags/example_branch_operator_decorator.py
[2022-12-23 23:03:56,281] {processor.py:651} INFO - DAG(s) dict_keys(['example_branch_python_operator_decorator']) retrieved from /home/airflow/.local/lib/python3.7/site-packages/airflow/example_dags/example_branch_operator_decorator.py
[2022-12-23 23:03:56,314] {logging_mixin.py:115} INFO - [2022-12-23 23:03:56,314] {dag.py:2371} INFO - Sync 1 DAGs
[2022-12-23 23:03:56,437] {logging_mixin.py:115} INFO - [2022-12-23 23:03:56,437] {dag.py:2919} INFO - Setting next_dagrun for example_branch_python_operator_decorator to 2022-12-22T00:00:00+00:00, run_after=2022-12-23T00:00:00+00:00
[2022-12-23 23:03:56,447] {processor.py:161} INFO - Processing /home/airflow/.local/lib/python3.7/site-packages/airflow/example_dags/example_branch_operator_decorator.py took 0.188 seconds
[2022-12-23 23:04:26,721] {processor.py:153} INFO - Started process (PID=174) to work on /home/airflow/.local/lib/python3.7/site-packages/airflow/example_dags/example_branch_operator_decorator.py
[2022-12-23 23:04:26,722] {processor.py:641} INFO - Processing file /home/airflow/.local/lib/python3.7/site-packages/airflow/example_dags/example_branch_operator_decorator.py for tasks to queue
[2022-12-23 23:04:26,723] {logging_mixin.py:115} INFO - [2022-12-23 23:04:26,723] {dagbag.py:507} INFO - Filling up the DagBag from /home/airflow/.local/lib/python3.7/site-packages/airflow/example_dags/example_branch_operator_decorator.py
[2022-12-23 23:04:26,742] {processor.py:651} INFO - DAG(s) dict_keys(['example_branch_python_operator_decorator']) retrieved from /home/airflow/.local/lib/python3.7/site-packages/airflow/example_dags/example_branch_operator_decorator.py
[2022-12-23 23:04:26,769] {logging_mixin.py:115} INFO - [2022-12-23 23:04:26,769] {dag.py:2371} INFO - Sync 1 DAGs
[2022-12-23 23:04:26,896] {logging_mixin.py:115} INFO - [2022-12-23 23:04:26,896] {dag.py:2919} INFO - Setting next_dagrun for example_branch_python_operator_decorator to 2022-12-22T00:00:00+00:00, run_after=2022-12-23T00:00:00+00:00
[2022-12-23 23:04:26,904] {processor.py:161} INFO - Processing /home/airflow/.local/lib/python3.7/site-packages/airflow/example_dags/example_branch_operator_decorator.py took 0.186 seconds
[2022-12-23 23:04:57,068] {processor.py:153} INFO - Started process (PID=237) to work on /home/airflow/.local/lib/python3.7/site-packages/airflow/example_dags/example_branch_operator_decorator.py
[2022-12-23 23:04:57,070] {processor.py:641} INFO - Processing file /home/airflow/.local/lib/python3.7/site-packages/airflow/example_dags/example_branch_operator_decorator.py for tasks to queue
[2022-12-23 23:04:57,072] {logging_mixin.py:115} INFO - [2022-12-23 23:04:57,072] {dagbag.py:507} INFO - Filling up the DagBag from /home/airflow/.local/lib/python3.7/site-packages/airflow/example_dags/example_branch_operator_decorator.py
[2022-12-23 23:04:57,091] {processor.py:651} INFO - DAG(s) dict_keys(['example_branch_python_operator_decorator']) retrieved from /home/airflow/.local/lib/python3.7/site-packages/airflow/example_dags/example_branch_operator_decorator.py
[2022-12-23 23:04:57,115] {logging_mixin.py:115} INFO - [2022-12-23 23:04:57,115] {dag.py:2371} INFO - Sync 1 DAGs
[2022-12-23 23:04:57,226] {logging_mixin.py:115} INFO - [2022-12-23 23:04:57,226] {dag.py:2919} INFO - Setting next_dagrun for example_branch_python_operator_decorator to 2022-12-22T00:00:00+00:00, run_after=2022-12-23T00:00:00+00:00
[2022-12-23 23:04:57,234] {processor.py:161} INFO - Processing /home/airflow/.local/lib/python3.7/site-packages/airflow/example_dags/example_branch_operator_decorator.py took 0.172 seconds
[2022-12-23 23:05:27,318] {processor.py:153} INFO - Started process (PID=300) to work on /home/airflow/.local/lib/python3.7/site-packages/airflow/example_dags/example_branch_operator_decorator.py
[2022-12-23 23:05:27,320] {processor.py:641} INFO - Processing file /home/airflow/.local/lib/python3.7/site-packages/airflow/example_dags/example_branch_operator_decorator.py for tasks to queue
[2022-12-23 23:05:27,322] {logging_mixin.py:115} INFO - [2022-12-23 23:05:27,322] {dagbag.py:507} INFO - Filling up the DagBag from /home/airflow/.local/lib/python3.7/site-packages/airflow/example_dags/example_branch_operator_decorator.py
[2022-12-23 23:05:27,342] {processor.py:651} INFO - DAG(s) dict_keys(['example_branch_python_operator_decorator']) retrieved from /home/airflow/.local/lib/python3.7/site-packages/airflow/example_dags/example_branch_operator_decorator.py
[2022-12-23 23:05:27,374] {logging_mixin.py:115} INFO - [2022-12-23 23:05:27,374] {dag.py:2371} INFO - Sync 1 DAGs
[2022-12-23 23:05:27,507] {logging_mixin.py:115} INFO - [2022-12-23 23:05:27,507] {dag.py:2919} INFO - Setting next_dagrun for example_branch_python_operator_decorator to 2022-12-22T00:00:00+00:00, run_after=2022-12-23T00:00:00+00:00
[2022-12-23 23:05:27,515] {processor.py:161} INFO - Processing /home/airflow/.local/lib/python3.7/site-packages/airflow/example_dags/example_branch_operator_decorator.py took 0.202 seconds
[2022-12-23 23:05:57,857] {processor.py:153} INFO - Started process (PID=363) to work on /home/airflow/.local/lib/python3.7/site-packages/airflow/example_dags/example_branch_operator_decorator.py
[2022-12-23 23:05:57,858] {processor.py:641} INFO - Processing file /home/airflow/.local/lib/python3.7/site-packages/airflow/example_dags/example_branch_operator_decorator.py for tasks to queue
[2022-12-23 23:05:57,859] {logging_mixin.py:115} INFO - [2022-12-23 23:05:57,859] {dagbag.py:507} INFO - Filling up the DagBag from /home/airflow/.local/lib/python3.7/site-packages/airflow/example_dags/example_branch_operator_decorator.py
[2022-12-23 23:05:57,879] {processor.py:651} INFO - DAG(s) dict_keys(['example_branch_python_operator_decorator']) retrieved from /home/airflow/.local/lib/python3.7/site-packages/airflow/example_dags/example_branch_operator_decorator.py
[2022-12-23 23:05:57,904] {logging_mixin.py:115} INFO - [2022-12-23 23:05:57,904] {dag.py:2371} INFO - Sync 1 DAGs
[2022-12-23 23:05:58,014] {logging_mixin.py:115} INFO - [2022-12-23 23:05:58,014] {dag.py:2919} INFO - Setting next_dagrun for example_branch_python_operator_decorator to 2022-12-22T00:00:00+00:00, run_after=2022-12-23T00:00:00+00:00
[2022-12-23 23:05:58,022] {processor.py:161} INFO - Processing /home/airflow/.local/lib/python3.7/site-packages/airflow/example_dags/example_branch_operator_decorator.py took 0.168 seconds
[2022-12-23 23:06:28,247] {processor.py:153} INFO - Started process (PID=417) to work on /home/airflow/.local/lib/python3.7/site-packages/airflow/example_dags/example_branch_operator_decorator.py
[2022-12-23 23:06:28,249] {processor.py:641} INFO - Processing file /home/airflow/.local/lib/python3.7/site-packages/airflow/example_dags/example_branch_operator_decorator.py for tasks to queue
[2022-12-23 23:06:28,251] {logging_mixin.py:115} INFO - [2022-12-23 23:06:28,251] {dagbag.py:507} INFO - Filling up the DagBag from /home/airflow/.local/lib/python3.7/site-packages/airflow/example_dags/example_branch_operator_decorator.py
[2022-12-23 23:06:28,269] {processor.py:651} INFO - DAG(s) dict_keys(['example_branch_python_operator_decorator']) retrieved from /home/airflow/.local/lib/python3.7/site-packages/airflow/example_dags/example_branch_operator_decorator.py
[2022-12-23 23:06:28,295] {logging_mixin.py:115} INFO - [2022-12-23 23:06:28,295] {dag.py:2371} INFO - Sync 1 DAGs
[2022-12-23 23:06:28,412] {logging_mixin.py:115} INFO - [2022-12-23 23:06:28,412] {dag.py:2919} INFO - Setting next_dagrun for example_branch_python_operator_decorator to 2022-12-22T00:00:00+00:00, run_after=2022-12-23T00:00:00+00:00
[2022-12-23 23:06:28,420] {processor.py:161} INFO - Processing /home/airflow/.local/lib/python3.7/site-packages/airflow/example_dags/example_branch_operator_decorator.py took 0.178 seconds
[2022-12-23 23:06:58,828] {processor.py:153} INFO - Started process (PID=480) to work on /home/airflow/.local/lib/python3.7/site-packages/airflow/example_dags/example_branch_operator_decorator.py
[2022-12-23 23:06:58,830] {processor.py:641} INFO - Processing file /home/airflow/.local/lib/python3.7/site-packages/airflow/example_dags/example_branch_operator_decorator.py for tasks to queue
[2022-12-23 23:06:58,831] {logging_mixin.py:115} INFO - [2022-12-23 23:06:58,831] {dagbag.py:507} INFO - Filling up the DagBag from /home/airflow/.local/lib/python3.7/site-packages/airflow/example_dags/example_branch_operator_decorator.py
[2022-12-23 23:06:58,848] {processor.py:651} INFO - DAG(s) dict_keys(['example_branch_python_operator_decorator']) retrieved from /home/airflow/.local/lib/python3.7/site-packages/airflow/example_dags/example_branch_operator_decorator.py
[2022-12-23 23:06:58,873] {logging_mixin.py:115} INFO - [2022-12-23 23:06:58,873] {dag.py:2371} INFO - Sync 1 DAGs
[2022-12-23 23:06:58,983] {logging_mixin.py:115} INFO - [2022-12-23 23:06:58,983] {dag.py:2919} INFO - Setting next_dagrun for example_branch_python_operator_decorator to 2022-12-22T00:00:00+00:00, run_after=2022-12-23T00:00:00+00:00
[2022-12-23 23:06:58,991] {processor.py:161} INFO - Processing /home/airflow/.local/lib/python3.7/site-packages/airflow/example_dags/example_branch_operator_decorator.py took 0.168 seconds
[2022-12-23 23:07:29,269] {processor.py:153} INFO - Started process (PID=543) to work on /home/airflow/.local/lib/python3.7/site-packages/airflow/example_dags/example_branch_operator_decorator.py
[2022-12-23 23:07:29,270] {processor.py:641} INFO - Processing file /home/airflow/.local/lib/python3.7/site-packages/airflow/example_dags/example_branch_operator_decorator.py for tasks to queue
[2022-12-23 23:07:29,271] {logging_mixin.py:115} INFO - [2022-12-23 23:07:29,271] {dagbag.py:507} INFO - Filling up the DagBag from /home/airflow/.local/lib/python3.7/site-packages/airflow/example_dags/example_branch_operator_decorator.py
[2022-12-23 23:07:29,288] {processor.py:651} INFO - DAG(s) dict_keys(['example_branch_python_operator_decorator']) retrieved from /home/airflow/.local/lib/python3.7/site-packages/airflow/example_dags/example_branch_operator_decorator.py
[2022-12-23 23:07:29,315] {logging_mixin.py:115} INFO - [2022-12-23 23:07:29,315] {dag.py:2371} INFO - Sync 1 DAGs
[2022-12-23 23:07:29,431] {logging_mixin.py:115} INFO - [2022-12-23 23:07:29,431] {dag.py:2919} INFO - Setting next_dagrun for example_branch_python_operator_decorator to 2022-12-22T00:00:00+00:00, run_after=2022-12-23T00:00:00+00:00
[2022-12-23 23:07:29,440] {processor.py:161} INFO - Processing /home/airflow/.local/lib/python3.7/site-packages/airflow/example_dags/example_branch_operator_decorator.py took 0.175 seconds
[2022-12-23 23:07:59,604] {processor.py:153} INFO - Started process (PID=606) to work on /home/airflow/.local/lib/python3.7/site-packages/airflow/example_dags/example_branch_operator_decorator.py
[2022-12-23 23:07:59,605] {processor.py:641} INFO - Processing file /home/airflow/.local/lib/python3.7/site-packages/airflow/example_dags/example_branch_operator_decorator.py for tasks to queue
[2022-12-23 23:07:59,606] {logging_mixin.py:115} INFO - [2022-12-23 23:07:59,606] {dagbag.py:507} INFO - Filling up the DagBag from /home/airflow/.local/lib/python3.7/site-packages/airflow/example_dags/example_branch_operator_decorator.py
[2022-12-23 23:07:59,621] {processor.py:651} INFO - DAG(s) dict_keys(['example_branch_python_operator_decorator']) retrieved from /home/airflow/.local/lib/python3.7/site-packages/airflow/example_dags/example_branch_operator_decorator.py
[2022-12-23 23:07:59,649] {logging_mixin.py:115} INFO - [2022-12-23 23:07:59,649] {dag.py:2371} INFO - Sync 1 DAGs
[2022-12-23 23:07:59,760] {logging_mixin.py:115} INFO - [2022-12-23 23:07:59,760] {dag.py:2919} INFO - Setting next_dagrun for example_branch_python_operator_decorator to 2022-12-22T00:00:00+00:00, run_after=2022-12-23T00:00:00+00:00
[2022-12-23 23:07:59,769] {processor.py:161} INFO - Processing /home/airflow/.local/lib/python3.7/site-packages/airflow/example_dags/example_branch_operator_decorator.py took 0.168 seconds
[2022-12-23 23:08:29,954] {processor.py:153} INFO - Started process (PID=670) to work on /home/airflow/.local/lib/python3.7/site-packages/airflow/example_dags/example_branch_operator_decorator.py
[2022-12-23 23:08:29,955] {processor.py:641} INFO - Processing file /home/airflow/.local/lib/python3.7/site-packages/airflow/example_dags/example_branch_operator_decorator.py for tasks to queue
[2022-12-23 23:08:29,956] {logging_mixin.py:115} INFO - [2022-12-23 23:08:29,956] {dagbag.py:507} INFO - Filling up the DagBag from /home/airflow/.local/lib/python3.7/site-packages/airflow/example_dags/example_branch_operator_decorator.py
[2022-12-23 23:08:29,969] {processor.py:651} INFO - DAG(s) dict_keys(['example_branch_python_operator_decorator']) retrieved from /home/airflow/.local/lib/python3.7/site-packages/airflow/example_dags/example_branch_operator_decorator.py
[2022-12-23 23:08:29,995] {logging_mixin.py:115} INFO - [2022-12-23 23:08:29,995] {dag.py:2371} INFO - Sync 1 DAGs
[2022-12-23 23:08:30,131] {logging_mixin.py:115} INFO - [2022-12-23 23:08:30,131] {dag.py:2919} INFO - Setting next_dagrun for example_branch_python_operator_decorator to 2022-12-22T00:00:00+00:00, run_after=2022-12-23T00:00:00+00:00
[2022-12-23 23:08:30,143] {processor.py:161} INFO - Processing /home/airflow/.local/lib/python3.7/site-packages/airflow/example_dags/example_branch_operator_decorator.py took 0.192 seconds
