[2022-12-23T00:00:04.455+0000] {processor.py:153} INFO - Started process (PID=3103) to work on /home/airflow/.local/lib/python3.7/site-packages/airflow/example_dags/example_sla_dag.py
[2022-12-23T00:00:04.457+0000] {processor.py:743} INFO - Processing file /home/airflow/.local/lib/python3.7/site-packages/airflow/example_dags/example_sla_dag.py for tasks to queue
[2022-12-23T00:00:04.458+0000] {logging_mixin.py:137} INFO - [2022-12-23T00:00:04.458+0000] {dagbag.py:538} INFO - Filling up the DagBag from /home/airflow/.local/lib/python3.7/site-packages/airflow/example_dags/example_sla_dag.py
[2022-12-23T00:00:04.481+0000] {processor.py:753} INFO - DAG(s) dict_keys(['example_sla_dag']) retrieved from /home/airflow/.local/lib/python3.7/site-packages/airflow/example_dags/example_sla_dag.py
[2022-12-23T00:00:04.516+0000] {logging_mixin.py:137} INFO - [2022-12-23T00:00:04.516+0000] {dag.py:2676} INFO - Sync 1 DAGs
[2022-12-23T00:00:04.536+0000] {logging_mixin.py:137} INFO - [2022-12-23T00:00:04.536+0000] {dag.py:3427} INFO - Setting next_dagrun for example_sla_dag to 2022-12-22T23:58:00+00:00, run_after=2022-12-23T00:00:00+00:00
[2022-12-23T00:00:04.552+0000] {processor.py:175} INFO - Processing /home/airflow/.local/lib/python3.7/site-packages/airflow/example_dags/example_sla_dag.py took 0.100 seconds
[2022-12-23T00:00:35.294+0000] {processor.py:153} INFO - Started process (PID=3315) to work on /home/airflow/.local/lib/python3.7/site-packages/airflow/example_dags/example_sla_dag.py
[2022-12-23T00:00:35.295+0000] {processor.py:743} INFO - Processing file /home/airflow/.local/lib/python3.7/site-packages/airflow/example_dags/example_sla_dag.py for tasks to queue
[2022-12-23T00:00:35.296+0000] {logging_mixin.py:137} INFO - [2022-12-23T00:00:35.296+0000] {dagbag.py:538} INFO - Filling up the DagBag from /home/airflow/.local/lib/python3.7/site-packages/airflow/example_dags/example_sla_dag.py
[2022-12-23T00:00:35.313+0000] {processor.py:753} INFO - DAG(s) dict_keys(['example_sla_dag']) retrieved from /home/airflow/.local/lib/python3.7/site-packages/airflow/example_dags/example_sla_dag.py
[2022-12-23T00:00:35.344+0000] {logging_mixin.py:137} INFO - [2022-12-23T00:00:35.344+0000] {dag.py:2676} INFO - Sync 1 DAGs
[2022-12-23T00:00:35.364+0000] {logging_mixin.py:137} INFO - [2022-12-23T00:00:35.364+0000] {dag.py:3427} INFO - Setting next_dagrun for example_sla_dag to 2022-12-22T23:58:00+00:00, run_after=2022-12-23T00:00:00+00:00
[2022-12-23T00:00:35.378+0000] {processor.py:175} INFO - Processing /home/airflow/.local/lib/python3.7/site-packages/airflow/example_dags/example_sla_dag.py took 0.087 seconds
[2022-12-23T00:01:06.091+0000] {processor.py:153} INFO - Started process (PID=3543) to work on /home/airflow/.local/lib/python3.7/site-packages/airflow/example_dags/example_sla_dag.py
[2022-12-23T00:01:06.093+0000] {processor.py:743} INFO - Processing file /home/airflow/.local/lib/python3.7/site-packages/airflow/example_dags/example_sla_dag.py for tasks to queue
[2022-12-23T00:01:06.094+0000] {logging_mixin.py:137} INFO - [2022-12-23T00:01:06.094+0000] {dagbag.py:538} INFO - Filling up the DagBag from /home/airflow/.local/lib/python3.7/site-packages/airflow/example_dags/example_sla_dag.py
[2022-12-23T00:01:06.114+0000] {processor.py:753} INFO - DAG(s) dict_keys(['example_sla_dag']) retrieved from /home/airflow/.local/lib/python3.7/site-packages/airflow/example_dags/example_sla_dag.py
[2022-12-23T00:01:06.145+0000] {logging_mixin.py:137} INFO - [2022-12-23T00:01:06.145+0000] {dag.py:2676} INFO - Sync 1 DAGs
[2022-12-23T00:01:06.166+0000] {logging_mixin.py:137} INFO - [2022-12-23T00:01:06.165+0000] {dag.py:3427} INFO - Setting next_dagrun for example_sla_dag to 2022-12-22T23:58:00+00:00, run_after=2022-12-23T00:00:00+00:00
[2022-12-23T00:01:06.180+0000] {processor.py:175} INFO - Processing /home/airflow/.local/lib/python3.7/site-packages/airflow/example_dags/example_sla_dag.py took 0.092 seconds
[2022-12-23T00:03:12.722+0000] {processor.py:153} INFO - Started process (PID=208) to work on /home/airflow/.local/lib/python3.7/site-packages/airflow/example_dags/example_sla_dag.py
[2022-12-23T00:03:12.725+0000] {processor.py:743} INFO - Processing file /home/airflow/.local/lib/python3.7/site-packages/airflow/example_dags/example_sla_dag.py for tasks to queue
[2022-12-23T00:03:12.726+0000] {logging_mixin.py:137} INFO - [2022-12-23T00:03:12.726+0000] {dagbag.py:538} INFO - Filling up the DagBag from /home/airflow/.local/lib/python3.7/site-packages/airflow/example_dags/example_sla_dag.py
[2022-12-23T00:03:12.749+0000] {processor.py:753} INFO - DAG(s) dict_keys(['example_sla_dag']) retrieved from /home/airflow/.local/lib/python3.7/site-packages/airflow/example_dags/example_sla_dag.py
[2022-12-23T00:03:12.773+0000] {logging_mixin.py:137} INFO - [2022-12-23T00:03:12.773+0000] {dag.py:2676} INFO - Sync 1 DAGs
[2022-12-23T00:03:12.796+0000] {logging_mixin.py:137} INFO - [2022-12-23T00:03:12.796+0000] {dag.py:3427} INFO - Setting next_dagrun for example_sla_dag to 2022-12-23T00:00:00+00:00, run_after=2022-12-23T00:02:00+00:00
[2022-12-23T00:03:12.812+0000] {processor.py:175} INFO - Processing /home/airflow/.local/lib/python3.7/site-packages/airflow/example_dags/example_sla_dag.py took 0.092 seconds
[2022-12-23T00:03:43.634+0000] {processor.py:153} INFO - Started process (PID=436) to work on /home/airflow/.local/lib/python3.7/site-packages/airflow/example_dags/example_sla_dag.py
[2022-12-23T00:03:43.636+0000] {processor.py:743} INFO - Processing file /home/airflow/.local/lib/python3.7/site-packages/airflow/example_dags/example_sla_dag.py for tasks to queue
[2022-12-23T00:03:43.637+0000] {logging_mixin.py:137} INFO - [2022-12-23T00:03:43.637+0000] {dagbag.py:538} INFO - Filling up the DagBag from /home/airflow/.local/lib/python3.7/site-packages/airflow/example_dags/example_sla_dag.py
[2022-12-23T00:03:43.657+0000] {processor.py:753} INFO - DAG(s) dict_keys(['example_sla_dag']) retrieved from /home/airflow/.local/lib/python3.7/site-packages/airflow/example_dags/example_sla_dag.py
[2022-12-23T00:03:43.691+0000] {logging_mixin.py:137} INFO - [2022-12-23T00:03:43.691+0000] {dag.py:2676} INFO - Sync 1 DAGs
[2022-12-23T00:03:43.714+0000] {logging_mixin.py:137} INFO - [2022-12-23T00:03:43.714+0000] {dag.py:3427} INFO - Setting next_dagrun for example_sla_dag to 2022-12-23T00:00:00+00:00, run_after=2022-12-23T00:02:00+00:00
[2022-12-23T00:03:43.729+0000] {processor.py:175} INFO - Processing /home/airflow/.local/lib/python3.7/site-packages/airflow/example_dags/example_sla_dag.py took 0.098 seconds
[2022-12-23T00:04:14.613+0000] {processor.py:153} INFO - Started process (PID=657) to work on /home/airflow/.local/lib/python3.7/site-packages/airflow/example_dags/example_sla_dag.py
[2022-12-23T00:04:14.621+0000] {processor.py:743} INFO - Processing file /home/airflow/.local/lib/python3.7/site-packages/airflow/example_dags/example_sla_dag.py for tasks to queue
[2022-12-23T00:04:14.622+0000] {logging_mixin.py:137} INFO - [2022-12-23T00:04:14.622+0000] {dagbag.py:538} INFO - Filling up the DagBag from /home/airflow/.local/lib/python3.7/site-packages/airflow/example_dags/example_sla_dag.py
[2022-12-23T00:04:14.654+0000] {processor.py:753} INFO - DAG(s) dict_keys(['example_sla_dag']) retrieved from /home/airflow/.local/lib/python3.7/site-packages/airflow/example_dags/example_sla_dag.py
[2022-12-23T00:04:14.699+0000] {logging_mixin.py:137} INFO - [2022-12-23T00:04:14.699+0000] {dag.py:2676} INFO - Sync 1 DAGs
[2022-12-23T00:04:14.740+0000] {logging_mixin.py:137} INFO - [2022-12-23T00:04:14.739+0000] {dag.py:3427} INFO - Setting next_dagrun for example_sla_dag to 2022-12-23T00:02:00+00:00, run_after=2022-12-23T00:04:00+00:00
[2022-12-23T00:04:14.762+0000] {processor.py:175} INFO - Processing /home/airflow/.local/lib/python3.7/site-packages/airflow/example_dags/example_sla_dag.py took 0.153 seconds
[2022-12-23T00:04:45.124+0000] {processor.py:153} INFO - Started process (PID=876) to work on /home/airflow/.local/lib/python3.7/site-packages/airflow/example_dags/example_sla_dag.py
[2022-12-23T00:04:45.125+0000] {processor.py:743} INFO - Processing file /home/airflow/.local/lib/python3.7/site-packages/airflow/example_dags/example_sla_dag.py for tasks to queue
[2022-12-23T00:04:45.127+0000] {logging_mixin.py:137} INFO - [2022-12-23T00:04:45.127+0000] {dagbag.py:538} INFO - Filling up the DagBag from /home/airflow/.local/lib/python3.7/site-packages/airflow/example_dags/example_sla_dag.py
[2022-12-23T00:04:45.146+0000] {processor.py:753} INFO - DAG(s) dict_keys(['example_sla_dag']) retrieved from /home/airflow/.local/lib/python3.7/site-packages/airflow/example_dags/example_sla_dag.py
[2022-12-23T00:04:45.177+0000] {logging_mixin.py:137} INFO - [2022-12-23T00:04:45.177+0000] {dag.py:2676} INFO - Sync 1 DAGs
[2022-12-23T00:04:45.197+0000] {logging_mixin.py:137} INFO - [2022-12-23T00:04:45.197+0000] {dag.py:3427} INFO - Setting next_dagrun for example_sla_dag to 2022-12-23T00:02:00+00:00, run_after=2022-12-23T00:04:00+00:00
[2022-12-23T00:04:45.211+0000] {processor.py:175} INFO - Processing /home/airflow/.local/lib/python3.7/site-packages/airflow/example_dags/example_sla_dag.py took 0.090 seconds
[2022-12-23T00:05:15.955+0000] {processor.py:153} INFO - Started process (PID=1103) to work on /home/airflow/.local/lib/python3.7/site-packages/airflow/example_dags/example_sla_dag.py
[2022-12-23T00:05:15.957+0000] {processor.py:743} INFO - Processing file /home/airflow/.local/lib/python3.7/site-packages/airflow/example_dags/example_sla_dag.py for tasks to queue
[2022-12-23T00:05:15.958+0000] {logging_mixin.py:137} INFO - [2022-12-23T00:05:15.958+0000] {dagbag.py:538} INFO - Filling up the DagBag from /home/airflow/.local/lib/python3.7/site-packages/airflow/example_dags/example_sla_dag.py
[2022-12-23T00:05:15.976+0000] {processor.py:753} INFO - DAG(s) dict_keys(['example_sla_dag']) retrieved from /home/airflow/.local/lib/python3.7/site-packages/airflow/example_dags/example_sla_dag.py
[2022-12-23T00:05:16.008+0000] {logging_mixin.py:137} INFO - [2022-12-23T00:05:16.008+0000] {dag.py:2676} INFO - Sync 1 DAGs
[2022-12-23T00:05:16.028+0000] {logging_mixin.py:137} INFO - [2022-12-23T00:05:16.028+0000] {dag.py:3427} INFO - Setting next_dagrun for example_sla_dag to 2022-12-23T00:02:00+00:00, run_after=2022-12-23T00:04:00+00:00
[2022-12-23T00:05:16.042+0000] {processor.py:175} INFO - Processing /home/airflow/.local/lib/python3.7/site-packages/airflow/example_dags/example_sla_dag.py took 0.091 seconds
[2022-12-23 22:41:53,258] {processor.py:153} INFO - Started process (PID=236) to work on /home/airflow/.local/lib/python3.7/site-packages/airflow/example_dags/example_sla_dag.py
[2022-12-23 22:41:53,260] {processor.py:641} INFO - Processing file /home/airflow/.local/lib/python3.7/site-packages/airflow/example_dags/example_sla_dag.py for tasks to queue
[2022-12-23 22:41:53,261] {logging_mixin.py:115} INFO - [2022-12-23 22:41:53,261] {dagbag.py:507} INFO - Filling up the DagBag from /home/airflow/.local/lib/python3.7/site-packages/airflow/example_dags/example_sla_dag.py
[2022-12-23 22:41:53,293] {processor.py:651} INFO - DAG(s) dict_keys(['example_sla_dag']) retrieved from /home/airflow/.local/lib/python3.7/site-packages/airflow/example_dags/example_sla_dag.py
[2022-12-23 22:41:53,415] {logging_mixin.py:115} INFO - [2022-12-23 22:41:53,415] {manager.py:508} INFO - Created Permission View: can delete on DAG:example_sla_dag
[2022-12-23 22:41:53,425] {logging_mixin.py:115} INFO - [2022-12-23 22:41:53,425] {manager.py:508} INFO - Created Permission View: can edit on DAG:example_sla_dag
[2022-12-23 22:41:53,432] {logging_mixin.py:115} INFO - [2022-12-23 22:41:53,432] {manager.py:508} INFO - Created Permission View: can read on DAG:example_sla_dag
[2022-12-23 22:41:53,433] {logging_mixin.py:115} INFO - [2022-12-23 22:41:53,433] {dag.py:2371} INFO - Sync 1 DAGs
[2022-12-23 22:41:53,452] {logging_mixin.py:115} INFO - [2022-12-23 22:41:53,452] {dag.py:2390} INFO - Creating ORM DAG for example_sla_dag
[2022-12-23 22:41:53,484] {logging_mixin.py:115} INFO - [2022-12-23 22:41:53,484] {dag.py:2919} INFO - Setting next_dagrun for example_sla_dag to 2022-12-23T22:38:00+00:00, run_after=2022-12-23T22:40:00+00:00
[2022-12-23 22:41:53,533] {processor.py:161} INFO - Processing /home/airflow/.local/lib/python3.7/site-packages/airflow/example_dags/example_sla_dag.py took 0.278 seconds
[2022-12-23 22:42:24,145] {processor.py:153} INFO - Started process (PID=430) to work on /home/airflow/.local/lib/python3.7/site-packages/airflow/example_dags/example_sla_dag.py
[2022-12-23 22:42:24,146] {processor.py:641} INFO - Processing file /home/airflow/.local/lib/python3.7/site-packages/airflow/example_dags/example_sla_dag.py for tasks to queue
[2022-12-23 22:42:24,148] {logging_mixin.py:115} INFO - [2022-12-23 22:42:24,148] {dagbag.py:507} INFO - Filling up the DagBag from /home/airflow/.local/lib/python3.7/site-packages/airflow/example_dags/example_sla_dag.py
[2022-12-23 22:42:24,174] {processor.py:651} INFO - DAG(s) dict_keys(['example_sla_dag']) retrieved from /home/airflow/.local/lib/python3.7/site-packages/airflow/example_dags/example_sla_dag.py
[2022-12-23 22:42:24,200] {logging_mixin.py:115} INFO - [2022-12-23 22:42:24,200] {dag.py:2371} INFO - Sync 1 DAGs
[2022-12-23 22:42:24,236] {logging_mixin.py:115} INFO - [2022-12-23 22:42:24,235] {dag.py:2919} INFO - Setting next_dagrun for example_sla_dag to 2022-12-23T22:40:00+00:00, run_after=2022-12-23T22:42:00+00:00
[2022-12-23 22:42:24,249] {processor.py:161} INFO - Processing /home/airflow/.local/lib/python3.7/site-packages/airflow/example_dags/example_sla_dag.py took 0.107 seconds
[2022-12-23 22:42:54,707] {processor.py:153} INFO - Started process (PID=632) to work on /home/airflow/.local/lib/python3.7/site-packages/airflow/example_dags/example_sla_dag.py
[2022-12-23 22:42:54,708] {processor.py:641} INFO - Processing file /home/airflow/.local/lib/python3.7/site-packages/airflow/example_dags/example_sla_dag.py for tasks to queue
[2022-12-23 22:42:54,710] {logging_mixin.py:115} INFO - [2022-12-23 22:42:54,709] {dagbag.py:507} INFO - Filling up the DagBag from /home/airflow/.local/lib/python3.7/site-packages/airflow/example_dags/example_sla_dag.py
[2022-12-23 22:42:54,728] {processor.py:651} INFO - DAG(s) dict_keys(['example_sla_dag']) retrieved from /home/airflow/.local/lib/python3.7/site-packages/airflow/example_dags/example_sla_dag.py
[2022-12-23 22:42:54,756] {logging_mixin.py:115} INFO - [2022-12-23 22:42:54,756] {dag.py:2371} INFO - Sync 1 DAGs
[2022-12-23 22:42:54,778] {logging_mixin.py:115} INFO - [2022-12-23 22:42:54,778] {dag.py:2919} INFO - Setting next_dagrun for example_sla_dag to 2022-12-23T22:40:00+00:00, run_after=2022-12-23T22:42:00+00:00
[2022-12-23 22:42:54,787] {processor.py:161} INFO - Processing /home/airflow/.local/lib/python3.7/site-packages/airflow/example_dags/example_sla_dag.py took 0.084 seconds
[2022-12-23 22:43:24,934] {processor.py:153} INFO - Started process (PID=834) to work on /home/airflow/.local/lib/python3.7/site-packages/airflow/example_dags/example_sla_dag.py
[2022-12-23 22:43:24,935] {processor.py:641} INFO - Processing file /home/airflow/.local/lib/python3.7/site-packages/airflow/example_dags/example_sla_dag.py for tasks to queue
[2022-12-23 22:43:24,936] {logging_mixin.py:115} INFO - [2022-12-23 22:43:24,936] {dagbag.py:507} INFO - Filling up the DagBag from /home/airflow/.local/lib/python3.7/site-packages/airflow/example_dags/example_sla_dag.py
[2022-12-23 22:43:24,952] {processor.py:651} INFO - DAG(s) dict_keys(['example_sla_dag']) retrieved from /home/airflow/.local/lib/python3.7/site-packages/airflow/example_dags/example_sla_dag.py
[2022-12-23 22:43:24,975] {logging_mixin.py:115} INFO - [2022-12-23 22:43:24,975] {dag.py:2371} INFO - Sync 1 DAGs
[2022-12-23 22:43:24,992] {logging_mixin.py:115} INFO - [2022-12-23 22:43:24,992] {dag.py:2919} INFO - Setting next_dagrun for example_sla_dag to 2022-12-23T22:40:00+00:00, run_after=2022-12-23T22:42:00+00:00
[2022-12-23 22:43:24,999] {processor.py:161} INFO - Processing /home/airflow/.local/lib/python3.7/site-packages/airflow/example_dags/example_sla_dag.py took 0.068 seconds
[2022-12-23 22:43:56,022] {processor.py:153} INFO - Started process (PID=1037) to work on /home/airflow/.local/lib/python3.7/site-packages/airflow/example_dags/example_sla_dag.py
[2022-12-23 22:43:56,023] {processor.py:641} INFO - Processing file /home/airflow/.local/lib/python3.7/site-packages/airflow/example_dags/example_sla_dag.py for tasks to queue
[2022-12-23 22:43:56,025] {logging_mixin.py:115} INFO - [2022-12-23 22:43:56,025] {dagbag.py:507} INFO - Filling up the DagBag from /home/airflow/.local/lib/python3.7/site-packages/airflow/example_dags/example_sla_dag.py
[2022-12-23 22:43:56,041] {processor.py:651} INFO - DAG(s) dict_keys(['example_sla_dag']) retrieved from /home/airflow/.local/lib/python3.7/site-packages/airflow/example_dags/example_sla_dag.py
[2022-12-23 22:43:56,064] {logging_mixin.py:115} INFO - [2022-12-23 22:43:56,064] {dag.py:2371} INFO - Sync 1 DAGs
[2022-12-23 22:43:56,081] {logging_mixin.py:115} INFO - [2022-12-23 22:43:56,081] {dag.py:2919} INFO - Setting next_dagrun for example_sla_dag to 2022-12-23T22:40:00+00:00, run_after=2022-12-23T22:42:00+00:00
[2022-12-23 22:43:56,088] {processor.py:161} INFO - Processing /home/airflow/.local/lib/python3.7/site-packages/airflow/example_dags/example_sla_dag.py took 0.069 seconds
[2022-12-23 22:44:26,254] {processor.py:153} INFO - Started process (PID=1232) to work on /home/airflow/.local/lib/python3.7/site-packages/airflow/example_dags/example_sla_dag.py
[2022-12-23 22:44:26,255] {processor.py:641} INFO - Processing file /home/airflow/.local/lib/python3.7/site-packages/airflow/example_dags/example_sla_dag.py for tasks to queue
[2022-12-23 22:44:26,256] {logging_mixin.py:115} INFO - [2022-12-23 22:44:26,256] {dagbag.py:507} INFO - Filling up the DagBag from /home/airflow/.local/lib/python3.7/site-packages/airflow/example_dags/example_sla_dag.py
[2022-12-23 22:44:26,273] {processor.py:651} INFO - DAG(s) dict_keys(['example_sla_dag']) retrieved from /home/airflow/.local/lib/python3.7/site-packages/airflow/example_dags/example_sla_dag.py
[2022-12-23 22:44:26,295] {logging_mixin.py:115} INFO - [2022-12-23 22:44:26,295] {dag.py:2371} INFO - Sync 1 DAGs
[2022-12-23 22:44:26,312] {logging_mixin.py:115} INFO - [2022-12-23 22:44:26,312] {dag.py:2919} INFO - Setting next_dagrun for example_sla_dag to 2022-12-23T22:42:00+00:00, run_after=2022-12-23T22:44:00+00:00
[2022-12-23 22:44:26,322] {processor.py:161} INFO - Processing /home/airflow/.local/lib/python3.7/site-packages/airflow/example_dags/example_sla_dag.py took 0.070 seconds
[2022-12-23 22:44:57,255] {processor.py:153} INFO - Started process (PID=1434) to work on /home/airflow/.local/lib/python3.7/site-packages/airflow/example_dags/example_sla_dag.py
[2022-12-23 22:44:57,257] {processor.py:641} INFO - Processing file /home/airflow/.local/lib/python3.7/site-packages/airflow/example_dags/example_sla_dag.py for tasks to queue
[2022-12-23 22:44:57,257] {logging_mixin.py:115} INFO - [2022-12-23 22:44:57,257] {dagbag.py:507} INFO - Filling up the DagBag from /home/airflow/.local/lib/python3.7/site-packages/airflow/example_dags/example_sla_dag.py
[2022-12-23 22:44:57,273] {processor.py:651} INFO - DAG(s) dict_keys(['example_sla_dag']) retrieved from /home/airflow/.local/lib/python3.7/site-packages/airflow/example_dags/example_sla_dag.py
[2022-12-23 22:44:57,295] {logging_mixin.py:115} INFO - [2022-12-23 22:44:57,295] {dag.py:2371} INFO - Sync 1 DAGs
[2022-12-23 22:44:57,313] {logging_mixin.py:115} INFO - [2022-12-23 22:44:57,313] {dag.py:2919} INFO - Setting next_dagrun for example_sla_dag to 2022-12-23T22:42:00+00:00, run_after=2022-12-23T22:44:00+00:00
[2022-12-23 22:44:57,320] {processor.py:161} INFO - Processing /home/airflow/.local/lib/python3.7/site-packages/airflow/example_dags/example_sla_dag.py took 0.068 seconds
[2022-12-23 22:45:28,132] {processor.py:153} INFO - Started process (PID=1637) to work on /home/airflow/.local/lib/python3.7/site-packages/airflow/example_dags/example_sla_dag.py
[2022-12-23 22:45:28,133] {processor.py:641} INFO - Processing file /home/airflow/.local/lib/python3.7/site-packages/airflow/example_dags/example_sla_dag.py for tasks to queue
[2022-12-23 22:45:28,134] {logging_mixin.py:115} INFO - [2022-12-23 22:45:28,134] {dagbag.py:507} INFO - Filling up the DagBag from /home/airflow/.local/lib/python3.7/site-packages/airflow/example_dags/example_sla_dag.py
[2022-12-23 22:45:28,150] {processor.py:651} INFO - DAG(s) dict_keys(['example_sla_dag']) retrieved from /home/airflow/.local/lib/python3.7/site-packages/airflow/example_dags/example_sla_dag.py
[2022-12-23 22:45:28,172] {logging_mixin.py:115} INFO - [2022-12-23 22:45:28,172] {dag.py:2371} INFO - Sync 1 DAGs
[2022-12-23 22:45:28,188] {logging_mixin.py:115} INFO - [2022-12-23 22:45:28,188] {dag.py:2919} INFO - Setting next_dagrun for example_sla_dag to 2022-12-23T22:42:00+00:00, run_after=2022-12-23T22:44:00+00:00
[2022-12-23 22:45:28,196] {processor.py:161} INFO - Processing /home/airflow/.local/lib/python3.7/site-packages/airflow/example_dags/example_sla_dag.py took 0.067 seconds
[2022-12-23 22:45:59,249] {processor.py:153} INFO - Started process (PID=1840) to work on /home/airflow/.local/lib/python3.7/site-packages/airflow/example_dags/example_sla_dag.py
[2022-12-23 22:45:59,250] {processor.py:641} INFO - Processing file /home/airflow/.local/lib/python3.7/site-packages/airflow/example_dags/example_sla_dag.py for tasks to queue
[2022-12-23 22:45:59,251] {logging_mixin.py:115} INFO - [2022-12-23 22:45:59,251] {dagbag.py:507} INFO - Filling up the DagBag from /home/airflow/.local/lib/python3.7/site-packages/airflow/example_dags/example_sla_dag.py
[2022-12-23 22:45:59,267] {processor.py:651} INFO - DAG(s) dict_keys(['example_sla_dag']) retrieved from /home/airflow/.local/lib/python3.7/site-packages/airflow/example_dags/example_sla_dag.py
[2022-12-23 22:45:59,289] {logging_mixin.py:115} INFO - [2022-12-23 22:45:59,289] {dag.py:2371} INFO - Sync 1 DAGs
[2022-12-23 22:45:59,306] {logging_mixin.py:115} INFO - [2022-12-23 22:45:59,306] {dag.py:2919} INFO - Setting next_dagrun for example_sla_dag to 2022-12-23T22:42:00+00:00, run_after=2022-12-23T22:44:00+00:00
[2022-12-23 22:45:59,315] {processor.py:161} INFO - Processing /home/airflow/.local/lib/python3.7/site-packages/airflow/example_dags/example_sla_dag.py took 0.069 seconds
[2022-12-23 22:46:30,376] {processor.py:153} INFO - Started process (PID=2043) to work on /home/airflow/.local/lib/python3.7/site-packages/airflow/example_dags/example_sla_dag.py
[2022-12-23 22:46:30,377] {processor.py:641} INFO - Processing file /home/airflow/.local/lib/python3.7/site-packages/airflow/example_dags/example_sla_dag.py for tasks to queue
[2022-12-23 22:46:30,378] {logging_mixin.py:115} INFO - [2022-12-23 22:46:30,378] {dagbag.py:507} INFO - Filling up the DagBag from /home/airflow/.local/lib/python3.7/site-packages/airflow/example_dags/example_sla_dag.py
[2022-12-23 22:46:30,394] {processor.py:651} INFO - DAG(s) dict_keys(['example_sla_dag']) retrieved from /home/airflow/.local/lib/python3.7/site-packages/airflow/example_dags/example_sla_dag.py
[2022-12-23 22:46:30,420] {logging_mixin.py:115} INFO - [2022-12-23 22:46:30,420] {dag.py:2371} INFO - Sync 1 DAGs
[2022-12-23 22:46:30,439] {logging_mixin.py:115} INFO - [2022-12-23 22:46:30,439] {dag.py:2919} INFO - Setting next_dagrun for example_sla_dag to 2022-12-23T22:44:00+00:00, run_after=2022-12-23T22:46:00+00:00
[2022-12-23 22:46:30,447] {processor.py:161} INFO - Processing /home/airflow/.local/lib/python3.7/site-packages/airflow/example_dags/example_sla_dag.py took 0.075 seconds
[2022-12-23 22:47:00,491] {processor.py:153} INFO - Started process (PID=2243) to work on /home/airflow/.local/lib/python3.7/site-packages/airflow/example_dags/example_sla_dag.py
[2022-12-23 22:47:00,493] {processor.py:641} INFO - Processing file /home/airflow/.local/lib/python3.7/site-packages/airflow/example_dags/example_sla_dag.py for tasks to queue
[2022-12-23 22:47:00,493] {logging_mixin.py:115} INFO - [2022-12-23 22:47:00,493] {dagbag.py:507} INFO - Filling up the DagBag from /home/airflow/.local/lib/python3.7/site-packages/airflow/example_dags/example_sla_dag.py
[2022-12-23 22:47:00,507] {processor.py:651} INFO - DAG(s) dict_keys(['example_sla_dag']) retrieved from /home/airflow/.local/lib/python3.7/site-packages/airflow/example_dags/example_sla_dag.py
[2022-12-23 22:47:00,529] {logging_mixin.py:115} INFO - [2022-12-23 22:47:00,529] {dag.py:2371} INFO - Sync 1 DAGs
[2022-12-23 22:47:00,546] {logging_mixin.py:115} INFO - [2022-12-23 22:47:00,546] {dag.py:2919} INFO - Setting next_dagrun for example_sla_dag to 2022-12-23T22:44:00+00:00, run_after=2022-12-23T22:46:00+00:00
[2022-12-23 22:47:00,554] {processor.py:161} INFO - Processing /home/airflow/.local/lib/python3.7/site-packages/airflow/example_dags/example_sla_dag.py took 0.066 seconds
[2022-12-23 22:47:30,611] {processor.py:153} INFO - Started process (PID=2435) to work on /home/airflow/.local/lib/python3.7/site-packages/airflow/example_dags/example_sla_dag.py
[2022-12-23 22:47:30,612] {processor.py:641} INFO - Processing file /home/airflow/.local/lib/python3.7/site-packages/airflow/example_dags/example_sla_dag.py for tasks to queue
[2022-12-23 22:47:30,613] {logging_mixin.py:115} INFO - [2022-12-23 22:47:30,613] {dagbag.py:507} INFO - Filling up the DagBag from /home/airflow/.local/lib/python3.7/site-packages/airflow/example_dags/example_sla_dag.py
[2022-12-23 22:47:30,627] {processor.py:651} INFO - DAG(s) dict_keys(['example_sla_dag']) retrieved from /home/airflow/.local/lib/python3.7/site-packages/airflow/example_dags/example_sla_dag.py
[2022-12-23 22:47:30,649] {logging_mixin.py:115} INFO - [2022-12-23 22:47:30,649] {dag.py:2371} INFO - Sync 1 DAGs
[2022-12-23 22:47:30,666] {logging_mixin.py:115} INFO - [2022-12-23 22:47:30,666] {dag.py:2919} INFO - Setting next_dagrun for example_sla_dag to 2022-12-23T22:44:00+00:00, run_after=2022-12-23T22:46:00+00:00
[2022-12-23 22:47:30,675] {processor.py:161} INFO - Processing /home/airflow/.local/lib/python3.7/site-packages/airflow/example_dags/example_sla_dag.py took 0.067 seconds
[2022-12-23 22:48:00,845] {processor.py:153} INFO - Started process (PID=2641) to work on /home/airflow/.local/lib/python3.7/site-packages/airflow/example_dags/example_sla_dag.py
[2022-12-23 22:48:00,846] {processor.py:641} INFO - Processing file /home/airflow/.local/lib/python3.7/site-packages/airflow/example_dags/example_sla_dag.py for tasks to queue
[2022-12-23 22:48:00,847] {logging_mixin.py:115} INFO - [2022-12-23 22:48:00,847] {dagbag.py:507} INFO - Filling up the DagBag from /home/airflow/.local/lib/python3.7/site-packages/airflow/example_dags/example_sla_dag.py
[2022-12-23 22:48:00,862] {processor.py:651} INFO - DAG(s) dict_keys(['example_sla_dag']) retrieved from /home/airflow/.local/lib/python3.7/site-packages/airflow/example_dags/example_sla_dag.py
[2022-12-23 22:48:00,888] {logging_mixin.py:115} INFO - [2022-12-23 22:48:00,888] {dag.py:2371} INFO - Sync 1 DAGs
[2022-12-23 22:48:00,907] {logging_mixin.py:115} INFO - [2022-12-23 22:48:00,907] {dag.py:2919} INFO - Setting next_dagrun for example_sla_dag to 2022-12-23T22:46:00+00:00, run_after=2022-12-23T22:48:00+00:00
[2022-12-23 22:48:00,916] {processor.py:161} INFO - Processing /home/airflow/.local/lib/python3.7/site-packages/airflow/example_dags/example_sla_dag.py took 0.075 seconds
[2022-12-23 22:48:31,026] {processor.py:153} INFO - Started process (PID=2846) to work on /home/airflow/.local/lib/python3.7/site-packages/airflow/example_dags/example_sla_dag.py
[2022-12-23 22:48:31,027] {processor.py:641} INFO - Processing file /home/airflow/.local/lib/python3.7/site-packages/airflow/example_dags/example_sla_dag.py for tasks to queue
[2022-12-23 22:48:31,028] {logging_mixin.py:115} INFO - [2022-12-23 22:48:31,028] {dagbag.py:507} INFO - Filling up the DagBag from /home/airflow/.local/lib/python3.7/site-packages/airflow/example_dags/example_sla_dag.py
[2022-12-23 22:48:31,042] {processor.py:651} INFO - DAG(s) dict_keys(['example_sla_dag']) retrieved from /home/airflow/.local/lib/python3.7/site-packages/airflow/example_dags/example_sla_dag.py
[2022-12-23 22:48:31,065] {logging_mixin.py:115} INFO - [2022-12-23 22:48:31,065] {dag.py:2371} INFO - Sync 1 DAGs
[2022-12-23 22:48:31,083] {logging_mixin.py:115} INFO - [2022-12-23 22:48:31,083] {dag.py:2919} INFO - Setting next_dagrun for example_sla_dag to 2022-12-23T22:46:00+00:00, run_after=2022-12-23T22:48:00+00:00
[2022-12-23 22:48:31,091] {processor.py:161} INFO - Processing /home/airflow/.local/lib/python3.7/site-packages/airflow/example_dags/example_sla_dag.py took 0.067 seconds
[2022-12-23 22:49:01,565] {processor.py:153} INFO - Started process (PID=3047) to work on /home/airflow/.local/lib/python3.7/site-packages/airflow/example_dags/example_sla_dag.py
[2022-12-23 22:49:01,567] {processor.py:641} INFO - Processing file /home/airflow/.local/lib/python3.7/site-packages/airflow/example_dags/example_sla_dag.py for tasks to queue
[2022-12-23 22:49:01,568] {logging_mixin.py:115} INFO - [2022-12-23 22:49:01,568] {dagbag.py:507} INFO - Filling up the DagBag from /home/airflow/.local/lib/python3.7/site-packages/airflow/example_dags/example_sla_dag.py
[2022-12-23 22:49:01,582] {processor.py:651} INFO - DAG(s) dict_keys(['example_sla_dag']) retrieved from /home/airflow/.local/lib/python3.7/site-packages/airflow/example_dags/example_sla_dag.py
[2022-12-23 22:49:01,606] {logging_mixin.py:115} INFO - [2022-12-23 22:49:01,606] {dag.py:2371} INFO - Sync 1 DAGs
[2022-12-23 22:49:01,623] {logging_mixin.py:115} INFO - [2022-12-23 22:49:01,623] {dag.py:2919} INFO - Setting next_dagrun for example_sla_dag to 2022-12-23T22:46:00+00:00, run_after=2022-12-23T22:48:00+00:00
[2022-12-23 22:49:01,632] {processor.py:161} INFO - Processing /home/airflow/.local/lib/python3.7/site-packages/airflow/example_dags/example_sla_dag.py took 0.070 seconds
[2022-12-23 22:49:32,593] {processor.py:153} INFO - Started process (PID=3243) to work on /home/airflow/.local/lib/python3.7/site-packages/airflow/example_dags/example_sla_dag.py
[2022-12-23 22:49:32,595] {processor.py:641} INFO - Processing file /home/airflow/.local/lib/python3.7/site-packages/airflow/example_dags/example_sla_dag.py for tasks to queue
[2022-12-23 22:49:32,596] {logging_mixin.py:115} INFO - [2022-12-23 22:49:32,596] {dagbag.py:507} INFO - Filling up the DagBag from /home/airflow/.local/lib/python3.7/site-packages/airflow/example_dags/example_sla_dag.py
[2022-12-23 22:49:32,613] {processor.py:651} INFO - DAG(s) dict_keys(['example_sla_dag']) retrieved from /home/airflow/.local/lib/python3.7/site-packages/airflow/example_dags/example_sla_dag.py
[2022-12-23 22:49:32,640] {logging_mixin.py:115} INFO - [2022-12-23 22:49:32,640] {dag.py:2371} INFO - Sync 1 DAGs
[2022-12-23 22:49:32,660] {logging_mixin.py:115} INFO - [2022-12-23 22:49:32,660] {dag.py:2919} INFO - Setting next_dagrun for example_sla_dag to 2022-12-23T22:46:00+00:00, run_after=2022-12-23T22:48:00+00:00
[2022-12-23 22:49:32,669] {processor.py:161} INFO - Processing /home/airflow/.local/lib/python3.7/site-packages/airflow/example_dags/example_sla_dag.py took 0.079 seconds
[2022-12-23 22:50:02,829] {processor.py:153} INFO - Started process (PID=3446) to work on /home/airflow/.local/lib/python3.7/site-packages/airflow/example_dags/example_sla_dag.py
[2022-12-23 22:50:02,830] {processor.py:641} INFO - Processing file /home/airflow/.local/lib/python3.7/site-packages/airflow/example_dags/example_sla_dag.py for tasks to queue
[2022-12-23 22:50:02,831] {logging_mixin.py:115} INFO - [2022-12-23 22:50:02,831] {dagbag.py:507} INFO - Filling up the DagBag from /home/airflow/.local/lib/python3.7/site-packages/airflow/example_dags/example_sla_dag.py
[2022-12-23 22:50:02,846] {processor.py:651} INFO - DAG(s) dict_keys(['example_sla_dag']) retrieved from /home/airflow/.local/lib/python3.7/site-packages/airflow/example_dags/example_sla_dag.py
[2022-12-23 22:50:02,870] {logging_mixin.py:115} INFO - [2022-12-23 22:50:02,870] {dag.py:2371} INFO - Sync 1 DAGs
[2022-12-23 22:50:02,888] {logging_mixin.py:115} INFO - [2022-12-23 22:50:02,888] {dag.py:2919} INFO - Setting next_dagrun for example_sla_dag to 2022-12-23T22:48:00+00:00, run_after=2022-12-23T22:50:00+00:00
[2022-12-23 22:50:02,896] {processor.py:161} INFO - Processing /home/airflow/.local/lib/python3.7/site-packages/airflow/example_dags/example_sla_dag.py took 0.070 seconds
[2022-12-23 22:50:33,061] {processor.py:153} INFO - Started process (PID=3650) to work on /home/airflow/.local/lib/python3.7/site-packages/airflow/example_dags/example_sla_dag.py
[2022-12-23 22:50:33,063] {processor.py:641} INFO - Processing file /home/airflow/.local/lib/python3.7/site-packages/airflow/example_dags/example_sla_dag.py for tasks to queue
[2022-12-23 22:50:33,064] {logging_mixin.py:115} INFO - [2022-12-23 22:50:33,064] {dagbag.py:507} INFO - Filling up the DagBag from /home/airflow/.local/lib/python3.7/site-packages/airflow/example_dags/example_sla_dag.py
[2022-12-23 22:50:33,079] {processor.py:651} INFO - DAG(s) dict_keys(['example_sla_dag']) retrieved from /home/airflow/.local/lib/python3.7/site-packages/airflow/example_dags/example_sla_dag.py
[2022-12-23 22:50:33,103] {logging_mixin.py:115} INFO - [2022-12-23 22:50:33,102] {dag.py:2371} INFO - Sync 1 DAGs
[2022-12-23 22:50:33,121] {logging_mixin.py:115} INFO - [2022-12-23 22:50:33,121] {dag.py:2919} INFO - Setting next_dagrun for example_sla_dag to 2022-12-23T22:48:00+00:00, run_after=2022-12-23T22:50:00+00:00
[2022-12-23 22:50:33,129] {processor.py:161} INFO - Processing /home/airflow/.local/lib/python3.7/site-packages/airflow/example_dags/example_sla_dag.py took 0.070 seconds
[2022-12-23 22:51:03,555] {processor.py:153} INFO - Started process (PID=3853) to work on /home/airflow/.local/lib/python3.7/site-packages/airflow/example_dags/example_sla_dag.py
[2022-12-23 22:51:03,556] {processor.py:641} INFO - Processing file /home/airflow/.local/lib/python3.7/site-packages/airflow/example_dags/example_sla_dag.py for tasks to queue
[2022-12-23 22:51:03,557] {logging_mixin.py:115} INFO - [2022-12-23 22:51:03,557] {dagbag.py:507} INFO - Filling up the DagBag from /home/airflow/.local/lib/python3.7/site-packages/airflow/example_dags/example_sla_dag.py
[2022-12-23 22:51:03,571] {processor.py:651} INFO - DAG(s) dict_keys(['example_sla_dag']) retrieved from /home/airflow/.local/lib/python3.7/site-packages/airflow/example_dags/example_sla_dag.py
[2022-12-23 22:51:03,598] {logging_mixin.py:115} INFO - [2022-12-23 22:51:03,598] {dag.py:2371} INFO - Sync 1 DAGs
[2022-12-23 22:51:03,616] {logging_mixin.py:115} INFO - [2022-12-23 22:51:03,616] {dag.py:2919} INFO - Setting next_dagrun for example_sla_dag to 2022-12-23T22:48:00+00:00, run_after=2022-12-23T22:50:00+00:00
[2022-12-23 22:51:03,623] {processor.py:161} INFO - Processing /home/airflow/.local/lib/python3.7/site-packages/airflow/example_dags/example_sla_dag.py took 0.072 seconds
[2022-12-23 22:51:34,516] {processor.py:153} INFO - Started process (PID=4050) to work on /home/airflow/.local/lib/python3.7/site-packages/airflow/example_dags/example_sla_dag.py
[2022-12-23 22:51:34,517] {processor.py:641} INFO - Processing file /home/airflow/.local/lib/python3.7/site-packages/airflow/example_dags/example_sla_dag.py for tasks to queue
[2022-12-23 22:51:34,518] {logging_mixin.py:115} INFO - [2022-12-23 22:51:34,518] {dagbag.py:507} INFO - Filling up the DagBag from /home/airflow/.local/lib/python3.7/site-packages/airflow/example_dags/example_sla_dag.py
[2022-12-23 22:51:34,531] {processor.py:651} INFO - DAG(s) dict_keys(['example_sla_dag']) retrieved from /home/airflow/.local/lib/python3.7/site-packages/airflow/example_dags/example_sla_dag.py
[2022-12-23 22:51:34,555] {logging_mixin.py:115} INFO - [2022-12-23 22:51:34,555] {dag.py:2371} INFO - Sync 1 DAGs
[2022-12-23 22:51:34,573] {logging_mixin.py:115} INFO - [2022-12-23 22:51:34,573] {dag.py:2919} INFO - Setting next_dagrun for example_sla_dag to 2022-12-23T22:48:00+00:00, run_after=2022-12-23T22:50:00+00:00
[2022-12-23 22:51:34,581] {processor.py:161} INFO - Processing /home/airflow/.local/lib/python3.7/site-packages/airflow/example_dags/example_sla_dag.py took 0.068 seconds
[2022-12-23 22:52:04,664] {processor.py:153} INFO - Started process (PID=4254) to work on /home/airflow/.local/lib/python3.7/site-packages/airflow/example_dags/example_sla_dag.py
[2022-12-23 22:52:04,665] {processor.py:641} INFO - Processing file /home/airflow/.local/lib/python3.7/site-packages/airflow/example_dags/example_sla_dag.py for tasks to queue
[2022-12-23 22:52:04,666] {logging_mixin.py:115} INFO - [2022-12-23 22:52:04,666] {dagbag.py:507} INFO - Filling up the DagBag from /home/airflow/.local/lib/python3.7/site-packages/airflow/example_dags/example_sla_dag.py
[2022-12-23 22:52:04,680] {processor.py:651} INFO - DAG(s) dict_keys(['example_sla_dag']) retrieved from /home/airflow/.local/lib/python3.7/site-packages/airflow/example_dags/example_sla_dag.py
[2022-12-23 22:52:04,703] {logging_mixin.py:115} INFO - [2022-12-23 22:52:04,703] {dag.py:2371} INFO - Sync 1 DAGs
[2022-12-23 22:52:04,720] {logging_mixin.py:115} INFO - [2022-12-23 22:52:04,720] {dag.py:2919} INFO - Setting next_dagrun for example_sla_dag to 2022-12-23T22:50:00+00:00, run_after=2022-12-23T22:52:00+00:00
[2022-12-23 22:52:04,728] {processor.py:161} INFO - Processing /home/airflow/.local/lib/python3.7/site-packages/airflow/example_dags/example_sla_dag.py took 0.067 seconds
[2022-12-23 22:52:34,850] {processor.py:153} INFO - Started process (PID=4457) to work on /home/airflow/.local/lib/python3.7/site-packages/airflow/example_dags/example_sla_dag.py
[2022-12-23 22:52:34,851] {processor.py:641} INFO - Processing file /home/airflow/.local/lib/python3.7/site-packages/airflow/example_dags/example_sla_dag.py for tasks to queue
[2022-12-23 22:52:34,852] {logging_mixin.py:115} INFO - [2022-12-23 22:52:34,852] {dagbag.py:507} INFO - Filling up the DagBag from /home/airflow/.local/lib/python3.7/site-packages/airflow/example_dags/example_sla_dag.py
[2022-12-23 22:52:34,866] {processor.py:651} INFO - DAG(s) dict_keys(['example_sla_dag']) retrieved from /home/airflow/.local/lib/python3.7/site-packages/airflow/example_dags/example_sla_dag.py
[2022-12-23 22:52:34,889] {logging_mixin.py:115} INFO - [2022-12-23 22:52:34,889] {dag.py:2371} INFO - Sync 1 DAGs
[2022-12-23 22:52:34,906] {logging_mixin.py:115} INFO - [2022-12-23 22:52:34,906] {dag.py:2919} INFO - Setting next_dagrun for example_sla_dag to 2022-12-23T22:50:00+00:00, run_after=2022-12-23T22:52:00+00:00
[2022-12-23 22:52:34,914] {processor.py:161} INFO - Processing /home/airflow/.local/lib/python3.7/site-packages/airflow/example_dags/example_sla_dag.py took 0.067 seconds
[2022-12-23 22:53:05,557] {processor.py:153} INFO - Started process (PID=4672) to work on /home/airflow/.local/lib/python3.7/site-packages/airflow/example_dags/example_sla_dag.py
[2022-12-23 22:53:05,558] {processor.py:641} INFO - Processing file /home/airflow/.local/lib/python3.7/site-packages/airflow/example_dags/example_sla_dag.py for tasks to queue
[2022-12-23 22:53:05,560] {logging_mixin.py:115} INFO - [2022-12-23 22:53:05,560] {dagbag.py:507} INFO - Filling up the DagBag from /home/airflow/.local/lib/python3.7/site-packages/airflow/example_dags/example_sla_dag.py
[2022-12-23 22:53:05,575] {processor.py:651} INFO - DAG(s) dict_keys(['example_sla_dag']) retrieved from /home/airflow/.local/lib/python3.7/site-packages/airflow/example_dags/example_sla_dag.py
[2022-12-23 22:53:05,601] {logging_mixin.py:115} INFO - [2022-12-23 22:53:05,601] {dag.py:2371} INFO - Sync 1 DAGs
[2022-12-23 22:53:05,619] {logging_mixin.py:115} INFO - [2022-12-23 22:53:05,619] {dag.py:2919} INFO - Setting next_dagrun for example_sla_dag to 2022-12-23T22:50:00+00:00, run_after=2022-12-23T22:52:00+00:00
[2022-12-23 22:53:05,629] {processor.py:161} INFO - Processing /home/airflow/.local/lib/python3.7/site-packages/airflow/example_dags/example_sla_dag.py took 0.075 seconds
[2022-12-23 22:53:36,163] {processor.py:153} INFO - Started process (PID=4876) to work on /home/airflow/.local/lib/python3.7/site-packages/airflow/example_dags/example_sla_dag.py
[2022-12-23 22:53:36,165] {processor.py:641} INFO - Processing file /home/airflow/.local/lib/python3.7/site-packages/airflow/example_dags/example_sla_dag.py for tasks to queue
[2022-12-23 22:53:36,167] {logging_mixin.py:115} INFO - [2022-12-23 22:53:36,167] {dagbag.py:507} INFO - Filling up the DagBag from /home/airflow/.local/lib/python3.7/site-packages/airflow/example_dags/example_sla_dag.py
[2022-12-23 22:53:36,199] {processor.py:651} INFO - DAG(s) dict_keys(['example_sla_dag']) retrieved from /home/airflow/.local/lib/python3.7/site-packages/airflow/example_dags/example_sla_dag.py
[2022-12-23 22:53:36,261] {logging_mixin.py:115} INFO - [2022-12-23 22:53:36,261] {dag.py:2371} INFO - Sync 1 DAGs
[2022-12-23 22:53:36,303] {logging_mixin.py:115} INFO - [2022-12-23 22:53:36,303] {dag.py:2919} INFO - Setting next_dagrun for example_sla_dag to 2022-12-23T22:50:00+00:00, run_after=2022-12-23T22:52:00+00:00
[2022-12-23 22:53:36,322] {processor.py:161} INFO - Processing /home/airflow/.local/lib/python3.7/site-packages/airflow/example_dags/example_sla_dag.py took 0.162 seconds
[2022-12-23 22:54:07,053] {processor.py:153} INFO - Started process (PID=5068) to work on /home/airflow/.local/lib/python3.7/site-packages/airflow/example_dags/example_sla_dag.py
[2022-12-23 22:54:07,054] {processor.py:641} INFO - Processing file /home/airflow/.local/lib/python3.7/site-packages/airflow/example_dags/example_sla_dag.py for tasks to queue
[2022-12-23 22:54:07,055] {logging_mixin.py:115} INFO - [2022-12-23 22:54:07,055] {dagbag.py:507} INFO - Filling up the DagBag from /home/airflow/.local/lib/python3.7/site-packages/airflow/example_dags/example_sla_dag.py
[2022-12-23 22:54:07,070] {processor.py:651} INFO - DAG(s) dict_keys(['example_sla_dag']) retrieved from /home/airflow/.local/lib/python3.7/site-packages/airflow/example_dags/example_sla_dag.py
[2022-12-23 22:54:07,094] {logging_mixin.py:115} INFO - [2022-12-23 22:54:07,094] {dag.py:2371} INFO - Sync 1 DAGs
[2022-12-23 22:54:07,113] {logging_mixin.py:115} INFO - [2022-12-23 22:54:07,113] {dag.py:2919} INFO - Setting next_dagrun for example_sla_dag to 2022-12-23T22:52:00+00:00, run_after=2022-12-23T22:54:00+00:00
[2022-12-23 22:54:07,122] {processor.py:161} INFO - Processing /home/airflow/.local/lib/python3.7/site-packages/airflow/example_dags/example_sla_dag.py took 0.073 seconds
[2022-12-23 22:54:37,298] {processor.py:153} INFO - Started process (PID=5277) to work on /home/airflow/.local/lib/python3.7/site-packages/airflow/example_dags/example_sla_dag.py
[2022-12-23 22:54:37,299] {processor.py:641} INFO - Processing file /home/airflow/.local/lib/python3.7/site-packages/airflow/example_dags/example_sla_dag.py for tasks to queue
[2022-12-23 22:54:37,300] {logging_mixin.py:115} INFO - [2022-12-23 22:54:37,300] {dagbag.py:507} INFO - Filling up the DagBag from /home/airflow/.local/lib/python3.7/site-packages/airflow/example_dags/example_sla_dag.py
[2022-12-23 22:54:37,313] {processor.py:651} INFO - DAG(s) dict_keys(['example_sla_dag']) retrieved from /home/airflow/.local/lib/python3.7/site-packages/airflow/example_dags/example_sla_dag.py
[2022-12-23 22:54:37,337] {logging_mixin.py:115} INFO - [2022-12-23 22:54:37,337] {dag.py:2371} INFO - Sync 1 DAGs
[2022-12-23 22:54:37,369] {logging_mixin.py:115} INFO - [2022-12-23 22:54:37,369] {dag.py:2919} INFO - Setting next_dagrun for example_sla_dag to 2022-12-23T22:52:00+00:00, run_after=2022-12-23T22:54:00+00:00
[2022-12-23 22:54:37,379] {processor.py:161} INFO - Processing /home/airflow/.local/lib/python3.7/site-packages/airflow/example_dags/example_sla_dag.py took 0.084 seconds
[2022-12-23 22:55:07,607] {processor.py:153} INFO - Started process (PID=5482) to work on /home/airflow/.local/lib/python3.7/site-packages/airflow/example_dags/example_sla_dag.py
[2022-12-23 22:55:07,608] {processor.py:641} INFO - Processing file /home/airflow/.local/lib/python3.7/site-packages/airflow/example_dags/example_sla_dag.py for tasks to queue
[2022-12-23 22:55:07,609] {logging_mixin.py:115} INFO - [2022-12-23 22:55:07,609] {dagbag.py:507} INFO - Filling up the DagBag from /home/airflow/.local/lib/python3.7/site-packages/airflow/example_dags/example_sla_dag.py
[2022-12-23 22:55:07,624] {processor.py:651} INFO - DAG(s) dict_keys(['example_sla_dag']) retrieved from /home/airflow/.local/lib/python3.7/site-packages/airflow/example_dags/example_sla_dag.py
[2022-12-23 22:55:07,648] {logging_mixin.py:115} INFO - [2022-12-23 22:55:07,648] {dag.py:2371} INFO - Sync 1 DAGs
[2022-12-23 22:55:07,665] {logging_mixin.py:115} INFO - [2022-12-23 22:55:07,665] {dag.py:2919} INFO - Setting next_dagrun for example_sla_dag to 2022-12-23T22:52:00+00:00, run_after=2022-12-23T22:54:00+00:00
[2022-12-23 22:55:07,674] {processor.py:161} INFO - Processing /home/airflow/.local/lib/python3.7/site-packages/airflow/example_dags/example_sla_dag.py took 0.070 seconds
[2022-12-23 22:55:37,739] {processor.py:153} INFO - Started process (PID=5688) to work on /home/airflow/.local/lib/python3.7/site-packages/airflow/example_dags/example_sla_dag.py
[2022-12-23 22:55:37,740] {processor.py:641} INFO - Processing file /home/airflow/.local/lib/python3.7/site-packages/airflow/example_dags/example_sla_dag.py for tasks to queue
[2022-12-23 22:55:37,741] {logging_mixin.py:115} INFO - [2022-12-23 22:55:37,741] {dagbag.py:507} INFO - Filling up the DagBag from /home/airflow/.local/lib/python3.7/site-packages/airflow/example_dags/example_sla_dag.py
[2022-12-23 22:55:37,754] {processor.py:651} INFO - DAG(s) dict_keys(['example_sla_dag']) retrieved from /home/airflow/.local/lib/python3.7/site-packages/airflow/example_dags/example_sla_dag.py
[2022-12-23 22:55:37,777] {logging_mixin.py:115} INFO - [2022-12-23 22:55:37,777] {dag.py:2371} INFO - Sync 1 DAGs
[2022-12-23 22:55:37,795] {logging_mixin.py:115} INFO - [2022-12-23 22:55:37,795] {dag.py:2919} INFO - Setting next_dagrun for example_sla_dag to 2022-12-23T22:52:00+00:00, run_after=2022-12-23T22:54:00+00:00
[2022-12-23 22:55:37,802] {processor.py:161} INFO - Processing /home/airflow/.local/lib/python3.7/site-packages/airflow/example_dags/example_sla_dag.py took 0.066 seconds
[2022-12-23 22:56:08,172] {processor.py:153} INFO - Started process (PID=5888) to work on /home/airflow/.local/lib/python3.7/site-packages/airflow/example_dags/example_sla_dag.py
[2022-12-23 22:56:08,173] {processor.py:641} INFO - Processing file /home/airflow/.local/lib/python3.7/site-packages/airflow/example_dags/example_sla_dag.py for tasks to queue
[2022-12-23 22:56:08,174] {logging_mixin.py:115} INFO - [2022-12-23 22:56:08,174] {dagbag.py:507} INFO - Filling up the DagBag from /home/airflow/.local/lib/python3.7/site-packages/airflow/example_dags/example_sla_dag.py
[2022-12-23 22:56:08,187] {processor.py:651} INFO - DAG(s) dict_keys(['example_sla_dag']) retrieved from /home/airflow/.local/lib/python3.7/site-packages/airflow/example_dags/example_sla_dag.py
[2022-12-23 22:56:08,210] {logging_mixin.py:115} INFO - [2022-12-23 22:56:08,210] {dag.py:2371} INFO - Sync 1 DAGs
[2022-12-23 22:56:08,227] {logging_mixin.py:115} INFO - [2022-12-23 22:56:08,227] {dag.py:2919} INFO - Setting next_dagrun for example_sla_dag to 2022-12-23T22:54:00+00:00, run_after=2022-12-23T22:56:00+00:00
[2022-12-23 22:56:08,236] {processor.py:161} INFO - Processing /home/airflow/.local/lib/python3.7/site-packages/airflow/example_dags/example_sla_dag.py took 0.067 seconds
[2022-12-23 22:56:38,498] {processor.py:153} INFO - Started process (PID=6092) to work on /home/airflow/.local/lib/python3.7/site-packages/airflow/example_dags/example_sla_dag.py
[2022-12-23 22:56:38,499] {processor.py:641} INFO - Processing file /home/airflow/.local/lib/python3.7/site-packages/airflow/example_dags/example_sla_dag.py for tasks to queue
[2022-12-23 22:56:38,501] {logging_mixin.py:115} INFO - [2022-12-23 22:56:38,500] {dagbag.py:507} INFO - Filling up the DagBag from /home/airflow/.local/lib/python3.7/site-packages/airflow/example_dags/example_sla_dag.py
[2022-12-23 22:56:38,515] {processor.py:651} INFO - DAG(s) dict_keys(['example_sla_dag']) retrieved from /home/airflow/.local/lib/python3.7/site-packages/airflow/example_dags/example_sla_dag.py
[2022-12-23 22:56:38,541] {logging_mixin.py:115} INFO - [2022-12-23 22:56:38,541] {dag.py:2371} INFO - Sync 1 DAGs
[2022-12-23 22:56:38,560] {logging_mixin.py:115} INFO - [2022-12-23 22:56:38,560] {dag.py:2919} INFO - Setting next_dagrun for example_sla_dag to 2022-12-23T22:54:00+00:00, run_after=2022-12-23T22:56:00+00:00
[2022-12-23 22:56:38,569] {processor.py:161} INFO - Processing /home/airflow/.local/lib/python3.7/site-packages/airflow/example_dags/example_sla_dag.py took 0.074 seconds
[2022-12-23 22:57:08,834] {processor.py:153} INFO - Started process (PID=6294) to work on /home/airflow/.local/lib/python3.7/site-packages/airflow/example_dags/example_sla_dag.py
[2022-12-23 22:57:08,836] {processor.py:641} INFO - Processing file /home/airflow/.local/lib/python3.7/site-packages/airflow/example_dags/example_sla_dag.py for tasks to queue
[2022-12-23 22:57:08,836] {logging_mixin.py:115} INFO - [2022-12-23 22:57:08,836] {dagbag.py:507} INFO - Filling up the DagBag from /home/airflow/.local/lib/python3.7/site-packages/airflow/example_dags/example_sla_dag.py
[2022-12-23 22:57:08,850] {processor.py:651} INFO - DAG(s) dict_keys(['example_sla_dag']) retrieved from /home/airflow/.local/lib/python3.7/site-packages/airflow/example_dags/example_sla_dag.py
[2022-12-23 22:57:08,874] {logging_mixin.py:115} INFO - [2022-12-23 22:57:08,874] {dag.py:2371} INFO - Sync 1 DAGs
[2022-12-23 22:57:08,891] {logging_mixin.py:115} INFO - [2022-12-23 22:57:08,891] {dag.py:2919} INFO - Setting next_dagrun for example_sla_dag to 2022-12-23T22:54:00+00:00, run_after=2022-12-23T22:56:00+00:00
[2022-12-23 22:57:08,899] {processor.py:161} INFO - Processing /home/airflow/.local/lib/python3.7/site-packages/airflow/example_dags/example_sla_dag.py took 0.069 seconds
[2022-12-23 22:57:39,067] {processor.py:153} INFO - Started process (PID=6497) to work on /home/airflow/.local/lib/python3.7/site-packages/airflow/example_dags/example_sla_dag.py
[2022-12-23 22:57:39,069] {processor.py:641} INFO - Processing file /home/airflow/.local/lib/python3.7/site-packages/airflow/example_dags/example_sla_dag.py for tasks to queue
[2022-12-23 22:57:39,069] {logging_mixin.py:115} INFO - [2022-12-23 22:57:39,069] {dagbag.py:507} INFO - Filling up the DagBag from /home/airflow/.local/lib/python3.7/site-packages/airflow/example_dags/example_sla_dag.py
[2022-12-23 22:57:39,084] {processor.py:651} INFO - DAG(s) dict_keys(['example_sla_dag']) retrieved from /home/airflow/.local/lib/python3.7/site-packages/airflow/example_dags/example_sla_dag.py
[2022-12-23 22:57:39,108] {logging_mixin.py:115} INFO - [2022-12-23 22:57:39,107] {dag.py:2371} INFO - Sync 1 DAGs
[2022-12-23 22:57:39,125] {logging_mixin.py:115} INFO - [2022-12-23 22:57:39,125] {dag.py:2919} INFO - Setting next_dagrun for example_sla_dag to 2022-12-23T22:54:00+00:00, run_after=2022-12-23T22:56:00+00:00
[2022-12-23 22:57:39,133] {processor.py:161} INFO - Processing /home/airflow/.local/lib/python3.7/site-packages/airflow/example_dags/example_sla_dag.py took 0.069 seconds
[2022-12-23 22:58:09,538] {processor.py:153} INFO - Started process (PID=6695) to work on /home/airflow/.local/lib/python3.7/site-packages/airflow/example_dags/example_sla_dag.py
[2022-12-23 22:58:09,539] {processor.py:641} INFO - Processing file /home/airflow/.local/lib/python3.7/site-packages/airflow/example_dags/example_sla_dag.py for tasks to queue
[2022-12-23 22:58:09,540] {logging_mixin.py:115} INFO - [2022-12-23 22:58:09,540] {dagbag.py:507} INFO - Filling up the DagBag from /home/airflow/.local/lib/python3.7/site-packages/airflow/example_dags/example_sla_dag.py
[2022-12-23 22:58:09,553] {processor.py:651} INFO - DAG(s) dict_keys(['example_sla_dag']) retrieved from /home/airflow/.local/lib/python3.7/site-packages/airflow/example_dags/example_sla_dag.py
[2022-12-23 22:58:09,576] {logging_mixin.py:115} INFO - [2022-12-23 22:58:09,576] {dag.py:2371} INFO - Sync 1 DAGs
[2022-12-23 22:58:09,594] {logging_mixin.py:115} INFO - [2022-12-23 22:58:09,594] {dag.py:2919} INFO - Setting next_dagrun for example_sla_dag to 2022-12-23T22:56:00+00:00, run_after=2022-12-23T22:58:00+00:00
[2022-12-23 22:58:09,602] {processor.py:161} INFO - Processing /home/airflow/.local/lib/python3.7/site-packages/airflow/example_dags/example_sla_dag.py took 0.067 seconds
[2022-12-23 22:58:39,658] {processor.py:153} INFO - Started process (PID=6897) to work on /home/airflow/.local/lib/python3.7/site-packages/airflow/example_dags/example_sla_dag.py
[2022-12-23 22:58:39,659] {processor.py:641} INFO - Processing file /home/airflow/.local/lib/python3.7/site-packages/airflow/example_dags/example_sla_dag.py for tasks to queue
[2022-12-23 22:58:39,660] {logging_mixin.py:115} INFO - [2022-12-23 22:58:39,660] {dagbag.py:507} INFO - Filling up the DagBag from /home/airflow/.local/lib/python3.7/site-packages/airflow/example_dags/example_sla_dag.py
[2022-12-23 22:58:39,675] {processor.py:651} INFO - DAG(s) dict_keys(['example_sla_dag']) retrieved from /home/airflow/.local/lib/python3.7/site-packages/airflow/example_dags/example_sla_dag.py
[2022-12-23 22:58:39,699] {logging_mixin.py:115} INFO - [2022-12-23 22:58:39,699] {dag.py:2371} INFO - Sync 1 DAGs
[2022-12-23 22:58:39,718] {logging_mixin.py:115} INFO - [2022-12-23 22:58:39,718] {dag.py:2919} INFO - Setting next_dagrun for example_sla_dag to 2022-12-23T22:56:00+00:00, run_after=2022-12-23T22:58:00+00:00
[2022-12-23 22:58:39,725] {processor.py:161} INFO - Processing /home/airflow/.local/lib/python3.7/site-packages/airflow/example_dags/example_sla_dag.py took 0.070 seconds
[2022-12-23 22:59:09,795] {processor.py:153} INFO - Started process (PID=7100) to work on /home/airflow/.local/lib/python3.7/site-packages/airflow/example_dags/example_sla_dag.py
[2022-12-23 22:59:09,796] {processor.py:641} INFO - Processing file /home/airflow/.local/lib/python3.7/site-packages/airflow/example_dags/example_sla_dag.py for tasks to queue
[2022-12-23 22:59:09,797] {logging_mixin.py:115} INFO - [2022-12-23 22:59:09,797] {dagbag.py:507} INFO - Filling up the DagBag from /home/airflow/.local/lib/python3.7/site-packages/airflow/example_dags/example_sla_dag.py
[2022-12-23 22:59:09,810] {processor.py:651} INFO - DAG(s) dict_keys(['example_sla_dag']) retrieved from /home/airflow/.local/lib/python3.7/site-packages/airflow/example_dags/example_sla_dag.py
[2022-12-23 22:59:09,833] {logging_mixin.py:115} INFO - [2022-12-23 22:59:09,832] {dag.py:2371} INFO - Sync 1 DAGs
[2022-12-23 22:59:09,850] {logging_mixin.py:115} INFO - [2022-12-23 22:59:09,850] {dag.py:2919} INFO - Setting next_dagrun for example_sla_dag to 2022-12-23T22:56:00+00:00, run_after=2022-12-23T22:58:00+00:00
[2022-12-23 22:59:09,858] {processor.py:161} INFO - Processing /home/airflow/.local/lib/python3.7/site-packages/airflow/example_dags/example_sla_dag.py took 0.066 seconds
[2022-12-23 22:59:40,198] {processor.py:153} INFO - Started process (PID=7306) to work on /home/airflow/.local/lib/python3.7/site-packages/airflow/example_dags/example_sla_dag.py
[2022-12-23 22:59:40,199] {processor.py:641} INFO - Processing file /home/airflow/.local/lib/python3.7/site-packages/airflow/example_dags/example_sla_dag.py for tasks to queue
[2022-12-23 22:59:40,200] {logging_mixin.py:115} INFO - [2022-12-23 22:59:40,200] {dagbag.py:507} INFO - Filling up the DagBag from /home/airflow/.local/lib/python3.7/site-packages/airflow/example_dags/example_sla_dag.py
[2022-12-23 22:59:40,214] {processor.py:651} INFO - DAG(s) dict_keys(['example_sla_dag']) retrieved from /home/airflow/.local/lib/python3.7/site-packages/airflow/example_dags/example_sla_dag.py
[2022-12-23 22:59:40,239] {logging_mixin.py:115} INFO - [2022-12-23 22:59:40,239] {dag.py:2371} INFO - Sync 1 DAGs
[2022-12-23 22:59:40,257] {logging_mixin.py:115} INFO - [2022-12-23 22:59:40,257] {dag.py:2919} INFO - Setting next_dagrun for example_sla_dag to 2022-12-23T22:56:00+00:00, run_after=2022-12-23T22:58:00+00:00
[2022-12-23 22:59:40,265] {processor.py:161} INFO - Processing /home/airflow/.local/lib/python3.7/site-packages/airflow/example_dags/example_sla_dag.py took 0.070 seconds
[2022-12-23 23:00:10,400] {processor.py:153} INFO - Started process (PID=7499) to work on /home/airflow/.local/lib/python3.7/site-packages/airflow/example_dags/example_sla_dag.py
[2022-12-23 23:00:10,401] {processor.py:641} INFO - Processing file /home/airflow/.local/lib/python3.7/site-packages/airflow/example_dags/example_sla_dag.py for tasks to queue
[2022-12-23 23:00:10,402] {logging_mixin.py:115} INFO - [2022-12-23 23:00:10,402] {dagbag.py:507} INFO - Filling up the DagBag from /home/airflow/.local/lib/python3.7/site-packages/airflow/example_dags/example_sla_dag.py
[2022-12-23 23:00:10,417] {processor.py:651} INFO - DAG(s) dict_keys(['example_sla_dag']) retrieved from /home/airflow/.local/lib/python3.7/site-packages/airflow/example_dags/example_sla_dag.py
[2022-12-23 23:00:10,441] {logging_mixin.py:115} INFO - [2022-12-23 23:00:10,441] {dag.py:2371} INFO - Sync 1 DAGs
[2022-12-23 23:00:10,459] {logging_mixin.py:115} INFO - [2022-12-23 23:00:10,459] {dag.py:2919} INFO - Setting next_dagrun for example_sla_dag to 2022-12-23T22:58:00+00:00, run_after=2022-12-23T23:00:00+00:00
[2022-12-23 23:00:10,468] {processor.py:161} INFO - Processing /home/airflow/.local/lib/python3.7/site-packages/airflow/example_dags/example_sla_dag.py took 0.071 seconds
[2022-12-23 23:00:40,676] {processor.py:153} INFO - Started process (PID=7705) to work on /home/airflow/.local/lib/python3.7/site-packages/airflow/example_dags/example_sla_dag.py
[2022-12-23 23:00:40,677] {processor.py:641} INFO - Processing file /home/airflow/.local/lib/python3.7/site-packages/airflow/example_dags/example_sla_dag.py for tasks to queue
[2022-12-23 23:00:40,678] {logging_mixin.py:115} INFO - [2022-12-23 23:00:40,678] {dagbag.py:507} INFO - Filling up the DagBag from /home/airflow/.local/lib/python3.7/site-packages/airflow/example_dags/example_sla_dag.py
[2022-12-23 23:00:40,691] {processor.py:651} INFO - DAG(s) dict_keys(['example_sla_dag']) retrieved from /home/airflow/.local/lib/python3.7/site-packages/airflow/example_dags/example_sla_dag.py
[2022-12-23 23:00:40,715] {logging_mixin.py:115} INFO - [2022-12-23 23:00:40,715] {dag.py:2371} INFO - Sync 1 DAGs
[2022-12-23 23:00:40,733] {logging_mixin.py:115} INFO - [2022-12-23 23:00:40,733] {dag.py:2919} INFO - Setting next_dagrun for example_sla_dag to 2022-12-23T22:58:00+00:00, run_after=2022-12-23T23:00:00+00:00
[2022-12-23 23:00:40,742] {processor.py:161} INFO - Processing /home/airflow/.local/lib/python3.7/site-packages/airflow/example_dags/example_sla_dag.py took 0.069 seconds
[2022-12-23 23:01:10,953] {processor.py:153} INFO - Started process (PID=7906) to work on /home/airflow/.local/lib/python3.7/site-packages/airflow/example_dags/example_sla_dag.py
[2022-12-23 23:01:10,954] {processor.py:641} INFO - Processing file /home/airflow/.local/lib/python3.7/site-packages/airflow/example_dags/example_sla_dag.py for tasks to queue
[2022-12-23 23:01:10,955] {logging_mixin.py:115} INFO - [2022-12-23 23:01:10,955] {dagbag.py:507} INFO - Filling up the DagBag from /home/airflow/.local/lib/python3.7/site-packages/airflow/example_dags/example_sla_dag.py
[2022-12-23 23:01:10,970] {processor.py:651} INFO - DAG(s) dict_keys(['example_sla_dag']) retrieved from /home/airflow/.local/lib/python3.7/site-packages/airflow/example_dags/example_sla_dag.py
[2022-12-23 23:01:11,005] {logging_mixin.py:115} INFO - [2022-12-23 23:01:11,005] {dag.py:2371} INFO - Sync 1 DAGs
[2022-12-23 23:01:11,023] {logging_mixin.py:115} INFO - [2022-12-23 23:01:11,023] {dag.py:2919} INFO - Setting next_dagrun for example_sla_dag to 2022-12-23T22:58:00+00:00, run_after=2022-12-23T23:00:00+00:00
[2022-12-23 23:01:11,033] {processor.py:161} INFO - Processing /home/airflow/.local/lib/python3.7/site-packages/airflow/example_dags/example_sla_dag.py took 0.082 seconds
[2022-12-23 23:03:24,197] {processor.py:153} INFO - Started process (PID=55) to work on /home/airflow/.local/lib/python3.7/site-packages/airflow/example_dags/example_sla_dag.py
[2022-12-23 23:03:24,199] {processor.py:641} INFO - Processing file /home/airflow/.local/lib/python3.7/site-packages/airflow/example_dags/example_sla_dag.py for tasks to queue
[2022-12-23 23:03:24,200] {logging_mixin.py:115} INFO - [2022-12-23 23:03:24,200] {dagbag.py:507} INFO - Filling up the DagBag from /home/airflow/.local/lib/python3.7/site-packages/airflow/example_dags/example_sla_dag.py
[2022-12-23 23:03:24,219] {processor.py:651} INFO - DAG(s) dict_keys(['example_sla_dag']) retrieved from /home/airflow/.local/lib/python3.7/site-packages/airflow/example_dags/example_sla_dag.py
[2022-12-23 23:03:24,566] {logging_mixin.py:115} INFO - [2022-12-23 23:03:24,566] {manager.py:508} INFO - Created Permission View: can read on DAG:example_sla_dag
[2022-12-23 23:03:24,581] {logging_mixin.py:115} INFO - [2022-12-23 23:03:24,581] {manager.py:508} INFO - Created Permission View: can edit on DAG:example_sla_dag
[2022-12-23 23:03:24,593] {logging_mixin.py:115} INFO - [2022-12-23 23:03:24,593] {manager.py:508} INFO - Created Permission View: can delete on DAG:example_sla_dag
[2022-12-23 23:03:24,597] {logging_mixin.py:115} INFO - [2022-12-23 23:03:24,597] {dag.py:2371} INFO - Sync 1 DAGs
[2022-12-23 23:03:24,613] {logging_mixin.py:115} INFO - [2022-12-23 23:03:24,613] {dag.py:2390} INFO - Creating ORM DAG for example_sla_dag
[2022-12-23 23:03:24,630] {logging_mixin.py:115} INFO - [2022-12-23 23:03:24,630] {dag.py:2919} INFO - Setting next_dagrun for example_sla_dag to 2022-12-23T23:00:00+00:00, run_after=2022-12-23T23:02:00+00:00
[2022-12-23 23:03:24,654] {processor.py:161} INFO - Processing /home/airflow/.local/lib/python3.7/site-packages/airflow/example_dags/example_sla_dag.py took 0.462 seconds
[2022-12-23 23:03:55,034] {processor.py:153} INFO - Started process (PID=116) to work on /home/airflow/.local/lib/python3.7/site-packages/airflow/example_dags/example_sla_dag.py
[2022-12-23 23:03:55,036] {processor.py:641} INFO - Processing file /home/airflow/.local/lib/python3.7/site-packages/airflow/example_dags/example_sla_dag.py for tasks to queue
[2022-12-23 23:03:55,037] {logging_mixin.py:115} INFO - [2022-12-23 23:03:55,037] {dagbag.py:507} INFO - Filling up the DagBag from /home/airflow/.local/lib/python3.7/site-packages/airflow/example_dags/example_sla_dag.py
[2022-12-23 23:03:55,051] {processor.py:651} INFO - DAG(s) dict_keys(['example_sla_dag']) retrieved from /home/airflow/.local/lib/python3.7/site-packages/airflow/example_dags/example_sla_dag.py
[2022-12-23 23:03:55,075] {logging_mixin.py:115} INFO - [2022-12-23 23:03:55,075] {dag.py:2371} INFO - Sync 1 DAGs
[2022-12-23 23:03:55,197] {logging_mixin.py:115} INFO - [2022-12-23 23:03:55,197] {dag.py:2919} INFO - Setting next_dagrun for example_sla_dag to 2022-12-23T23:00:00+00:00, run_after=2022-12-23T23:02:00+00:00
[2022-12-23 23:03:55,205] {processor.py:161} INFO - Processing /home/airflow/.local/lib/python3.7/site-packages/airflow/example_dags/example_sla_dag.py took 0.174 seconds
[2022-12-23 23:04:25,611] {processor.py:153} INFO - Started process (PID=172) to work on /home/airflow/.local/lib/python3.7/site-packages/airflow/example_dags/example_sla_dag.py
[2022-12-23 23:04:25,613] {processor.py:641} INFO - Processing file /home/airflow/.local/lib/python3.7/site-packages/airflow/example_dags/example_sla_dag.py for tasks to queue
[2022-12-23 23:04:25,614] {logging_mixin.py:115} INFO - [2022-12-23 23:04:25,614] {dagbag.py:507} INFO - Filling up the DagBag from /home/airflow/.local/lib/python3.7/site-packages/airflow/example_dags/example_sla_dag.py
[2022-12-23 23:04:25,629] {processor.py:651} INFO - DAG(s) dict_keys(['example_sla_dag']) retrieved from /home/airflow/.local/lib/python3.7/site-packages/airflow/example_dags/example_sla_dag.py
[2022-12-23 23:04:25,655] {logging_mixin.py:115} INFO - [2022-12-23 23:04:25,655] {dag.py:2371} INFO - Sync 1 DAGs
[2022-12-23 23:04:25,781] {logging_mixin.py:115} INFO - [2022-12-23 23:04:25,781] {dag.py:2919} INFO - Setting next_dagrun for example_sla_dag to 2022-12-23T23:02:00+00:00, run_after=2022-12-23T23:04:00+00:00
[2022-12-23 23:04:25,789] {processor.py:161} INFO - Processing /home/airflow/.local/lib/python3.7/site-packages/airflow/example_dags/example_sla_dag.py took 0.182 seconds
[2022-12-23 23:04:55,970] {processor.py:153} INFO - Started process (PID=236) to work on /home/airflow/.local/lib/python3.7/site-packages/airflow/example_dags/example_sla_dag.py
[2022-12-23 23:04:55,971] {processor.py:641} INFO - Processing file /home/airflow/.local/lib/python3.7/site-packages/airflow/example_dags/example_sla_dag.py for tasks to queue
[2022-12-23 23:04:55,972] {logging_mixin.py:115} INFO - [2022-12-23 23:04:55,972] {dagbag.py:507} INFO - Filling up the DagBag from /home/airflow/.local/lib/python3.7/site-packages/airflow/example_dags/example_sla_dag.py
[2022-12-23 23:04:55,985] {processor.py:651} INFO - DAG(s) dict_keys(['example_sla_dag']) retrieved from /home/airflow/.local/lib/python3.7/site-packages/airflow/example_dags/example_sla_dag.py
[2022-12-23 23:04:56,007] {logging_mixin.py:115} INFO - [2022-12-23 23:04:56,007] {dag.py:2371} INFO - Sync 1 DAGs
[2022-12-23 23:04:56,131] {logging_mixin.py:115} INFO - [2022-12-23 23:04:56,131] {dag.py:2919} INFO - Setting next_dagrun for example_sla_dag to 2022-12-23T23:02:00+00:00, run_after=2022-12-23T23:04:00+00:00
[2022-12-23 23:04:56,138] {processor.py:161} INFO - Processing /home/airflow/.local/lib/python3.7/site-packages/airflow/example_dags/example_sla_dag.py took 0.171 seconds
[2022-12-23 23:05:26,257] {processor.py:153} INFO - Started process (PID=299) to work on /home/airflow/.local/lib/python3.7/site-packages/airflow/example_dags/example_sla_dag.py
[2022-12-23 23:05:26,258] {processor.py:641} INFO - Processing file /home/airflow/.local/lib/python3.7/site-packages/airflow/example_dags/example_sla_dag.py for tasks to queue
[2022-12-23 23:05:26,259] {logging_mixin.py:115} INFO - [2022-12-23 23:05:26,259] {dagbag.py:507} INFO - Filling up the DagBag from /home/airflow/.local/lib/python3.7/site-packages/airflow/example_dags/example_sla_dag.py
[2022-12-23 23:05:26,273] {processor.py:651} INFO - DAG(s) dict_keys(['example_sla_dag']) retrieved from /home/airflow/.local/lib/python3.7/site-packages/airflow/example_dags/example_sla_dag.py
[2022-12-23 23:05:26,299] {logging_mixin.py:115} INFO - [2022-12-23 23:05:26,299] {dag.py:2371} INFO - Sync 1 DAGs
[2022-12-23 23:05:26,426] {logging_mixin.py:115} INFO - [2022-12-23 23:05:26,426] {dag.py:2919} INFO - Setting next_dagrun for example_sla_dag to 2022-12-23T23:02:00+00:00, run_after=2022-12-23T23:04:00+00:00
[2022-12-23 23:05:26,434] {processor.py:161} INFO - Processing /home/airflow/.local/lib/python3.7/site-packages/airflow/example_dags/example_sla_dag.py took 0.180 seconds
[2022-12-23 23:05:56,747] {processor.py:153} INFO - Started process (PID=361) to work on /home/airflow/.local/lib/python3.7/site-packages/airflow/example_dags/example_sla_dag.py
[2022-12-23 23:05:56,749] {processor.py:641} INFO - Processing file /home/airflow/.local/lib/python3.7/site-packages/airflow/example_dags/example_sla_dag.py for tasks to queue
[2022-12-23 23:05:56,750] {logging_mixin.py:115} INFO - [2022-12-23 23:05:56,750] {dagbag.py:507} INFO - Filling up the DagBag from /home/airflow/.local/lib/python3.7/site-packages/airflow/example_dags/example_sla_dag.py
[2022-12-23 23:05:56,764] {processor.py:651} INFO - DAG(s) dict_keys(['example_sla_dag']) retrieved from /home/airflow/.local/lib/python3.7/site-packages/airflow/example_dags/example_sla_dag.py
[2022-12-23 23:05:56,788] {logging_mixin.py:115} INFO - [2022-12-23 23:05:56,788] {dag.py:2371} INFO - Sync 1 DAGs
[2022-12-23 23:05:56,904] {logging_mixin.py:115} INFO - [2022-12-23 23:05:56,904] {dag.py:2919} INFO - Setting next_dagrun for example_sla_dag to 2022-12-23T23:02:00+00:00, run_after=2022-12-23T23:04:00+00:00
[2022-12-23 23:05:56,911] {processor.py:161} INFO - Processing /home/airflow/.local/lib/python3.7/site-packages/airflow/example_dags/example_sla_dag.py took 0.167 seconds
[2022-12-23 23:06:27,174] {processor.py:153} INFO - Started process (PID=416) to work on /home/airflow/.local/lib/python3.7/site-packages/airflow/example_dags/example_sla_dag.py
[2022-12-23 23:06:27,175] {processor.py:641} INFO - Processing file /home/airflow/.local/lib/python3.7/site-packages/airflow/example_dags/example_sla_dag.py for tasks to queue
[2022-12-23 23:06:27,176] {logging_mixin.py:115} INFO - [2022-12-23 23:06:27,176] {dagbag.py:507} INFO - Filling up the DagBag from /home/airflow/.local/lib/python3.7/site-packages/airflow/example_dags/example_sla_dag.py
[2022-12-23 23:06:27,189] {processor.py:651} INFO - DAG(s) dict_keys(['example_sla_dag']) retrieved from /home/airflow/.local/lib/python3.7/site-packages/airflow/example_dags/example_sla_dag.py
[2022-12-23 23:06:27,212] {logging_mixin.py:115} INFO - [2022-12-23 23:06:27,212] {dag.py:2371} INFO - Sync 1 DAGs
[2022-12-23 23:06:27,332] {logging_mixin.py:115} INFO - [2022-12-23 23:06:27,332] {dag.py:2919} INFO - Setting next_dagrun for example_sla_dag to 2022-12-23T23:04:00+00:00, run_after=2022-12-23T23:06:00+00:00
[2022-12-23 23:06:27,342] {processor.py:161} INFO - Processing /home/airflow/.local/lib/python3.7/site-packages/airflow/example_dags/example_sla_dag.py took 0.171 seconds
[2022-12-23 23:06:57,689] {processor.py:153} INFO - Started process (PID=478) to work on /home/airflow/.local/lib/python3.7/site-packages/airflow/example_dags/example_sla_dag.py
[2022-12-23 23:06:57,690] {processor.py:641} INFO - Processing file /home/airflow/.local/lib/python3.7/site-packages/airflow/example_dags/example_sla_dag.py for tasks to queue
[2022-12-23 23:06:57,691] {logging_mixin.py:115} INFO - [2022-12-23 23:06:57,691] {dagbag.py:507} INFO - Filling up the DagBag from /home/airflow/.local/lib/python3.7/site-packages/airflow/example_dags/example_sla_dag.py
[2022-12-23 23:06:57,705] {processor.py:651} INFO - DAG(s) dict_keys(['example_sla_dag']) retrieved from /home/airflow/.local/lib/python3.7/site-packages/airflow/example_dags/example_sla_dag.py
[2022-12-23 23:06:57,728] {logging_mixin.py:115} INFO - [2022-12-23 23:06:57,728] {dag.py:2371} INFO - Sync 1 DAGs
[2022-12-23 23:06:57,841] {logging_mixin.py:115} INFO - [2022-12-23 23:06:57,841] {dag.py:2919} INFO - Setting next_dagrun for example_sla_dag to 2022-12-23T23:04:00+00:00, run_after=2022-12-23T23:06:00+00:00
[2022-12-23 23:06:57,848] {processor.py:161} INFO - Processing /home/airflow/.local/lib/python3.7/site-packages/airflow/example_dags/example_sla_dag.py took 0.162 seconds
[2022-12-23 23:07:28,158] {processor.py:153} INFO - Started process (PID=541) to work on /home/airflow/.local/lib/python3.7/site-packages/airflow/example_dags/example_sla_dag.py
[2022-12-23 23:07:28,159] {processor.py:641} INFO - Processing file /home/airflow/.local/lib/python3.7/site-packages/airflow/example_dags/example_sla_dag.py for tasks to queue
[2022-12-23 23:07:28,162] {logging_mixin.py:115} INFO - [2022-12-23 23:07:28,161] {dagbag.py:507} INFO - Filling up the DagBag from /home/airflow/.local/lib/python3.7/site-packages/airflow/example_dags/example_sla_dag.py
[2022-12-23 23:07:28,176] {processor.py:651} INFO - DAG(s) dict_keys(['example_sla_dag']) retrieved from /home/airflow/.local/lib/python3.7/site-packages/airflow/example_dags/example_sla_dag.py
[2022-12-23 23:07:28,202] {logging_mixin.py:115} INFO - [2022-12-23 23:07:28,202] {dag.py:2371} INFO - Sync 1 DAGs
[2022-12-23 23:07:28,352] {logging_mixin.py:115} INFO - [2022-12-23 23:07:28,352] {dag.py:2919} INFO - Setting next_dagrun for example_sla_dag to 2022-12-23T23:04:00+00:00, run_after=2022-12-23T23:06:00+00:00
[2022-12-23 23:07:28,360] {processor.py:161} INFO - Processing /home/airflow/.local/lib/python3.7/site-packages/airflow/example_dags/example_sla_dag.py took 0.205 seconds
[2022-12-23 23:07:58,393] {processor.py:153} INFO - Started process (PID=605) to work on /home/airflow/.local/lib/python3.7/site-packages/airflow/example_dags/example_sla_dag.py
[2022-12-23 23:07:58,395] {processor.py:641} INFO - Processing file /home/airflow/.local/lib/python3.7/site-packages/airflow/example_dags/example_sla_dag.py for tasks to queue
[2022-12-23 23:07:58,396] {logging_mixin.py:115} INFO - [2022-12-23 23:07:58,396] {dagbag.py:507} INFO - Filling up the DagBag from /home/airflow/.local/lib/python3.7/site-packages/airflow/example_dags/example_sla_dag.py
[2022-12-23 23:07:58,409] {processor.py:651} INFO - DAG(s) dict_keys(['example_sla_dag']) retrieved from /home/airflow/.local/lib/python3.7/site-packages/airflow/example_dags/example_sla_dag.py
[2022-12-23 23:07:58,432] {logging_mixin.py:115} INFO - [2022-12-23 23:07:58,432] {dag.py:2371} INFO - Sync 1 DAGs
[2022-12-23 23:07:58,544] {logging_mixin.py:115} INFO - [2022-12-23 23:07:58,544] {dag.py:2919} INFO - Setting next_dagrun for example_sla_dag to 2022-12-23T23:04:00+00:00, run_after=2022-12-23T23:06:00+00:00
[2022-12-23 23:07:58,551] {processor.py:161} INFO - Processing /home/airflow/.local/lib/python3.7/site-packages/airflow/example_dags/example_sla_dag.py took 0.160 seconds
[2022-12-23 23:08:28,938] {processor.py:153} INFO - Started process (PID=660) to work on /home/airflow/.local/lib/python3.7/site-packages/airflow/example_dags/example_sla_dag.py
[2022-12-23 23:08:28,939] {processor.py:641} INFO - Processing file /home/airflow/.local/lib/python3.7/site-packages/airflow/example_dags/example_sla_dag.py for tasks to queue
[2022-12-23 23:08:28,940] {logging_mixin.py:115} INFO - [2022-12-23 23:08:28,940] {dagbag.py:507} INFO - Filling up the DagBag from /home/airflow/.local/lib/python3.7/site-packages/airflow/example_dags/example_sla_dag.py
[2022-12-23 23:08:28,953] {processor.py:651} INFO - DAG(s) dict_keys(['example_sla_dag']) retrieved from /home/airflow/.local/lib/python3.7/site-packages/airflow/example_dags/example_sla_dag.py
[2022-12-23 23:08:28,979] {logging_mixin.py:115} INFO - [2022-12-23 23:08:28,978] {dag.py:2371} INFO - Sync 1 DAGs
[2022-12-23 23:08:29,087] {logging_mixin.py:115} INFO - [2022-12-23 23:08:29,086] {dag.py:2919} INFO - Setting next_dagrun for example_sla_dag to 2022-12-23T23:06:00+00:00, run_after=2022-12-23T23:08:00+00:00
[2022-12-23 23:08:29,094] {processor.py:161} INFO - Processing /home/airflow/.local/lib/python3.7/site-packages/airflow/example_dags/example_sla_dag.py took 0.158 seconds
