[2022-12-23 22:41:51,012] {processor.py:153} INFO - Started process (PID=185) to work on /home/airflow/.local/lib/python3.7/site-packages/airflow/example_dags/tutorial_etl_dag.py
[2022-12-23 22:41:51,013] {processor.py:641} INFO - Processing file /home/airflow/.local/lib/python3.7/site-packages/airflow/example_dags/tutorial_etl_dag.py for tasks to queue
[2022-12-23 22:41:51,014] {logging_mixin.py:115} INFO - [2022-12-23 22:41:51,014] {dagbag.py:507} INFO - Filling up the DagBag from /home/airflow/.local/lib/python3.7/site-packages/airflow/example_dags/tutorial_etl_dag.py
[2022-12-23 22:41:51,034] {processor.py:651} INFO - DAG(s) dict_keys(['tutorial_etl_dag']) retrieved from /home/airflow/.local/lib/python3.7/site-packages/airflow/example_dags/tutorial_etl_dag.py
[2022-12-23 22:41:51,217] {logging_mixin.py:115} INFO - [2022-12-23 22:41:51,217] {manager.py:508} INFO - Created Permission View: can delete on DAG:tutorial_etl_dag
[2022-12-23 22:41:51,231] {logging_mixin.py:115} INFO - [2022-12-23 22:41:51,231] {manager.py:508} INFO - Created Permission View: can edit on DAG:tutorial_etl_dag
[2022-12-23 22:41:51,240] {logging_mixin.py:115} INFO - [2022-12-23 22:41:51,240] {manager.py:508} INFO - Created Permission View: can read on DAG:tutorial_etl_dag
[2022-12-23 22:41:51,241] {logging_mixin.py:115} INFO - [2022-12-23 22:41:51,241] {dag.py:2371} INFO - Sync 1 DAGs
[2022-12-23 22:41:51,249] {logging_mixin.py:115} INFO - [2022-12-23 22:41:51,249] {dag.py:2390} INFO - Creating ORM DAG for tutorial_etl_dag
[2022-12-23 22:41:51,271] {logging_mixin.py:115} INFO - [2022-12-23 22:41:51,271] {dag.py:2919} INFO - Setting next_dagrun for tutorial_etl_dag to None, run_after=None
[2022-12-23 22:41:51,339] {processor.py:161} INFO - Processing /home/airflow/.local/lib/python3.7/site-packages/airflow/example_dags/tutorial_etl_dag.py took 0.334 seconds
[2022-12-23 22:42:22,230] {processor.py:153} INFO - Started process (PID=386) to work on /home/airflow/.local/lib/python3.7/site-packages/airflow/example_dags/tutorial_etl_dag.py
[2022-12-23 22:42:22,231] {processor.py:641} INFO - Processing file /home/airflow/.local/lib/python3.7/site-packages/airflow/example_dags/tutorial_etl_dag.py for tasks to queue
[2022-12-23 22:42:22,233] {logging_mixin.py:115} INFO - [2022-12-23 22:42:22,233] {dagbag.py:507} INFO - Filling up the DagBag from /home/airflow/.local/lib/python3.7/site-packages/airflow/example_dags/tutorial_etl_dag.py
[2022-12-23 22:42:22,247] {processor.py:651} INFO - DAG(s) dict_keys(['tutorial_etl_dag']) retrieved from /home/airflow/.local/lib/python3.7/site-packages/airflow/example_dags/tutorial_etl_dag.py
[2022-12-23 22:42:22,273] {logging_mixin.py:115} INFO - [2022-12-23 22:42:22,273] {dag.py:2371} INFO - Sync 1 DAGs
[2022-12-23 22:42:22,289] {logging_mixin.py:115} INFO - [2022-12-23 22:42:22,288] {dag.py:2919} INFO - Setting next_dagrun for tutorial_etl_dag to None, run_after=None
[2022-12-23 22:42:22,297] {processor.py:161} INFO - Processing /home/airflow/.local/lib/python3.7/site-packages/airflow/example_dags/tutorial_etl_dag.py took 0.073 seconds
[2022-12-23 22:42:53,071] {processor.py:153} INFO - Started process (PID=589) to work on /home/airflow/.local/lib/python3.7/site-packages/airflow/example_dags/tutorial_etl_dag.py
[2022-12-23 22:42:53,073] {processor.py:641} INFO - Processing file /home/airflow/.local/lib/python3.7/site-packages/airflow/example_dags/tutorial_etl_dag.py for tasks to queue
[2022-12-23 22:42:53,074] {logging_mixin.py:115} INFO - [2022-12-23 22:42:53,074] {dagbag.py:507} INFO - Filling up the DagBag from /home/airflow/.local/lib/python3.7/site-packages/airflow/example_dags/tutorial_etl_dag.py
[2022-12-23 22:42:53,087] {processor.py:651} INFO - DAG(s) dict_keys(['tutorial_etl_dag']) retrieved from /home/airflow/.local/lib/python3.7/site-packages/airflow/example_dags/tutorial_etl_dag.py
[2022-12-23 22:42:53,113] {logging_mixin.py:115} INFO - [2022-12-23 22:42:53,113] {dag.py:2371} INFO - Sync 1 DAGs
[2022-12-23 22:42:53,129] {logging_mixin.py:115} INFO - [2022-12-23 22:42:53,129] {dag.py:2919} INFO - Setting next_dagrun for tutorial_etl_dag to None, run_after=None
[2022-12-23 22:42:53,138] {processor.py:161} INFO - Processing /home/airflow/.local/lib/python3.7/site-packages/airflow/example_dags/tutorial_etl_dag.py took 0.071 seconds
[2022-12-23 22:43:23,286] {processor.py:153} INFO - Started process (PID=790) to work on /home/airflow/.local/lib/python3.7/site-packages/airflow/example_dags/tutorial_etl_dag.py
[2022-12-23 22:43:23,287] {processor.py:641} INFO - Processing file /home/airflow/.local/lib/python3.7/site-packages/airflow/example_dags/tutorial_etl_dag.py for tasks to queue
[2022-12-23 22:43:23,289] {logging_mixin.py:115} INFO - [2022-12-23 22:43:23,288] {dagbag.py:507} INFO - Filling up the DagBag from /home/airflow/.local/lib/python3.7/site-packages/airflow/example_dags/tutorial_etl_dag.py
[2022-12-23 22:43:23,302] {processor.py:651} INFO - DAG(s) dict_keys(['tutorial_etl_dag']) retrieved from /home/airflow/.local/lib/python3.7/site-packages/airflow/example_dags/tutorial_etl_dag.py
[2022-12-23 22:43:23,327] {logging_mixin.py:115} INFO - [2022-12-23 22:43:23,327] {dag.py:2371} INFO - Sync 1 DAGs
[2022-12-23 22:43:23,343] {logging_mixin.py:115} INFO - [2022-12-23 22:43:23,343] {dag.py:2919} INFO - Setting next_dagrun for tutorial_etl_dag to None, run_after=None
[2022-12-23 22:43:23,351] {processor.py:161} INFO - Processing /home/airflow/.local/lib/python3.7/site-packages/airflow/example_dags/tutorial_etl_dag.py took 0.070 seconds
[2022-12-23 22:43:54,333] {processor.py:153} INFO - Started process (PID=995) to work on /home/airflow/.local/lib/python3.7/site-packages/airflow/example_dags/tutorial_etl_dag.py
[2022-12-23 22:43:54,334] {processor.py:641} INFO - Processing file /home/airflow/.local/lib/python3.7/site-packages/airflow/example_dags/tutorial_etl_dag.py for tasks to queue
[2022-12-23 22:43:54,335] {logging_mixin.py:115} INFO - [2022-12-23 22:43:54,335] {dagbag.py:507} INFO - Filling up the DagBag from /home/airflow/.local/lib/python3.7/site-packages/airflow/example_dags/tutorial_etl_dag.py
[2022-12-23 22:43:54,345] {processor.py:651} INFO - DAG(s) dict_keys(['tutorial_etl_dag']) retrieved from /home/airflow/.local/lib/python3.7/site-packages/airflow/example_dags/tutorial_etl_dag.py
[2022-12-23 22:43:54,370] {logging_mixin.py:115} INFO - [2022-12-23 22:43:54,370] {dag.py:2371} INFO - Sync 1 DAGs
[2022-12-23 22:43:54,399] {logging_mixin.py:115} INFO - [2022-12-23 22:43:54,399] {dag.py:2919} INFO - Setting next_dagrun for tutorial_etl_dag to None, run_after=None
[2022-12-23 22:43:54,413] {processor.py:161} INFO - Processing /home/airflow/.local/lib/python3.7/site-packages/airflow/example_dags/tutorial_etl_dag.py took 0.083 seconds
[2022-12-23 22:44:24,557] {processor.py:153} INFO - Started process (PID=1187) to work on /home/airflow/.local/lib/python3.7/site-packages/airflow/example_dags/tutorial_etl_dag.py
[2022-12-23 22:44:24,559] {processor.py:641} INFO - Processing file /home/airflow/.local/lib/python3.7/site-packages/airflow/example_dags/tutorial_etl_dag.py for tasks to queue
[2022-12-23 22:44:24,560] {logging_mixin.py:115} INFO - [2022-12-23 22:44:24,560] {dagbag.py:507} INFO - Filling up the DagBag from /home/airflow/.local/lib/python3.7/site-packages/airflow/example_dags/tutorial_etl_dag.py
[2022-12-23 22:44:24,574] {processor.py:651} INFO - DAG(s) dict_keys(['tutorial_etl_dag']) retrieved from /home/airflow/.local/lib/python3.7/site-packages/airflow/example_dags/tutorial_etl_dag.py
[2022-12-23 22:44:24,601] {logging_mixin.py:115} INFO - [2022-12-23 22:44:24,600] {dag.py:2371} INFO - Sync 1 DAGs
[2022-12-23 22:44:24,618] {logging_mixin.py:115} INFO - [2022-12-23 22:44:24,618] {dag.py:2919} INFO - Setting next_dagrun for tutorial_etl_dag to None, run_after=None
[2022-12-23 22:44:24,627] {processor.py:161} INFO - Processing /home/airflow/.local/lib/python3.7/site-packages/airflow/example_dags/tutorial_etl_dag.py took 0.073 seconds
[2022-12-23 22:44:54,743] {processor.py:153} INFO - Started process (PID=1390) to work on /home/airflow/.local/lib/python3.7/site-packages/airflow/example_dags/tutorial_etl_dag.py
[2022-12-23 22:44:54,745] {processor.py:641} INFO - Processing file /home/airflow/.local/lib/python3.7/site-packages/airflow/example_dags/tutorial_etl_dag.py for tasks to queue
[2022-12-23 22:44:54,747] {logging_mixin.py:115} INFO - [2022-12-23 22:44:54,746] {dagbag.py:507} INFO - Filling up the DagBag from /home/airflow/.local/lib/python3.7/site-packages/airflow/example_dags/tutorial_etl_dag.py
[2022-12-23 22:44:54,756] {processor.py:651} INFO - DAG(s) dict_keys(['tutorial_etl_dag']) retrieved from /home/airflow/.local/lib/python3.7/site-packages/airflow/example_dags/tutorial_etl_dag.py
[2022-12-23 22:44:54,779] {logging_mixin.py:115} INFO - [2022-12-23 22:44:54,779] {dag.py:2371} INFO - Sync 1 DAGs
[2022-12-23 22:44:54,795] {logging_mixin.py:115} INFO - [2022-12-23 22:44:54,794] {dag.py:2919} INFO - Setting next_dagrun for tutorial_etl_dag to None, run_after=None
[2022-12-23 22:44:54,803] {processor.py:161} INFO - Processing /home/airflow/.local/lib/python3.7/site-packages/airflow/example_dags/tutorial_etl_dag.py took 0.063 seconds
[2022-12-23 22:45:25,615] {processor.py:153} INFO - Started process (PID=1593) to work on /home/airflow/.local/lib/python3.7/site-packages/airflow/example_dags/tutorial_etl_dag.py
[2022-12-23 22:45:25,617] {processor.py:641} INFO - Processing file /home/airflow/.local/lib/python3.7/site-packages/airflow/example_dags/tutorial_etl_dag.py for tasks to queue
[2022-12-23 22:45:25,618] {logging_mixin.py:115} INFO - [2022-12-23 22:45:25,618] {dagbag.py:507} INFO - Filling up the DagBag from /home/airflow/.local/lib/python3.7/site-packages/airflow/example_dags/tutorial_etl_dag.py
[2022-12-23 22:45:25,632] {processor.py:651} INFO - DAG(s) dict_keys(['tutorial_etl_dag']) retrieved from /home/airflow/.local/lib/python3.7/site-packages/airflow/example_dags/tutorial_etl_dag.py
[2022-12-23 22:45:25,658] {logging_mixin.py:115} INFO - [2022-12-23 22:45:25,657] {dag.py:2371} INFO - Sync 1 DAGs
[2022-12-23 22:45:25,673] {logging_mixin.py:115} INFO - [2022-12-23 22:45:25,673] {dag.py:2919} INFO - Setting next_dagrun for tutorial_etl_dag to None, run_after=None
[2022-12-23 22:45:25,681] {processor.py:161} INFO - Processing /home/airflow/.local/lib/python3.7/site-packages/airflow/example_dags/tutorial_etl_dag.py took 0.071 seconds
[2022-12-23 22:45:56,649] {processor.py:153} INFO - Started process (PID=1796) to work on /home/airflow/.local/lib/python3.7/site-packages/airflow/example_dags/tutorial_etl_dag.py
[2022-12-23 22:45:56,651] {processor.py:641} INFO - Processing file /home/airflow/.local/lib/python3.7/site-packages/airflow/example_dags/tutorial_etl_dag.py for tasks to queue
[2022-12-23 22:45:56,652] {logging_mixin.py:115} INFO - [2022-12-23 22:45:56,652] {dagbag.py:507} INFO - Filling up the DagBag from /home/airflow/.local/lib/python3.7/site-packages/airflow/example_dags/tutorial_etl_dag.py
[2022-12-23 22:45:56,667] {processor.py:651} INFO - DAG(s) dict_keys(['tutorial_etl_dag']) retrieved from /home/airflow/.local/lib/python3.7/site-packages/airflow/example_dags/tutorial_etl_dag.py
[2022-12-23 22:45:56,693] {logging_mixin.py:115} INFO - [2022-12-23 22:45:56,693] {dag.py:2371} INFO - Sync 1 DAGs
[2022-12-23 22:45:56,710] {logging_mixin.py:115} INFO - [2022-12-23 22:45:56,710] {dag.py:2919} INFO - Setting next_dagrun for tutorial_etl_dag to None, run_after=None
[2022-12-23 22:45:56,720] {processor.py:161} INFO - Processing /home/airflow/.local/lib/python3.7/site-packages/airflow/example_dags/tutorial_etl_dag.py took 0.074 seconds
[2022-12-23 22:46:26,824] {processor.py:153} INFO - Started process (PID=1990) to work on /home/airflow/.local/lib/python3.7/site-packages/airflow/example_dags/tutorial_etl_dag.py
[2022-12-23 22:46:26,825] {processor.py:641} INFO - Processing file /home/airflow/.local/lib/python3.7/site-packages/airflow/example_dags/tutorial_etl_dag.py for tasks to queue
[2022-12-23 22:46:26,826] {logging_mixin.py:115} INFO - [2022-12-23 22:46:26,826] {dagbag.py:507} INFO - Filling up the DagBag from /home/airflow/.local/lib/python3.7/site-packages/airflow/example_dags/tutorial_etl_dag.py
[2022-12-23 22:46:26,837] {processor.py:651} INFO - DAG(s) dict_keys(['tutorial_etl_dag']) retrieved from /home/airflow/.local/lib/python3.7/site-packages/airflow/example_dags/tutorial_etl_dag.py
[2022-12-23 22:46:26,863] {logging_mixin.py:115} INFO - [2022-12-23 22:46:26,863] {dag.py:2371} INFO - Sync 1 DAGs
[2022-12-23 22:46:26,881] {logging_mixin.py:115} INFO - [2022-12-23 22:46:26,881] {dag.py:2919} INFO - Setting next_dagrun for tutorial_etl_dag to None, run_after=None
[2022-12-23 22:46:26,891] {processor.py:161} INFO - Processing /home/airflow/.local/lib/python3.7/site-packages/airflow/example_dags/tutorial_etl_dag.py took 0.070 seconds
[2022-12-23 22:46:56,951] {processor.py:153} INFO - Started process (PID=2193) to work on /home/airflow/.local/lib/python3.7/site-packages/airflow/example_dags/tutorial_etl_dag.py
[2022-12-23 22:46:56,952] {processor.py:641} INFO - Processing file /home/airflow/.local/lib/python3.7/site-packages/airflow/example_dags/tutorial_etl_dag.py for tasks to queue
[2022-12-23 22:46:56,953] {logging_mixin.py:115} INFO - [2022-12-23 22:46:56,953] {dagbag.py:507} INFO - Filling up the DagBag from /home/airflow/.local/lib/python3.7/site-packages/airflow/example_dags/tutorial_etl_dag.py
[2022-12-23 22:46:56,960] {processor.py:651} INFO - DAG(s) dict_keys(['tutorial_etl_dag']) retrieved from /home/airflow/.local/lib/python3.7/site-packages/airflow/example_dags/tutorial_etl_dag.py
[2022-12-23 22:46:56,983] {logging_mixin.py:115} INFO - [2022-12-23 22:46:56,983] {dag.py:2371} INFO - Sync 1 DAGs
[2022-12-23 22:46:56,999] {logging_mixin.py:115} INFO - [2022-12-23 22:46:56,999] {dag.py:2919} INFO - Setting next_dagrun for tutorial_etl_dag to None, run_after=None
[2022-12-23 22:46:57,008] {processor.py:161} INFO - Processing /home/airflow/.local/lib/python3.7/site-packages/airflow/example_dags/tutorial_etl_dag.py took 0.060 seconds
[2022-12-23 22:47:27,198] {processor.py:153} INFO - Started process (PID=2395) to work on /home/airflow/.local/lib/python3.7/site-packages/airflow/example_dags/tutorial_etl_dag.py
[2022-12-23 22:47:27,199] {processor.py:641} INFO - Processing file /home/airflow/.local/lib/python3.7/site-packages/airflow/example_dags/tutorial_etl_dag.py for tasks to queue
[2022-12-23 22:47:27,200] {logging_mixin.py:115} INFO - [2022-12-23 22:47:27,200] {dagbag.py:507} INFO - Filling up the DagBag from /home/airflow/.local/lib/python3.7/site-packages/airflow/example_dags/tutorial_etl_dag.py
[2022-12-23 22:47:27,207] {processor.py:651} INFO - DAG(s) dict_keys(['tutorial_etl_dag']) retrieved from /home/airflow/.local/lib/python3.7/site-packages/airflow/example_dags/tutorial_etl_dag.py
[2022-12-23 22:47:27,230] {logging_mixin.py:115} INFO - [2022-12-23 22:47:27,230] {dag.py:2371} INFO - Sync 1 DAGs
[2022-12-23 22:47:27,246] {logging_mixin.py:115} INFO - [2022-12-23 22:47:27,246] {dag.py:2919} INFO - Setting next_dagrun for tutorial_etl_dag to None, run_after=None
[2022-12-23 22:47:27,255] {processor.py:161} INFO - Processing /home/airflow/.local/lib/python3.7/site-packages/airflow/example_dags/tutorial_etl_dag.py took 0.060 seconds
[2022-12-23 22:47:57,478] {processor.py:153} INFO - Started process (PID=2603) to work on /home/airflow/.local/lib/python3.7/site-packages/airflow/example_dags/tutorial_etl_dag.py
[2022-12-23 22:47:57,479] {processor.py:641} INFO - Processing file /home/airflow/.local/lib/python3.7/site-packages/airflow/example_dags/tutorial_etl_dag.py for tasks to queue
[2022-12-23 22:47:57,480] {logging_mixin.py:115} INFO - [2022-12-23 22:47:57,480] {dagbag.py:507} INFO - Filling up the DagBag from /home/airflow/.local/lib/python3.7/site-packages/airflow/example_dags/tutorial_etl_dag.py
[2022-12-23 22:47:57,488] {processor.py:651} INFO - DAG(s) dict_keys(['tutorial_etl_dag']) retrieved from /home/airflow/.local/lib/python3.7/site-packages/airflow/example_dags/tutorial_etl_dag.py
[2022-12-23 22:47:57,513] {logging_mixin.py:115} INFO - [2022-12-23 22:47:57,513] {dag.py:2371} INFO - Sync 1 DAGs
[2022-12-23 22:47:57,530] {logging_mixin.py:115} INFO - [2022-12-23 22:47:57,530] {dag.py:2919} INFO - Setting next_dagrun for tutorial_etl_dag to None, run_after=None
[2022-12-23 22:47:57,540] {processor.py:161} INFO - Processing /home/airflow/.local/lib/python3.7/site-packages/airflow/example_dags/tutorial_etl_dag.py took 0.065 seconds
[2022-12-23 22:48:27,642] {processor.py:153} INFO - Started process (PID=2795) to work on /home/airflow/.local/lib/python3.7/site-packages/airflow/example_dags/tutorial_etl_dag.py
[2022-12-23 22:48:27,643] {processor.py:641} INFO - Processing file /home/airflow/.local/lib/python3.7/site-packages/airflow/example_dags/tutorial_etl_dag.py for tasks to queue
[2022-12-23 22:48:27,644] {logging_mixin.py:115} INFO - [2022-12-23 22:48:27,644] {dagbag.py:507} INFO - Filling up the DagBag from /home/airflow/.local/lib/python3.7/site-packages/airflow/example_dags/tutorial_etl_dag.py
[2022-12-23 22:48:27,651] {processor.py:651} INFO - DAG(s) dict_keys(['tutorial_etl_dag']) retrieved from /home/airflow/.local/lib/python3.7/site-packages/airflow/example_dags/tutorial_etl_dag.py
[2022-12-23 22:48:27,677] {logging_mixin.py:115} INFO - [2022-12-23 22:48:27,677] {dag.py:2371} INFO - Sync 1 DAGs
[2022-12-23 22:48:27,695] {logging_mixin.py:115} INFO - [2022-12-23 22:48:27,694] {dag.py:2919} INFO - Setting next_dagrun for tutorial_etl_dag to None, run_after=None
[2022-12-23 22:48:27,707] {processor.py:161} INFO - Processing /home/airflow/.local/lib/python3.7/site-packages/airflow/example_dags/tutorial_etl_dag.py took 0.068 seconds
[2022-12-23 22:48:58,187] {processor.py:153} INFO - Started process (PID=2998) to work on /home/airflow/.local/lib/python3.7/site-packages/airflow/example_dags/tutorial_etl_dag.py
[2022-12-23 22:48:58,188] {processor.py:641} INFO - Processing file /home/airflow/.local/lib/python3.7/site-packages/airflow/example_dags/tutorial_etl_dag.py for tasks to queue
[2022-12-23 22:48:58,189] {logging_mixin.py:115} INFO - [2022-12-23 22:48:58,189] {dagbag.py:507} INFO - Filling up the DagBag from /home/airflow/.local/lib/python3.7/site-packages/airflow/example_dags/tutorial_etl_dag.py
[2022-12-23 22:48:58,196] {processor.py:651} INFO - DAG(s) dict_keys(['tutorial_etl_dag']) retrieved from /home/airflow/.local/lib/python3.7/site-packages/airflow/example_dags/tutorial_etl_dag.py
[2022-12-23 22:48:58,219] {logging_mixin.py:115} INFO - [2022-12-23 22:48:58,218] {dag.py:2371} INFO - Sync 1 DAGs
[2022-12-23 22:48:58,234] {logging_mixin.py:115} INFO - [2022-12-23 22:48:58,234] {dag.py:2919} INFO - Setting next_dagrun for tutorial_etl_dag to None, run_after=None
[2022-12-23 22:48:58,246] {processor.py:161} INFO - Processing /home/airflow/.local/lib/python3.7/site-packages/airflow/example_dags/tutorial_etl_dag.py took 0.062 seconds
[2022-12-23 22:49:29,251] {processor.py:153} INFO - Started process (PID=3202) to work on /home/airflow/.local/lib/python3.7/site-packages/airflow/example_dags/tutorial_etl_dag.py
[2022-12-23 22:49:29,252] {processor.py:641} INFO - Processing file /home/airflow/.local/lib/python3.7/site-packages/airflow/example_dags/tutorial_etl_dag.py for tasks to queue
[2022-12-23 22:49:29,254] {logging_mixin.py:115} INFO - [2022-12-23 22:49:29,254] {dagbag.py:507} INFO - Filling up the DagBag from /home/airflow/.local/lib/python3.7/site-packages/airflow/example_dags/tutorial_etl_dag.py
[2022-12-23 22:49:29,261] {processor.py:651} INFO - DAG(s) dict_keys(['tutorial_etl_dag']) retrieved from /home/airflow/.local/lib/python3.7/site-packages/airflow/example_dags/tutorial_etl_dag.py
[2022-12-23 22:49:29,286] {logging_mixin.py:115} INFO - [2022-12-23 22:49:29,286] {dag.py:2371} INFO - Sync 1 DAGs
[2022-12-23 22:49:29,303] {logging_mixin.py:115} INFO - [2022-12-23 22:49:29,303] {dag.py:2919} INFO - Setting next_dagrun for tutorial_etl_dag to None, run_after=None
[2022-12-23 22:49:29,312] {processor.py:161} INFO - Processing /home/airflow/.local/lib/python3.7/site-packages/airflow/example_dags/tutorial_etl_dag.py took 0.065 seconds
[2022-12-23 22:49:59,455] {processor.py:153} INFO - Started process (PID=3406) to work on /home/airflow/.local/lib/python3.7/site-packages/airflow/example_dags/tutorial_etl_dag.py
[2022-12-23 22:49:59,457] {processor.py:641} INFO - Processing file /home/airflow/.local/lib/python3.7/site-packages/airflow/example_dags/tutorial_etl_dag.py for tasks to queue
[2022-12-23 22:49:59,458] {logging_mixin.py:115} INFO - [2022-12-23 22:49:59,458] {dagbag.py:507} INFO - Filling up the DagBag from /home/airflow/.local/lib/python3.7/site-packages/airflow/example_dags/tutorial_etl_dag.py
[2022-12-23 22:49:59,465] {processor.py:651} INFO - DAG(s) dict_keys(['tutorial_etl_dag']) retrieved from /home/airflow/.local/lib/python3.7/site-packages/airflow/example_dags/tutorial_etl_dag.py
[2022-12-23 22:49:59,488] {logging_mixin.py:115} INFO - [2022-12-23 22:49:59,488] {dag.py:2371} INFO - Sync 1 DAGs
[2022-12-23 22:49:59,505] {logging_mixin.py:115} INFO - [2022-12-23 22:49:59,504] {dag.py:2919} INFO - Setting next_dagrun for tutorial_etl_dag to None, run_after=None
[2022-12-23 22:49:59,513] {processor.py:161} INFO - Processing /home/airflow/.local/lib/python3.7/site-packages/airflow/example_dags/tutorial_etl_dag.py took 0.061 seconds
[2022-12-23 22:50:29,700] {processor.py:153} INFO - Started process (PID=3610) to work on /home/airflow/.local/lib/python3.7/site-packages/airflow/example_dags/tutorial_etl_dag.py
[2022-12-23 22:50:29,701] {processor.py:641} INFO - Processing file /home/airflow/.local/lib/python3.7/site-packages/airflow/example_dags/tutorial_etl_dag.py for tasks to queue
[2022-12-23 22:50:29,702] {logging_mixin.py:115} INFO - [2022-12-23 22:50:29,702] {dagbag.py:507} INFO - Filling up the DagBag from /home/airflow/.local/lib/python3.7/site-packages/airflow/example_dags/tutorial_etl_dag.py
[2022-12-23 22:50:29,709] {processor.py:651} INFO - DAG(s) dict_keys(['tutorial_etl_dag']) retrieved from /home/airflow/.local/lib/python3.7/site-packages/airflow/example_dags/tutorial_etl_dag.py
[2022-12-23 22:50:29,733] {logging_mixin.py:115} INFO - [2022-12-23 22:50:29,733] {dag.py:2371} INFO - Sync 1 DAGs
[2022-12-23 22:50:29,749] {logging_mixin.py:115} INFO - [2022-12-23 22:50:29,749] {dag.py:2919} INFO - Setting next_dagrun for tutorial_etl_dag to None, run_after=None
[2022-12-23 22:50:29,758] {processor.py:161} INFO - Processing /home/airflow/.local/lib/python3.7/site-packages/airflow/example_dags/tutorial_etl_dag.py took 0.061 seconds
[2022-12-23 22:51:00,103] {processor.py:153} INFO - Started process (PID=3804) to work on /home/airflow/.local/lib/python3.7/site-packages/airflow/example_dags/tutorial_etl_dag.py
[2022-12-23 22:51:00,104] {processor.py:641} INFO - Processing file /home/airflow/.local/lib/python3.7/site-packages/airflow/example_dags/tutorial_etl_dag.py for tasks to queue
[2022-12-23 22:51:00,105] {logging_mixin.py:115} INFO - [2022-12-23 22:51:00,105] {dagbag.py:507} INFO - Filling up the DagBag from /home/airflow/.local/lib/python3.7/site-packages/airflow/example_dags/tutorial_etl_dag.py
[2022-12-23 22:51:00,112] {processor.py:651} INFO - DAG(s) dict_keys(['tutorial_etl_dag']) retrieved from /home/airflow/.local/lib/python3.7/site-packages/airflow/example_dags/tutorial_etl_dag.py
[2022-12-23 22:51:00,136] {logging_mixin.py:115} INFO - [2022-12-23 22:51:00,136] {dag.py:2371} INFO - Sync 1 DAGs
[2022-12-23 22:51:00,153] {logging_mixin.py:115} INFO - [2022-12-23 22:51:00,153] {dag.py:2919} INFO - Setting next_dagrun for tutorial_etl_dag to None, run_after=None
[2022-12-23 22:51:00,161] {processor.py:161} INFO - Processing /home/airflow/.local/lib/python3.7/site-packages/airflow/example_dags/tutorial_etl_dag.py took 0.062 seconds
[2022-12-23 22:51:31,103] {processor.py:153} INFO - Started process (PID=4007) to work on /home/airflow/.local/lib/python3.7/site-packages/airflow/example_dags/tutorial_etl_dag.py
[2022-12-23 22:51:31,104] {processor.py:641} INFO - Processing file /home/airflow/.local/lib/python3.7/site-packages/airflow/example_dags/tutorial_etl_dag.py for tasks to queue
[2022-12-23 22:51:31,105] {logging_mixin.py:115} INFO - [2022-12-23 22:51:31,105] {dagbag.py:507} INFO - Filling up the DagBag from /home/airflow/.local/lib/python3.7/site-packages/airflow/example_dags/tutorial_etl_dag.py
[2022-12-23 22:51:31,112] {processor.py:651} INFO - DAG(s) dict_keys(['tutorial_etl_dag']) retrieved from /home/airflow/.local/lib/python3.7/site-packages/airflow/example_dags/tutorial_etl_dag.py
[2022-12-23 22:51:31,135] {logging_mixin.py:115} INFO - [2022-12-23 22:51:31,135] {dag.py:2371} INFO - Sync 1 DAGs
[2022-12-23 22:51:31,153] {logging_mixin.py:115} INFO - [2022-12-23 22:51:31,153] {dag.py:2919} INFO - Setting next_dagrun for tutorial_etl_dag to None, run_after=None
[2022-12-23 22:51:31,162] {processor.py:161} INFO - Processing /home/airflow/.local/lib/python3.7/site-packages/airflow/example_dags/tutorial_etl_dag.py took 0.061 seconds
[2022-12-23 22:52:01,269] {processor.py:153} INFO - Started process (PID=4214) to work on /home/airflow/.local/lib/python3.7/site-packages/airflow/example_dags/tutorial_etl_dag.py
[2022-12-23 22:52:01,270] {processor.py:641} INFO - Processing file /home/airflow/.local/lib/python3.7/site-packages/airflow/example_dags/tutorial_etl_dag.py for tasks to queue
[2022-12-23 22:52:01,271] {logging_mixin.py:115} INFO - [2022-12-23 22:52:01,271] {dagbag.py:507} INFO - Filling up the DagBag from /home/airflow/.local/lib/python3.7/site-packages/airflow/example_dags/tutorial_etl_dag.py
[2022-12-23 22:52:01,278] {processor.py:651} INFO - DAG(s) dict_keys(['tutorial_etl_dag']) retrieved from /home/airflow/.local/lib/python3.7/site-packages/airflow/example_dags/tutorial_etl_dag.py
[2022-12-23 22:52:01,300] {logging_mixin.py:115} INFO - [2022-12-23 22:52:01,300] {dag.py:2371} INFO - Sync 1 DAGs
[2022-12-23 22:52:01,317] {logging_mixin.py:115} INFO - [2022-12-23 22:52:01,316] {dag.py:2919} INFO - Setting next_dagrun for tutorial_etl_dag to None, run_after=None
[2022-12-23 22:52:01,325] {processor.py:161} INFO - Processing /home/airflow/.local/lib/python3.7/site-packages/airflow/example_dags/tutorial_etl_dag.py took 0.059 seconds
[2022-12-23 22:52:32,344] {processor.py:153} INFO - Started process (PID=4417) to work on /home/airflow/.local/lib/python3.7/site-packages/airflow/example_dags/tutorial_etl_dag.py
[2022-12-23 22:52:32,349] {processor.py:641} INFO - Processing file /home/airflow/.local/lib/python3.7/site-packages/airflow/example_dags/tutorial_etl_dag.py for tasks to queue
[2022-12-23 22:52:32,350] {logging_mixin.py:115} INFO - [2022-12-23 22:52:32,350] {dagbag.py:507} INFO - Filling up the DagBag from /home/airflow/.local/lib/python3.7/site-packages/airflow/example_dags/tutorial_etl_dag.py
[2022-12-23 22:52:32,356] {processor.py:651} INFO - DAG(s) dict_keys(['tutorial_etl_dag']) retrieved from /home/airflow/.local/lib/python3.7/site-packages/airflow/example_dags/tutorial_etl_dag.py
[2022-12-23 22:52:32,383] {logging_mixin.py:115} INFO - [2022-12-23 22:52:32,383] {dag.py:2371} INFO - Sync 1 DAGs
[2022-12-23 22:52:32,399] {logging_mixin.py:115} INFO - [2022-12-23 22:52:32,399] {dag.py:2919} INFO - Setting next_dagrun for tutorial_etl_dag to None, run_after=None
[2022-12-23 22:52:32,407] {processor.py:161} INFO - Processing /home/airflow/.local/lib/python3.7/site-packages/airflow/example_dags/tutorial_etl_dag.py took 0.065 seconds
[2022-12-23 22:53:03,162] {processor.py:153} INFO - Started process (PID=4634) to work on /home/airflow/.local/lib/python3.7/site-packages/airflow/example_dags/tutorial_etl_dag.py
[2022-12-23 22:53:03,163] {processor.py:641} INFO - Processing file /home/airflow/.local/lib/python3.7/site-packages/airflow/example_dags/tutorial_etl_dag.py for tasks to queue
[2022-12-23 22:53:03,164] {logging_mixin.py:115} INFO - [2022-12-23 22:53:03,164] {dagbag.py:507} INFO - Filling up the DagBag from /home/airflow/.local/lib/python3.7/site-packages/airflow/example_dags/tutorial_etl_dag.py
[2022-12-23 22:53:03,172] {processor.py:651} INFO - DAG(s) dict_keys(['tutorial_etl_dag']) retrieved from /home/airflow/.local/lib/python3.7/site-packages/airflow/example_dags/tutorial_etl_dag.py
[2022-12-23 22:53:03,196] {logging_mixin.py:115} INFO - [2022-12-23 22:53:03,196] {dag.py:2371} INFO - Sync 1 DAGs
[2022-12-23 22:53:03,213] {logging_mixin.py:115} INFO - [2022-12-23 22:53:03,213] {dag.py:2919} INFO - Setting next_dagrun for tutorial_etl_dag to None, run_after=None
[2022-12-23 22:53:03,224] {processor.py:161} INFO - Processing /home/airflow/.local/lib/python3.7/site-packages/airflow/example_dags/tutorial_etl_dag.py took 0.070 seconds
[2022-12-23 22:53:33,502] {processor.py:153} INFO - Started process (PID=4826) to work on /home/airflow/.local/lib/python3.7/site-packages/airflow/example_dags/tutorial_etl_dag.py
[2022-12-23 22:53:33,504] {processor.py:641} INFO - Processing file /home/airflow/.local/lib/python3.7/site-packages/airflow/example_dags/tutorial_etl_dag.py for tasks to queue
[2022-12-23 22:53:33,505] {logging_mixin.py:115} INFO - [2022-12-23 22:53:33,505] {dagbag.py:507} INFO - Filling up the DagBag from /home/airflow/.local/lib/python3.7/site-packages/airflow/example_dags/tutorial_etl_dag.py
[2022-12-23 22:53:33,511] {processor.py:651} INFO - DAG(s) dict_keys(['tutorial_etl_dag']) retrieved from /home/airflow/.local/lib/python3.7/site-packages/airflow/example_dags/tutorial_etl_dag.py
[2022-12-23 22:53:33,534] {logging_mixin.py:115} INFO - [2022-12-23 22:53:33,534] {dag.py:2371} INFO - Sync 1 DAGs
[2022-12-23 22:53:33,550] {logging_mixin.py:115} INFO - [2022-12-23 22:53:33,550] {dag.py:2919} INFO - Setting next_dagrun for tutorial_etl_dag to None, run_after=None
[2022-12-23 22:53:33,559] {processor.py:161} INFO - Processing /home/airflow/.local/lib/python3.7/site-packages/airflow/example_dags/tutorial_etl_dag.py took 0.060 seconds
[2022-12-23 22:54:03,687] {processor.py:153} INFO - Started process (PID=5028) to work on /home/airflow/.local/lib/python3.7/site-packages/airflow/example_dags/tutorial_etl_dag.py
[2022-12-23 22:54:03,688] {processor.py:641} INFO - Processing file /home/airflow/.local/lib/python3.7/site-packages/airflow/example_dags/tutorial_etl_dag.py for tasks to queue
[2022-12-23 22:54:03,689] {logging_mixin.py:115} INFO - [2022-12-23 22:54:03,689] {dagbag.py:507} INFO - Filling up the DagBag from /home/airflow/.local/lib/python3.7/site-packages/airflow/example_dags/tutorial_etl_dag.py
[2022-12-23 22:54:03,695] {processor.py:651} INFO - DAG(s) dict_keys(['tutorial_etl_dag']) retrieved from /home/airflow/.local/lib/python3.7/site-packages/airflow/example_dags/tutorial_etl_dag.py
[2022-12-23 22:54:03,718] {logging_mixin.py:115} INFO - [2022-12-23 22:54:03,718] {dag.py:2371} INFO - Sync 1 DAGs
[2022-12-23 22:54:03,734] {logging_mixin.py:115} INFO - [2022-12-23 22:54:03,734] {dag.py:2919} INFO - Setting next_dagrun for tutorial_etl_dag to None, run_after=None
[2022-12-23 22:54:03,743] {processor.py:161} INFO - Processing /home/airflow/.local/lib/python3.7/site-packages/airflow/example_dags/tutorial_etl_dag.py took 0.060 seconds
[2022-12-23 22:54:33,927] {processor.py:153} INFO - Started process (PID=5231) to work on /home/airflow/.local/lib/python3.7/site-packages/airflow/example_dags/tutorial_etl_dag.py
[2022-12-23 22:54:33,929] {processor.py:641} INFO - Processing file /home/airflow/.local/lib/python3.7/site-packages/airflow/example_dags/tutorial_etl_dag.py for tasks to queue
[2022-12-23 22:54:33,930] {logging_mixin.py:115} INFO - [2022-12-23 22:54:33,930] {dagbag.py:507} INFO - Filling up the DagBag from /home/airflow/.local/lib/python3.7/site-packages/airflow/example_dags/tutorial_etl_dag.py
[2022-12-23 22:54:33,936] {processor.py:651} INFO - DAG(s) dict_keys(['tutorial_etl_dag']) retrieved from /home/airflow/.local/lib/python3.7/site-packages/airflow/example_dags/tutorial_etl_dag.py
[2022-12-23 22:54:33,961] {logging_mixin.py:115} INFO - [2022-12-23 22:54:33,961] {dag.py:2371} INFO - Sync 1 DAGs
[2022-12-23 22:54:33,977] {logging_mixin.py:115} INFO - [2022-12-23 22:54:33,977] {dag.py:2919} INFO - Setting next_dagrun for tutorial_etl_dag to None, run_after=None
[2022-12-23 22:54:33,986] {processor.py:161} INFO - Processing /home/airflow/.local/lib/python3.7/site-packages/airflow/example_dags/tutorial_etl_dag.py took 0.061 seconds
[2022-12-23 22:55:04,058] {processor.py:153} INFO - Started process (PID=5442) to work on /home/airflow/.local/lib/python3.7/site-packages/airflow/example_dags/tutorial_etl_dag.py
[2022-12-23 22:55:04,060] {processor.py:641} INFO - Processing file /home/airflow/.local/lib/python3.7/site-packages/airflow/example_dags/tutorial_etl_dag.py for tasks to queue
[2022-12-23 22:55:04,061] {logging_mixin.py:115} INFO - [2022-12-23 22:55:04,061] {dagbag.py:507} INFO - Filling up the DagBag from /home/airflow/.local/lib/python3.7/site-packages/airflow/example_dags/tutorial_etl_dag.py
[2022-12-23 22:55:04,067] {processor.py:651} INFO - DAG(s) dict_keys(['tutorial_etl_dag']) retrieved from /home/airflow/.local/lib/python3.7/site-packages/airflow/example_dags/tutorial_etl_dag.py
[2022-12-23 22:55:04,099] {logging_mixin.py:115} INFO - [2022-12-23 22:55:04,099] {dag.py:2371} INFO - Sync 1 DAGs
[2022-12-23 22:55:04,125] {logging_mixin.py:115} INFO - [2022-12-23 22:55:04,125] {dag.py:2919} INFO - Setting next_dagrun for tutorial_etl_dag to None, run_after=None
[2022-12-23 22:55:04,138] {processor.py:161} INFO - Processing /home/airflow/.local/lib/python3.7/site-packages/airflow/example_dags/tutorial_etl_dag.py took 0.083 seconds
[2022-12-23 22:55:34,341] {processor.py:153} INFO - Started process (PID=5639) to work on /home/airflow/.local/lib/python3.7/site-packages/airflow/example_dags/tutorial_etl_dag.py
[2022-12-23 22:55:34,342] {processor.py:641} INFO - Processing file /home/airflow/.local/lib/python3.7/site-packages/airflow/example_dags/tutorial_etl_dag.py for tasks to queue
[2022-12-23 22:55:34,343] {logging_mixin.py:115} INFO - [2022-12-23 22:55:34,343] {dagbag.py:507} INFO - Filling up the DagBag from /home/airflow/.local/lib/python3.7/site-packages/airflow/example_dags/tutorial_etl_dag.py
[2022-12-23 22:55:34,349] {processor.py:651} INFO - DAG(s) dict_keys(['tutorial_etl_dag']) retrieved from /home/airflow/.local/lib/python3.7/site-packages/airflow/example_dags/tutorial_etl_dag.py
[2022-12-23 22:55:34,373] {logging_mixin.py:115} INFO - [2022-12-23 22:55:34,373] {dag.py:2371} INFO - Sync 1 DAGs
[2022-12-23 22:55:34,387] {logging_mixin.py:115} INFO - [2022-12-23 22:55:34,387] {dag.py:2919} INFO - Setting next_dagrun for tutorial_etl_dag to None, run_after=None
[2022-12-23 22:55:34,395] {processor.py:161} INFO - Processing /home/airflow/.local/lib/python3.7/site-packages/airflow/example_dags/tutorial_etl_dag.py took 0.057 seconds
[2022-12-23 22:56:04,780] {processor.py:153} INFO - Started process (PID=5846) to work on /home/airflow/.local/lib/python3.7/site-packages/airflow/example_dags/tutorial_etl_dag.py
[2022-12-23 22:56:04,782] {processor.py:641} INFO - Processing file /home/airflow/.local/lib/python3.7/site-packages/airflow/example_dags/tutorial_etl_dag.py for tasks to queue
[2022-12-23 22:56:04,783] {logging_mixin.py:115} INFO - [2022-12-23 22:56:04,783] {dagbag.py:507} INFO - Filling up the DagBag from /home/airflow/.local/lib/python3.7/site-packages/airflow/example_dags/tutorial_etl_dag.py
[2022-12-23 22:56:04,789] {processor.py:651} INFO - DAG(s) dict_keys(['tutorial_etl_dag']) retrieved from /home/airflow/.local/lib/python3.7/site-packages/airflow/example_dags/tutorial_etl_dag.py
[2022-12-23 22:56:04,811] {logging_mixin.py:115} INFO - [2022-12-23 22:56:04,811] {dag.py:2371} INFO - Sync 1 DAGs
[2022-12-23 22:56:04,828] {logging_mixin.py:115} INFO - [2022-12-23 22:56:04,828] {dag.py:2919} INFO - Setting next_dagrun for tutorial_etl_dag to None, run_after=None
[2022-12-23 22:56:04,837] {processor.py:161} INFO - Processing /home/airflow/.local/lib/python3.7/site-packages/airflow/example_dags/tutorial_etl_dag.py took 0.060 seconds
[2022-12-23 22:56:35,057] {processor.py:153} INFO - Started process (PID=6052) to work on /home/airflow/.local/lib/python3.7/site-packages/airflow/example_dags/tutorial_etl_dag.py
[2022-12-23 22:56:35,058] {processor.py:641} INFO - Processing file /home/airflow/.local/lib/python3.7/site-packages/airflow/example_dags/tutorial_etl_dag.py for tasks to queue
[2022-12-23 22:56:35,059] {logging_mixin.py:115} INFO - [2022-12-23 22:56:35,059] {dagbag.py:507} INFO - Filling up the DagBag from /home/airflow/.local/lib/python3.7/site-packages/airflow/example_dags/tutorial_etl_dag.py
[2022-12-23 22:56:35,065] {processor.py:651} INFO - DAG(s) dict_keys(['tutorial_etl_dag']) retrieved from /home/airflow/.local/lib/python3.7/site-packages/airflow/example_dags/tutorial_etl_dag.py
[2022-12-23 22:56:35,088] {logging_mixin.py:115} INFO - [2022-12-23 22:56:35,088] {dag.py:2371} INFO - Sync 1 DAGs
[2022-12-23 22:56:35,103] {logging_mixin.py:115} INFO - [2022-12-23 22:56:35,103] {dag.py:2919} INFO - Setting next_dagrun for tutorial_etl_dag to None, run_after=None
[2022-12-23 22:56:35,111] {processor.py:161} INFO - Processing /home/airflow/.local/lib/python3.7/site-packages/airflow/example_dags/tutorial_etl_dag.py took 0.057 seconds
[2022-12-23 22:57:05,417] {processor.py:153} INFO - Started process (PID=6254) to work on /home/airflow/.local/lib/python3.7/site-packages/airflow/example_dags/tutorial_etl_dag.py
[2022-12-23 22:57:05,418] {processor.py:641} INFO - Processing file /home/airflow/.local/lib/python3.7/site-packages/airflow/example_dags/tutorial_etl_dag.py for tasks to queue
[2022-12-23 22:57:05,419] {logging_mixin.py:115} INFO - [2022-12-23 22:57:05,419] {dagbag.py:507} INFO - Filling up the DagBag from /home/airflow/.local/lib/python3.7/site-packages/airflow/example_dags/tutorial_etl_dag.py
[2022-12-23 22:57:05,425] {processor.py:651} INFO - DAG(s) dict_keys(['tutorial_etl_dag']) retrieved from /home/airflow/.local/lib/python3.7/site-packages/airflow/example_dags/tutorial_etl_dag.py
[2022-12-23 22:57:05,450] {logging_mixin.py:115} INFO - [2022-12-23 22:57:05,450] {dag.py:2371} INFO - Sync 1 DAGs
[2022-12-23 22:57:05,467] {logging_mixin.py:115} INFO - [2022-12-23 22:57:05,467] {dag.py:2919} INFO - Setting next_dagrun for tutorial_etl_dag to None, run_after=None
[2022-12-23 22:57:05,476] {processor.py:161} INFO - Processing /home/airflow/.local/lib/python3.7/site-packages/airflow/example_dags/tutorial_etl_dag.py took 0.062 seconds
[2022-12-23 22:57:35,695] {processor.py:153} INFO - Started process (PID=6448) to work on /home/airflow/.local/lib/python3.7/site-packages/airflow/example_dags/tutorial_etl_dag.py
[2022-12-23 22:57:35,696] {processor.py:641} INFO - Processing file /home/airflow/.local/lib/python3.7/site-packages/airflow/example_dags/tutorial_etl_dag.py for tasks to queue
[2022-12-23 22:57:35,697] {logging_mixin.py:115} INFO - [2022-12-23 22:57:35,697] {dagbag.py:507} INFO - Filling up the DagBag from /home/airflow/.local/lib/python3.7/site-packages/airflow/example_dags/tutorial_etl_dag.py
[2022-12-23 22:57:35,703] {processor.py:651} INFO - DAG(s) dict_keys(['tutorial_etl_dag']) retrieved from /home/airflow/.local/lib/python3.7/site-packages/airflow/example_dags/tutorial_etl_dag.py
[2022-12-23 22:57:35,727] {logging_mixin.py:115} INFO - [2022-12-23 22:57:35,727] {dag.py:2371} INFO - Sync 1 DAGs
[2022-12-23 22:57:35,743] {logging_mixin.py:115} INFO - [2022-12-23 22:57:35,743] {dag.py:2919} INFO - Setting next_dagrun for tutorial_etl_dag to None, run_after=None
[2022-12-23 22:57:35,752] {processor.py:161} INFO - Processing /home/airflow/.local/lib/python3.7/site-packages/airflow/example_dags/tutorial_etl_dag.py took 0.060 seconds
[2022-12-23 22:58:05,983] {processor.py:153} INFO - Started process (PID=6655) to work on /home/airflow/.local/lib/python3.7/site-packages/airflow/example_dags/tutorial_etl_dag.py
[2022-12-23 22:58:05,984] {processor.py:641} INFO - Processing file /home/airflow/.local/lib/python3.7/site-packages/airflow/example_dags/tutorial_etl_dag.py for tasks to queue
[2022-12-23 22:58:05,985] {logging_mixin.py:115} INFO - [2022-12-23 22:58:05,985] {dagbag.py:507} INFO - Filling up the DagBag from /home/airflow/.local/lib/python3.7/site-packages/airflow/example_dags/tutorial_etl_dag.py
[2022-12-23 22:58:05,992] {processor.py:651} INFO - DAG(s) dict_keys(['tutorial_etl_dag']) retrieved from /home/airflow/.local/lib/python3.7/site-packages/airflow/example_dags/tutorial_etl_dag.py
[2022-12-23 22:58:06,025] {logging_mixin.py:115} INFO - [2022-12-23 22:58:06,024] {dag.py:2371} INFO - Sync 1 DAGs
[2022-12-23 22:58:06,052] {logging_mixin.py:115} INFO - [2022-12-23 22:58:06,051] {dag.py:2919} INFO - Setting next_dagrun for tutorial_etl_dag to None, run_after=None
[2022-12-23 22:58:06,065] {processor.py:161} INFO - Processing /home/airflow/.local/lib/python3.7/site-packages/airflow/example_dags/tutorial_etl_dag.py took 0.085 seconds
[2022-12-23 22:58:36,198] {processor.py:153} INFO - Started process (PID=6857) to work on /home/airflow/.local/lib/python3.7/site-packages/airflow/example_dags/tutorial_etl_dag.py
[2022-12-23 22:58:36,199] {processor.py:641} INFO - Processing file /home/airflow/.local/lib/python3.7/site-packages/airflow/example_dags/tutorial_etl_dag.py for tasks to queue
[2022-12-23 22:58:36,200] {logging_mixin.py:115} INFO - [2022-12-23 22:58:36,200] {dagbag.py:507} INFO - Filling up the DagBag from /home/airflow/.local/lib/python3.7/site-packages/airflow/example_dags/tutorial_etl_dag.py
[2022-12-23 22:58:36,206] {processor.py:651} INFO - DAG(s) dict_keys(['tutorial_etl_dag']) retrieved from /home/airflow/.local/lib/python3.7/site-packages/airflow/example_dags/tutorial_etl_dag.py
[2022-12-23 22:58:36,231] {logging_mixin.py:115} INFO - [2022-12-23 22:58:36,231] {dag.py:2371} INFO - Sync 1 DAGs
[2022-12-23 22:58:36,247] {logging_mixin.py:115} INFO - [2022-12-23 22:58:36,247] {dag.py:2919} INFO - Setting next_dagrun for tutorial_etl_dag to None, run_after=None
[2022-12-23 22:58:36,255] {processor.py:161} INFO - Processing /home/airflow/.local/lib/python3.7/site-packages/airflow/example_dags/tutorial_etl_dag.py took 0.060 seconds
[2022-12-23 22:59:06,378] {processor.py:153} INFO - Started process (PID=7059) to work on /home/airflow/.local/lib/python3.7/site-packages/airflow/example_dags/tutorial_etl_dag.py
[2022-12-23 22:59:06,379] {processor.py:641} INFO - Processing file /home/airflow/.local/lib/python3.7/site-packages/airflow/example_dags/tutorial_etl_dag.py for tasks to queue
[2022-12-23 22:59:06,380] {logging_mixin.py:115} INFO - [2022-12-23 22:59:06,380] {dagbag.py:507} INFO - Filling up the DagBag from /home/airflow/.local/lib/python3.7/site-packages/airflow/example_dags/tutorial_etl_dag.py
[2022-12-23 22:59:06,388] {processor.py:651} INFO - DAG(s) dict_keys(['tutorial_etl_dag']) retrieved from /home/airflow/.local/lib/python3.7/site-packages/airflow/example_dags/tutorial_etl_dag.py
[2022-12-23 22:59:06,417] {logging_mixin.py:115} INFO - [2022-12-23 22:59:06,417] {dag.py:2371} INFO - Sync 1 DAGs
[2022-12-23 22:59:06,437] {logging_mixin.py:115} INFO - [2022-12-23 22:59:06,436] {dag.py:2919} INFO - Setting next_dagrun for tutorial_etl_dag to None, run_after=None
[2022-12-23 22:59:06,448] {processor.py:161} INFO - Processing /home/airflow/.local/lib/python3.7/site-packages/airflow/example_dags/tutorial_etl_dag.py took 0.073 seconds
[2022-12-23 22:59:36,827] {processor.py:153} INFO - Started process (PID=7254) to work on /home/airflow/.local/lib/python3.7/site-packages/airflow/example_dags/tutorial_etl_dag.py
[2022-12-23 22:59:36,828] {processor.py:641} INFO - Processing file /home/airflow/.local/lib/python3.7/site-packages/airflow/example_dags/tutorial_etl_dag.py for tasks to queue
[2022-12-23 22:59:36,829] {logging_mixin.py:115} INFO - [2022-12-23 22:59:36,829] {dagbag.py:507} INFO - Filling up the DagBag from /home/airflow/.local/lib/python3.7/site-packages/airflow/example_dags/tutorial_etl_dag.py
[2022-12-23 22:59:36,835] {processor.py:651} INFO - DAG(s) dict_keys(['tutorial_etl_dag']) retrieved from /home/airflow/.local/lib/python3.7/site-packages/airflow/example_dags/tutorial_etl_dag.py
[2022-12-23 22:59:36,858] {logging_mixin.py:115} INFO - [2022-12-23 22:59:36,858] {dag.py:2371} INFO - Sync 1 DAGs
[2022-12-23 22:59:36,874] {logging_mixin.py:115} INFO - [2022-12-23 22:59:36,874] {dag.py:2919} INFO - Setting next_dagrun for tutorial_etl_dag to None, run_after=None
[2022-12-23 22:59:36,882] {processor.py:161} INFO - Processing /home/airflow/.local/lib/python3.7/site-packages/airflow/example_dags/tutorial_etl_dag.py took 0.058 seconds
[2022-12-23 23:00:06,977] {processor.py:153} INFO - Started process (PID=7459) to work on /home/airflow/.local/lib/python3.7/site-packages/airflow/example_dags/tutorial_etl_dag.py
[2022-12-23 23:00:06,978] {processor.py:641} INFO - Processing file /home/airflow/.local/lib/python3.7/site-packages/airflow/example_dags/tutorial_etl_dag.py for tasks to queue
[2022-12-23 23:00:06,979] {logging_mixin.py:115} INFO - [2022-12-23 23:00:06,979] {dagbag.py:507} INFO - Filling up the DagBag from /home/airflow/.local/lib/python3.7/site-packages/airflow/example_dags/tutorial_etl_dag.py
[2022-12-23 23:00:06,985] {processor.py:651} INFO - DAG(s) dict_keys(['tutorial_etl_dag']) retrieved from /home/airflow/.local/lib/python3.7/site-packages/airflow/example_dags/tutorial_etl_dag.py
[2022-12-23 23:00:07,008] {logging_mixin.py:115} INFO - [2022-12-23 23:00:07,008] {dag.py:2371} INFO - Sync 1 DAGs
[2022-12-23 23:00:07,022] {logging_mixin.py:115} INFO - [2022-12-23 23:00:07,022] {dag.py:2919} INFO - Setting next_dagrun for tutorial_etl_dag to None, run_after=None
[2022-12-23 23:00:07,031] {processor.py:161} INFO - Processing /home/airflow/.local/lib/python3.7/site-packages/airflow/example_dags/tutorial_etl_dag.py took 0.057 seconds
[2022-12-23 23:00:37,300] {processor.py:153} INFO - Started process (PID=7663) to work on /home/airflow/.local/lib/python3.7/site-packages/airflow/example_dags/tutorial_etl_dag.py
[2022-12-23 23:00:37,301] {processor.py:641} INFO - Processing file /home/airflow/.local/lib/python3.7/site-packages/airflow/example_dags/tutorial_etl_dag.py for tasks to queue
[2022-12-23 23:00:37,302] {logging_mixin.py:115} INFO - [2022-12-23 23:00:37,302] {dagbag.py:507} INFO - Filling up the DagBag from /home/airflow/.local/lib/python3.7/site-packages/airflow/example_dags/tutorial_etl_dag.py
[2022-12-23 23:00:37,308] {processor.py:651} INFO - DAG(s) dict_keys(['tutorial_etl_dag']) retrieved from /home/airflow/.local/lib/python3.7/site-packages/airflow/example_dags/tutorial_etl_dag.py
[2022-12-23 23:00:37,331] {logging_mixin.py:115} INFO - [2022-12-23 23:00:37,331] {dag.py:2371} INFO - Sync 1 DAGs
[2022-12-23 23:00:37,348] {logging_mixin.py:115} INFO - [2022-12-23 23:00:37,348] {dag.py:2919} INFO - Setting next_dagrun for tutorial_etl_dag to None, run_after=None
[2022-12-23 23:00:37,356] {processor.py:161} INFO - Processing /home/airflow/.local/lib/python3.7/site-packages/airflow/example_dags/tutorial_etl_dag.py took 0.059 seconds
[2022-12-23 23:01:07,535] {processor.py:153} INFO - Started process (PID=7866) to work on /home/airflow/.local/lib/python3.7/site-packages/airflow/example_dags/tutorial_etl_dag.py
[2022-12-23 23:01:07,536] {processor.py:641} INFO - Processing file /home/airflow/.local/lib/python3.7/site-packages/airflow/example_dags/tutorial_etl_dag.py for tasks to queue
[2022-12-23 23:01:07,537] {logging_mixin.py:115} INFO - [2022-12-23 23:01:07,537] {dagbag.py:507} INFO - Filling up the DagBag from /home/airflow/.local/lib/python3.7/site-packages/airflow/example_dags/tutorial_etl_dag.py
[2022-12-23 23:01:07,543] {processor.py:651} INFO - DAG(s) dict_keys(['tutorial_etl_dag']) retrieved from /home/airflow/.local/lib/python3.7/site-packages/airflow/example_dags/tutorial_etl_dag.py
[2022-12-23 23:01:07,566] {logging_mixin.py:115} INFO - [2022-12-23 23:01:07,566] {dag.py:2371} INFO - Sync 1 DAGs
[2022-12-23 23:01:07,583] {logging_mixin.py:115} INFO - [2022-12-23 23:01:07,583] {dag.py:2919} INFO - Setting next_dagrun for tutorial_etl_dag to None, run_after=None
[2022-12-23 23:01:07,592] {processor.py:161} INFO - Processing /home/airflow/.local/lib/python3.7/site-packages/airflow/example_dags/tutorial_etl_dag.py took 0.060 seconds
[2022-12-23 23:03:19,145] {processor.py:153} INFO - Started process (PID=47) to work on /home/airflow/.local/lib/python3.7/site-packages/airflow/example_dags/tutorial_etl_dag.py
[2022-12-23 23:03:19,171] {processor.py:641} INFO - Processing file /home/airflow/.local/lib/python3.7/site-packages/airflow/example_dags/tutorial_etl_dag.py for tasks to queue
[2022-12-23 23:03:19,174] {logging_mixin.py:115} INFO - [2022-12-23 23:03:19,174] {dagbag.py:507} INFO - Filling up the DagBag from /home/airflow/.local/lib/python3.7/site-packages/airflow/example_dags/tutorial_etl_dag.py
[2022-12-23 23:03:19,256] {processor.py:651} INFO - DAG(s) dict_keys(['tutorial_etl_dag']) retrieved from /home/airflow/.local/lib/python3.7/site-packages/airflow/example_dags/tutorial_etl_dag.py
[2022-12-23 23:03:20,529] {logging_mixin.py:115} INFO - [2022-12-23 23:03:20,529] {manager.py:508} INFO - Created Permission View: can read on DAG:tutorial_etl_dag
[2022-12-23 23:03:20,566] {logging_mixin.py:115} INFO - [2022-12-23 23:03:20,566] {manager.py:508} INFO - Created Permission View: can edit on DAG:tutorial_etl_dag
[2022-12-23 23:03:20,589] {logging_mixin.py:115} INFO - [2022-12-23 23:03:20,589] {manager.py:508} INFO - Created Permission View: can delete on DAG:tutorial_etl_dag
[2022-12-23 23:03:20,592] {logging_mixin.py:115} INFO - [2022-12-23 23:03:20,592] {dag.py:2371} INFO - Sync 1 DAGs
[2022-12-23 23:03:20,774] {logging_mixin.py:115} INFO - [2022-12-23 23:03:20,774] {dag.py:2390} INFO - Creating ORM DAG for tutorial_etl_dag
[2022-12-23 23:03:20,825] {logging_mixin.py:115} INFO - [2022-12-23 23:03:20,825] {dag.py:2919} INFO - Setting next_dagrun for tutorial_etl_dag to None, run_after=None
[2022-12-23 23:03:20,849] {processor.py:161} INFO - Processing /home/airflow/.local/lib/python3.7/site-packages/airflow/example_dags/tutorial_etl_dag.py took 1.736 seconds
[2022-12-23 23:03:51,289] {processor.py:153} INFO - Started process (PID=101) to work on /home/airflow/.local/lib/python3.7/site-packages/airflow/example_dags/tutorial_etl_dag.py
[2022-12-23 23:03:51,291] {processor.py:641} INFO - Processing file /home/airflow/.local/lib/python3.7/site-packages/airflow/example_dags/tutorial_etl_dag.py for tasks to queue
[2022-12-23 23:03:51,291] {logging_mixin.py:115} INFO - [2022-12-23 23:03:51,291] {dagbag.py:507} INFO - Filling up the DagBag from /home/airflow/.local/lib/python3.7/site-packages/airflow/example_dags/tutorial_etl_dag.py
[2022-12-23 23:03:51,298] {processor.py:651} INFO - DAG(s) dict_keys(['tutorial_etl_dag']) retrieved from /home/airflow/.local/lib/python3.7/site-packages/airflow/example_dags/tutorial_etl_dag.py
[2022-12-23 23:03:51,323] {logging_mixin.py:115} INFO - [2022-12-23 23:03:51,323] {dag.py:2371} INFO - Sync 1 DAGs
[2022-12-23 23:03:51,341] {logging_mixin.py:115} INFO - [2022-12-23 23:03:51,341] {dag.py:2919} INFO - Setting next_dagrun for tutorial_etl_dag to None, run_after=None
[2022-12-23 23:03:51,446] {processor.py:161} INFO - Processing /home/airflow/.local/lib/python3.7/site-packages/airflow/example_dags/tutorial_etl_dag.py took 0.160 seconds
[2022-12-23 23:04:21,774] {processor.py:153} INFO - Started process (PID=164) to work on /home/airflow/.local/lib/python3.7/site-packages/airflow/example_dags/tutorial_etl_dag.py
[2022-12-23 23:04:21,777] {processor.py:641} INFO - Processing file /home/airflow/.local/lib/python3.7/site-packages/airflow/example_dags/tutorial_etl_dag.py for tasks to queue
[2022-12-23 23:04:21,778] {logging_mixin.py:115} INFO - [2022-12-23 23:04:21,778] {dagbag.py:507} INFO - Filling up the DagBag from /home/airflow/.local/lib/python3.7/site-packages/airflow/example_dags/tutorial_etl_dag.py
[2022-12-23 23:04:21,786] {processor.py:651} INFO - DAG(s) dict_keys(['tutorial_etl_dag']) retrieved from /home/airflow/.local/lib/python3.7/site-packages/airflow/example_dags/tutorial_etl_dag.py
[2022-12-23 23:04:21,810] {logging_mixin.py:115} INFO - [2022-12-23 23:04:21,810] {dag.py:2371} INFO - Sync 1 DAGs
[2022-12-23 23:04:21,831] {logging_mixin.py:115} INFO - [2022-12-23 23:04:21,831] {dag.py:2919} INFO - Setting next_dagrun for tutorial_etl_dag to None, run_after=None
[2022-12-23 23:04:21,933] {processor.py:161} INFO - Processing /home/airflow/.local/lib/python3.7/site-packages/airflow/example_dags/tutorial_etl_dag.py took 0.163 seconds
[2022-12-23 23:04:52,020] {processor.py:153} INFO - Started process (PID=227) to work on /home/airflow/.local/lib/python3.7/site-packages/airflow/example_dags/tutorial_etl_dag.py
[2022-12-23 23:04:52,022] {processor.py:641} INFO - Processing file /home/airflow/.local/lib/python3.7/site-packages/airflow/example_dags/tutorial_etl_dag.py for tasks to queue
[2022-12-23 23:04:52,023] {logging_mixin.py:115} INFO - [2022-12-23 23:04:52,023] {dagbag.py:507} INFO - Filling up the DagBag from /home/airflow/.local/lib/python3.7/site-packages/airflow/example_dags/tutorial_etl_dag.py
[2022-12-23 23:04:52,030] {processor.py:651} INFO - DAG(s) dict_keys(['tutorial_etl_dag']) retrieved from /home/airflow/.local/lib/python3.7/site-packages/airflow/example_dags/tutorial_etl_dag.py
[2022-12-23 23:04:52,053] {logging_mixin.py:115} INFO - [2022-12-23 23:04:52,053] {dag.py:2371} INFO - Sync 1 DAGs
[2022-12-23 23:04:52,070] {logging_mixin.py:115} INFO - [2022-12-23 23:04:52,070] {dag.py:2919} INFO - Setting next_dagrun for tutorial_etl_dag to None, run_after=None
[2022-12-23 23:04:52,180] {processor.py:161} INFO - Processing /home/airflow/.local/lib/python3.7/site-packages/airflow/example_dags/tutorial_etl_dag.py took 0.163 seconds
[2022-12-23 23:05:22,624] {processor.py:153} INFO - Started process (PID=287) to work on /home/airflow/.local/lib/python3.7/site-packages/airflow/example_dags/tutorial_etl_dag.py
[2022-12-23 23:05:22,626] {processor.py:641} INFO - Processing file /home/airflow/.local/lib/python3.7/site-packages/airflow/example_dags/tutorial_etl_dag.py for tasks to queue
[2022-12-23 23:05:22,627] {logging_mixin.py:115} INFO - [2022-12-23 23:05:22,627] {dagbag.py:507} INFO - Filling up the DagBag from /home/airflow/.local/lib/python3.7/site-packages/airflow/example_dags/tutorial_etl_dag.py
[2022-12-23 23:05:22,635] {processor.py:651} INFO - DAG(s) dict_keys(['tutorial_etl_dag']) retrieved from /home/airflow/.local/lib/python3.7/site-packages/airflow/example_dags/tutorial_etl_dag.py
[2022-12-23 23:05:22,661] {logging_mixin.py:115} INFO - [2022-12-23 23:05:22,661] {dag.py:2371} INFO - Sync 1 DAGs
[2022-12-23 23:05:22,678] {logging_mixin.py:115} INFO - [2022-12-23 23:05:22,678] {dag.py:2919} INFO - Setting next_dagrun for tutorial_etl_dag to None, run_after=None
[2022-12-23 23:05:22,782] {processor.py:161} INFO - Processing /home/airflow/.local/lib/python3.7/site-packages/airflow/example_dags/tutorial_etl_dag.py took 0.163 seconds
[2022-12-23 23:05:52,975] {processor.py:153} INFO - Started process (PID=344) to work on /home/airflow/.local/lib/python3.7/site-packages/airflow/example_dags/tutorial_etl_dag.py
[2022-12-23 23:05:52,977] {processor.py:641} INFO - Processing file /home/airflow/.local/lib/python3.7/site-packages/airflow/example_dags/tutorial_etl_dag.py for tasks to queue
[2022-12-23 23:05:52,979] {logging_mixin.py:115} INFO - [2022-12-23 23:05:52,979] {dagbag.py:507} INFO - Filling up the DagBag from /home/airflow/.local/lib/python3.7/site-packages/airflow/example_dags/tutorial_etl_dag.py
[2022-12-23 23:05:52,987] {processor.py:651} INFO - DAG(s) dict_keys(['tutorial_etl_dag']) retrieved from /home/airflow/.local/lib/python3.7/site-packages/airflow/example_dags/tutorial_etl_dag.py
[2022-12-23 23:05:53,015] {logging_mixin.py:115} INFO - [2022-12-23 23:05:53,015] {dag.py:2371} INFO - Sync 1 DAGs
[2022-12-23 23:05:53,032] {logging_mixin.py:115} INFO - [2022-12-23 23:05:53,032] {dag.py:2919} INFO - Setting next_dagrun for tutorial_etl_dag to None, run_after=None
[2022-12-23 23:05:53,140] {processor.py:161} INFO - Processing /home/airflow/.local/lib/python3.7/site-packages/airflow/example_dags/tutorial_etl_dag.py took 0.169 seconds
[2022-12-23 23:06:23,304] {processor.py:153} INFO - Started process (PID=407) to work on /home/airflow/.local/lib/python3.7/site-packages/airflow/example_dags/tutorial_etl_dag.py
[2022-12-23 23:06:23,306] {processor.py:641} INFO - Processing file /home/airflow/.local/lib/python3.7/site-packages/airflow/example_dags/tutorial_etl_dag.py for tasks to queue
[2022-12-23 23:06:23,308] {logging_mixin.py:115} INFO - [2022-12-23 23:06:23,308] {dagbag.py:507} INFO - Filling up the DagBag from /home/airflow/.local/lib/python3.7/site-packages/airflow/example_dags/tutorial_etl_dag.py
[2022-12-23 23:06:23,319] {processor.py:651} INFO - DAG(s) dict_keys(['tutorial_etl_dag']) retrieved from /home/airflow/.local/lib/python3.7/site-packages/airflow/example_dags/tutorial_etl_dag.py
[2022-12-23 23:06:23,349] {logging_mixin.py:115} INFO - [2022-12-23 23:06:23,349] {dag.py:2371} INFO - Sync 1 DAGs
[2022-12-23 23:06:23,368] {logging_mixin.py:115} INFO - [2022-12-23 23:06:23,367] {dag.py:2919} INFO - Setting next_dagrun for tutorial_etl_dag to None, run_after=None
[2022-12-23 23:06:23,484] {processor.py:161} INFO - Processing /home/airflow/.local/lib/python3.7/site-packages/airflow/example_dags/tutorial_etl_dag.py took 0.185 seconds
[2022-12-23 23:06:53,920] {processor.py:153} INFO - Started process (PID=470) to work on /home/airflow/.local/lib/python3.7/site-packages/airflow/example_dags/tutorial_etl_dag.py
[2022-12-23 23:06:53,922] {processor.py:641} INFO - Processing file /home/airflow/.local/lib/python3.7/site-packages/airflow/example_dags/tutorial_etl_dag.py for tasks to queue
[2022-12-23 23:06:53,923] {logging_mixin.py:115} INFO - [2022-12-23 23:06:53,923] {dagbag.py:507} INFO - Filling up the DagBag from /home/airflow/.local/lib/python3.7/site-packages/airflow/example_dags/tutorial_etl_dag.py
[2022-12-23 23:06:53,930] {processor.py:651} INFO - DAG(s) dict_keys(['tutorial_etl_dag']) retrieved from /home/airflow/.local/lib/python3.7/site-packages/airflow/example_dags/tutorial_etl_dag.py
[2022-12-23 23:06:53,957] {logging_mixin.py:115} INFO - [2022-12-23 23:06:53,957] {dag.py:2371} INFO - Sync 1 DAGs
[2022-12-23 23:06:53,976] {logging_mixin.py:115} INFO - [2022-12-23 23:06:53,976] {dag.py:2919} INFO - Setting next_dagrun for tutorial_etl_dag to None, run_after=None
[2022-12-23 23:06:54,085] {processor.py:161} INFO - Processing /home/airflow/.local/lib/python3.7/site-packages/airflow/example_dags/tutorial_etl_dag.py took 0.169 seconds
[2022-12-23 23:07:24,294] {processor.py:153} INFO - Started process (PID=533) to work on /home/airflow/.local/lib/python3.7/site-packages/airflow/example_dags/tutorial_etl_dag.py
[2022-12-23 23:07:24,296] {processor.py:641} INFO - Processing file /home/airflow/.local/lib/python3.7/site-packages/airflow/example_dags/tutorial_etl_dag.py for tasks to queue
[2022-12-23 23:07:24,297] {logging_mixin.py:115} INFO - [2022-12-23 23:07:24,297] {dagbag.py:507} INFO - Filling up the DagBag from /home/airflow/.local/lib/python3.7/site-packages/airflow/example_dags/tutorial_etl_dag.py
[2022-12-23 23:07:24,305] {processor.py:651} INFO - DAG(s) dict_keys(['tutorial_etl_dag']) retrieved from /home/airflow/.local/lib/python3.7/site-packages/airflow/example_dags/tutorial_etl_dag.py
[2022-12-23 23:07:24,333] {logging_mixin.py:115} INFO - [2022-12-23 23:07:24,333] {dag.py:2371} INFO - Sync 1 DAGs
[2022-12-23 23:07:24,353] {logging_mixin.py:115} INFO - [2022-12-23 23:07:24,353] {dag.py:2919} INFO - Setting next_dagrun for tutorial_etl_dag to None, run_after=None
[2022-12-23 23:07:24,512] {processor.py:161} INFO - Processing /home/airflow/.local/lib/python3.7/site-packages/airflow/example_dags/tutorial_etl_dag.py took 0.221 seconds
[2022-12-23 23:07:54,739] {processor.py:153} INFO - Started process (PID=587) to work on /home/airflow/.local/lib/python3.7/site-packages/airflow/example_dags/tutorial_etl_dag.py
[2022-12-23 23:07:54,741] {processor.py:641} INFO - Processing file /home/airflow/.local/lib/python3.7/site-packages/airflow/example_dags/tutorial_etl_dag.py for tasks to queue
[2022-12-23 23:07:54,742] {logging_mixin.py:115} INFO - [2022-12-23 23:07:54,742] {dagbag.py:507} INFO - Filling up the DagBag from /home/airflow/.local/lib/python3.7/site-packages/airflow/example_dags/tutorial_etl_dag.py
[2022-12-23 23:07:54,748] {processor.py:651} INFO - DAG(s) dict_keys(['tutorial_etl_dag']) retrieved from /home/airflow/.local/lib/python3.7/site-packages/airflow/example_dags/tutorial_etl_dag.py
[2022-12-23 23:07:54,772] {logging_mixin.py:115} INFO - [2022-12-23 23:07:54,772] {dag.py:2371} INFO - Sync 1 DAGs
[2022-12-23 23:07:54,789] {logging_mixin.py:115} INFO - [2022-12-23 23:07:54,789] {dag.py:2919} INFO - Setting next_dagrun for tutorial_etl_dag to None, run_after=None
[2022-12-23 23:07:54,898] {processor.py:161} INFO - Processing /home/airflow/.local/lib/python3.7/site-packages/airflow/example_dags/tutorial_etl_dag.py took 0.162 seconds
[2022-12-23 23:08:25,144] {processor.py:153} INFO - Started process (PID=651) to work on /home/airflow/.local/lib/python3.7/site-packages/airflow/example_dags/tutorial_etl_dag.py
[2022-12-23 23:08:25,149] {processor.py:641} INFO - Processing file /home/airflow/.local/lib/python3.7/site-packages/airflow/example_dags/tutorial_etl_dag.py for tasks to queue
[2022-12-23 23:08:25,150] {logging_mixin.py:115} INFO - [2022-12-23 23:08:25,150] {dagbag.py:507} INFO - Filling up the DagBag from /home/airflow/.local/lib/python3.7/site-packages/airflow/example_dags/tutorial_etl_dag.py
[2022-12-23 23:08:25,159] {processor.py:651} INFO - DAG(s) dict_keys(['tutorial_etl_dag']) retrieved from /home/airflow/.local/lib/python3.7/site-packages/airflow/example_dags/tutorial_etl_dag.py
[2022-12-23 23:08:25,184] {logging_mixin.py:115} INFO - [2022-12-23 23:08:25,184] {dag.py:2371} INFO - Sync 1 DAGs
[2022-12-23 23:08:25,295] {logging_mixin.py:115} INFO - [2022-12-23 23:08:25,295] {dag.py:2919} INFO - Setting next_dagrun for tutorial_etl_dag to None, run_after=None
[2022-12-23 23:08:25,303] {processor.py:161} INFO - Processing /home/airflow/.local/lib/python3.7/site-packages/airflow/example_dags/tutorial_etl_dag.py took 0.163 seconds
