[2022-12-27 21:59:12,633] {taskinstance.py:1159} INFO - Dependencies all met for <TaskInstance: parking_pipeline.is_api_available manual__2022-12-27T21:59:11.838833+00:00 [queued]>
[2022-12-27 21:59:12,641] {taskinstance.py:1159} INFO - Dependencies all met for <TaskInstance: parking_pipeline.is_api_available manual__2022-12-27T21:59:11.838833+00:00 [queued]>
[2022-12-27 21:59:12,642] {taskinstance.py:1356} INFO - 
--------------------------------------------------------------------------------
[2022-12-27 21:59:12,643] {taskinstance.py:1357} INFO - Starting attempt 1 of 2
[2022-12-27 21:59:12,643] {taskinstance.py:1358} INFO - 
--------------------------------------------------------------------------------
[2022-12-27 21:59:12,654] {taskinstance.py:1377} INFO - Executing <Task(HttpSensor): is_api_available> on 2022-12-27 21:59:11.838833+00:00
[2022-12-27 21:59:12,661] {standard_task_runner.py:52} INFO - Started process 11069 to run task
[2022-12-27 21:59:12,666] {standard_task_runner.py:79} INFO - Running: ['***', 'tasks', 'run', 'parking_pipeline', 'is_api_available', 'manual__2022-12-27T21:59:11.838833+00:00', '--job-id', '626', '--raw', '--subdir', 'DAGS_FOLDER/parking_dag.py', '--cfg-path', '/tmp/tmpe5ob_l_3', '--error-file', '/tmp/tmpse95s8jq']
[2022-12-27 21:59:12,667] {standard_task_runner.py:80} INFO - Job 626: Subtask is_api_available
[2022-12-27 21:59:12,739] {task_command.py:369} INFO - Running <TaskInstance: parking_pipeline.is_api_available manual__2022-12-27T21:59:11.838833+00:00 [running]> on host 8fbeee8d3d5a
[2022-12-27 21:59:12,824] {taskinstance.py:1571} INFO - Exporting the following env vars:
AIRFLOW_CTX_DAG_OWNER=Airflow
AIRFLOW_CTX_DAG_ID=parking_pipeline
AIRFLOW_CTX_TASK_ID=is_api_available
AIRFLOW_CTX_EXECUTION_DATE=2022-12-27T21:59:11.838833+00:00
AIRFLOW_CTX_TRY_NUMBER=1
AIRFLOW_CTX_DAG_RUN_ID=manual__2022-12-27T21:59:11.838833+00:00
[2022-12-27 21:59:12,826] {http.py:97} INFO - Poking: 
[2022-12-27 21:59:12,842] {base.py:68} INFO - Using connection ID 'is_api_available' for task execution.
[2022-12-27 21:59:12,844] {http.py:129} INFO - Sending 'GET' to url: https://datahub-v2.arlingtonva.us/api/ParkingMeter/ParkingTransactions
[2022-12-27 21:59:13,011] {base.py:301} INFO - Success criteria met. Exiting.
[2022-12-27 21:59:13,027] {taskinstance.py:1400} INFO - Marking task as SUCCESS. dag_id=parking_pipeline, task_id=is_api_available, execution_date=20221227T215911, start_date=20221227T215912, end_date=20221227T215913
[2022-12-27 21:59:13,084] {local_task_job.py:156} INFO - Task exited with return code 0
[2022-12-27 21:59:13,134] {local_task_job.py:273} INFO - 1 downstream tasks scheduled from follow-on schedule check
