[2024-10-29 02:59:16,862] {taskinstance.py:1159} INFO - Dependencies all met for <TaskInstance: parking_pipeline.store_data_json scheduled__2024-10-29T02:57:06.469061+00:00 [queued]>
[2024-10-29 02:59:16,882] {taskinstance.py:1159} INFO - Dependencies all met for <TaskInstance: parking_pipeline.store_data_json scheduled__2024-10-29T02:57:06.469061+00:00 [queued]>
[2024-10-29 02:59:16,883] {taskinstance.py:1356} INFO - 
--------------------------------------------------------------------------------
[2024-10-29 02:59:16,894] {taskinstance.py:1357} INFO - Starting attempt 1 of 2
[2024-10-29 02:59:16,895] {taskinstance.py:1358} INFO - 
--------------------------------------------------------------------------------
[2024-10-29 02:59:16,934] {taskinstance.py:1377} INFO - Executing <Task(PythonOperator): store_data_json> on 2024-10-29 02:57:06.469061+00:00
[2024-10-29 02:59:16,945] {standard_task_runner.py:52} INFO - Started process 756 to run task
[2024-10-29 02:59:16,951] {standard_task_runner.py:79} INFO - Running: ['***', 'tasks', 'run', 'parking_pipeline', 'store_data_json', 'scheduled__2024-10-29T02:57:06.469061+00:00', '--job-id', '733', '--raw', '--subdir', 'DAGS_FOLDER/parking_dag.py', '--cfg-path', '/tmp/tmpv8w7teyk', '--error-file', '/tmp/tmp7bpgz1gz']
[2024-10-29 02:59:16,955] {standard_task_runner.py:80} INFO - Job 733: Subtask store_data_json
[2024-10-29 02:59:17,061] {task_command.py:369} INFO - Running <TaskInstance: parking_pipeline.store_data_json scheduled__2024-10-29T02:57:06.469061+00:00 [running]> on host 6da7af54a32a
[2024-10-29 02:59:17,243] {taskinstance.py:1571} INFO - Exporting the following env vars:
AIRFLOW_CTX_DAG_OWNER=Airflow
AIRFLOW_CTX_DAG_ID=parking_pipeline
AIRFLOW_CTX_TASK_ID=store_data_json
AIRFLOW_CTX_EXECUTION_DATE=2024-10-29T02:57:06.469061+00:00
AIRFLOW_CTX_TRY_NUMBER=1
AIRFLOW_CTX_DAG_RUN_ID=scheduled__2024-10-29T02:57:06.469061+00:00
[2024-10-29 02:59:17,285] {logging_mixin.py:115} INFO - Error storing data in JSON format: 'Variable parking_data_json_path does not exist'. Task will continue.
[2024-10-29 02:59:17,287] {python.py:173} INFO - Done. Returned value was: None
[2024-10-29 02:59:17,325] {taskinstance.py:1400} INFO - Marking task as SUCCESS. dag_id=parking_pipeline, task_id=store_data_json, execution_date=20241029T025706, start_date=20241029T025916, end_date=20241029T025917
[2024-10-29 02:59:17,371] {local_task_job.py:156} INFO - Task exited with return code 0
[2024-10-29 02:59:17,468] {local_task_job.py:273} INFO - 1 downstream tasks scheduled from follow-on schedule check
