[2022-12-26 21:17:56,942] {taskinstance.py:1159} INFO - Dependencies all met for <TaskInstance: parking_pipeline.create_table manual__2022-12-26T21:17:54.473812+00:00 [queued]>
[2022-12-26 21:17:56,958] {taskinstance.py:1159} INFO - Dependencies all met for <TaskInstance: parking_pipeline.create_table manual__2022-12-26T21:17:54.473812+00:00 [queued]>
[2022-12-26 21:17:56,959] {taskinstance.py:1356} INFO - 
--------------------------------------------------------------------------------
[2022-12-26 21:17:56,960] {taskinstance.py:1357} INFO - Starting attempt 1 of 2
[2022-12-26 21:17:56,961] {taskinstance.py:1358} INFO - 
--------------------------------------------------------------------------------
[2022-12-26 21:17:56,975] {taskinstance.py:1377} INFO - Executing <Task(PostgresOperator): create_table> on 2022-12-26 21:17:54.473812+00:00
[2022-12-26 21:17:56,983] {standard_task_runner.py:52} INFO - Started process 4315 to run task
[2022-12-26 21:17:56,992] {standard_task_runner.py:79} INFO - Running: ['***', 'tasks', 'run', 'parking_pipeline', 'create_table', 'manual__2022-12-26T21:17:54.473812+00:00', '--job-id', '169', '--raw', '--subdir', 'DAGS_FOLDER/parking_dag.py', '--cfg-path', '/tmp/tmph31gvp9_', '--error-file', '/tmp/tmpphumzf65']
[2022-12-26 21:17:56,996] {standard_task_runner.py:80} INFO - Job 169: Subtask create_table
[2022-12-26 21:17:57,079] {task_command.py:369} INFO - Running <TaskInstance: parking_pipeline.create_table manual__2022-12-26T21:17:54.473812+00:00 [running]> on host 3d3eee352115
[2022-12-26 21:17:57,151] {taskinstance.py:1571} INFO - Exporting the following env vars:
AIRFLOW_CTX_DAG_OWNER=Airflow
AIRFLOW_CTX_DAG_ID=parking_pipeline
AIRFLOW_CTX_TASK_ID=create_table
AIRFLOW_CTX_EXECUTION_DATE=2022-12-26T21:17:54.473812+00:00
AIRFLOW_CTX_TRY_NUMBER=1
AIRFLOW_CTX_DAG_RUN_ID=manual__2022-12-26T21:17:54.473812+00:00
[2022-12-26 21:17:57,161] {base.py:68} INFO - Using connection ID 'postgres' for task execution.
[2022-12-26 21:17:57,168] {dbapi.py:208} INFO - Running statement: 
            drop table if exists parking_data;
            create table parking_data(
                parkingTransactionKey int not null,
                symbol text not null
            );
        , parameters: None
[2022-12-26 21:17:57,190] {taskinstance.py:1400} INFO - Marking task as SUCCESS. dag_id=parking_pipeline, task_id=create_table, execution_date=20221226T211754, start_date=20221226T211756, end_date=20221226T211757
[2022-12-26 21:17:57,254] {local_task_job.py:156} INFO - Task exited with return code 0
[2022-12-26 21:17:57,575] {local_task_job.py:273} INFO - 1 downstream tasks scheduled from follow-on schedule check
