[2022-12-27 20:32:53,203] {taskinstance.py:1159} INFO - Dependencies all met for <TaskInstance: parking_pipeline.transform_data manual__2022-12-27T20:32:48.923729+00:00 [queued]>
[2022-12-27 20:32:53,210] {taskinstance.py:1159} INFO - Dependencies all met for <TaskInstance: parking_pipeline.transform_data manual__2022-12-27T20:32:48.923729+00:00 [queued]>
[2022-12-27 20:32:53,211] {taskinstance.py:1356} INFO - 
--------------------------------------------------------------------------------
[2022-12-27 20:32:53,211] {taskinstance.py:1357} INFO - Starting attempt 1 of 2
[2022-12-27 20:32:53,212] {taskinstance.py:1358} INFO - 
--------------------------------------------------------------------------------
[2022-12-27 20:32:53,221] {taskinstance.py:1377} INFO - Executing <Task(PythonOperator): transform_data> on 2022-12-27 20:32:48.923729+00:00
[2022-12-27 20:32:53,226] {standard_task_runner.py:52} INFO - Started process 6508 to run task
[2022-12-27 20:32:53,230] {standard_task_runner.py:79} INFO - Running: ['***', 'tasks', 'run', 'parking_pipeline', 'transform_data', 'manual__2022-12-27T20:32:48.923729+00:00', '--job-id', '215', '--raw', '--subdir', 'DAGS_FOLDER/parking_dag.py', '--cfg-path', '/tmp/tmpi6tab2lk', '--error-file', '/tmp/tmpir9ypdlq']
[2022-12-27 20:32:53,231] {standard_task_runner.py:80} INFO - Job 215: Subtask transform_data
[2022-12-27 20:32:53,283] {task_command.py:369} INFO - Running <TaskInstance: parking_pipeline.transform_data manual__2022-12-27T20:32:48.923729+00:00 [running]> on host 8fbeee8d3d5a
[2022-12-27 20:32:53,343] {taskinstance.py:1571} INFO - Exporting the following env vars:
AIRFLOW_CTX_DAG_OWNER=Airflow
AIRFLOW_CTX_DAG_ID=parking_pipeline
AIRFLOW_CTX_TASK_ID=transform_data
AIRFLOW_CTX_EXECUTION_DATE=2022-12-27T20:32:48.923729+00:00
AIRFLOW_CTX_TRY_NUMBER=1
AIRFLOW_CTX_DAG_RUN_ID=manual__2022-12-27T20:32:48.923729+00:00
[2022-12-27 20:32:53,407] {logging_mixin.py:115} INFO -                                                   0   ...                                                 49
0  {'parkingTransactionKey': 3, 'transactionSourc...  ...  {'parkingTransactionKey': 425, 'transactionSou...

[1 rows x 50 columns]
[2022-12-27 20:32:53,411] {python.py:173} INFO - Done. Returned value was: None
[2022-12-27 20:32:53,424] {taskinstance.py:1400} INFO - Marking task as SUCCESS. dag_id=parking_pipeline, task_id=transform_data, execution_date=20221227T203248, start_date=20221227T203253, end_date=20221227T203253
[2022-12-27 20:32:53,442] {local_task_job.py:156} INFO - Task exited with return code 0
[2022-12-27 20:32:53,471] {local_task_job.py:273} INFO - 0 downstream tasks scheduled from follow-on schedule check
