[2022-12-28 20:33:44,470] {taskinstance.py:1159} INFO - Dependencies all met for <TaskInstance: parking_pipeline.is_api_available scheduled__2022-12-28T20:31:43.276734+00:00 [queued]>
[2022-12-28 20:33:44,479] {taskinstance.py:1159} INFO - Dependencies all met for <TaskInstance: parking_pipeline.is_api_available scheduled__2022-12-28T20:31:43.276734+00:00 [queued]>
[2022-12-28 20:33:44,480] {taskinstance.py:1356} INFO - 
--------------------------------------------------------------------------------
[2022-12-28 20:33:44,481] {taskinstance.py:1357} INFO - Starting attempt 1 of 2
[2022-12-28 20:33:44,481] {taskinstance.py:1358} INFO - 
--------------------------------------------------------------------------------
[2022-12-28 20:33:44,500] {taskinstance.py:1377} INFO - Executing <Task(HttpSensor): is_api_available> on 2022-12-28 20:31:43.276734+00:00
[2022-12-28 20:33:44,507] {standard_task_runner.py:52} INFO - Started process 1793 to run task
[2022-12-28 20:33:44,512] {standard_task_runner.py:79} INFO - Running: ['***', 'tasks', 'run', 'parking_pipeline', 'is_api_available', 'scheduled__2022-12-28T20:31:43.276734+00:00', '--job-id', '98', '--raw', '--subdir', 'DAGS_FOLDER/parking_dag.py', '--cfg-path', '/tmp/tmpmqt3eiyo', '--error-file', '/tmp/tmp8f95_ydb']
[2022-12-28 20:33:44,514] {standard_task_runner.py:80} INFO - Job 98: Subtask is_api_available
[2022-12-28 20:33:44,581] {task_command.py:369} INFO - Running <TaskInstance: parking_pipeline.is_api_available scheduled__2022-12-28T20:31:43.276734+00:00 [running]> on host 8be693a2d03b
[2022-12-28 20:33:44,647] {taskinstance.py:1571} INFO - Exporting the following env vars:
AIRFLOW_CTX_DAG_OWNER=Airflow
AIRFLOW_CTX_DAG_ID=parking_pipeline
AIRFLOW_CTX_TASK_ID=is_api_available
AIRFLOW_CTX_EXECUTION_DATE=2022-12-28T20:31:43.276734+00:00
AIRFLOW_CTX_TRY_NUMBER=1
AIRFLOW_CTX_DAG_RUN_ID=scheduled__2022-12-28T20:31:43.276734+00:00
[2022-12-28 20:33:44,648] {http.py:97} INFO - Poking: 
[2022-12-28 20:33:44,659] {base.py:68} INFO - Using connection ID 'is_api_available' for task execution.
[2022-12-28 20:33:44,661] {http.py:129} INFO - Sending 'GET' to url: https://datahub-v2.arlingtonva.us/api/ParkingMeter/ParkingTransactions
[2022-12-28 20:33:44,834] {base.py:301} INFO - Success criteria met. Exiting.
[2022-12-28 20:33:44,850] {taskinstance.py:1400} INFO - Marking task as SUCCESS. dag_id=parking_pipeline, task_id=is_api_available, execution_date=20221228T203143, start_date=20221228T203344, end_date=20221228T203344
[2022-12-28 20:33:44,887] {local_task_job.py:156} INFO - Task exited with return code 0
[2022-12-28 20:33:44,930] {local_task_job.py:273} INFO - 1 downstream tasks scheduled from follow-on schedule check
