[2024-10-29 02:54:59,290] {taskinstance.py:1159} INFO - Dependencies all met for <TaskInstance: parking_pipeline.store_data_json scheduled__2024-10-29T02:52:47.869139+00:00 [queued]>
[2024-10-29 02:54:59,314] {taskinstance.py:1159} INFO - Dependencies all met for <TaskInstance: parking_pipeline.store_data_json scheduled__2024-10-29T02:52:47.869139+00:00 [queued]>
[2024-10-29 02:54:59,315] {taskinstance.py:1356} INFO - 
--------------------------------------------------------------------------------
[2024-10-29 02:54:59,316] {taskinstance.py:1357} INFO - Starting attempt 1 of 2
[2024-10-29 02:54:59,316] {taskinstance.py:1358} INFO - 
--------------------------------------------------------------------------------
[2024-10-29 02:54:59,356] {taskinstance.py:1377} INFO - Executing <Task(PythonOperator): store_data_json> on 2024-10-29 02:52:47.869139+00:00
[2024-10-29 02:54:59,368] {standard_task_runner.py:52} INFO - Started process 433 to run task
[2024-10-29 02:54:59,374] {standard_task_runner.py:79} INFO - Running: ['***', 'tasks', 'run', 'parking_pipeline', 'store_data_json', 'scheduled__2024-10-29T02:52:47.869139+00:00', '--job-id', '681', '--raw', '--subdir', 'DAGS_FOLDER/parking_dag.py', '--cfg-path', '/tmp/tmp1bjkluqq', '--error-file', '/tmp/tmpse543hgz']
[2024-10-29 02:54:59,377] {standard_task_runner.py:80} INFO - Job 681: Subtask store_data_json
[2024-10-29 02:54:59,533] {task_command.py:369} INFO - Running <TaskInstance: parking_pipeline.store_data_json scheduled__2024-10-29T02:52:47.869139+00:00 [running]> on host 6da7af54a32a
[2024-10-29 02:54:59,739] {taskinstance.py:1571} INFO - Exporting the following env vars:
AIRFLOW_CTX_DAG_OWNER=Airflow
AIRFLOW_CTX_DAG_ID=parking_pipeline
AIRFLOW_CTX_TASK_ID=store_data_json
AIRFLOW_CTX_EXECUTION_DATE=2024-10-29T02:52:47.869139+00:00
AIRFLOW_CTX_TRY_NUMBER=1
AIRFLOW_CTX_DAG_RUN_ID=scheduled__2024-10-29T02:52:47.869139+00:00
[2024-10-29 02:54:59,796] {logging_mixin.py:115} INFO - Error storing data in JSON format: 'Variable parking_data_json_path does not exist'. Task will continue.
[2024-10-29 02:54:59,797] {python.py:173} INFO - Done. Returned value was: None
[2024-10-29 02:54:59,830] {taskinstance.py:1400} INFO - Marking task as SUCCESS. dag_id=parking_pipeline, task_id=store_data_json, execution_date=20241029T025247, start_date=20241029T025459, end_date=20241029T025459
[2024-10-29 02:54:59,870] {local_task_job.py:156} INFO - Task exited with return code 0
[2024-10-29 02:54:59,969] {local_task_job.py:273} INFO - 1 downstream tasks scheduled from follow-on schedule check
