[2024-10-29 03:09:16,773] {taskinstance.py:1159} INFO - Dependencies all met for <TaskInstance: parking_pipeline.store_data_csv scheduled__2024-10-29T03:07:08.714066+00:00 [queued]>
[2024-10-29 03:09:16,783] {taskinstance.py:1159} INFO - Dependencies all met for <TaskInstance: parking_pipeline.store_data_csv scheduled__2024-10-29T03:07:08.714066+00:00 [queued]>
[2024-10-29 03:09:16,784] {taskinstance.py:1356} INFO - 
--------------------------------------------------------------------------------
[2024-10-29 03:09:16,785] {taskinstance.py:1357} INFO - Starting attempt 1 of 2
[2024-10-29 03:09:16,785] {taskinstance.py:1358} INFO - 
--------------------------------------------------------------------------------
[2024-10-29 03:09:16,801] {taskinstance.py:1377} INFO - Executing <Task(PythonOperator): store_data_csv> on 2024-10-29 03:07:08.714066+00:00
[2024-10-29 03:09:16,808] {standard_task_runner.py:52} INFO - Started process 1328 to run task
[2024-10-29 03:09:16,810] {standard_task_runner.py:79} INFO - Running: ['***', 'tasks', 'run', 'parking_pipeline', 'store_data_csv', 'scheduled__2024-10-29T03:07:08.714066+00:00', '--job-id', '777', '--raw', '--subdir', 'DAGS_FOLDER/parking_dag.py', '--cfg-path', '/tmp/tmp_h2zv3_x', '--error-file', '/tmp/tmp8dmuf7iw']
[2024-10-29 03:09:16,811] {standard_task_runner.py:80} INFO - Job 777: Subtask store_data_csv
[2024-10-29 03:09:16,869] {task_command.py:369} INFO - Running <TaskInstance: parking_pipeline.store_data_csv scheduled__2024-10-29T03:07:08.714066+00:00 [running]> on host 6da7af54a32a
[2024-10-29 03:09:16,949] {taskinstance.py:1571} INFO - Exporting the following env vars:
AIRFLOW_CTX_DAG_OWNER=Airflow
AIRFLOW_CTX_DAG_ID=parking_pipeline
AIRFLOW_CTX_TASK_ID=store_data_csv
AIRFLOW_CTX_EXECUTION_DATE=2024-10-29T03:07:08.714066+00:00
AIRFLOW_CTX_TRY_NUMBER=1
AIRFLOW_CTX_DAG_RUN_ID=scheduled__2024-10-29T03:07:08.714066+00:00
[2024-10-29 03:09:16,987] {python.py:173} INFO - Done. Returned value was: None
[2024-10-29 03:09:17,002] {taskinstance.py:1400} INFO - Marking task as SUCCESS. dag_id=parking_pipeline, task_id=store_data_csv, execution_date=20241029T030708, start_date=20241029T030916, end_date=20241029T030917
[2024-10-29 03:09:17,024] {local_task_job.py:156} INFO - Task exited with return code 0
[2024-10-29 03:09:17,067] {local_task_job.py:273} INFO - 0 downstream tasks scheduled from follow-on schedule check
