[2022-12-26 20:18:02,334] {taskinstance.py:1159} INFO - Dependencies all met for <TaskInstance: parking_pipeline.create_table manual__2022-12-26T20:18:00.175872+00:00 [queued]>
[2022-12-26 20:18:02,341] {taskinstance.py:1159} INFO - Dependencies all met for <TaskInstance: parking_pipeline.create_table manual__2022-12-26T20:18:00.175872+00:00 [queued]>
[2022-12-26 20:18:02,342] {taskinstance.py:1356} INFO - 
--------------------------------------------------------------------------------
[2022-12-26 20:18:02,343] {taskinstance.py:1357} INFO - Starting attempt 1 of 2
[2022-12-26 20:18:02,343] {taskinstance.py:1358} INFO - 
--------------------------------------------------------------------------------
[2022-12-26 20:18:02,352] {taskinstance.py:1377} INFO - Executing <Task(PostgresOperator): create_table> on 2022-12-26 20:18:00.175872+00:00
[2022-12-26 20:18:02,356] {standard_task_runner.py:52} INFO - Started process 972 to run task
[2022-12-26 20:18:02,360] {standard_task_runner.py:79} INFO - Running: ['***', 'tasks', 'run', 'parking_pipeline', 'create_table', 'manual__2022-12-26T20:18:00.175872+00:00', '--job-id', '45', '--raw', '--subdir', 'DAGS_FOLDER/parking_dag.py', '--cfg-path', '/tmp/tmpfxtx43gj', '--error-file', '/tmp/tmp1bkgev1p']
[2022-12-26 20:18:02,362] {standard_task_runner.py:80} INFO - Job 45: Subtask create_table
[2022-12-26 20:18:02,411] {task_command.py:369} INFO - Running <TaskInstance: parking_pipeline.create_table manual__2022-12-26T20:18:00.175872+00:00 [running]> on host 3d3eee352115
[2022-12-26 20:18:02,478] {taskinstance.py:1571} INFO - Exporting the following env vars:
AIRFLOW_CTX_DAG_OWNER=Airflow
AIRFLOW_CTX_DAG_ID=parking_pipeline
AIRFLOW_CTX_TASK_ID=create_table
AIRFLOW_CTX_EXECUTION_DATE=2022-12-26T20:18:00.175872+00:00
AIRFLOW_CTX_TRY_NUMBER=1
AIRFLOW_CTX_DAG_RUN_ID=manual__2022-12-26T20:18:00.175872+00:00
[2022-12-26 20:18:02,490] {base.py:68} INFO - Using connection ID 'postgres' for task execution.
[2022-12-26 20:18:02,496] {dbapi.py:208} INFO - Running statement: 
            drop table if exists parking_data;
            create table parking_data(
                parkingTransactionKey int not null,
                symbol text not null
            );
        , parameters: None
[2022-12-26 20:18:02,518] {taskinstance.py:1400} INFO - Marking task as SUCCESS. dag_id=parking_pipeline, task_id=create_table, execution_date=20221226T201800, start_date=20221226T201802, end_date=20221226T201802
[2022-12-26 20:18:02,577] {local_task_job.py:156} INFO - Task exited with return code 0
[2022-12-26 20:18:02,614] {local_task_job.py:273} INFO - 1 downstream tasks scheduled from follow-on schedule check
