[2022-12-23T21:34:12.433+0000] {taskinstance.py:1087} INFO - Dependencies all met for <TaskInstance: parking_pipeline.is_api_available scheduled__2022-12-23T21:32:10.996249+00:00 [queued]>
[2022-12-23T21:34:12.441+0000] {taskinstance.py:1087} INFO - Dependencies all met for <TaskInstance: parking_pipeline.is_api_available scheduled__2022-12-23T21:32:10.996249+00:00 [queued]>
[2022-12-23T21:34:12.441+0000] {taskinstance.py:1283} INFO - 
--------------------------------------------------------------------------------
[2022-12-23T21:34:12.442+0000] {taskinstance.py:1284} INFO - Starting attempt 1 of 2
[2022-12-23T21:34:12.443+0000] {taskinstance.py:1285} INFO - 
--------------------------------------------------------------------------------
[2022-12-23T21:34:12.452+0000] {taskinstance.py:1304} INFO - Executing <Task(HttpSensor): is_api_available> on 2022-12-23 21:32:10.996249+00:00
[2022-12-23T21:34:12.457+0000] {standard_task_runner.py:55} INFO - Started process 11089 to run task
[2022-12-23T21:34:12.461+0000] {standard_task_runner.py:82} INFO - Running: ['***', 'tasks', 'run', 'parking_pipeline', 'is_api_available', 'scheduled__2022-12-23T21:32:10.996249+00:00', '--job-id', '36', '--raw', '--subdir', 'DAGS_FOLDER/parking_dag.py', '--cfg-path', '/tmp/tmpoj6mo_3v']
[2022-12-23T21:34:12.464+0000] {standard_task_runner.py:83} INFO - Job 36: Subtask is_api_available
[2022-12-23T21:34:12.528+0000] {task_command.py:389} INFO - Running <TaskInstance: parking_pipeline.is_api_available scheduled__2022-12-23T21:32:10.996249+00:00 [running]> on host 0330eddd684a
[2022-12-23T21:34:12.713+0000] {taskinstance.py:1513} INFO - Exporting the following env vars:
AIRFLOW_CTX_DAG_OWNER=Airflow
AIRFLOW_CTX_DAG_ID=parking_pipeline
AIRFLOW_CTX_TASK_ID=is_api_available
AIRFLOW_CTX_EXECUTION_DATE=2022-12-23T21:32:10.996249+00:00
AIRFLOW_CTX_TRY_NUMBER=1
AIRFLOW_CTX_DAG_RUN_ID=scheduled__2022-12-23T21:32:10.996249+00:00
[2022-12-23T21:34:12.714+0000] {http.py:122} INFO - Poking: 
[2022-12-23T21:34:12.723+0000] {base.py:73} INFO - Using connection ID 'is_api_available' for task execution.
[2022-12-23T21:34:12.724+0000] {http.py:150} INFO - Sending 'GET' to url: https://datahub-v2.arlingtonva.us/api/ParkingMeter/ParkingTransactions
[2022-12-23T21:34:12.856+0000] {base.py:228} INFO - Success criteria met. Exiting.
[2022-12-23T21:34:12.867+0000] {taskinstance.py:1327} INFO - Marking task as SUCCESS. dag_id=parking_pipeline, task_id=is_api_available, execution_date=20221223T213210, start_date=20221223T213412, end_date=20221223T213412
[2022-12-23T21:34:12.921+0000] {local_task_job.py:159} INFO - Task exited with return code 0
[2022-12-23T21:34:12.946+0000] {taskinstance.py:2582} INFO - 1 downstream tasks scheduled from follow-on schedule check
