[2022-12-27 23:30:58,330] {taskinstance.py:1159} INFO - Dependencies all met for <TaskInstance: parking_pipeline.load_data scheduled__2022-12-27T23:28:51.779948+00:00 [queued]>
[2022-12-27 23:30:58,336] {taskinstance.py:1159} INFO - Dependencies all met for <TaskInstance: parking_pipeline.load_data scheduled__2022-12-27T23:28:51.779948+00:00 [queued]>
[2022-12-27 23:30:58,337] {taskinstance.py:1356} INFO - 
--------------------------------------------------------------------------------
[2022-12-27 23:30:58,337] {taskinstance.py:1357} INFO - Starting attempt 1 of 2
[2022-12-27 23:30:58,338] {taskinstance.py:1358} INFO - 
--------------------------------------------------------------------------------
[2022-12-27 23:30:58,347] {taskinstance.py:1377} INFO - Executing <Task(PythonOperator): load_data> on 2022-12-27 23:28:51.779948+00:00
[2022-12-27 23:30:58,352] {standard_task_runner.py:52} INFO - Started process 14413 to run task
[2022-12-27 23:30:58,356] {standard_task_runner.py:79} INFO - Running: ['***', 'tasks', 'run', 'parking_pipeline', 'load_data', 'scheduled__2022-12-27T23:28:51.779948+00:00', '--job-id', '782', '--raw', '--subdir', 'DAGS_FOLDER/parking_dag.py', '--cfg-path', '/tmp/tmp24csxjed', '--error-file', '/tmp/tmpjgvzm0sn']
[2022-12-27 23:30:58,357] {standard_task_runner.py:80} INFO - Job 782: Subtask load_data
[2022-12-27 23:30:58,411] {task_command.py:369} INFO - Running <TaskInstance: parking_pipeline.load_data scheduled__2022-12-27T23:28:51.779948+00:00 [running]> on host 8fbeee8d3d5a
[2022-12-27 23:30:58,473] {taskinstance.py:1571} INFO - Exporting the following env vars:
AIRFLOW_CTX_DAG_OWNER=Airflow
AIRFLOW_CTX_DAG_ID=parking_pipeline
AIRFLOW_CTX_TASK_ID=load_data
AIRFLOW_CTX_EXECUTION_DATE=2022-12-27T23:28:51.779948+00:00
AIRFLOW_CTX_TRY_NUMBER=1
AIRFLOW_CTX_DAG_RUN_ID=scheduled__2022-12-27T23:28:51.779948+00:00
[2022-12-27 23:30:58,482] {postgres.py:127} INFO - Running copy expert: COPY parking_data FROM stdin WITH DELIMITER as ',', filename: ./tmp/processed_parking_data_00.csv
[2022-12-27 23:30:58,492] {base.py:68} INFO - Using connection ID 'postgres' for task execution.
[2022-12-27 23:30:58,503] {python.py:173} INFO - Done. Returned value was: None
[2022-12-27 23:30:58,516] {taskinstance.py:1400} INFO - Marking task as SUCCESS. dag_id=parking_pipeline, task_id=load_data, execution_date=20221227T232851, start_date=20221227T233058, end_date=20221227T233058
[2022-12-27 23:30:58,572] {local_task_job.py:156} INFO - Task exited with return code 0
[2022-12-27 23:30:58,604] {local_task_job.py:273} INFO - 0 downstream tasks scheduled from follow-on schedule check
