[2024-10-29 02:45:05,510] {taskinstance.py:1159} INFO - Dependencies all met for <TaskInstance: parking_pipeline.is_api_available scheduled__2024-10-29T02:43:03.518425+00:00 [queued]>
[2024-10-29 02:45:05,527] {taskinstance.py:1159} INFO - Dependencies all met for <TaskInstance: parking_pipeline.is_api_available scheduled__2024-10-29T02:43:03.518425+00:00 [queued]>
[2024-10-29 02:45:05,527] {taskinstance.py:1356} INFO - 
--------------------------------------------------------------------------------
[2024-10-29 02:45:05,528] {taskinstance.py:1357} INFO - Starting attempt 1 of 2
[2024-10-29 02:45:05,528] {taskinstance.py:1358} INFO - 
--------------------------------------------------------------------------------
[2024-10-29 02:45:05,550] {taskinstance.py:1377} INFO - Executing <Task(HttpSensor): is_api_available> on 2024-10-29 02:43:03.518425+00:00
[2024-10-29 02:45:05,558] {standard_task_runner.py:52} INFO - Started process 874 to run task
[2024-10-29 02:45:05,561] {standard_task_runner.py:79} INFO - Running: ['***', 'tasks', 'run', 'parking_pipeline', 'is_api_available', 'scheduled__2024-10-29T02:43:03.518425+00:00', '--job-id', '605', '--raw', '--subdir', 'DAGS_FOLDER/parking_dag.py', '--cfg-path', '/tmp/tmpqulvk9sg', '--error-file', '/tmp/tmpmw4nv8qs']
[2024-10-29 02:45:05,562] {standard_task_runner.py:80} INFO - Job 605: Subtask is_api_available
[2024-10-29 02:45:05,633] {task_command.py:369} INFO - Running <TaskInstance: parking_pipeline.is_api_available scheduled__2024-10-29T02:43:03.518425+00:00 [running]> on host 31266dfed982
[2024-10-29 02:45:05,730] {taskinstance.py:1571} INFO - Exporting the following env vars:
AIRFLOW_CTX_DAG_OWNER=Airflow
AIRFLOW_CTX_DAG_ID=parking_pipeline
AIRFLOW_CTX_TASK_ID=is_api_available
AIRFLOW_CTX_EXECUTION_DATE=2024-10-29T02:43:03.518425+00:00
AIRFLOW_CTX_TRY_NUMBER=1
AIRFLOW_CTX_DAG_RUN_ID=scheduled__2024-10-29T02:43:03.518425+00:00
[2024-10-29 02:45:05,732] {http.py:97} INFO - Poking: 
[2024-10-29 02:45:05,744] {base.py:68} INFO - Using connection ID 'is_api_available' for task execution.
[2024-10-29 02:45:05,746] {http.py:129} INFO - Sending 'GET' to url: https://datahub-v2.arlingtonva.us/api/ParkingMeter/ParkingTransactions
[2024-10-29 02:45:06,712] {base.py:301} INFO - Success criteria met. Exiting.
[2024-10-29 02:45:06,731] {taskinstance.py:1400} INFO - Marking task as SUCCESS. dag_id=parking_pipeline, task_id=is_api_available, execution_date=20241029T024303, start_date=20241029T024505, end_date=20241029T024506
[2024-10-29 02:45:06,782] {local_task_job.py:156} INFO - Task exited with return code 0
[2024-10-29 02:45:06,858] {local_task_job.py:273} INFO - 1 downstream tasks scheduled from follow-on schedule check
