[2022-12-26 20:24:24,991] {taskinstance.py:1159} INFO - Dependencies all met for <TaskInstance: parking_pipeline.is_api_available scheduled__2022-12-26T20:22:24.448414+00:00 [queued]>
[2022-12-26 20:24:24,998] {taskinstance.py:1159} INFO - Dependencies all met for <TaskInstance: parking_pipeline.is_api_available scheduled__2022-12-26T20:22:24.448414+00:00 [queued]>
[2022-12-26 20:24:24,999] {taskinstance.py:1356} INFO - 
--------------------------------------------------------------------------------
[2022-12-26 20:24:24,999] {taskinstance.py:1357} INFO - Starting attempt 1 of 2
[2022-12-26 20:24:25,000] {taskinstance.py:1358} INFO - 
--------------------------------------------------------------------------------
[2022-12-26 20:24:25,009] {taskinstance.py:1377} INFO - Executing <Task(HttpSensor): is_api_available> on 2022-12-26 20:22:24.448414+00:00
[2022-12-26 20:24:25,013] {standard_task_runner.py:52} INFO - Started process 1328 to run task
[2022-12-26 20:24:25,017] {standard_task_runner.py:79} INFO - Running: ['***', 'tasks', 'run', 'parking_pipeline', 'is_api_available', 'scheduled__2022-12-26T20:22:24.448414+00:00', '--job-id', '60', '--raw', '--subdir', 'DAGS_FOLDER/parking_dag.py', '--cfg-path', '/tmp/tmpbth8q09e', '--error-file', '/tmp/tmpf5vtrar_']
[2022-12-26 20:24:25,019] {standard_task_runner.py:80} INFO - Job 60: Subtask is_api_available
[2022-12-26 20:24:25,069] {task_command.py:369} INFO - Running <TaskInstance: parking_pipeline.is_api_available scheduled__2022-12-26T20:22:24.448414+00:00 [running]> on host 3d3eee352115
[2022-12-26 20:24:25,125] {taskinstance.py:1571} INFO - Exporting the following env vars:
AIRFLOW_CTX_DAG_OWNER=Airflow
AIRFLOW_CTX_DAG_ID=parking_pipeline
AIRFLOW_CTX_TASK_ID=is_api_available
AIRFLOW_CTX_EXECUTION_DATE=2022-12-26T20:22:24.448414+00:00
AIRFLOW_CTX_TRY_NUMBER=1
AIRFLOW_CTX_DAG_RUN_ID=scheduled__2022-12-26T20:22:24.448414+00:00
[2022-12-26 20:24:25,126] {http.py:97} INFO - Poking: 
[2022-12-26 20:24:25,136] {base.py:68} INFO - Using connection ID 'is_api_available' for task execution.
[2022-12-26 20:24:25,138] {http.py:129} INFO - Sending 'GET' to url: https://datahub-v2.arlingtonva.us/api/ParkingMeter/ParkingTransactions
[2022-12-26 20:24:25,291] {base.py:301} INFO - Success criteria met. Exiting.
[2022-12-26 20:24:25,307] {taskinstance.py:1400} INFO - Marking task as SUCCESS. dag_id=parking_pipeline, task_id=is_api_available, execution_date=20221226T202224, start_date=20221226T202424, end_date=20221226T202425
[2022-12-26 20:24:25,355] {local_task_job.py:156} INFO - Task exited with return code 0
[2022-12-26 20:24:25,394] {local_task_job.py:273} INFO - 1 downstream tasks scheduled from follow-on schedule check
