[2024-10-29 03:13:18,141] {taskinstance.py:1159} INFO - Dependencies all met for <TaskInstance: parking_pipeline.store_data_csv scheduled__2024-10-29T03:11:08.714066+00:00 [queued]>
[2024-10-29 03:13:18,153] {taskinstance.py:1159} INFO - Dependencies all met for <TaskInstance: parking_pipeline.store_data_csv scheduled__2024-10-29T03:11:08.714066+00:00 [queued]>
[2024-10-29 03:13:18,153] {taskinstance.py:1356} INFO - 
--------------------------------------------------------------------------------
[2024-10-29 03:13:18,154] {taskinstance.py:1357} INFO - Starting attempt 1 of 2
[2024-10-29 03:13:18,155] {taskinstance.py:1358} INFO - 
--------------------------------------------------------------------------------
[2024-10-29 03:13:18,170] {taskinstance.py:1377} INFO - Executing <Task(PythonOperator): store_data_csv> on 2024-10-29 03:11:08.714066+00:00
[2024-10-29 03:13:18,178] {standard_task_runner.py:52} INFO - Started process 1551 to run task
[2024-10-29 03:13:18,181] {standard_task_runner.py:79} INFO - Running: ['***', 'tasks', 'run', 'parking_pipeline', 'store_data_csv', 'scheduled__2024-10-29T03:11:08.714066+00:00', '--job-id', '792', '--raw', '--subdir', 'DAGS_FOLDER/parking_dag.py', '--cfg-path', '/tmp/tmpzxrlpaaa', '--error-file', '/tmp/tmp2vois2cj']
[2024-10-29 03:13:18,182] {standard_task_runner.py:80} INFO - Job 792: Subtask store_data_csv
[2024-10-29 03:13:18,237] {task_command.py:369} INFO - Running <TaskInstance: parking_pipeline.store_data_csv scheduled__2024-10-29T03:11:08.714066+00:00 [running]> on host 6da7af54a32a
[2024-10-29 03:13:18,320] {taskinstance.py:1571} INFO - Exporting the following env vars:
AIRFLOW_CTX_DAG_OWNER=Airflow
AIRFLOW_CTX_DAG_ID=parking_pipeline
AIRFLOW_CTX_TASK_ID=store_data_csv
AIRFLOW_CTX_EXECUTION_DATE=2024-10-29T03:11:08.714066+00:00
AIRFLOW_CTX_TRY_NUMBER=1
AIRFLOW_CTX_DAG_RUN_ID=scheduled__2024-10-29T03:11:08.714066+00:00
[2024-10-29 03:13:18,361] {python.py:173} INFO - Done. Returned value was: None
[2024-10-29 03:13:18,375] {taskinstance.py:1400} INFO - Marking task as SUCCESS. dag_id=parking_pipeline, task_id=store_data_csv, execution_date=20241029T031108, start_date=20241029T031318, end_date=20241029T031318
[2024-10-29 03:13:18,394] {local_task_job.py:156} INFO - Task exited with return code 0
[2024-10-29 03:13:18,441] {local_task_job.py:273} INFO - 1 downstream tasks scheduled from follow-on schedule check
