[2024-10-29 03:25:19,134] {taskinstance.py:1159} INFO - Dependencies all met for <TaskInstance: parking_pipeline.load_data scheduled__2024-10-29T03:23:09.727694+00:00 [queued]>
[2024-10-29 03:25:19,148] {taskinstance.py:1159} INFO - Dependencies all met for <TaskInstance: parking_pipeline.load_data scheduled__2024-10-29T03:23:09.727694+00:00 [queued]>
[2024-10-29 03:25:19,148] {taskinstance.py:1356} INFO - 
--------------------------------------------------------------------------------
[2024-10-29 03:25:19,149] {taskinstance.py:1357} INFO - Starting attempt 1 of 2
[2024-10-29 03:25:19,150] {taskinstance.py:1358} INFO - 
--------------------------------------------------------------------------------
[2024-10-29 03:25:19,169] {taskinstance.py:1377} INFO - Executing <Task(PythonOperator): load_data> on 2024-10-29 03:23:09.727694+00:00
[2024-10-29 03:25:19,176] {standard_task_runner.py:52} INFO - Started process 2221 to run task
[2024-10-29 03:25:19,179] {standard_task_runner.py:79} INFO - Running: ['***', 'tasks', 'run', 'parking_pipeline', 'load_data', 'scheduled__2024-10-29T03:23:09.727694+00:00', '--job-id', '835', '--raw', '--subdir', 'DAGS_FOLDER/parking_dag.py', '--cfg-path', '/tmp/tmpkxdbc7kg', '--error-file', '/tmp/tmp26e_ij6f']
[2024-10-29 03:25:19,180] {standard_task_runner.py:80} INFO - Job 835: Subtask load_data
[2024-10-29 03:25:19,255] {task_command.py:369} INFO - Running <TaskInstance: parking_pipeline.load_data scheduled__2024-10-29T03:23:09.727694+00:00 [running]> on host 6da7af54a32a
[2024-10-29 03:25:19,379] {taskinstance.py:1571} INFO - Exporting the following env vars:
AIRFLOW_CTX_DAG_OWNER=Airflow
AIRFLOW_CTX_DAG_ID=parking_pipeline
AIRFLOW_CTX_TASK_ID=load_data
AIRFLOW_CTX_EXECUTION_DATE=2024-10-29T03:23:09.727694+00:00
AIRFLOW_CTX_TRY_NUMBER=1
AIRFLOW_CTX_DAG_RUN_ID=scheduled__2024-10-29T03:23:09.727694+00:00
[2024-10-29 03:25:19,392] {postgres.py:127} INFO - Running copy expert: COPY parking_data FROM stdin WITH DELIMITER as ',', filename: ./tmp/processed_parking_data_00.csv
[2024-10-29 03:25:19,406] {base.py:68} INFO - Using connection ID 'postgres' for task execution.
[2024-10-29 03:25:19,422] {python.py:173} INFO - Done. Returned value was: None
[2024-10-29 03:25:19,440] {taskinstance.py:1400} INFO - Marking task as SUCCESS. dag_id=parking_pipeline, task_id=load_data, execution_date=20241029T032309, start_date=20241029T032519, end_date=20241029T032519
[2024-10-29 03:25:19,472] {local_task_job.py:156} INFO - Task exited with return code 0
[2024-10-29 03:25:19,517] {local_task_job.py:273} INFO - 0 downstream tasks scheduled from follow-on schedule check
