[2022-12-26 19:34:43,821] {taskinstance.py:1159} INFO - Dependencies all met for <TaskInstance: parking_pipeline.is_api_available scheduled__2022-12-26T19:32:42.409435+00:00 [queued]>
[2022-12-26 19:34:43,829] {taskinstance.py:1159} INFO - Dependencies all met for <TaskInstance: parking_pipeline.is_api_available scheduled__2022-12-26T19:32:42.409435+00:00 [queued]>
[2022-12-26 19:34:43,830] {taskinstance.py:1356} INFO - 
--------------------------------------------------------------------------------
[2022-12-26 19:34:43,830] {taskinstance.py:1357} INFO - Starting attempt 1 of 2
[2022-12-26 19:34:43,831] {taskinstance.py:1358} INFO - 
--------------------------------------------------------------------------------
[2022-12-26 19:34:43,843] {taskinstance.py:1377} INFO - Executing <Task(HttpSensor): is_api_available> on 2022-12-26 19:32:42.409435+00:00
[2022-12-26 19:34:43,849] {standard_task_runner.py:52} INFO - Started process 9200 to run task
[2022-12-26 19:34:43,853] {standard_task_runner.py:79} INFO - Running: ['***', 'tasks', 'run', 'parking_pipeline', 'is_api_available', 'scheduled__2022-12-26T19:32:42.409435+00:00', '--job-id', '363', '--raw', '--subdir', 'DAGS_FOLDER/parking_dag.py', '--cfg-path', '/tmp/tmp8w_9_y21', '--error-file', '/tmp/tmp1tid0sys']
[2022-12-26 19:34:43,855] {standard_task_runner.py:80} INFO - Job 363: Subtask is_api_available
[2022-12-26 19:34:43,911] {task_command.py:369} INFO - Running <TaskInstance: parking_pipeline.is_api_available scheduled__2022-12-26T19:32:42.409435+00:00 [running]> on host a4f1a67a8720
[2022-12-26 19:34:43,973] {taskinstance.py:1571} INFO - Exporting the following env vars:
AIRFLOW_CTX_DAG_OWNER=Airflow
AIRFLOW_CTX_DAG_ID=parking_pipeline
AIRFLOW_CTX_TASK_ID=is_api_available
AIRFLOW_CTX_EXECUTION_DATE=2022-12-26T19:32:42.409435+00:00
AIRFLOW_CTX_TRY_NUMBER=1
AIRFLOW_CTX_DAG_RUN_ID=scheduled__2022-12-26T19:32:42.409435+00:00
[2022-12-26 19:34:43,974] {http.py:97} INFO - Poking: 
[2022-12-26 19:34:43,985] {base.py:68} INFO - Using connection ID 'is_api_available' for task execution.
[2022-12-26 19:34:43,987] {http.py:129} INFO - Sending 'GET' to url: https://datahub-v2.arlingtonva.us/api/ParkingMeter/ParkingTransactions
[2022-12-26 19:34:44,133] {base.py:301} INFO - Success criteria met. Exiting.
[2022-12-26 19:34:44,149] {taskinstance.py:1400} INFO - Marking task as SUCCESS. dag_id=parking_pipeline, task_id=is_api_available, execution_date=20221226T193242, start_date=20221226T193443, end_date=20221226T193444
[2022-12-26 19:34:44,190] {local_task_job.py:156} INFO - Task exited with return code 0
[2022-12-26 19:34:44,242] {local_task_job.py:273} INFO - 0 downstream tasks scheduled from follow-on schedule check
