[2022-12-28 20:11:56,948] {taskinstance.py:1159} INFO - Dependencies all met for <TaskInstance: parking_pipeline.is_api_available manual__2022-12-28T20:11:55.245910+00:00 [queued]>
[2022-12-28 20:11:56,957] {taskinstance.py:1159} INFO - Dependencies all met for <TaskInstance: parking_pipeline.is_api_available manual__2022-12-28T20:11:55.245910+00:00 [queued]>
[2022-12-28 20:11:56,958] {taskinstance.py:1356} INFO - 
--------------------------------------------------------------------------------
[2022-12-28 20:11:56,958] {taskinstance.py:1357} INFO - Starting attempt 1 of 2
[2022-12-28 20:11:56,959] {taskinstance.py:1358} INFO - 
--------------------------------------------------------------------------------
[2022-12-28 20:11:56,972] {taskinstance.py:1377} INFO - Executing <Task(HttpSensor): is_api_available> on 2022-12-28 20:11:55.245910+00:00
[2022-12-28 20:11:56,978] {standard_task_runner.py:52} INFO - Started process 479 to run task
[2022-12-28 20:11:56,982] {standard_task_runner.py:79} INFO - Running: ['***', 'tasks', 'run', 'parking_pipeline', 'is_api_available', 'manual__2022-12-28T20:11:55.245910+00:00', '--job-id', '11', '--raw', '--subdir', 'DAGS_FOLDER/parking_dag.py', '--cfg-path', '/tmp/tmpxx4p55qn', '--error-file', '/tmp/tmpinl5ozg8']
[2022-12-28 20:11:56,984] {standard_task_runner.py:80} INFO - Job 11: Subtask is_api_available
[2022-12-28 20:11:57,043] {task_command.py:369} INFO - Running <TaskInstance: parking_pipeline.is_api_available manual__2022-12-28T20:11:55.245910+00:00 [running]> on host 8be693a2d03b
[2022-12-28 20:11:57,129] {taskinstance.py:1571} INFO - Exporting the following env vars:
AIRFLOW_CTX_DAG_OWNER=Airflow
AIRFLOW_CTX_DAG_ID=parking_pipeline
AIRFLOW_CTX_TASK_ID=is_api_available
AIRFLOW_CTX_EXECUTION_DATE=2022-12-28T20:11:55.245910+00:00
AIRFLOW_CTX_TRY_NUMBER=1
AIRFLOW_CTX_DAG_RUN_ID=manual__2022-12-28T20:11:55.245910+00:00
[2022-12-28 20:11:57,130] {http.py:97} INFO - Poking: 
[2022-12-28 20:11:57,142] {base.py:68} INFO - Using connection ID 'is_api_available' for task execution.
[2022-12-28 20:11:57,145] {http.py:129} INFO - Sending 'GET' to url: https://datahub-v2.arlingtonva.us/api/ParkingMeter/ParkingTransactions
[2022-12-28 20:11:57,306] {base.py:301} INFO - Success criteria met. Exiting.
[2022-12-28 20:11:57,323] {taskinstance.py:1400} INFO - Marking task as SUCCESS. dag_id=parking_pipeline, task_id=is_api_available, execution_date=20221228T201155, start_date=20221228T201156, end_date=20221228T201157
[2022-12-28 20:11:57,361] {local_task_job.py:156} INFO - Task exited with return code 0
[2022-12-28 20:11:57,409] {local_task_job.py:273} INFO - 1 downstream tasks scheduled from follow-on schedule check
