[2022-12-27 20:42:13,839] {taskinstance.py:1159} INFO - Dependencies all met for <TaskInstance: parking_pipeline.transform_data scheduled__2022-12-27T20:35:09.510022+00:00 [queued]>
[2022-12-27 20:42:13,845] {taskinstance.py:1159} INFO - Dependencies all met for <TaskInstance: parking_pipeline.transform_data scheduled__2022-12-27T20:35:09.510022+00:00 [queued]>
[2022-12-27 20:42:13,846] {taskinstance.py:1356} INFO - 
--------------------------------------------------------------------------------
[2022-12-27 20:42:13,846] {taskinstance.py:1357} INFO - Starting attempt 2 of 2
[2022-12-27 20:42:13,847] {taskinstance.py:1358} INFO - 
--------------------------------------------------------------------------------
[2022-12-27 20:42:13,855] {taskinstance.py:1377} INFO - Executing <Task(PythonOperator): transform_data> on 2022-12-27 20:35:09.510022+00:00
[2022-12-27 20:42:13,859] {standard_task_runner.py:52} INFO - Started process 7061 to run task
[2022-12-27 20:42:13,864] {standard_task_runner.py:79} INFO - Running: ['***', 'tasks', 'run', 'parking_pipeline', 'transform_data', 'scheduled__2022-12-27T20:35:09.510022+00:00', '--job-id', '249', '--raw', '--subdir', 'DAGS_FOLDER/parking_dag.py', '--cfg-path', '/tmp/tmp2v_13jqx', '--error-file', '/tmp/tmppnm6z1jy']
[2022-12-27 20:42:13,865] {standard_task_runner.py:80} INFO - Job 249: Subtask transform_data
[2022-12-27 20:42:13,915] {task_command.py:369} INFO - Running <TaskInstance: parking_pipeline.transform_data scheduled__2022-12-27T20:35:09.510022+00:00 [running]> on host 8fbeee8d3d5a
[2022-12-27 20:42:13,971] {taskinstance.py:1571} INFO - Exporting the following env vars:
AIRFLOW_CTX_DAG_OWNER=Airflow
AIRFLOW_CTX_DAG_ID=parking_pipeline
AIRFLOW_CTX_TASK_ID=transform_data
AIRFLOW_CTX_EXECUTION_DATE=2022-12-27T20:35:09.510022+00:00
AIRFLOW_CTX_TRY_NUMBER=2
AIRFLOW_CTX_DAG_RUN_ID=scheduled__2022-12-27T20:35:09.510022+00:00
[2022-12-27 20:42:14,026] {logging_mixin.py:115} INFO -                                                   0   ...                                                 49
0  {'parkingTransactionKey': 3, 'transactionSourc...  ...  {'parkingTransactionKey': 425, 'transactionSou...

[1 rows x 50 columns]
[2022-12-27 20:42:14,029] {python.py:173} INFO - Done. Returned value was: None
[2022-12-27 20:42:14,045] {taskinstance.py:1400} INFO - Marking task as SUCCESS. dag_id=parking_pipeline, task_id=transform_data, execution_date=20221227T203509, start_date=20221227T204213, end_date=20221227T204214
[2022-12-27 20:42:14,076] {local_task_job.py:156} INFO - Task exited with return code 0
[2022-12-27 20:42:14,106] {local_task_job.py:273} INFO - 0 downstream tasks scheduled from follow-on schedule check
