[2022-12-27 21:08:41,128] {taskinstance.py:1159} INFO - Dependencies all met for <TaskInstance: parking_pipeline.is_api_available scheduled__2022-12-27T21:06:39.774092+00:00 [queued]>
[2022-12-27 21:08:41,134] {taskinstance.py:1159} INFO - Dependencies all met for <TaskInstance: parking_pipeline.is_api_available scheduled__2022-12-27T21:06:39.774092+00:00 [queued]>
[2022-12-27 21:08:41,134] {taskinstance.py:1356} INFO - 
--------------------------------------------------------------------------------
[2022-12-27 21:08:41,135] {taskinstance.py:1357} INFO - Starting attempt 1 of 2
[2022-12-27 21:08:41,136] {taskinstance.py:1358} INFO - 
--------------------------------------------------------------------------------
[2022-12-27 21:08:41,144] {taskinstance.py:1377} INFO - Executing <Task(HttpSensor): is_api_available> on 2022-12-27 21:06:39.774092+00:00
[2022-12-27 21:08:41,148] {standard_task_runner.py:52} INFO - Started process 8936 to run task
[2022-12-27 21:08:41,152] {standard_task_runner.py:79} INFO - Running: ['***', 'tasks', 'run', 'parking_pipeline', 'is_api_available', 'scheduled__2022-12-27T21:06:39.774092+00:00', '--job-id', '444', '--raw', '--subdir', 'DAGS_FOLDER/parking_dag.py', '--cfg-path', '/tmp/tmpjuwp5f1g', '--error-file', '/tmp/tmpyr25267f']
[2022-12-27 21:08:41,153] {standard_task_runner.py:80} INFO - Job 444: Subtask is_api_available
[2022-12-27 21:08:41,206] {task_command.py:369} INFO - Running <TaskInstance: parking_pipeline.is_api_available scheduled__2022-12-27T21:06:39.774092+00:00 [running]> on host 8fbeee8d3d5a
[2022-12-27 21:08:41,265] {taskinstance.py:1571} INFO - Exporting the following env vars:
AIRFLOW_CTX_DAG_OWNER=Airflow
AIRFLOW_CTX_DAG_ID=parking_pipeline
AIRFLOW_CTX_TASK_ID=is_api_available
AIRFLOW_CTX_EXECUTION_DATE=2022-12-27T21:06:39.774092+00:00
AIRFLOW_CTX_TRY_NUMBER=1
AIRFLOW_CTX_DAG_RUN_ID=scheduled__2022-12-27T21:06:39.774092+00:00
[2022-12-27 21:08:41,266] {http.py:97} INFO - Poking: 
[2022-12-27 21:08:41,276] {base.py:68} INFO - Using connection ID 'is_api_available' for task execution.
[2022-12-27 21:08:41,278] {http.py:129} INFO - Sending 'GET' to url: https://datahub-v2.arlingtonva.us/api/ParkingMeter/ParkingTransactions
[2022-12-27 21:08:41,415] {base.py:301} INFO - Success criteria met. Exiting.
[2022-12-27 21:08:41,432] {taskinstance.py:1400} INFO - Marking task as SUCCESS. dag_id=parking_pipeline, task_id=is_api_available, execution_date=20221227T210639, start_date=20221227T210841, end_date=20221227T210841
[2022-12-27 21:08:41,486] {local_task_job.py:156} INFO - Task exited with return code 0
[2022-12-27 21:08:41,525] {local_task_job.py:273} INFO - 1 downstream tasks scheduled from follow-on schedule check
