[2024-10-20 14:00:34,120] {taskinstance.py:1159} INFO - Dependencies all met for <TaskInstance: parking_pipeline.transform_data scheduled__2024-10-20T13:58:24.700589+00:00 [queued]>
[2024-10-20 14:00:34,132] {taskinstance.py:1159} INFO - Dependencies all met for <TaskInstance: parking_pipeline.transform_data scheduled__2024-10-20T13:58:24.700589+00:00 [queued]>
[2024-10-20 14:00:34,133] {taskinstance.py:1356} INFO - 
--------------------------------------------------------------------------------
[2024-10-20 14:00:34,133] {taskinstance.py:1357} INFO - Starting attempt 1 of 2
[2024-10-20 14:00:34,133] {taskinstance.py:1358} INFO - 
--------------------------------------------------------------------------------
[2024-10-20 14:00:34,150] {taskinstance.py:1377} INFO - Executing <Task(PythonOperator): transform_data> on 2024-10-20 13:58:24.700589+00:00
[2024-10-20 14:00:34,156] {standard_task_runner.py:52} INFO - Started process 128 to run task
[2024-10-20 14:00:34,159] {standard_task_runner.py:79} INFO - Running: ['***', 'tasks', 'run', 'parking_pipeline', 'transform_data', 'scheduled__2024-10-20T13:58:24.700589+00:00', '--job-id', '176', '--raw', '--subdir', 'DAGS_FOLDER/parking_dag.py', '--cfg-path', '/tmp/tmp1dtll94i', '--error-file', '/tmp/tmpug5p9_bo']
[2024-10-20 14:00:34,160] {standard_task_runner.py:80} INFO - Job 176: Subtask transform_data
[2024-10-20 14:00:34,216] {task_command.py:369} INFO - Running <TaskInstance: parking_pipeline.transform_data scheduled__2024-10-20T13:58:24.700589+00:00 [running]> on host 4047801f839c
[2024-10-20 14:00:34,294] {taskinstance.py:1571} INFO - Exporting the following env vars:
AIRFLOW_CTX_DAG_OWNER=Airflow
AIRFLOW_CTX_DAG_ID=parking_pipeline
AIRFLOW_CTX_TASK_ID=transform_data
AIRFLOW_CTX_EXECUTION_DATE=2024-10-20T13:58:24.700589+00:00
AIRFLOW_CTX_TRY_NUMBER=1
AIRFLOW_CTX_DAG_RUN_ID=scheduled__2024-10-20T13:58:24.700589+00:00
[2024-10-20 14:00:34,324] {python.py:173} INFO - Done. Returned value was: None
[2024-10-20 14:00:34,338] {taskinstance.py:1400} INFO - Marking task as SUCCESS. dag_id=parking_pipeline, task_id=transform_data, execution_date=20241020T135824, start_date=20241020T140034, end_date=20241020T140034
[2024-10-20 14:00:34,372] {local_task_job.py:156} INFO - Task exited with return code 0
[2024-10-20 14:00:34,412] {local_task_job.py:273} INFO - 1 downstream tasks scheduled from follow-on schedule check
