[2022-12-26 16:43:24,811] {taskinstance.py:1159} INFO - Dependencies all met for <TaskInstance: parking_pipeline.transform_data scheduled__2022-12-26T16:41:09.683601+00:00 [queued]>
[2022-12-26 16:43:24,819] {taskinstance.py:1159} INFO - Dependencies all met for <TaskInstance: parking_pipeline.transform_data scheduled__2022-12-26T16:41:09.683601+00:00 [queued]>
[2022-12-26 16:43:24,820] {taskinstance.py:1356} INFO - 
--------------------------------------------------------------------------------
[2022-12-26 16:43:24,820] {taskinstance.py:1357} INFO - Starting attempt 1 of 2
[2022-12-26 16:43:24,821] {taskinstance.py:1358} INFO - 
--------------------------------------------------------------------------------
[2022-12-26 16:43:24,831] {taskinstance.py:1377} INFO - Executing <Task(PythonOperator): transform_data> on 2022-12-26 16:41:09.683601+00:00
[2022-12-26 16:43:24,836] {standard_task_runner.py:52} INFO - Started process 1617 to run task
[2022-12-26 16:43:24,840] {standard_task_runner.py:79} INFO - Running: ['***', 'tasks', 'run', 'parking_pipeline', 'transform_data', 'scheduled__2022-12-26T16:41:09.683601+00:00', '--job-id', '22', '--raw', '--subdir', 'DAGS_FOLDER/parking_dag.py', '--cfg-path', '/tmp/tmpayrn7_3j', '--error-file', '/tmp/tmpb8a66qpc']
[2022-12-26 16:43:24,842] {standard_task_runner.py:80} INFO - Job 22: Subtask transform_data
[2022-12-26 16:43:24,898] {task_command.py:369} INFO - Running <TaskInstance: parking_pipeline.transform_data scheduled__2022-12-26T16:41:09.683601+00:00 [running]> on host a4f1a67a8720
[2022-12-26 16:43:24,959] {taskinstance.py:1571} INFO - Exporting the following env vars:
AIRFLOW_CTX_DAG_OWNER=Airflow
AIRFLOW_CTX_DAG_ID=parking_pipeline
AIRFLOW_CTX_TASK_ID=transform_data
AIRFLOW_CTX_EXECUTION_DATE=2022-12-26T16:41:09.683601+00:00
AIRFLOW_CTX_TRY_NUMBER=1
AIRFLOW_CTX_DAG_RUN_ID=scheduled__2022-12-26T16:41:09.683601+00:00
[2022-12-26 16:43:24,980] {python.py:173} INFO - Done. Returned value was: None
[2022-12-26 16:43:24,993] {taskinstance.py:1400} INFO - Marking task as SUCCESS. dag_id=parking_pipeline, task_id=transform_data, execution_date=20221226T164109, start_date=20221226T164324, end_date=20221226T164324
[2022-12-26 16:43:25,013] {local_task_job.py:156} INFO - Task exited with return code 0
[2022-12-26 16:43:25,054] {local_task_job.py:273} INFO - 0 downstream tasks scheduled from follow-on schedule check
