[2024-10-20 13:36:21,071] {taskinstance.py:1159} INFO - Dependencies all met for <TaskInstance: parking_pipeline.transform_data scheduled__2024-10-20T13:34:13.842377+00:00 [queued]>
[2024-10-20 13:36:21,083] {taskinstance.py:1159} INFO - Dependencies all met for <TaskInstance: parking_pipeline.transform_data scheduled__2024-10-20T13:34:13.842377+00:00 [queued]>
[2024-10-20 13:36:21,083] {taskinstance.py:1356} INFO - 
--------------------------------------------------------------------------------
[2024-10-20 13:36:21,084] {taskinstance.py:1357} INFO - Starting attempt 1 of 2
[2024-10-20 13:36:21,084] {taskinstance.py:1358} INFO - 
--------------------------------------------------------------------------------
[2024-10-20 13:36:21,101] {taskinstance.py:1377} INFO - Executing <Task(PythonOperator): transform_data> on 2024-10-20 13:34:13.842377+00:00
[2024-10-20 13:36:21,108] {standard_task_runner.py:52} INFO - Started process 551 to run task
[2024-10-20 13:36:21,111] {standard_task_runner.py:79} INFO - Running: ['***', 'tasks', 'run', 'parking_pipeline', 'transform_data', 'scheduled__2024-10-20T13:34:13.842377+00:00', '--job-id', '145', '--raw', '--subdir', 'DAGS_FOLDER/parking_dag.py', '--cfg-path', '/tmp/tmpflkb8b2q', '--error-file', '/tmp/tmphj2omy5p']
[2024-10-20 13:36:21,112] {standard_task_runner.py:80} INFO - Job 145: Subtask transform_data
[2024-10-20 13:36:21,173] {task_command.py:369} INFO - Running <TaskInstance: parking_pipeline.transform_data scheduled__2024-10-20T13:34:13.842377+00:00 [running]> on host cca6e04cab7b
[2024-10-20 13:36:21,252] {taskinstance.py:1571} INFO - Exporting the following env vars:
AIRFLOW_CTX_DAG_OWNER=Airflow
AIRFLOW_CTX_DAG_ID=parking_pipeline
AIRFLOW_CTX_TASK_ID=transform_data
AIRFLOW_CTX_EXECUTION_DATE=2024-10-20T13:34:13.842377+00:00
AIRFLOW_CTX_TRY_NUMBER=1
AIRFLOW_CTX_DAG_RUN_ID=scheduled__2024-10-20T13:34:13.842377+00:00
[2024-10-20 13:36:21,292] {python.py:173} INFO - Done. Returned value was: None
[2024-10-20 13:36:21,308] {taskinstance.py:1400} INFO - Marking task as SUCCESS. dag_id=parking_pipeline, task_id=transform_data, execution_date=20241020T133413, start_date=20241020T133621, end_date=20241020T133621
[2024-10-20 13:36:21,365] {local_task_job.py:156} INFO - Task exited with return code 0
[2024-10-20 13:36:21,406] {local_task_job.py:273} INFO - 1 downstream tasks scheduled from follow-on schedule check
