[2022-12-27 18:51:11,946] {taskinstance.py:1159} INFO - Dependencies all met for <TaskInstance: parking_pipeline.transform_data scheduled__2022-12-27T18:49:08.092883+00:00 [queued]>
[2022-12-27 18:51:11,952] {taskinstance.py:1159} INFO - Dependencies all met for <TaskInstance: parking_pipeline.transform_data scheduled__2022-12-27T18:49:08.092883+00:00 [queued]>
[2022-12-27 18:51:11,952] {taskinstance.py:1356} INFO - 
--------------------------------------------------------------------------------
[2022-12-27 18:51:11,953] {taskinstance.py:1357} INFO - Starting attempt 1 of 2
[2022-12-27 18:51:11,953] {taskinstance.py:1358} INFO - 
--------------------------------------------------------------------------------
[2022-12-27 18:51:11,962] {taskinstance.py:1377} INFO - Executing <Task(PythonOperator): transform_data> on 2022-12-27 18:49:08.092883+00:00
[2022-12-27 18:51:11,966] {standard_task_runner.py:52} INFO - Started process 992 to run task
[2022-12-27 18:51:11,970] {standard_task_runner.py:79} INFO - Running: ['***', 'tasks', 'run', 'parking_pipeline', 'transform_data', 'scheduled__2022-12-27T18:49:08.092883+00:00', '--job-id', '38', '--raw', '--subdir', 'DAGS_FOLDER/parking_dag.py', '--cfg-path', '/tmp/tmplg4d_8gu', '--error-file', '/tmp/tmpdoanz52k']
[2022-12-27 18:51:11,971] {standard_task_runner.py:80} INFO - Job 38: Subtask transform_data
[2022-12-27 18:51:12,021] {task_command.py:369} INFO - Running <TaskInstance: parking_pipeline.transform_data scheduled__2022-12-27T18:49:08.092883+00:00 [running]> on host 8fbeee8d3d5a
[2022-12-27 18:51:12,079] {taskinstance.py:1571} INFO - Exporting the following env vars:
AIRFLOW_CTX_DAG_OWNER=Airflow
AIRFLOW_CTX_DAG_ID=parking_pipeline
AIRFLOW_CTX_TASK_ID=transform_data
AIRFLOW_CTX_EXECUTION_DATE=2022-12-27T18:49:08.092883+00:00
AIRFLOW_CTX_TRY_NUMBER=1
AIRFLOW_CTX_DAG_RUN_ID=scheduled__2022-12-27T18:49:08.092883+00:00
[2022-12-27 18:51:12,101] {python.py:173} INFO - Done. Returned value was: None
[2022-12-27 18:51:12,113] {taskinstance.py:1400} INFO - Marking task as SUCCESS. dag_id=parking_pipeline, task_id=transform_data, execution_date=20221227T184908, start_date=20221227T185111, end_date=20221227T185112
[2022-12-27 18:51:12,144] {local_task_job.py:156} INFO - Task exited with return code 0
[2022-12-27 18:51:12,174] {local_task_job.py:273} INFO - 0 downstream tasks scheduled from follow-on schedule check
