[2024-10-29 02:37:00,990] {taskinstance.py:1159} INFO - Dependencies all met for <TaskInstance: parking_pipeline.store_data_csv scheduled__2024-10-29T02:34:49.856971+00:00 [queued]>
[2024-10-29 02:37:01,004] {taskinstance.py:1159} INFO - Dependencies all met for <TaskInstance: parking_pipeline.store_data_csv scheduled__2024-10-29T02:34:49.856971+00:00 [queued]>
[2024-10-29 02:37:01,005] {taskinstance.py:1356} INFO - 
--------------------------------------------------------------------------------
[2024-10-29 02:37:01,006] {taskinstance.py:1357} INFO - Starting attempt 1 of 2
[2024-10-29 02:37:01,007] {taskinstance.py:1358} INFO - 
--------------------------------------------------------------------------------
[2024-10-29 02:37:01,029] {taskinstance.py:1377} INFO - Executing <Task(PythonOperator): store_data_csv> on 2024-10-29 02:34:49.856971+00:00
[2024-10-29 02:37:01,038] {standard_task_runner.py:52} INFO - Started process 306 to run task
[2024-10-29 02:37:01,043] {standard_task_runner.py:79} INFO - Running: ['***', 'tasks', 'run', 'parking_pipeline', 'store_data_csv', 'scheduled__2024-10-29T02:34:49.856971+00:00', '--job-id', '533', '--raw', '--subdir', 'DAGS_FOLDER/parking_dag.py', '--cfg-path', '/tmp/tmps54uuxf2', '--error-file', '/tmp/tmpiw55ktbf']
[2024-10-29 02:37:01,045] {standard_task_runner.py:80} INFO - Job 533: Subtask store_data_csv
[2024-10-29 02:37:01,123] {task_command.py:369} INFO - Running <TaskInstance: parking_pipeline.store_data_csv scheduled__2024-10-29T02:34:49.856971+00:00 [running]> on host 31266dfed982
[2024-10-29 02:37:01,237] {taskinstance.py:1571} INFO - Exporting the following env vars:
AIRFLOW_CTX_DAG_OWNER=Airflow
AIRFLOW_CTX_DAG_ID=parking_pipeline
AIRFLOW_CTX_TASK_ID=store_data_csv
AIRFLOW_CTX_EXECUTION_DATE=2024-10-29T02:34:49.856971+00:00
AIRFLOW_CTX_TRY_NUMBER=1
AIRFLOW_CTX_DAG_RUN_ID=scheduled__2024-10-29T02:34:49.856971+00:00
[2024-10-29 02:37:01,289] {python.py:173} INFO - Done. Returned value was: None
[2024-10-29 02:37:01,310] {taskinstance.py:1400} INFO - Marking task as SUCCESS. dag_id=parking_pipeline, task_id=store_data_csv, execution_date=20241029T023449, start_date=20241029T023700, end_date=20241029T023701
[2024-10-29 02:37:01,335] {local_task_job.py:156} INFO - Task exited with return code 0
[2024-10-29 02:37:01,389] {local_task_job.py:273} INFO - 0 downstream tasks scheduled from follow-on schedule check
