[2022-12-27 21:47:33,233] {taskinstance.py:1159} INFO - Dependencies all met for <TaskInstance: parking_pipeline.transform_data manual__2022-12-27T21:47:29.568252+00:00 [queued]>
[2022-12-27 21:47:33,240] {taskinstance.py:1159} INFO - Dependencies all met for <TaskInstance: parking_pipeline.transform_data manual__2022-12-27T21:47:29.568252+00:00 [queued]>
[2022-12-27 21:47:33,240] {taskinstance.py:1356} INFO - 
--------------------------------------------------------------------------------
[2022-12-27 21:47:33,241] {taskinstance.py:1357} INFO - Starting attempt 1 of 2
[2022-12-27 21:47:33,241] {taskinstance.py:1358} INFO - 
--------------------------------------------------------------------------------
[2022-12-27 21:47:33,251] {taskinstance.py:1377} INFO - Executing <Task(PythonOperator): transform_data> on 2022-12-27 21:47:29.568252+00:00
[2022-12-27 21:47:33,256] {standard_task_runner.py:52} INFO - Started process 10256 to run task
[2022-12-27 21:47:33,259] {standard_task_runner.py:79} INFO - Running: ['***', 'tasks', 'run', 'parking_pipeline', 'transform_data', 'manual__2022-12-27T21:47:29.568252+00:00', '--job-id', '545', '--raw', '--subdir', 'DAGS_FOLDER/parking_dag.py', '--cfg-path', '/tmp/tmp2k5x855g', '--error-file', '/tmp/tmpl92zr5fx']
[2022-12-27 21:47:33,261] {standard_task_runner.py:80} INFO - Job 545: Subtask transform_data
[2022-12-27 21:47:33,313] {task_command.py:369} INFO - Running <TaskInstance: parking_pipeline.transform_data manual__2022-12-27T21:47:29.568252+00:00 [running]> on host 8fbeee8d3d5a
[2022-12-27 21:47:33,371] {taskinstance.py:1571} INFO - Exporting the following env vars:
AIRFLOW_CTX_DAG_OWNER=Airflow
AIRFLOW_CTX_DAG_ID=parking_pipeline
AIRFLOW_CTX_TASK_ID=transform_data
AIRFLOW_CTX_EXECUTION_DATE=2022-12-27T21:47:29.568252+00:00
AIRFLOW_CTX_TRY_NUMBER=1
AIRFLOW_CTX_DAG_RUN_ID=manual__2022-12-27T21:47:29.568252+00:00
[2022-12-27 21:47:33,387] {logging_mixin.py:115} INFO - ['parkingTransactionKey', 'transactionSourceCode', 'meterId', 'zoneNbr', 'startDtm', 'endDtm', 'transactionAmt', 'paymentTypeName', 'transactionStatusCode', 'meterManufacturerName', 'blockNbr', 'sourceStreetDisplayName', 'sideDirectionName', 'latitudeCrd', 'longitudeCrd', 'statePlaneXCrd', 'statePlaneYCrd', 'handicapInd', 'timeRestrictionDsc', 'maxHoursCnt', 'meterTypeDsc', 'dollarPerHourRate', 'activeStatusInd', 'zoneSpaceCnt', 'metroAreaName']
[2022-12-27 21:47:33,396] {taskinstance.py:1889} ERROR - Task failed with exception
Traceback (most recent call last):
  File "/home/airflow/.local/lib/python3.7/site-packages/airflow/operators/python.py", line 171, in execute
    return_value = self.execute_callable()
  File "/home/airflow/.local/lib/python3.7/site-packages/airflow/operators/python.py", line 189, in execute_callable
    return self.python_callable(*self.op_args, **self.op_kwargs)
  File "/opt/airflow/dags/parking_dag.py", line 51, in _transform_parking_data
    df.drop()
  File "/home/airflow/.local/lib/python3.7/site-packages/pandas/util/_decorators.py", line 311, in wrapper
    return func(*args, **kwargs)
  File "/home/airflow/.local/lib/python3.7/site-packages/pandas/core/frame.py", line 4913, in drop
    errors=errors,
  File "/home/airflow/.local/lib/python3.7/site-packages/pandas/core/generic.py", line 4143, in drop
    "Need to specify at least one of 'labels', 'index' or 'columns'"
ValueError: Need to specify at least one of 'labels', 'index' or 'columns'
[2022-12-27 21:47:33,411] {taskinstance.py:1400} INFO - Marking task as UP_FOR_RETRY. dag_id=parking_pipeline, task_id=transform_data, execution_date=20221227T214729, start_date=20221227T214733, end_date=20221227T214733
[2022-12-27 21:47:33,418] {standard_task_runner.py:97} ERROR - Failed to execute job 545 for task transform_data (Need to specify at least one of 'labels', 'index' or 'columns'; 10256)
[2022-12-27 21:47:33,431] {local_task_job.py:156} INFO - Task exited with return code 1
[2022-12-27 21:47:33,461] {local_task_job.py:273} INFO - 0 downstream tasks scheduled from follow-on schedule check
