[2024-10-29 03:01:07,205] {taskinstance.py:1159} INFO - Dependencies all met for <TaskInstance: parking_pipeline.load_data scheduled__2024-10-29T02:26:36.903345+00:00 [queued]>
[2024-10-29 03:01:07,229] {taskinstance.py:1159} INFO - Dependencies all met for <TaskInstance: parking_pipeline.load_data scheduled__2024-10-29T02:26:36.903345+00:00 [queued]>
[2024-10-29 03:01:07,229] {taskinstance.py:1356} INFO - 
--------------------------------------------------------------------------------
[2024-10-29 03:01:07,231] {taskinstance.py:1357} INFO - Starting attempt 2 of 2
[2024-10-29 03:01:07,231] {taskinstance.py:1358} INFO - 
--------------------------------------------------------------------------------
[2024-10-29 03:01:07,260] {taskinstance.py:1377} INFO - Executing <Task(PythonOperator): load_data> on 2024-10-29 02:26:36.903345+00:00
[2024-10-29 03:01:07,272] {standard_task_runner.py:52} INFO - Started process 846 to run task
[2024-10-29 03:01:07,277] {standard_task_runner.py:79} INFO - Running: ['***', 'tasks', 'run', 'parking_pipeline', 'load_data', 'scheduled__2024-10-29T02:26:36.903345+00:00', '--job-id', '737', '--raw', '--subdir', 'DAGS_FOLDER/parking_dag.py', '--cfg-path', '/tmp/tmp4730bqc8', '--error-file', '/tmp/tmp1zcie2pb']
[2024-10-29 03:01:07,278] {standard_task_runner.py:80} INFO - Job 737: Subtask load_data
[2024-10-29 03:01:07,392] {task_command.py:369} INFO - Running <TaskInstance: parking_pipeline.load_data scheduled__2024-10-29T02:26:36.903345+00:00 [running]> on host 6da7af54a32a
[2024-10-29 03:01:07,560] {taskinstance.py:1571} INFO - Exporting the following env vars:
AIRFLOW_CTX_DAG_OWNER=Airflow
AIRFLOW_CTX_DAG_ID=parking_pipeline
AIRFLOW_CTX_TASK_ID=load_data
AIRFLOW_CTX_EXECUTION_DATE=2024-10-29T02:26:36.903345+00:00
AIRFLOW_CTX_TRY_NUMBER=2
AIRFLOW_CTX_DAG_RUN_ID=scheduled__2024-10-29T02:26:36.903345+00:00
[2024-10-29 03:01:07,578] {postgres.py:127} INFO - Running copy expert: COPY parking_data FROM stdin WITH DELIMITER as ',', filename: ./tmp/processed_parking_data_00.csv
[2024-10-29 03:01:07,596] {base.py:68} INFO - Using connection ID 'postgres' for task execution.
[2024-10-29 03:01:07,612] {python.py:173} INFO - Done. Returned value was: None
[2024-10-29 03:01:07,637] {taskinstance.py:1400} INFO - Marking task as SUCCESS. dag_id=parking_pipeline, task_id=load_data, execution_date=20241029T022636, start_date=20241029T030107, end_date=20241029T030107
[2024-10-29 03:01:07,692] {local_task_job.py:156} INFO - Task exited with return code 0
[2024-10-29 03:01:07,757] {local_task_job.py:273} INFO - 0 downstream tasks scheduled from follow-on schedule check
