[2024-10-29 03:37:18,249] {taskinstance.py:1159} INFO - Dependencies all met for <TaskInstance: parking_pipeline.store_data_csv scheduled__2024-10-29T03:35:09.727694+00:00 [queued]>
[2024-10-29 03:37:18,261] {taskinstance.py:1159} INFO - Dependencies all met for <TaskInstance: parking_pipeline.store_data_csv scheduled__2024-10-29T03:35:09.727694+00:00 [queued]>
[2024-10-29 03:37:18,261] {taskinstance.py:1356} INFO - 
--------------------------------------------------------------------------------
[2024-10-29 03:37:18,262] {taskinstance.py:1357} INFO - Starting attempt 1 of 2
[2024-10-29 03:37:18,262] {taskinstance.py:1358} INFO - 
--------------------------------------------------------------------------------
[2024-10-29 03:37:18,277] {taskinstance.py:1377} INFO - Executing <Task(PythonOperator): store_data_csv> on 2024-10-29 03:35:09.727694+00:00
[2024-10-29 03:37:18,285] {standard_task_runner.py:52} INFO - Started process 2886 to run task
[2024-10-29 03:37:18,287] {standard_task_runner.py:79} INFO - Running: ['***', 'tasks', 'run', 'parking_pipeline', 'store_data_csv', 'scheduled__2024-10-29T03:35:09.727694+00:00', '--job-id', '876', '--raw', '--subdir', 'DAGS_FOLDER/parking_dag.py', '--cfg-path', '/tmp/tmpslvl6ea2', '--error-file', '/tmp/tmpij5t9zhs']
[2024-10-29 03:37:18,288] {standard_task_runner.py:80} INFO - Job 876: Subtask store_data_csv
[2024-10-29 03:37:18,343] {task_command.py:369} INFO - Running <TaskInstance: parking_pipeline.store_data_csv scheduled__2024-10-29T03:35:09.727694+00:00 [running]> on host 6da7af54a32a
[2024-10-29 03:37:18,420] {taskinstance.py:1571} INFO - Exporting the following env vars:
AIRFLOW_CTX_DAG_OWNER=Airflow
AIRFLOW_CTX_DAG_ID=parking_pipeline
AIRFLOW_CTX_TASK_ID=store_data_csv
AIRFLOW_CTX_EXECUTION_DATE=2024-10-29T03:35:09.727694+00:00
AIRFLOW_CTX_TRY_NUMBER=1
AIRFLOW_CTX_DAG_RUN_ID=scheduled__2024-10-29T03:35:09.727694+00:00
[2024-10-29 03:37:18,458] {python.py:173} INFO - Done. Returned value was: None
[2024-10-29 03:37:18,471] {taskinstance.py:1400} INFO - Marking task as SUCCESS. dag_id=parking_pipeline, task_id=store_data_csv, execution_date=20241029T033509, start_date=20241029T033718, end_date=20241029T033718
[2024-10-29 03:37:18,500] {local_task_job.py:156} INFO - Task exited with return code 0
[2024-10-29 03:37:18,538] {local_task_job.py:273} INFO - 1 downstream tasks scheduled from follow-on schedule check
