[2022-12-26 21:40:41,012] {taskinstance.py:1159} INFO - Dependencies all met for <TaskInstance: parking_pipeline.transform_data scheduled__2022-12-26T21:38:36.375693+00:00 [queued]>
[2022-12-26 21:40:41,018] {taskinstance.py:1159} INFO - Dependencies all met for <TaskInstance: parking_pipeline.transform_data scheduled__2022-12-26T21:38:36.375693+00:00 [queued]>
[2022-12-26 21:40:41,019] {taskinstance.py:1356} INFO - 
--------------------------------------------------------------------------------
[2022-12-26 21:40:41,020] {taskinstance.py:1357} INFO - Starting attempt 1 of 2
[2022-12-26 21:40:41,020] {taskinstance.py:1358} INFO - 
--------------------------------------------------------------------------------
[2022-12-26 21:40:41,030] {taskinstance.py:1377} INFO - Executing <Task(PythonOperator): transform_data> on 2022-12-26 21:38:36.375693+00:00
[2022-12-26 21:40:41,035] {standard_task_runner.py:52} INFO - Started process 1009 to run task
[2022-12-26 21:40:41,039] {standard_task_runner.py:79} INFO - Running: ['***', 'tasks', 'run', 'parking_pipeline', 'transform_data', 'scheduled__2022-12-26T21:38:36.375693+00:00', '--job-id', '38', '--raw', '--subdir', 'DAGS_FOLDER/parking_dag.py', '--cfg-path', '/tmp/tmpndu4sgj6', '--error-file', '/tmp/tmpn66scclx']
[2022-12-26 21:40:41,041] {standard_task_runner.py:80} INFO - Job 38: Subtask transform_data
[2022-12-26 21:40:41,096] {task_command.py:369} INFO - Running <TaskInstance: parking_pipeline.transform_data scheduled__2022-12-26T21:38:36.375693+00:00 [running]> on host 6ae44adb8f1d
[2022-12-26 21:40:41,154] {taskinstance.py:1571} INFO - Exporting the following env vars:
AIRFLOW_CTX_DAG_OWNER=Airflow
AIRFLOW_CTX_DAG_ID=parking_pipeline
AIRFLOW_CTX_TASK_ID=transform_data
AIRFLOW_CTX_EXECUTION_DATE=2022-12-26T21:38:36.375693+00:00
AIRFLOW_CTX_TRY_NUMBER=1
AIRFLOW_CTX_DAG_RUN_ID=scheduled__2022-12-26T21:38:36.375693+00:00
[2022-12-26 21:40:41,174] {python.py:173} INFO - Done. Returned value was: None
[2022-12-26 21:40:41,187] {taskinstance.py:1400} INFO - Marking task as SUCCESS. dag_id=parking_pipeline, task_id=transform_data, execution_date=20221226T213836, start_date=20221226T214041, end_date=20221226T214041
[2022-12-26 21:40:41,211] {local_task_job.py:156} INFO - Task exited with return code 0
[2022-12-26 21:40:41,239] {local_task_job.py:273} INFO - 0 downstream tasks scheduled from follow-on schedule check
