[2022-12-28 20:23:48,829] {taskinstance.py:1159} INFO - Dependencies all met for <TaskInstance: parking_pipeline.load_data scheduled__2022-12-28T20:21:43.276734+00:00 [queued]>
[2022-12-28 20:23:48,836] {taskinstance.py:1159} INFO - Dependencies all met for <TaskInstance: parking_pipeline.load_data scheduled__2022-12-28T20:21:43.276734+00:00 [queued]>
[2022-12-28 20:23:48,837] {taskinstance.py:1356} INFO - 
--------------------------------------------------------------------------------
[2022-12-28 20:23:48,837] {taskinstance.py:1357} INFO - Starting attempt 1 of 2
[2022-12-28 20:23:48,838] {taskinstance.py:1358} INFO - 
--------------------------------------------------------------------------------
[2022-12-28 20:23:48,846] {taskinstance.py:1377} INFO - Executing <Task(PythonOperator): load_data> on 2022-12-28 20:21:43.276734+00:00
[2022-12-28 20:23:48,851] {standard_task_runner.py:52} INFO - Started process 1254 to run task
[2022-12-28 20:23:48,855] {standard_task_runner.py:79} INFO - Running: ['***', 'tasks', 'run', 'parking_pipeline', 'load_data', 'scheduled__2022-12-28T20:21:43.276734+00:00', '--job-id', '77', '--raw', '--subdir', 'DAGS_FOLDER/parking_dag.py', '--cfg-path', '/tmp/tmpu3_ic0zo', '--error-file', '/tmp/tmpspo_s78c']
[2022-12-28 20:23:48,856] {standard_task_runner.py:80} INFO - Job 77: Subtask load_data
[2022-12-28 20:23:48,907] {task_command.py:369} INFO - Running <TaskInstance: parking_pipeline.load_data scheduled__2022-12-28T20:21:43.276734+00:00 [running]> on host 8be693a2d03b
[2022-12-28 20:23:48,968] {taskinstance.py:1571} INFO - Exporting the following env vars:
AIRFLOW_CTX_DAG_OWNER=Airflow
AIRFLOW_CTX_DAG_ID=parking_pipeline
AIRFLOW_CTX_TASK_ID=load_data
AIRFLOW_CTX_EXECUTION_DATE=2022-12-28T20:21:43.276734+00:00
AIRFLOW_CTX_TRY_NUMBER=1
AIRFLOW_CTX_DAG_RUN_ID=scheduled__2022-12-28T20:21:43.276734+00:00
[2022-12-28 20:23:48,978] {postgres.py:127} INFO - Running copy expert: COPY parking_data FROM stdin WITH DELIMITER as ',', filename: ./tmp/processed_parking_data_00.csv
[2022-12-28 20:23:48,988] {base.py:68} INFO - Using connection ID 'postgres' for task execution.
[2022-12-28 20:23:48,999] {python.py:173} INFO - Done. Returned value was: None
[2022-12-28 20:23:49,013] {taskinstance.py:1400} INFO - Marking task as SUCCESS. dag_id=parking_pipeline, task_id=load_data, execution_date=20221228T202143, start_date=20221228T202348, end_date=20221228T202349
[2022-12-28 20:23:49,069] {local_task_job.py:156} INFO - Task exited with return code 0
[2022-12-28 20:23:49,100] {local_task_job.py:273} INFO - 0 downstream tasks scheduled from follow-on schedule check
