[2022-12-26 20:20:25,594] {taskinstance.py:1159} INFO - Dependencies all met for <TaskInstance: parking_pipeline.is_api_available scheduled__2022-12-26T20:18:24.448414+00:00 [queued]>
[2022-12-26 20:20:25,603] {taskinstance.py:1159} INFO - Dependencies all met for <TaskInstance: parking_pipeline.is_api_available scheduled__2022-12-26T20:18:24.448414+00:00 [queued]>
[2022-12-26 20:20:25,604] {taskinstance.py:1356} INFO - 
--------------------------------------------------------------------------------
[2022-12-26 20:20:25,605] {taskinstance.py:1357} INFO - Starting attempt 1 of 2
[2022-12-26 20:20:25,606] {taskinstance.py:1358} INFO - 
--------------------------------------------------------------------------------
[2022-12-26 20:20:25,617] {taskinstance.py:1377} INFO - Executing <Task(HttpSensor): is_api_available> on 2022-12-26 20:18:24.448414+00:00
[2022-12-26 20:20:25,623] {standard_task_runner.py:52} INFO - Started process 1112 to run task
[2022-12-26 20:20:25,627] {standard_task_runner.py:79} INFO - Running: ['***', 'tasks', 'run', 'parking_pipeline', 'is_api_available', 'scheduled__2022-12-26T20:18:24.448414+00:00', '--job-id', '52', '--raw', '--subdir', 'DAGS_FOLDER/parking_dag.py', '--cfg-path', '/tmp/tmp2ba2az_g', '--error-file', '/tmp/tmpp4d1hnrh']
[2022-12-26 20:20:25,629] {standard_task_runner.py:80} INFO - Job 52: Subtask is_api_available
[2022-12-26 20:20:25,686] {task_command.py:369} INFO - Running <TaskInstance: parking_pipeline.is_api_available scheduled__2022-12-26T20:18:24.448414+00:00 [running]> on host 3d3eee352115
[2022-12-26 20:20:25,755] {taskinstance.py:1571} INFO - Exporting the following env vars:
AIRFLOW_CTX_DAG_OWNER=Airflow
AIRFLOW_CTX_DAG_ID=parking_pipeline
AIRFLOW_CTX_TASK_ID=is_api_available
AIRFLOW_CTX_EXECUTION_DATE=2022-12-26T20:18:24.448414+00:00
AIRFLOW_CTX_TRY_NUMBER=1
AIRFLOW_CTX_DAG_RUN_ID=scheduled__2022-12-26T20:18:24.448414+00:00
[2022-12-26 20:20:25,757] {http.py:97} INFO - Poking: 
[2022-12-26 20:20:25,770] {base.py:68} INFO - Using connection ID 'is_api_available' for task execution.
[2022-12-26 20:20:25,773] {http.py:129} INFO - Sending 'GET' to url: https://datahub-v2.arlingtonva.us/api/ParkingMeter/ParkingTransactions
[2022-12-26 20:20:26,020] {base.py:301} INFO - Success criteria met. Exiting.
[2022-12-26 20:20:26,037] {taskinstance.py:1400} INFO - Marking task as SUCCESS. dag_id=parking_pipeline, task_id=is_api_available, execution_date=20221226T201824, start_date=20221226T202025, end_date=20221226T202026
[2022-12-26 20:20:26,081] {local_task_job.py:156} INFO - Task exited with return code 0
[2022-12-26 20:20:26,129] {local_task_job.py:273} INFO - 1 downstream tasks scheduled from follow-on schedule check
