[2024-10-20 14:16:26,979] {taskinstance.py:1159} INFO - Dependencies all met for <TaskInstance: parking_pipeline.is_api_available scheduled__2024-10-20T14:14:25.775451+00:00 [queued]>
[2024-10-20 14:16:26,992] {taskinstance.py:1159} INFO - Dependencies all met for <TaskInstance: parking_pipeline.is_api_available scheduled__2024-10-20T14:14:25.775451+00:00 [queued]>
[2024-10-20 14:16:26,992] {taskinstance.py:1356} INFO - 
--------------------------------------------------------------------------------
[2024-10-20 14:16:26,993] {taskinstance.py:1357} INFO - Starting attempt 1 of 2
[2024-10-20 14:16:26,993] {taskinstance.py:1358} INFO - 
--------------------------------------------------------------------------------
[2024-10-20 14:16:27,009] {taskinstance.py:1377} INFO - Executing <Task(HttpSensor): is_api_available> on 2024-10-20 14:14:25.775451+00:00
[2024-10-20 14:16:27,017] {standard_task_runner.py:52} INFO - Started process 993 to run task
[2024-10-20 14:16:27,019] {standard_task_runner.py:79} INFO - Running: ['***', 'tasks', 'run', 'parking_pipeline', 'is_api_available', 'scheduled__2024-10-20T14:14:25.775451+00:00', '--job-id', '220', '--raw', '--subdir', 'DAGS_FOLDER/parking_dag.py', '--cfg-path', '/tmp/tmpsc0bu93c', '--error-file', '/tmp/tmpaevt568j']
[2024-10-20 14:16:27,020] {standard_task_runner.py:80} INFO - Job 220: Subtask is_api_available
[2024-10-20 14:16:27,086] {task_command.py:369} INFO - Running <TaskInstance: parking_pipeline.is_api_available scheduled__2024-10-20T14:14:25.775451+00:00 [running]> on host 4047801f839c
[2024-10-20 14:16:27,177] {taskinstance.py:1571} INFO - Exporting the following env vars:
AIRFLOW_CTX_DAG_OWNER=Airflow
AIRFLOW_CTX_DAG_ID=parking_pipeline
AIRFLOW_CTX_TASK_ID=is_api_available
AIRFLOW_CTX_EXECUTION_DATE=2024-10-20T14:14:25.775451+00:00
AIRFLOW_CTX_TRY_NUMBER=1
AIRFLOW_CTX_DAG_RUN_ID=scheduled__2024-10-20T14:14:25.775451+00:00
[2024-10-20 14:16:27,178] {http.py:97} INFO - Poking: 
[2024-10-20 14:16:27,189] {base.py:68} INFO - Using connection ID 'is_api_available' for task execution.
[2024-10-20 14:16:27,191] {http.py:129} INFO - Sending 'GET' to url: https://datahub-v2.arlingtonva.us/api/ParkingMeter/ParkingTransactions
[2024-10-20 14:16:28,419] {base.py:301} INFO - Success criteria met. Exiting.
[2024-10-20 14:16:28,434] {taskinstance.py:1400} INFO - Marking task as SUCCESS. dag_id=parking_pipeline, task_id=is_api_available, execution_date=20241020T141425, start_date=20241020T141626, end_date=20241020T141628
[2024-10-20 14:16:28,479] {local_task_job.py:156} INFO - Task exited with return code 0
[2024-10-20 14:16:28,534] {local_task_job.py:273} INFO - 1 downstream tasks scheduled from follow-on schedule check
