[2022-12-26 17:38:22,886] {taskinstance.py:1159} INFO - Dependencies all met for <TaskInstance: parking_pipeline.transform_data scheduled__2022-12-26T17:36:18.251652+00:00 [queued]>
[2022-12-26 17:38:22,893] {taskinstance.py:1159} INFO - Dependencies all met for <TaskInstance: parking_pipeline.transform_data scheduled__2022-12-26T17:36:18.251652+00:00 [queued]>
[2022-12-26 17:38:22,894] {taskinstance.py:1356} INFO - 
--------------------------------------------------------------------------------
[2022-12-26 17:38:22,895] {taskinstance.py:1357} INFO - Starting attempt 1 of 2
[2022-12-26 17:38:22,896] {taskinstance.py:1358} INFO - 
--------------------------------------------------------------------------------
[2022-12-26 17:38:22,906] {taskinstance.py:1377} INFO - Executing <Task(PythonOperator): transform_data> on 2022-12-26 17:36:18.251652+00:00
[2022-12-26 17:38:22,911] {standard_task_runner.py:52} INFO - Started process 4336 to run task
[2022-12-26 17:38:22,915] {standard_task_runner.py:79} INFO - Running: ['***', 'tasks', 'run', 'parking_pipeline', 'transform_data', 'scheduled__2022-12-26T17:36:18.251652+00:00', '--job-id', '138', '--raw', '--subdir', 'DAGS_FOLDER/parking_dag.py', '--cfg-path', '/tmp/tmpn_x5nvcf', '--error-file', '/tmp/tmpimzke4je']
[2022-12-26 17:38:22,916] {standard_task_runner.py:80} INFO - Job 138: Subtask transform_data
[2022-12-26 17:38:22,970] {task_command.py:369} INFO - Running <TaskInstance: parking_pipeline.transform_data scheduled__2022-12-26T17:36:18.251652+00:00 [running]> on host a4f1a67a8720
[2022-12-26 17:38:23,046] {taskinstance.py:1571} INFO - Exporting the following env vars:
AIRFLOW_CTX_DAG_OWNER=Airflow
AIRFLOW_CTX_DAG_ID=parking_pipeline
AIRFLOW_CTX_TASK_ID=transform_data
AIRFLOW_CTX_EXECUTION_DATE=2022-12-26T17:36:18.251652+00:00
AIRFLOW_CTX_TRY_NUMBER=1
AIRFLOW_CTX_DAG_RUN_ID=scheduled__2022-12-26T17:36:18.251652+00:00
[2022-12-26 17:38:23,067] {python.py:173} INFO - Done. Returned value was: None
[2022-12-26 17:38:23,081] {taskinstance.py:1400} INFO - Marking task as SUCCESS. dag_id=parking_pipeline, task_id=transform_data, execution_date=20221226T173618, start_date=20221226T173822, end_date=20221226T173823
[2022-12-26 17:38:23,128] {local_task_job.py:156} INFO - Task exited with return code 0
[2022-12-26 17:38:23,160] {local_task_job.py:273} INFO - 0 downstream tasks scheduled from follow-on schedule check
