[2022-12-28 20:31:43,953] {taskinstance.py:1159} INFO - Dependencies all met for <TaskInstance: parking_pipeline.is_api_available scheduled__2022-12-28T20:29:43.276734+00:00 [queued]>
[2022-12-28 20:31:43,960] {taskinstance.py:1159} INFO - Dependencies all met for <TaskInstance: parking_pipeline.is_api_available scheduled__2022-12-28T20:29:43.276734+00:00 [queued]>
[2022-12-28 20:31:43,960] {taskinstance.py:1356} INFO - 
--------------------------------------------------------------------------------
[2022-12-28 20:31:43,961] {taskinstance.py:1357} INFO - Starting attempt 1 of 2
[2022-12-28 20:31:43,961] {taskinstance.py:1358} INFO - 
--------------------------------------------------------------------------------
[2022-12-28 20:31:43,970] {taskinstance.py:1377} INFO - Executing <Task(HttpSensor): is_api_available> on 2022-12-28 20:29:43.276734+00:00
[2022-12-28 20:31:43,974] {standard_task_runner.py:52} INFO - Started process 1681 to run task
[2022-12-28 20:31:43,978] {standard_task_runner.py:79} INFO - Running: ['***', 'tasks', 'run', 'parking_pipeline', 'is_api_available', 'scheduled__2022-12-28T20:29:43.276734+00:00', '--job-id', '93', '--raw', '--subdir', 'DAGS_FOLDER/parking_dag.py', '--cfg-path', '/tmp/tmpql7p6h4k', '--error-file', '/tmp/tmpg9che40_']
[2022-12-28 20:31:43,980] {standard_task_runner.py:80} INFO - Job 93: Subtask is_api_available
[2022-12-28 20:31:44,030] {task_command.py:369} INFO - Running <TaskInstance: parking_pipeline.is_api_available scheduled__2022-12-28T20:29:43.276734+00:00 [running]> on host 8be693a2d03b
[2022-12-28 20:31:44,089] {taskinstance.py:1571} INFO - Exporting the following env vars:
AIRFLOW_CTX_DAG_OWNER=Airflow
AIRFLOW_CTX_DAG_ID=parking_pipeline
AIRFLOW_CTX_TASK_ID=is_api_available
AIRFLOW_CTX_EXECUTION_DATE=2022-12-28T20:29:43.276734+00:00
AIRFLOW_CTX_TRY_NUMBER=1
AIRFLOW_CTX_DAG_RUN_ID=scheduled__2022-12-28T20:29:43.276734+00:00
[2022-12-28 20:31:44,093] {http.py:97} INFO - Poking: 
[2022-12-28 20:31:44,106] {base.py:68} INFO - Using connection ID 'is_api_available' for task execution.
[2022-12-28 20:31:44,111] {http.py:129} INFO - Sending 'GET' to url: https://datahub-v2.arlingtonva.us/api/ParkingMeter/ParkingTransactions
[2022-12-28 20:31:44,268] {base.py:301} INFO - Success criteria met. Exiting.
[2022-12-28 20:31:44,282] {taskinstance.py:1400} INFO - Marking task as SUCCESS. dag_id=parking_pipeline, task_id=is_api_available, execution_date=20221228T202943, start_date=20221228T203143, end_date=20221228T203144
[2022-12-28 20:31:44,311] {local_task_job.py:156} INFO - Task exited with return code 0
[2022-12-28 20:31:44,355] {local_task_job.py:273} INFO - 1 downstream tasks scheduled from follow-on schedule check
