[2022-12-26 18:29:04,805] {taskinstance.py:1159} INFO - Dependencies all met for <TaskInstance: parking_pipeline.transform_data scheduled__2022-12-26T18:27:00.007493+00:00 [queued]>
[2022-12-26 18:29:04,812] {taskinstance.py:1159} INFO - Dependencies all met for <TaskInstance: parking_pipeline.transform_data scheduled__2022-12-26T18:27:00.007493+00:00 [queued]>
[2022-12-26 18:29:04,813] {taskinstance.py:1356} INFO - 
--------------------------------------------------------------------------------
[2022-12-26 18:29:04,813] {taskinstance.py:1357} INFO - Starting attempt 1 of 2
[2022-12-26 18:29:04,814] {taskinstance.py:1358} INFO - 
--------------------------------------------------------------------------------
[2022-12-26 18:29:04,823] {taskinstance.py:1377} INFO - Executing <Task(PythonOperator): transform_data> on 2022-12-26 18:27:00.007493+00:00
[2022-12-26 18:29:04,828] {standard_task_runner.py:52} INFO - Started process 6545 to run task
[2022-12-26 18:29:04,832] {standard_task_runner.py:79} INFO - Running: ['***', 'tasks', 'run', 'parking_pipeline', 'transform_data', 'scheduled__2022-12-26T18:27:00.007493+00:00', '--job-id', '242', '--raw', '--subdir', 'DAGS_FOLDER/parking_dag.py', '--cfg-path', '/tmp/tmp55m74kup', '--error-file', '/tmp/tmpfg1zt7da']
[2022-12-26 18:29:04,833] {standard_task_runner.py:80} INFO - Job 242: Subtask transform_data
[2022-12-26 18:29:04,887] {task_command.py:369} INFO - Running <TaskInstance: parking_pipeline.transform_data scheduled__2022-12-26T18:27:00.007493+00:00 [running]> on host a4f1a67a8720
[2022-12-26 18:29:04,950] {taskinstance.py:1571} INFO - Exporting the following env vars:
AIRFLOW_CTX_DAG_OWNER=Airflow
AIRFLOW_CTX_DAG_ID=parking_pipeline
AIRFLOW_CTX_TASK_ID=transform_data
AIRFLOW_CTX_EXECUTION_DATE=2022-12-26T18:27:00.007493+00:00
AIRFLOW_CTX_TRY_NUMBER=1
AIRFLOW_CTX_DAG_RUN_ID=scheduled__2022-12-26T18:27:00.007493+00:00
[2022-12-26 18:29:04,973] {python.py:173} INFO - Done. Returned value was: None
[2022-12-26 18:29:04,986] {taskinstance.py:1400} INFO - Marking task as SUCCESS. dag_id=parking_pipeline, task_id=transform_data, execution_date=20221226T182700, start_date=20221226T182904, end_date=20221226T182904
[2022-12-26 18:29:05,004] {local_task_job.py:156} INFO - Task exited with return code 0
[2022-12-26 18:29:05,036] {local_task_job.py:273} INFO - 0 downstream tasks scheduled from follow-on schedule check
