[2022-12-27 20:44:16,373] {taskinstance.py:1159} INFO - Dependencies all met for <TaskInstance: parking_pipeline.create_table scheduled__2022-12-27T20:42:15.102450+00:00 [queued]>
[2022-12-27 20:44:16,384] {taskinstance.py:1159} INFO - Dependencies all met for <TaskInstance: parking_pipeline.create_table scheduled__2022-12-27T20:42:15.102450+00:00 [queued]>
[2022-12-27 20:44:16,385] {taskinstance.py:1356} INFO - 
--------------------------------------------------------------------------------
[2022-12-27 20:44:16,385] {taskinstance.py:1357} INFO - Starting attempt 1 of 2
[2022-12-27 20:44:16,385] {taskinstance.py:1358} INFO - 
--------------------------------------------------------------------------------
[2022-12-27 20:44:16,406] {taskinstance.py:1377} INFO - Executing <Task(PostgresOperator): create_table> on 2022-12-27 20:42:15.102450+00:00
[2022-12-27 20:44:16,412] {standard_task_runner.py:52} INFO - Started process 7207 to run task
[2022-12-27 20:44:16,426] {standard_task_runner.py:79} INFO - Running: ['***', 'tasks', 'run', 'parking_pipeline', 'create_table', 'scheduled__2022-12-27T20:42:15.102450+00:00', '--job-id', '261', '--raw', '--subdir', 'DAGS_FOLDER/parking_dag.py', '--cfg-path', '/tmp/tmp2lw_3__y', '--error-file', '/tmp/tmp5mn84b2h']
[2022-12-27 20:44:16,437] {standard_task_runner.py:80} INFO - Job 261: Subtask create_table
[2022-12-27 20:44:16,565] {task_command.py:369} INFO - Running <TaskInstance: parking_pipeline.create_table scheduled__2022-12-27T20:42:15.102450+00:00 [running]> on host 8fbeee8d3d5a
[2022-12-27 20:44:16,671] {taskinstance.py:1571} INFO - Exporting the following env vars:
AIRFLOW_CTX_DAG_OWNER=Airflow
AIRFLOW_CTX_DAG_ID=parking_pipeline
AIRFLOW_CTX_TASK_ID=create_table
AIRFLOW_CTX_EXECUTION_DATE=2022-12-27T20:42:15.102450+00:00
AIRFLOW_CTX_TRY_NUMBER=1
AIRFLOW_CTX_DAG_RUN_ID=scheduled__2022-12-27T20:42:15.102450+00:00
[2022-12-27 20:44:16,689] {base.py:68} INFO - Using connection ID 'postgres' for task execution.
[2022-12-27 20:44:16,698] {dbapi.py:208} INFO - Running statement: 
            drop table if exists parking_data;
            create table parking_data(
                parkingTransactionKey int not null,
                symbol text not null
            );
        , parameters: None
[2022-12-27 20:44:16,722] {taskinstance.py:1400} INFO - Marking task as SUCCESS. dag_id=parking_pipeline, task_id=create_table, execution_date=20221227T204215, start_date=20221227T204416, end_date=20221227T204416
[2022-12-27 20:44:16,760] {local_task_job.py:156} INFO - Task exited with return code 0
[2022-12-27 20:44:16,810] {local_task_job.py:273} INFO - 1 downstream tasks scheduled from follow-on schedule check
