[2022-12-28 20:16:46,804] {taskinstance.py:1159} INFO - Dependencies all met for <TaskInstance: parking_pipeline.load_data scheduled__2022-12-28T20:09:19.129161+00:00 [queued]>
[2022-12-28 20:16:46,810] {taskinstance.py:1159} INFO - Dependencies all met for <TaskInstance: parking_pipeline.load_data scheduled__2022-12-28T20:09:19.129161+00:00 [queued]>
[2022-12-28 20:16:46,811] {taskinstance.py:1356} INFO - 
--------------------------------------------------------------------------------
[2022-12-28 20:16:46,812] {taskinstance.py:1357} INFO - Starting attempt 1 of 2
[2022-12-28 20:16:46,812] {taskinstance.py:1358} INFO - 
--------------------------------------------------------------------------------
[2022-12-28 20:16:46,822] {taskinstance.py:1377} INFO - Executing <Task(PythonOperator): load_data> on 2022-12-28 20:09:19.129161+00:00
[2022-12-28 20:16:46,827] {standard_task_runner.py:52} INFO - Started process 798 to run task
[2022-12-28 20:16:46,831] {standard_task_runner.py:79} INFO - Running: ['***', 'tasks', 'run', 'parking_pipeline', 'load_data', 'scheduled__2022-12-28T20:09:19.129161+00:00', '--job-id', '39', '--raw', '--subdir', 'DAGS_FOLDER/parking_dag.py', '--cfg-path', '/tmp/tmpze9ppkm4', '--error-file', '/tmp/tmpun_gyn8k']
[2022-12-28 20:16:46,832] {standard_task_runner.py:80} INFO - Job 39: Subtask load_data
[2022-12-28 20:16:46,889] {task_command.py:369} INFO - Running <TaskInstance: parking_pipeline.load_data scheduled__2022-12-28T20:09:19.129161+00:00 [running]> on host 8be693a2d03b
[2022-12-28 20:16:46,951] {taskinstance.py:1571} INFO - Exporting the following env vars:
AIRFLOW_CTX_DAG_OWNER=Airflow
AIRFLOW_CTX_DAG_ID=parking_pipeline
AIRFLOW_CTX_TASK_ID=load_data
AIRFLOW_CTX_EXECUTION_DATE=2022-12-28T20:09:19.129161+00:00
AIRFLOW_CTX_TRY_NUMBER=1
AIRFLOW_CTX_DAG_RUN_ID=scheduled__2022-12-28T20:09:19.129161+00:00
[2022-12-28 20:16:46,962] {postgres.py:127} INFO - Running copy expert: COPY parking_data FROM stdin WITH DELIMITER as ',', filename: ./tmp/processed_parking_data_00.csv
[2022-12-28 20:16:46,972] {base.py:68} INFO - Using connection ID 'postgres' for task execution.
[2022-12-28 20:16:46,981] {python.py:173} INFO - Done. Returned value was: None
[2022-12-28 20:16:46,994] {taskinstance.py:1400} INFO - Marking task as SUCCESS. dag_id=parking_pipeline, task_id=load_data, execution_date=20221228T200919, start_date=20221228T201646, end_date=20221228T201646
[2022-12-28 20:16:47,047] {local_task_job.py:156} INFO - Task exited with return code 0
[2022-12-28 20:16:47,076] {local_task_job.py:273} INFO - 0 downstream tasks scheduled from follow-on schedule check
