[2022-12-27 23:24:02,521] {taskinstance.py:1159} INFO - Dependencies all met for <TaskInstance: parking_pipeline.load_data scheduled__2022-12-27T23:21:43.606041+00:00 [queued]>
[2022-12-27 23:24:02,532] {taskinstance.py:1159} INFO - Dependencies all met for <TaskInstance: parking_pipeline.load_data scheduled__2022-12-27T23:21:43.606041+00:00 [queued]>
[2022-12-27 23:24:02,533] {taskinstance.py:1356} INFO - 
--------------------------------------------------------------------------------
[2022-12-27 23:24:02,535] {taskinstance.py:1357} INFO - Starting attempt 1 of 2
[2022-12-27 23:24:02,535] {taskinstance.py:1358} INFO - 
--------------------------------------------------------------------------------
[2022-12-27 23:24:02,548] {taskinstance.py:1377} INFO - Executing <Task(PythonOperator): load_data> on 2022-12-27 23:21:43.606041+00:00
[2022-12-27 23:24:02,562] {standard_task_runner.py:52} INFO - Started process 13901 to run task
[2022-12-27 23:24:02,576] {standard_task_runner.py:79} INFO - Running: ['***', 'tasks', 'run', 'parking_pipeline', 'load_data', 'scheduled__2022-12-27T23:21:43.606041+00:00', '--job-id', '722', '--raw', '--subdir', 'DAGS_FOLDER/parking_dag.py', '--cfg-path', '/tmp/tmpsztmw2f1', '--error-file', '/tmp/tmp93wt_77c']
[2022-12-27 23:24:02,579] {standard_task_runner.py:80} INFO - Job 722: Subtask load_data
[2022-12-27 23:24:02,675] {task_command.py:369} INFO - Running <TaskInstance: parking_pipeline.load_data scheduled__2022-12-27T23:21:43.606041+00:00 [running]> on host 8fbeee8d3d5a
[2022-12-27 23:24:02,759] {taskinstance.py:1571} INFO - Exporting the following env vars:
AIRFLOW_CTX_DAG_OWNER=Airflow
AIRFLOW_CTX_DAG_ID=parking_pipeline
AIRFLOW_CTX_TASK_ID=load_data
AIRFLOW_CTX_EXECUTION_DATE=2022-12-27T23:21:43.606041+00:00
AIRFLOW_CTX_TRY_NUMBER=1
AIRFLOW_CTX_DAG_RUN_ID=scheduled__2022-12-27T23:21:43.606041+00:00
[2022-12-27 23:24:02,775] {postgres.py:127} INFO - Running copy expert: COPY parking_data FROM stdin WITH DELIMITER as ',', filename: ./tmp/processed_parking_data_00.csv
[2022-12-27 23:24:02,788] {base.py:68} INFO - Using connection ID 'postgres' for task execution.
[2022-12-27 23:24:02,797] {taskinstance.py:1889} ERROR - Task failed with exception
Traceback (most recent call last):
  File "/home/airflow/.local/lib/python3.7/site-packages/airflow/operators/python.py", line 171, in execute
    return_value = self.execute_callable()
  File "/home/airflow/.local/lib/python3.7/site-packages/airflow/operators/python.py", line 189, in execute_callable
    return self.python_callable(*self.op_args, **self.op_kwargs)
  File "/opt/airflow/dags/parking_dag.py", line 72, in _load_parking_data
    filename=filename
  File "/home/airflow/.local/lib/python3.7/site-packages/airflow/providers/postgres/hooks/postgres.py", line 135, in copy_expert
    cur.copy_expert(sql, file)
psycopg2.errors.InvalidTextRepresentation: invalid input syntax for type integer: "2015-12-31T17:40:58.000Z"
CONTEXT:  COPY parking_data, line 1, column parkingtransactionkey: "2015-12-31T17:40:58.000Z"

[2022-12-27 23:24:02,812] {taskinstance.py:1400} INFO - Marking task as UP_FOR_RETRY. dag_id=parking_pipeline, task_id=load_data, execution_date=20221227T232143, start_date=20221227T232402, end_date=20221227T232402
[2022-12-27 23:24:02,823] {standard_task_runner.py:97} ERROR - Failed to execute job 722 for task load_data (invalid input syntax for type integer: "2015-12-31T17:40:58.000Z"
CONTEXT:  COPY parking_data, line 1, column parkingtransactionkey: "2015-12-31T17:40:58.000Z"
; 13901)
[2022-12-27 23:24:02,872] {local_task_job.py:156} INFO - Task exited with return code 1
[2022-12-27 23:24:02,904] {local_task_job.py:273} INFO - 0 downstream tasks scheduled from follow-on schedule check
