[2022-12-26 21:44:39,962] {taskinstance.py:1159} INFO - Dependencies all met for <TaskInstance: parking_pipeline.transform_data scheduled__2022-12-26T21:42:36.375693+00:00 [queued]>
[2022-12-26 21:44:39,968] {taskinstance.py:1159} INFO - Dependencies all met for <TaskInstance: parking_pipeline.transform_data scheduled__2022-12-26T21:42:36.375693+00:00 [queued]>
[2022-12-26 21:44:39,969] {taskinstance.py:1356} INFO - 
--------------------------------------------------------------------------------
[2022-12-26 21:44:39,969] {taskinstance.py:1357} INFO - Starting attempt 1 of 2
[2022-12-26 21:44:39,970] {taskinstance.py:1358} INFO - 
--------------------------------------------------------------------------------
[2022-12-26 21:44:39,980] {taskinstance.py:1377} INFO - Executing <Task(PythonOperator): transform_data> on 2022-12-26 21:42:36.375693+00:00
[2022-12-26 21:44:39,984] {standard_task_runner.py:52} INFO - Started process 1224 to run task
[2022-12-26 21:44:39,988] {standard_task_runner.py:79} INFO - Running: ['***', 'tasks', 'run', 'parking_pipeline', 'transform_data', 'scheduled__2022-12-26T21:42:36.375693+00:00', '--job-id', '46', '--raw', '--subdir', 'DAGS_FOLDER/parking_dag.py', '--cfg-path', '/tmp/tmpwpr7r1c8', '--error-file', '/tmp/tmpnqz0vf47']
[2022-12-26 21:44:39,989] {standard_task_runner.py:80} INFO - Job 46: Subtask transform_data
[2022-12-26 21:44:40,041] {task_command.py:369} INFO - Running <TaskInstance: parking_pipeline.transform_data scheduled__2022-12-26T21:42:36.375693+00:00 [running]> on host 6ae44adb8f1d
[2022-12-26 21:44:40,100] {taskinstance.py:1571} INFO - Exporting the following env vars:
AIRFLOW_CTX_DAG_OWNER=Airflow
AIRFLOW_CTX_DAG_ID=parking_pipeline
AIRFLOW_CTX_TASK_ID=transform_data
AIRFLOW_CTX_EXECUTION_DATE=2022-12-26T21:42:36.375693+00:00
AIRFLOW_CTX_TRY_NUMBER=1
AIRFLOW_CTX_DAG_RUN_ID=scheduled__2022-12-26T21:42:36.375693+00:00
[2022-12-26 21:44:40,121] {python.py:173} INFO - Done. Returned value was: None
[2022-12-26 21:44:40,134] {taskinstance.py:1400} INFO - Marking task as SUCCESS. dag_id=parking_pipeline, task_id=transform_data, execution_date=20221226T214236, start_date=20221226T214439, end_date=20221226T214440
[2022-12-26 21:44:40,160] {local_task_job.py:156} INFO - Task exited with return code 0
[2022-12-26 21:44:40,190] {local_task_job.py:273} INFO - 0 downstream tasks scheduled from follow-on schedule check
