[2024-10-29 03:41:17,257] {taskinstance.py:1159} INFO - Dependencies all met for <TaskInstance: parking_pipeline.store_data_csv scheduled__2024-10-29T03:39:09.727694+00:00 [queued]>
[2024-10-29 03:41:17,268] {taskinstance.py:1159} INFO - Dependencies all met for <TaskInstance: parking_pipeline.store_data_csv scheduled__2024-10-29T03:39:09.727694+00:00 [queued]>
[2024-10-29 03:41:17,269] {taskinstance.py:1356} INFO - 
--------------------------------------------------------------------------------
[2024-10-29 03:41:17,269] {taskinstance.py:1357} INFO - Starting attempt 1 of 2
[2024-10-29 03:41:17,270] {taskinstance.py:1358} INFO - 
--------------------------------------------------------------------------------
[2024-10-29 03:41:17,287] {taskinstance.py:1377} INFO - Executing <Task(PythonOperator): store_data_csv> on 2024-10-29 03:39:09.727694+00:00
[2024-10-29 03:41:17,295] {standard_task_runner.py:52} INFO - Started process 3107 to run task
[2024-10-29 03:41:17,299] {standard_task_runner.py:79} INFO - Running: ['***', 'tasks', 'run', 'parking_pipeline', 'store_data_csv', 'scheduled__2024-10-29T03:39:09.727694+00:00', '--job-id', '889', '--raw', '--subdir', 'DAGS_FOLDER/parking_dag.py', '--cfg-path', '/tmp/tmpobr9cx8l', '--error-file', '/tmp/tmpyu04c87x']
[2024-10-29 03:41:17,300] {standard_task_runner.py:80} INFO - Job 889: Subtask store_data_csv
[2024-10-29 03:41:17,361] {task_command.py:369} INFO - Running <TaskInstance: parking_pipeline.store_data_csv scheduled__2024-10-29T03:39:09.727694+00:00 [running]> on host 6da7af54a32a
[2024-10-29 03:41:17,460] {taskinstance.py:1571} INFO - Exporting the following env vars:
AIRFLOW_CTX_DAG_OWNER=Airflow
AIRFLOW_CTX_DAG_ID=parking_pipeline
AIRFLOW_CTX_TASK_ID=store_data_csv
AIRFLOW_CTX_EXECUTION_DATE=2024-10-29T03:39:09.727694+00:00
AIRFLOW_CTX_TRY_NUMBER=1
AIRFLOW_CTX_DAG_RUN_ID=scheduled__2024-10-29T03:39:09.727694+00:00
[2024-10-29 03:41:17,501] {python.py:173} INFO - Done. Returned value was: None
[2024-10-29 03:41:17,514] {taskinstance.py:1400} INFO - Marking task as SUCCESS. dag_id=parking_pipeline, task_id=store_data_csv, execution_date=20241029T033909, start_date=20241029T034117, end_date=20241029T034117
[2024-10-29 03:41:17,551] {local_task_job.py:156} INFO - Task exited with return code 0
[2024-10-29 03:41:17,594] {local_task_job.py:273} INFO - 0 downstream tasks scheduled from follow-on schedule check
