[2022-12-28 20:11:40,655] {taskinstance.py:1159} INFO - Dependencies all met for <TaskInstance: parking_pipeline.is_api_available scheduled__2022-12-28T20:02:09.618239+00:00 [queued]>
[2022-12-28 20:11:40,663] {taskinstance.py:1159} INFO - Dependencies all met for <TaskInstance: parking_pipeline.is_api_available scheduled__2022-12-28T20:02:09.618239+00:00 [queued]>
[2022-12-28 20:11:40,664] {taskinstance.py:1356} INFO - 
--------------------------------------------------------------------------------
[2022-12-28 20:11:40,664] {taskinstance.py:1357} INFO - Starting attempt 2 of 2
[2022-12-28 20:11:40,665] {taskinstance.py:1358} INFO - 
--------------------------------------------------------------------------------
[2022-12-28 20:11:40,676] {taskinstance.py:1377} INFO - Executing <Task(HttpSensor): is_api_available> on 2022-12-28 20:02:09.618239+00:00
[2022-12-28 20:11:40,684] {standard_task_runner.py:52} INFO - Started process 451 to run task
[2022-12-28 20:11:40,690] {standard_task_runner.py:79} INFO - Running: ['***', 'tasks', 'run', 'parking_pipeline', 'is_api_available', 'scheduled__2022-12-28T20:02:09.618239+00:00', '--job-id', '4', '--raw', '--subdir', 'DAGS_FOLDER/parking_dag.py', '--cfg-path', '/tmp/tmpohys3n1d', '--error-file', '/tmp/tmp9zjwa7ht']
[2022-12-28 20:11:40,691] {standard_task_runner.py:80} INFO - Job 4: Subtask is_api_available
[2022-12-28 20:11:40,775] {task_command.py:369} INFO - Running <TaskInstance: parking_pipeline.is_api_available scheduled__2022-12-28T20:02:09.618239+00:00 [running]> on host 8be693a2d03b
[2022-12-28 20:11:40,853] {taskinstance.py:1571} INFO - Exporting the following env vars:
AIRFLOW_CTX_DAG_OWNER=Airflow
AIRFLOW_CTX_DAG_ID=parking_pipeline
AIRFLOW_CTX_TASK_ID=is_api_available
AIRFLOW_CTX_EXECUTION_DATE=2022-12-28T20:02:09.618239+00:00
AIRFLOW_CTX_TRY_NUMBER=2
AIRFLOW_CTX_DAG_RUN_ID=scheduled__2022-12-28T20:02:09.618239+00:00
[2022-12-28 20:11:40,855] {http.py:97} INFO - Poking: 
[2022-12-28 20:11:40,868] {base.py:68} INFO - Using connection ID 'is_api_available' for task execution.
[2022-12-28 20:11:40,872] {http.py:129} INFO - Sending 'GET' to url: https://datahub-v2.arlingtonva.us/api/ParkingMeter/ParkingTransactions
[2022-12-28 20:11:41,397] {base.py:301} INFO - Success criteria met. Exiting.
[2022-12-28 20:11:41,417] {taskinstance.py:1400} INFO - Marking task as SUCCESS. dag_id=parking_pipeline, task_id=is_api_available, execution_date=20221228T200209, start_date=20221228T201140, end_date=20221228T201141
[2022-12-28 20:11:41,441] {local_task_job.py:156} INFO - Task exited with return code 0
[2022-12-28 20:11:41,484] {local_task_job.py:273} INFO - 1 downstream tasks scheduled from follow-on schedule check
