[2022-12-28 20:13:21,783] {taskinstance.py:1159} INFO - Dependencies all met for <TaskInstance: parking_pipeline.create_table scheduled__2022-12-28T20:11:19.129161+00:00 [queued]>
[2022-12-28 20:13:21,793] {taskinstance.py:1159} INFO - Dependencies all met for <TaskInstance: parking_pipeline.create_table scheduled__2022-12-28T20:11:19.129161+00:00 [queued]>
[2022-12-28 20:13:21,794] {taskinstance.py:1356} INFO - 
--------------------------------------------------------------------------------
[2022-12-28 20:13:21,795] {taskinstance.py:1357} INFO - Starting attempt 1 of 2
[2022-12-28 20:13:21,800] {taskinstance.py:1358} INFO - 
--------------------------------------------------------------------------------
[2022-12-28 20:13:21,818] {taskinstance.py:1377} INFO - Executing <Task(PostgresOperator): create_table> on 2022-12-28 20:11:19.129161+00:00
[2022-12-28 20:13:21,836] {standard_task_runner.py:52} INFO - Started process 587 to run task
[2022-12-28 20:13:21,880] {standard_task_runner.py:79} INFO - Running: ['***', 'tasks', 'run', 'parking_pipeline', 'create_table', 'scheduled__2022-12-28T20:11:19.129161+00:00', '--job-id', '22', '--raw', '--subdir', 'DAGS_FOLDER/parking_dag.py', '--cfg-path', '/tmp/tmps_4i1l_d', '--error-file', '/tmp/tmp1ing850x']
[2022-12-28 20:13:21,887] {standard_task_runner.py:80} INFO - Job 22: Subtask create_table
[2022-12-28 20:13:22,833] {task_command.py:369} INFO - Running <TaskInstance: parking_pipeline.create_table scheduled__2022-12-28T20:11:19.129161+00:00 [running]> on host 8be693a2d03b
[2022-12-28 20:13:23,026] {taskinstance.py:1571} INFO - Exporting the following env vars:
AIRFLOW_CTX_DAG_OWNER=Airflow
AIRFLOW_CTX_DAG_ID=parking_pipeline
AIRFLOW_CTX_TASK_ID=create_table
AIRFLOW_CTX_EXECUTION_DATE=2022-12-28T20:11:19.129161+00:00
AIRFLOW_CTX_TRY_NUMBER=1
AIRFLOW_CTX_DAG_RUN_ID=scheduled__2022-12-28T20:11:19.129161+00:00
[2022-12-28 20:13:23,041] {base.py:68} INFO - Using connection ID 'postgres' for task execution.
[2022-12-28 20:13:23,049] {dbapi.py:208} INFO - Running statement: 
            drop table if exists parking_data;
            create table parking_data(
                startDtm text not null,
                endDtm text not null,
                transactionAmt text not null,
                paymentTypeName text not null,
                transactionStatusCode text not null,
                maxHoursCnt text not null,
                meterTypeDsc text not null,
                dollarPerHourRate text not null,
                activeStatusInd text not null,
                metroAreaName text not null
            );
        , parameters: None
[2022-12-28 20:13:23,088] {taskinstance.py:1400} INFO - Marking task as SUCCESS. dag_id=parking_pipeline, task_id=create_table, execution_date=20221228T201119, start_date=20221228T201321, end_date=20221228T201323
[2022-12-28 20:13:23,158] {local_task_job.py:156} INFO - Task exited with return code 0
[2022-12-28 20:13:23,216] {local_task_job.py:273} INFO - 1 downstream tasks scheduled from follow-on schedule check
