[2022-12-27 20:43:50,167] {taskinstance.py:1159} INFO - Dependencies all met for <TaskInstance: parking_pipeline.is_api_available manual__2022-12-27T20:43:49.538186+00:00 [queued]>
[2022-12-27 20:43:50,174] {taskinstance.py:1159} INFO - Dependencies all met for <TaskInstance: parking_pipeline.is_api_available manual__2022-12-27T20:43:49.538186+00:00 [queued]>
[2022-12-27 20:43:50,174] {taskinstance.py:1356} INFO - 
--------------------------------------------------------------------------------
[2022-12-27 20:43:50,175] {taskinstance.py:1357} INFO - Starting attempt 1 of 2
[2022-12-27 20:43:50,176] {taskinstance.py:1358} INFO - 
--------------------------------------------------------------------------------
[2022-12-27 20:43:50,187] {taskinstance.py:1377} INFO - Executing <Task(HttpSensor): is_api_available> on 2022-12-27 20:43:49.538186+00:00
[2022-12-27 20:43:50,192] {standard_task_runner.py:52} INFO - Started process 7158 to run task
[2022-12-27 20:43:50,196] {standard_task_runner.py:79} INFO - Running: ['***', 'tasks', 'run', 'parking_pipeline', 'is_api_available', 'manual__2022-12-27T20:43:49.538186+00:00', '--job-id', '254', '--raw', '--subdir', 'DAGS_FOLDER/parking_dag.py', '--cfg-path', '/tmp/tmpbfaf1gmf', '--error-file', '/tmp/tmpz24d7_j2']
[2022-12-27 20:43:50,198] {standard_task_runner.py:80} INFO - Job 254: Subtask is_api_available
[2022-12-27 20:43:50,255] {task_command.py:369} INFO - Running <TaskInstance: parking_pipeline.is_api_available manual__2022-12-27T20:43:49.538186+00:00 [running]> on host 8fbeee8d3d5a
[2022-12-27 20:43:50,317] {taskinstance.py:1571} INFO - Exporting the following env vars:
AIRFLOW_CTX_DAG_OWNER=Airflow
AIRFLOW_CTX_DAG_ID=parking_pipeline
AIRFLOW_CTX_TASK_ID=is_api_available
AIRFLOW_CTX_EXECUTION_DATE=2022-12-27T20:43:49.538186+00:00
AIRFLOW_CTX_TRY_NUMBER=1
AIRFLOW_CTX_DAG_RUN_ID=manual__2022-12-27T20:43:49.538186+00:00
[2022-12-27 20:43:50,319] {http.py:97} INFO - Poking: 
[2022-12-27 20:43:50,329] {base.py:68} INFO - Using connection ID 'is_api_available' for task execution.
[2022-12-27 20:43:50,331] {http.py:129} INFO - Sending 'GET' to url: https://datahub-v2.arlingtonva.us/api/ParkingMeter/ParkingTransactions
[2022-12-27 20:43:50,473] {base.py:301} INFO - Success criteria met. Exiting.
[2022-12-27 20:43:50,488] {taskinstance.py:1400} INFO - Marking task as SUCCESS. dag_id=parking_pipeline, task_id=is_api_available, execution_date=20221227T204349, start_date=20221227T204350, end_date=20221227T204350
[2022-12-27 20:43:50,540] {local_task_job.py:156} INFO - Task exited with return code 0
[2022-12-27 20:43:50,587] {local_task_job.py:273} INFO - 0 downstream tasks scheduled from follow-on schedule check
