[2024-10-20 14:54:33,847] {taskinstance.py:1159} INFO - Dependencies all met for <TaskInstance: parking_pipeline.transform_data scheduled__2024-10-20T14:52:26.233770+00:00 [queued]>
[2024-10-20 14:54:33,860] {taskinstance.py:1159} INFO - Dependencies all met for <TaskInstance: parking_pipeline.transform_data scheduled__2024-10-20T14:52:26.233770+00:00 [queued]>
[2024-10-20 14:54:33,861] {taskinstance.py:1356} INFO - 
--------------------------------------------------------------------------------
[2024-10-20 14:54:33,861] {taskinstance.py:1357} INFO - Starting attempt 1 of 2
[2024-10-20 14:54:33,861] {taskinstance.py:1358} INFO - 
--------------------------------------------------------------------------------
[2024-10-20 14:54:33,879] {taskinstance.py:1377} INFO - Executing <Task(PythonOperator): transform_data> on 2024-10-20 14:52:26.233770+00:00
[2024-10-20 14:54:33,886] {standard_task_runner.py:52} INFO - Started process 3037 to run task
[2024-10-20 14:54:33,889] {standard_task_runner.py:79} INFO - Running: ['***', 'tasks', 'run', 'parking_pipeline', 'transform_data', 'scheduled__2024-10-20T14:52:26.233770+00:00', '--job-id', '318', '--raw', '--subdir', 'DAGS_FOLDER/parking_dag.py', '--cfg-path', '/tmp/tmphn5u9qy4', '--error-file', '/tmp/tmp32mvq0ig']
[2024-10-20 14:54:33,890] {standard_task_runner.py:80} INFO - Job 318: Subtask transform_data
[2024-10-20 14:54:33,951] {task_command.py:369} INFO - Running <TaskInstance: parking_pipeline.transform_data scheduled__2024-10-20T14:52:26.233770+00:00 [running]> on host 4047801f839c
[2024-10-20 14:54:34,082] {taskinstance.py:1571} INFO - Exporting the following env vars:
AIRFLOW_CTX_DAG_OWNER=Airflow
AIRFLOW_CTX_DAG_ID=parking_pipeline
AIRFLOW_CTX_TASK_ID=transform_data
AIRFLOW_CTX_EXECUTION_DATE=2024-10-20T14:52:26.233770+00:00
AIRFLOW_CTX_TRY_NUMBER=1
AIRFLOW_CTX_DAG_RUN_ID=scheduled__2024-10-20T14:52:26.233770+00:00
[2024-10-20 14:54:34,201] {python.py:173} INFO - Done. Returned value was: None
[2024-10-20 14:54:34,235] {taskinstance.py:1400} INFO - Marking task as SUCCESS. dag_id=parking_pipeline, task_id=transform_data, execution_date=20241020T145226, start_date=20241020T145433, end_date=20241020T145434
[2024-10-20 14:54:34,304] {local_task_job.py:156} INFO - Task exited with return code 0
[2024-10-20 14:54:34,371] {local_task_job.py:273} INFO - 1 downstream tasks scheduled from follow-on schedule check
