[2022-12-27 23:30:22,854] {taskinstance.py:1159} INFO - Dependencies all met for <TaskInstance: parking_pipeline.is_api_available scheduled__2022-12-27T23:28:21.440704+00:00 [queued]>
[2022-12-27 23:30:22,861] {taskinstance.py:1159} INFO - Dependencies all met for <TaskInstance: parking_pipeline.is_api_available scheduled__2022-12-27T23:28:21.440704+00:00 [queued]>
[2022-12-27 23:30:22,862] {taskinstance.py:1356} INFO - 
--------------------------------------------------------------------------------
[2022-12-27 23:30:22,862] {taskinstance.py:1357} INFO - Starting attempt 1 of 2
[2022-12-27 23:30:22,863] {taskinstance.py:1358} INFO - 
--------------------------------------------------------------------------------
[2022-12-27 23:30:22,872] {taskinstance.py:1377} INFO - Executing <Task(HttpSensor): is_api_available> on 2022-12-27 23:28:21.440704+00:00
[2022-12-27 23:30:22,877] {standard_task_runner.py:52} INFO - Started process 14356 to run task
[2022-12-27 23:30:22,881] {standard_task_runner.py:79} INFO - Running: ['***', 'tasks', 'run', 'parking_pipeline', 'is_api_available', 'scheduled__2022-12-27T23:28:21.440704+00:00', '--job-id', '772', '--raw', '--subdir', 'DAGS_FOLDER/parking_dag.py', '--cfg-path', '/tmp/tmplps51sgc', '--error-file', '/tmp/tmpktvz9ej9']
[2022-12-27 23:30:22,883] {standard_task_runner.py:80} INFO - Job 772: Subtask is_api_available
[2022-12-27 23:30:22,937] {task_command.py:369} INFO - Running <TaskInstance: parking_pipeline.is_api_available scheduled__2022-12-27T23:28:21.440704+00:00 [running]> on host 8fbeee8d3d5a
[2022-12-27 23:30:23,002] {taskinstance.py:1571} INFO - Exporting the following env vars:
AIRFLOW_CTX_DAG_OWNER=Airflow
AIRFLOW_CTX_DAG_ID=parking_pipeline
AIRFLOW_CTX_TASK_ID=is_api_available
AIRFLOW_CTX_EXECUTION_DATE=2022-12-27T23:28:21.440704+00:00
AIRFLOW_CTX_TRY_NUMBER=1
AIRFLOW_CTX_DAG_RUN_ID=scheduled__2022-12-27T23:28:21.440704+00:00
[2022-12-27 23:30:23,003] {http.py:97} INFO - Poking: 
[2022-12-27 23:30:23,017] {base.py:68} INFO - Using connection ID 'is_api_available' for task execution.
[2022-12-27 23:30:23,019] {http.py:129} INFO - Sending 'GET' to url: https://datahub-v2.arlingtonva.us/api/ParkingMeter/ParkingTransactions
[2022-12-27 23:30:23,246] {base.py:301} INFO - Success criteria met. Exiting.
[2022-12-27 23:30:23,265] {taskinstance.py:1400} INFO - Marking task as SUCCESS. dag_id=parking_pipeline, task_id=is_api_available, execution_date=20221227T232821, start_date=20221227T233022, end_date=20221227T233023
[2022-12-27 23:30:23,298] {local_task_job.py:156} INFO - Task exited with return code 0
[2022-12-27 23:30:23,343] {local_task_job.py:273} INFO - 1 downstream tasks scheduled from follow-on schedule check
