[2022-12-27 19:21:18,290] {taskinstance.py:1159} INFO - Dependencies all met for <TaskInstance: parking_pipeline.transform_data scheduled__2022-12-27T19:14:14.017514+00:00 [queued]>
[2022-12-27 19:21:18,297] {taskinstance.py:1159} INFO - Dependencies all met for <TaskInstance: parking_pipeline.transform_data scheduled__2022-12-27T19:14:14.017514+00:00 [queued]>
[2022-12-27 19:21:18,297] {taskinstance.py:1356} INFO - 
--------------------------------------------------------------------------------
[2022-12-27 19:21:18,298] {taskinstance.py:1357} INFO - Starting attempt 2 of 2
[2022-12-27 19:21:18,298] {taskinstance.py:1358} INFO - 
--------------------------------------------------------------------------------
[2022-12-27 19:21:18,307] {taskinstance.py:1377} INFO - Executing <Task(PythonOperator): transform_data> on 2022-12-27 19:14:14.017514+00:00
[2022-12-27 19:21:18,311] {standard_task_runner.py:52} INFO - Started process 2673 to run task
[2022-12-27 19:21:18,315] {standard_task_runner.py:79} INFO - Running: ['***', 'tasks', 'run', 'parking_pipeline', 'transform_data', 'scheduled__2022-12-27T19:14:14.017514+00:00', '--job-id', '107', '--raw', '--subdir', 'DAGS_FOLDER/parking_dag.py', '--cfg-path', '/tmp/tmpf0i_gwtb', '--error-file', '/tmp/tmpa2o466xs']
[2022-12-27 19:21:18,316] {standard_task_runner.py:80} INFO - Job 107: Subtask transform_data
[2022-12-27 19:21:18,366] {task_command.py:369} INFO - Running <TaskInstance: parking_pipeline.transform_data scheduled__2022-12-27T19:14:14.017514+00:00 [running]> on host 8fbeee8d3d5a
[2022-12-27 19:21:18,421] {taskinstance.py:1571} INFO - Exporting the following env vars:
AIRFLOW_CTX_DAG_OWNER=Airflow
AIRFLOW_CTX_DAG_ID=parking_pipeline
AIRFLOW_CTX_TASK_ID=transform_data
AIRFLOW_CTX_EXECUTION_DATE=2022-12-27T19:14:14.017514+00:00
AIRFLOW_CTX_TRY_NUMBER=2
AIRFLOW_CTX_DAG_RUN_ID=scheduled__2022-12-27T19:14:14.017514+00:00
[2022-12-27 19:21:18,439] {python.py:173} INFO - Done. Returned value was: None
[2022-12-27 19:21:18,452] {taskinstance.py:1400} INFO - Marking task as SUCCESS. dag_id=parking_pipeline, task_id=transform_data, execution_date=20221227T191414, start_date=20221227T192118, end_date=20221227T192118
[2022-12-27 19:21:18,488] {local_task_job.py:156} INFO - Task exited with return code 0
[2022-12-27 19:21:18,518] {local_task_job.py:273} INFO - 0 downstream tasks scheduled from follow-on schedule check
