[2022-12-26 18:26:55,565] {taskinstance.py:1159} INFO - Dependencies all met for <TaskInstance: parking_pipeline.is_api_available scheduled__2022-12-26T18:22:10.868382+00:00 [queued]>
[2022-12-26 18:26:55,579] {taskinstance.py:1159} INFO - Dependencies all met for <TaskInstance: parking_pipeline.is_api_available scheduled__2022-12-26T18:22:10.868382+00:00 [queued]>
[2022-12-26 18:26:55,581] {taskinstance.py:1356} INFO - 
--------------------------------------------------------------------------------
[2022-12-26 18:26:55,582] {taskinstance.py:1357} INFO - Starting attempt 1 of 2
[2022-12-26 18:26:55,582] {taskinstance.py:1358} INFO - 
--------------------------------------------------------------------------------
[2022-12-26 18:26:55,596] {taskinstance.py:1377} INFO - Executing <Task(HttpSensor): is_api_available> on 2022-12-26 18:22:10.868382+00:00
[2022-12-26 18:26:55,601] {standard_task_runner.py:52} INFO - Started process 6394 to run task
[2022-12-26 18:26:55,608] {standard_task_runner.py:79} INFO - Running: ['***', 'tasks', 'run', 'parking_pipeline', 'is_api_available', 'scheduled__2022-12-26T18:22:10.868382+00:00', '--job-id', '227', '--raw', '--subdir', 'DAGS_FOLDER/parking_dag.py', '--cfg-path', '/tmp/tmp7d3psws3', '--error-file', '/tmp/tmpzchq_xoj']
[2022-12-26 18:26:55,610] {standard_task_runner.py:80} INFO - Job 227: Subtask is_api_available
[2022-12-26 18:26:55,695] {task_command.py:369} INFO - Running <TaskInstance: parking_pipeline.is_api_available scheduled__2022-12-26T18:22:10.868382+00:00 [running]> on host a4f1a67a8720
[2022-12-26 18:26:55,780] {taskinstance.py:1571} INFO - Exporting the following env vars:
AIRFLOW_CTX_DAG_OWNER=Airflow
AIRFLOW_CTX_DAG_ID=parking_pipeline
AIRFLOW_CTX_TASK_ID=is_api_available
AIRFLOW_CTX_EXECUTION_DATE=2022-12-26T18:22:10.868382+00:00
AIRFLOW_CTX_TRY_NUMBER=1
AIRFLOW_CTX_DAG_RUN_ID=scheduled__2022-12-26T18:22:10.868382+00:00
[2022-12-26 18:26:55,782] {http.py:97} INFO - Poking: 
[2022-12-26 18:26:55,807] {base.py:68} INFO - Using connection ID 'is_api_available' for task execution.
[2022-12-26 18:26:55,815] {http.py:129} INFO - Sending 'GET' to url: https://datahub-v2.arlingtonva.us/api/ParkingMeter/ParkingTransactions
[2022-12-26 18:26:56,001] {base.py:301} INFO - Success criteria met. Exiting.
[2022-12-26 18:26:56,027] {taskinstance.py:1400} INFO - Marking task as SUCCESS. dag_id=parking_pipeline, task_id=is_api_available, execution_date=20221226T182210, start_date=20221226T182655, end_date=20221226T182656
[2022-12-26 18:26:56,059] {local_task_job.py:156} INFO - Task exited with return code 0
[2022-12-26 18:26:56,128] {local_task_job.py:273} INFO - 1 downstream tasks scheduled from follow-on schedule check
