[2022-12-26 20:08:18,525] {taskinstance.py:1159} INFO - Dependencies all met for <TaskInstance: parking_pipeline.create_table manual__2022-12-26T20:08:16.794062+00:00 [queued]>
[2022-12-26 20:08:18,533] {taskinstance.py:1159} INFO - Dependencies all met for <TaskInstance: parking_pipeline.create_table manual__2022-12-26T20:08:16.794062+00:00 [queued]>
[2022-12-26 20:08:18,533] {taskinstance.py:1356} INFO - 
--------------------------------------------------------------------------------
[2022-12-26 20:08:18,534] {taskinstance.py:1357} INFO - Starting attempt 1 of 2
[2022-12-26 20:08:18,534] {taskinstance.py:1358} INFO - 
--------------------------------------------------------------------------------
[2022-12-26 20:08:18,543] {taskinstance.py:1377} INFO - Executing <Task(PostgresOperator): create_table> on 2022-12-26 20:08:16.794062+00:00
[2022-12-26 20:08:18,551] {standard_task_runner.py:52} INFO - Started process 397 to run task
[2022-12-26 20:08:18,555] {standard_task_runner.py:79} INFO - Running: ['***', 'tasks', 'run', 'parking_pipeline', 'create_table', 'manual__2022-12-26T20:08:16.794062+00:00', '--job-id', '18', '--raw', '--subdir', 'DAGS_FOLDER/parking_dag.py', '--cfg-path', '/tmp/tmpu4mzkafk', '--error-file', '/tmp/tmple833lr_']
[2022-12-26 20:08:18,557] {standard_task_runner.py:80} INFO - Job 18: Subtask create_table
[2022-12-26 20:08:18,607] {task_command.py:369} INFO - Running <TaskInstance: parking_pipeline.create_table manual__2022-12-26T20:08:16.794062+00:00 [running]> on host 3d3eee352115
[2022-12-26 20:08:18,667] {taskinstance.py:1571} INFO - Exporting the following env vars:
AIRFLOW_CTX_DAG_OWNER=Airflow
AIRFLOW_CTX_DAG_ID=parking_pipeline
AIRFLOW_CTX_TASK_ID=create_table
AIRFLOW_CTX_EXECUTION_DATE=2022-12-26T20:08:16.794062+00:00
AIRFLOW_CTX_TRY_NUMBER=1
AIRFLOW_CTX_DAG_RUN_ID=manual__2022-12-26T20:08:16.794062+00:00
[2022-12-26 20:08:18,679] {base.py:68} INFO - Using connection ID 'postgres' for task execution.
[2022-12-26 20:08:18,685] {dbapi.py:208} INFO - Running statement: 
            drop table if exists parking_data;
            create table parking_data(
                parkingTransactionKey int not null,
                symbol text not null
            );
        , parameters: None
[2022-12-26 20:08:18,706] {taskinstance.py:1400} INFO - Marking task as SUCCESS. dag_id=parking_pipeline, task_id=create_table, execution_date=20221226T200816, start_date=20221226T200818, end_date=20221226T200818
[2022-12-26 20:08:18,727] {local_task_job.py:156} INFO - Task exited with return code 0
[2022-12-26 20:08:18,765] {local_task_job.py:273} INFO - 1 downstream tasks scheduled from follow-on schedule check
