[2022-12-26 19:06:34,257] {taskinstance.py:1159} INFO - Dependencies all met for <TaskInstance: parking_pipeline.create_table scheduled__2022-12-26T19:04:32.096272+00:00 [queued]>
[2022-12-26 19:06:34,265] {taskinstance.py:1159} INFO - Dependencies all met for <TaskInstance: parking_pipeline.create_table scheduled__2022-12-26T19:04:32.096272+00:00 [queued]>
[2022-12-26 19:06:34,266] {taskinstance.py:1356} INFO - 
--------------------------------------------------------------------------------
[2022-12-26 19:06:34,266] {taskinstance.py:1357} INFO - Starting attempt 1 of 2
[2022-12-26 19:06:34,267] {taskinstance.py:1358} INFO - 
--------------------------------------------------------------------------------
[2022-12-26 19:06:34,276] {taskinstance.py:1377} INFO - Executing <Task(PostgresOperator): create_table> on 2022-12-26 19:04:32.096272+00:00
[2022-12-26 19:06:34,280] {standard_task_runner.py:52} INFO - Started process 7609 to run task
[2022-12-26 19:06:34,284] {standard_task_runner.py:79} INFO - Running: ['***', 'tasks', 'run', 'parking_pipeline', 'create_table', 'scheduled__2022-12-26T19:04:32.096272+00:00', '--job-id', '292', '--raw', '--subdir', 'DAGS_FOLDER/parking_dag.py', '--cfg-path', '/tmp/tmp5y01vkvd', '--error-file', '/tmp/tmp48meko4c']
[2022-12-26 19:06:34,286] {standard_task_runner.py:80} INFO - Job 292: Subtask create_table
[2022-12-26 19:06:34,338] {task_command.py:369} INFO - Running <TaskInstance: parking_pipeline.create_table scheduled__2022-12-26T19:04:32.096272+00:00 [running]> on host a4f1a67a8720
[2022-12-26 19:06:34,402] {taskinstance.py:1571} INFO - Exporting the following env vars:
AIRFLOW_CTX_DAG_OWNER=Airflow
AIRFLOW_CTX_DAG_ID=parking_pipeline
AIRFLOW_CTX_TASK_ID=create_table
AIRFLOW_CTX_EXECUTION_DATE=2022-12-26T19:04:32.096272+00:00
AIRFLOW_CTX_TRY_NUMBER=1
AIRFLOW_CTX_DAG_RUN_ID=scheduled__2022-12-26T19:04:32.096272+00:00
[2022-12-26 19:06:34,412] {base.py:68} INFO - Using connection ID 'postgres' for task execution.
[2022-12-26 19:06:34,417] {dbapi.py:208} INFO - Running statement: 
            drop table if exists parking_data;
            create table parking_data(
                parkingTransactionKey int not null,
                symbol text not null
            );
        , parameters: None
[2022-12-26 19:06:34,436] {taskinstance.py:1400} INFO - Marking task as SUCCESS. dag_id=parking_pipeline, task_id=create_table, execution_date=20221226T190432, start_date=20221226T190634, end_date=20221226T190634
[2022-12-26 19:06:34,456] {local_task_job.py:156} INFO - Task exited with return code 0
[2022-12-26 19:06:34,493] {local_task_job.py:273} INFO - 1 downstream tasks scheduled from follow-on schedule check
