[2024-10-29 02:51:39,477] {taskinstance.py:1159} INFO - Dependencies all met for <TaskInstance: parking_pipeline.load_data scheduled__2024-10-29T02:39:25.442820+00:00 [queued]>
[2024-10-29 02:51:39,491] {taskinstance.py:1159} INFO - Dependencies all met for <TaskInstance: parking_pipeline.load_data scheduled__2024-10-29T02:39:25.442820+00:00 [queued]>
[2024-10-29 02:51:39,492] {taskinstance.py:1356} INFO - 
--------------------------------------------------------------------------------
[2024-10-29 02:51:39,500] {taskinstance.py:1357} INFO - Starting attempt 1 of 2
[2024-10-29 02:51:39,501] {taskinstance.py:1358} INFO - 
--------------------------------------------------------------------------------
[2024-10-29 02:51:39,523] {taskinstance.py:1377} INFO - Executing <Task(PythonOperator): load_data> on 2024-10-29 02:39:25.442820+00:00
[2024-10-29 02:51:39,531] {standard_task_runner.py:52} INFO - Started process 186 to run task
[2024-10-29 02:51:39,534] {standard_task_runner.py:79} INFO - Running: ['***', 'tasks', 'run', 'parking_pipeline', 'load_data', 'scheduled__2024-10-29T02:39:25.442820+00:00', '--job-id', '650', '--raw', '--subdir', 'DAGS_FOLDER/parking_dag.py', '--cfg-path', '/tmp/tmp3xa0txre', '--error-file', '/tmp/tmpccbwz1bg']
[2024-10-29 02:51:39,536] {standard_task_runner.py:80} INFO - Job 650: Subtask load_data
[2024-10-29 02:51:39,615] {task_command.py:369} INFO - Running <TaskInstance: parking_pipeline.load_data scheduled__2024-10-29T02:39:25.442820+00:00 [running]> on host 6da7af54a32a
[2024-10-29 02:51:39,725] {taskinstance.py:1571} INFO - Exporting the following env vars:
AIRFLOW_CTX_DAG_OWNER=Airflow
AIRFLOW_CTX_DAG_ID=parking_pipeline
AIRFLOW_CTX_TASK_ID=load_data
AIRFLOW_CTX_EXECUTION_DATE=2024-10-29T02:39:25.442820+00:00
AIRFLOW_CTX_TRY_NUMBER=1
AIRFLOW_CTX_DAG_RUN_ID=scheduled__2024-10-29T02:39:25.442820+00:00
[2024-10-29 02:51:39,739] {postgres.py:127} INFO - Running copy expert: COPY parking_data FROM stdin WITH DELIMITER as ',', filename: ./tmp/processed_parking_data_00.csv
[2024-10-29 02:51:39,752] {base.py:68} INFO - Using connection ID 'postgres' for task execution.
[2024-10-29 02:51:39,760] {python.py:173} INFO - Done. Returned value was: None
[2024-10-29 02:51:39,778] {taskinstance.py:1400} INFO - Marking task as SUCCESS. dag_id=parking_pipeline, task_id=load_data, execution_date=20241029T023925, start_date=20241029T025139, end_date=20241029T025139
[2024-10-29 02:51:39,832] {local_task_job.py:156} INFO - Task exited with return code 0
[2024-10-29 02:51:39,876] {local_task_job.py:273} INFO - 0 downstream tasks scheduled from follow-on schedule check
