[2024-10-22 03:16:16,459] {taskinstance.py:1159} INFO - Dependencies all met for <TaskInstance: parking_pipeline.extract_user scheduled__2024-10-22T03:14:10.879477+00:00 [queued]>
[2024-10-22 03:16:16,476] {taskinstance.py:1159} INFO - Dependencies all met for <TaskInstance: parking_pipeline.extract_user scheduled__2024-10-22T03:14:10.879477+00:00 [queued]>
[2024-10-22 03:16:16,477] {taskinstance.py:1356} INFO - 
--------------------------------------------------------------------------------
[2024-10-22 03:16:16,477] {taskinstance.py:1357} INFO - Starting attempt 1 of 2
[2024-10-22 03:16:16,478] {taskinstance.py:1358} INFO - 
--------------------------------------------------------------------------------
[2024-10-22 03:16:16,501] {taskinstance.py:1377} INFO - Executing <Task(SimpleHttpOperator): extract_user> on 2024-10-22 03:14:10.879477+00:00
[2024-10-22 03:16:16,508] {standard_task_runner.py:52} INFO - Started process 398 to run task
[2024-10-22 03:16:16,512] {standard_task_runner.py:79} INFO - Running: ['***', 'tasks', 'run', 'parking_pipeline', 'extract_user', 'scheduled__2024-10-22T03:14:10.879477+00:00', '--job-id', '363', '--raw', '--subdir', 'DAGS_FOLDER/parking_dag.py', '--cfg-path', '/tmp/tmphvm_2ieb', '--error-file', '/tmp/tmpxgird0e9']
[2024-10-22 03:16:16,513] {standard_task_runner.py:80} INFO - Job 363: Subtask extract_user
[2024-10-22 03:16:16,590] {task_command.py:369} INFO - Running <TaskInstance: parking_pipeline.extract_user scheduled__2024-10-22T03:14:10.879477+00:00 [running]> on host 09e0b15a696c
[2024-10-22 03:16:16,720] {taskinstance.py:1571} INFO - Exporting the following env vars:
AIRFLOW_CTX_DAG_OWNER=Airflow
AIRFLOW_CTX_DAG_ID=parking_pipeline
AIRFLOW_CTX_TASK_ID=extract_user
AIRFLOW_CTX_EXECUTION_DATE=2024-10-22T03:14:10.879477+00:00
AIRFLOW_CTX_TRY_NUMBER=1
AIRFLOW_CTX_DAG_RUN_ID=scheduled__2024-10-22T03:14:10.879477+00:00
[2024-10-22 03:16:16,721] {http.py:102} INFO - Calling HTTP method
[2024-10-22 03:16:16,735] {base.py:68} INFO - Using connection ID 'is_api_available' for task execution.
[2024-10-22 03:16:16,737] {http.py:129} INFO - Sending 'GET' to url: https://datahub-v2.arlingtonva.us/api/ParkingMeter/ParkingTransactions/?$top=50
[2024-10-22 03:16:17,768] {http.py:106} INFO - [
  {
    "parkingTransactionKey": 236,
    "transactionSourceCode": "IPS",
    "meterId": "23504S",
    "zoneNbr": "54072",
    "startDtm": "2016-12-31T14:59:42.000Z",
    "endDtm": "2016-12-31T15:31:18.000Z",
    "transactionAmt": "0.10",
    "paymentTypeName": "Coins",
    "transactionStatusCode": null,
    "meterManufacturerName": "IPS",
    "blockNbr": 500,
    "sourceStreetDisplayName": "23rd ST S",
    "sideDirectionName": "South",
    "latitudeCrd": "38.85329807",
    "longitudeCrd": "-77.05414548",
    "statePlaneXCrd": "11894650.74125000",
    "statePlaneYCrd": "6997046.77937500",
    "handicapInd": false,
    "timeRestrictionDsc": "MON - SAT 8AM - 8PM",
    "maxHoursCnt": "2.0",
    "meterTypeDsc": "Single",
    "dollarPerHourRate": "1.75",
    "activeStatusInd": false,
    "zoneSpaceCnt": "9.00",
    "metroAreaName": "Crystal City"
  },
  {
    "parkingTransactionKey": 247,
    "transactionSourceCode": "IPS",
    "meterId": "EDH1302N",
    "zoneNbr": "54272",
    "startDtm": "2016-12-31T14:39:56.000Z",
    "endDtm": "2016-12-31T15:19:56.000Z",
    "transactionAmt": "1.00",
    "paymentTypeName": "Coins",
    "transactionStatusCode": null,
    "meterManufacturerName": "IPS",
    "blockNbr": 1300,
    "sourceStreetDisplayName": "N EDGEWOOD ST",
    "sideDirectionName": "West",
    "latitudeCrd": "38.88868380",
    "longitudeCrd": "-77.09181216",
    "statePlaneXCrd": "11883728.32750000",
    "statePlaneYCrd": "7009763.18750000",
    "handicapInd": true,
    "timeRestrictionDsc": "MON-SAT 8AM-6PM",
    "maxHoursCnt": "4.0",
    "meterTypeDsc": "Single",
    "dollarPerHourRate": "1.50",
    "activeStatusInd": false,
    "zoneSpaceCnt": "1.00",
    "metroAreaName": "Clarendon"
  },
  {
    "parkingTransactionKey": 248,
    "transactionSourceCode": "IPS",
    "meterId": "PDH2201N",
    "zoneNbr": "54616",
    "startDtm": "2016-12-31T14:39:52.000Z",
    "endDtm": "2016-12-31T15:29:52.000Z",
    "transactionAmt": "1.25",
    "paymentTypeName": "Credit Card",
    "transactionStatusCode": "Approved",
    "meterManufacturerName": "IPS",
    "blockNbr": 2200,
    "sourceStreetDisplayName": "N PERSHING DR",
    "sideDirectionName": "North",
    "latitudeCrd": "38.88083000",
    "longitudeCrd": "-77.08548106",
    "statePlaneXCrd": "11885573.57187500",
    "statePlaneYCrd": "7006933.69187500",
    "handicapInd": true,
    "timeRestrictionDsc": "MON - SAT 8AM - 8PM",
    "maxHoursCnt": "4.0",
    "meterTypeDsc": "Single",
    "dollarPerHourRate": "1.75",
    "activeStatusInd": true,
    "zoneSpaceCnt": "1.00",
    "metroAreaName": "Lyon Park"
  },
  {
    "parkingTransactionKey": 253,
    "transactionSourceCode": "IPS",
    "meterId": "ADH1501N",
    "zoneNbr": "54395",
    "startDtm": "2016-12-31T14:35:35.000Z",
    "endDtm": "2016-12-31T15:22:08.000Z",
    "transactionAmt": "1.00",
    "paymentTypeName": "Coins",
    "transactionStatusCode": null,
    "meterManufacturerName": "IPS",
    "blockNbr": 1500,
    "sourceStreetDisplayName": "N ADAMS ST",
    "sideDirectionName": "East",
    "latitudeCrd": "38.89032182",
    "longitudeCrd": "-77.08748064",
    "statePlaneXCrd": "11884951.92875000",
    "statePlaneYCrd": "7010378.62937500",
    "handicapInd": true,
    "timeRestrictionDsc": "MON-SAT 8AM-6PM",
    "maxHoursCnt": "4.0",
    "meterTypeDsc": "Double",
    "dollarPerHourRate": "1.50",
    "activeStatusInd": false,
    "zoneSpaceCnt": "2.00",
    "metroAreaName": "Courthouse"
  },
  {
    "parkingTransactionKey": 266,
    "transactionSourceCode": "IPS",
    "meterId": "CB2406N",
    "zoneNbr": "54441",
    "startDtm": "2016-12-31T14:21:22.000Z",
    "endDtm": "2016-12-31T14:41:22.000Z",
    "transactionAmt": "0.50",
    "paymentTypeName": "Coins",
    "transactionStatusCode": null,
    "meterManufacturerName": "IPS",
    "blockNbr": 2400,
    "sourceStreetDisplayName": "CLARENDON BLVD",
    "sideDirectionName": "South",
    "latitudeCrd": "38.88980189",
    "longitudeCrd": "-77.08778262",
    "statePlaneXCrd": "11884751.20187500",
    "statePlaneYCrd": "7010127.91249999",
    "handicapInd": false,
    "timeRestrictionDsc": "MON - SAT 8AM - 8PM",
    "maxHoursCnt": "2.0",
    "meterTypeDsc": "Single",
    "dollarPerHourRate": "1.75",
    "activeStatusInd": false,
    "zoneSpaceCnt": "2.00",
    "metroAreaName": "Courthouse"
  },
  {
    "parkingTransactionKey": 268,
    "transactionSourceCode": "IPS",
    "meterId": "191106N",
    "zoneNbr": "54520",
    "startDtm": "2016-12-31T14:18:21.000Z",
    "endDtm": "2016-12-31T14:28:21.000Z",
    "transactionAmt": "0.25",
    "paymentTypeName": "Coins",
    "transactionStatusCode": null,
    "meterManufacturerName": "IPS",
    "blockNbr": 1100,
    "sourceStreetDisplayName": "19TH ST N",
    "sideDirectionName": "East",
    "latitudeCrd": "38.89699722",
    "longitudeCrd": "-77.07008220",
    "statePlaneXCrd": "11889865.64812500",
    "statePlaneYCrd": "7012886.19062500",
    "handicapInd": false,
    "timeRestrictionDsc": "MON-SAT 8AM-6PM",
    "maxHoursCnt": "4.0",
    "meterTypeDsc": "Double",
    "dollarPerHourRate": "1.50",
    "activeStatusInd": false,
    "zoneSpaceCnt": "5.00",
    "metroAreaName": "Rosslyn"
  },
  {
    "parkingTransactionKey": 269,
    "transactionSourceCode": "IPS",
    "meterId": "JO1323S",
    "zoneNbr": "54377",
    "startDtm": "2016-12-31T14:16:37.000Z",
    "endDtm": "2016-12-31T14:56:37.000Z",
    "transactionAmt": "1.00",
    "paymentTypeName": "Credit Card",
    "transactionStatusCode": "Approved",
    "meterManufacturerName": "IPS",
    "blockNbr": 1300,
    "sourceStreetDisplayName": "S JOYCE ST",
    "sideDirectionName": "East",
    "latitudeCrd": "38.86298483",
    "longitudeCrd": "-77.06349067",
    "statePlaneXCrd": "11891934.54187500",
    "statePlaneYCrd": "7000532.47750001",
    "handicapInd": false,
    "timeRestrictionDsc": "MON - SAT 8AM - 8PM",
    "maxHoursCnt": "0.5",
    "meterTypeDsc": "Single",
    "dollarPerHourRate": "1.75",
    "activeStatusInd": false,
    "zoneSpaceCnt": "2.00",
    "metroAreaName": "Pentagon City"
  },
  {
    "parkingTransactionKey": 276,
    "transactionSourceCode": "IPS",
    "meterId": "20H201S",
    "zoneNbr": "54080",
    "startDtm": "2016-12-31T14:08:45.000Z",
    "endDtm": "2016-12-31T14:35:53.000Z",
    "transactionAmt": "0.25",
    "paymentTypeName": "Coins",
    "transactionStatusCode": null,
    "meterManufacturerName": "IPS",
    "blockNbr": 200,
    "sourceStreetDisplayName": "20th ST S",
    "sideDirectionName": "North",
    "latitudeCrd": "38.85622725",
    "longitudeCrd": "-77.04972723",
    "statePlaneXCrd": "11895892.66375000",
    "statePlaneYCrd": "6998130.47562499",
    "handicapInd": true,
    "timeRestrictionDsc": "MON - SAT 8AM - 8PM",
    "maxHoursCnt": "4.0",
    "meterTypeDsc": "Single",
    "dollarPerHourRate": "1.75",
    "activeStatusInd": false,
    "zoneSpaceCnt": "21.00",
    "metroAreaName": "Crystal City"
  },
  {
    "parkingTransactionKey": 290,
    "transactionSourceCode": "IPS",
    "meterId": "Ga903N",
    "zoneNbr": "54256",
    "startDtm": "2016-12-31T13:48:46.000Z",
    "endDtm": "2016-12-31T15:48:46.000Z",
    "transactionAmt": "0.75",
    "paymentTypeName": "Coins",
    "transactionStatusCode": null,
    "meterManufacturerName": "MacKay",
    "blockNbr": 900,
    "sourceStreetDisplayName": "N GARFIELD ST",
    "sideDirectionName": "West",
    "latitudeCrd": "38.88426154",
    "longitudeCrd": "-77.09361214",
    "statePlaneXCrd": "11883240.81500000",
    "statePlaneYCrd": "7008110.88937500",
    "handicapInd": false,
    "timeRestrictionDsc": "MON-SAT 8AM-6PM",
    "maxHoursCnt": "4.0",
    "meterTypeDsc": "Single",
    "dollarPerHourRate": "1.25",
    "activeStatusInd": false,
    "zoneSpaceCnt": "2.00",
    "metroAreaName": "Clarendon"
  },
  {
    "parkingTransactionKey": 301,
    "transactionSourceCode": "IPS",
    "meterId": "23504S",
    "zoneNbr": "54072",
    "startDtm": "2016-12-31T13:41:27.000Z",
    "endDtm": "2016-12-31T14:31:18.000Z",
    "transactionAmt": "0.50",
    "paymentTypeName": "Coins",
    "transactionStatusCode": null,
    "meterManufacturerName": "IPS",
    "blockNbr": 500,
    "sourceStreetDisplayName": "23rd ST S",
    "sideDirectionName": "South",
    "latitudeCrd": "38.85329807",
    "longitudeCrd": "-77.05414548",
    "statePlaneXCrd": "11894650.74125000",
    "statePlaneYCrd": "6997046.77937500",
    "handicapInd": false,
    "timeRestrictionDsc": "MON - SAT 8AM - 8PM",
    "maxHoursCnt": "2.0",
    "meterTypeDsc": "Single",
    "dollarPerHourRate": "1.75",
    "activeStatusInd": false,
    "zoneSpaceCnt": "9.00",
    "metroAreaName": "Crystal City"
  },
  {
    "parkingTransactionKey": 302,
    "transactionSourceCode": "IPS",
    "meterId": "23504S",
    "zoneNbr": "54072",
    "startDtm": "2016-12-31T13:41:18.000Z",
    "endDtm": "2016-12-31T14:11:18.000Z",
    "transactionAmt": "0.75",
    "paymentTypeName": "Coins",
    "transactionStatusCode": null,
    "meterManufacturerName": "IPS",
    "blockNbr": 500,
    "sourceStreetDisplayName": "23rd ST S",
    "sideDirectionName": "South",
    "latitudeCrd": "38.85329807",
    "longitudeCrd": "-77.05414548",
    "statePlaneXCrd": "11894650.74125000",
    "statePlaneYCrd": "6997046.77937500",
    "handicapInd": false,
    "timeRestrictionDsc": "MON - SAT 8AM - 8PM",
    "maxHoursCnt": "2.0",
    "meterTypeDsc": "Single",
    "dollarPerHourRate": "1.75",
    "activeStatusInd": false,
    "zoneSpaceCnt": "9.00",
    "metroAreaName": "Crystal City"
  },
  {
    "parkingTransactionKey": 134,
    "transactionSourceCode": "IPS",
    "meterId": "TAH920N",
    "zoneNbr": "54326",
    "startDtm": "2015-12-31T09:28:13.000Z",
    "endDtm": "2015-12-31T09:58:13.000Z",
    "transactionAmt": "0.75",
    "paymentTypeName": "Coins",
    "transactionStatusCode": null,
    "meterManufacturerName": "IPS",
    "blockNbr": 900,
    "sourceStreetDisplayName": "N TAYLOR ST",
    "sideDirectionName": "East",
    "latitudeCrd": "38.88166148",
    "longitudeCrd": "-77.11274382",
    "statePlaneXCrd": "11877809.67750000",
    "statePlaneYCrd": "7007115.23687500",
    "handicapInd": true,
    "timeRestrictionDsc": "MON - SAT 8AM - 8PM",
    "maxHoursCnt": "2.0",
    "meterTypeDsc": "Single",
    "dollarPerHourRate": "1.75",
    "activeStatusInd": false,
    "zoneSpaceCnt": "1.00",
    "metroAreaName": "Ballston"
  },
  {
    "parkingTransactionKey": 135,
    "transactionSourceCode": "IPS",
    "meterId": "317N",
    "zoneNbr": "54469",
    "startDtm": "2015-12-31T09:26:31.000Z",
    "endDtm": "2015-12-31T10:04:31.000Z",
    "transactionAmt": "0.95",
    "paymentTypeName": "Coins",
    "transactionStatusCode": null,
    "meterManufacturerName": "IPS",
    "blockNbr": 1400,
    "sourceStreetDisplayName": "N COURTHOUSE RD",
    "sideDirectionName": "North",
    "latitudeCrd": "38.89058732",
    "longitudeCrd": "-77.08467526",
    "statePlaneXCrd": "11885748.84937500",
    "statePlaneYCrd": "7010487.61062500",
    "handicapInd": false,
    "timeRestrictionDsc": "MON - FRI 8AM - 8PM, SAT 6AM - 12PM",
    "maxHoursCnt": "1.0",
    "meterTypeDsc": "Single",
    "dollarPerHourRate": "1.75",
    "activeStatusInd": false,
    "zoneSpaceCnt": "2.00",
    "metroAreaName": "Courthouse"
  },
  {
    "parkingTransactionKey": 142,
    "transactionSourceCode": "IPS",
    "meterId": "GMH1619N",
    "zoneNbr": "54593",
    "startDtm": "2015-12-31T08:05:29.000Z",
    "endDtm": "2015-12-31T11:24:01.000Z",
    "transactionAmt": "0.75",
    "paymentTypeName": "Coins",
    "transactionStatusCode": null,
    "meterManufacturerName": "IPS",
    "blockNbr": 1600,
    "sourceStreetDisplayName": "N GEORGE MASON DR",
    "sideDirectionName": "East",
    "latitudeCrd": "38.88843750",
    "longitudeCrd": "-77.12827917",
    "statePlaneXCrd": "11873350.18437500",
    "statePlaneYCrd": "7009519.16625001",
    "handicapInd": true,
    "timeRestrictionDsc": "MON - SAT 8AM - 8PM",
    "maxHoursCnt": "4.0",
    "meterTypeDsc": "Single",
    "dollarPerHourRate": "1.75",
    "activeStatusInd": true,
    "zoneSpaceCnt": "5.00",
    "metroAreaName": "Virginia Hospital"
  },
  {
    "parkingTransactionKey": 152,
    "transactionSourceCode": "IPS",
    "meterId": "CRH1400S",
    "zoneNbr": "54090",
    "startDtm": "2015-12-31T05:54:51.000Z",
    "endDtm": "2015-12-31T05:54:51.000Z",
    "transactionAmt": "1.00",
    "paymentTypeName": "Coins",
    "transactionStatusCode": null,
    "meterManufacturerName": "IPS",
    "blockNbr": 1400,
    "sourceStreetDisplayName": "CRYSTAL DR",
    "sideDirectionName": "West",
    "latitudeCrd": "38.86117209",
    "longitudeCrd": "-77.04944405",
    "statePlaneXCrd": "11895944.13937500",
    "statePlaneYCrd": "6999935.25000000",
    "handicapInd": true,
    "timeRestrictionDsc": "MON - FRI 8AM - 8PM",
    "maxHoursCnt": "12.0",
    "meterTypeDsc": "Single",
    "dollarPerHourRate": "1.50",
    "activeStatusInd": true,
    "zoneSpaceCnt": "2.00",
    "metroAreaName": "Crystal City"
  },
  {
    "parkingTransactionKey": 160,
    "transactionSourceCode": "IPS",
    "meterId": "JO1315 S",
    "zoneNbr": "54375",
    "startDtm": "2016-12-31T19:09:53.000Z",
    "endDtm": "2016-12-31T19:09:53.000Z",
    "transactionAmt": "0.55",
    "paymentTypeName": "Coins",
    "transactionStatusCode": null,
    "meterManufacturerName": "IPS",
    "blockNbr": 1300,
    "sourceStreetDisplayName": "S JOYCE ST",
    "sideDirectionName": "East",
    "latitudeCrd": "38.86393788",
    "longitudeCrd": "-77.06327147",
    "statePlaneXCrd": "11891991.51687500",
    "statePlaneYCrd": "7000880.51187500",
    "handicapInd": false,
    "timeRestrictionDsc": "MON - SAT 8AM - 8PM",
    "maxHoursCnt": "1.0",
    "meterTypeDsc": "Single",
    "dollarPerHourRate": "1.75",
    "activeStatusInd": false,
    "zoneSpaceCnt": "1.00",
    "metroAreaName": "Pentagon City"
  },
  {
    "parkingTransactionKey": 161,
    "transactionSourceCode": "IPS",
    "meterId": "JO1321S",
    "zoneNbr": "54377",
    "startDtm": "2016-12-31T19:06:45.000Z",
    "endDtm": "2016-12-31T19:06:45.000Z",
    "transactionAmt": "0.50",
    "paymentTypeName": "Coins",
    "transactionStatusCode": null,
    "meterManufacturerName": "IPS",
    "blockNbr": 1300,
    "sourceStreetDisplayName": "S JOYCE ST",
    "sideDirectionName": "East",
    "latitudeCrd": "38.86304615",
    "longitudeCrd": "-77.06347653",
    "statePlaneXCrd": "11891938.21812500",
    "statePlaneYCrd": "7000554.87062500",
    "handicapInd": false,
    "timeRestrictionDsc": "MON - SAT 8AM - 8PM",
    "maxHoursCnt": "0.5",
    "meterTypeDsc": "Single",
    "dollarPerHourRate": "1.75",
    "activeStatusInd": false,
    "zoneSpaceCnt": "2.00",
    "metroAreaName": "Pentagon City"
  },
  {
    "parkingTransactionKey": 172,
    "transactionSourceCode": "IPS",
    "meterId": "HI1101N",
    "zoneNbr": "54251",
    "startDtm": "2016-12-31T17:28:34.000Z",
    "endDtm": "2016-12-31T18:00:00.000Z",
    "transactionAmt": "1.00",
    "paymentTypeName": "Credit Card",
    "transactionStatusCode": "Approved",
    "meterManufacturerName": "IPS",
    "blockNbr": 1100,
    "sourceStreetDisplayName": "N HIGHLAND ST",
    "sideDirectionName": "East",
    "latitudeCrd": "38.88598430",
    "longitudeCrd": "-77.09472021",
    "statePlaneXCrd": "11882915.02500000",
    "statePlaneYCrd": "7008770.28375000",
    "handicapInd": false,
    "timeRestrictionDsc": "MON - SAT 8AM - 8PM",
    "maxHoursCnt": "2.0",
    "meterTypeDsc": "Single",
    "dollarPerHourRate": "1.75",
    "activeStatusInd": true,
    "zoneSpaceCnt": "10.00",
    "metroAreaName": "Clarendon"
  },
  {
    "parkingTransactionKey": 176,
    "transactionSourceCode": "IPS",
    "meterId": "RAH1010N",
    "zoneNbr": "54325",
    "startDtm": "2016-12-31T17:22:49.000Z",
    "endDtm": "2016-12-31T18:00:06.000Z",
    "transactionAmt": "1.05",
    "paymentTypeName": "Coins",
    "transactionStatusCode": null,
    "meterManufacturerName": "IPS",
    "blockNbr": 1000,
    "sourceStreetDisplayName": "N RANDOLPH ST",
    "sideDirectionName": "North",
    "latitudeCrd": "38.88290298",
    "longitudeCrd": "-77.10960116",
    "statePlaneXCrd": "11878697.34125000",
    "statePlaneYCrd": "7007580.87437500",
    "handicapInd": true,
    "timeRestrictionDsc": "MON - SAT 8AM - 8PM",
    "maxHoursCnt": "4.0",
    "meterTypeDsc": "Single",
    "dollarPerHourRate": "1.50",
    "activeStatusInd": false,
    "zoneSpaceCnt": "1.00",
    "metroAreaName": "Ballston"
  },
  {
    "parkingTransactionKey": 194,
    "transactionSourceCode": "IPS",
    "meterId": "23504S",
    "zoneNbr": "54072",
    "startDtm": "2016-12-31T16:54:36.000Z",
    "endDtm": "2016-12-31T17:34:36.000Z",
    "transactionAmt": "1.00",
    "paymentTypeName": "Coins",
    "transactionStatusCode": null,
    "meterManufacturerName": "IPS",
    "blockNbr": 500,
    "sourceStreetDisplayName": "23rd ST S",
    "sideDirectionName": "South",
    "latitudeCrd": "38.85329807",
    "longitudeCrd": "-77.05414548",
    "statePlaneXCrd": "11894650.74125000",
    "statePlaneYCrd": "6997046.77937500",
    "handicapInd": false,
    "timeRestrictionDsc": "MON - SAT 8AM - 8PM",
    "maxHoursCnt": "2.0",
    "meterTypeDsc": "Single",
    "dollarPerHourRate": "1.75",
    "activeStatusInd": false,
    "zoneSpaceCnt": "9.00",
    "metroAreaName": "Crystal City"
  },
  {
    "parkingTransactionKey": 195,
    "transactionSourceCode": "IPS",
    "meterId": "Spares (Arlington VA)",
    "zoneNbr": null,
    "startDtm": "2016-12-31T16:53:46.000Z",
    "endDtm": "2016-12-31T17:33:46.000Z",
    "transactionAmt": "0.50",
    "paymentTypeName": "Coins",
    "transactionStatusCode": null,
    "meterManufacturerName": null,
    "blockNbr": null,
    "sourceStreetDisplayName": null,
    "sideDirectionName": null,
    "latitudeCrd": null,
    "longitudeCrd": null,
    "statePlaneXCrd": null,
    "statePlaneYCrd": null,
    "handicapInd": null,
    "timeRestrictionDsc": null,
    "maxHoursCnt": null,
    "meterTypeDsc": null,
    "dollarPerHourRate": null,
    "activeStatusInd": false,
    "zoneSpaceCnt": null,
    "metroAreaName": null
  },
  {
    "parkingTransactionKey": 201,
    "transactionSourceCode": "IPS",
    "meterId": "H149N",
    "zoneNbr": "54118",
    "startDtm": "2016-12-31T16:39:55.000Z",
    "endDtm": "2016-12-31T16:49:55.000Z",
    "transactionAmt": "0.25",
    "paymentTypeName": "Coins",
    "transactionStatusCode": null,
    "meterManufacturerName": "IPS",
    "blockNbr": 4200,
    "sourceStreetDisplayName": "WILSON BLVD",
    "sideDirectionName": "East",
    "latitudeCrd": "38.87932682",
    "longitudeCrd": "-77.11226820",
    "statePlaneXCrd": "11877957.20562500",
    "statePlaneYCrd": "7006269.91500001",
    "handicapInd": true,
    "timeRestrictionDsc": "MON - SAT 8AM - 8PM",
    "maxHoursCnt": "4.0",
    "meterTypeDsc": "Single",
    "dollarPerHourRate": "1.75",
    "activeStatusInd": true,
    "zoneSpaceCnt": "1.00",
    "metroAreaName": "Ballston"
  },
  {
    "parkingTransactionKey": 207,
    "transactionSourceCode": "IPS",
    "meterId": "23502S",
    "zoneNbr": "54072",
    "startDtm": "2016-12-31T16:22:14.000Z",
    "endDtm": "2016-12-31T16:38:14.000Z",
    "transactionAmt": "0.40",
    "paymentTypeName": "Coins",
    "transactionStatusCode": null,
    "meterManufacturerName": "IPS",
    "blockNbr": 500,
    "sourceStreetDisplayName": "23rd ST S",
    "sideDirectionName": "South",
    "latitudeCrd": "38.85329397",
    "longitudeCrd": "-77.05403025",
    "statePlaneXCrd": "11894683.57625000",
    "statePlaneYCrd": "6997045.80437499",
    "handicapInd": false,
    "timeRestrictionDsc": "MON - SAT 8AM - 8PM",
    "maxHoursCnt": "2.0",
    "meterTypeDsc": "Single",
    "dollarPerHourRate": "1.75",
    "activeStatusInd": false,
    "zoneSpaceCnt": "9.00",
    "metroAreaName": "Crystal City"
  },
  {
    "parkingTransactionKey": 218,
    "transactionSourceCode": "IPS",
    "meterId": "FA4316N",
    "zoneNbr": "54632",
    "startDtm": "2016-12-31T15:45:08.000Z",
    "endDtm": "2016-12-31T17:45:08.000Z",
    "transactionAmt": "3.00",
    "paymentTypeName": "Credit Card",
    "transactionStatusCode": "Approved",
    "meterManufacturerName": "IPS",
    "blockNbr": 4300,
    "sourceStreetDisplayName": "FAIRFAX DR",
    "sideDirectionName": "East",
    "latitudeCrd": "38.88197742",
    "longitudeCrd": "-77.11522929",
    "statePlaneXCrd": "11877100.48875000",
    "statePlaneYCrd": "7007219.60562500",
    "handicapInd": false,
    "timeRestrictionDsc": "MON - SAT 8AM - 8PM",
    "maxHoursCnt": "4.0",
    "meterTypeDsc": "Single",
    "dollarPerHourRate": "1.75",
    "activeStatusInd": false,
    "zoneSpaceCnt": "2.00",
    "metroAreaName": "Ballston"
  },
  {
    "parkingTransactionKey": 241,
    "transactionSourceCode": "IPS",
    "meterId": "191106N",
    "zoneNbr": "54520",
    "startDtm": "2016-12-31T14:55:09.000Z",
    "endDtm": "2016-12-31T16:55:09.000Z",
    "transactionAmt": "3.00",
    "paymentTypeName": "Coins",
    "transactionStatusCode": null,
    "meterManufacturerName": "IPS",
    "blockNbr": 1100,
    "sourceStreetDisplayName": "19TH ST N",
    "sideDirectionName": "East",
    "latitudeCrd": "38.89699722",
    "longitudeCrd": "-77.07008220",
    "statePlaneXCrd": "11889865.64812500",
    "statePlaneYCrd": "7012886.19062500",
    "handicapInd": false,
    "timeRestrictionDsc": "MON-SAT 8AM-6PM",
    "maxHoursCnt": "4.0",
    "meterTypeDsc": "Double",
    "dollarPerHourRate": "1.50",
    "activeStatusInd": false,
    "zoneSpaceCnt": "5.00",
    "metroAreaName": "Rosslyn"
  },
  {
    "parkingTransactionKey": 255,
    "transactionSourceCode": "IPS",
    "meterId": "SU800N",
    "zoneNbr": "54122",
    "startDtm": "2016-12-31T14:33:41.000Z",
    "endDtm": "2016-12-31T14:45:49.000Z",
    "transactionAmt": "0.10",
    "paymentTypeName": "Coins",
    "transactionStatusCode": null,
    "meterManufacturerName": "IPS",
    "blockNbr": 800,
    "sourceStreetDisplayName": "N STUART ST",
    "sideDirectionName": "East",
    "latitudeCrd": "38.88033327",
    "longitudeCrd": "-77.11167623",
    "statePlaneXCrd": "11878120.86750000",
    "statePlaneYCrd": "7006636.14875001",
    "handicapInd": false,
    "timeRestrictionDsc": "MON - SAT 8AM - 8PM",
    "maxHoursCnt": "1.0",
    "meterTypeDsc": "Double",
    "dollarPerHourRate": "1.75",
    "activeStatusInd": false,
    "zoneSpaceCnt": "4.00",
    "metroAreaName": "Ballston"
  },
  {
    "parkingTransactionKey": 257,
    "transactionSourceCode": "IPS",
    "meterId": "SU800N",
    "zoneNbr": "54122",
    "startDtm": "2016-12-31T14:31:49.000Z",
    "endDtm": "2016-12-31T14:41:49.000Z",
    "transactionAmt": "0.25",
    "paymentTypeName": "Coins",
    "transactionStatusCode": null,
    "meterManufacturerName": "IPS",
    "blockNbr": 800,
    "sourceStreetDisplayName": "N STUART ST",
    "sideDirectionName": "East",
    "latitudeCrd": "38.88033327",
    "longitudeCrd": "-77.11167623",
    "statePlaneXCrd": "11878120.86750000",
    "statePlaneYCrd": "7006636.14875001",
    "handicapInd": false,
    "timeRestrictionDsc": "MON - SAT 8AM - 8PM",
    "maxHoursCnt": "1.0",
    "meterTypeDsc": "Double",
    "dollarPerHourRate": "1.75",
    "activeStatusInd": false,
    "zoneSpaceCnt": "4.00",
    "metroAreaName": "Ballston"
  },
  {
    "parkingTransactionKey": 259,
    "transactionSourceCode": "IPS",
    "meterId": "CRH1700S",
    "zoneNbr": "54688",
    "startDtm": "2016-12-31T14:31:27.000Z",
    "endDtm": "2016-12-31T14:57:15.000Z",
    "transactionAmt": "0.10",
    "paymentTypeName": "Coins",
    "transactionStatusCode": null,
    "meterManufacturerName": "IPS",
    "blockNbr": 1700,
    "sourceStreetDisplayName": "CRYSTAL DR",
    "sideDirectionName": "West",
    "latitudeCrd": "38.85829174",
    "longitudeCrd": "-77.04929791",
    "statePlaneXCrd": "11896003.02375000",
    "statePlaneYCrd": "6998884.19875000",
    "handicapInd": true,
    "timeRestrictionDsc": "MON - SAT 8AM - 8PM",
    "maxHoursCnt": "4.0",
    "meterTypeDsc": "Single",
    "dollarPerHourRate": "1.50",
    "activeStatusInd": false,
    "zoneSpaceCnt": "1.00",
    "metroAreaName": "CRYSTAL CITY"
  },
  {
    "parkingTransactionKey": 260,
    "transactionSourceCode": "IPS",
    "meterId": "CRH1700S",
    "zoneNbr": "54688",
    "startDtm": "2016-12-31T14:31:15.000Z",
    "endDtm": "2016-12-31T14:53:15.000Z",
    "transactionAmt": "0.55",
    "paymentTypeName": "Coins",
    "transactionStatusCode": null,
    "meterManufacturerName": "IPS",
    "blockNbr": 1700,
    "sourceStreetDisplayName": "CRYSTAL DR",
    "sideDirectionName": "West",
    "latitudeCrd": "38.85829174",
    "longitudeCrd": "-77.04929791",
    "statePlaneXCrd": "11896003.02375000",
    "statePlaneYCrd": "6998884.19875000",
    "handicapInd": true,
    "timeRestrictionDsc": "MON - SAT 8AM - 8PM",
    "maxHoursCnt": "4.0",
    "meterTypeDsc": "Single",
    "dollarPerHourRate": "1.50",
    "activeStatusInd": false,
    "zoneSpaceCnt": "1.00",
    "metroAreaName": "CRYSTAL CITY"
  },
  {
    "parkingTransactionKey": 304,
    "transactionSourceCode": "IPS",
    "meterId": "WR1103S",
    "zoneNbr": "54665",
    "startDtm": "2016-12-31T13:39:17.000Z",
    "endDtm": "2016-12-31T15:09:17.000Z",
    "transactionAmt": "2.25",
    "paymentTypeName": "Credit Card",
    "transactionStatusCode": "Approved",
    "meterManufacturerName": "IPS",
    "blockNbr": 1100,
    "sourceStreetDisplayName": "S WALTER REED DR",
    "sideDirectionName": "East",
    "latitudeCrd": "38.86114639",
    "longitudeCrd": "-77.08685256",
    "statePlaneXCrd": "11885296.36500000",
    "statePlaneYCrd": "6999787.00000000",
    "handicapInd": false,
    "timeRestrictionDsc": "MON - SAT 8AM - 8PM",
    "maxHoursCnt": "0.5",
    "meterTypeDsc": "Single",
    "dollarPerHourRate": "1.75",
    "activeStatusInd": false,
    "zoneSpaceCnt": "2.00",
    "metroAreaName": "Columbia Pike"
  },
  {
    "parkingTransactionKey": 314,
    "transactionSourceCode": "IPS",
    "meterId": "FA4314N",
    "zoneNbr": "54632",
    "startDtm": "2016-12-31T13:26:58.000Z",
    "endDtm": "2016-12-31T13:48:49.000Z",
    "transactionAmt": "0.05",
    "paymentTypeName": "Coins",
    "transactionStatusCode": null,
    "meterManufacturerName": "IPS",
    "blockNbr": 4300,
    "sourceStreetDisplayName": "FAIRFAX DR",
    "sideDirectionName": "East",
    "latitudeCrd": "38.88198398",
    "longitudeCrd": "-77.11513339",
    "statePlaneXCrd": "11877127.74937500",
    "statePlaneYCrd": "7007222.40687500",
    "handicapInd": false,
    "timeRestrictionDsc": "MON - SAT 8AM - 8PM",
    "maxHoursCnt": "2.0",
    "meterTypeDsc": "Double",
    "dollarPerHourRate": "1.75",
    "activeStatusInd": false,
    "zoneSpaceCnt": "2.00",
    "metroAreaName": "Ballston"
  },
  {
    "parkingTransactionKey": 315,
    "transactionSourceCode": "IPS",
    "meterId": "FA4314N",
    "zoneNbr": "54632",
    "startDtm": "2016-12-31T13:26:49.000Z",
    "endDtm": "2016-12-31T13:46:49.000Z",
    "transactionAmt": "0.50",
    "paymentTypeName": "Coins",
    "transactionStatusCode": null,
    "meterManufacturerName": "IPS",
    "blockNbr": 4300,
    "sourceStreetDisplayName": "FAIRFAX DR",
    "sideDirectionName": "East",
    "latitudeCrd": "38.88198398",
    "longitudeCrd": "-77.11513339",
    "statePlaneXCrd": "11877127.74937500",
    "statePlaneYCrd": "7007222.40687500",
    "handicapInd": false,
    "timeRestrictionDsc": "MON - SAT 8AM - 8PM",
    "maxHoursCnt": "2.0",
    "meterTypeDsc": "Double",
    "dollarPerHourRate": "1.75",
    "activeStatusInd": false,
    "zoneSpaceCnt": "2.00",
    "metroAreaName": "Ballston"
  },
  {
    "parkingTransactionKey": 316,
    "transactionSourceCode": "IPS",
    "meterId": "GMH1621N",
    "zoneNbr": "54593",
    "startDtm": "2016-12-31T13:26:41.000Z",
    "endDtm": "2016-12-31T14:36:41.000Z",
    "transactionAmt": "1.75",
    "paymentTypeName": "Coins",
    "transactionStatusCode": null,
    "meterManufacturerName": "IPS",
    "blockNbr": 1600,
    "sourceStreetDisplayName": "N GEORGE MASON DR",
    "sideDirectionName": "East",
    "latitudeCrd": "38.88850486",
    "longitudeCrd": "-77.12831662",
    "statePlaneXCrd": "11873339.15875000",
    "statePlaneYCrd": "7009543.53874999",
    "handicapInd": true,
    "timeRestrictionDsc": "MON - SAT 8AM - 8PM",
    "maxHoursCnt": "4.0",
    "meterTypeDsc": "Single",
    "dollarPerHourRate": "1.75",
    "activeStatusInd": true,
    "zoneSpaceCnt": "5.00",
    "metroAreaName": "Virginia Hospital"
  },
  {
    "parkingTransactionKey": 321,
    "transactionSourceCode": "IPS",
    "meterId": "ADH1501N",
    "zoneNbr": "54395",
    "startDtm": "2016-12-31T13:22:19.000Z",
    "endDtm": "2016-12-31T14:42:03.000Z",
    "transactionAmt": "0.75",
    "paymentTypeName": "Coins",
    "transactionStatusCode": null,
    "meterManufacturerName": "IPS",
    "blockNbr": 1500,
    "sourceStreetDisplayName": "N ADAMS ST",
    "sideDirectionName": "East",
    "latitudeCrd": "38.89032182",
    "longitudeCrd": "-77.08748064",
    "statePlaneXCrd": "11884951.92875000",
    "statePlaneYCrd": "7010378.62937500",
    "handicapInd": true,
    "timeRestrictionDsc": "MON-SAT 8AM-6PM",
    "maxHoursCnt": "4.0",
    "meterTypeDsc": "Double",
    "dollarPerHourRate": "1.50",
    "activeStatusInd": false,
    "zoneSpaceCnt": "2.00",
    "metroAreaName": "Courthouse"
  },
  {
    "parkingTransactionKey": 322,
    "transactionSourceCode": "IPS",
    "meterId": "ADH1501N",
    "zoneNbr": "54395",
    "startDtm": "2016-12-31T13:22:02.000Z",
    "endDtm": "2016-12-31T14:11:58.000Z",
    "transactionAmt": "0.25",
    "paymentTypeName": "Coins",
    "transactionStatusCode": null,
    "meterManufacturerName": "IPS",
    "blockNbr": 1500,
    "sourceStreetDisplayName": "N ADAMS ST",
    "sideDirectionName": "East",
    "latitudeCrd": "38.89032182",
    "longitudeCrd": "-77.08748064",
    "statePlaneXCrd": "11884951.92875000",
    "statePlaneYCrd": "7010378.62937500",
    "handicapInd": true,
    "timeRestrictionDsc": "MON-SAT 8AM-6PM",
    "maxHoursCnt": "4.0",
    "meterTypeDsc": "Double",
    "dollarPerHourRate": "1.50",
    "activeStatusInd": false,
    "zoneSpaceCnt": "2.00",
    "metroAreaName": "Courthouse"
  },
  {
    "parkingTransactionKey": 323,
    "transactionSourceCode": "IPS",
    "meterId": "ADH1501N",
    "zoneNbr": "54395",
    "startDtm": "2016-12-31T13:21:54.000Z",
    "endDtm": "2016-12-31T14:01:53.000Z",
    "transactionAmt": "0.50",
    "paymentTypeName": "Coins",
    "transactionStatusCode": null,
    "meterManufacturerName": "IPS",
    "blockNbr": 1500,
    "sourceStreetDisplayName": "N ADAMS ST",
    "sideDirectionName": "East",
    "latitudeCrd": "38.89032182",
    "longitudeCrd": "-77.08748064",
    "statePlaneXCrd": "11884951.92875000",
    "statePlaneYCrd": "7010378.62937500",
    "handicapInd": true,
    "timeRestrictionDsc": "MON-SAT 8AM-6PM",
    "maxHoursCnt": "4.0",
    "meterTypeDsc": "Double",
    "dollarPerHourRate": "1.50",
    "activeStatusInd": false,
    "zoneSpaceCnt": "2.00",
    "metroAreaName": "Courthouse"
  },
  {
    "parkingTransactionKey": 332,
    "transactionSourceCode": "IPS",
    "meterId": "RH1701N",
    "zoneNbr": "54422",
    "startDtm": "2016-12-31T13:12:33.000Z",
    "endDtm": "2016-12-31T13:12:33.000Z",
    "transactionAmt": "0.50",
    "paymentTypeName": "Coins",
    "transactionStatusCode": null,
    "meterManufacturerName": "IPS",
    "blockNbr": 1700,
    "sourceStreetDisplayName": "N RHODES ST",
    "sideDirectionName": "East",
    "latitudeCrd": "38.89306677",
    "longitudeCrd": "-77.07998000",
    "statePlaneXCrd": "11887070.44437500",
    "statePlaneYCrd": "7011413.98375000",
    "handicapInd": false,
    "timeRestrictionDsc": "MON - FRI 8AM - 8PM",
    "maxHoursCnt": "12.0",
    "meterTypeDsc": "Single",
    "dollarPerHourRate": "1.50",
    "activeStatusInd": false,
    "zoneSpaceCnt": "2.00",
    "metroAreaName": "Rosslyn"
  },
  {
    "parkingTransactionKey": 337,
    "transactionSourceCode": "IPS",
    "meterId": "CBH1600N",
    "zoneNbr": "54491",
    "startDtm": "2016-12-31T12:48:39.000Z",
    "endDtm": "2016-12-31T12:58:39.000Z",
    "transactionAmt": "0.25",
    "paymentTypeName": "Coins",
    "transactionStatusCode": null,
    "meterManufacturerName": "IPS",
    "blockNbr": 1600,
    "sourceStreetDisplayName": "CLARENDON BLVD",
    "sideDirectionName": "South",
    "latitudeCrd": "38.89332694",
    "longitudeCrd": "-77.07678493",
    "statePlaneXCrd": "11887869.88187500",
    "statePlaneYCrd": "7011495.27562501",
    "handicapInd": true,
    "timeRestrictionDsc": "MON - SAT 8AM - 8PM",
    "maxHoursCnt": "4.0",
    "meterTypeDsc": "Single",
    "dollarPerHourRate": "1.75",
    "activeStatusInd": true,
    "zoneSpaceCnt": "1.00",
    "metroAreaName": "Rosslyn"
  },
  {
    "parkingTransactionKey": 339,
    "transactionSourceCode": "IPS",
    "meterId": "QUH2808S",
    "zoneNbr": "54018",
    "startDtm": "2016-12-31T12:47:11.000Z",
    "endDtm": "2016-12-31T14:46:01.000Z",
    "transactionAmt": "0.75",
    "paymentTypeName": "Coins",
    "transactionStatusCode": null,
    "meterManufacturerName": "IPS",
    "blockNbr": 2800,
    "sourceStreetDisplayName": "S QUINCY ST",
    "sideDirectionName": "West",
    "latitudeCrd": "38.84038825",
    "longitudeCrd": "-77.08692946",
    "statePlaneXCrd": "11885388.00562500",
    "statePlaneYCrd": "6992200.23999999",
    "handicapInd": true,
    "timeRestrictionDsc": "MON - SAT 8AM - 8PM",
    "maxHoursCnt": "1.0",
    "meterTypeDsc": "Single",
    "dollarPerHourRate": "1.75",
    "activeStatusInd": true,
    "zoneSpaceCnt": "1.00",
    "metroAreaName": "Shirlington"
  },
  {
    "parkingTransactionKey": 340,
    "transactionSourceCode": "IPS",
    "meterId": "QUH2808S",
    "zoneNbr": "54018",
    "startDtm": "2016-12-31T12:47:00.000Z",
    "endDtm": "2016-12-31T14:16:01.000Z",
    "transactionAmt": "0.25",
    "paymentTypeName": "Coins",
    "transactionStatusCode": null,
    "meterManufacturerName": "IPS",
    "blockNbr": 2800,
    "sourceStreetDisplayName": "S QUINCY ST",
    "sideDirectionName": "West",
    "latitudeCrd": "38.84038825",
    "longitudeCrd": "-77.08692946",
    "statePlaneXCrd": "11885388.00562500",
    "statePlaneYCrd": "6992200.23999999",
    "handicapInd": true,
    "timeRestrictionDsc": "MON - SAT 8AM - 8PM",
    "maxHoursCnt": "1.0",
    "meterTypeDsc": "Single",
    "dollarPerHourRate": "1.75",
    "activeStatusInd": true,
    "zoneSpaceCnt": "1.00",
    "metroAreaName": "Shirlington"
  },
  {
    "parkingTransactionKey": 341,
    "transactionSourceCode": "IPS",
    "meterId": "QUH2808S",
    "zoneNbr": "54018",
    "startDtm": "2016-12-31T12:46:20.000Z",
    "endDtm": "2016-12-31T14:06:01.000Z",
    "transactionAmt": "0.25",
    "paymentTypeName": "Coins",
    "transactionStatusCode": null,
    "meterManufacturerName": "IPS",
    "blockNbr": 2800,
    "sourceStreetDisplayName": "S QUINCY ST",
    "sideDirectionName": "West",
    "latitudeCrd": "38.84038825",
    "longitudeCrd": "-77.08692946",
    "statePlaneXCrd": "11885388.00562500",
    "statePlaneYCrd": "6992200.23999999",
    "handicapInd": true,
    "timeRestrictionDsc": "MON - SAT 8AM - 8PM",
    "maxHoursCnt": "1.0",
    "meterTypeDsc": "Single",
    "dollarPerHourRate": "1.75",
    "activeStatusInd": true,
    "zoneSpaceCnt": "1.00",
    "metroAreaName": "Shirlington"
  },
  {
    "parkingTransactionKey": 352,
    "transactionSourceCode": "IPS",
    "meterId": "191110N",
    "zoneNbr": "54520",
    "startDtm": "2016-12-31T12:35:06.000Z",
    "endDtm": "2016-12-31T13:35:06.000Z",
    "transactionAmt": "1.50",
    "paymentTypeName": "Credit Card",
    "transactionStatusCode": "Approved",
    "meterManufacturerName": "IPS",
    "blockNbr": 1100,
    "sourceStreetDisplayName": "19TH ST N",
    "sideDirectionName": "East",
    "latitudeCrd": "38.89698831",
    "longitudeCrd": "-77.06995752",
    "statePlaneXCrd": "11889901.17875000",
    "statePlaneYCrd": "7012883.49937500",
    "handicapInd": false,
    "timeRestrictionDsc": "MON-SAT 8AM-6PM",
    "maxHoursCnt": "4.0",
    "meterTypeDsc": "Single",
    "dollarPerHourRate": "1.50",
    "activeStatusInd": false,
    "zoneSpaceCnt": "5.00",
    "metroAreaName": "Rosslyn"
  },
  {
    "parkingTransactionKey": 368,
    "transactionSourceCode": "IPS",
    "meterId": "JO1321S",
    "zoneNbr": "54377",
    "startDtm": "2016-12-31T12:12:38.000Z",
    "endDtm": "2016-12-31T14:12:38.000Z",
    "transactionAmt": "3.00",
    "paymentTypeName": "Credit Card",
    "transactionStatusCode": "Approved",
    "meterManufacturerName": "IPS",
    "blockNbr": 1300,
    "sourceStreetDisplayName": "S JOYCE ST",
    "sideDirectionName": "East",
    "latitudeCrd": "38.86304615",
    "longitudeCrd": "-77.06347653",
    "statePlaneXCrd": "11891938.21812500",
    "statePlaneYCrd": "7000554.87062500",
    "handicapInd": false,
    "timeRestrictionDsc": "MON - SAT 8AM - 8PM",
    "maxHoursCnt": "0.5",
    "meterTypeDsc": "Single",
    "dollarPerHourRate": "1.75",
    "activeStatusInd": false,
    "zoneSpaceCnt": "2.00",
    "metroAreaName": "Pentagon City"
  },
  {
    "parkingTransactionKey": 369,
    "transactionSourceCode": "IPS",
    "meterId": "9H4001N",
    "zoneNbr": "54160",
    "startDtm": "2016-12-31T12:06:26.000Z",
    "endDtm": "2016-12-31T12:26:26.000Z",
    "transactionAmt": "0.50",
    "paymentTypeName": "Coins",
    "transactionStatusCode": null,
    "meterManufacturerName": "IPS",
    "blockNbr": 4000,
    "sourceStreetDisplayName": "9th ST N",
    "sideDirectionName": "North",
    "latitudeCrd": "38.88115251",
    "longitudeCrd": "-77.10865893",
    "statePlaneXCrd": "11878962.54187500",
    "statePlaneYCrd": "7006937.30187500",
    "handicapInd": true,
    "timeRestrictionDsc": "MON - SAT 8AM - 8PM",
    "maxHoursCnt": "4.0",
    "meterTypeDsc": "Single",
    "dollarPerHourRate": "1.75",
    "activeStatusInd": true,
    "zoneSpaceCnt": "1.00",
    "metroAreaName": "Ballston"
  },
  {
    "parkingTransactionKey": 372,
    "transactionSourceCode": "IPS",
    "meterId": "CB2504N",
    "zoneNbr": "54439",
    "startDtm": "2016-12-31T12:01:41.000Z",
    "endDtm": "2016-12-31T12:31:41.000Z",
    "transactionAmt": "0.75",
    "paymentTypeName": "Coins",
    "transactionStatusCode": null,
    "meterManufacturerName": "IPS",
    "blockNbr": 2500,
    "sourceStreetDisplayName": "CLARENDON BLVD",
    "sideDirectionName": "South",
    "latitudeCrd": "38.88919241",
    "longitudeCrd": "-77.08933184",
    "statePlaneXCrd": "11884431.39750000",
    "statePlaneYCrd": "7009959.24312501",
    "handicapInd": false,
    "timeRestrictionDsc": "MON - SAT 8AM - 8PM",
    "maxHoursCnt": "2.0",
    "meterTypeDsc": "Single",
    "dollarPerHourRate": "1.75",
    "activeStatusInd": false,
    "zoneSpaceCnt": "3.00",
    "metroAreaName": "Courthouse"
  },
  {
    "parkingTransactionKey": 373,
    "transactionSourceCode": "IPS",
    "meterId": "Ga903N",
    "zoneNbr": "54256",
    "startDtm": "2016-12-31T11:59:36.000Z",
    "endDtm": "2016-12-31T13:59:36.000Z",
    "transactionAmt": "3.00",
    "paymentTypeName": "Credit Card",
    "transactionStatusCode": "Approved",
    "meterManufacturerName": "MacKay",
    "blockNbr": 900,
    "sourceStreetDisplayName": "N GARFIELD ST",
    "sideDirectionName": "West",
    "latitudeCrd": "38.88426154",
    "longitudeCrd": "-77.09361214",
    "statePlaneXCrd": "11883240.81500000",
    "statePlaneYCrd": "7008110.88937500",
    "handicapInd": false,
    "timeRestrictionDsc": "MON-SAT 8AM-6PM",
    "maxHoursCnt": "4.0",
    "meterTypeDsc": "Single",
    "dollarPerHourRate": "1.25",
    "activeStatusInd": false,
    "zoneSpaceCnt": "2.00",
    "metroAreaName": "Clarendon"
  },
  {
    "parkingTransactionKey": 374,
    "transactionSourceCode": "IPS",
    "meterId": "H315N",
    "zoneNbr": "54468",
    "startDtm": "2016-12-31T11:52:14.000Z",
    "endDtm": "2016-12-31T13:52:14.000Z",
    "transactionAmt": "3.00",
    "paymentTypeName": "Credit Card",
    "transactionStatusCode": "Approved",
    "meterManufacturerName": "IPS",
    "blockNbr": 2100,
    "sourceStreetDisplayName": "N COURTHOUSE RD",
    "sideDirectionName": "West",
    "latitudeCrd": "38.89038934",
    "longitudeCrd": "-77.08483818",
    "statePlaneXCrd": "11885702.89312500",
    "statePlaneYCrd": "7010417.62187500",
    "handicapInd": true,
    "timeRestrictionDsc": "MON - FRI 8AM - 8PM",
    "maxHoursCnt": "12.0",
    "meterTypeDsc": "Single",
    "dollarPerHourRate": "1.50",
    "activeStatusInd": true,
    "zoneSpaceCnt": "4.00",
    "metroAreaName": "Courthouse"
  },
  {
    "parkingTransactionKey": 377,
    "transactionSourceCode": "IPS",
    "meterId": "WAH3001N",
    "zoneNbr": "54696",
    "startDtm": "2016-12-31T11:47:55.000Z",
    "endDtm": "2016-12-31T11:57:55.000Z",
    "transactionAmt": "0.25",
    "paymentTypeName": "Coins",
    "transactionStatusCode": null,
    "meterManufacturerName": "IPS",
    "blockNbr": 3000,
    "sourceStreetDisplayName": "WASHINGTON BLVD",
    "sideDirectionName": "North",
    "latitudeCrd": "38.88560543",
    "longitudeCrd": "-77.09436685",
    "statePlaneXCrd": "11883018.41250000",
    "statePlaneYCrd": "7008631.03187500",
    "handicapInd": true,
    "timeRestrictionDsc": "MON-SAT 8AM-6PM",
    "maxHoursCnt": "4.0",
    "meterTypeDsc": "Double",
    "dollarPerHourRate": "1.50",
    "activeStatusInd": false,
    "zoneSpaceCnt": "1.00",
    "metroAreaName": "Clarendon"
  },
  {
    "parkingTransactionKey": 383,
    "transactionSourceCode": "IPS",
    "meterId": "EAH2401S",
    "zoneNbr": "54691",
    "startDtm": "2016-12-31T11:37:46.000Z",
    "endDtm": "2016-12-31T12:21:13.000Z",
    "transactionAmt": "1.00",
    "paymentTypeName": "Credit Card",
    "transactionStatusCode": "Approved",
    "meterManufacturerName": "IPS",
    "blockNbr": 2400,
    "sourceStreetDisplayName": "S EADS ST",
    "sideDirectionName": "East",
    "latitudeCrd": "38.85182385",
    "longitudeCrd": "-77.05345840",
    "statePlaneXCrd": "11894866.16750000",
    "statePlaneYCrd": "6996667.08062500",
    "handicapInd": true,
    "timeRestrictionDsc": "MON - FRI 8AM - 8PM",
    "maxHoursCnt": "12.0",
    "meterTypeDsc": "Single",
    "dollarPerHourRate": "1.50",
    "activeStatusInd": true,
    "zoneSpaceCnt": "1.00",
    "metroAreaName": "Crystal City"
  },
  {
    "parkingTransactionKey": 399,
    "transactionSourceCode": "IPS",
    "meterId": "WIH3101N",
    "zoneNbr": "54307",
    "startDtm": "2016-12-31T11:18:45.000Z",
    "endDtm": "2016-12-31T13:18:45.000Z",
    "transactionAmt": "2.25",
    "paymentTypeName": "Credit Card",
    "transactionStatusCode": "Approved",
    "meterManufacturerName": "IPS",
    "blockNbr": 3100,
    "sourceStreetDisplayName": "WILSON BLVD",
    "sideDirectionName": "North",
    "latitudeCrd": "38.88707055",
    "longitudeCrd": "-77.09563209",
    "statePlaneXCrd": "11882650.13937500",
    "statePlaneYCrd": "7009159.05625001",
    "handicapInd": true,
    "timeRestrictionDsc": "MON-SAT 8AM-6PM",
    "maxHoursCnt": "4.0",
    "meterTypeDsc": "Single",
    "dollarPerHourRate": "1.50",
    "activeStatusInd": false,
    "zoneSpaceCnt": "1.00",
    "metroAreaName": "Clarendon"
  }
]
[2024-10-22 03:16:17,825] {taskinstance.py:1400} INFO - Marking task as SUCCESS. dag_id=parking_pipeline, task_id=extract_user, execution_date=20241022T031410, start_date=20241022T031616, end_date=20241022T031617
[2024-10-22 03:16:17,890] {local_task_job.py:156} INFO - Task exited with return code 0
[2024-10-22 03:16:17,974] {local_task_job.py:273} INFO - 0 downstream tasks scheduled from follow-on schedule check
