[2022-12-27 20:54:31,197] {taskinstance.py:1159} INFO - Dependencies all met for <TaskInstance: parking_pipeline.transform_data scheduled__2022-12-27T20:52:26.903848+00:00 [queued]>
[2022-12-27 20:54:31,204] {taskinstance.py:1159} INFO - Dependencies all met for <TaskInstance: parking_pipeline.transform_data scheduled__2022-12-27T20:52:26.903848+00:00 [queued]>
[2022-12-27 20:54:31,205] {taskinstance.py:1356} INFO - 
--------------------------------------------------------------------------------
[2022-12-27 20:54:31,205] {taskinstance.py:1357} INFO - Starting attempt 1 of 2
[2022-12-27 20:54:31,206] {taskinstance.py:1358} INFO - 
--------------------------------------------------------------------------------
[2022-12-27 20:54:31,216] {taskinstance.py:1377} INFO - Executing <Task(PythonOperator): transform_data> on 2022-12-27 20:52:26.903848+00:00
[2022-12-27 20:54:31,221] {standard_task_runner.py:52} INFO - Started process 7895 to run task
[2022-12-27 20:54:31,225] {standard_task_runner.py:79} INFO - Running: ['***', 'tasks', 'run', 'parking_pipeline', 'transform_data', 'scheduled__2022-12-27T20:52:26.903848+00:00', '--job-id', '325', '--raw', '--subdir', 'DAGS_FOLDER/parking_dag.py', '--cfg-path', '/tmp/tmpfwkjzu0n', '--error-file', '/tmp/tmpbqartxle']
[2022-12-27 20:54:31,226] {standard_task_runner.py:80} INFO - Job 325: Subtask transform_data
[2022-12-27 20:54:31,282] {task_command.py:369} INFO - Running <TaskInstance: parking_pipeline.transform_data scheduled__2022-12-27T20:52:26.903848+00:00 [running]> on host 8fbeee8d3d5a
[2022-12-27 20:54:31,346] {taskinstance.py:1571} INFO - Exporting the following env vars:
AIRFLOW_CTX_DAG_OWNER=Airflow
AIRFLOW_CTX_DAG_ID=parking_pipeline
AIRFLOW_CTX_TASK_ID=transform_data
AIRFLOW_CTX_EXECUTION_DATE=2022-12-27T20:52:26.903848+00:00
AIRFLOW_CTX_TRY_NUMBER=1
AIRFLOW_CTX_DAG_RUN_ID=scheduled__2022-12-27T20:52:26.903848+00:00
[2022-12-27 20:54:31,413] {logging_mixin.py:115} INFO -                                                   0   ...                                                 49
0  {'parkingTransactionKey': 3, 'transactionSourc...  ...  {'parkingTransactionKey': 425, 'transactionSou...

[1 rows x 50 columns]
[2022-12-27 20:54:31,416] {python.py:173} INFO - Done. Returned value was: None
[2022-12-27 20:54:31,430] {taskinstance.py:1400} INFO - Marking task as SUCCESS. dag_id=parking_pipeline, task_id=transform_data, execution_date=20221227T205226, start_date=20221227T205431, end_date=20221227T205431
[2022-12-27 20:54:31,476] {local_task_job.py:156} INFO - Task exited with return code 0
[2022-12-27 20:54:31,508] {local_task_job.py:273} INFO - 0 downstream tasks scheduled from follow-on schedule check
