[2022-12-28 00:00:20,650] {processor.py:153} INFO - Started process (PID=14807) to work on /opt/airflow/dags/parking_dag.py
[2022-12-28 00:00:20,651] {processor.py:641} INFO - Processing file /opt/airflow/dags/parking_dag.py for tasks to queue
[2022-12-28 00:00:20,652] {logging_mixin.py:115} INFO - [2022-12-28 00:00:20,652] {dagbag.py:507} INFO - Filling up the DagBag from /opt/airflow/dags/parking_dag.py
[2022-12-28 00:00:21,010] {processor.py:651} INFO - DAG(s) dict_keys(['parking_pipeline']) retrieved from /opt/airflow/dags/parking_dag.py
[2022-12-28 00:00:21,044] {logging_mixin.py:115} INFO - [2022-12-28 00:00:21,044] {dag.py:2371} INFO - Sync 1 DAGs
[2022-12-28 00:00:21,063] {logging_mixin.py:115} INFO - [2022-12-28 00:00:21,063] {dag.py:2919} INFO - Setting next_dagrun for parking_pipeline to 2022-12-27T23:58:21.063295+00:00, run_after=2022-12-28T00:00:21.063295+00:00
[2022-12-28 00:00:21,071] {processor.py:161} INFO - Processing /opt/airflow/dags/parking_dag.py took 0.425 seconds
[2022-12-28 00:02:03,290] {processor.py:153} INFO - Started process (PID=14836) to work on /opt/airflow/dags/parking_dag.py
[2022-12-28 00:02:03,292] {processor.py:641} INFO - Processing file /opt/airflow/dags/parking_dag.py for tasks to queue
[2022-12-28 00:02:03,293] {logging_mixin.py:115} INFO - [2022-12-28 00:02:03,293] {dagbag.py:507} INFO - Filling up the DagBag from /opt/airflow/dags/parking_dag.py
[2022-12-28 00:02:03,630] {processor.py:651} INFO - DAG(s) dict_keys(['parking_pipeline']) retrieved from /opt/airflow/dags/parking_dag.py
[2022-12-28 00:02:03,665] {logging_mixin.py:115} INFO - [2022-12-28 00:02:03,665] {dag.py:2371} INFO - Sync 1 DAGs
[2022-12-28 00:02:03,681] {logging_mixin.py:115} INFO - [2022-12-28 00:02:03,681] {dag.py:2919} INFO - Setting next_dagrun for parking_pipeline to 2022-12-28T00:00:03.680823+00:00, run_after=2022-12-28T00:02:03.680823+00:00
[2022-12-28 00:02:03,690] {processor.py:161} INFO - Processing /opt/airflow/dags/parking_dag.py took 0.403 seconds
[2022-12-28 00:02:33,913] {processor.py:153} INFO - Started process (PID=14864) to work on /opt/airflow/dags/parking_dag.py
[2022-12-28 00:02:33,914] {processor.py:641} INFO - Processing file /opt/airflow/dags/parking_dag.py for tasks to queue
[2022-12-28 00:02:33,916] {logging_mixin.py:115} INFO - [2022-12-28 00:02:33,916] {dagbag.py:507} INFO - Filling up the DagBag from /opt/airflow/dags/parking_dag.py
[2022-12-28 00:02:34,261] {processor.py:651} INFO - DAG(s) dict_keys(['parking_pipeline']) retrieved from /opt/airflow/dags/parking_dag.py
[2022-12-28 00:02:34,292] {logging_mixin.py:115} INFO - [2022-12-28 00:02:34,291] {dag.py:2371} INFO - Sync 1 DAGs
[2022-12-28 00:02:34,307] {logging_mixin.py:115} INFO - [2022-12-28 00:02:34,307] {dag.py:2919} INFO - Setting next_dagrun for parking_pipeline to 2022-12-28T00:00:34.306960+00:00, run_after=2022-12-28T00:02:34.306960+00:00
[2022-12-28 00:02:34,314] {processor.py:161} INFO - Processing /opt/airflow/dags/parking_dag.py took 0.409 seconds
[2022-12-28 20:03:36,654] {processor.py:153} INFO - Started process (PID=32) to work on /opt/airflow/dags/parking_dag.py
[2022-12-28 20:03:36,658] {processor.py:641} INFO - Processing file /opt/airflow/dags/parking_dag.py for tasks to queue
[2022-12-28 20:03:36,664] {logging_mixin.py:115} INFO - [2022-12-28 20:03:36,664] {dagbag.py:507} INFO - Filling up the DagBag from /opt/airflow/dags/parking_dag.py
[2022-12-28 20:03:38,710] {processor.py:651} INFO - DAG(s) dict_keys(['parking_pipeline']) retrieved from /opt/airflow/dags/parking_dag.py
[2022-12-28 20:03:38,789] {logging_mixin.py:115} INFO - [2022-12-28 20:03:38,789] {manager.py:508} INFO - Created Permission View: can delete on DAG:parking_pipeline
[2022-12-28 20:03:38,796] {logging_mixin.py:115} INFO - [2022-12-28 20:03:38,796] {manager.py:508} INFO - Created Permission View: can read on DAG:parking_pipeline
[2022-12-28 20:03:38,801] {logging_mixin.py:115} INFO - [2022-12-28 20:03:38,801] {manager.py:508} INFO - Created Permission View: can edit on DAG:parking_pipeline
[2022-12-28 20:03:38,802] {logging_mixin.py:115} INFO - [2022-12-28 20:03:38,802] {dag.py:2371} INFO - Sync 1 DAGs
[2022-12-28 20:03:38,809] {logging_mixin.py:115} INFO - [2022-12-28 20:03:38,809] {dag.py:2390} INFO - Creating ORM DAG for parking_pipeline
[2022-12-28 20:03:38,818] {logging_mixin.py:115} INFO - [2022-12-28 20:03:38,818] {dag.py:2919} INFO - Setting next_dagrun for parking_pipeline to 2022-12-28T20:01:38.818029+00:00, run_after=2022-12-28T20:03:38.818029+00:00
[2022-12-28 20:03:38,835] {processor.py:161} INFO - Processing /opt/airflow/dags/parking_dag.py took 2.186 seconds
[2022-12-28 20:04:09,051] {processor.py:153} INFO - Started process (PID=61) to work on /opt/airflow/dags/parking_dag.py
[2022-12-28 20:04:09,053] {processor.py:641} INFO - Processing file /opt/airflow/dags/parking_dag.py for tasks to queue
[2022-12-28 20:04:09,054] {logging_mixin.py:115} INFO - [2022-12-28 20:04:09,054] {dagbag.py:507} INFO - Filling up the DagBag from /opt/airflow/dags/parking_dag.py
[2022-12-28 20:04:09,567] {processor.py:651} INFO - DAG(s) dict_keys(['parking_pipeline']) retrieved from /opt/airflow/dags/parking_dag.py
[2022-12-28 20:04:09,603] {logging_mixin.py:115} INFO - [2022-12-28 20:04:09,603] {dag.py:2371} INFO - Sync 1 DAGs
[2022-12-28 20:04:09,618] {logging_mixin.py:115} INFO - [2022-12-28 20:04:09,618] {dag.py:2919} INFO - Setting next_dagrun for parking_pipeline to 2022-12-28T20:02:09.618239+00:00, run_after=2022-12-28T20:04:09.618239+00:00
[2022-12-28 20:04:09,626] {processor.py:161} INFO - Processing /opt/airflow/dags/parking_dag.py took 0.582 seconds
[2022-12-28 20:04:40,018] {processor.py:153} INFO - Started process (PID=91) to work on /opt/airflow/dags/parking_dag.py
[2022-12-28 20:04:40,022] {processor.py:641} INFO - Processing file /opt/airflow/dags/parking_dag.py for tasks to queue
[2022-12-28 20:04:40,023] {logging_mixin.py:115} INFO - [2022-12-28 20:04:40,023] {dagbag.py:507} INFO - Filling up the DagBag from /opt/airflow/dags/parking_dag.py
[2022-12-28 20:04:40,427] {processor.py:651} INFO - DAG(s) dict_keys(['parking_pipeline']) retrieved from /opt/airflow/dags/parking_dag.py
[2022-12-28 20:04:40,458] {logging_mixin.py:115} INFO - [2022-12-28 20:04:40,458] {dag.py:2371} INFO - Sync 1 DAGs
[2022-12-28 20:04:40,473] {logging_mixin.py:115} INFO - [2022-12-28 20:04:40,473] {dag.py:2919} INFO - Setting next_dagrun for parking_pipeline to 2022-12-28T20:04:09.618239+00:00, run_after=2022-12-28T20:06:09.618239+00:00
[2022-12-28 20:04:40,480] {processor.py:161} INFO - Processing /opt/airflow/dags/parking_dag.py took 0.471 seconds
[2022-12-28 20:05:10,666] {processor.py:153} INFO - Started process (PID=120) to work on /opt/airflow/dags/parking_dag.py
[2022-12-28 20:05:10,669] {processor.py:641} INFO - Processing file /opt/airflow/dags/parking_dag.py for tasks to queue
[2022-12-28 20:05:10,671] {logging_mixin.py:115} INFO - [2022-12-28 20:05:10,671] {dagbag.py:507} INFO - Filling up the DagBag from /opt/airflow/dags/parking_dag.py
[2022-12-28 20:05:11,074] {processor.py:651} INFO - DAG(s) dict_keys(['parking_pipeline']) retrieved from /opt/airflow/dags/parking_dag.py
[2022-12-28 20:05:11,104] {logging_mixin.py:115} INFO - [2022-12-28 20:05:11,104] {dag.py:2371} INFO - Sync 1 DAGs
[2022-12-28 20:05:11,118] {logging_mixin.py:115} INFO - [2022-12-28 20:05:11,118] {dag.py:2919} INFO - Setting next_dagrun for parking_pipeline to 2022-12-28T20:04:09.618239+00:00, run_after=2022-12-28T20:06:09.618239+00:00
[2022-12-28 20:05:11,126] {processor.py:161} INFO - Processing /opt/airflow/dags/parking_dag.py took 0.469 seconds
[2022-12-28 20:05:41,348] {processor.py:153} INFO - Started process (PID=149) to work on /opt/airflow/dags/parking_dag.py
[2022-12-28 20:05:41,351] {processor.py:641} INFO - Processing file /opt/airflow/dags/parking_dag.py for tasks to queue
[2022-12-28 20:05:41,353] {logging_mixin.py:115} INFO - [2022-12-28 20:05:41,353] {dagbag.py:507} INFO - Filling up the DagBag from /opt/airflow/dags/parking_dag.py
[2022-12-28 20:05:41,696] {processor.py:651} INFO - DAG(s) dict_keys(['parking_pipeline']) retrieved from /opt/airflow/dags/parking_dag.py
[2022-12-28 20:05:41,724] {logging_mixin.py:115} INFO - [2022-12-28 20:05:41,724] {dag.py:2371} INFO - Sync 1 DAGs
[2022-12-28 20:05:41,738] {logging_mixin.py:115} INFO - [2022-12-28 20:05:41,737] {dag.py:2919} INFO - Setting next_dagrun for parking_pipeline to 2022-12-28T20:04:09.618239+00:00, run_after=2022-12-28T20:06:09.618239+00:00
[2022-12-28 20:05:41,745] {processor.py:161} INFO - Processing /opt/airflow/dags/parking_dag.py took 0.405 seconds
[2022-12-28 20:06:11,952] {processor.py:153} INFO - Started process (PID=168) to work on /opt/airflow/dags/parking_dag.py
[2022-12-28 20:06:11,956] {processor.py:641} INFO - Processing file /opt/airflow/dags/parking_dag.py for tasks to queue
[2022-12-28 20:06:11,957] {logging_mixin.py:115} INFO - [2022-12-28 20:06:11,957] {dagbag.py:507} INFO - Filling up the DagBag from /opt/airflow/dags/parking_dag.py
[2022-12-28 20:06:12,337] {processor.py:651} INFO - DAG(s) dict_keys(['parking_pipeline']) retrieved from /opt/airflow/dags/parking_dag.py
[2022-12-28 20:06:12,381] {logging_mixin.py:115} INFO - [2022-12-28 20:06:12,381] {dag.py:2371} INFO - Sync 1 DAGs
[2022-12-28 20:06:12,397] {logging_mixin.py:115} INFO - [2022-12-28 20:06:12,397] {dag.py:2919} INFO - Setting next_dagrun for parking_pipeline to 2022-12-28T20:04:12.397448+00:00, run_after=2022-12-28T20:06:12.397448+00:00
[2022-12-28 20:06:12,405] {processor.py:161} INFO - Processing /opt/airflow/dags/parking_dag.py took 0.462 seconds
[2022-12-28 20:06:42,620] {processor.py:153} INFO - Started process (PID=196) to work on /opt/airflow/dags/parking_dag.py
[2022-12-28 20:06:42,624] {processor.py:641} INFO - Processing file /opt/airflow/dags/parking_dag.py for tasks to queue
[2022-12-28 20:06:42,625] {logging_mixin.py:115} INFO - [2022-12-28 20:06:42,625] {dagbag.py:507} INFO - Filling up the DagBag from /opt/airflow/dags/parking_dag.py
[2022-12-28 20:06:42,980] {processor.py:651} INFO - DAG(s) dict_keys(['parking_pipeline']) retrieved from /opt/airflow/dags/parking_dag.py
[2022-12-28 20:06:43,011] {logging_mixin.py:115} INFO - [2022-12-28 20:06:43,011] {dag.py:2371} INFO - Sync 1 DAGs
[2022-12-28 20:06:43,025] {logging_mixin.py:115} INFO - [2022-12-28 20:06:43,025] {dag.py:2919} INFO - Setting next_dagrun for parking_pipeline to 2022-12-28T20:04:43.025433+00:00, run_after=2022-12-28T20:06:43.025433+00:00
[2022-12-28 20:06:43,033] {processor.py:161} INFO - Processing /opt/airflow/dags/parking_dag.py took 0.420 seconds
[2022-12-28 20:07:13,269] {processor.py:153} INFO - Started process (PID=224) to work on /opt/airflow/dags/parking_dag.py
[2022-12-28 20:07:13,271] {processor.py:641} INFO - Processing file /opt/airflow/dags/parking_dag.py for tasks to queue
[2022-12-28 20:07:13,273] {logging_mixin.py:115} INFO - [2022-12-28 20:07:13,272] {dagbag.py:507} INFO - Filling up the DagBag from /opt/airflow/dags/parking_dag.py
[2022-12-28 20:07:13,686] {processor.py:651} INFO - DAG(s) dict_keys(['parking_pipeline']) retrieved from /opt/airflow/dags/parking_dag.py
[2022-12-28 20:07:13,718] {logging_mixin.py:115} INFO - [2022-12-28 20:07:13,718] {dag.py:2371} INFO - Sync 1 DAGs
[2022-12-28 20:07:13,733] {logging_mixin.py:115} INFO - [2022-12-28 20:07:13,733] {dag.py:2919} INFO - Setting next_dagrun for parking_pipeline to 2022-12-28T20:05:13.732963+00:00, run_after=2022-12-28T20:07:13.732963+00:00
[2022-12-28 20:07:13,741] {processor.py:161} INFO - Processing /opt/airflow/dags/parking_dag.py took 0.478 seconds
[2022-12-28 20:07:43,919] {processor.py:153} INFO - Started process (PID=252) to work on /opt/airflow/dags/parking_dag.py
[2022-12-28 20:07:43,923] {processor.py:641} INFO - Processing file /opt/airflow/dags/parking_dag.py for tasks to queue
[2022-12-28 20:07:43,925] {logging_mixin.py:115} INFO - [2022-12-28 20:07:43,925] {dagbag.py:507} INFO - Filling up the DagBag from /opt/airflow/dags/parking_dag.py
[2022-12-28 20:07:44,199] {processor.py:651} INFO - DAG(s) dict_keys(['parking_pipeline']) retrieved from /opt/airflow/dags/parking_dag.py
[2022-12-28 20:07:44,226] {logging_mixin.py:115} INFO - [2022-12-28 20:07:44,226] {dag.py:2371} INFO - Sync 1 DAGs
[2022-12-28 20:07:44,240] {logging_mixin.py:115} INFO - [2022-12-28 20:07:44,240] {dag.py:2919} INFO - Setting next_dagrun for parking_pipeline to 2022-12-28T20:05:44.239935+00:00, run_after=2022-12-28T20:07:44.239935+00:00
[2022-12-28 20:07:44,248] {processor.py:161} INFO - Processing /opt/airflow/dags/parking_dag.py took 0.334 seconds
[2022-12-28 20:08:14,480] {processor.py:153} INFO - Started process (PID=279) to work on /opt/airflow/dags/parking_dag.py
[2022-12-28 20:08:14,482] {processor.py:641} INFO - Processing file /opt/airflow/dags/parking_dag.py for tasks to queue
[2022-12-28 20:08:14,484] {logging_mixin.py:115} INFO - [2022-12-28 20:08:14,484] {dagbag.py:507} INFO - Filling up the DagBag from /opt/airflow/dags/parking_dag.py
[2022-12-28 20:08:14,950] {processor.py:651} INFO - DAG(s) dict_keys(['parking_pipeline']) retrieved from /opt/airflow/dags/parking_dag.py
[2022-12-28 20:08:14,982] {logging_mixin.py:115} INFO - [2022-12-28 20:08:14,982] {dag.py:2371} INFO - Sync 1 DAGs
[2022-12-28 20:08:14,999] {logging_mixin.py:115} INFO - [2022-12-28 20:08:14,999] {dag.py:2919} INFO - Setting next_dagrun for parking_pipeline to 2022-12-28T20:06:14.999009+00:00, run_after=2022-12-28T20:08:14.999009+00:00
[2022-12-28 20:08:15,010] {processor.py:161} INFO - Processing /opt/airflow/dags/parking_dag.py took 0.537 seconds
[2022-12-28 20:08:45,323] {processor.py:153} INFO - Started process (PID=299) to work on /opt/airflow/dags/parking_dag.py
[2022-12-28 20:08:45,324] {processor.py:641} INFO - Processing file /opt/airflow/dags/parking_dag.py for tasks to queue
[2022-12-28 20:08:45,325] {logging_mixin.py:115} INFO - [2022-12-28 20:08:45,325] {dagbag.py:507} INFO - Filling up the DagBag from /opt/airflow/dags/parking_dag.py
[2022-12-28 20:08:45,730] {processor.py:651} INFO - DAG(s) dict_keys(['parking_pipeline']) retrieved from /opt/airflow/dags/parking_dag.py
[2022-12-28 20:08:45,762] {logging_mixin.py:115} INFO - [2022-12-28 20:08:45,762] {dag.py:2371} INFO - Sync 1 DAGs
[2022-12-28 20:08:45,777] {logging_mixin.py:115} INFO - [2022-12-28 20:08:45,777] {dag.py:2919} INFO - Setting next_dagrun for parking_pipeline to 2022-12-28T20:06:45.777663+00:00, run_after=2022-12-28T20:08:45.777663+00:00
[2022-12-28 20:08:45,786] {processor.py:161} INFO - Processing /opt/airflow/dags/parking_dag.py took 0.468 seconds
[2022-12-28 20:09:16,033] {processor.py:153} INFO - Started process (PID=328) to work on /opt/airflow/dags/parking_dag.py
[2022-12-28 20:09:16,039] {processor.py:641} INFO - Processing file /opt/airflow/dags/parking_dag.py for tasks to queue
[2022-12-28 20:09:16,044] {logging_mixin.py:115} INFO - [2022-12-28 20:09:16,044] {dagbag.py:507} INFO - Filling up the DagBag from /opt/airflow/dags/parking_dag.py
[2022-12-28 20:09:16,419] {processor.py:651} INFO - DAG(s) dict_keys(['parking_pipeline']) retrieved from /opt/airflow/dags/parking_dag.py
[2022-12-28 20:09:16,454] {logging_mixin.py:115} INFO - [2022-12-28 20:09:16,454] {dag.py:2371} INFO - Sync 1 DAGs
[2022-12-28 20:09:16,472] {logging_mixin.py:115} INFO - [2022-12-28 20:09:16,472] {dag.py:2919} INFO - Setting next_dagrun for parking_pipeline to 2022-12-28T20:07:16.472073+00:00, run_after=2022-12-28T20:09:16.472073+00:00
[2022-12-28 20:09:16,484] {processor.py:161} INFO - Processing /opt/airflow/dags/parking_dag.py took 0.463 seconds
[2022-12-28 20:09:46,768] {processor.py:153} INFO - Started process (PID=356) to work on /opt/airflow/dags/parking_dag.py
[2022-12-28 20:09:46,771] {processor.py:641} INFO - Processing file /opt/airflow/dags/parking_dag.py for tasks to queue
[2022-12-28 20:09:46,772] {logging_mixin.py:115} INFO - [2022-12-28 20:09:46,772] {dagbag.py:507} INFO - Filling up the DagBag from /opt/airflow/dags/parking_dag.py
[2022-12-28 20:09:47,154] {processor.py:651} INFO - DAG(s) dict_keys(['parking_pipeline']) retrieved from /opt/airflow/dags/parking_dag.py
[2022-12-28 20:09:47,187] {logging_mixin.py:115} INFO - [2022-12-28 20:09:47,186] {dag.py:2371} INFO - Sync 1 DAGs
[2022-12-28 20:09:47,200] {logging_mixin.py:115} INFO - [2022-12-28 20:09:47,200] {dag.py:2919} INFO - Setting next_dagrun for parking_pipeline to 2022-12-28T20:07:47.200480+00:00, run_after=2022-12-28T20:09:47.200480+00:00
[2022-12-28 20:09:47,208] {processor.py:161} INFO - Processing /opt/airflow/dags/parking_dag.py took 0.448 seconds
[2022-12-28 20:10:17,428] {processor.py:153} INFO - Started process (PID=385) to work on /opt/airflow/dags/parking_dag.py
[2022-12-28 20:10:17,431] {processor.py:641} INFO - Processing file /opt/airflow/dags/parking_dag.py for tasks to queue
[2022-12-28 20:10:17,433] {logging_mixin.py:115} INFO - [2022-12-28 20:10:17,433] {dagbag.py:507} INFO - Filling up the DagBag from /opt/airflow/dags/parking_dag.py
[2022-12-28 20:10:17,883] {processor.py:651} INFO - DAG(s) dict_keys(['parking_pipeline']) retrieved from /opt/airflow/dags/parking_dag.py
[2022-12-28 20:10:17,912] {logging_mixin.py:115} INFO - [2022-12-28 20:10:17,912] {dag.py:2371} INFO - Sync 1 DAGs
[2022-12-28 20:10:17,925] {logging_mixin.py:115} INFO - [2022-12-28 20:10:17,925] {dag.py:2919} INFO - Setting next_dagrun for parking_pipeline to 2022-12-28T20:08:17.925287+00:00, run_after=2022-12-28T20:10:17.925287+00:00
[2022-12-28 20:10:17,933] {processor.py:161} INFO - Processing /opt/airflow/dags/parking_dag.py took 0.513 seconds
[2022-12-28 20:10:48,138] {processor.py:153} INFO - Started process (PID=404) to work on /opt/airflow/dags/parking_dag.py
[2022-12-28 20:10:48,139] {processor.py:641} INFO - Processing file /opt/airflow/dags/parking_dag.py for tasks to queue
[2022-12-28 20:10:48,140] {logging_mixin.py:115} INFO - [2022-12-28 20:10:48,140] {dagbag.py:507} INFO - Filling up the DagBag from /opt/airflow/dags/parking_dag.py
[2022-12-28 20:10:48,581] {processor.py:651} INFO - DAG(s) dict_keys(['parking_pipeline']) retrieved from /opt/airflow/dags/parking_dag.py
[2022-12-28 20:10:48,615] {logging_mixin.py:115} INFO - [2022-12-28 20:10:48,615] {dag.py:2371} INFO - Sync 1 DAGs
[2022-12-28 20:10:48,630] {logging_mixin.py:115} INFO - [2022-12-28 20:10:48,630] {dag.py:2919} INFO - Setting next_dagrun for parking_pipeline to 2022-12-28T20:08:48.630671+00:00, run_after=2022-12-28T20:10:48.630671+00:00
[2022-12-28 20:10:48,639] {processor.py:161} INFO - Processing /opt/airflow/dags/parking_dag.py took 0.506 seconds
[2022-12-28 20:11:18,835] {processor.py:153} INFO - Started process (PID=434) to work on /opt/airflow/dags/parking_dag.py
[2022-12-28 20:11:18,838] {processor.py:641} INFO - Processing file /opt/airflow/dags/parking_dag.py for tasks to queue
[2022-12-28 20:11:18,839] {logging_mixin.py:115} INFO - [2022-12-28 20:11:18,839] {dagbag.py:507} INFO - Filling up the DagBag from /opt/airflow/dags/parking_dag.py
[2022-12-28 20:11:19,092] {processor.py:651} INFO - DAG(s) dict_keys(['parking_pipeline']) retrieved from /opt/airflow/dags/parking_dag.py
[2022-12-28 20:11:19,117] {logging_mixin.py:115} INFO - [2022-12-28 20:11:19,116] {dag.py:2371} INFO - Sync 1 DAGs
[2022-12-28 20:11:19,129] {logging_mixin.py:115} INFO - [2022-12-28 20:11:19,129] {dag.py:2919} INFO - Setting next_dagrun for parking_pipeline to 2022-12-28T20:09:19.129161+00:00, run_after=2022-12-28T20:11:19.129161+00:00
[2022-12-28 20:11:19,136] {processor.py:161} INFO - Processing /opt/airflow/dags/parking_dag.py took 0.309 seconds
[2022-12-28 20:11:49,557] {processor.py:153} INFO - Started process (PID=471) to work on /opt/airflow/dags/parking_dag.py
[2022-12-28 20:11:49,559] {processor.py:641} INFO - Processing file /opt/airflow/dags/parking_dag.py for tasks to queue
[2022-12-28 20:11:49,560] {logging_mixin.py:115} INFO - [2022-12-28 20:11:49,560] {dagbag.py:507} INFO - Filling up the DagBag from /opt/airflow/dags/parking_dag.py
[2022-12-28 20:11:49,916] {processor.py:651} INFO - DAG(s) dict_keys(['parking_pipeline']) retrieved from /opt/airflow/dags/parking_dag.py
[2022-12-28 20:11:49,943] {logging_mixin.py:115} INFO - [2022-12-28 20:11:49,943] {dag.py:2371} INFO - Sync 1 DAGs
[2022-12-28 20:11:49,959] {logging_mixin.py:115} INFO - [2022-12-28 20:11:49,959] {dag.py:2919} INFO - Setting next_dagrun for parking_pipeline to 2022-12-28T20:11:19.129161+00:00, run_after=2022-12-28T20:13:19.129161+00:00
[2022-12-28 20:11:49,967] {processor.py:161} INFO - Processing /opt/airflow/dags/parking_dag.py took 0.415 seconds
[2022-12-28 20:12:20,188] {processor.py:153} INFO - Started process (PID=501) to work on /opt/airflow/dags/parking_dag.py
[2022-12-28 20:12:20,193] {processor.py:641} INFO - Processing file /opt/airflow/dags/parking_dag.py for tasks to queue
[2022-12-28 20:12:20,194] {logging_mixin.py:115} INFO - [2022-12-28 20:12:20,194] {dagbag.py:507} INFO - Filling up the DagBag from /opt/airflow/dags/parking_dag.py
[2022-12-28 20:12:20,551] {processor.py:651} INFO - DAG(s) dict_keys(['parking_pipeline']) retrieved from /opt/airflow/dags/parking_dag.py
[2022-12-28 20:12:20,578] {logging_mixin.py:115} INFO - [2022-12-28 20:12:20,578] {dag.py:2371} INFO - Sync 1 DAGs
[2022-12-28 20:12:20,591] {logging_mixin.py:115} INFO - [2022-12-28 20:12:20,591] {dag.py:2919} INFO - Setting next_dagrun for parking_pipeline to 2022-12-28T20:11:19.129161+00:00, run_after=2022-12-28T20:13:19.129161+00:00
[2022-12-28 20:12:20,599] {processor.py:161} INFO - Processing /opt/airflow/dags/parking_dag.py took 0.421 seconds
[2022-12-28 20:12:31,245] {processor.py:153} INFO - Started process (PID=512) to work on /opt/airflow/dags/parking_dag.py
[2022-12-28 20:12:31,247] {processor.py:641} INFO - Processing file /opt/airflow/dags/parking_dag.py for tasks to queue
[2022-12-28 20:12:31,249] {logging_mixin.py:115} INFO - [2022-12-28 20:12:31,249] {dagbag.py:507} INFO - Filling up the DagBag from /opt/airflow/dags/parking_dag.py
[2022-12-28 20:12:31,539] {processor.py:651} INFO - DAG(s) dict_keys(['parking_pipeline']) retrieved from /opt/airflow/dags/parking_dag.py
[2022-12-28 20:12:31,593] {logging_mixin.py:115} INFO - [2022-12-28 20:12:31,592] {dag.py:2371} INFO - Sync 1 DAGs
[2022-12-28 20:12:31,606] {logging_mixin.py:115} INFO - [2022-12-28 20:12:31,606] {dag.py:2919} INFO - Setting next_dagrun for parking_pipeline to 2022-12-28T20:11:19.129161+00:00, run_after=2022-12-28T20:13:19.129161+00:00
[2022-12-28 20:12:31,617] {processor.py:161} INFO - Processing /opt/airflow/dags/parking_dag.py took 0.378 seconds
[2022-12-28 20:13:01,809] {processor.py:153} INFO - Started process (PID=532) to work on /opt/airflow/dags/parking_dag.py
[2022-12-28 20:13:01,811] {processor.py:641} INFO - Processing file /opt/airflow/dags/parking_dag.py for tasks to queue
[2022-12-28 20:13:01,813] {logging_mixin.py:115} INFO - [2022-12-28 20:13:01,813] {dagbag.py:507} INFO - Filling up the DagBag from /opt/airflow/dags/parking_dag.py
[2022-12-28 20:13:02,230] {processor.py:651} INFO - DAG(s) dict_keys(['parking_pipeline']) retrieved from /opt/airflow/dags/parking_dag.py
[2022-12-28 20:13:02,271] {logging_mixin.py:115} INFO - [2022-12-28 20:13:02,270] {dag.py:2371} INFO - Sync 1 DAGs
[2022-12-28 20:13:02,303] {logging_mixin.py:115} INFO - [2022-12-28 20:13:02,303] {dag.py:2919} INFO - Setting next_dagrun for parking_pipeline to 2022-12-28T20:11:19.129161+00:00, run_after=2022-12-28T20:13:19.129161+00:00
[2022-12-28 20:13:02,314] {processor.py:161} INFO - Processing /opt/airflow/dags/parking_dag.py took 0.514 seconds
[2022-12-28 20:13:14,424] {processor.py:153} INFO - Started process (PID=552) to work on /opt/airflow/dags/parking_dag.py
[2022-12-28 20:13:14,427] {processor.py:641} INFO - Processing file /opt/airflow/dags/parking_dag.py for tasks to queue
[2022-12-28 20:13:14,429] {logging_mixin.py:115} INFO - [2022-12-28 20:13:14,429] {dagbag.py:507} INFO - Filling up the DagBag from /opt/airflow/dags/parking_dag.py
[2022-12-28 20:13:14,821] {processor.py:651} INFO - DAG(s) dict_keys(['parking_pipeline']) retrieved from /opt/airflow/dags/parking_dag.py
[2022-12-28 20:13:14,878] {logging_mixin.py:115} INFO - [2022-12-28 20:13:14,878] {dag.py:2371} INFO - Sync 1 DAGs
[2022-12-28 20:13:14,894] {logging_mixin.py:115} INFO - [2022-12-28 20:13:14,894] {dag.py:2919} INFO - Setting next_dagrun for parking_pipeline to 2022-12-28T20:11:19.129161+00:00, run_after=2022-12-28T20:13:19.129161+00:00
[2022-12-28 20:13:14,907] {processor.py:161} INFO - Processing /opt/airflow/dags/parking_dag.py took 0.487 seconds
[2022-12-28 20:13:45,134] {processor.py:153} INFO - Started process (PID=588) to work on /opt/airflow/dags/parking_dag.py
[2022-12-28 20:13:45,135] {processor.py:641} INFO - Processing file /opt/airflow/dags/parking_dag.py for tasks to queue
[2022-12-28 20:13:45,137] {logging_mixin.py:115} INFO - [2022-12-28 20:13:45,137] {dagbag.py:507} INFO - Filling up the DagBag from /opt/airflow/dags/parking_dag.py
[2022-12-28 20:13:45,797] {processor.py:651} INFO - DAG(s) dict_keys(['parking_pipeline']) retrieved from /opt/airflow/dags/parking_dag.py
[2022-12-28 20:13:45,839] {logging_mixin.py:115} INFO - [2022-12-28 20:13:45,839] {dag.py:2371} INFO - Sync 1 DAGs
[2022-12-28 20:13:45,855] {logging_mixin.py:115} INFO - [2022-12-28 20:13:45,855] {dag.py:2919} INFO - Setting next_dagrun for parking_pipeline to 2022-12-28T20:13:19.129161+00:00, run_after=2022-12-28T20:15:19.129161+00:00
[2022-12-28 20:13:45,864] {processor.py:161} INFO - Processing /opt/airflow/dags/parking_dag.py took 0.736 seconds
[2022-12-28 20:14:16,078] {processor.py:153} INFO - Started process (PID=616) to work on /opt/airflow/dags/parking_dag.py
[2022-12-28 20:14:16,079] {processor.py:641} INFO - Processing file /opt/airflow/dags/parking_dag.py for tasks to queue
[2022-12-28 20:14:16,080] {logging_mixin.py:115} INFO - [2022-12-28 20:14:16,080] {dagbag.py:507} INFO - Filling up the DagBag from /opt/airflow/dags/parking_dag.py
[2022-12-28 20:14:16,525] {processor.py:651} INFO - DAG(s) dict_keys(['parking_pipeline']) retrieved from /opt/airflow/dags/parking_dag.py
[2022-12-28 20:14:16,554] {logging_mixin.py:115} INFO - [2022-12-28 20:14:16,553] {dag.py:2371} INFO - Sync 1 DAGs
[2022-12-28 20:14:16,567] {logging_mixin.py:115} INFO - [2022-12-28 20:14:16,567] {dag.py:2919} INFO - Setting next_dagrun for parking_pipeline to 2022-12-28T20:13:19.129161+00:00, run_after=2022-12-28T20:15:19.129161+00:00
[2022-12-28 20:14:16,574] {processor.py:161} INFO - Processing /opt/airflow/dags/parking_dag.py took 0.501 seconds
[2022-12-28 20:14:46,758] {processor.py:153} INFO - Started process (PID=646) to work on /opt/airflow/dags/parking_dag.py
[2022-12-28 20:14:46,759] {processor.py:641} INFO - Processing file /opt/airflow/dags/parking_dag.py for tasks to queue
[2022-12-28 20:14:46,760] {logging_mixin.py:115} INFO - [2022-12-28 20:14:46,760] {dagbag.py:507} INFO - Filling up the DagBag from /opt/airflow/dags/parking_dag.py
[2022-12-28 20:14:47,220] {processor.py:651} INFO - DAG(s) dict_keys(['parking_pipeline']) retrieved from /opt/airflow/dags/parking_dag.py
[2022-12-28 20:14:47,249] {logging_mixin.py:115} INFO - [2022-12-28 20:14:47,249] {dag.py:2371} INFO - Sync 1 DAGs
[2022-12-28 20:14:47,263] {logging_mixin.py:115} INFO - [2022-12-28 20:14:47,263] {dag.py:2919} INFO - Setting next_dagrun for parking_pipeline to 2022-12-28T20:13:19.129161+00:00, run_after=2022-12-28T20:15:19.129161+00:00
[2022-12-28 20:14:47,271] {processor.py:161} INFO - Processing /opt/airflow/dags/parking_dag.py took 0.518 seconds
[2022-12-28 20:15:17,530] {processor.py:153} INFO - Started process (PID=675) to work on /opt/airflow/dags/parking_dag.py
[2022-12-28 20:15:17,534] {processor.py:641} INFO - Processing file /opt/airflow/dags/parking_dag.py for tasks to queue
[2022-12-28 20:15:17,536] {logging_mixin.py:115} INFO - [2022-12-28 20:15:17,535] {dagbag.py:507} INFO - Filling up the DagBag from /opt/airflow/dags/parking_dag.py
[2022-12-28 20:15:18,016] {processor.py:651} INFO - DAG(s) dict_keys(['parking_pipeline']) retrieved from /opt/airflow/dags/parking_dag.py
[2022-12-28 20:15:18,046] {logging_mixin.py:115} INFO - [2022-12-28 20:15:18,046] {dag.py:2371} INFO - Sync 1 DAGs
[2022-12-28 20:15:18,059] {logging_mixin.py:115} INFO - [2022-12-28 20:15:18,059] {dag.py:2919} INFO - Setting next_dagrun for parking_pipeline to 2022-12-28T20:13:19.129161+00:00, run_after=2022-12-28T20:15:19.129161+00:00
[2022-12-28 20:15:18,067] {processor.py:161} INFO - Processing /opt/airflow/dags/parking_dag.py took 0.547 seconds
[2022-12-28 20:15:48,313] {processor.py:153} INFO - Started process (PID=703) to work on /opt/airflow/dags/parking_dag.py
[2022-12-28 20:15:48,319] {processor.py:641} INFO - Processing file /opt/airflow/dags/parking_dag.py for tasks to queue
[2022-12-28 20:15:48,321] {logging_mixin.py:115} INFO - [2022-12-28 20:15:48,321] {dagbag.py:507} INFO - Filling up the DagBag from /opt/airflow/dags/parking_dag.py
[2022-12-28 20:15:48,793] {processor.py:651} INFO - DAG(s) dict_keys(['parking_pipeline']) retrieved from /opt/airflow/dags/parking_dag.py
[2022-12-28 20:15:48,832] {logging_mixin.py:115} INFO - [2022-12-28 20:15:48,832] {dag.py:2371} INFO - Sync 1 DAGs
[2022-12-28 20:15:48,849] {logging_mixin.py:115} INFO - [2022-12-28 20:15:48,849] {dag.py:2919} INFO - Setting next_dagrun for parking_pipeline to 2022-12-28T20:15:19.129161+00:00, run_after=2022-12-28T20:17:19.129161+00:00
[2022-12-28 20:15:48,858] {processor.py:161} INFO - Processing /opt/airflow/dags/parking_dag.py took 0.555 seconds
[2022-12-28 20:16:19,055] {processor.py:153} INFO - Started process (PID=725) to work on /opt/airflow/dags/parking_dag.py
[2022-12-28 20:16:19,058] {processor.py:641} INFO - Processing file /opt/airflow/dags/parking_dag.py for tasks to queue
[2022-12-28 20:16:19,060] {logging_mixin.py:115} INFO - [2022-12-28 20:16:19,060] {dagbag.py:507} INFO - Filling up the DagBag from /opt/airflow/dags/parking_dag.py
[2022-12-28 20:16:19,313] {processor.py:651} INFO - DAG(s) dict_keys(['parking_pipeline']) retrieved from /opt/airflow/dags/parking_dag.py
[2022-12-28 20:16:19,336] {logging_mixin.py:115} INFO - [2022-12-28 20:16:19,336] {dag.py:2371} INFO - Sync 1 DAGs
[2022-12-28 20:16:19,347] {logging_mixin.py:115} INFO - [2022-12-28 20:16:19,347] {dag.py:2919} INFO - Setting next_dagrun for parking_pipeline to 2022-12-28T20:15:19.129161+00:00, run_after=2022-12-28T20:17:19.129161+00:00
[2022-12-28 20:16:19,354] {processor.py:161} INFO - Processing /opt/airflow/dags/parking_dag.py took 0.307 seconds
[2022-12-28 20:16:49,496] {processor.py:153} INFO - Started process (PID=757) to work on /opt/airflow/dags/parking_dag.py
[2022-12-28 20:16:49,501] {processor.py:641} INFO - Processing file /opt/airflow/dags/parking_dag.py for tasks to queue
[2022-12-28 20:16:49,504] {logging_mixin.py:115} INFO - [2022-12-28 20:16:49,503] {dagbag.py:507} INFO - Filling up the DagBag from /opt/airflow/dags/parking_dag.py
[2022-12-28 20:16:49,856] {processor.py:651} INFO - DAG(s) dict_keys(['parking_pipeline']) retrieved from /opt/airflow/dags/parking_dag.py
[2022-12-28 20:16:49,884] {logging_mixin.py:115} INFO - [2022-12-28 20:16:49,884] {dag.py:2371} INFO - Sync 1 DAGs
[2022-12-28 20:16:49,897] {logging_mixin.py:115} INFO - [2022-12-28 20:16:49,896] {dag.py:2919} INFO - Setting next_dagrun for parking_pipeline to 2022-12-28T20:16:47.677790+00:00, run_after=2022-12-28T20:18:47.677790+00:00
[2022-12-28 20:16:49,904] {processor.py:161} INFO - Processing /opt/airflow/dags/parking_dag.py took 0.412 seconds
[2022-12-28 20:17:20,072] {processor.py:153} INFO - Started process (PID=798) to work on /opt/airflow/dags/parking_dag.py
[2022-12-28 20:17:20,073] {processor.py:641} INFO - Processing file /opt/airflow/dags/parking_dag.py for tasks to queue
[2022-12-28 20:17:20,074] {logging_mixin.py:115} INFO - [2022-12-28 20:17:20,074] {dagbag.py:507} INFO - Filling up the DagBag from /opt/airflow/dags/parking_dag.py
[2022-12-28 20:17:20,338] {processor.py:651} INFO - DAG(s) dict_keys(['parking_pipeline']) retrieved from /opt/airflow/dags/parking_dag.py
[2022-12-28 20:17:20,362] {logging_mixin.py:115} INFO - [2022-12-28 20:17:20,362] {dag.py:2371} INFO - Sync 1 DAGs
[2022-12-28 20:17:20,374] {logging_mixin.py:115} INFO - [2022-12-28 20:17:20,374] {dag.py:2919} INFO - Setting next_dagrun for parking_pipeline to 2022-12-28T20:17:03.923152+00:00, run_after=2022-12-28T20:19:03.923152+00:00
[2022-12-28 20:17:20,381] {processor.py:161} INFO - Processing /opt/airflow/dags/parking_dag.py took 0.314 seconds
[2022-12-28 20:17:50,602] {processor.py:153} INFO - Started process (PID=827) to work on /opt/airflow/dags/parking_dag.py
[2022-12-28 20:17:50,604] {processor.py:641} INFO - Processing file /opt/airflow/dags/parking_dag.py for tasks to queue
[2022-12-28 20:17:50,607] {logging_mixin.py:115} INFO - [2022-12-28 20:17:50,606] {dagbag.py:507} INFO - Filling up the DagBag from /opt/airflow/dags/parking_dag.py
[2022-12-28 20:17:50,981] {processor.py:651} INFO - DAG(s) dict_keys(['parking_pipeline']) retrieved from /opt/airflow/dags/parking_dag.py
[2022-12-28 20:17:51,009] {logging_mixin.py:115} INFO - [2022-12-28 20:17:51,009] {dag.py:2371} INFO - Sync 1 DAGs
[2022-12-28 20:17:51,024] {logging_mixin.py:115} INFO - [2022-12-28 20:17:51,024] {dag.py:2919} INFO - Setting next_dagrun for parking_pipeline to 2022-12-28T20:17:43.276734+00:00, run_after=2022-12-28T20:19:43.276734+00:00
[2022-12-28 20:17:51,031] {processor.py:161} INFO - Processing /opt/airflow/dags/parking_dag.py took 0.442 seconds
[2022-12-28 20:18:21,342] {processor.py:153} INFO - Started process (PID=847) to work on /opt/airflow/dags/parking_dag.py
[2022-12-28 20:18:21,346] {processor.py:641} INFO - Processing file /opt/airflow/dags/parking_dag.py for tasks to queue
[2022-12-28 20:18:21,348] {logging_mixin.py:115} INFO - [2022-12-28 20:18:21,348] {dagbag.py:507} INFO - Filling up the DagBag from /opt/airflow/dags/parking_dag.py
[2022-12-28 20:18:21,918] {processor.py:651} INFO - DAG(s) dict_keys(['parking_pipeline']) retrieved from /opt/airflow/dags/parking_dag.py
[2022-12-28 20:18:21,951] {logging_mixin.py:115} INFO - [2022-12-28 20:18:21,951] {dag.py:2371} INFO - Sync 1 DAGs
[2022-12-28 20:18:21,965] {logging_mixin.py:115} INFO - [2022-12-28 20:18:21,965] {dag.py:2919} INFO - Setting next_dagrun for parking_pipeline to 2022-12-28T20:17:43.276734+00:00, run_after=2022-12-28T20:19:43.276734+00:00
[2022-12-28 20:18:21,972] {processor.py:161} INFO - Processing /opt/airflow/dags/parking_dag.py took 0.643 seconds
[2022-12-28 20:18:52,219] {processor.py:153} INFO - Started process (PID=876) to work on /opt/airflow/dags/parking_dag.py
[2022-12-28 20:18:52,221] {processor.py:641} INFO - Processing file /opt/airflow/dags/parking_dag.py for tasks to queue
[2022-12-28 20:18:52,223] {logging_mixin.py:115} INFO - [2022-12-28 20:18:52,222] {dagbag.py:507} INFO - Filling up the DagBag from /opt/airflow/dags/parking_dag.py
[2022-12-28 20:18:52,629] {processor.py:651} INFO - DAG(s) dict_keys(['parking_pipeline']) retrieved from /opt/airflow/dags/parking_dag.py
[2022-12-28 20:18:52,660] {logging_mixin.py:115} INFO - [2022-12-28 20:18:52,659] {dag.py:2371} INFO - Sync 1 DAGs
[2022-12-28 20:18:52,675] {logging_mixin.py:115} INFO - [2022-12-28 20:18:52,675] {dag.py:2919} INFO - Setting next_dagrun for parking_pipeline to 2022-12-28T20:17:43.276734+00:00, run_after=2022-12-28T20:19:43.276734+00:00
[2022-12-28 20:18:52,684] {processor.py:161} INFO - Processing /opt/airflow/dags/parking_dag.py took 0.470 seconds
[2022-12-28 20:19:22,977] {processor.py:153} INFO - Started process (PID=905) to work on /opt/airflow/dags/parking_dag.py
[2022-12-28 20:19:22,979] {processor.py:641} INFO - Processing file /opt/airflow/dags/parking_dag.py for tasks to queue
[2022-12-28 20:19:22,981] {logging_mixin.py:115} INFO - [2022-12-28 20:19:22,981] {dagbag.py:507} INFO - Filling up the DagBag from /opt/airflow/dags/parking_dag.py
[2022-12-28 20:19:23,375] {processor.py:651} INFO - DAG(s) dict_keys(['parking_pipeline']) retrieved from /opt/airflow/dags/parking_dag.py
[2022-12-28 20:19:23,403] {logging_mixin.py:115} INFO - [2022-12-28 20:19:23,402] {dag.py:2371} INFO - Sync 1 DAGs
[2022-12-28 20:19:23,421] {logging_mixin.py:115} INFO - [2022-12-28 20:19:23,421] {dag.py:2919} INFO - Setting next_dagrun for parking_pipeline to 2022-12-28T20:17:43.276734+00:00, run_after=2022-12-28T20:19:43.276734+00:00
[2022-12-28 20:19:23,430] {processor.py:161} INFO - Processing /opt/airflow/dags/parking_dag.py took 0.458 seconds
[2022-12-28 20:19:53,551] {processor.py:153} INFO - Started process (PID=933) to work on /opt/airflow/dags/parking_dag.py
[2022-12-28 20:19:53,553] {processor.py:641} INFO - Processing file /opt/airflow/dags/parking_dag.py for tasks to queue
[2022-12-28 20:19:53,555] {logging_mixin.py:115} INFO - [2022-12-28 20:19:53,555] {dagbag.py:507} INFO - Filling up the DagBag from /opt/airflow/dags/parking_dag.py
[2022-12-28 20:19:53,970] {processor.py:651} INFO - DAG(s) dict_keys(['parking_pipeline']) retrieved from /opt/airflow/dags/parking_dag.py
[2022-12-28 20:19:54,000] {logging_mixin.py:115} INFO - [2022-12-28 20:19:53,999] {dag.py:2371} INFO - Sync 1 DAGs
[2022-12-28 20:19:54,014] {logging_mixin.py:115} INFO - [2022-12-28 20:19:54,014] {dag.py:2919} INFO - Setting next_dagrun for parking_pipeline to 2022-12-28T20:19:43.276734+00:00, run_after=2022-12-28T20:21:43.276734+00:00
[2022-12-28 20:19:54,023] {processor.py:161} INFO - Processing /opt/airflow/dags/parking_dag.py took 0.476 seconds
[2022-12-28 20:20:24,172] {processor.py:153} INFO - Started process (PID=962) to work on /opt/airflow/dags/parking_dag.py
[2022-12-28 20:20:24,174] {processor.py:641} INFO - Processing file /opt/airflow/dags/parking_dag.py for tasks to queue
[2022-12-28 20:20:24,175] {logging_mixin.py:115} INFO - [2022-12-28 20:20:24,175] {dagbag.py:507} INFO - Filling up the DagBag from /opt/airflow/dags/parking_dag.py
[2022-12-28 20:20:24,476] {processor.py:651} INFO - DAG(s) dict_keys(['parking_pipeline']) retrieved from /opt/airflow/dags/parking_dag.py
[2022-12-28 20:20:24,500] {logging_mixin.py:115} INFO - [2022-12-28 20:20:24,500] {dag.py:2371} INFO - Sync 1 DAGs
[2022-12-28 20:20:24,512] {logging_mixin.py:115} INFO - [2022-12-28 20:20:24,512] {dag.py:2919} INFO - Setting next_dagrun for parking_pipeline to 2022-12-28T20:19:43.276734+00:00, run_after=2022-12-28T20:21:43.276734+00:00
[2022-12-28 20:20:24,519] {processor.py:161} INFO - Processing /opt/airflow/dags/parking_dag.py took 0.350 seconds
[2022-12-28 20:20:54,803] {processor.py:153} INFO - Started process (PID=982) to work on /opt/airflow/dags/parking_dag.py
[2022-12-28 20:20:54,805] {processor.py:641} INFO - Processing file /opt/airflow/dags/parking_dag.py for tasks to queue
[2022-12-28 20:20:54,806] {logging_mixin.py:115} INFO - [2022-12-28 20:20:54,806] {dagbag.py:507} INFO - Filling up the DagBag from /opt/airflow/dags/parking_dag.py
[2022-12-28 20:20:55,283] {processor.py:651} INFO - DAG(s) dict_keys(['parking_pipeline']) retrieved from /opt/airflow/dags/parking_dag.py
[2022-12-28 20:20:55,316] {logging_mixin.py:115} INFO - [2022-12-28 20:20:55,315] {dag.py:2371} INFO - Sync 1 DAGs
[2022-12-28 20:20:55,332] {logging_mixin.py:115} INFO - [2022-12-28 20:20:55,332] {dag.py:2919} INFO - Setting next_dagrun for parking_pipeline to 2022-12-28T20:19:43.276734+00:00, run_after=2022-12-28T20:21:43.276734+00:00
[2022-12-28 20:20:55,340] {processor.py:161} INFO - Processing /opt/airflow/dags/parking_dag.py took 0.545 seconds
[2022-12-28 20:21:25,462] {processor.py:153} INFO - Started process (PID=1011) to work on /opt/airflow/dags/parking_dag.py
[2022-12-28 20:21:25,465] {processor.py:641} INFO - Processing file /opt/airflow/dags/parking_dag.py for tasks to queue
[2022-12-28 20:21:25,467] {logging_mixin.py:115} INFO - [2022-12-28 20:21:25,466] {dagbag.py:507} INFO - Filling up the DagBag from /opt/airflow/dags/parking_dag.py
[2022-12-28 20:21:25,773] {processor.py:651} INFO - DAG(s) dict_keys(['parking_pipeline']) retrieved from /opt/airflow/dags/parking_dag.py
[2022-12-28 20:21:25,797] {logging_mixin.py:115} INFO - [2022-12-28 20:21:25,797] {dag.py:2371} INFO - Sync 1 DAGs
[2022-12-28 20:21:25,809] {logging_mixin.py:115} INFO - [2022-12-28 20:21:25,809] {dag.py:2919} INFO - Setting next_dagrun for parking_pipeline to 2022-12-28T20:19:43.276734+00:00, run_after=2022-12-28T20:21:43.276734+00:00
[2022-12-28 20:21:25,817] {processor.py:161} INFO - Processing /opt/airflow/dags/parking_dag.py took 0.365 seconds
[2022-12-28 20:21:55,986] {processor.py:153} INFO - Started process (PID=1040) to work on /opt/airflow/dags/parking_dag.py
[2022-12-28 20:21:55,987] {processor.py:641} INFO - Processing file /opt/airflow/dags/parking_dag.py for tasks to queue
[2022-12-28 20:21:55,988] {logging_mixin.py:115} INFO - [2022-12-28 20:21:55,988] {dagbag.py:507} INFO - Filling up the DagBag from /opt/airflow/dags/parking_dag.py
[2022-12-28 20:21:56,352] {processor.py:651} INFO - DAG(s) dict_keys(['parking_pipeline']) retrieved from /opt/airflow/dags/parking_dag.py
[2022-12-28 20:21:56,379] {logging_mixin.py:115} INFO - [2022-12-28 20:21:56,378] {dag.py:2371} INFO - Sync 1 DAGs
[2022-12-28 20:21:56,392] {logging_mixin.py:115} INFO - [2022-12-28 20:21:56,392] {dag.py:2919} INFO - Setting next_dagrun for parking_pipeline to 2022-12-28T20:21:43.276734+00:00, run_after=2022-12-28T20:23:43.276734+00:00
[2022-12-28 20:21:56,400] {processor.py:161} INFO - Processing /opt/airflow/dags/parking_dag.py took 0.418 seconds
[2022-12-28 20:22:26,583] {processor.py:153} INFO - Started process (PID=1070) to work on /opt/airflow/dags/parking_dag.py
[2022-12-28 20:22:26,584] {processor.py:641} INFO - Processing file /opt/airflow/dags/parking_dag.py for tasks to queue
[2022-12-28 20:22:26,585] {logging_mixin.py:115} INFO - [2022-12-28 20:22:26,585] {dagbag.py:507} INFO - Filling up the DagBag from /opt/airflow/dags/parking_dag.py
[2022-12-28 20:22:26,969] {processor.py:651} INFO - DAG(s) dict_keys(['parking_pipeline']) retrieved from /opt/airflow/dags/parking_dag.py
[2022-12-28 20:22:27,000] {logging_mixin.py:115} INFO - [2022-12-28 20:22:27,000] {dag.py:2371} INFO - Sync 1 DAGs
[2022-12-28 20:22:27,016] {logging_mixin.py:115} INFO - [2022-12-28 20:22:27,015] {dag.py:2919} INFO - Setting next_dagrun for parking_pipeline to 2022-12-28T20:21:43.276734+00:00, run_after=2022-12-28T20:23:43.276734+00:00
[2022-12-28 20:22:27,023] {processor.py:161} INFO - Processing /opt/airflow/dags/parking_dag.py took 0.446 seconds
[2022-12-28 20:22:57,239] {processor.py:153} INFO - Started process (PID=1099) to work on /opt/airflow/dags/parking_dag.py
[2022-12-28 20:22:57,241] {processor.py:641} INFO - Processing file /opt/airflow/dags/parking_dag.py for tasks to queue
[2022-12-28 20:22:57,242] {logging_mixin.py:115} INFO - [2022-12-28 20:22:57,242] {dagbag.py:507} INFO - Filling up the DagBag from /opt/airflow/dags/parking_dag.py
[2022-12-28 20:22:57,690] {processor.py:651} INFO - DAG(s) dict_keys(['parking_pipeline']) retrieved from /opt/airflow/dags/parking_dag.py
[2022-12-28 20:22:57,721] {logging_mixin.py:115} INFO - [2022-12-28 20:22:57,721] {dag.py:2371} INFO - Sync 1 DAGs
[2022-12-28 20:22:57,736] {logging_mixin.py:115} INFO - [2022-12-28 20:22:57,736] {dag.py:2919} INFO - Setting next_dagrun for parking_pipeline to 2022-12-28T20:21:43.276734+00:00, run_after=2022-12-28T20:23:43.276734+00:00
[2022-12-28 20:22:57,744] {processor.py:161} INFO - Processing /opt/airflow/dags/parking_dag.py took 0.510 seconds
[2022-12-28 20:23:27,935] {processor.py:153} INFO - Started process (PID=1119) to work on /opt/airflow/dags/parking_dag.py
[2022-12-28 20:23:27,937] {processor.py:641} INFO - Processing file /opt/airflow/dags/parking_dag.py for tasks to queue
[2022-12-28 20:23:27,938] {logging_mixin.py:115} INFO - [2022-12-28 20:23:27,938] {dagbag.py:507} INFO - Filling up the DagBag from /opt/airflow/dags/parking_dag.py
[2022-12-28 20:23:28,297] {processor.py:651} INFO - DAG(s) dict_keys(['parking_pipeline']) retrieved from /opt/airflow/dags/parking_dag.py
[2022-12-28 20:23:28,325] {logging_mixin.py:115} INFO - [2022-12-28 20:23:28,325] {dag.py:2371} INFO - Sync 1 DAGs
[2022-12-28 20:23:28,340] {logging_mixin.py:115} INFO - [2022-12-28 20:23:28,340] {dag.py:2919} INFO - Setting next_dagrun for parking_pipeline to 2022-12-28T20:21:43.276734+00:00, run_after=2022-12-28T20:23:43.276734+00:00
[2022-12-28 20:23:28,346] {processor.py:161} INFO - Processing /opt/airflow/dags/parking_dag.py took 0.417 seconds
[2022-12-28 20:23:58,597] {processor.py:153} INFO - Started process (PID=1147) to work on /opt/airflow/dags/parking_dag.py
[2022-12-28 20:23:58,598] {processor.py:641} INFO - Processing file /opt/airflow/dags/parking_dag.py for tasks to queue
[2022-12-28 20:23:58,599] {logging_mixin.py:115} INFO - [2022-12-28 20:23:58,599] {dagbag.py:507} INFO - Filling up the DagBag from /opt/airflow/dags/parking_dag.py
[2022-12-28 20:23:59,091] {processor.py:651} INFO - DAG(s) dict_keys(['parking_pipeline']) retrieved from /opt/airflow/dags/parking_dag.py
[2022-12-28 20:23:59,129] {logging_mixin.py:115} INFO - [2022-12-28 20:23:59,128] {dag.py:2371} INFO - Sync 1 DAGs
[2022-12-28 20:23:59,145] {logging_mixin.py:115} INFO - [2022-12-28 20:23:59,145] {dag.py:2919} INFO - Setting next_dagrun for parking_pipeline to 2022-12-28T20:23:43.276734+00:00, run_after=2022-12-28T20:25:43.276734+00:00
[2022-12-28 20:23:59,164] {processor.py:161} INFO - Processing /opt/airflow/dags/parking_dag.py took 0.573 seconds
[2022-12-28 20:24:29,315] {processor.py:153} INFO - Started process (PID=1176) to work on /opt/airflow/dags/parking_dag.py
[2022-12-28 20:24:29,318] {processor.py:641} INFO - Processing file /opt/airflow/dags/parking_dag.py for tasks to queue
[2022-12-28 20:24:29,320] {logging_mixin.py:115} INFO - [2022-12-28 20:24:29,320] {dagbag.py:507} INFO - Filling up the DagBag from /opt/airflow/dags/parking_dag.py
[2022-12-28 20:24:29,709] {processor.py:651} INFO - DAG(s) dict_keys(['parking_pipeline']) retrieved from /opt/airflow/dags/parking_dag.py
[2022-12-28 20:24:29,739] {logging_mixin.py:115} INFO - [2022-12-28 20:24:29,739] {dag.py:2371} INFO - Sync 1 DAGs
[2022-12-28 20:24:29,758] {logging_mixin.py:115} INFO - [2022-12-28 20:24:29,758] {dag.py:2919} INFO - Setting next_dagrun for parking_pipeline to 2022-12-28T20:23:43.276734+00:00, run_after=2022-12-28T20:25:43.276734+00:00
[2022-12-28 20:24:29,774] {processor.py:161} INFO - Processing /opt/airflow/dags/parking_dag.py took 0.467 seconds
[2022-12-28 20:25:00,052] {processor.py:153} INFO - Started process (PID=1205) to work on /opt/airflow/dags/parking_dag.py
[2022-12-28 20:25:00,054] {processor.py:641} INFO - Processing file /opt/airflow/dags/parking_dag.py for tasks to queue
[2022-12-28 20:25:00,055] {logging_mixin.py:115} INFO - [2022-12-28 20:25:00,055] {dagbag.py:507} INFO - Filling up the DagBag from /opt/airflow/dags/parking_dag.py
[2022-12-28 20:25:00,487] {processor.py:651} INFO - DAG(s) dict_keys(['parking_pipeline']) retrieved from /opt/airflow/dags/parking_dag.py
[2022-12-28 20:25:00,524] {logging_mixin.py:115} INFO - [2022-12-28 20:25:00,524] {dag.py:2371} INFO - Sync 1 DAGs
[2022-12-28 20:25:00,539] {logging_mixin.py:115} INFO - [2022-12-28 20:25:00,539] {dag.py:2919} INFO - Setting next_dagrun for parking_pipeline to 2022-12-28T20:23:43.276734+00:00, run_after=2022-12-28T20:25:43.276734+00:00
[2022-12-28 20:25:00,546] {processor.py:161} INFO - Processing /opt/airflow/dags/parking_dag.py took 0.500 seconds
[2022-12-28 20:25:30,611] {processor.py:153} INFO - Started process (PID=1224) to work on /opt/airflow/dags/parking_dag.py
[2022-12-28 20:25:30,613] {processor.py:641} INFO - Processing file /opt/airflow/dags/parking_dag.py for tasks to queue
[2022-12-28 20:25:30,614] {logging_mixin.py:115} INFO - [2022-12-28 20:25:30,614] {dagbag.py:507} INFO - Filling up the DagBag from /opt/airflow/dags/parking_dag.py
[2022-12-28 20:25:30,955] {processor.py:651} INFO - DAG(s) dict_keys(['parking_pipeline']) retrieved from /opt/airflow/dags/parking_dag.py
[2022-12-28 20:25:30,983] {logging_mixin.py:115} INFO - [2022-12-28 20:25:30,982] {dag.py:2371} INFO - Sync 1 DAGs
[2022-12-28 20:25:30,996] {logging_mixin.py:115} INFO - [2022-12-28 20:25:30,996] {dag.py:2919} INFO - Setting next_dagrun for parking_pipeline to 2022-12-28T20:23:43.276734+00:00, run_after=2022-12-28T20:25:43.276734+00:00
[2022-12-28 20:25:31,004] {processor.py:161} INFO - Processing /opt/airflow/dags/parking_dag.py took 0.399 seconds
[2022-12-28 20:26:01,160] {processor.py:153} INFO - Started process (PID=1252) to work on /opt/airflow/dags/parking_dag.py
[2022-12-28 20:26:01,163] {processor.py:641} INFO - Processing file /opt/airflow/dags/parking_dag.py for tasks to queue
[2022-12-28 20:26:01,164] {logging_mixin.py:115} INFO - [2022-12-28 20:26:01,164] {dagbag.py:507} INFO - Filling up the DagBag from /opt/airflow/dags/parking_dag.py
[2022-12-28 20:26:01,431] {processor.py:651} INFO - DAG(s) dict_keys(['parking_pipeline']) retrieved from /opt/airflow/dags/parking_dag.py
[2022-12-28 20:26:01,459] {logging_mixin.py:115} INFO - [2022-12-28 20:26:01,459] {dag.py:2371} INFO - Sync 1 DAGs
[2022-12-28 20:26:01,473] {logging_mixin.py:115} INFO - [2022-12-28 20:26:01,473] {dag.py:2919} INFO - Setting next_dagrun for parking_pipeline to 2022-12-28T20:25:43.276734+00:00, run_after=2022-12-28T20:27:43.276734+00:00
[2022-12-28 20:26:01,481] {processor.py:161} INFO - Processing /opt/airflow/dags/parking_dag.py took 0.326 seconds
[2022-12-28 20:26:31,665] {processor.py:153} INFO - Started process (PID=1280) to work on /opt/airflow/dags/parking_dag.py
[2022-12-28 20:26:31,668] {processor.py:641} INFO - Processing file /opt/airflow/dags/parking_dag.py for tasks to queue
[2022-12-28 20:26:31,670] {logging_mixin.py:115} INFO - [2022-12-28 20:26:31,670] {dagbag.py:507} INFO - Filling up the DagBag from /opt/airflow/dags/parking_dag.py
[2022-12-28 20:26:31,992] {processor.py:651} INFO - DAG(s) dict_keys(['parking_pipeline']) retrieved from /opt/airflow/dags/parking_dag.py
[2022-12-28 20:26:32,022] {logging_mixin.py:115} INFO - [2022-12-28 20:26:32,021] {dag.py:2371} INFO - Sync 1 DAGs
[2022-12-28 20:26:32,035] {logging_mixin.py:115} INFO - [2022-12-28 20:26:32,035] {dag.py:2919} INFO - Setting next_dagrun for parking_pipeline to 2022-12-28T20:25:43.276734+00:00, run_after=2022-12-28T20:27:43.276734+00:00
[2022-12-28 20:26:32,043] {processor.py:161} INFO - Processing /opt/airflow/dags/parking_dag.py took 0.386 seconds
[2022-12-28 20:27:02,254] {processor.py:153} INFO - Started process (PID=1309) to work on /opt/airflow/dags/parking_dag.py
[2022-12-28 20:27:02,257] {processor.py:641} INFO - Processing file /opt/airflow/dags/parking_dag.py for tasks to queue
[2022-12-28 20:27:02,259] {logging_mixin.py:115} INFO - [2022-12-28 20:27:02,259] {dagbag.py:507} INFO - Filling up the DagBag from /opt/airflow/dags/parking_dag.py
[2022-12-28 20:27:02,512] {processor.py:651} INFO - DAG(s) dict_keys(['parking_pipeline']) retrieved from /opt/airflow/dags/parking_dag.py
[2022-12-28 20:27:02,537] {logging_mixin.py:115} INFO - [2022-12-28 20:27:02,537] {dag.py:2371} INFO - Sync 1 DAGs
[2022-12-28 20:27:02,550] {logging_mixin.py:115} INFO - [2022-12-28 20:27:02,550] {dag.py:2919} INFO - Setting next_dagrun for parking_pipeline to 2022-12-28T20:25:43.276734+00:00, run_after=2022-12-28T20:27:43.276734+00:00
[2022-12-28 20:27:02,557] {processor.py:161} INFO - Processing /opt/airflow/dags/parking_dag.py took 0.309 seconds
[2022-12-28 20:27:32,720] {processor.py:153} INFO - Started process (PID=1337) to work on /opt/airflow/dags/parking_dag.py
[2022-12-28 20:27:32,722] {processor.py:641} INFO - Processing file /opt/airflow/dags/parking_dag.py for tasks to queue
[2022-12-28 20:27:32,723] {logging_mixin.py:115} INFO - [2022-12-28 20:27:32,723] {dagbag.py:507} INFO - Filling up the DagBag from /opt/airflow/dags/parking_dag.py
[2022-12-28 20:27:33,056] {processor.py:651} INFO - DAG(s) dict_keys(['parking_pipeline']) retrieved from /opt/airflow/dags/parking_dag.py
[2022-12-28 20:27:33,084] {logging_mixin.py:115} INFO - [2022-12-28 20:27:33,083] {dag.py:2371} INFO - Sync 1 DAGs
[2022-12-28 20:27:33,106] {logging_mixin.py:115} INFO - [2022-12-28 20:27:33,106] {dag.py:2919} INFO - Setting next_dagrun for parking_pipeline to 2022-12-28T20:25:43.276734+00:00, run_after=2022-12-28T20:27:43.276734+00:00
[2022-12-28 20:27:33,115] {processor.py:161} INFO - Processing /opt/airflow/dags/parking_dag.py took 0.398 seconds
[2022-12-28 20:28:03,295] {processor.py:153} INFO - Started process (PID=1357) to work on /opt/airflow/dags/parking_dag.py
[2022-12-28 20:28:03,296] {processor.py:641} INFO - Processing file /opt/airflow/dags/parking_dag.py for tasks to queue
[2022-12-28 20:28:03,297] {logging_mixin.py:115} INFO - [2022-12-28 20:28:03,297] {dagbag.py:507} INFO - Filling up the DagBag from /opt/airflow/dags/parking_dag.py
[2022-12-28 20:28:03,554] {processor.py:651} INFO - DAG(s) dict_keys(['parking_pipeline']) retrieved from /opt/airflow/dags/parking_dag.py
[2022-12-28 20:28:03,578] {logging_mixin.py:115} INFO - [2022-12-28 20:28:03,578] {dag.py:2371} INFO - Sync 1 DAGs
[2022-12-28 20:28:03,592] {logging_mixin.py:115} INFO - [2022-12-28 20:28:03,592] {dag.py:2919} INFO - Setting next_dagrun for parking_pipeline to 2022-12-28T20:27:43.276734+00:00, run_after=2022-12-28T20:29:43.276734+00:00
[2022-12-28 20:28:03,599] {processor.py:161} INFO - Processing /opt/airflow/dags/parking_dag.py took 0.307 seconds
[2022-12-28 20:28:33,795] {processor.py:153} INFO - Started process (PID=1386) to work on /opt/airflow/dags/parking_dag.py
[2022-12-28 20:28:33,798] {processor.py:641} INFO - Processing file /opt/airflow/dags/parking_dag.py for tasks to queue
[2022-12-28 20:28:33,800] {logging_mixin.py:115} INFO - [2022-12-28 20:28:33,800] {dagbag.py:507} INFO - Filling up the DagBag from /opt/airflow/dags/parking_dag.py
[2022-12-28 20:28:34,153] {processor.py:651} INFO - DAG(s) dict_keys(['parking_pipeline']) retrieved from /opt/airflow/dags/parking_dag.py
[2022-12-28 20:28:34,178] {logging_mixin.py:115} INFO - [2022-12-28 20:28:34,177] {dag.py:2371} INFO - Sync 1 DAGs
[2022-12-28 20:28:34,189] {logging_mixin.py:115} INFO - [2022-12-28 20:28:34,189] {dag.py:2919} INFO - Setting next_dagrun for parking_pipeline to 2022-12-28T20:27:43.276734+00:00, run_after=2022-12-28T20:29:43.276734+00:00
[2022-12-28 20:28:34,196] {processor.py:161} INFO - Processing /opt/airflow/dags/parking_dag.py took 0.410 seconds
[2022-12-28 20:29:04,383] {processor.py:153} INFO - Started process (PID=1415) to work on /opt/airflow/dags/parking_dag.py
[2022-12-28 20:29:04,385] {processor.py:641} INFO - Processing file /opt/airflow/dags/parking_dag.py for tasks to queue
[2022-12-28 20:29:04,387] {logging_mixin.py:115} INFO - [2022-12-28 20:29:04,387] {dagbag.py:507} INFO - Filling up the DagBag from /opt/airflow/dags/parking_dag.py
[2022-12-28 20:29:04,643] {processor.py:651} INFO - DAG(s) dict_keys(['parking_pipeline']) retrieved from /opt/airflow/dags/parking_dag.py
[2022-12-28 20:29:04,670] {logging_mixin.py:115} INFO - [2022-12-28 20:29:04,669] {dag.py:2371} INFO - Sync 1 DAGs
[2022-12-28 20:29:04,682] {logging_mixin.py:115} INFO - [2022-12-28 20:29:04,682] {dag.py:2919} INFO - Setting next_dagrun for parking_pipeline to 2022-12-28T20:27:43.276734+00:00, run_after=2022-12-28T20:29:43.276734+00:00
[2022-12-28 20:29:04,689] {processor.py:161} INFO - Processing /opt/airflow/dags/parking_dag.py took 0.311 seconds
[2022-12-28 20:29:34,860] {processor.py:153} INFO - Started process (PID=1443) to work on /opt/airflow/dags/parking_dag.py
[2022-12-28 20:29:34,865] {processor.py:641} INFO - Processing file /opt/airflow/dags/parking_dag.py for tasks to queue
[2022-12-28 20:29:34,867] {logging_mixin.py:115} INFO - [2022-12-28 20:29:34,867] {dagbag.py:507} INFO - Filling up the DagBag from /opt/airflow/dags/parking_dag.py
[2022-12-28 20:29:35,121] {processor.py:651} INFO - DAG(s) dict_keys(['parking_pipeline']) retrieved from /opt/airflow/dags/parking_dag.py
[2022-12-28 20:29:35,145] {logging_mixin.py:115} INFO - [2022-12-28 20:29:35,145] {dag.py:2371} INFO - Sync 1 DAGs
[2022-12-28 20:29:35,158] {logging_mixin.py:115} INFO - [2022-12-28 20:29:35,158] {dag.py:2919} INFO - Setting next_dagrun for parking_pipeline to 2022-12-28T20:27:43.276734+00:00, run_after=2022-12-28T20:29:43.276734+00:00
[2022-12-28 20:29:35,165] {processor.py:161} INFO - Processing /opt/airflow/dags/parking_dag.py took 0.310 seconds
[2022-12-28 20:30:05,366] {processor.py:153} INFO - Started process (PID=1463) to work on /opt/airflow/dags/parking_dag.py
[2022-12-28 20:30:05,369] {processor.py:641} INFO - Processing file /opt/airflow/dags/parking_dag.py for tasks to queue
[2022-12-28 20:30:05,370] {logging_mixin.py:115} INFO - [2022-12-28 20:30:05,370] {dagbag.py:507} INFO - Filling up the DagBag from /opt/airflow/dags/parking_dag.py
[2022-12-28 20:30:05,631] {processor.py:651} INFO - DAG(s) dict_keys(['parking_pipeline']) retrieved from /opt/airflow/dags/parking_dag.py
[2022-12-28 20:30:05,657] {logging_mixin.py:115} INFO - [2022-12-28 20:30:05,657] {dag.py:2371} INFO - Sync 1 DAGs
[2022-12-28 20:30:05,670] {logging_mixin.py:115} INFO - [2022-12-28 20:30:05,669] {dag.py:2919} INFO - Setting next_dagrun for parking_pipeline to 2022-12-28T20:29:43.276734+00:00, run_after=2022-12-28T20:31:43.276734+00:00
[2022-12-28 20:30:05,678] {processor.py:161} INFO - Processing /opt/airflow/dags/parking_dag.py took 0.315 seconds
[2022-12-28 20:30:35,875] {processor.py:153} INFO - Started process (PID=1492) to work on /opt/airflow/dags/parking_dag.py
[2022-12-28 20:30:35,877] {processor.py:641} INFO - Processing file /opt/airflow/dags/parking_dag.py for tasks to queue
[2022-12-28 20:30:35,878] {logging_mixin.py:115} INFO - [2022-12-28 20:30:35,878] {dagbag.py:507} INFO - Filling up the DagBag from /opt/airflow/dags/parking_dag.py
[2022-12-28 20:30:36,175] {processor.py:651} INFO - DAG(s) dict_keys(['parking_pipeline']) retrieved from /opt/airflow/dags/parking_dag.py
[2022-12-28 20:30:36,200] {logging_mixin.py:115} INFO - [2022-12-28 20:30:36,200] {dag.py:2371} INFO - Sync 1 DAGs
[2022-12-28 20:30:36,214] {logging_mixin.py:115} INFO - [2022-12-28 20:30:36,214] {dag.py:2919} INFO - Setting next_dagrun for parking_pipeline to 2022-12-28T20:29:43.276734+00:00, run_after=2022-12-28T20:31:43.276734+00:00
[2022-12-28 20:30:36,222] {processor.py:161} INFO - Processing /opt/airflow/dags/parking_dag.py took 0.351 seconds
[2022-12-28 20:31:06,434] {processor.py:153} INFO - Started process (PID=1521) to work on /opt/airflow/dags/parking_dag.py
[2022-12-28 20:31:06,437] {processor.py:641} INFO - Processing file /opt/airflow/dags/parking_dag.py for tasks to queue
[2022-12-28 20:31:06,439] {logging_mixin.py:115} INFO - [2022-12-28 20:31:06,439] {dagbag.py:507} INFO - Filling up the DagBag from /opt/airflow/dags/parking_dag.py
[2022-12-28 20:31:06,778] {processor.py:651} INFO - DAG(s) dict_keys(['parking_pipeline']) retrieved from /opt/airflow/dags/parking_dag.py
[2022-12-28 20:31:06,803] {logging_mixin.py:115} INFO - [2022-12-28 20:31:06,803] {dag.py:2371} INFO - Sync 1 DAGs
[2022-12-28 20:31:06,815] {logging_mixin.py:115} INFO - [2022-12-28 20:31:06,815] {dag.py:2919} INFO - Setting next_dagrun for parking_pipeline to 2022-12-28T20:29:43.276734+00:00, run_after=2022-12-28T20:31:43.276734+00:00
[2022-12-28 20:31:06,822] {processor.py:161} INFO - Processing /opt/airflow/dags/parking_dag.py took 0.394 seconds
[2022-12-28 20:31:37,016] {processor.py:153} INFO - Started process (PID=1550) to work on /opt/airflow/dags/parking_dag.py
[2022-12-28 20:31:37,018] {processor.py:641} INFO - Processing file /opt/airflow/dags/parking_dag.py for tasks to queue
[2022-12-28 20:31:37,020] {logging_mixin.py:115} INFO - [2022-12-28 20:31:37,020] {dagbag.py:507} INFO - Filling up the DagBag from /opt/airflow/dags/parking_dag.py
[2022-12-28 20:31:37,386] {processor.py:651} INFO - DAG(s) dict_keys(['parking_pipeline']) retrieved from /opt/airflow/dags/parking_dag.py
[2022-12-28 20:31:37,410] {logging_mixin.py:115} INFO - [2022-12-28 20:31:37,410] {dag.py:2371} INFO - Sync 1 DAGs
[2022-12-28 20:31:37,422] {logging_mixin.py:115} INFO - [2022-12-28 20:31:37,422] {dag.py:2919} INFO - Setting next_dagrun for parking_pipeline to 2022-12-28T20:29:43.276734+00:00, run_after=2022-12-28T20:31:43.276734+00:00
[2022-12-28 20:31:37,429] {processor.py:161} INFO - Processing /opt/airflow/dags/parking_dag.py took 0.422 seconds
[2022-12-28 20:32:07,592] {processor.py:153} INFO - Started process (PID=1578) to work on /opt/airflow/dags/parking_dag.py
[2022-12-28 20:32:07,594] {processor.py:641} INFO - Processing file /opt/airflow/dags/parking_dag.py for tasks to queue
[2022-12-28 20:32:07,595] {logging_mixin.py:115} INFO - [2022-12-28 20:32:07,594] {dagbag.py:507} INFO - Filling up the DagBag from /opt/airflow/dags/parking_dag.py
[2022-12-28 20:32:07,880] {processor.py:651} INFO - DAG(s) dict_keys(['parking_pipeline']) retrieved from /opt/airflow/dags/parking_dag.py
[2022-12-28 20:32:07,906] {logging_mixin.py:115} INFO - [2022-12-28 20:32:07,906] {dag.py:2371} INFO - Sync 1 DAGs
[2022-12-28 20:32:07,919] {logging_mixin.py:115} INFO - [2022-12-28 20:32:07,919] {dag.py:2919} INFO - Setting next_dagrun for parking_pipeline to 2022-12-28T20:31:43.276734+00:00, run_after=2022-12-28T20:33:43.276734+00:00
[2022-12-28 20:32:07,927] {processor.py:161} INFO - Processing /opt/airflow/dags/parking_dag.py took 0.337 seconds
[2022-12-28 20:32:38,137] {processor.py:153} INFO - Started process (PID=1598) to work on /opt/airflow/dags/parking_dag.py
[2022-12-28 20:32:38,139] {processor.py:641} INFO - Processing file /opt/airflow/dags/parking_dag.py for tasks to queue
[2022-12-28 20:32:38,141] {logging_mixin.py:115} INFO - [2022-12-28 20:32:38,141] {dagbag.py:507} INFO - Filling up the DagBag from /opt/airflow/dags/parking_dag.py
[2022-12-28 20:32:38,442] {processor.py:651} INFO - DAG(s) dict_keys(['parking_pipeline']) retrieved from /opt/airflow/dags/parking_dag.py
[2022-12-28 20:32:38,468] {logging_mixin.py:115} INFO - [2022-12-28 20:32:38,468] {dag.py:2371} INFO - Sync 1 DAGs
[2022-12-28 20:32:38,481] {logging_mixin.py:115} INFO - [2022-12-28 20:32:38,481] {dag.py:2919} INFO - Setting next_dagrun for parking_pipeline to 2022-12-28T20:31:43.276734+00:00, run_after=2022-12-28T20:33:43.276734+00:00
[2022-12-28 20:32:38,488] {processor.py:161} INFO - Processing /opt/airflow/dags/parking_dag.py took 0.360 seconds
[2022-12-28 20:33:08,681] {processor.py:153} INFO - Started process (PID=1629) to work on /opt/airflow/dags/parking_dag.py
[2022-12-28 20:33:08,684] {processor.py:641} INFO - Processing file /opt/airflow/dags/parking_dag.py for tasks to queue
[2022-12-28 20:33:08,686] {logging_mixin.py:115} INFO - [2022-12-28 20:33:08,686] {dagbag.py:507} INFO - Filling up the DagBag from /opt/airflow/dags/parking_dag.py
[2022-12-28 20:33:09,010] {processor.py:651} INFO - DAG(s) dict_keys(['parking_pipeline']) retrieved from /opt/airflow/dags/parking_dag.py
[2022-12-28 20:33:09,034] {logging_mixin.py:115} INFO - [2022-12-28 20:33:09,034] {dag.py:2371} INFO - Sync 1 DAGs
[2022-12-28 20:33:09,047] {logging_mixin.py:115} INFO - [2022-12-28 20:33:09,047] {dag.py:2919} INFO - Setting next_dagrun for parking_pipeline to 2022-12-28T20:31:43.276734+00:00, run_after=2022-12-28T20:33:43.276734+00:00
[2022-12-28 20:33:09,054] {processor.py:161} INFO - Processing /opt/airflow/dags/parking_dag.py took 0.380 seconds
[2022-12-28 20:33:39,254] {processor.py:153} INFO - Started process (PID=1657) to work on /opt/airflow/dags/parking_dag.py
[2022-12-28 20:33:39,256] {processor.py:641} INFO - Processing file /opt/airflow/dags/parking_dag.py for tasks to queue
[2022-12-28 20:33:39,257] {logging_mixin.py:115} INFO - [2022-12-28 20:33:39,257] {dagbag.py:507} INFO - Filling up the DagBag from /opt/airflow/dags/parking_dag.py
[2022-12-28 20:33:39,518] {processor.py:651} INFO - DAG(s) dict_keys(['parking_pipeline']) retrieved from /opt/airflow/dags/parking_dag.py
[2022-12-28 20:33:39,542] {logging_mixin.py:115} INFO - [2022-12-28 20:33:39,542] {dag.py:2371} INFO - Sync 1 DAGs
[2022-12-28 20:33:39,554] {logging_mixin.py:115} INFO - [2022-12-28 20:33:39,554] {dag.py:2919} INFO - Setting next_dagrun for parking_pipeline to 2022-12-28T20:31:43.276734+00:00, run_after=2022-12-28T20:33:43.276734+00:00
[2022-12-28 20:33:39,560] {processor.py:161} INFO - Processing /opt/airflow/dags/parking_dag.py took 0.313 seconds
[2022-12-28 20:34:09,727] {processor.py:153} INFO - Started process (PID=1686) to work on /opt/airflow/dags/parking_dag.py
[2022-12-28 20:34:09,728] {processor.py:641} INFO - Processing file /opt/airflow/dags/parking_dag.py for tasks to queue
[2022-12-28 20:34:09,729] {logging_mixin.py:115} INFO - [2022-12-28 20:34:09,729] {dagbag.py:507} INFO - Filling up the DagBag from /opt/airflow/dags/parking_dag.py
[2022-12-28 20:34:10,038] {processor.py:651} INFO - DAG(s) dict_keys(['parking_pipeline']) retrieved from /opt/airflow/dags/parking_dag.py
[2022-12-28 20:34:10,065] {logging_mixin.py:115} INFO - [2022-12-28 20:34:10,065] {dag.py:2371} INFO - Sync 1 DAGs
[2022-12-28 20:34:10,078] {logging_mixin.py:115} INFO - [2022-12-28 20:34:10,078] {dag.py:2919} INFO - Setting next_dagrun for parking_pipeline to 2022-12-28T20:33:43.276734+00:00, run_after=2022-12-28T20:35:43.276734+00:00
[2022-12-28 20:34:10,085] {processor.py:161} INFO - Processing /opt/airflow/dags/parking_dag.py took 0.363 seconds
[2022-12-28 20:34:40,242] {processor.py:153} INFO - Started process (PID=1714) to work on /opt/airflow/dags/parking_dag.py
[2022-12-28 20:34:40,244] {processor.py:641} INFO - Processing file /opt/airflow/dags/parking_dag.py for tasks to queue
[2022-12-28 20:34:40,245] {logging_mixin.py:115} INFO - [2022-12-28 20:34:40,245] {dagbag.py:507} INFO - Filling up the DagBag from /opt/airflow/dags/parking_dag.py
[2022-12-28 20:34:40,564] {processor.py:651} INFO - DAG(s) dict_keys(['parking_pipeline']) retrieved from /opt/airflow/dags/parking_dag.py
[2022-12-28 20:34:40,596] {logging_mixin.py:115} INFO - [2022-12-28 20:34:40,596] {dag.py:2371} INFO - Sync 1 DAGs
[2022-12-28 20:34:40,610] {logging_mixin.py:115} INFO - [2022-12-28 20:34:40,609] {dag.py:2919} INFO - Setting next_dagrun for parking_pipeline to 2022-12-28T20:33:43.276734+00:00, run_after=2022-12-28T20:35:43.276734+00:00
[2022-12-28 20:34:40,618] {processor.py:161} INFO - Processing /opt/airflow/dags/parking_dag.py took 0.379 seconds
[2022-12-28 20:35:10,817] {processor.py:153} INFO - Started process (PID=1734) to work on /opt/airflow/dags/parking_dag.py
[2022-12-28 20:35:10,820] {processor.py:641} INFO - Processing file /opt/airflow/dags/parking_dag.py for tasks to queue
[2022-12-28 20:35:10,821] {logging_mixin.py:115} INFO - [2022-12-28 20:35:10,821] {dagbag.py:507} INFO - Filling up the DagBag from /opt/airflow/dags/parking_dag.py
[2022-12-28 20:35:11,068] {processor.py:651} INFO - DAG(s) dict_keys(['parking_pipeline']) retrieved from /opt/airflow/dags/parking_dag.py
[2022-12-28 20:35:11,093] {logging_mixin.py:115} INFO - [2022-12-28 20:35:11,092] {dag.py:2371} INFO - Sync 1 DAGs
[2022-12-28 20:35:11,106] {logging_mixin.py:115} INFO - [2022-12-28 20:35:11,106] {dag.py:2919} INFO - Setting next_dagrun for parking_pipeline to 2022-12-28T20:33:43.276734+00:00, run_after=2022-12-28T20:35:43.276734+00:00
[2022-12-28 20:35:11,113] {processor.py:161} INFO - Processing /opt/airflow/dags/parking_dag.py took 0.303 seconds
[2022-12-28 20:35:41,303] {processor.py:153} INFO - Started process (PID=1763) to work on /opt/airflow/dags/parking_dag.py
[2022-12-28 20:35:41,306] {processor.py:641} INFO - Processing file /opt/airflow/dags/parking_dag.py for tasks to queue
[2022-12-28 20:35:41,308] {logging_mixin.py:115} INFO - [2022-12-28 20:35:41,308] {dagbag.py:507} INFO - Filling up the DagBag from /opt/airflow/dags/parking_dag.py
[2022-12-28 20:35:41,601] {processor.py:651} INFO - DAG(s) dict_keys(['parking_pipeline']) retrieved from /opt/airflow/dags/parking_dag.py
[2022-12-28 20:35:41,630] {logging_mixin.py:115} INFO - [2022-12-28 20:35:41,629] {dag.py:2371} INFO - Sync 1 DAGs
[2022-12-28 20:35:41,645] {logging_mixin.py:115} INFO - [2022-12-28 20:35:41,645] {dag.py:2919} INFO - Setting next_dagrun for parking_pipeline to 2022-12-28T20:33:43.276734+00:00, run_after=2022-12-28T20:35:43.276734+00:00
[2022-12-28 20:35:41,653] {processor.py:161} INFO - Processing /opt/airflow/dags/parking_dag.py took 0.356 seconds
[2022-12-28 20:36:11,832] {processor.py:153} INFO - Started process (PID=1792) to work on /opt/airflow/dags/parking_dag.py
[2022-12-28 20:36:11,833] {processor.py:641} INFO - Processing file /opt/airflow/dags/parking_dag.py for tasks to queue
[2022-12-28 20:36:11,834] {logging_mixin.py:115} INFO - [2022-12-28 20:36:11,834] {dagbag.py:507} INFO - Filling up the DagBag from /opt/airflow/dags/parking_dag.py
[2022-12-28 20:36:12,189] {processor.py:651} INFO - DAG(s) dict_keys(['parking_pipeline']) retrieved from /opt/airflow/dags/parking_dag.py
[2022-12-28 20:36:12,221] {logging_mixin.py:115} INFO - [2022-12-28 20:36:12,220] {dag.py:2371} INFO - Sync 1 DAGs
[2022-12-28 20:36:12,235] {logging_mixin.py:115} INFO - [2022-12-28 20:36:12,235] {dag.py:2919} INFO - Setting next_dagrun for parking_pipeline to 2022-12-28T20:35:43.276734+00:00, run_after=2022-12-28T20:37:43.276734+00:00
[2022-12-28 20:36:12,243] {processor.py:161} INFO - Processing /opt/airflow/dags/parking_dag.py took 0.414 seconds
[2022-12-28 20:36:42,453] {processor.py:153} INFO - Started process (PID=1822) to work on /opt/airflow/dags/parking_dag.py
[2022-12-28 20:36:42,456] {processor.py:641} INFO - Processing file /opt/airflow/dags/parking_dag.py for tasks to queue
[2022-12-28 20:36:42,457] {logging_mixin.py:115} INFO - [2022-12-28 20:36:42,457] {dagbag.py:507} INFO - Filling up the DagBag from /opt/airflow/dags/parking_dag.py
[2022-12-28 20:36:42,741] {processor.py:651} INFO - DAG(s) dict_keys(['parking_pipeline']) retrieved from /opt/airflow/dags/parking_dag.py
[2022-12-28 20:36:42,767] {logging_mixin.py:115} INFO - [2022-12-28 20:36:42,766] {dag.py:2371} INFO - Sync 1 DAGs
[2022-12-28 20:36:42,780] {logging_mixin.py:115} INFO - [2022-12-28 20:36:42,779] {dag.py:2919} INFO - Setting next_dagrun for parking_pipeline to 2022-12-28T20:35:43.276734+00:00, run_after=2022-12-28T20:37:43.276734+00:00
[2022-12-28 20:36:42,787] {processor.py:161} INFO - Processing /opt/airflow/dags/parking_dag.py took 0.340 seconds
[2022-12-28 20:37:12,978] {processor.py:153} INFO - Started process (PID=1843) to work on /opt/airflow/dags/parking_dag.py
[2022-12-28 20:37:12,980] {processor.py:641} INFO - Processing file /opt/airflow/dags/parking_dag.py for tasks to queue
[2022-12-28 20:37:12,981] {logging_mixin.py:115} INFO - [2022-12-28 20:37:12,981] {dagbag.py:507} INFO - Filling up the DagBag from /opt/airflow/dags/parking_dag.py
[2022-12-28 20:37:13,252] {processor.py:651} INFO - DAG(s) dict_keys(['parking_pipeline']) retrieved from /opt/airflow/dags/parking_dag.py
[2022-12-28 20:37:13,279] {logging_mixin.py:115} INFO - [2022-12-28 20:37:13,279] {dag.py:2371} INFO - Sync 1 DAGs
[2022-12-28 20:37:13,293] {logging_mixin.py:115} INFO - [2022-12-28 20:37:13,293] {dag.py:2919} INFO - Setting next_dagrun for parking_pipeline to 2022-12-28T20:35:43.276734+00:00, run_after=2022-12-28T20:37:43.276734+00:00
[2022-12-28 20:37:13,301] {processor.py:161} INFO - Processing /opt/airflow/dags/parking_dag.py took 0.327 seconds
[2022-12-28 20:37:43,473] {processor.py:153} INFO - Started process (PID=1872) to work on /opt/airflow/dags/parking_dag.py
[2022-12-28 20:37:43,474] {processor.py:641} INFO - Processing file /opt/airflow/dags/parking_dag.py for tasks to queue
[2022-12-28 20:37:43,480] {logging_mixin.py:115} INFO - [2022-12-28 20:37:43,480] {dagbag.py:507} INFO - Filling up the DagBag from /opt/airflow/dags/parking_dag.py
[2022-12-28 20:37:43,772] {processor.py:651} INFO - DAG(s) dict_keys(['parking_pipeline']) retrieved from /opt/airflow/dags/parking_dag.py
[2022-12-28 20:37:43,802] {logging_mixin.py:115} INFO - [2022-12-28 20:37:43,802] {dag.py:2371} INFO - Sync 1 DAGs
[2022-12-28 20:37:43,818] {logging_mixin.py:115} INFO - [2022-12-28 20:37:43,817] {dag.py:2919} INFO - Setting next_dagrun for parking_pipeline to 2022-12-28T20:37:43.276734+00:00, run_after=2022-12-28T20:39:43.276734+00:00
[2022-12-28 20:37:43,825] {processor.py:161} INFO - Processing /opt/airflow/dags/parking_dag.py took 0.355 seconds
[2022-12-28 20:38:13,993] {processor.py:153} INFO - Started process (PID=1900) to work on /opt/airflow/dags/parking_dag.py
[2022-12-28 20:38:13,994] {processor.py:641} INFO - Processing file /opt/airflow/dags/parking_dag.py for tasks to queue
[2022-12-28 20:38:13,995] {logging_mixin.py:115} INFO - [2022-12-28 20:38:13,995] {dagbag.py:507} INFO - Filling up the DagBag from /opt/airflow/dags/parking_dag.py
[2022-12-28 20:38:14,246] {processor.py:651} INFO - DAG(s) dict_keys(['parking_pipeline']) retrieved from /opt/airflow/dags/parking_dag.py
[2022-12-28 20:38:14,271] {logging_mixin.py:115} INFO - [2022-12-28 20:38:14,271] {dag.py:2371} INFO - Sync 1 DAGs
[2022-12-28 20:38:14,283] {logging_mixin.py:115} INFO - [2022-12-28 20:38:14,283] {dag.py:2919} INFO - Setting next_dagrun for parking_pipeline to 2022-12-28T20:37:43.276734+00:00, run_after=2022-12-28T20:39:43.276734+00:00
[2022-12-28 20:38:14,290] {processor.py:161} INFO - Processing /opt/airflow/dags/parking_dag.py took 0.300 seconds
[2022-12-28 20:38:44,478] {processor.py:153} INFO - Started process (PID=1929) to work on /opt/airflow/dags/parking_dag.py
[2022-12-28 20:38:44,481] {processor.py:641} INFO - Processing file /opt/airflow/dags/parking_dag.py for tasks to queue
[2022-12-28 20:38:44,483] {logging_mixin.py:115} INFO - [2022-12-28 20:38:44,483] {dagbag.py:507} INFO - Filling up the DagBag from /opt/airflow/dags/parking_dag.py
[2022-12-28 20:38:44,757] {processor.py:651} INFO - DAG(s) dict_keys(['parking_pipeline']) retrieved from /opt/airflow/dags/parking_dag.py
[2022-12-28 20:38:44,781] {logging_mixin.py:115} INFO - [2022-12-28 20:38:44,781] {dag.py:2371} INFO - Sync 1 DAGs
[2022-12-28 20:38:44,793] {logging_mixin.py:115} INFO - [2022-12-28 20:38:44,793] {dag.py:2919} INFO - Setting next_dagrun for parking_pipeline to 2022-12-28T20:37:43.276734+00:00, run_after=2022-12-28T20:39:43.276734+00:00
[2022-12-28 20:38:44,800] {processor.py:161} INFO - Processing /opt/airflow/dags/parking_dag.py took 0.329 seconds
[2022-12-28 20:39:15,016] {processor.py:153} INFO - Started process (PID=1957) to work on /opt/airflow/dags/parking_dag.py
[2022-12-28 20:39:15,017] {processor.py:641} INFO - Processing file /opt/airflow/dags/parking_dag.py for tasks to queue
[2022-12-28 20:39:15,018] {logging_mixin.py:115} INFO - [2022-12-28 20:39:15,018] {dagbag.py:507} INFO - Filling up the DagBag from /opt/airflow/dags/parking_dag.py
[2022-12-28 20:39:15,296] {processor.py:651} INFO - DAG(s) dict_keys(['parking_pipeline']) retrieved from /opt/airflow/dags/parking_dag.py
[2022-12-28 20:39:15,322] {logging_mixin.py:115} INFO - [2022-12-28 20:39:15,321] {dag.py:2371} INFO - Sync 1 DAGs
[2022-12-28 20:39:15,334] {logging_mixin.py:115} INFO - [2022-12-28 20:39:15,334] {dag.py:2919} INFO - Setting next_dagrun for parking_pipeline to 2022-12-28T20:37:43.276734+00:00, run_after=2022-12-28T20:39:43.276734+00:00
[2022-12-28 20:39:15,341] {processor.py:161} INFO - Processing /opt/airflow/dags/parking_dag.py took 0.330 seconds
[2022-12-28 20:39:45,471] {processor.py:153} INFO - Started process (PID=1976) to work on /opt/airflow/dags/parking_dag.py
[2022-12-28 20:39:45,472] {processor.py:641} INFO - Processing file /opt/airflow/dags/parking_dag.py for tasks to queue
[2022-12-28 20:39:45,473] {logging_mixin.py:115} INFO - [2022-12-28 20:39:45,473] {dagbag.py:507} INFO - Filling up the DagBag from /opt/airflow/dags/parking_dag.py
[2022-12-28 20:39:45,742] {processor.py:651} INFO - DAG(s) dict_keys(['parking_pipeline']) retrieved from /opt/airflow/dags/parking_dag.py
[2022-12-28 20:39:45,767] {logging_mixin.py:115} INFO - [2022-12-28 20:39:45,767] {dag.py:2371} INFO - Sync 1 DAGs
[2022-12-28 20:39:45,780] {logging_mixin.py:115} INFO - [2022-12-28 20:39:45,780] {dag.py:2919} INFO - Setting next_dagrun for parking_pipeline to 2022-12-28T20:39:43.276734+00:00, run_after=2022-12-28T20:41:43.276734+00:00
[2022-12-28 20:39:45,788] {processor.py:161} INFO - Processing /opt/airflow/dags/parking_dag.py took 0.320 seconds
[2022-12-28 20:40:15,949] {processor.py:153} INFO - Started process (PID=2005) to work on /opt/airflow/dags/parking_dag.py
[2022-12-28 20:40:15,951] {processor.py:641} INFO - Processing file /opt/airflow/dags/parking_dag.py for tasks to queue
[2022-12-28 20:40:15,952] {logging_mixin.py:115} INFO - [2022-12-28 20:40:15,952] {dagbag.py:507} INFO - Filling up the DagBag from /opt/airflow/dags/parking_dag.py
[2022-12-28 20:40:16,210] {processor.py:651} INFO - DAG(s) dict_keys(['parking_pipeline']) retrieved from /opt/airflow/dags/parking_dag.py
[2022-12-28 20:40:16,236] {logging_mixin.py:115} INFO - [2022-12-28 20:40:16,235] {dag.py:2371} INFO - Sync 1 DAGs
[2022-12-28 20:40:16,248] {logging_mixin.py:115} INFO - [2022-12-28 20:40:16,248] {dag.py:2919} INFO - Setting next_dagrun for parking_pipeline to 2022-12-28T20:39:43.276734+00:00, run_after=2022-12-28T20:41:43.276734+00:00
[2022-12-28 20:40:16,254] {processor.py:161} INFO - Processing /opt/airflow/dags/parking_dag.py took 0.308 seconds
[2022-12-28 20:40:46,460] {processor.py:153} INFO - Started process (PID=2034) to work on /opt/airflow/dags/parking_dag.py
[2022-12-28 20:40:46,462] {processor.py:641} INFO - Processing file /opt/airflow/dags/parking_dag.py for tasks to queue
[2022-12-28 20:40:46,464] {logging_mixin.py:115} INFO - [2022-12-28 20:40:46,464] {dagbag.py:507} INFO - Filling up the DagBag from /opt/airflow/dags/parking_dag.py
[2022-12-28 20:40:46,785] {processor.py:651} INFO - DAG(s) dict_keys(['parking_pipeline']) retrieved from /opt/airflow/dags/parking_dag.py
[2022-12-28 20:40:46,810] {logging_mixin.py:115} INFO - [2022-12-28 20:40:46,809] {dag.py:2371} INFO - Sync 1 DAGs
[2022-12-28 20:40:46,822] {logging_mixin.py:115} INFO - [2022-12-28 20:40:46,822] {dag.py:2919} INFO - Setting next_dagrun for parking_pipeline to 2022-12-28T20:39:43.276734+00:00, run_after=2022-12-28T20:41:43.276734+00:00
[2022-12-28 20:40:46,829] {processor.py:161} INFO - Processing /opt/airflow/dags/parking_dag.py took 0.376 seconds
[2022-12-28 20:41:17,022] {processor.py:153} INFO - Started process (PID=2061) to work on /opt/airflow/dags/parking_dag.py
[2022-12-28 20:41:17,024] {processor.py:641} INFO - Processing file /opt/airflow/dags/parking_dag.py for tasks to queue
[2022-12-28 20:41:17,026] {logging_mixin.py:115} INFO - [2022-12-28 20:41:17,026] {dagbag.py:507} INFO - Filling up the DagBag from /opt/airflow/dags/parking_dag.py
[2022-12-28 20:41:17,369] {processor.py:651} INFO - DAG(s) dict_keys(['parking_pipeline']) retrieved from /opt/airflow/dags/parking_dag.py
[2022-12-28 20:41:17,393] {logging_mixin.py:115} INFO - [2022-12-28 20:41:17,393] {dag.py:2371} INFO - Sync 1 DAGs
[2022-12-28 20:41:17,406] {logging_mixin.py:115} INFO - [2022-12-28 20:41:17,406] {dag.py:2919} INFO - Setting next_dagrun for parking_pipeline to 2022-12-28T20:39:43.276734+00:00, run_after=2022-12-28T20:41:43.276734+00:00
[2022-12-28 20:41:17,413] {processor.py:161} INFO - Processing /opt/airflow/dags/parking_dag.py took 0.397 seconds
[2022-12-28 20:41:47,592] {processor.py:153} INFO - Started process (PID=2091) to work on /opt/airflow/dags/parking_dag.py
[2022-12-28 20:41:47,593] {processor.py:641} INFO - Processing file /opt/airflow/dags/parking_dag.py for tasks to queue
[2022-12-28 20:41:47,594] {logging_mixin.py:115} INFO - [2022-12-28 20:41:47,594] {dagbag.py:507} INFO - Filling up the DagBag from /opt/airflow/dags/parking_dag.py
[2022-12-28 20:41:47,850] {processor.py:651} INFO - DAG(s) dict_keys(['parking_pipeline']) retrieved from /opt/airflow/dags/parking_dag.py
[2022-12-28 20:41:47,875] {logging_mixin.py:115} INFO - [2022-12-28 20:41:47,874] {dag.py:2371} INFO - Sync 1 DAGs
[2022-12-28 20:41:47,887] {logging_mixin.py:115} INFO - [2022-12-28 20:41:47,887] {dag.py:2919} INFO - Setting next_dagrun for parking_pipeline to 2022-12-28T20:41:43.276734+00:00, run_after=2022-12-28T20:43:43.276734+00:00
[2022-12-28 20:41:47,894] {processor.py:161} INFO - Processing /opt/airflow/dags/parking_dag.py took 0.305 seconds
[2022-12-28 20:42:18,094] {processor.py:153} INFO - Started process (PID=2111) to work on /opt/airflow/dags/parking_dag.py
[2022-12-28 20:42:18,097] {processor.py:641} INFO - Processing file /opt/airflow/dags/parking_dag.py for tasks to queue
[2022-12-28 20:42:18,098] {logging_mixin.py:115} INFO - [2022-12-28 20:42:18,098] {dagbag.py:507} INFO - Filling up the DagBag from /opt/airflow/dags/parking_dag.py
[2022-12-28 20:42:18,421] {processor.py:651} INFO - DAG(s) dict_keys(['parking_pipeline']) retrieved from /opt/airflow/dags/parking_dag.py
[2022-12-28 20:42:18,585] {logging_mixin.py:115} INFO - [2022-12-28 20:42:18,585] {dag.py:2371} INFO - Sync 1 DAGs
[2022-12-28 20:42:18,603] {logging_mixin.py:115} INFO - [2022-12-28 20:42:18,603] {dag.py:2919} INFO - Setting next_dagrun for parking_pipeline to 2022-12-28T20:41:43.276734+00:00, run_after=2022-12-28T20:43:43.276734+00:00
[2022-12-28 20:42:18,617] {processor.py:161} INFO - Processing /opt/airflow/dags/parking_dag.py took 0.532 seconds
[2022-12-28 20:42:48,848] {processor.py:153} INFO - Started process (PID=2139) to work on /opt/airflow/dags/parking_dag.py
[2022-12-28 20:42:48,851] {processor.py:641} INFO - Processing file /opt/airflow/dags/parking_dag.py for tasks to queue
[2022-12-28 20:42:48,854] {logging_mixin.py:115} INFO - [2022-12-28 20:42:48,854] {dagbag.py:507} INFO - Filling up the DagBag from /opt/airflow/dags/parking_dag.py
[2022-12-28 20:42:49,238] {processor.py:651} INFO - DAG(s) dict_keys(['parking_pipeline']) retrieved from /opt/airflow/dags/parking_dag.py
[2022-12-28 20:42:49,265] {logging_mixin.py:115} INFO - [2022-12-28 20:42:49,265] {dag.py:2371} INFO - Sync 1 DAGs
[2022-12-28 20:42:49,279] {logging_mixin.py:115} INFO - [2022-12-28 20:42:49,279] {dag.py:2919} INFO - Setting next_dagrun for parking_pipeline to 2022-12-28T20:41:43.276734+00:00, run_after=2022-12-28T20:43:43.276734+00:00
[2022-12-28 20:42:49,288] {processor.py:161} INFO - Processing /opt/airflow/dags/parking_dag.py took 0.446 seconds
[2022-12-28 20:43:19,474] {processor.py:153} INFO - Started process (PID=2168) to work on /opt/airflow/dags/parking_dag.py
[2022-12-28 20:43:19,479] {processor.py:641} INFO - Processing file /opt/airflow/dags/parking_dag.py for tasks to queue
[2022-12-28 20:43:19,480] {logging_mixin.py:115} INFO - [2022-12-28 20:43:19,480] {dagbag.py:507} INFO - Filling up the DagBag from /opt/airflow/dags/parking_dag.py
[2022-12-28 20:43:20,015] {processor.py:651} INFO - DAG(s) dict_keys(['parking_pipeline']) retrieved from /opt/airflow/dags/parking_dag.py
[2022-12-28 20:43:20,054] {logging_mixin.py:115} INFO - [2022-12-28 20:43:20,053] {dag.py:2371} INFO - Sync 1 DAGs
[2022-12-28 20:43:20,070] {logging_mixin.py:115} INFO - [2022-12-28 20:43:20,070] {dag.py:2919} INFO - Setting next_dagrun for parking_pipeline to 2022-12-28T20:41:43.276734+00:00, run_after=2022-12-28T20:43:43.276734+00:00
[2022-12-28 20:43:20,078] {processor.py:161} INFO - Processing /opt/airflow/dags/parking_dag.py took 0.611 seconds
[2022-12-28 20:43:50,290] {processor.py:153} INFO - Started process (PID=2197) to work on /opt/airflow/dags/parking_dag.py
[2022-12-28 20:43:50,292] {processor.py:641} INFO - Processing file /opt/airflow/dags/parking_dag.py for tasks to queue
[2022-12-28 20:43:50,295] {logging_mixin.py:115} INFO - [2022-12-28 20:43:50,295] {dagbag.py:507} INFO - Filling up the DagBag from /opt/airflow/dags/parking_dag.py
[2022-12-28 20:43:50,566] {processor.py:651} INFO - DAG(s) dict_keys(['parking_pipeline']) retrieved from /opt/airflow/dags/parking_dag.py
[2022-12-28 20:43:50,591] {logging_mixin.py:115} INFO - [2022-12-28 20:43:50,591] {dag.py:2371} INFO - Sync 1 DAGs
[2022-12-28 20:43:50,604] {logging_mixin.py:115} INFO - [2022-12-28 20:43:50,603] {dag.py:2919} INFO - Setting next_dagrun for parking_pipeline to 2022-12-28T20:43:43.276734+00:00, run_after=2022-12-28T20:45:43.276734+00:00
[2022-12-28 20:43:50,610] {processor.py:161} INFO - Processing /opt/airflow/dags/parking_dag.py took 0.324 seconds
[2022-12-28 20:44:20,727] {processor.py:153} INFO - Started process (PID=2226) to work on /opt/airflow/dags/parking_dag.py
[2022-12-28 20:44:20,728] {processor.py:641} INFO - Processing file /opt/airflow/dags/parking_dag.py for tasks to queue
[2022-12-28 20:44:20,729] {logging_mixin.py:115} INFO - [2022-12-28 20:44:20,729] {dagbag.py:507} INFO - Filling up the DagBag from /opt/airflow/dags/parking_dag.py
[2022-12-28 20:44:21,243] {processor.py:651} INFO - DAG(s) dict_keys(['parking_pipeline']) retrieved from /opt/airflow/dags/parking_dag.py
[2022-12-28 20:44:21,276] {logging_mixin.py:115} INFO - [2022-12-28 20:44:21,275] {dag.py:2371} INFO - Sync 1 DAGs
[2022-12-28 20:44:21,290] {logging_mixin.py:115} INFO - [2022-12-28 20:44:21,290] {dag.py:2919} INFO - Setting next_dagrun for parking_pipeline to 2022-12-28T20:43:43.276734+00:00, run_after=2022-12-28T20:45:43.276734+00:00
[2022-12-28 20:44:21,299] {processor.py:161} INFO - Processing /opt/airflow/dags/parking_dag.py took 0.577 seconds
[2022-12-28 20:44:51,541] {processor.py:153} INFO - Started process (PID=2245) to work on /opt/airflow/dags/parking_dag.py
[2022-12-28 20:44:51,542] {processor.py:641} INFO - Processing file /opt/airflow/dags/parking_dag.py for tasks to queue
[2022-12-28 20:44:51,544] {logging_mixin.py:115} INFO - [2022-12-28 20:44:51,544] {dagbag.py:507} INFO - Filling up the DagBag from /opt/airflow/dags/parking_dag.py
[2022-12-28 20:44:52,043] {processor.py:651} INFO - DAG(s) dict_keys(['parking_pipeline']) retrieved from /opt/airflow/dags/parking_dag.py
[2022-12-28 20:44:52,079] {logging_mixin.py:115} INFO - [2022-12-28 20:44:52,079] {dag.py:2371} INFO - Sync 1 DAGs
[2022-12-28 20:44:52,096] {logging_mixin.py:115} INFO - [2022-12-28 20:44:52,096] {dag.py:2919} INFO - Setting next_dagrun for parking_pipeline to 2022-12-28T20:43:43.276734+00:00, run_after=2022-12-28T20:45:43.276734+00:00
[2022-12-28 20:44:52,104] {processor.py:161} INFO - Processing /opt/airflow/dags/parking_dag.py took 0.570 seconds
[2022-12-28 20:45:22,263] {processor.py:153} INFO - Started process (PID=2275) to work on /opt/airflow/dags/parking_dag.py
[2022-12-28 20:45:22,264] {processor.py:641} INFO - Processing file /opt/airflow/dags/parking_dag.py for tasks to queue
[2022-12-28 20:45:22,265] {logging_mixin.py:115} INFO - [2022-12-28 20:45:22,265] {dagbag.py:507} INFO - Filling up the DagBag from /opt/airflow/dags/parking_dag.py
[2022-12-28 20:45:22,531] {processor.py:651} INFO - DAG(s) dict_keys(['parking_pipeline']) retrieved from /opt/airflow/dags/parking_dag.py
[2022-12-28 20:45:22,556] {logging_mixin.py:115} INFO - [2022-12-28 20:45:22,555] {dag.py:2371} INFO - Sync 1 DAGs
[2022-12-28 20:45:22,568] {logging_mixin.py:115} INFO - [2022-12-28 20:45:22,568] {dag.py:2919} INFO - Setting next_dagrun for parking_pipeline to 2022-12-28T20:43:43.276734+00:00, run_after=2022-12-28T20:45:43.276734+00:00
[2022-12-28 20:45:22,575] {processor.py:161} INFO - Processing /opt/airflow/dags/parking_dag.py took 0.316 seconds
[2022-12-28 20:45:52,754] {processor.py:153} INFO - Started process (PID=2304) to work on /opt/airflow/dags/parking_dag.py
[2022-12-28 20:45:52,756] {processor.py:641} INFO - Processing file /opt/airflow/dags/parking_dag.py for tasks to queue
[2022-12-28 20:45:52,757] {logging_mixin.py:115} INFO - [2022-12-28 20:45:52,757] {dagbag.py:507} INFO - Filling up the DagBag from /opt/airflow/dags/parking_dag.py
[2022-12-28 20:45:53,097] {processor.py:651} INFO - DAG(s) dict_keys(['parking_pipeline']) retrieved from /opt/airflow/dags/parking_dag.py
[2022-12-28 20:45:53,129] {logging_mixin.py:115} INFO - [2022-12-28 20:45:53,129] {dag.py:2371} INFO - Sync 1 DAGs
[2022-12-28 20:45:53,143] {logging_mixin.py:115} INFO - [2022-12-28 20:45:53,143] {dag.py:2919} INFO - Setting next_dagrun for parking_pipeline to 2022-12-28T20:45:43.276734+00:00, run_after=2022-12-28T20:47:43.276734+00:00
[2022-12-28 20:45:53,150] {processor.py:161} INFO - Processing /opt/airflow/dags/parking_dag.py took 0.401 seconds
[2022-12-28 20:46:23,335] {processor.py:153} INFO - Started process (PID=2333) to work on /opt/airflow/dags/parking_dag.py
[2022-12-28 20:46:23,337] {processor.py:641} INFO - Processing file /opt/airflow/dags/parking_dag.py for tasks to queue
[2022-12-28 20:46:23,338] {logging_mixin.py:115} INFO - [2022-12-28 20:46:23,338] {dagbag.py:507} INFO - Filling up the DagBag from /opt/airflow/dags/parking_dag.py
[2022-12-28 20:46:23,585] {processor.py:651} INFO - DAG(s) dict_keys(['parking_pipeline']) retrieved from /opt/airflow/dags/parking_dag.py
[2022-12-28 20:46:23,610] {logging_mixin.py:115} INFO - [2022-12-28 20:46:23,609] {dag.py:2371} INFO - Sync 1 DAGs
[2022-12-28 20:46:23,622] {logging_mixin.py:115} INFO - [2022-12-28 20:46:23,621] {dag.py:2919} INFO - Setting next_dagrun for parking_pipeline to 2022-12-28T20:45:43.276734+00:00, run_after=2022-12-28T20:47:43.276734+00:00
[2022-12-28 20:46:23,628] {processor.py:161} INFO - Processing /opt/airflow/dags/parking_dag.py took 0.297 seconds
[2022-12-28 20:46:53,805] {processor.py:153} INFO - Started process (PID=2360) to work on /opt/airflow/dags/parking_dag.py
[2022-12-28 20:46:53,807] {processor.py:641} INFO - Processing file /opt/airflow/dags/parking_dag.py for tasks to queue
[2022-12-28 20:46:53,807] {logging_mixin.py:115} INFO - [2022-12-28 20:46:53,807] {dagbag.py:507} INFO - Filling up the DagBag from /opt/airflow/dags/parking_dag.py
[2022-12-28 20:46:54,078] {processor.py:651} INFO - DAG(s) dict_keys(['parking_pipeline']) retrieved from /opt/airflow/dags/parking_dag.py
[2022-12-28 20:46:54,108] {logging_mixin.py:115} INFO - [2022-12-28 20:46:54,107] {dag.py:2371} INFO - Sync 1 DAGs
[2022-12-28 20:46:54,123] {logging_mixin.py:115} INFO - [2022-12-28 20:46:54,123] {dag.py:2919} INFO - Setting next_dagrun for parking_pipeline to 2022-12-28T20:45:43.276734+00:00, run_after=2022-12-28T20:47:43.276734+00:00
[2022-12-28 20:46:54,131] {processor.py:161} INFO - Processing /opt/airflow/dags/parking_dag.py took 0.329 seconds
