[2024-10-29 02:51:02,841] {taskinstance.py:1159} INFO - Dependencies all met for <TaskInstance: parking_pipeline.store_data_json scheduled__2024-10-29T02:26:36.903345+00:00 [queued]>
[2024-10-29 02:51:02,857] {taskinstance.py:1159} INFO - Dependencies all met for <TaskInstance: parking_pipeline.store_data_json scheduled__2024-10-29T02:26:36.903345+00:00 [queued]>
[2024-10-29 02:51:02,858] {taskinstance.py:1356} INFO - 
--------------------------------------------------------------------------------
[2024-10-29 02:51:02,858] {taskinstance.py:1357} INFO - Starting attempt 2 of 2
[2024-10-29 02:51:02,859] {taskinstance.py:1358} INFO - 
--------------------------------------------------------------------------------
[2024-10-29 02:51:02,880] {taskinstance.py:1377} INFO - Executing <Task(PythonOperator): store_data_json> on 2024-10-29 02:26:36.903345+00:00
[2024-10-29 02:51:02,899] {standard_task_runner.py:79} INFO - Running: ['***', 'tasks', 'run', 'parking_pipeline', 'store_data_json', 'scheduled__2024-10-29T02:26:36.903345+00:00', '--job-id', '626', '--raw', '--subdir', 'DAGS_FOLDER/parking_dag.py', '--cfg-path', '/tmp/tmpdn1zoe_i', '--error-file', '/tmp/tmpp0ayg3kc']
[2024-10-29 02:51:02,905] {standard_task_runner.py:80} INFO - Job 626: Subtask store_data_json
[2024-10-29 02:51:02,891] {standard_task_runner.py:52} INFO - Started process 89 to run task
[2024-10-29 02:51:03,024] {task_command.py:369} INFO - Running <TaskInstance: parking_pipeline.store_data_json scheduled__2024-10-29T02:26:36.903345+00:00 [running]> on host 6da7af54a32a
[2024-10-29 02:51:03,178] {taskinstance.py:1571} INFO - Exporting the following env vars:
AIRFLOW_CTX_DAG_OWNER=Airflow
AIRFLOW_CTX_DAG_ID=parking_pipeline
AIRFLOW_CTX_TASK_ID=store_data_json
AIRFLOW_CTX_EXECUTION_DATE=2024-10-29T02:26:36.903345+00:00
AIRFLOW_CTX_TRY_NUMBER=2
AIRFLOW_CTX_DAG_RUN_ID=scheduled__2024-10-29T02:26:36.903345+00:00
[2024-10-29 02:51:03,224] {logging_mixin.py:115} INFO - Error storing data in JSON format: 'Variable parking_data_json_path does not exist'. Task will continue.
[2024-10-29 02:51:03,226] {python.py:173} INFO - Done. Returned value was: None
[2024-10-29 02:51:03,253] {taskinstance.py:1400} INFO - Marking task as SUCCESS. dag_id=parking_pipeline, task_id=store_data_json, execution_date=20241029T022636, start_date=20241029T025102, end_date=20241029T025103
[2024-10-29 02:51:03,329] {local_task_job.py:156} INFO - Task exited with return code 0
[2024-10-29 02:51:03,421] {local_task_job.py:273} INFO - 1 downstream tasks scheduled from follow-on schedule check
