[2022-12-27 18:57:11,972] {taskinstance.py:1159} INFO - Dependencies all met for <TaskInstance: parking_pipeline.transform_data scheduled__2022-12-27T18:55:08.092883+00:00 [queued]>
[2022-12-27 18:57:11,978] {taskinstance.py:1159} INFO - Dependencies all met for <TaskInstance: parking_pipeline.transform_data scheduled__2022-12-27T18:55:08.092883+00:00 [queued]>
[2022-12-27 18:57:11,978] {taskinstance.py:1356} INFO - 
--------------------------------------------------------------------------------
[2022-12-27 18:57:11,979] {taskinstance.py:1357} INFO - Starting attempt 1 of 2
[2022-12-27 18:57:11,979] {taskinstance.py:1358} INFO - 
--------------------------------------------------------------------------------
[2022-12-27 18:57:11,988] {taskinstance.py:1377} INFO - Executing <Task(PythonOperator): transform_data> on 2022-12-27 18:55:08.092883+00:00
[2022-12-27 18:57:11,992] {standard_task_runner.py:52} INFO - Started process 1318 to run task
[2022-12-27 18:57:11,996] {standard_task_runner.py:79} INFO - Running: ['***', 'tasks', 'run', 'parking_pipeline', 'transform_data', 'scheduled__2022-12-27T18:55:08.092883+00:00', '--job-id', '50', '--raw', '--subdir', 'DAGS_FOLDER/parking_dag.py', '--cfg-path', '/tmp/tmp5q2_j4wm', '--error-file', '/tmp/tmpmyk643jl']
[2022-12-27 18:57:11,997] {standard_task_runner.py:80} INFO - Job 50: Subtask transform_data
[2022-12-27 18:57:12,063] {task_command.py:369} INFO - Running <TaskInstance: parking_pipeline.transform_data scheduled__2022-12-27T18:55:08.092883+00:00 [running]> on host 8fbeee8d3d5a
[2022-12-27 18:57:12,126] {taskinstance.py:1571} INFO - Exporting the following env vars:
AIRFLOW_CTX_DAG_OWNER=Airflow
AIRFLOW_CTX_DAG_ID=parking_pipeline
AIRFLOW_CTX_TASK_ID=transform_data
AIRFLOW_CTX_EXECUTION_DATE=2022-12-27T18:55:08.092883+00:00
AIRFLOW_CTX_TRY_NUMBER=1
AIRFLOW_CTX_DAG_RUN_ID=scheduled__2022-12-27T18:55:08.092883+00:00
[2022-12-27 18:57:12,140] {taskinstance.py:1889} ERROR - Task failed with exception
Traceback (most recent call last):
  File "/home/airflow/.local/lib/python3.7/site-packages/airflow/operators/python.py", line 171, in execute
    return_value = self.execute_callable()
  File "/home/airflow/.local/lib/python3.7/site-packages/airflow/operators/python.py", line 189, in execute_callable
    return self.python_callable(*self.op_args, **self.op_kwargs)
  File "/opt/airflow/dags/parking_dag.py", line 30, in _transform_parking_data
    d = pd.read_json(parking_data)
  File "/home/airflow/.local/lib/python3.7/site-packages/pandas/util/_decorators.py", line 207, in wrapper
    return func(*args, **kwargs)
  File "/home/airflow/.local/lib/python3.7/site-packages/pandas/util/_decorators.py", line 311, in wrapper
    return func(*args, **kwargs)
  File "/home/airflow/.local/lib/python3.7/site-packages/pandas/io/json/_json.py", line 607, in read_json
    encoding_errors=encoding_errors,
  File "/home/airflow/.local/lib/python3.7/site-packages/pandas/io/json/_json.py", line 675, in __init__
    data = self._get_data_from_filepath(filepath_or_buffer)
  File "/home/airflow/.local/lib/python3.7/site-packages/pandas/io/json/_json.py", line 718, in _get_data_from_filepath
    errors=self.encoding_errors,
  File "/home/airflow/.local/lib/python3.7/site-packages/pandas/io/common.py", line 614, in get_handle
    storage_options=storage_options,
  File "/home/airflow/.local/lib/python3.7/site-packages/pandas/io/common.py", line 396, in _get_filepath_or_buffer
    raise ValueError(msg)
ValueError: Invalid file path or buffer object type: <class 'list'>
[2022-12-27 18:57:12,152] {taskinstance.py:1400} INFO - Marking task as UP_FOR_RETRY. dag_id=parking_pipeline, task_id=transform_data, execution_date=20221227T185508, start_date=20221227T185711, end_date=20221227T185712
[2022-12-27 18:57:12,160] {standard_task_runner.py:97} ERROR - Failed to execute job 50 for task transform_data (Invalid file path or buffer object type: <class 'list'>; 1318)
[2022-12-27 18:57:12,210] {local_task_job.py:156} INFO - Task exited with return code 1
[2022-12-27 18:57:12,238] {local_task_job.py:273} INFO - 0 downstream tasks scheduled from follow-on schedule check
