[2022-12-26 20:45:14,806] {taskinstance.py:1159} INFO - Dependencies all met for <TaskInstance: parking_pipeline.transform_data manual__2022-12-26T20:45:09.650691+00:00 [queued]>
[2022-12-26 20:45:14,813] {taskinstance.py:1159} INFO - Dependencies all met for <TaskInstance: parking_pipeline.transform_data manual__2022-12-26T20:45:09.650691+00:00 [queued]>
[2022-12-26 20:45:14,814] {taskinstance.py:1356} INFO - 
--------------------------------------------------------------------------------
[2022-12-26 20:45:14,814] {taskinstance.py:1357} INFO - Starting attempt 1 of 2
[2022-12-26 20:45:14,815] {taskinstance.py:1358} INFO - 
--------------------------------------------------------------------------------
[2022-12-26 20:45:14,824] {taskinstance.py:1377} INFO - Executing <Task(PythonOperator): transform_data> on 2022-12-26 20:45:09.650691+00:00
[2022-12-26 20:45:14,828] {standard_task_runner.py:52} INFO - Started process 2520 to run task
[2022-12-26 20:45:14,832] {standard_task_runner.py:79} INFO - Running: ['***', 'tasks', 'run', 'parking_pipeline', 'transform_data', 'manual__2022-12-26T20:45:09.650691+00:00', '--job-id', '115', '--raw', '--subdir', 'DAGS_FOLDER/parking_dag.py', '--cfg-path', '/tmp/tmpoctmrr91', '--error-file', '/tmp/tmp3ym33cj1']
[2022-12-26 20:45:14,833] {standard_task_runner.py:80} INFO - Job 115: Subtask transform_data
[2022-12-26 20:45:14,885] {task_command.py:369} INFO - Running <TaskInstance: parking_pipeline.transform_data manual__2022-12-26T20:45:09.650691+00:00 [running]> on host 3d3eee352115
[2022-12-26 20:45:14,945] {taskinstance.py:1571} INFO - Exporting the following env vars:
AIRFLOW_CTX_DAG_OWNER=Airflow
AIRFLOW_CTX_DAG_ID=parking_pipeline
AIRFLOW_CTX_TASK_ID=transform_data
AIRFLOW_CTX_EXECUTION_DATE=2022-12-26T20:45:09.650691+00:00
AIRFLOW_CTX_TRY_NUMBER=1
AIRFLOW_CTX_DAG_RUN_ID=manual__2022-12-26T20:45:09.650691+00:00
[2022-12-26 20:45:14,964] {python.py:173} INFO - Done. Returned value was: None
[2022-12-26 20:45:14,977] {taskinstance.py:1400} INFO - Marking task as SUCCESS. dag_id=parking_pipeline, task_id=transform_data, execution_date=20221226T204509, start_date=20221226T204514, end_date=20221226T204514
[2022-12-26 20:45:15,004] {local_task_job.py:156} INFO - Task exited with return code 0
[2022-12-26 20:45:15,033] {local_task_job.py:273} INFO - 0 downstream tasks scheduled from follow-on schedule check
