[2024-10-29 03:35:10,539] {taskinstance.py:1159} INFO - Dependencies all met for <TaskInstance: parking_pipeline.is_api_available scheduled__2024-10-29T03:33:09.727694+00:00 [queued]>
[2024-10-29 03:35:10,550] {taskinstance.py:1159} INFO - Dependencies all met for <TaskInstance: parking_pipeline.is_api_available scheduled__2024-10-29T03:33:09.727694+00:00 [queued]>
[2024-10-29 03:35:10,550] {taskinstance.py:1356} INFO - 
--------------------------------------------------------------------------------
[2024-10-29 03:35:10,551] {taskinstance.py:1357} INFO - Starting attempt 1 of 2
[2024-10-29 03:35:10,552] {taskinstance.py:1358} INFO - 
--------------------------------------------------------------------------------
[2024-10-29 03:35:10,569] {taskinstance.py:1377} INFO - Executing <Task(HttpSensor): is_api_available> on 2024-10-29 03:33:09.727694+00:00
[2024-10-29 03:35:10,575] {standard_task_runner.py:52} INFO - Started process 2751 to run task
[2024-10-29 03:35:10,578] {standard_task_runner.py:79} INFO - Running: ['***', 'tasks', 'run', 'parking_pipeline', 'is_api_available', 'scheduled__2024-10-29T03:33:09.727694+00:00', '--job-id', '864', '--raw', '--subdir', 'DAGS_FOLDER/parking_dag.py', '--cfg-path', '/tmp/tmph7ddy3ar', '--error-file', '/tmp/tmpseqlill_']
[2024-10-29 03:35:10,579] {standard_task_runner.py:80} INFO - Job 864: Subtask is_api_available
[2024-10-29 03:35:10,635] {task_command.py:369} INFO - Running <TaskInstance: parking_pipeline.is_api_available scheduled__2024-10-29T03:33:09.727694+00:00 [running]> on host 6da7af54a32a
[2024-10-29 03:35:10,715] {taskinstance.py:1571} INFO - Exporting the following env vars:
AIRFLOW_CTX_DAG_OWNER=Airflow
AIRFLOW_CTX_DAG_ID=parking_pipeline
AIRFLOW_CTX_TASK_ID=is_api_available
AIRFLOW_CTX_EXECUTION_DATE=2024-10-29T03:33:09.727694+00:00
AIRFLOW_CTX_TRY_NUMBER=1
AIRFLOW_CTX_DAG_RUN_ID=scheduled__2024-10-29T03:33:09.727694+00:00
[2024-10-29 03:35:10,716] {http.py:97} INFO - Poking: 
[2024-10-29 03:35:10,727] {base.py:68} INFO - Using connection ID 'is_api_available' for task execution.
[2024-10-29 03:35:10,729] {http.py:129} INFO - Sending 'GET' to url: https://datahub-v2.arlingtonva.us/api/ParkingMeter/ParkingTransactions
[2024-10-29 03:35:11,719] {base.py:301} INFO - Success criteria met. Exiting.
[2024-10-29 03:35:11,734] {taskinstance.py:1400} INFO - Marking task as SUCCESS. dag_id=parking_pipeline, task_id=is_api_available, execution_date=20241029T033309, start_date=20241029T033510, end_date=20241029T033511
[2024-10-29 03:35:11,755] {local_task_job.py:156} INFO - Task exited with return code 0
[2024-10-29 03:35:11,809] {local_task_job.py:273} INFO - 1 downstream tasks scheduled from follow-on schedule check
