[2024-10-29 03:31:19,818] {taskinstance.py:1159} INFO - Dependencies all met for <TaskInstance: parking_pipeline.load_data scheduled__2024-10-29T03:29:09.727694+00:00 [queued]>
[2024-10-29 03:31:19,834] {taskinstance.py:1159} INFO - Dependencies all met for <TaskInstance: parking_pipeline.load_data scheduled__2024-10-29T03:29:09.727694+00:00 [queued]>
[2024-10-29 03:31:19,835] {taskinstance.py:1356} INFO - 
--------------------------------------------------------------------------------
[2024-10-29 03:31:19,844] {taskinstance.py:1357} INFO - Starting attempt 1 of 2
[2024-10-29 03:31:19,845] {taskinstance.py:1358} INFO - 
--------------------------------------------------------------------------------
[2024-10-29 03:31:19,867] {taskinstance.py:1377} INFO - Executing <Task(PythonOperator): load_data> on 2024-10-29 03:29:09.727694+00:00
[2024-10-29 03:31:19,875] {standard_task_runner.py:52} INFO - Started process 2553 to run task
[2024-10-29 03:31:19,878] {standard_task_runner.py:79} INFO - Running: ['***', 'tasks', 'run', 'parking_pipeline', 'load_data', 'scheduled__2024-10-29T03:29:09.727694+00:00', '--job-id', '856', '--raw', '--subdir', 'DAGS_FOLDER/parking_dag.py', '--cfg-path', '/tmp/tmpc9nkoiqg', '--error-file', '/tmp/tmp7gj2pq6m']
[2024-10-29 03:31:19,879] {standard_task_runner.py:80} INFO - Job 856: Subtask load_data
[2024-10-29 03:31:19,968] {task_command.py:369} INFO - Running <TaskInstance: parking_pipeline.load_data scheduled__2024-10-29T03:29:09.727694+00:00 [running]> on host 6da7af54a32a
[2024-10-29 03:31:20,071] {taskinstance.py:1571} INFO - Exporting the following env vars:
AIRFLOW_CTX_DAG_OWNER=Airflow
AIRFLOW_CTX_DAG_ID=parking_pipeline
AIRFLOW_CTX_TASK_ID=load_data
AIRFLOW_CTX_EXECUTION_DATE=2024-10-29T03:29:09.727694+00:00
AIRFLOW_CTX_TRY_NUMBER=1
AIRFLOW_CTX_DAG_RUN_ID=scheduled__2024-10-29T03:29:09.727694+00:00
[2024-10-29 03:31:20,087] {postgres.py:127} INFO - Running copy expert: COPY parking_data FROM stdin WITH DELIMITER as ',', filename: ./tmp/processed_parking_data_00.csv
[2024-10-29 03:31:20,103] {base.py:68} INFO - Using connection ID 'postgres' for task execution.
[2024-10-29 03:31:20,119] {python.py:173} INFO - Done. Returned value was: None
[2024-10-29 03:31:20,141] {taskinstance.py:1400} INFO - Marking task as SUCCESS. dag_id=parking_pipeline, task_id=load_data, execution_date=20241029T032909, start_date=20241029T033119, end_date=20241029T033120
[2024-10-29 03:31:20,174] {local_task_job.py:156} INFO - Task exited with return code 0
[2024-10-29 03:31:20,216] {local_task_job.py:273} INFO - 0 downstream tasks scheduled from follow-on schedule check
