[2024-10-20 13:34:22,198] {taskinstance.py:1159} INFO - Dependencies all met for <TaskInstance: parking_pipeline.load_data scheduled__2024-10-20T13:32:13.842377+00:00 [queued]>
[2024-10-20 13:34:22,212] {taskinstance.py:1159} INFO - Dependencies all met for <TaskInstance: parking_pipeline.load_data scheduled__2024-10-20T13:32:13.842377+00:00 [queued]>
[2024-10-20 13:34:22,213] {taskinstance.py:1356} INFO - 
--------------------------------------------------------------------------------
[2024-10-20 13:34:22,214] {taskinstance.py:1357} INFO - Starting attempt 1 of 2
[2024-10-20 13:34:22,215] {taskinstance.py:1358} INFO - 
--------------------------------------------------------------------------------
[2024-10-20 13:34:22,231] {taskinstance.py:1377} INFO - Executing <Task(PythonOperator): load_data> on 2024-10-20 13:32:13.842377+00:00
[2024-10-20 13:34:22,238] {standard_task_runner.py:52} INFO - Started process 449 to run task
[2024-10-20 13:34:22,241] {standard_task_runner.py:79} INFO - Running: ['***', 'tasks', 'run', 'parking_pipeline', 'load_data', 'scheduled__2024-10-20T13:32:13.842377+00:00', '--job-id', '141', '--raw', '--subdir', 'DAGS_FOLDER/parking_dag.py', '--cfg-path', '/tmp/tmpjknj6o0e', '--error-file', '/tmp/tmpcwkz24f9']
[2024-10-20 13:34:22,242] {standard_task_runner.py:80} INFO - Job 141: Subtask load_data
[2024-10-20 13:34:22,300] {task_command.py:369} INFO - Running <TaskInstance: parking_pipeline.load_data scheduled__2024-10-20T13:32:13.842377+00:00 [running]> on host cca6e04cab7b
[2024-10-20 13:34:22,380] {taskinstance.py:1571} INFO - Exporting the following env vars:
AIRFLOW_CTX_DAG_OWNER=Airflow
AIRFLOW_CTX_DAG_ID=parking_pipeline
AIRFLOW_CTX_TASK_ID=load_data
AIRFLOW_CTX_EXECUTION_DATE=2024-10-20T13:32:13.842377+00:00
AIRFLOW_CTX_TRY_NUMBER=1
AIRFLOW_CTX_DAG_RUN_ID=scheduled__2024-10-20T13:32:13.842377+00:00
[2024-10-20 13:34:22,392] {postgres.py:127} INFO - Running copy expert: COPY parking_data FROM stdin WITH DELIMITER as ',', filename: ./tmp/processed_parking_data_00.csv
[2024-10-20 13:34:22,402] {base.py:68} INFO - Using connection ID 'postgres' for task execution.
[2024-10-20 13:34:22,410] {python.py:173} INFO - Done. Returned value was: None
[2024-10-20 13:34:22,427] {taskinstance.py:1400} INFO - Marking task as SUCCESS. dag_id=parking_pipeline, task_id=load_data, execution_date=20241020T133213, start_date=20241020T133422, end_date=20241020T133422
[2024-10-20 13:34:22,454] {local_task_job.py:156} INFO - Task exited with return code 0
[2024-10-20 13:34:22,493] {local_task_job.py:273} INFO - 0 downstream tasks scheduled from follow-on schedule check
