[2022-12-26 20:22:26,646] {taskinstance.py:1159} INFO - Dependencies all met for <TaskInstance: parking_pipeline.create_table scheduled__2022-12-26T20:20:24.448414+00:00 [queued]>
[2022-12-26 20:22:26,653] {taskinstance.py:1159} INFO - Dependencies all met for <TaskInstance: parking_pipeline.create_table scheduled__2022-12-26T20:20:24.448414+00:00 [queued]>
[2022-12-26 20:22:26,653] {taskinstance.py:1356} INFO - 
--------------------------------------------------------------------------------
[2022-12-26 20:22:26,654] {taskinstance.py:1357} INFO - Starting attempt 1 of 2
[2022-12-26 20:22:26,654] {taskinstance.py:1358} INFO - 
--------------------------------------------------------------------------------
[2022-12-26 20:22:26,663] {taskinstance.py:1377} INFO - Executing <Task(PostgresOperator): create_table> on 2022-12-26 20:20:24.448414+00:00
[2022-12-26 20:22:26,667] {standard_task_runner.py:52} INFO - Started process 1219 to run task
[2022-12-26 20:22:26,671] {standard_task_runner.py:79} INFO - Running: ['***', 'tasks', 'run', 'parking_pipeline', 'create_table', 'scheduled__2022-12-26T20:20:24.448414+00:00', '--job-id', '57', '--raw', '--subdir', 'DAGS_FOLDER/parking_dag.py', '--cfg-path', '/tmp/tmpxr2kb1xa', '--error-file', '/tmp/tmpiz_ctu3b']
[2022-12-26 20:22:26,673] {standard_task_runner.py:80} INFO - Job 57: Subtask create_table
[2022-12-26 20:22:26,722] {task_command.py:369} INFO - Running <TaskInstance: parking_pipeline.create_table scheduled__2022-12-26T20:20:24.448414+00:00 [running]> on host 3d3eee352115
[2022-12-26 20:22:26,785] {taskinstance.py:1571} INFO - Exporting the following env vars:
AIRFLOW_CTX_DAG_OWNER=Airflow
AIRFLOW_CTX_DAG_ID=parking_pipeline
AIRFLOW_CTX_TASK_ID=create_table
AIRFLOW_CTX_EXECUTION_DATE=2022-12-26T20:20:24.448414+00:00
AIRFLOW_CTX_TRY_NUMBER=1
AIRFLOW_CTX_DAG_RUN_ID=scheduled__2022-12-26T20:20:24.448414+00:00
[2022-12-26 20:22:26,796] {base.py:68} INFO - Using connection ID 'postgres' for task execution.
[2022-12-26 20:22:26,802] {dbapi.py:208} INFO - Running statement: 
            drop table if exists parking_data;
            create table parking_data(
                parkingTransactionKey int not null,
                symbol text not null
            );
        , parameters: None
[2022-12-26 20:22:26,826] {taskinstance.py:1400} INFO - Marking task as SUCCESS. dag_id=parking_pipeline, task_id=create_table, execution_date=20221226T202024, start_date=20221226T202226, end_date=20221226T202226
[2022-12-26 20:22:26,844] {local_task_job.py:156} INFO - Task exited with return code 0
[2022-12-26 20:22:26,881] {local_task_job.py:273} INFO - 1 downstream tasks scheduled from follow-on schedule check
