[2022-12-26 20:20:28,826] {taskinstance.py:1159} INFO - Dependencies all met for <TaskInstance: parking_pipeline.transform_data scheduled__2022-12-26T20:18:24.448414+00:00 [queued]>
[2022-12-26 20:20:28,834] {taskinstance.py:1159} INFO - Dependencies all met for <TaskInstance: parking_pipeline.transform_data scheduled__2022-12-26T20:18:24.448414+00:00 [queued]>
[2022-12-26 20:20:28,835] {taskinstance.py:1356} INFO - 
--------------------------------------------------------------------------------
[2022-12-26 20:20:28,835] {taskinstance.py:1357} INFO - Starting attempt 1 of 2
[2022-12-26 20:20:28,836] {taskinstance.py:1358} INFO - 
--------------------------------------------------------------------------------
[2022-12-26 20:20:28,847] {taskinstance.py:1377} INFO - Executing <Task(PythonOperator): transform_data> on 2022-12-26 20:18:24.448414+00:00
[2022-12-26 20:20:28,851] {standard_task_runner.py:52} INFO - Started process 1121 to run task
[2022-12-26 20:20:28,855] {standard_task_runner.py:79} INFO - Running: ['***', 'tasks', 'run', 'parking_pipeline', 'transform_data', 'scheduled__2022-12-26T20:18:24.448414+00:00', '--job-id', '55', '--raw', '--subdir', 'DAGS_FOLDER/parking_dag.py', '--cfg-path', '/tmp/tmpl05477mn', '--error-file', '/tmp/tmpaik25bp3']
[2022-12-26 20:20:28,857] {standard_task_runner.py:80} INFO - Job 55: Subtask transform_data
[2022-12-26 20:20:28,913] {task_command.py:369} INFO - Running <TaskInstance: parking_pipeline.transform_data scheduled__2022-12-26T20:18:24.448414+00:00 [running]> on host 3d3eee352115
[2022-12-26 20:20:28,975] {taskinstance.py:1571} INFO - Exporting the following env vars:
AIRFLOW_CTX_DAG_OWNER=Airflow
AIRFLOW_CTX_DAG_ID=parking_pipeline
AIRFLOW_CTX_TASK_ID=transform_data
AIRFLOW_CTX_EXECUTION_DATE=2022-12-26T20:18:24.448414+00:00
AIRFLOW_CTX_TRY_NUMBER=1
AIRFLOW_CTX_DAG_RUN_ID=scheduled__2022-12-26T20:18:24.448414+00:00
[2022-12-26 20:20:28,996] {python.py:173} INFO - Done. Returned value was: None
[2022-12-26 20:20:29,009] {taskinstance.py:1400} INFO - Marking task as SUCCESS. dag_id=parking_pipeline, task_id=transform_data, execution_date=20221226T201824, start_date=20221226T202028, end_date=20221226T202029
[2022-12-26 20:20:29,028] {local_task_job.py:156} INFO - Task exited with return code 0
[2022-12-26 20:20:29,085] {local_task_job.py:273} INFO - 0 downstream tasks scheduled from follow-on schedule check
