[2022-12-27 20:15:56,201] {taskinstance.py:1159} INFO - Dependencies all met for <TaskInstance: parking_pipeline.extract_user scheduled__2022-12-27T20:13:52.464069+00:00 [queued]>
[2022-12-27 20:15:56,207] {taskinstance.py:1159} INFO - Dependencies all met for <TaskInstance: parking_pipeline.extract_user scheduled__2022-12-27T20:13:52.464069+00:00 [queued]>
[2022-12-27 20:15:56,208] {taskinstance.py:1356} INFO - 
--------------------------------------------------------------------------------
[2022-12-27 20:15:56,209] {taskinstance.py:1357} INFO - Starting attempt 1 of 2
[2022-12-27 20:15:56,209] {taskinstance.py:1358} INFO - 
--------------------------------------------------------------------------------
[2022-12-27 20:15:56,218] {taskinstance.py:1377} INFO - Executing <Task(SimpleHttpOperator): extract_user> on 2022-12-27 20:13:52.464069+00:00
[2022-12-27 20:15:56,222] {standard_task_runner.py:52} INFO - Started process 5545 to run task
[2022-12-27 20:15:56,226] {standard_task_runner.py:79} INFO - Running: ['***', 'tasks', 'run', 'parking_pipeline', 'extract_user', 'scheduled__2022-12-27T20:13:52.464069+00:00', '--job-id', '175', '--raw', '--subdir', 'DAGS_FOLDER/parking_dag.py', '--cfg-path', '/tmp/tmp28mewglj', '--error-file', '/tmp/tmplm2gpm8m']
[2022-12-27 20:15:56,228] {standard_task_runner.py:80} INFO - Job 175: Subtask extract_user
[2022-12-27 20:15:56,280] {task_command.py:369} INFO - Running <TaskInstance: parking_pipeline.extract_user scheduled__2022-12-27T20:13:52.464069+00:00 [running]> on host 8fbeee8d3d5a
[2022-12-27 20:15:56,342] {taskinstance.py:1571} INFO - Exporting the following env vars:
AIRFLOW_CTX_DAG_OWNER=Airflow
AIRFLOW_CTX_DAG_ID=parking_pipeline
AIRFLOW_CTX_TASK_ID=extract_user
AIRFLOW_CTX_EXECUTION_DATE=2022-12-27T20:13:52.464069+00:00
AIRFLOW_CTX_TRY_NUMBER=1
AIRFLOW_CTX_DAG_RUN_ID=scheduled__2022-12-27T20:13:52.464069+00:00
[2022-12-27 20:15:56,344] {http.py:102} INFO - Calling HTTP method
[2022-12-27 20:15:56,354] {base.py:68} INFO - Using connection ID 'is_api_available' for task execution.
[2022-12-27 20:15:56,356] {http.py:129} INFO - Sending 'GET' to url: https://datahub-v2.arlingtonva.us/api/ParkingMeter/ParkingTransactions/?$top=50
[2022-12-27 20:15:56,511] {http.py:106} INFO - [
  {
    "parkingTransactionKey": 3,
    "transactionSourceCode": "IPS",
    "meterId": "9H3801N",
    "zoneNbr": "54210",
    "startDtm": "2015-12-31T17:40:58.000Z",
    "endDtm": "2015-12-31T17:50:58.000Z",
    "transactionAmt": "0.25",
    "paymentTypeName": "Coins",
    "transactionStatusCode": null,
    "meterManufacturerName": "IPS",
    "blockNbr": 3800,
    "sourceStreetDisplayName": "9TH ST N",
    "sideDirectionName": "East",
    "latitudeCrd": "38.88171931",
    "longitudeCrd": "-77.10489691",
    "statePlaneXCrd": "11880042.86375000",
    "statePlaneYCrd": "7007170.14562500",
    "handicapInd": true,
    "timeRestrictionDsc": "MON - SAT 8AM - 8PM",
    "maxHoursCnt": "4.0",
    "meterTypeDsc": "Double",
    "dollarPerHourRate": "1.75",
    "activeStatusInd": false,
    "zoneSpaceCnt": "1.00",
    "metroAreaName": "Virginia Square"
  },
  {
    "parkingTransactionKey": 18,
    "transactionSourceCode": "IPS",
    "meterId": "CBH1701N",
    "zoneNbr": "54487",
    "startDtm": "2015-12-31T16:39:24.000Z",
    "endDtm": "2015-12-31T17:06:59.000Z",
    "transactionAmt": "0.50",
    "paymentTypeName": "Coins",
    "transactionStatusCode": null,
    "meterManufacturerName": "IPS",
    "blockNbr": 1700,
    "sourceStreetDisplayName": "CLARENDON BLVD",
    "sideDirectionName": "North",
    "latitudeCrd": "38.89315968",
    "longitudeCrd": "-77.07834702",
    "statePlaneXCrd": "11887535.34937500",
    "statePlaneYCrd": "7011452.18625000",
    "handicapInd": true,
    "timeRestrictionDsc": "MON-SAT 8AM-6PM",
    "maxHoursCnt": "4.0",
    "meterTypeDsc": "Single",
    "dollarPerHourRate": "1.25",
    "activeStatusInd": true,
    "zoneSpaceCnt": "1.00",
    "metroAreaName": "Rosslyn"
  },
  {
    "parkingTransactionKey": 28,
    "transactionSourceCode": "IPS",
    "meterId": "ULH1412N",
    "zoneNbr": "54408",
    "startDtm": "2015-12-31T16:00:32.000Z",
    "endDtm": "2015-12-31T17:16:19.000Z",
    "transactionAmt": "0.25",
    "paymentTypeName": "Coins",
    "transactionStatusCode": null,
    "meterManufacturerName": "IPS",
    "blockNbr": 1400,
    "sourceStreetDisplayName": "N UHLE ST",
    "sideDirectionName": "West",
    "latitudeCrd": "38.88985375",
    "longitudeCrd": "-77.08474623",
    "statePlaneXCrd": "11885732.76812500",
    "statePlaneYCrd": "7010220.16374999",
    "handicapInd": true,
    "timeRestrictionDsc": "MON - SAT 8AM - 8PM",
    "maxHoursCnt": "1.0",
    "meterTypeDsc": "Single",
    "dollarPerHourRate": "1.75",
    "activeStatusInd": false,
    "zoneSpaceCnt": "2.00",
    "metroAreaName": "Courthouse"
  },
  {
    "parkingTransactionKey": 49,
    "transactionSourceCode": "IPS",
    "meterId": "191106N",
    "zoneNbr": "54520",
    "startDtm": "2015-12-31T14:31:08.000Z",
    "endDtm": "2015-12-31T14:53:08.000Z",
    "transactionAmt": "0.55",
    "paymentTypeName": "Coins",
    "transactionStatusCode": null,
    "meterManufacturerName": "IPS",
    "blockNbr": 1100,
    "sourceStreetDisplayName": "19TH ST N",
    "sideDirectionName": "East",
    "latitudeCrd": "38.89699722",
    "longitudeCrd": "-77.07008220",
    "statePlaneXCrd": "11889865.64812500",
    "statePlaneYCrd": "7012886.19062500",
    "handicapInd": false,
    "timeRestrictionDsc": "MON-SAT 8AM-6PM",
    "maxHoursCnt": "4.0",
    "meterTypeDsc": "Double",
    "dollarPerHourRate": "1.25",
    "activeStatusInd": true,
    "zoneSpaceCnt": "5.00",
    "metroAreaName": "Rosslyn"
  },
  {
    "parkingTransactionKey": 61,
    "transactionSourceCode": "IPS",
    "meterId": "Wi1001n",
    "zoneNbr": "54509",
    "startDtm": "2015-12-31T13:50:46.000Z",
    "endDtm": "2015-12-31T14:18:46.000Z",
    "transactionAmt": "0.70",
    "paymentTypeName": "Coins",
    "transactionStatusCode": null,
    "meterManufacturerName": "IPS",
    "blockNbr": 1000,
    "sourceStreetDisplayName": "WILSON BLVD",
    "sideDirectionName": "North",
    "latitudeCrd": "38.89468803",
    "longitudeCrd": "-77.06904618",
    "statePlaneXCrd": "11890173.58000000",
    "statePlaneYCrd": "7012049.87562500",
    "handicapInd": false,
    "timeRestrictionDsc": "MON-SAT 8AM-6PM",
    "maxHoursCnt": "4.0",
    "meterTypeDsc": "Single",
    "dollarPerHourRate": "1.25",
    "activeStatusInd": true,
    "zoneSpaceCnt": "2.00",
    "metroAreaName": "Rosslyn"
  },
  {
    "parkingTransactionKey": 7,
    "transactionSourceCode": "IPS",
    "meterId": "WIH3101N",
    "zoneNbr": "54307",
    "startDtm": "2015-12-31T17:33:51.000Z",
    "endDtm": "2015-12-31T17:57:51.000Z",
    "transactionAmt": "0.60",
    "paymentTypeName": "Coins",
    "transactionStatusCode": null,
    "meterManufacturerName": "IPS",
    "blockNbr": 3100,
    "sourceStreetDisplayName": "WILSON BLVD",
    "sideDirectionName": "North",
    "latitudeCrd": "38.88707055",
    "longitudeCrd": "-77.09563209",
    "statePlaneXCrd": "11882650.13937500",
    "statePlaneYCrd": "7009159.05625001",
    "handicapInd": true,
    "timeRestrictionDsc": "MON-SAT 8AM-6PM",
    "maxHoursCnt": "4.0",
    "meterTypeDsc": "Single",
    "dollarPerHourRate": "1.25",
    "activeStatusInd": true,
    "zoneSpaceCnt": "1.00",
    "metroAreaName": "Clarendon"
  },
  {
    "parkingTransactionKey": 12,
    "transactionSourceCode": "IPS",
    "meterId": "QUH2717S",
    "zoneNbr": "54016",
    "startDtm": "2015-12-31T17:03:07.000Z",
    "endDtm": "2015-12-31T17:47:50.000Z",
    "transactionAmt": "0.50",
    "paymentTypeName": "Coins",
    "transactionStatusCode": null,
    "meterManufacturerName": "IPS",
    "blockNbr": 2700,
    "sourceStreetDisplayName": "S QUINCY ST",
    "sideDirectionName": "East",
    "latitudeCrd": "38.84111105",
    "longitudeCrd": "-77.08659267",
    "statePlaneXCrd": "11885480.57000000",
    "statePlaneYCrd": "6992462.10625000",
    "handicapInd": true,
    "timeRestrictionDsc": "MON-SAT 8AM-6PM",
    "maxHoursCnt": "4.0",
    "meterTypeDsc": "Single",
    "dollarPerHourRate": "1.25",
    "activeStatusInd": true,
    "zoneSpaceCnt": "1.00",
    "metroAreaName": "Shirlington"
  },
  {
    "parkingTransactionKey": 37,
    "transactionSourceCode": "IPS",
    "meterId": "UL1404N",
    "zoneNbr": "54407",
    "startDtm": "2015-12-31T15:22:54.000Z",
    "endDtm": "2015-12-31T16:22:54.000Z",
    "transactionAmt": "1.75",
    "paymentTypeName": "Coins",
    "transactionStatusCode": null,
    "meterManufacturerName": "IPS",
    "blockNbr": 1400,
    "sourceStreetDisplayName": "N UHLE ST",
    "sideDirectionName": "West",
    "latitudeCrd": "38.88973072",
    "longitudeCrd": "-77.08473120",
    "statePlaneXCrd": "11885737.73750000",
    "statePlaneYCrd": "7010175.42874999",
    "handicapInd": false,
    "timeRestrictionDsc": "MON-FRI 8AM-6PM",
    "maxHoursCnt": "1.0",
    "meterTypeDsc": "Double",
    "dollarPerHourRate": "1.25",
    "activeStatusInd": true,
    "zoneSpaceCnt": "5.00",
    "metroAreaName": "Courthouse"
  },
  {
    "parkingTransactionKey": 46,
    "transactionSourceCode": "IPS",
    "meterId": "CHH1405N",
    "zoneNbr": "54413",
    "startDtm": "2015-12-31T14:48:02.000Z",
    "endDtm": "2015-12-31T15:27:02.000Z",
    "transactionAmt": "0.65",
    "paymentTypeName": "Coins",
    "transactionStatusCode": null,
    "meterManufacturerName": "IPS",
    "blockNbr": 1400,
    "sourceStreetDisplayName": "N COURTHOUSE RD",
    "sideDirectionName": "East",
    "latitudeCrd": "38.88993814",
    "longitudeCrd": "-77.08366436",
    "statePlaneXCrd": "11886040.19562500",
    "statePlaneYCrd": "7010255.64250000",
    "handicapInd": true,
    "timeRestrictionDsc": "MON - FRI 8AM - 8PM",
    "maxHoursCnt": "12.0",
    "meterTypeDsc": "Single",
    "dollarPerHourRate": "1.50",
    "activeStatusInd": false,
    "zoneSpaceCnt": "6.00",
    "metroAreaName": "Courthouse"
  },
  {
    "parkingTransactionKey": 55,
    "transactionSourceCode": "IPS",
    "meterId": "UL1402N",
    "zoneNbr": "54407",
    "startDtm": "2015-12-31T14:06:31.000Z",
    "endDtm": "2015-12-31T15:06:31.000Z",
    "transactionAmt": "1.50",
    "paymentTypeName": "Credit Card",
    "transactionStatusCode": "Approved",
    "meterManufacturerName": "IPS",
    "blockNbr": 1400,
    "sourceStreetDisplayName": "N UHLE ST",
    "sideDirectionName": "West",
    "latitudeCrd": "38.88972845",
    "longitudeCrd": "-77.08473087",
    "statePlaneXCrd": "11885737.84437500",
    "statePlaneYCrd": "7010174.59999999",
    "handicapInd": false,
    "timeRestrictionDsc": "MON-FRI 8AM-6PM",
    "maxHoursCnt": "1.0",
    "meterTypeDsc": "Double",
    "dollarPerHourRate": "1.25",
    "activeStatusInd": true,
    "zoneSpaceCnt": "5.00",
    "metroAreaName": "Courthouse"
  },
  {
    "parkingTransactionKey": 81,
    "transactionSourceCode": "IPS",
    "meterId": "UL1404N",
    "zoneNbr": "54407",
    "startDtm": "2015-12-31T12:59:18.000Z",
    "endDtm": "2015-12-31T13:27:38.000Z",
    "transactionAmt": "0.25",
    "paymentTypeName": "Coins",
    "transactionStatusCode": null,
    "meterManufacturerName": "IPS",
    "blockNbr": 1400,
    "sourceStreetDisplayName": "N UHLE ST",
    "sideDirectionName": "West",
    "latitudeCrd": "38.88973072",
    "longitudeCrd": "-77.08473120",
    "statePlaneXCrd": "11885737.73750000",
    "statePlaneYCrd": "7010175.42874999",
    "handicapInd": false,
    "timeRestrictionDsc": "MON-FRI 8AM-6PM",
    "maxHoursCnt": "1.0",
    "meterTypeDsc": "Double",
    "dollarPerHourRate": "1.25",
    "activeStatusInd": true,
    "zoneSpaceCnt": "5.00",
    "metroAreaName": "Courthouse"
  },
  {
    "parkingTransactionKey": 95,
    "transactionSourceCode": "IPS",
    "meterId": "WIH3101N",
    "zoneNbr": "54307",
    "startDtm": "2015-12-31T12:17:51.000Z",
    "endDtm": "2015-12-31T12:27:51.000Z",
    "transactionAmt": "0.25",
    "paymentTypeName": "Coins",
    "transactionStatusCode": null,
    "meterManufacturerName": "IPS",
    "blockNbr": 3100,
    "sourceStreetDisplayName": "WILSON BLVD",
    "sideDirectionName": "North",
    "latitudeCrd": "38.88707055",
    "longitudeCrd": "-77.09563209",
    "statePlaneXCrd": "11882650.13937500",
    "statePlaneYCrd": "7009159.05625001",
    "handicapInd": true,
    "timeRestrictionDsc": "MON-SAT 8AM-6PM",
    "maxHoursCnt": "4.0",
    "meterTypeDsc": "Single",
    "dollarPerHourRate": "1.25",
    "activeStatusInd": true,
    "zoneSpaceCnt": "1.00",
    "metroAreaName": "Clarendon"
  },
  {
    "parkingTransactionKey": 124,
    "transactionSourceCode": "IPS",
    "meterId": "GMH1623N",
    "zoneNbr": "54593",
    "startDtm": "2015-12-31T10:42:22.000Z",
    "endDtm": "2015-12-31T11:02:09.000Z",
    "transactionAmt": "0.25",
    "paymentTypeName": "Coins",
    "transactionStatusCode": null,
    "meterManufacturerName": "IPS",
    "blockNbr": 1600,
    "sourceStreetDisplayName": "N GEORGE MASON DR",
    "sideDirectionName": "East",
    "latitudeCrd": "38.88856401",
    "longitudeCrd": "-77.12835059",
    "statePlaneXCrd": "11873329.87375000",
    "statePlaneYCrd": "7009562.10812500",
    "handicapInd": true,
    "timeRestrictionDsc": "MON - SAT 8AM - 8PM",
    "maxHoursCnt": "4.0",
    "meterTypeDsc": "Single",
    "dollarPerHourRate": "1.50",
    "activeStatusInd": false,
    "zoneSpaceCnt": "1.00",
    "metroAreaName": "Virginia Hospital"
  },
  {
    "parkingTransactionKey": 137,
    "transactionSourceCode": "IPS",
    "meterId": "H315N",
    "zoneNbr": "54468",
    "startDtm": "2015-12-31T09:20:57.000Z",
    "endDtm": "2015-12-31T09:42:57.000Z",
    "transactionAmt": "0.55",
    "paymentTypeName": "Coins",
    "transactionStatusCode": null,
    "meterManufacturerName": "IPS",
    "blockNbr": 1400,
    "sourceStreetDisplayName": "N COURTHOUSE RD",
    "sideDirectionName": "West",
    "latitudeCrd": "38.89039712",
    "longitudeCrd": "-77.08484048",
    "statePlaneXCrd": "11885702.89312500",
    "statePlaneYCrd": "7010417.62187500",
    "handicapInd": true,
    "timeRestrictionDsc": "MON - FRI 8AM - 8PM, SAT 6AM - 12PM",
    "maxHoursCnt": "12.0",
    "meterTypeDsc": "Single",
    "dollarPerHourRate": "1.50",
    "activeStatusInd": false,
    "zoneSpaceCnt": "3.00",
    "metroAreaName": "Courthouse"
  },
  {
    "parkingTransactionKey": 153,
    "transactionSourceCode": "IPS",
    "meterId": "9H4000N",
    "zoneNbr": "54161",
    "startDtm": "2015-12-30T08:44:27.000Z",
    "endDtm": "2015-12-30T12:34:27.000Z",
    "transactionAmt": "5.75",
    "paymentTypeName": "Credit Card",
    "transactionStatusCode": "Approved",
    "meterManufacturerName": "IPS",
    "blockNbr": 4000,
    "sourceStreetDisplayName": "9TH ST N",
    "sideDirectionName": "East",
    "latitudeCrd": "38.88102361",
    "longitudeCrd": "-77.10885734",
    "statePlaneXCrd": "11878919.42812500",
    "statePlaneYCrd": "7006899.69125000",
    "handicapInd": true,
    "timeRestrictionDsc": "MON-SAT 8AM-6PM",
    "maxHoursCnt": "4.0",
    "meterTypeDsc": "Double",
    "dollarPerHourRate": "1.25",
    "activeStatusInd": true,
    "zoneSpaceCnt": "1.00",
    "metroAreaName": "Ballston"
  },
  {
    "parkingTransactionKey": 161,
    "transactionSourceCode": "IPS",
    "meterId": "JO1321S",
    "zoneNbr": "54377",
    "startDtm": "2016-12-31T19:06:45.000Z",
    "endDtm": "2016-12-31T19:06:45.000Z",
    "transactionAmt": "0.50",
    "paymentTypeName": "Coins",
    "transactionStatusCode": null,
    "meterManufacturerName": "POM",
    "blockNbr": 1300,
    "sourceStreetDisplayName": "S JOYCE ST",
    "sideDirectionName": "East",
    "latitudeCrd": "38.86305393",
    "longitudeCrd": "-77.06347883",
    "statePlaneXCrd": "11891938.21812500",
    "statePlaneYCrd": "7000554.87062500",
    "handicapInd": false,
    "timeRestrictionDsc": "MON-SAT 8AM-6PM",
    "maxHoursCnt": "30.0",
    "meterTypeDsc": "Single",
    "dollarPerHourRate": "1.25",
    "activeStatusInd": true,
    "zoneSpaceCnt": "2.00",
    "metroAreaName": "Pentagon City"
  },
  {
    "parkingTransactionKey": 178,
    "transactionSourceCode": "IPS",
    "meterId": "23504S",
    "zoneNbr": "54072",
    "startDtm": "2016-12-31T17:22:25.000Z",
    "endDtm": "2016-12-31T18:00:01.000Z",
    "transactionAmt": "0.10",
    "paymentTypeName": "Coins",
    "transactionStatusCode": null,
    "meterManufacturerName": "IPS",
    "blockNbr": 500,
    "sourceStreetDisplayName": "23RD ST S",
    "sideDirectionName": "South",
    "latitudeCrd": "38.85330584",
    "longitudeCrd": "-77.05414778",
    "statePlaneXCrd": "11894650.74125000",
    "statePlaneYCrd": "6997046.77937500",
    "handicapInd": false,
    "timeRestrictionDsc": "MON - SAT 8AM - 8PM",
    "maxHoursCnt": "2.0",
    "meterTypeDsc": "Single",
    "dollarPerHourRate": "1.75",
    "activeStatusInd": false,
    "zoneSpaceCnt": "11.00",
    "metroAreaName": "Crystal City"
  },
  {
    "parkingTransactionKey": 191,
    "transactionSourceCode": "IPS",
    "meterId": "ADH901S",
    "zoneNbr": "54668",
    "startDtm": "2016-12-31T16:55:32.000Z",
    "endDtm": "2016-12-31T16:55:32.000Z",
    "transactionAmt": "0.25",
    "paymentTypeName": "Coins",
    "transactionStatusCode": null,
    "meterManufacturerName": "IPS",
    "blockNbr": 900,
    "sourceStreetDisplayName": "S ADAMS ST",
    "sideDirectionName": "West",
    "latitudeCrd": "38.86382777",
    "longitudeCrd": "-77.08345086",
    "statePlaneXCrd": "11886247.68750000",
    "statePlaneYCrd": "7000748.30500001",
    "handicapInd": true,
    "timeRestrictionDsc": "MON - SAT 8AM - 8PM",
    "maxHoursCnt": "4.0",
    "meterTypeDsc": "Single",
    "dollarPerHourRate": "1.25",
    "activeStatusInd": false,
    "zoneSpaceCnt": "1.00",
    "metroAreaName": "Columbia Pike"
  },
  {
    "parkingTransactionKey": 206,
    "transactionSourceCode": "IPS",
    "meterId": "CB2400N",
    "zoneNbr": "54441",
    "startDtm": "2016-12-31T16:23:03.000Z",
    "endDtm": "2016-12-31T16:33:03.000Z",
    "transactionAmt": "0.25",
    "paymentTypeName": "Coins",
    "transactionStatusCode": null,
    "meterManufacturerName": "MacKay",
    "blockNbr": 2400,
    "sourceStreetDisplayName": "CLARENDON BLVD",
    "sideDirectionName": "South",
    "latitudeCrd": "38.88980967",
    "longitudeCrd": "-77.08778493",
    "statePlaneXCrd": "11884868.19625000",
    "statePlaneYCrd": "7010190.79312500",
    "handicapInd": false,
    "timeRestrictionDsc": "MON-SAT 8AM-6PM",
    "maxHoursCnt": "2.0",
    "meterTypeDsc": "Double",
    "dollarPerHourRate": "1.25",
    "activeStatusInd": true,
    "zoneSpaceCnt": "4.00",
    "metroAreaName": "Courthouse"
  },
  {
    "parkingTransactionKey": 60,
    "transactionSourceCode": "IPS",
    "meterId": "316N",
    "zoneNbr": "54469",
    "startDtm": "2015-12-31T13:53:59.000Z",
    "endDtm": "2015-12-31T14:37:32.000Z",
    "transactionAmt": "1.00",
    "paymentTypeName": "Credit Card",
    "transactionStatusCode": "Approved",
    "meterManufacturerName": "IPS",
    "blockNbr": 1400,
    "sourceStreetDisplayName": "N COURTHOUSE RD",
    "sideDirectionName": "North",
    "latitudeCrd": "38.89058628",
    "longitudeCrd": "-77.08463867",
    "statePlaneXCrd": "11885759.26625000",
    "statePlaneYCrd": "7010487.39375000",
    "handicapInd": true,
    "timeRestrictionDsc": "MON - FRI 8AM - 8PM, SAT 6AM - 12PM",
    "maxHoursCnt": "1.0",
    "meterTypeDsc": "Single",
    "dollarPerHourRate": "1.75",
    "activeStatusInd": false,
    "zoneSpaceCnt": "3.00",
    "metroAreaName": "Courthouse"
  },
  {
    "parkingTransactionKey": 73,
    "transactionSourceCode": "IPS",
    "meterId": "ULH1412N",
    "zoneNbr": "54408",
    "startDtm": "2015-12-31T13:23:53.000Z",
    "endDtm": "2015-12-31T13:59:53.000Z",
    "transactionAmt": "0.75",
    "paymentTypeName": "Coins",
    "transactionStatusCode": null,
    "meterManufacturerName": "IPS",
    "blockNbr": 1400,
    "sourceStreetDisplayName": "N UHLE ST",
    "sideDirectionName": "West",
    "latitudeCrd": "38.88985375",
    "longitudeCrd": "-77.08474623",
    "statePlaneXCrd": "11885732.76812500",
    "statePlaneYCrd": "7010220.16374999",
    "handicapInd": true,
    "timeRestrictionDsc": "MON - SAT 8AM - 8PM",
    "maxHoursCnt": "1.0",
    "meterTypeDsc": "Single",
    "dollarPerHourRate": "1.75",
    "activeStatusInd": false,
    "zoneSpaceCnt": "2.00",
    "metroAreaName": "Courthouse"
  },
  {
    "parkingTransactionKey": 91,
    "transactionSourceCode": "IPS",
    "meterId": "WIH3101N",
    "zoneNbr": "54307",
    "startDtm": "2015-12-31T12:18:35.000Z",
    "endDtm": "2015-12-31T13:31:51.000Z",
    "transactionAmt": "0.50",
    "paymentTypeName": "Coins",
    "transactionStatusCode": null,
    "meterManufacturerName": "IPS",
    "blockNbr": 3100,
    "sourceStreetDisplayName": "WILSON BLVD",
    "sideDirectionName": "North",
    "latitudeCrd": "38.88707055",
    "longitudeCrd": "-77.09563209",
    "statePlaneXCrd": "11882650.13937500",
    "statePlaneYCrd": "7009159.05625001",
    "handicapInd": true,
    "timeRestrictionDsc": "MON-SAT 8AM-6PM",
    "maxHoursCnt": "4.0",
    "meterTypeDsc": "Single",
    "dollarPerHourRate": "1.25",
    "activeStatusInd": true,
    "zoneSpaceCnt": "1.00",
    "metroAreaName": "Clarendon"
  },
  {
    "parkingTransactionKey": 112,
    "transactionSourceCode": "IPS",
    "meterId": "191108N",
    "zoneNbr": "54520",
    "startDtm": "2015-12-31T11:39:16.000Z",
    "endDtm": "2015-12-31T12:19:16.000Z",
    "transactionAmt": "1.00",
    "paymentTypeName": "Coins",
    "transactionStatusCode": null,
    "meterManufacturerName": "IPS",
    "blockNbr": 1100,
    "sourceStreetDisplayName": "19TH ST N",
    "sideDirectionName": "East",
    "latitudeCrd": "38.89699404",
    "longitudeCrd": "-77.07006334",
    "statePlaneXCrd": "11889871.03187500",
    "statePlaneYCrd": "7012885.11437500",
    "handicapInd": false,
    "timeRestrictionDsc": "MON-SAT 8AM-6PM",
    "maxHoursCnt": "4.0",
    "meterTypeDsc": "Double",
    "dollarPerHourRate": "1.25",
    "activeStatusInd": true,
    "zoneSpaceCnt": "5.00",
    "metroAreaName": "Rosslyn"
  },
  {
    "parkingTransactionKey": 130,
    "transactionSourceCode": "IPS",
    "meterId": "GMH1621N",
    "zoneNbr": "54593",
    "startDtm": "2015-12-31T09:45:12.000Z",
    "endDtm": "2015-12-31T10:55:09.000Z",
    "transactionAmt": "0.25",
    "paymentTypeName": "Coins",
    "transactionStatusCode": null,
    "meterManufacturerName": "IPS",
    "blockNbr": 1600,
    "sourceStreetDisplayName": "N GEORGE MASON DR",
    "sideDirectionName": "East",
    "latitudeCrd": "38.88851264",
    "longitudeCrd": "-77.12831895",
    "statePlaneXCrd": "11873339.15875000",
    "statePlaneYCrd": "7009543.53874999",
    "handicapInd": true,
    "timeRestrictionDsc": "MON - SAT 8AM - 8PM",
    "maxHoursCnt": "4.0",
    "meterTypeDsc": "Single",
    "dollarPerHourRate": "1.50",
    "activeStatusInd": false,
    "zoneSpaceCnt": "1.00",
    "metroAreaName": "Virginia Hospital"
  },
  {
    "parkingTransactionKey": 228,
    "transactionSourceCode": "IPS",
    "meterId": "CAH4102S",
    "zoneNbr": "54703",
    "startDtm": "2016-12-31T15:13:19.000Z",
    "endDtm": "2016-12-31T16:13:19.000Z",
    "transactionAmt": "1.50",
    "paymentTypeName": "Coins",
    "transactionStatusCode": null,
    "meterManufacturerName": "IPS",
    "blockNbr": 4100,
    "sourceStreetDisplayName": "CAMPBELL AVE",
    "sideDirectionName": "North",
    "latitudeCrd": "38.84084040",
    "longitudeCrd": "-77.08954221",
    "statePlaneXCrd": "11884642.07062500",
    "statePlaneYCrd": "6992350.62750000",
    "handicapInd": true,
    "timeRestrictionDsc": "MON - SAT 8AM - 8PM",
    "maxHoursCnt": "4.0",
    "meterTypeDsc": "Single",
    "dollarPerHourRate": "1.50",
    "activeStatusInd": false,
    "zoneSpaceCnt": "1.00",
    "metroAreaName": "Shirlington"
  },
  {
    "parkingTransactionKey": 240,
    "transactionSourceCode": "IPS",
    "meterId": "RAH2700S",
    "zoneNbr": "54322",
    "startDtm": "2016-12-31T14:56:07.000Z",
    "endDtm": "2016-12-31T16:56:07.000Z",
    "transactionAmt": "3.00",
    "paymentTypeName": "Credit Card",
    "transactionStatusCode": "Approved",
    "meterManufacturerName": "IPS",
    "blockNbr": 2700,
    "sourceStreetDisplayName": "S RANDOLPH ST",
    "sideDirectionName": "West",
    "latitudeCrd": "38.84111999",
    "longitudeCrd": "-77.08882814",
    "statePlaneXCrd": "11884843.87062500",
    "statePlaneYCrd": "6992455.56999999",
    "handicapInd": true,
    "timeRestrictionDsc": "MON - SAT 8AM - 8PM",
    "maxHoursCnt": "4.0",
    "meterTypeDsc": "Single",
    "dollarPerHourRate": "1.50",
    "activeStatusInd": false,
    "zoneSpaceCnt": "1.00",
    "metroAreaName": "Shirlington"
  },
  {
    "parkingTransactionKey": 249,
    "transactionSourceCode": "IPS",
    "meterId": "CR2108S",
    "zoneNbr": "54066",
    "startDtm": "2016-12-31T14:37:37.000Z",
    "endDtm": "2016-12-31T16:37:37.000Z",
    "transactionAmt": "3.00",
    "paymentTypeName": "Credit Card",
    "transactionStatusCode": "Approved",
    "meterManufacturerName": "POM",
    "blockNbr": 2100,
    "sourceStreetDisplayName": "CRYSTAL DR",
    "sideDirectionName": "West",
    "latitudeCrd": "38.85534367",
    "longitudeCrd": "-77.04948442",
    "statePlaneXCrd": "11895966.88437500",
    "statePlaneYCrd": "6997809.80875000",
    "handicapInd": false,
    "timeRestrictionDsc": "MON-FRI 8AM-6PM",
    "maxHoursCnt": "2.0",
    "meterTypeDsc": "Double",
    "dollarPerHourRate": "1.25",
    "activeStatusInd": true,
    "zoneSpaceCnt": "6.00",
    "metroAreaName": "Crystal City"
  },
  {
    "parkingTransactionKey": 271,
    "transactionSourceCode": "IPS",
    "meterId": "23504S",
    "zoneNbr": "54072",
    "startDtm": "2016-12-31T14:16:13.000Z",
    "endDtm": "2016-12-31T15:13:18.000Z",
    "transactionAmt": "0.10",
    "paymentTypeName": "Coins",
    "transactionStatusCode": null,
    "meterManufacturerName": "IPS",
    "blockNbr": 500,
    "sourceStreetDisplayName": "23RD ST S",
    "sideDirectionName": "South",
    "latitudeCrd": "38.85330584",
    "longitudeCrd": "-77.05414778",
    "statePlaneXCrd": "11894650.74125000",
    "statePlaneYCrd": "6997046.77937500",
    "handicapInd": false,
    "timeRestrictionDsc": "MON - SAT 8AM - 8PM",
    "maxHoursCnt": "2.0",
    "meterTypeDsc": "Single",
    "dollarPerHourRate": "1.75",
    "activeStatusInd": false,
    "zoneSpaceCnt": "11.00",
    "metroAreaName": "Crystal City"
  },
  {
    "parkingTransactionKey": 132,
    "transactionSourceCode": "IPS",
    "meterId": "GMH1621N",
    "zoneNbr": "54593",
    "startDtm": "2015-12-31T09:44:48.000Z",
    "endDtm": "2015-12-31T10:05:09.000Z",
    "transactionAmt": "0.50",
    "paymentTypeName": "Coins",
    "transactionStatusCode": null,
    "meterManufacturerName": "IPS",
    "blockNbr": 1600,
    "sourceStreetDisplayName": "N GEORGE MASON DR",
    "sideDirectionName": "East",
    "latitudeCrd": "38.88851264",
    "longitudeCrd": "-77.12831895",
    "statePlaneXCrd": "11873339.15875000",
    "statePlaneYCrd": "7009543.53874999",
    "handicapInd": true,
    "timeRestrictionDsc": "MON - SAT 8AM - 8PM",
    "maxHoursCnt": "4.0",
    "meterTypeDsc": "Single",
    "dollarPerHourRate": "1.50",
    "activeStatusInd": false,
    "zoneSpaceCnt": "1.00",
    "metroAreaName": "Virginia Hospital"
  },
  {
    "parkingTransactionKey": 141,
    "transactionSourceCode": "IPS",
    "meterId": "317N",
    "zoneNbr": "54469",
    "startDtm": "2015-12-31T08:21:37.000Z",
    "endDtm": "2015-12-31T08:39:37.000Z",
    "transactionAmt": "0.45",
    "paymentTypeName": "Coins",
    "transactionStatusCode": null,
    "meterManufacturerName": "IPS",
    "blockNbr": 1400,
    "sourceStreetDisplayName": "N COURTHOUSE RD",
    "sideDirectionName": "North",
    "latitudeCrd": "38.89058732",
    "longitudeCrd": "-77.08467526",
    "statePlaneXCrd": "11885748.84937500",
    "statePlaneYCrd": "7010487.61062500",
    "handicapInd": true,
    "timeRestrictionDsc": "MON - FRI 8AM - 8PM, SAT 6AM - 12PM",
    "maxHoursCnt": "1.0",
    "meterTypeDsc": "Single",
    "dollarPerHourRate": "1.75",
    "activeStatusInd": false,
    "zoneSpaceCnt": "3.00",
    "metroAreaName": "Courthouse"
  },
  {
    "parkingTransactionKey": 170,
    "transactionSourceCode": "IPS",
    "meterId": "CB2504N",
    "zoneNbr": "54439",
    "startDtm": "2016-12-31T17:28:51.000Z",
    "endDtm": "2016-12-31T18:00:01.000Z",
    "transactionAmt": "0.10",
    "paymentTypeName": "Coins",
    "transactionStatusCode": null,
    "meterManufacturerName": "MacKay",
    "blockNbr": 2500,
    "sourceStreetDisplayName": "CLARENDON BLVD",
    "sideDirectionName": "South",
    "latitudeCrd": "38.88919241",
    "longitudeCrd": "-77.08933184",
    "statePlaneXCrd": "11884431.39750000",
    "statePlaneYCrd": "7009959.24312501",
    "handicapInd": false,
    "timeRestrictionDsc": "MON-SAT 8AM-6PM",
    "maxHoursCnt": "2.0",
    "meterTypeDsc": "Single",
    "dollarPerHourRate": "1.25",
    "activeStatusInd": true,
    "zoneSpaceCnt": "3.00",
    "metroAreaName": "Courthouse"
  },
  {
    "parkingTransactionKey": 195,
    "transactionSourceCode": "IPS",
    "meterId": "Spares (Arlington VA)",
    "zoneNbr": null,
    "startDtm": "2016-12-31T16:53:46.000Z",
    "endDtm": "2016-12-31T17:33:46.000Z",
    "transactionAmt": "0.50",
    "paymentTypeName": "Coins",
    "transactionStatusCode": null,
    "meterManufacturerName": null,
    "blockNbr": null,
    "sourceStreetDisplayName": null,
    "sideDirectionName": null,
    "latitudeCrd": null,
    "longitudeCrd": null,
    "statePlaneXCrd": null,
    "statePlaneYCrd": null,
    "handicapInd": null,
    "timeRestrictionDsc": null,
    "maxHoursCnt": null,
    "meterTypeDsc": null,
    "dollarPerHourRate": null,
    "activeStatusInd": false,
    "zoneSpaceCnt": null,
    "metroAreaName": null
  },
  {
    "parkingTransactionKey": 225,
    "transactionSourceCode": "IPS",
    "meterId": "HI1103N",
    "zoneNbr": "54251",
    "startDtm": "2016-12-31T15:23:47.000Z",
    "endDtm": "2016-12-31T15:43:47.000Z",
    "transactionAmt": "0.50",
    "paymentTypeName": "Coins",
    "transactionStatusCode": null,
    "meterManufacturerName": "IPS",
    "blockNbr": 1100,
    "sourceStreetDisplayName": "N HIGHLAND ST",
    "sideDirectionName": "East",
    "latitudeCrd": "38.88591789",
    "longitudeCrd": "-77.09472341",
    "statePlaneXCrd": "11882915.18750000",
    "statePlaneYCrd": "7008743.26312500",
    "handicapInd": false,
    "timeRestrictionDsc": "MON - SAT 8AM - 8PM",
    "maxHoursCnt": "2.0",
    "meterTypeDsc": "Single",
    "dollarPerHourRate": "1.75",
    "activeStatusInd": false,
    "zoneSpaceCnt": "8.00",
    "metroAreaName": "Clarendon"
  },
  {
    "parkingTransactionKey": 230,
    "transactionSourceCode": "IPS",
    "meterId": "CLA2603S",
    "zoneNbr": "54037",
    "startDtm": "2016-12-31T15:12:11.000Z",
    "endDtm": "2016-12-31T15:22:11.000Z",
    "transactionAmt": "0.25",
    "paymentTypeName": "Coins",
    "transactionStatusCode": null,
    "meterManufacturerName": "POM",
    "blockNbr": 2600,
    "sourceStreetDisplayName": "S CLARK ST",
    "sideDirectionName": "East",
    "latitudeCrd": "38.85042650",
    "longitudeCrd": "-77.05184554",
    "statePlaneXCrd": "11895322.83500000",
    "statePlaneYCrd": "6996008.59125000",
    "handicapInd": false,
    "timeRestrictionDsc": "MON-SAT 8AM-6PM",
    "maxHoursCnt": "2.0",
    "meterTypeDsc": "Double",
    "dollarPerHourRate": "1.25",
    "activeStatusInd": true,
    "zoneSpaceCnt": "12.00",
    "metroAreaName": "Crystal City"
  },
  {
    "parkingTransactionKey": 259,
    "transactionSourceCode": "IPS",
    "meterId": "CRH1700S",
    "zoneNbr": "54688",
    "startDtm": "2016-12-31T14:31:27.000Z",
    "endDtm": "2016-12-31T14:57:15.000Z",
    "transactionAmt": "0.10",
    "paymentTypeName": "Coins",
    "transactionStatusCode": null,
    "meterManufacturerName": "IPS",
    "blockNbr": 1700,
    "sourceStreetDisplayName": "CRYSTAL DR",
    "sideDirectionName": "West",
    "latitudeCrd": "38.85829174",
    "longitudeCrd": "-77.04929791",
    "statePlaneXCrd": "11896003.02375000",
    "statePlaneYCrd": "6998884.19875000",
    "handicapInd": true,
    "timeRestrictionDsc": "MON - SAT 8AM - 8PM",
    "maxHoursCnt": "4.0",
    "meterTypeDsc": "Single",
    "dollarPerHourRate": "1.50",
    "activeStatusInd": false,
    "zoneSpaceCnt": "1.00",
    "metroAreaName": "CRYSTAL CITY"
  },
  {
    "parkingTransactionKey": 266,
    "transactionSourceCode": "IPS",
    "meterId": "CB2406N",
    "zoneNbr": "54441",
    "startDtm": "2016-12-31T14:21:22.000Z",
    "endDtm": "2016-12-31T14:41:22.000Z",
    "transactionAmt": "0.50",
    "paymentTypeName": "Coins",
    "transactionStatusCode": null,
    "meterManufacturerName": "IPS",
    "blockNbr": 2400,
    "sourceStreetDisplayName": "CLARENDON BLVD",
    "sideDirectionName": "South",
    "latitudeCrd": "38.88964198",
    "longitudeCrd": "-77.08819931",
    "statePlaneXCrd": "11884751.20187500",
    "statePlaneYCrd": "7010127.91249999",
    "handicapInd": false,
    "timeRestrictionDsc": "MON-SAT 8AM-6PM",
    "maxHoursCnt": "2.0",
    "meterTypeDsc": "Single",
    "dollarPerHourRate": "1.25",
    "activeStatusInd": true,
    "zoneSpaceCnt": "4.00",
    "metroAreaName": "Courthouse"
  },
  {
    "parkingTransactionKey": 281,
    "transactionSourceCode": "IPS",
    "meterId": "AD905S",
    "zoneNbr": "54669",
    "startDtm": "2016-12-31T13:56:48.000Z",
    "endDtm": "2016-12-31T13:56:48.000Z",
    "transactionAmt": "0.50",
    "paymentTypeName": "Coins",
    "transactionStatusCode": null,
    "meterManufacturerName": "IPS",
    "blockNbr": 900,
    "sourceStreetDisplayName": "S ADAMS ST",
    "sideDirectionName": "West",
    "latitudeCrd": "38.86399214",
    "longitudeCrd": "-77.08347786",
    "statePlaneXCrd": "11886239.07562500",
    "statePlaneYCrd": "7000808.04187500",
    "handicapInd": false,
    "timeRestrictionDsc": "MON - SAT 8AM - 8PM",
    "maxHoursCnt": "2.0",
    "meterTypeDsc": "Double",
    "dollarPerHourRate": "1.75",
    "activeStatusInd": false,
    "zoneSpaceCnt": "2.00",
    "metroAreaName": "Columbia Pike"
  },
  {
    "parkingTransactionKey": 291,
    "transactionSourceCode": "IPS",
    "meterId": "ELH1203S",
    "zoneNbr": "54664",
    "startDtm": "2016-12-31T13:48:44.000Z",
    "endDtm": "2016-12-31T14:08:44.000Z",
    "transactionAmt": "0.50",
    "paymentTypeName": "Coins",
    "transactionStatusCode": null,
    "meterManufacturerName": "IPS",
    "blockNbr": 1200,
    "sourceStreetDisplayName": "S ELM ST",
    "sideDirectionName": "East",
    "latitudeCrd": "38.86212107",
    "longitudeCrd": "-77.05545411",
    "statePlaneXCrd": "11894228.25312500",
    "statePlaneYCrd": "7000251.02124999",
    "handicapInd": true,
    "timeRestrictionDsc": "MON - SAT 8AM - 8PM",
    "maxHoursCnt": "4.0",
    "meterTypeDsc": "Double",
    "dollarPerHourRate": "1.50",
    "activeStatusInd": false,
    "zoneSpaceCnt": "4.00",
    "metroAreaName": "Pentagon City"
  },
  {
    "parkingTransactionKey": 295,
    "transactionSourceCode": "IPS",
    "meterId": "CLAH2310S",
    "zoneNbr": "54061",
    "startDtm": "2016-12-31T13:48:03.000Z",
    "endDtm": "2016-12-31T13:58:03.000Z",
    "transactionAmt": "0.25",
    "paymentTypeName": "Coins",
    "transactionStatusCode": null,
    "meterManufacturerName": "IPS",
    "blockNbr": 2300,
    "sourceStreetDisplayName": "S CLARK ST",
    "sideDirectionName": "West",
    "latitudeCrd": "38.85270628",
    "longitudeCrd": "-77.05210596",
    "statePlaneXCrd": "11895235.58437500",
    "statePlaneYCrd": "6996837.61187500",
    "handicapInd": false,
    "timeRestrictionDsc": "MON - SAT 8AM - 8PM",
    "maxHoursCnt": "4.0",
    "meterTypeDsc": "Single",
    "dollarPerHourRate": "1.50",
    "activeStatusInd": false,
    "zoneSpaceCnt": "4.00",
    "metroAreaName": "Crystal City"
  },
  {
    "parkingTransactionKey": 310,
    "transactionSourceCode": "IPS",
    "meterId": "JO1323S",
    "zoneNbr": "54377",
    "startDtm": "2016-12-31T13:33:09.000Z",
    "endDtm": "2016-12-31T13:53:07.000Z",
    "transactionAmt": "0.25",
    "paymentTypeName": "Coins",
    "transactionStatusCode": null,
    "meterManufacturerName": "POM",
    "blockNbr": 1300,
    "sourceStreetDisplayName": "S JOYCE ST",
    "sideDirectionName": "East",
    "latitudeCrd": "38.86299261",
    "longitudeCrd": "-77.06349297",
    "statePlaneXCrd": "11891934.54187500",
    "statePlaneYCrd": "7000532.47750001",
    "handicapInd": false,
    "timeRestrictionDsc": "MON-SAT 8AM-6PM",
    "maxHoursCnt": "30.0",
    "meterTypeDsc": "Single",
    "dollarPerHourRate": "1.25",
    "activeStatusInd": true,
    "zoneSpaceCnt": "2.00",
    "metroAreaName": "Pentagon City"
  },
  {
    "parkingTransactionKey": 317,
    "transactionSourceCode": "IPS",
    "meterId": "AD905S",
    "zoneNbr": "54669",
    "startDtm": "2016-12-31T13:26:31.000Z",
    "endDtm": "2016-12-31T13:26:31.000Z",
    "transactionAmt": "0.25",
    "paymentTypeName": "Coins",
    "transactionStatusCode": null,
    "meterManufacturerName": "IPS",
    "blockNbr": 900,
    "sourceStreetDisplayName": "S ADAMS ST",
    "sideDirectionName": "West",
    "latitudeCrd": "38.86399214",
    "longitudeCrd": "-77.08347786",
    "statePlaneXCrd": "11886239.07562500",
    "statePlaneYCrd": "7000808.04187500",
    "handicapInd": false,
    "timeRestrictionDsc": "MON - SAT 8AM - 8PM",
    "maxHoursCnt": "2.0",
    "meterTypeDsc": "Double",
    "dollarPerHourRate": "1.75",
    "activeStatusInd": false,
    "zoneSpaceCnt": "2.00",
    "metroAreaName": "Columbia Pike"
  },
  {
    "parkingTransactionKey": 329,
    "transactionSourceCode": "IPS",
    "meterId": "GAH1200N",
    "zoneNbr": "54690",
    "startDtm": "2016-12-31T13:15:17.000Z",
    "endDtm": "2016-12-31T14:35:17.000Z",
    "transactionAmt": "2.00",
    "paymentTypeName": "Coins",
    "transactionStatusCode": null,
    "meterManufacturerName": "IPS",
    "blockNbr": 1200,
    "sourceStreetDisplayName": "N GARFIELD ST",
    "sideDirectionName": "East",
    "latitudeCrd": "38.88726493",
    "longitudeCrd": "-77.09391335",
    "statePlaneXCrd": "11883138.22937500",
    "statePlaneYCrd": "7009237.32937500",
    "handicapInd": true,
    "timeRestrictionDsc": "MON-SAT 8AM-6PM",
    "maxHoursCnt": "4.0",
    "meterTypeDsc": "Single",
    "dollarPerHourRate": "1.50",
    "activeStatusInd": false,
    "zoneSpaceCnt": "1.00",
    "metroAreaName": "Clarendon"
  },
  {
    "parkingTransactionKey": 353,
    "transactionSourceCode": "IPS",
    "meterId": "SU800N",
    "zoneNbr": "54122",
    "startDtm": "2016-12-31T12:35:02.000Z",
    "endDtm": "2016-12-31T13:35:02.000Z",
    "transactionAmt": "0.25",
    "paymentTypeName": "Coins",
    "transactionStatusCode": null,
    "meterManufacturerName": "POM",
    "blockNbr": 800,
    "sourceStreetDisplayName": "N STUART ST",
    "sideDirectionName": "East",
    "latitudeCrd": "38.88033327",
    "longitudeCrd": "-77.11167623",
    "statePlaneXCrd": "11878120.86750000",
    "statePlaneYCrd": "7006636.14875001",
    "handicapInd": false,
    "timeRestrictionDsc": "MON-SAT 8AM-6PM",
    "maxHoursCnt": "1.0",
    "meterTypeDsc": "Double",
    "dollarPerHourRate": "1.25",
    "activeStatusInd": false,
    "zoneSpaceCnt": "1.00",
    "metroAreaName": "Ballston"
  },
  {
    "parkingTransactionKey": 362,
    "transactionSourceCode": "IPS",
    "meterId": "23H704S",
    "zoneNbr": "54324",
    "startDtm": "2016-12-31T12:25:09.000Z",
    "endDtm": "2016-12-31T14:25:09.000Z",
    "transactionAmt": "3.00",
    "paymentTypeName": "Credit Card",
    "transactionStatusCode": "Approved",
    "meterManufacturerName": "IPS",
    "blockNbr": 700,
    "sourceStreetDisplayName": "23RD ST S",
    "sideDirectionName": "South",
    "latitudeCrd": "38.85322556",
    "longitudeCrd": "-77.05900538",
    "statePlaneXCrd": "11893268.02312500",
    "statePlaneYCrd": "6996995.79500000",
    "handicapInd": true,
    "timeRestrictionDsc": "MON - SAT 8AM - 8PM",
    "maxHoursCnt": "4.0",
    "meterTypeDsc": "Single",
    "dollarPerHourRate": "1.75",
    "activeStatusInd": false,
    "zoneSpaceCnt": "1.00",
    "metroAreaName": "Crystal City"
  },
  {
    "parkingTransactionKey": 373,
    "transactionSourceCode": "IPS",
    "meterId": "Ga903N",
    "zoneNbr": "54256",
    "startDtm": "2016-12-31T11:59:36.000Z",
    "endDtm": "2016-12-31T13:59:36.000Z",
    "transactionAmt": "3.00",
    "paymentTypeName": "Credit Card",
    "transactionStatusCode": "Approved",
    "meterManufacturerName": "MacKay",
    "blockNbr": 900,
    "sourceStreetDisplayName": "N GARFIELD ST",
    "sideDirectionName": "West",
    "latitudeCrd": "38.88416808",
    "longitudeCrd": "-77.09361362",
    "statePlaneXCrd": "11883240.81500000",
    "statePlaneYCrd": "7008110.88937500",
    "handicapInd": false,
    "timeRestrictionDsc": "MON-SAT 8AM-6PM",
    "maxHoursCnt": "4.0",
    "meterTypeDsc": "Single",
    "dollarPerHourRate": "1.25",
    "activeStatusInd": false,
    "zoneSpaceCnt": "3.00",
    "metroAreaName": "Clarendon"
  },
  {
    "parkingTransactionKey": 382,
    "transactionSourceCode": "IPS",
    "meterId": "CB2402N",
    "zoneNbr": "54441",
    "startDtm": "2016-12-31T11:40:18.000Z",
    "endDtm": "2016-12-31T13:40:18.000Z",
    "transactionAmt": "3.00",
    "paymentTypeName": "Credit Card",
    "transactionStatusCode": "Approved",
    "meterManufacturerName": "MacKay",
    "blockNbr": 2400,
    "sourceStreetDisplayName": "CLARENDON BLVD",
    "sideDirectionName": "South",
    "latitudeCrd": "38.88979256",
    "longitudeCrd": "-77.08781182",
    "statePlaneXCrd": "11884860.63875000",
    "statePlaneYCrd": "7010184.44437499",
    "handicapInd": false,
    "timeRestrictionDsc": "MON-SAT 8AM-6PM",
    "maxHoursCnt": "2.0",
    "meterTypeDsc": "Double",
    "dollarPerHourRate": "1.25",
    "activeStatusInd": true,
    "zoneSpaceCnt": "4.00",
    "metroAreaName": "Courthouse"
  },
  {
    "parkingTransactionKey": 389,
    "transactionSourceCode": "IPS",
    "meterId": "H149N",
    "zoneNbr": "54118",
    "startDtm": "2016-12-31T11:33:56.000Z",
    "endDtm": "2016-12-31T12:13:47.000Z",
    "transactionAmt": "0.50",
    "paymentTypeName": "Coins",
    "transactionStatusCode": null,
    "meterManufacturerName": "IPS",
    "blockNbr": 4200,
    "sourceStreetDisplayName": "WILSON BLVD",
    "sideDirectionName": "East",
    "latitudeCrd": "38.87933459",
    "longitudeCrd": "-77.11227052",
    "statePlaneXCrd": "11877957.20562500",
    "statePlaneYCrd": "7006269.91500001",
    "handicapInd": true,
    "timeRestrictionDsc": "MON - SAT 8AM - 8PM",
    "maxHoursCnt": "4.0",
    "meterTypeDsc": "Single",
    "dollarPerHourRate": "1.50",
    "activeStatusInd": false,
    "zoneSpaceCnt": "2.00",
    "metroAreaName": "Ballston"
  },
  {
    "parkingTransactionKey": 407,
    "transactionSourceCode": "IPS",
    "meterId": "CLA2601S",
    "zoneNbr": "54037",
    "startDtm": "2016-12-31T11:06:20.000Z",
    "endDtm": "2016-12-31T12:07:43.000Z",
    "transactionAmt": "0.10",
    "paymentTypeName": "Coins",
    "transactionStatusCode": null,
    "meterManufacturerName": "POM",
    "blockNbr": 2600,
    "sourceStreetDisplayName": "S CLARK ST",
    "sideDirectionName": "East",
    "latitudeCrd": "38.85044167",
    "longitudeCrd": "-77.05183772",
    "statePlaneXCrd": "11895324.97312500",
    "statePlaneYCrd": "6996014.15125000",
    "handicapInd": false,
    "timeRestrictionDsc": "MON-SAT 8AM-6PM",
    "maxHoursCnt": "2.0",
    "meterTypeDsc": "Double",
    "dollarPerHourRate": "1.25",
    "activeStatusInd": true,
    "zoneSpaceCnt": "12.00",
    "metroAreaName": "Crystal City"
  },
  {
    "parkingTransactionKey": 414,
    "transactionSourceCode": "IPS",
    "meterId": "9H4114N",
    "zoneNbr": "54327",
    "startDtm": "2016-12-31T10:53:26.000Z",
    "endDtm": "2016-12-31T11:03:26.000Z",
    "transactionAmt": "0.25",
    "paymentTypeName": "Coins",
    "transactionStatusCode": null,
    "meterManufacturerName": "IPS",
    "blockNbr": 4100,
    "sourceStreetDisplayName": "9TH ST N",
    "sideDirectionName": "East",
    "latitudeCrd": "38.88098324",
    "longitudeCrd": "-77.11056471",
    "statePlaneXCrd": "11878433.66812500",
    "statePlaneYCrd": "7006877.62812500",
    "handicapInd": true,
    "timeRestrictionDsc": "MON-SAT 8AM-6PM",
    "maxHoursCnt": "2.0",
    "meterTypeDsc": "Double",
    "dollarPerHourRate": "1.25",
    "activeStatusInd": true,
    "zoneSpaceCnt": "1.00",
    "metroAreaName": "Ballston"
  },
  {
    "parkingTransactionKey": 425,
    "transactionSourceCode": "IPS",
    "meterId": "HI1103N",
    "zoneNbr": "54251",
    "startDtm": "2016-12-31T10:40:59.000Z",
    "endDtm": "2016-12-31T10:50:59.000Z",
    "transactionAmt": "0.25",
    "paymentTypeName": "Coins",
    "transactionStatusCode": null,
    "meterManufacturerName": "IPS",
    "blockNbr": 1100,
    "sourceStreetDisplayName": "N HIGHLAND ST",
    "sideDirectionName": "East",
    "latitudeCrd": "38.88591789",
    "longitudeCrd": "-77.09472341",
    "statePlaneXCrd": "11882915.18750000",
    "statePlaneYCrd": "7008743.26312500",
    "handicapInd": false,
    "timeRestrictionDsc": "MON - SAT 8AM - 8PM",
    "maxHoursCnt": "2.0",
    "meterTypeDsc": "Single",
    "dollarPerHourRate": "1.75",
    "activeStatusInd": false,
    "zoneSpaceCnt": "8.00",
    "metroAreaName": "Clarendon"
  }
]
[2022-12-27 20:15:56,543] {taskinstance.py:1400} INFO - Marking task as SUCCESS. dag_id=parking_pipeline, task_id=extract_user, execution_date=20221227T201352, start_date=20221227T201556, end_date=20221227T201556
[2022-12-27 20:15:56,564] {local_task_job.py:156} INFO - Task exited with return code 0
[2022-12-27 20:15:56,595] {local_task_job.py:273} INFO - 1 downstream tasks scheduled from follow-on schedule check
