[2022-12-27 23:29:00,958] {taskinstance.py:1159} INFO - Dependencies all met for <TaskInstance: parking_pipeline.is_api_available manual__2022-12-27T23:28:59.928778+00:00 [queued]>
[2022-12-27 23:29:00,968] {taskinstance.py:1159} INFO - Dependencies all met for <TaskInstance: parking_pipeline.is_api_available manual__2022-12-27T23:28:59.928778+00:00 [queued]>
[2022-12-27 23:29:00,969] {taskinstance.py:1356} INFO - 
--------------------------------------------------------------------------------
[2022-12-27 23:29:00,970] {taskinstance.py:1357} INFO - Starting attempt 1 of 2
[2022-12-27 23:29:00,971] {taskinstance.py:1358} INFO - 
--------------------------------------------------------------------------------
[2022-12-27 23:29:00,983] {taskinstance.py:1377} INFO - Executing <Task(HttpSensor): is_api_available> on 2022-12-27 23:28:59.928778+00:00
[2022-12-27 23:29:00,990] {standard_task_runner.py:52} INFO - Started process 14236 to run task
[2022-12-27 23:29:00,996] {standard_task_runner.py:79} INFO - Running: ['***', 'tasks', 'run', 'parking_pipeline', 'is_api_available', 'manual__2022-12-27T23:28:59.928778+00:00', '--job-id', '753', '--raw', '--subdir', 'DAGS_FOLDER/parking_dag.py', '--cfg-path', '/tmp/tmpuny8cj5z', '--error-file', '/tmp/tmpvgm0d1tq']
[2022-12-27 23:29:00,997] {standard_task_runner.py:80} INFO - Job 753: Subtask is_api_available
[2022-12-27 23:29:01,077] {task_command.py:369} INFO - Running <TaskInstance: parking_pipeline.is_api_available manual__2022-12-27T23:28:59.928778+00:00 [running]> on host 8fbeee8d3d5a
[2022-12-27 23:29:01,154] {taskinstance.py:1571} INFO - Exporting the following env vars:
AIRFLOW_CTX_DAG_OWNER=Airflow
AIRFLOW_CTX_DAG_ID=parking_pipeline
AIRFLOW_CTX_TASK_ID=is_api_available
AIRFLOW_CTX_EXECUTION_DATE=2022-12-27T23:28:59.928778+00:00
AIRFLOW_CTX_TRY_NUMBER=1
AIRFLOW_CTX_DAG_RUN_ID=manual__2022-12-27T23:28:59.928778+00:00
[2022-12-27 23:29:01,156] {http.py:97} INFO - Poking: 
[2022-12-27 23:29:01,167] {base.py:68} INFO - Using connection ID 'is_api_available' for task execution.
[2022-12-27 23:29:01,170] {http.py:129} INFO - Sending 'GET' to url: https://datahub-v2.arlingtonva.us/api/ParkingMeter/ParkingTransactions
[2022-12-27 23:29:01,317] {base.py:301} INFO - Success criteria met. Exiting.
[2022-12-27 23:29:01,334] {taskinstance.py:1400} INFO - Marking task as SUCCESS. dag_id=parking_pipeline, task_id=is_api_available, execution_date=20221227T232859, start_date=20221227T232900, end_date=20221227T232901
[2022-12-27 23:29:01,369] {local_task_job.py:156} INFO - Task exited with return code 0
[2022-12-27 23:29:01,422] {local_task_job.py:273} INFO - 1 downstream tasks scheduled from follow-on schedule check
