[2022-12-27 22:32:26,128] {taskinstance.py:1159} INFO - Dependencies all met for <TaskInstance: parking_pipeline.transform_data scheduled__2022-12-27T22:30:21.175310+00:00 [queued]>
[2022-12-27 22:32:26,135] {taskinstance.py:1159} INFO - Dependencies all met for <TaskInstance: parking_pipeline.transform_data scheduled__2022-12-27T22:30:21.175310+00:00 [queued]>
[2022-12-27 22:32:26,136] {taskinstance.py:1356} INFO - 
--------------------------------------------------------------------------------
[2022-12-27 22:32:26,137] {taskinstance.py:1357} INFO - Starting attempt 1 of 2
[2022-12-27 22:32:26,137] {taskinstance.py:1358} INFO - 
--------------------------------------------------------------------------------
[2022-12-27 22:32:26,147] {taskinstance.py:1377} INFO - Executing <Task(PythonOperator): transform_data> on 2022-12-27 22:30:21.175310+00:00
[2022-12-27 22:32:26,154] {standard_task_runner.py:52} INFO - Started process 11737 to run task
[2022-12-27 22:32:26,160] {standard_task_runner.py:79} INFO - Running: ['***', 'tasks', 'run', 'parking_pipeline', 'transform_data', 'scheduled__2022-12-27T22:30:21.175310+00:00', '--job-id', '677', '--raw', '--subdir', 'DAGS_FOLDER/parking_dag.py', '--cfg-path', '/tmp/tmpbnc6tdbx', '--error-file', '/tmp/tmpemhdbiz9']
[2022-12-27 22:32:26,161] {standard_task_runner.py:80} INFO - Job 677: Subtask transform_data
[2022-12-27 22:32:26,244] {task_command.py:369} INFO - Running <TaskInstance: parking_pipeline.transform_data scheduled__2022-12-27T22:30:21.175310+00:00 [running]> on host 8fbeee8d3d5a
[2022-12-27 22:32:26,308] {taskinstance.py:1571} INFO - Exporting the following env vars:
AIRFLOW_CTX_DAG_OWNER=Airflow
AIRFLOW_CTX_DAG_ID=parking_pipeline
AIRFLOW_CTX_TASK_ID=transform_data
AIRFLOW_CTX_EXECUTION_DATE=2022-12-27T22:30:21.175310+00:00
AIRFLOW_CTX_TRY_NUMBER=1
AIRFLOW_CTX_DAG_RUN_ID=scheduled__2022-12-27T22:30:21.175310+00:00
[2022-12-27 22:32:26,343] {python.py:173} INFO - Done. Returned value was: None
[2022-12-27 22:32:26,356] {taskinstance.py:1400} INFO - Marking task as SUCCESS. dag_id=parking_pipeline, task_id=transform_data, execution_date=20221227T223021, start_date=20221227T223226, end_date=20221227T223226
[2022-12-27 22:32:26,416] {local_task_job.py:156} INFO - Task exited with return code 0
[2022-12-27 22:32:26,448] {local_task_job.py:273} INFO - 0 downstream tasks scheduled from follow-on schedule check
